[2024-04-18 19:59:37,183][func.train][INFO] - Dist info:
[2024-04-18 19:59:37,184][func.train][INFO] - torch version: 2.2.2+cu121
[2024-04-18 19:59:37,184][func.train][INFO] - torchvision version: 0.17.2+cu121
[2024-04-18 19:59:37,184][func.train][INFO] - hydra version: 1.3.2
[2024-04-18 19:59:37,188][func.train][INFO] - Loading data
[2024-04-18 19:59:37,188][func.train][INFO] - Loading datasets
[2024-04-18 19:59:38,902][func.train][INFO] - [DATASET] ALL loaded dataframe in 0m 2s
[2024-04-18 19:59:38,902][func.train][INFO] - [DATASET] ALL loaded dataframe: (4612530, 11)
[2024-04-18 19:59:39,449][func.train][INFO] - [DATASET] params: {'debug': False, 'dataset_name': 'cholec80', 'reduc_feats_folder': 'train_targets_x_mp/', 'num_classes': 7, 'feats_dim': 64, 'num_next_labels': 6, 'last_seg_class': 7, 'predict_next_phase': True, 'get_target_feats': False, 'replace_current_with_next_class': False}
[2024-04-18 19:59:42,043][func.train][INFO] - [DATASET] train size: 2157640
[2024-04-18 19:59:42,043][func.train][INFO] - [DATASET] train video_indices: [1, 2, 3, 4, 5, 6, 7, 8, 9, 10, 11, 12, 13, 14, 15, 16, 17, 18, 19, 20, 21, 22, 23, 24, 25, 26, 27, 28, 29, 30, 31, 32, 33, 34, 35, 36, 37, 38, 39, 40]
[2024-04-18 19:59:48,422][func.train][INFO] - [DATASET] test size: 77576
[2024-04-18 19:59:48,423][func.train][INFO] - [DATASET] test video_indices: [41]
[2024-04-18 19:59:50,148][func.train][INFO] - [DATASET] test size: 92801
[2024-04-18 19:59:50,148][func.train][INFO] - [DATASET] test video_indices: [42]
[2024-04-18 19:59:51,872][func.train][INFO] - [DATASET] test size: 59051
[2024-04-18 19:59:51,873][func.train][INFO] - [DATASET] test video_indices: [43]
[2024-04-18 19:59:53,673][func.train][INFO] - [DATASET] test size: 78176
[2024-04-18 19:59:53,673][func.train][INFO] - [DATASET] test video_indices: [44]
[2024-04-18 19:59:55,366][func.train][INFO] - [DATASET] test size: 84676
[2024-04-18 19:59:55,366][func.train][INFO] - [DATASET] test video_indices: [45]
[2024-04-18 19:59:57,032][func.train][INFO] - [DATASET] test size: 41326
[2024-04-18 19:59:57,033][func.train][INFO] - [DATASET] test video_indices: [46]
[2024-04-18 19:59:58,661][func.train][INFO] - [DATASET] test size: 56476
[2024-04-18 19:59:58,662][func.train][INFO] - [DATASET] test video_indices: [47]
[2024-04-18 20:00:00,230][func.train][INFO] - [DATASET] test size: 45851
[2024-04-18 20:00:00,230][func.train][INFO] - [DATASET] test video_indices: [48]
[2024-04-18 20:00:01,710][func.train][INFO] - [DATASET] test size: 41776
[2024-04-18 20:00:01,711][func.train][INFO] - [DATASET] test video_indices: [49]
[2024-04-18 20:00:03,106][func.train][INFO] - [DATASET] test size: 27351
[2024-04-18 20:00:03,106][func.train][INFO] - [DATASET] test video_indices: [50]
[2024-04-18 20:00:04,510][func.train][INFO] - [DATASET] test size: 73601
[2024-04-18 20:00:04,510][func.train][INFO] - [DATASET] test video_indices: [51]
[2024-04-18 20:00:05,905][func.train][INFO] - [DATASET] test size: 49151
[2024-04-18 20:00:05,905][func.train][INFO] - [DATASET] test video_indices: [52]
[2024-04-18 20:00:07,314][func.train][INFO] - [DATASET] test size: 82076
[2024-04-18 20:00:07,314][func.train][INFO] - [DATASET] test video_indices: [53]
[2024-04-18 20:00:08,809][func.train][INFO] - [DATASET] test size: 77501
[2024-04-18 20:00:08,809][func.train][INFO] - [DATASET] test video_indices: [54]
[2024-04-18 20:00:10,202][func.train][INFO] - [DATASET] test size: 25926
[2024-04-18 20:00:10,202][func.train][INFO] - [DATASET] test video_indices: [55]
[2024-04-18 20:00:11,576][func.train][INFO] - [DATASET] test size: 45851
[2024-04-18 20:00:11,576][func.train][INFO] - [DATASET] test video_indices: [56]
[2024-04-18 20:00:13,013][func.train][INFO] - [DATASET] test size: 65801
[2024-04-18 20:00:13,013][func.train][INFO] - [DATASET] test video_indices: [57]
[2024-04-18 20:00:14,517][func.train][INFO] - [DATASET] test size: 149826
[2024-04-18 20:00:14,517][func.train][INFO] - [DATASET] test video_indices: [58]
[2024-04-18 20:00:15,971][func.train][INFO] - [DATASET] test size: 26151
[2024-04-18 20:00:15,971][func.train][INFO] - [DATASET] test video_indices: [59]
[2024-04-18 20:00:17,356][func.train][INFO] - [DATASET] test size: 63301
[2024-04-18 20:00:17,357][func.train][INFO] - [DATASET] test video_indices: [60]
[2024-04-18 20:00:18,769][func.train][INFO] - [DATASET] test size: 110226
[2024-04-18 20:00:18,769][func.train][INFO] - [DATASET] test video_indices: [61]
[2024-04-18 20:00:20,212][func.train][INFO] - [DATASET] test size: 50801
[2024-04-18 20:00:20,212][func.train][INFO] - [DATASET] test video_indices: [62]
[2024-04-18 20:00:21,675][func.train][INFO] - [DATASET] test size: 85826
[2024-04-18 20:00:21,675][func.train][INFO] - [DATASET] test video_indices: [63]
[2024-04-18 20:00:23,143][func.train][INFO] - [DATASET] test size: 59951
[2024-04-18 20:00:23,143][func.train][INFO] - [DATASET] test video_indices: [64]
[2024-04-18 20:00:24,607][func.train][INFO] - [DATASET] test size: 46826
[2024-04-18 20:00:24,608][func.train][INFO] - [DATASET] test video_indices: [65]
[2024-04-18 20:00:26,102][func.train][INFO] - [DATASET] test size: 45601
[2024-04-18 20:00:26,102][func.train][INFO] - [DATASET] test video_indices: [66]
[2024-04-18 20:00:27,641][func.train][INFO] - [DATASET] test size: 58826
[2024-04-18 20:00:27,642][func.train][INFO] - [DATASET] test video_indices: [67]
[2024-04-18 20:00:29,123][func.train][INFO] - [DATASET] test size: 49301
[2024-04-18 20:00:29,123][func.train][INFO] - [DATASET] test video_indices: [68]
[2024-04-18 20:00:30,616][func.train][INFO] - [DATASET] test size: 114376
[2024-04-18 20:00:30,617][func.train][INFO] - [DATASET] test video_indices: [69]
[2024-04-18 20:00:32,047][func.train][INFO] - [DATASET] test size: 29851
[2024-04-18 20:00:32,047][func.train][INFO] - [DATASET] test video_indices: [70]
[2024-04-18 20:00:33,636][func.train][INFO] - [DATASET] test size: 62876
[2024-04-18 20:00:33,636][func.train][INFO] - [DATASET] test video_indices: [71]
[2024-04-18 20:00:35,105][func.train][INFO] - [DATASET] test size: 77651
[2024-04-18 20:00:35,105][func.train][INFO] - [DATASET] test video_indices: [72]
[2024-04-18 20:00:36,487][func.train][INFO] - [DATASET] test size: 33901
[2024-04-18 20:00:36,487][func.train][INFO] - [DATASET] test video_indices: [73]
[2024-04-18 20:00:37,868][func.train][INFO] - [DATASET] test size: 40851
[2024-04-18 20:00:37,868][func.train][INFO] - [DATASET] test video_indices: [74]
[2024-04-18 20:00:39,283][func.train][INFO] - [DATASET] test size: 48076
[2024-04-18 20:00:39,284][func.train][INFO] - [DATASET] test video_indices: [75]
[2024-04-18 20:00:40,713][func.train][INFO] - [DATASET] test size: 66226
[2024-04-18 20:00:40,713][func.train][INFO] - [DATASET] test video_indices: [76]
[2024-04-18 20:00:42,142][func.train][INFO] - [DATASET] test size: 62551
[2024-04-18 20:00:42,142][func.train][INFO] - [DATASET] test video_indices: [77]
[2024-04-18 20:00:43,539][func.train][INFO] - [DATASET] test size: 18476
[2024-04-18 20:00:43,539][func.train][INFO] - [DATASET] test video_indices: [78]
[2024-04-18 20:00:44,999][func.train][INFO] - [DATASET] test size: 85351
[2024-04-18 20:00:45,000][func.train][INFO] - [DATASET] test video_indices: [79]
[2024-04-18 20:00:46,401][func.train][INFO] - [DATASET] test size: 43101
[2024-04-18 20:00:46,401][func.train][INFO] - [DATASET] test video_indices: [80]
[2024-04-18 20:00:46,427][func.train][INFO] - Time taken to load datasets: 69.239394
[2024-04-18 20:00:46,433][func.train][INFO] - Creating data loaders
[2024-04-18 20:00:46,439][func.train][INFO] - Creating model with {'one': 7} classes
[2024-04-18 20:00:48,060][func.train][INFO] - [MAIN] Number of parameters: 39530989
[2024-04-18 20:00:48,061][func.train][INFO] - [MAIN] Number of samples: 86304
[2024-04-18 20:00:48,061][func.train][INFO] - [MAIN] Data-to-Parameter-Ratio is ideally between [1:1 to 10:1]: 458.043532
[2024-04-18 20:00:48,062][func.train][INFO] - Using LR 0.000300 WD 0.000010 for parameters
[2024-04-18 20:00:48,062][func.train][INFO] - Using LR 0.000300 WD 0.000010 for parameters
[2024-04-18 20:00:48,067][func.train][INFO] - Wrapping model into DP
[2024-04-18 20:00:48,163][func.train][INFO] - Start training
[2024-04-18 20:00:48,166][func.train][INFO] - Storing checkpoints every 60.00 mins
[2024-04-18 20:00:48,913][func.train][INFO] - [TRAINING] Step 0/10788 | Loss: 3.39 | Acc (curr_frames): 0.05 | Acc (next_frames): 0.07 | time-left: 134.30 min
[2024-04-18 20:01:00,425][func.train][INFO] - [TRAINING] Step 100/10788 | Loss: 2.69 | Acc (curr_frames): 0.05 | Acc (next_frames): 0.20 | time-left: 21.62 min
[2024-04-18 20:01:11,173][func.train][INFO] - [TRAINING] Step 200/10788 | Loss: 2.53 | Acc (curr_frames): 0.10 | Acc (next_frames): 0.58 | time-left: 20.20 min
[2024-04-18 20:01:21,977][func.train][INFO] - [TRAINING] Step 300/10788 | Loss: 2.08 | Acc (curr_frames): 0.59 | Acc (next_frames): 0.64 | time-left: 19.63 min
[2024-04-18 20:01:32,705][func.train][INFO] - [TRAINING] Step 400/10788 | Loss: 1.97 | Acc (curr_frames): 0.64 | Acc (next_frames): 0.63 | time-left: 19.23 min
[2024-04-18 20:01:43,465][func.train][INFO] - [TRAINING] Step 500/10788 | Loss: 1.10 | Acc (curr_frames): 0.79 | Acc (next_frames): 0.76 | time-left: 18.92 min
[2024-04-18 20:01:54,105][func.train][INFO] - [TRAINING] Step 600/10788 | Loss: 1.81 | Acc (curr_frames): 0.62 | Acc (next_frames): 0.58 | time-left: 18.63 min
[2024-04-18 20:02:04,614][func.train][INFO] - [TRAINING] Step 700/10788 | Loss: 2.32 | Acc (curr_frames): 0.42 | Acc (next_frames): 0.40 | time-left: 18.33 min
[2024-04-18 20:02:15,271][func.train][INFO] - [TRAINING] Step 800/10788 | Loss: 2.17 | Acc (curr_frames): 0.56 | Acc (next_frames): 0.51 | time-left: 18.10 min
[2024-04-18 20:02:26,001][func.train][INFO] - [TRAINING] Step 900/10788 | Loss: 1.00 | Acc (curr_frames): 0.59 | Acc (next_frames): 0.56 | time-left: 17.89 min
[2024-04-18 20:02:36,680][func.train][INFO] - [TRAINING] Step 1000/10788 | Loss: 1.07 | Acc (curr_frames): 0.63 | Acc (next_frames): 0.58 | time-left: 17.68 min
[2024-04-18 20:02:47,352][func.train][INFO] - [TRAINING] Step 1100/10788 | Loss: 1.74 | Acc (curr_frames): 0.58 | Acc (next_frames): 0.56 | time-left: 17.48 min
[2024-04-18 20:02:57,785][func.train][INFO] - [TRAINING] Step 1200/10788 | Loss: 1.58 | Acc (curr_frames): 0.50 | Acc (next_frames): 0.48 | time-left: 17.24 min
[2024-04-18 20:03:08,458][func.train][INFO] - [TRAINING] Step 1300/10788 | Loss: 1.36 | Acc (curr_frames): 0.63 | Acc (next_frames): 0.51 | time-left: 17.05 min
[2024-04-18 20:03:19,161][func.train][INFO] - [TRAINING] Step 1400/10788 | Loss: 1.35 | Acc (curr_frames): 0.68 | Acc (next_frames): 0.68 | time-left: 16.86 min
[2024-04-18 20:03:29,940][func.train][INFO] - [TRAINING] Step 1500/10788 | Loss: 1.71 | Acc (curr_frames): 0.72 | Acc (next_frames): 0.72 | time-left: 16.68 min
[2024-04-18 20:03:40,269][func.train][INFO] - [TRAINING] Step 1600/10788 | Loss: 1.39 | Acc (curr_frames): 0.51 | Acc (next_frames): 0.56 | time-left: 16.46 min
[2024-04-18 20:03:50,609][func.train][INFO] - [TRAINING] Step 1700/10788 | Loss: 1.11 | Acc (curr_frames): 0.54 | Acc (next_frames): 0.51 | time-left: 16.24 min
[2024-04-18 20:04:01,078][func.train][INFO] - [TRAINING] Step 1800/10788 | Loss: 0.60 | Acc (curr_frames): 0.89 | Acc (next_frames): 0.87 | time-left: 16.04 min
[2024-04-18 20:04:11,348][func.train][INFO] - [TRAINING] Step 1900/10788 | Loss: 0.76 | Acc (curr_frames): 0.79 | Acc (next_frames): 0.71 | time-left: 15.83 min
[2024-04-18 20:04:21,690][func.train][INFO] - [TRAINING] Step 2000/10788 | Loss: 1.47 | Acc (curr_frames): 0.52 | Acc (next_frames): 0.59 | time-left: 15.63 min
[2024-04-18 20:04:32,007][func.train][INFO] - [TRAINING] Step 2100/10788 | Loss: 1.53 | Acc (curr_frames): 0.66 | Acc (next_frames): 0.65 | time-left: 15.43 min
[2024-04-18 20:04:42,441][func.train][INFO] - [TRAINING] Step 2200/10788 | Loss: 1.29 | Acc (curr_frames): 0.77 | Acc (next_frames): 0.73 | time-left: 15.23 min
[2024-04-18 20:04:52,703][func.train][INFO] - [TRAINING] Step 2300/10788 | Loss: 1.29 | Acc (curr_frames): 0.74 | Acc (next_frames): 0.75 | time-left: 15.03 min
[2024-04-18 20:05:04,962][func.train][INFO] - [TRAINING] Step 2400/10788 | Loss: 0.72 | Acc (curr_frames): 0.74 | Acc (next_frames): 0.71 | time-left: 14.95 min
[2024-04-18 20:05:15,209][func.train][INFO] - [TRAINING] Step 2500/10788 | Loss: 0.84 | Acc (curr_frames): 0.80 | Acc (next_frames): 0.78 | time-left: 14.75 min
[2024-04-18 20:05:25,684][func.train][INFO] - [TRAINING] Step 2600/10788 | Loss: 0.48 | Acc (curr_frames): 0.84 | Acc (next_frames): 0.82 | time-left: 14.56 min
[2024-04-18 20:05:35,987][func.train][INFO] - [TRAINING] Step 2700/10788 | Loss: 0.46 | Acc (curr_frames): 0.84 | Acc (next_frames): 0.79 | time-left: 14.36 min
[2024-04-18 20:05:46,319][func.train][INFO] - [TRAINING] Step 2800/10788 | Loss: 1.12 | Acc (curr_frames): 0.77 | Acc (next_frames): 0.73 | time-left: 14.17 min
[2024-04-18 20:05:56,907][func.train][INFO] - [TRAINING] Step 2900/10788 | Loss: 1.17 | Acc (curr_frames): 0.82 | Acc (next_frames): 0.79 | time-left: 13.99 min
[2024-04-18 20:06:07,597][func.train][INFO] - [TRAINING] Step 3000/10788 | Loss: 0.82 | Acc (curr_frames): 0.77 | Acc (next_frames): 0.75 | time-left: 13.81 min
[2024-04-18 20:06:18,019][func.train][INFO] - [TRAINING] Step 3100/10788 | Loss: 0.53 | Acc (curr_frames): 0.85 | Acc (next_frames): 0.83 | time-left: 13.63 min
[2024-04-18 20:06:28,407][func.train][INFO] - [TRAINING] Step 3200/10788 | Loss: 0.57 | Acc (curr_frames): 0.86 | Acc (next_frames): 0.85 | time-left: 13.44 min
[2024-04-18 20:06:38,646][func.train][INFO] - [TRAINING] Step 3300/10788 | Loss: 0.38 | Acc (curr_frames): 0.78 | Acc (next_frames): 0.76 | time-left: 13.25 min
[2024-04-18 20:06:49,091][func.train][INFO] - [TRAINING] Step 3400/10788 | Loss: 0.41 | Acc (curr_frames): 0.77 | Acc (next_frames): 0.78 | time-left: 13.07 min
[2024-04-18 20:06:59,647][func.train][INFO] - [TRAINING] Step 3500/10788 | Loss: 0.82 | Acc (curr_frames): 0.80 | Acc (next_frames): 0.78 | time-left: 12.89 min
[2024-04-18 20:07:10,256][func.train][INFO] - [TRAINING] Step 3600/10788 | Loss: 0.25 | Acc (curr_frames): 0.82 | Acc (next_frames): 0.81 | time-left: 12.71 min
[2024-04-18 20:07:20,676][func.train][INFO] - [TRAINING] Step 3700/10788 | Loss: 0.52 | Acc (curr_frames): 0.79 | Acc (next_frames): 0.78 | time-left: 12.53 min
[2024-04-18 20:07:31,293][func.train][INFO] - [TRAINING] Step 3800/10788 | Loss: 0.52 | Acc (curr_frames): 0.81 | Acc (next_frames): 0.81 | time-left: 12.35 min
[2024-04-18 20:07:41,543][func.train][INFO] - [TRAINING] Step 3900/10788 | Loss: 0.29 | Acc (curr_frames): 0.81 | Acc (next_frames): 0.80 | time-left: 12.16 min
[2024-04-18 20:07:51,778][func.train][INFO] - [TRAINING] Step 4000/10788 | Loss: 0.92 | Acc (curr_frames): 0.80 | Acc (next_frames): 0.78 | time-left: 11.98 min
[2024-04-18 20:08:02,272][func.train][INFO] - [TRAINING] Step 4100/10788 | Loss: 0.83 | Acc (curr_frames): 0.75 | Acc (next_frames): 0.73 | time-left: 11.80 min
[2024-04-18 20:08:12,651][func.train][INFO] - [TRAINING] Step 4200/10788 | Loss: 0.24 | Acc (curr_frames): 0.82 | Acc (next_frames): 0.82 | time-left: 11.62 min
[2024-04-18 20:08:23,060][func.train][INFO] - [TRAINING] Step 4300/10788 | Loss: 0.52 | Acc (curr_frames): 0.85 | Acc (next_frames): 0.80 | time-left: 11.43 min
[2024-04-18 20:08:33,467][func.train][INFO] - [TRAINING] Step 4400/10788 | Loss: 0.78 | Acc (curr_frames): 0.82 | Acc (next_frames): 0.77 | time-left: 11.25 min
[2024-04-18 20:08:43,902][func.train][INFO] - [TRAINING] Step 4500/10788 | Loss: 0.24 | Acc (curr_frames): 0.88 | Acc (next_frames): 0.89 | time-left: 11.08 min
[2024-04-18 20:08:54,435][func.train][INFO] - [TRAINING] Step 4600/10788 | Loss: 0.28 | Acc (curr_frames): 0.86 | Acc (next_frames): 0.86 | time-left: 10.90 min
[2024-04-18 20:09:04,814][func.train][INFO] - [TRAINING] Step 4700/10788 | Loss: 0.60 | Acc (curr_frames): 0.80 | Acc (next_frames): 0.79 | time-left: 10.72 min
[2024-04-18 20:09:15,118][func.train][INFO] - [TRAINING] Step 4800/10788 | Loss: 0.55 | Acc (curr_frames): 0.76 | Acc (next_frames): 0.76 | time-left: 10.54 min
[2024-04-18 20:09:25,404][func.train][INFO] - [TRAINING] Step 4900/10788 | Loss: 0.29 | Acc (curr_frames): 0.88 | Acc (next_frames): 0.88 | time-left: 10.35 min
[2024-04-18 20:09:35,865][func.train][INFO] - [TRAINING] Step 5000/10788 | Loss: 0.58 | Acc (curr_frames): 0.86 | Acc (next_frames): 0.83 | time-left: 10.18 min
[2024-04-18 20:09:46,132][func.train][INFO] - [TRAINING] Step 5100/10788 | Loss: 0.26 | Acc (curr_frames): 0.84 | Acc (next_frames): 0.87 | time-left: 10.00 min
[2024-04-18 20:09:56,443][func.train][INFO] - [TRAINING] Step 5200/10788 | Loss: 0.24 | Acc (curr_frames): 0.86 | Acc (next_frames): 0.83 | time-left: 9.82 min
[2024-04-18 20:10:07,308][func.train][INFO] - [TRAINING] Step 5300/10788 | Loss: 0.16 | Acc (curr_frames): 0.92 | Acc (next_frames): 0.90 | time-left: 9.65 min
[2024-04-18 20:10:17,708][func.train][INFO] - [TRAINING] Step 5400/10788 | Loss: 0.41 | Acc (curr_frames): 0.90 | Acc (next_frames): 0.88 | time-left: 9.47 min
[2024-04-18 20:10:28,015][func.train][INFO] - [TRAINING] Step 5500/10788 | Loss: 0.33 | Acc (curr_frames): 0.76 | Acc (next_frames): 0.74 | time-left: 9.29 min
[2024-04-18 20:10:38,306][func.train][INFO] - [TRAINING] Step 5600/10788 | Loss: 0.26 | Acc (curr_frames): 0.88 | Acc (next_frames): 0.83 | time-left: 9.11 min
[2024-04-18 20:10:48,977][func.train][INFO] - [TRAINING] Step 5700/10788 | Loss: 0.14 | Acc (curr_frames): 0.87 | Acc (next_frames): 0.85 | time-left: 8.94 min
[2024-04-18 20:10:59,595][func.train][INFO] - [TRAINING] Step 5800/10788 | Loss: 0.27 | Acc (curr_frames): 0.76 | Acc (next_frames): 0.71 | time-left: 8.76 min
[2024-04-18 20:11:10,254][func.train][INFO] - [TRAINING] Step 5900/10788 | Loss: 0.30 | Acc (curr_frames): 0.87 | Acc (next_frames): 0.85 | time-left: 8.59 min
[2024-04-18 20:11:20,881][func.train][INFO] - [TRAINING] Step 6000/10788 | Loss: 0.36 | Acc (curr_frames): 0.85 | Acc (next_frames): 0.81 | time-left: 8.41 min
[2024-04-18 20:11:31,620][func.train][INFO] - [TRAINING] Step 6100/10788 | Loss: 0.14 | Acc (curr_frames): 0.96 | Acc (next_frames): 0.94 | time-left: 8.24 min
[2024-04-18 20:11:42,236][func.train][INFO] - [TRAINING] Step 6200/10788 | Loss: 0.39 | Acc (curr_frames): 0.87 | Acc (next_frames): 0.83 | time-left: 8.06 min
[2024-04-18 20:11:52,822][func.train][INFO] - [TRAINING] Step 6300/10788 | Loss: 0.36 | Acc (curr_frames): 0.88 | Acc (next_frames): 0.82 | time-left: 7.89 min
[2024-04-18 20:12:03,359][func.train][INFO] - [TRAINING] Step 6400/10788 | Loss: 0.39 | Acc (curr_frames): 0.88 | Acc (next_frames): 0.81 | time-left: 7.71 min
[2024-04-18 20:12:14,035][func.train][INFO] - [TRAINING] Step 6500/10788 | Loss: 0.38 | Acc (curr_frames): 0.85 | Acc (next_frames): 0.82 | time-left: 7.54 min
[2024-04-18 20:12:24,615][func.train][INFO] - [TRAINING] Step 6600/10788 | Loss: 0.46 | Acc (curr_frames): 0.90 | Acc (next_frames): 0.82 | time-left: 7.36 min
[2024-04-18 20:12:35,075][func.train][INFO] - [TRAINING] Step 6700/10788 | Loss: 0.68 | Acc (curr_frames): 0.83 | Acc (next_frames): 0.74 | time-left: 7.19 min
[2024-04-18 20:12:45,732][func.train][INFO] - [TRAINING] Step 6800/10788 | Loss: 0.29 | Acc (curr_frames): 0.86 | Acc (next_frames): 0.77 | time-left: 7.01 min
[2024-04-18 20:12:56,318][func.train][INFO] - [TRAINING] Step 6900/10788 | Loss: 0.44 | Acc (curr_frames): 0.87 | Acc (next_frames): 0.77 | time-left: 6.84 min
[2024-04-18 20:13:06,870][func.train][INFO] - [TRAINING] Step 7000/10788 | Loss: 0.10 | Acc (curr_frames): 0.96 | Acc (next_frames): 0.90 | time-left: 6.66 min
[2024-04-18 20:13:17,890][func.train][INFO] - [TRAINING] Step 7100/10788 | Loss: 0.34 | Acc (curr_frames): 0.87 | Acc (next_frames): 0.81 | time-left: 6.49 min
[2024-04-18 20:13:28,592][func.train][INFO] - [TRAINING] Step 7200/10788 | Loss: 0.26 | Acc (curr_frames): 0.86 | Acc (next_frames): 0.80 | time-left: 6.31 min
[2024-04-18 20:13:39,341][func.train][INFO] - [TRAINING] Step 7300/10788 | Loss: 0.23 | Acc (curr_frames): 0.93 | Acc (next_frames): 0.83 | time-left: 6.14 min
[2024-04-18 20:13:49,687][func.train][INFO] - [TRAINING] Step 7400/10788 | Loss: 0.18 | Acc (curr_frames): 0.99 | Acc (next_frames): 0.92 | time-left: 5.96 min
[2024-04-18 20:13:59,995][func.train][INFO] - [TRAINING] Step 7500/10788 | Loss: 0.17 | Acc (curr_frames): 0.92 | Acc (next_frames): 0.84 | time-left: 5.78 min
[2024-04-18 20:14:10,514][func.train][INFO] - [TRAINING] Step 7600/10788 | Loss: 0.25 | Acc (curr_frames): 0.90 | Acc (next_frames): 0.80 | time-left: 5.61 min
[2024-04-18 20:14:20,842][func.train][INFO] - [TRAINING] Step 7700/10788 | Loss: 0.15 | Acc (curr_frames): 0.92 | Acc (next_frames): 0.86 | time-left: 5.43 min
[2024-04-18 20:14:31,534][func.train][INFO] - [TRAINING] Step 7800/10788 | Loss: 0.40 | Acc (curr_frames): 0.83 | Acc (next_frames): 0.70 | time-left: 5.25 min
[2024-04-18 20:14:41,926][func.train][INFO] - [TRAINING] Step 7900/10788 | Loss: 0.14 | Acc (curr_frames): 0.93 | Acc (next_frames): 0.79 | time-left: 5.08 min
[2024-04-18 20:14:52,408][func.train][INFO] - [TRAINING] Step 8000/10788 | Loss: 0.17 | Acc (curr_frames): 0.95 | Acc (next_frames): 0.88 | time-left: 4.90 min
[2024-04-18 20:15:37,229][func.train][INFO] - Dist info:
[2024-04-18 20:15:37,229][func.train][INFO] - torch version: 2.2.2+cu121
[2024-04-18 20:15:37,229][func.train][INFO] - torchvision version: 0.17.2+cu121
[2024-04-18 20:15:37,230][func.train][INFO] - hydra version: 1.3.2
[2024-04-18 20:15:37,233][func.train][INFO] - Loading data
[2024-04-18 20:15:37,233][func.train][INFO] - Loading datasets
[2024-04-18 20:18:08,756][func.train][INFO] - [DATASET] ALL loaded dataframe in 2m 32s
[2024-04-18 20:18:08,757][func.train][INFO] - [DATASET] ALL loaded dataframe: (4612530, 11)
[2024-04-18 20:18:09,329][func.train][INFO] - [DATASET] params: {'debug': False, 'dataset_name': 'cholec80', 'reduc_feats_folder': 'train_targets_x_mp/', 'num_classes': 7, 'feats_dim': 64, 'num_next_labels': 6, 'last_seg_class': 7, 'predict_next_phase': True, 'get_target_feats': False, 'replace_current_with_next_class': False}
[2024-04-18 20:22:14,126][func.train][INFO] - Dist info:
[2024-04-18 20:22:14,126][func.train][INFO] - torch version: 2.2.2+cu121
[2024-04-18 20:22:14,126][func.train][INFO] - torchvision version: 0.17.2+cu121
[2024-04-18 20:22:14,127][func.train][INFO] - hydra version: 1.3.2
[2024-04-18 20:22:14,130][func.train][INFO] - Loading data
[2024-04-18 20:22:14,130][func.train][INFO] - Loading datasets
[2024-04-18 20:29:08,022][func.train][INFO] - Dist info:
[2024-04-18 20:29:08,022][func.train][INFO] - torch version: 2.2.2+cu121
[2024-04-18 20:29:08,022][func.train][INFO] - torchvision version: 0.17.2+cu121
[2024-04-18 20:29:08,022][func.train][INFO] - hydra version: 1.3.2
[2024-04-18 20:29:08,026][func.train][INFO] - Loading data
[2024-04-18 20:29:08,026][func.train][INFO] - Loading datasets
[2024-04-18 20:29:09,824][func.train][INFO] - [DATASET] ALL loaded dataframe in 0m 2s
[2024-04-18 20:29:09,824][func.train][INFO] - [DATASET] ALL loaded dataframe: (4612530, 11)
[2024-04-18 20:29:10,357][func.train][INFO] - [DATASET] params: {'debug': False, 'dataset_name': 'cholec80', 'reduc_feats_folder': 'train_targets_x_mp/', 'num_classes': 7, 'feats_dim': 64, 'num_next_labels': 6, 'last_seg_class': 7, 'predict_next_phase': True, 'get_target_feats': False, 'replace_current_with_next_class': False}
[2024-04-18 20:29:13,123][func.train][INFO] - [DATASET] train size: 2157640
[2024-04-18 20:29:13,124][func.train][INFO] - [DATASET] train video_indices: [1, 2, 3, 4, 5, 6, 7, 8, 9, 10, 11, 12, 13, 14, 15, 16, 17, 18, 19, 20, 21, 22, 23, 24, 25, 26, 27, 28, 29, 30, 31, 32, 33, 34, 35, 36, 37, 38, 39, 40]
[2024-04-18 20:29:27,273][func.train][INFO] - [DATASET] test size: 77576
[2024-04-18 20:29:27,273][func.train][INFO] - [DATASET] test video_indices: [41]
[2024-04-18 20:29:28,856][func.train][INFO] - [DATASET] test size: 92801
[2024-04-18 20:29:28,856][func.train][INFO] - [DATASET] test video_indices: [42]
[2024-04-18 20:29:30,330][func.train][INFO] - [DATASET] test size: 59051
[2024-04-18 20:29:30,330][func.train][INFO] - [DATASET] test video_indices: [43]
[2024-04-18 20:29:31,932][func.train][INFO] - [DATASET] test size: 78176
[2024-04-18 20:29:31,932][func.train][INFO] - [DATASET] test video_indices: [44]
[2024-04-18 20:29:33,539][func.train][INFO] - [DATASET] test size: 84676
[2024-04-18 20:29:33,539][func.train][INFO] - [DATASET] test video_indices: [45]
[2024-04-18 20:29:34,994][func.train][INFO] - [DATASET] test size: 41326
[2024-04-18 20:29:34,994][func.train][INFO] - [DATASET] test video_indices: [46]
[2024-04-18 20:29:36,518][func.train][INFO] - [DATASET] test size: 56476
[2024-04-18 20:29:36,519][func.train][INFO] - [DATASET] test video_indices: [47]
[2024-04-18 20:29:38,009][func.train][INFO] - [DATASET] test size: 45851
[2024-04-18 20:29:38,009][func.train][INFO] - [DATASET] test video_indices: [48]
[2024-04-18 20:29:39,454][func.train][INFO] - [DATASET] test size: 41776
[2024-04-18 20:29:39,455][func.train][INFO] - [DATASET] test video_indices: [49]
[2024-04-18 20:29:40,899][func.train][INFO] - [DATASET] test size: 27351
[2024-04-18 20:29:40,900][func.train][INFO] - [DATASET] test video_indices: [50]
[2024-04-18 20:29:42,390][func.train][INFO] - [DATASET] test size: 73601
[2024-04-18 20:29:42,391][func.train][INFO] - [DATASET] test video_indices: [51]
[2024-04-18 20:29:43,904][func.train][INFO] - [DATASET] test size: 49151
[2024-04-18 20:29:43,904][func.train][INFO] - [DATASET] test video_indices: [52]
[2024-04-18 20:29:45,374][func.train][INFO] - [DATASET] test size: 82076
[2024-04-18 20:29:45,375][func.train][INFO] - [DATASET] test video_indices: [53]
[2024-04-18 20:29:46,811][func.train][INFO] - [DATASET] test size: 77501
[2024-04-18 20:29:46,811][func.train][INFO] - [DATASET] test video_indices: [54]
[2024-04-18 20:29:48,242][func.train][INFO] - [DATASET] test size: 25926
[2024-04-18 20:29:48,243][func.train][INFO] - [DATASET] test video_indices: [55]
[2024-04-18 20:29:49,715][func.train][INFO] - [DATASET] test size: 45851
[2024-04-18 20:29:49,715][func.train][INFO] - [DATASET] test video_indices: [56]
[2024-04-18 20:29:51,180][func.train][INFO] - [DATASET] test size: 65801
[2024-04-18 20:29:51,180][func.train][INFO] - [DATASET] test video_indices: [57]
[2024-04-18 20:29:52,692][func.train][INFO] - [DATASET] test size: 149826
[2024-04-18 20:29:52,693][func.train][INFO] - [DATASET] test video_indices: [58]
[2024-04-18 20:29:54,195][func.train][INFO] - [DATASET] test size: 26151
[2024-04-18 20:29:54,196][func.train][INFO] - [DATASET] test video_indices: [59]
[2024-04-18 20:29:55,709][func.train][INFO] - [DATASET] test size: 63301
[2024-04-18 20:29:55,709][func.train][INFO] - [DATASET] test video_indices: [60]
[2024-04-18 20:29:57,199][func.train][INFO] - [DATASET] test size: 110226
[2024-04-18 20:29:57,199][func.train][INFO] - [DATASET] test video_indices: [61]
[2024-04-18 20:29:58,654][func.train][INFO] - [DATASET] test size: 50801
[2024-04-18 20:29:58,654][func.train][INFO] - [DATASET] test video_indices: [62]
[2024-04-18 20:30:00,121][func.train][INFO] - [DATASET] test size: 85826
[2024-04-18 20:30:00,121][func.train][INFO] - [DATASET] test video_indices: [63]
[2024-04-18 20:30:01,593][func.train][INFO] - [DATASET] test size: 59951
[2024-04-18 20:30:01,593][func.train][INFO] - [DATASET] test video_indices: [64]
[2024-04-18 20:30:03,051][func.train][INFO] - [DATASET] test size: 46826
[2024-04-18 20:30:03,051][func.train][INFO] - [DATASET] test video_indices: [65]
[2024-04-18 20:30:04,513][func.train][INFO] - [DATASET] test size: 45601
[2024-04-18 20:30:04,513][func.train][INFO] - [DATASET] test video_indices: [66]
[2024-04-18 20:30:05,946][func.train][INFO] - [DATASET] test size: 58826
[2024-04-18 20:30:05,946][func.train][INFO] - [DATASET] test video_indices: [67]
[2024-04-18 20:30:07,377][func.train][INFO] - [DATASET] test size: 49301
[2024-04-18 20:30:07,377][func.train][INFO] - [DATASET] test video_indices: [68]
[2024-04-18 20:30:08,857][func.train][INFO] - [DATASET] test size: 114376
[2024-04-18 20:30:08,857][func.train][INFO] - [DATASET] test video_indices: [69]
[2024-04-18 20:30:10,400][func.train][INFO] - [DATASET] test size: 29851
[2024-04-18 20:30:10,400][func.train][INFO] - [DATASET] test video_indices: [70]
[2024-04-18 20:30:11,849][func.train][INFO] - [DATASET] test size: 62876
[2024-04-18 20:30:11,849][func.train][INFO] - [DATASET] test video_indices: [71]
[2024-04-18 20:30:13,304][func.train][INFO] - [DATASET] test size: 77651
[2024-04-18 20:30:13,305][func.train][INFO] - [DATASET] test video_indices: [72]
[2024-04-18 20:30:14,768][func.train][INFO] - [DATASET] test size: 33901
[2024-04-18 20:30:14,768][func.train][INFO] - [DATASET] test video_indices: [73]
[2024-04-18 20:30:16,348][func.train][INFO] - [DATASET] test size: 40851
[2024-04-18 20:30:16,348][func.train][INFO] - [DATASET] test video_indices: [74]
[2024-04-18 20:30:17,883][func.train][INFO] - [DATASET] test size: 48076
[2024-04-18 20:30:17,884][func.train][INFO] - [DATASET] test video_indices: [75]
[2024-04-18 20:30:19,369][func.train][INFO] - [DATASET] test size: 66226
[2024-04-18 20:30:19,369][func.train][INFO] - [DATASET] test video_indices: [76]
[2024-04-18 20:30:20,902][func.train][INFO] - [DATASET] test size: 62551
[2024-04-18 20:30:20,903][func.train][INFO] - [DATASET] test video_indices: [77]
[2024-04-18 20:30:22,474][func.train][INFO] - [DATASET] test size: 18476
[2024-04-18 20:30:22,474][func.train][INFO] - [DATASET] test video_indices: [78]
[2024-04-18 20:30:24,001][func.train][INFO] - [DATASET] test size: 85351
[2024-04-18 20:30:24,002][func.train][INFO] - [DATASET] test video_indices: [79]
[2024-04-18 20:30:25,521][func.train][INFO] - [DATASET] test size: 43101
[2024-04-18 20:30:25,522][func.train][INFO] - [DATASET] test video_indices: [80]
[2024-04-18 20:30:25,664][func.train][INFO] - Time taken to load datasets: 77.637456
[2024-04-18 20:30:25,665][func.train][INFO] - Creating data loaders
[2024-04-18 20:30:25,668][func.train][INFO] - Creating model with {'one': 7} classes
[2024-04-18 20:30:31,222][func.train][INFO] - [MAIN] Number of parameters: 39530989
[2024-04-18 20:30:31,222][func.train][INFO] - [MAIN] Number of samples: 86304
[2024-04-18 20:30:31,222][func.train][INFO] - [MAIN] Data-to-Parameter-Ratio is ideally between [1:1 to 10:1]: 458.043532
[2024-04-18 20:30:31,223][func.train][INFO] - Using LR 0.000300 WD 0.000010 for parameters
[2024-04-18 20:30:31,223][func.train][INFO] - Using LR 0.000300 WD 0.000010 for parameters
[2024-04-18 20:30:31,228][func.train][INFO] - Wrapping model into DP
[2024-04-18 20:30:31,305][func.train][INFO] - Start training
[2024-04-18 20:30:31,309][func.train][INFO] - Storing checkpoints every 60.00 mins
[2024-04-18 20:30:32,286][func.train][INFO] - [TRAINING] Step 0/10788 | Loss: 3.34 | Acc (curr_frames): 0.05 | Acc (next_frames): 0.05 | time-left: 175.68 min
[2024-04-18 20:30:43,806][func.train][INFO] - [TRAINING] Step 100/10788 | Loss: 2.66 | Acc (curr_frames): 0.02 | Acc (next_frames): 0.13 | time-left: 22.04 min
[2024-04-18 20:30:54,509][func.train][INFO] - [TRAINING] Step 200/10788 | Loss: 2.50 | Acc (curr_frames): 0.12 | Acc (next_frames): 0.42 | time-left: 20.37 min
[2024-04-18 20:31:04,979][func.train][INFO] - [TRAINING] Step 300/10788 | Loss: 2.09 | Acc (curr_frames): 0.55 | Acc (next_frames): 0.65 | time-left: 19.55 min
[2024-04-18 20:31:15,926][func.train][INFO] - [TRAINING] Step 400/10788 | Loss: 2.00 | Acc (curr_frames): 0.63 | Acc (next_frames): 0.63 | time-left: 19.26 min
[2024-04-18 20:31:26,148][func.train][INFO] - [TRAINING] Step 500/10788 | Loss: 1.10 | Acc (curr_frames): 0.77 | Acc (next_frames): 0.76 | time-left: 18.77 min
[2024-04-18 20:31:36,633][func.train][INFO] - [TRAINING] Step 600/10788 | Loss: 1.81 | Acc (curr_frames): 0.61 | Acc (next_frames): 0.60 | time-left: 18.45 min
[2024-04-18 20:31:46,876][func.train][INFO] - [TRAINING] Step 700/10788 | Loss: 2.34 | Acc (curr_frames): 0.41 | Acc (next_frames): 0.41 | time-left: 18.12 min
[2024-04-18 20:31:57,133][func.train][INFO] - [TRAINING] Step 800/10788 | Loss: 2.12 | Acc (curr_frames): 0.57 | Acc (next_frames): 0.55 | time-left: 17.83 min
[2024-04-18 20:32:07,386][func.train][INFO] - [TRAINING] Step 900/10788 | Loss: 0.97 | Acc (curr_frames): 0.59 | Acc (next_frames): 0.59 | time-left: 17.57 min
[2024-04-18 20:32:17,663][func.train][INFO] - [TRAINING] Step 1000/10788 | Loss: 1.04 | Acc (curr_frames): 0.62 | Acc (next_frames): 0.61 | time-left: 17.33 min
[2024-04-18 20:32:28,360][func.train][INFO] - [TRAINING] Step 1100/10788 | Loss: 1.64 | Acc (curr_frames): 0.59 | Acc (next_frames): 0.57 | time-left: 17.16 min
[2024-04-18 20:32:38,617][func.train][INFO] - [TRAINING] Step 1200/10788 | Loss: 1.54 | Acc (curr_frames): 0.50 | Acc (next_frames): 0.49 | time-left: 16.94 min
[2024-04-18 20:32:48,900][func.train][INFO] - [TRAINING] Step 1300/10788 | Loss: 1.29 | Acc (curr_frames): 0.62 | Acc (next_frames): 0.57 | time-left: 16.72 min
[2024-04-18 20:32:59,384][func.train][INFO] - [TRAINING] Step 1400/10788 | Loss: 1.29 | Acc (curr_frames): 0.70 | Acc (next_frames): 0.70 | time-left: 16.54 min
[2024-04-18 20:34:25,077][func.train][INFO] - Dist info:
[2024-04-18 20:34:25,078][func.train][INFO] - torch version: 2.2.2+cu121
[2024-04-18 20:34:25,078][func.train][INFO] - torchvision version: 0.17.2+cu121
[2024-04-18 20:34:25,078][func.train][INFO] - hydra version: 1.3.2
[2024-04-18 20:34:25,081][func.train][INFO] - Loading data
[2024-04-18 20:34:25,081][func.train][INFO] - Loading datasets
[2024-04-18 20:34:26,748][func.train][INFO] - [DATASET] ALL loaded dataframe in 0m 2s
[2024-04-18 20:34:26,748][func.train][INFO] - [DATASET] ALL loaded dataframe: (4612530, 11)
[2024-04-18 20:34:27,290][func.train][INFO] - [DATASET] params: {'debug': False, 'dataset_name': 'cholec80', 'reduc_feats_folder': 'train_targets_x_mp/', 'num_classes': 7, 'feats_dim': 64, 'num_next_labels': 6, 'last_seg_class': 7, 'predict_next_phase': True, 'get_target_feats': False, 'replace_current_with_next_class': False}
[2024-04-18 20:34:29,915][func.train][INFO] - [DATASET] train size: 2157640
[2024-04-18 20:34:29,915][func.train][INFO] - [DATASET] train video_indices: [1, 2, 3, 4, 5, 6, 7, 8, 9, 10, 11, 12, 13, 14, 15, 16, 17, 18, 19, 20, 21, 22, 23, 24, 25, 26, 27, 28, 29, 30, 31, 32, 33, 34, 35, 36, 37, 38, 39, 40]
[2024-04-18 20:34:36,349][func.train][INFO] - [DATASET] test size: 77576
[2024-04-18 20:34:36,349][func.train][INFO] - [DATASET] test video_indices: [41]
[2024-04-18 20:34:38,003][func.train][INFO] - [DATASET] test size: 92801
[2024-04-18 20:34:38,003][func.train][INFO] - [DATASET] test video_indices: [42]
[2024-04-18 20:34:39,525][func.train][INFO] - [DATASET] test size: 59051
[2024-04-18 20:34:39,526][func.train][INFO] - [DATASET] test video_indices: [43]
[2024-04-18 20:34:41,013][func.train][INFO] - [DATASET] test size: 78176
[2024-04-18 20:34:41,013][func.train][INFO] - [DATASET] test video_indices: [44]
[2024-04-18 20:34:42,504][func.train][INFO] - [DATASET] test size: 84676
[2024-04-18 20:34:42,504][func.train][INFO] - [DATASET] test video_indices: [45]
[2024-04-18 20:34:43,966][func.train][INFO] - [DATASET] test size: 41326
[2024-04-18 20:34:43,966][func.train][INFO] - [DATASET] test video_indices: [46]
[2024-04-18 20:34:45,518][func.train][INFO] - [DATASET] test size: 56476
[2024-04-18 20:34:45,518][func.train][INFO] - [DATASET] test video_indices: [47]
[2024-04-18 20:34:47,089][func.train][INFO] - [DATASET] test size: 45851
[2024-04-18 20:34:47,089][func.train][INFO] - [DATASET] test video_indices: [48]
[2024-04-18 20:34:48,647][func.train][INFO] - [DATASET] test size: 41776
[2024-04-18 20:34:48,647][func.train][INFO] - [DATASET] test video_indices: [49]
[2024-04-18 20:34:50,199][func.train][INFO] - [DATASET] test size: 27351
[2024-04-18 20:34:50,199][func.train][INFO] - [DATASET] test video_indices: [50]
[2024-04-18 20:34:51,767][func.train][INFO] - [DATASET] test size: 73601
[2024-04-18 20:34:51,767][func.train][INFO] - [DATASET] test video_indices: [51]
[2024-04-18 20:34:53,274][func.train][INFO] - [DATASET] test size: 49151
[2024-04-18 20:34:53,274][func.train][INFO] - [DATASET] test video_indices: [52]
[2024-04-18 20:34:54,782][func.train][INFO] - [DATASET] test size: 82076
[2024-04-18 20:34:54,782][func.train][INFO] - [DATASET] test video_indices: [53]
[2024-04-18 20:34:56,278][func.train][INFO] - [DATASET] test size: 77501
[2024-04-18 20:34:56,278][func.train][INFO] - [DATASET] test video_indices: [54]
[2024-04-18 20:34:57,748][func.train][INFO] - [DATASET] test size: 25926
[2024-04-18 20:34:57,748][func.train][INFO] - [DATASET] test video_indices: [55]
[2024-04-18 20:34:59,256][func.train][INFO] - [DATASET] test size: 45851
[2024-04-18 20:34:59,256][func.train][INFO] - [DATASET] test video_indices: [56]
[2024-04-18 20:35:00,839][func.train][INFO] - [DATASET] test size: 65801
[2024-04-18 20:35:00,840][func.train][INFO] - [DATASET] test video_indices: [57]
[2024-04-18 20:35:02,378][func.train][INFO] - [DATASET] test size: 149826
[2024-04-18 20:35:02,378][func.train][INFO] - [DATASET] test video_indices: [58]
[2024-04-18 20:35:03,850][func.train][INFO] - [DATASET] test size: 26151
[2024-04-18 20:35:03,850][func.train][INFO] - [DATASET] test video_indices: [59]
[2024-04-18 20:35:05,304][func.train][INFO] - [DATASET] test size: 63301
[2024-04-18 20:35:05,305][func.train][INFO] - [DATASET] test video_indices: [60]
[2024-04-18 20:35:06,806][func.train][INFO] - [DATASET] test size: 110226
[2024-04-18 20:35:06,806][func.train][INFO] - [DATASET] test video_indices: [61]
[2024-04-18 20:35:08,263][func.train][INFO] - [DATASET] test size: 50801
[2024-04-18 20:35:08,264][func.train][INFO] - [DATASET] test video_indices: [62]
[2024-04-18 20:35:09,701][func.train][INFO] - [DATASET] test size: 85826
[2024-04-18 20:35:09,702][func.train][INFO] - [DATASET] test video_indices: [63]
[2024-04-18 20:35:11,225][func.train][INFO] - [DATASET] test size: 59951
[2024-04-18 20:35:11,225][func.train][INFO] - [DATASET] test video_indices: [64]
[2024-04-18 20:35:12,655][func.train][INFO] - [DATASET] test size: 46826
[2024-04-18 20:35:12,655][func.train][INFO] - [DATASET] test video_indices: [65]
[2024-04-18 20:35:14,218][func.train][INFO] - [DATASET] test size: 45601
[2024-04-18 20:35:14,219][func.train][INFO] - [DATASET] test video_indices: [66]
[2024-04-18 20:35:15,707][func.train][INFO] - [DATASET] test size: 58826
[2024-04-18 20:35:15,708][func.train][INFO] - [DATASET] test video_indices: [67]
[2024-04-18 20:35:17,189][func.train][INFO] - [DATASET] test size: 49301
[2024-04-18 20:35:17,190][func.train][INFO] - [DATASET] test video_indices: [68]
[2024-04-18 20:35:18,657][func.train][INFO] - [DATASET] test size: 114376
[2024-04-18 20:35:18,657][func.train][INFO] - [DATASET] test video_indices: [69]
[2024-04-18 20:35:20,057][func.train][INFO] - [DATASET] test size: 29851
[2024-04-18 20:35:20,057][func.train][INFO] - [DATASET] test video_indices: [70]
[2024-04-18 20:35:21,478][func.train][INFO] - [DATASET] test size: 62876
[2024-04-18 20:35:21,479][func.train][INFO] - [DATASET] test video_indices: [71]
[2024-04-18 20:35:22,896][func.train][INFO] - [DATASET] test size: 77651
[2024-04-18 20:35:22,896][func.train][INFO] - [DATASET] test video_indices: [72]
[2024-04-18 20:35:24,280][func.train][INFO] - [DATASET] test size: 33901
[2024-04-18 20:35:24,281][func.train][INFO] - [DATASET] test video_indices: [73]
[2024-04-18 20:35:25,714][func.train][INFO] - [DATASET] test size: 40851
[2024-04-18 20:35:25,714][func.train][INFO] - [DATASET] test video_indices: [74]
[2024-04-18 20:35:27,154][func.train][INFO] - [DATASET] test size: 48076
[2024-04-18 20:35:27,154][func.train][INFO] - [DATASET] test video_indices: [75]
[2024-04-18 20:35:28,627][func.train][INFO] - [DATASET] test size: 66226
[2024-04-18 20:35:28,627][func.train][INFO] - [DATASET] test video_indices: [76]
[2024-04-18 20:35:30,065][func.train][INFO] - [DATASET] test size: 62551
[2024-04-18 20:35:30,066][func.train][INFO] - [DATASET] test video_indices: [77]
[2024-04-18 20:35:31,474][func.train][INFO] - [DATASET] test size: 18476
[2024-04-18 20:35:31,475][func.train][INFO] - [DATASET] test video_indices: [78]
[2024-04-18 20:35:32,864][func.train][INFO] - [DATASET] test size: 85351
[2024-04-18 20:35:32,865][func.train][INFO] - [DATASET] test video_indices: [79]
[2024-04-18 20:35:34,274][func.train][INFO] - [DATASET] test size: 43101
[2024-04-18 20:35:34,275][func.train][INFO] - [DATASET] test video_indices: [80]
[2024-04-18 20:35:34,316][func.train][INFO] - Time taken to load datasets: 69.234640
[2024-04-18 20:35:34,317][func.train][INFO] - Creating data loaders
[2024-04-18 20:35:34,319][func.train][INFO] - Creating model with {'one': 7} classes
[2024-04-18 20:35:36,035][func.train][INFO] - [MAIN] Number of parameters: 39530989
[2024-04-18 20:35:36,035][func.train][INFO] - [MAIN] Number of samples: 86304
[2024-04-18 20:35:36,035][func.train][INFO] - [MAIN] Data-to-Parameter-Ratio is ideally between [1:1 to 10:1]: 458.043532
[2024-04-18 20:35:36,036][func.train][INFO] - Using LR 0.000300 WD 0.000010 for parameters
[2024-04-18 20:35:36,036][func.train][INFO] - Using LR 0.000300 WD 0.000010 for parameters
[2024-04-18 20:35:36,041][func.train][INFO] - Wrapping model into DP
[2024-04-18 20:35:36,130][func.train][INFO] - Start training
[2024-04-18 20:35:36,133][func.train][INFO] - Storing checkpoints every 60.00 mins
[2024-04-18 20:35:36,879][func.train][INFO] - [TRAINING] Step 0/10788 | Loss: 3.34 | Acc (curr_frames): 0.05 | Acc (next_frames): 0.05 | time-left: 134.02 min
[2024-04-18 20:35:48,708][func.train][INFO] - [TRAINING] Step 100/10788 | Loss: 2.66 | Acc (curr_frames): 0.02 | Acc (next_frames): 0.13 | time-left: 22.18 min
[2024-04-18 20:35:59,170][func.train][INFO] - [TRAINING] Step 200/10788 | Loss: 2.50 | Acc (curr_frames): 0.12 | Acc (next_frames): 0.42 | time-left: 20.22 min
[2024-04-18 20:36:09,436][func.train][INFO] - [TRAINING] Step 300/10788 | Loss: 2.09 | Acc (curr_frames): 0.55 | Acc (next_frames): 0.65 | time-left: 19.34 min
[2024-04-18 21:17:30,449][func.train][INFO] - Dist info:
[2024-04-18 21:17:30,450][func.train][INFO] - torch version: 2.2.2+cu121
[2024-04-18 21:17:30,451][func.train][INFO] - torchvision version: 0.17.2+cu121
[2024-04-18 21:17:30,451][func.train][INFO] - hydra version: 1.3.2
[2024-04-18 21:17:30,455][func.train][INFO] - Loading data
[2024-04-18 21:17:30,455][func.train][INFO] - Loading datasets
[2024-04-18 21:17:33,526][func.train][INFO] - [DATASET] ALL loaded dataframe in 0m 3s
[2024-04-18 21:17:33,526][func.train][INFO] - [DATASET] ALL loaded dataframe: (4612530, 11)
[2024-04-18 21:17:34,195][func.train][INFO] - [DATASET] params: {'debug': False, 'dataset_name': 'cholec80', 'reduc_feats_folder': 'train_targets_x_mp/', 'num_classes': 7, 'feats_dim': 64, 'num_next_labels': 6, 'last_seg_class': 7, 'predict_next_phase': True, 'get_target_feats': False, 'replace_current_with_next_class': False}
[2024-04-18 21:17:38,136][func.train][INFO] - [DATASET] train size: 2157640
[2024-04-18 21:17:38,137][func.train][INFO] - [DATASET] train video_indices: [1, 2, 3, 4, 5, 6, 7, 8, 9, 10, 11, 12, 13, 14, 15, 16, 17, 18, 19, 20, 21, 22, 23, 24, 25, 26, 27, 28, 29, 30, 31, 32, 33, 34, 35, 36, 37, 38, 39, 40]
[2024-04-18 21:17:48,643][func.train][INFO] - [DATASET] test size: 77576
[2024-04-18 21:17:48,644][func.train][INFO] - [DATASET] test video_indices: [41]
[2024-04-18 21:17:50,793][func.train][INFO] - [DATASET] test size: 92801
[2024-04-18 21:17:50,793][func.train][INFO] - [DATASET] test video_indices: [42]
[2024-04-18 21:17:53,269][func.train][INFO] - [DATASET] test size: 59051
[2024-04-18 21:17:53,270][func.train][INFO] - [DATASET] test video_indices: [43]
[2024-04-18 21:18:07,579][func.train][INFO] - Dist info:
[2024-04-18 21:18:07,580][func.train][INFO] - torch version: 2.2.2+cu121
[2024-04-18 21:18:07,581][func.train][INFO] - torchvision version: 0.17.2+cu121
[2024-04-18 21:18:07,581][func.train][INFO] - hydra version: 1.3.2
[2024-04-18 21:18:07,586][func.train][INFO] - Loading data
[2024-04-18 21:18:07,586][func.train][INFO] - Loading datasets
[2024-04-18 21:18:10,345][func.train][INFO] - [DATASET] ALL loaded dataframe in 0m 3s
[2024-04-18 21:18:10,346][func.train][INFO] - [DATASET] ALL loaded dataframe: (4612530, 11)
[2024-04-18 21:18:11,087][func.train][INFO] - [DATASET] params: {'debug': False, 'dataset_name': 'cholec80', 'reduc_feats_folder': 'train_targets_x_mp/', 'num_classes': 7, 'feats_dim': 64, 'num_next_labels': 6, 'last_seg_class': 7, 'predict_next_phase': True, 'get_target_feats': False, 'replace_current_with_next_class': False}
[2024-04-18 21:18:14,923][func.train][INFO] - [DATASET] train size: 2157640
[2024-04-18 21:18:14,924][func.train][INFO] - [DATASET] train video_indices: [1, 2, 3, 4, 5, 6, 7, 8, 9, 10, 11, 12, 13, 14, 15, 16, 17, 18, 19, 20, 21, 22, 23, 24, 25, 26, 27, 28, 29, 30, 31, 32, 33, 34, 35, 36, 37, 38, 39, 40]
[2024-04-18 21:18:21,367][func.train][INFO] - [DATASET] test size: 77576
[2024-04-18 21:18:21,368][func.train][INFO] - [DATASET] test video_indices: [41]
[2024-04-18 21:18:22,979][func.train][INFO] - [DATASET] test size: 92801
[2024-04-18 21:18:22,979][func.train][INFO] - [DATASET] test video_indices: [42]
[2024-04-18 21:18:24,636][func.train][INFO] - [DATASET] test size: 59051
[2024-04-18 21:18:24,636][func.train][INFO] - [DATASET] test video_indices: [43]
[2024-04-18 21:18:26,323][func.train][INFO] - [DATASET] test size: 78176
[2024-04-18 21:18:26,323][func.train][INFO] - [DATASET] test video_indices: [44]
[2024-04-18 21:18:28,192][func.train][INFO] - [DATASET] test size: 84676
[2024-04-18 21:18:28,192][func.train][INFO] - [DATASET] test video_indices: [45]
[2024-04-18 21:18:29,967][func.train][INFO] - [DATASET] test size: 41326
[2024-04-18 21:18:29,967][func.train][INFO] - [DATASET] test video_indices: [46]
[2024-04-18 21:18:31,682][func.train][INFO] - [DATASET] test size: 56476
[2024-04-18 21:18:31,682][func.train][INFO] - [DATASET] test video_indices: [47]
[2024-04-18 21:18:33,515][func.train][INFO] - [DATASET] test size: 45851
[2024-04-18 21:18:33,515][func.train][INFO] - [DATASET] test video_indices: [48]
[2024-04-18 21:18:35,317][func.train][INFO] - [DATASET] test size: 41776
[2024-04-18 21:18:35,318][func.train][INFO] - [DATASET] test video_indices: [49]
[2024-04-18 21:18:37,190][func.train][INFO] - [DATASET] test size: 27351
[2024-04-18 21:18:37,190][func.train][INFO] - [DATASET] test video_indices: [50]
[2024-04-18 21:18:38,917][func.train][INFO] - [DATASET] test size: 73601
[2024-04-18 21:18:38,917][func.train][INFO] - [DATASET] test video_indices: [51]
[2024-04-18 21:18:40,698][func.train][INFO] - [DATASET] test size: 49151
[2024-04-18 21:18:40,698][func.train][INFO] - [DATASET] test video_indices: [52]
[2024-04-18 21:18:42,558][func.train][INFO] - [DATASET] test size: 82076
[2024-04-18 21:18:42,558][func.train][INFO] - [DATASET] test video_indices: [53]
[2024-04-18 21:18:45,188][func.train][INFO] - [DATASET] test size: 77501
[2024-04-18 21:18:45,189][func.train][INFO] - [DATASET] test video_indices: [54]
[2024-04-18 21:18:47,518][func.train][INFO] - [DATASET] test size: 25926
[2024-04-18 21:18:47,519][func.train][INFO] - [DATASET] test video_indices: [55]
[2024-04-18 21:18:49,834][func.train][INFO] - [DATASET] test size: 45851
[2024-04-18 21:18:49,837][func.train][INFO] - [DATASET] test video_indices: [56]
[2024-04-18 21:18:52,176][func.train][INFO] - [DATASET] test size: 65801
[2024-04-18 21:18:52,177][func.train][INFO] - [DATASET] test video_indices: [57]
[2024-04-18 21:18:54,678][func.train][INFO] - [DATASET] test size: 149826
[2024-04-18 21:18:54,678][func.train][INFO] - [DATASET] test video_indices: [58]
[2024-04-18 21:18:57,063][func.train][INFO] - [DATASET] test size: 26151
[2024-04-18 21:18:57,064][func.train][INFO] - [DATASET] test video_indices: [59]
[2024-04-18 21:18:59,396][func.train][INFO] - [DATASET] test size: 63301
[2024-04-18 21:18:59,397][func.train][INFO] - [DATASET] test video_indices: [60]
[2024-04-18 21:19:01,959][func.train][INFO] - [DATASET] test size: 110226
[2024-04-18 21:19:01,960][func.train][INFO] - [DATASET] test video_indices: [61]
[2024-04-18 21:19:04,310][func.train][INFO] - [DATASET] test size: 50801
[2024-04-18 21:19:04,311][func.train][INFO] - [DATASET] test video_indices: [62]
[2024-04-18 21:19:06,681][func.train][INFO] - [DATASET] test size: 85826
[2024-04-18 21:19:06,681][func.train][INFO] - [DATASET] test video_indices: [63]
[2024-04-18 21:19:09,144][func.train][INFO] - [DATASET] test size: 59951
[2024-04-18 21:19:09,145][func.train][INFO] - [DATASET] test video_indices: [64]
[2024-04-18 21:19:11,559][func.train][INFO] - [DATASET] test size: 46826
[2024-04-18 21:19:11,560][func.train][INFO] - [DATASET] test video_indices: [65]
[2024-04-18 21:19:13,974][func.train][INFO] - [DATASET] test size: 45601
[2024-04-18 21:19:13,974][func.train][INFO] - [DATASET] test video_indices: [66]
[2024-04-18 21:19:16,385][func.train][INFO] - [DATASET] test size: 58826
[2024-04-18 21:19:16,385][func.train][INFO] - [DATASET] test video_indices: [67]
[2024-04-18 21:19:18,625][func.train][INFO] - [DATASET] test size: 49301
[2024-04-18 21:19:18,626][func.train][INFO] - [DATASET] test video_indices: [68]
[2024-04-18 21:19:20,793][func.train][INFO] - [DATASET] test size: 114376
[2024-04-18 21:19:20,793][func.train][INFO] - [DATASET] test video_indices: [69]
[2024-04-18 21:19:22,888][func.train][INFO] - [DATASET] test size: 29851
[2024-04-18 21:19:22,888][func.train][INFO] - [DATASET] test video_indices: [70]
[2024-04-18 21:19:24,917][func.train][INFO] - [DATASET] test size: 62876
[2024-04-18 21:19:24,917][func.train][INFO] - [DATASET] test video_indices: [71]
[2024-04-18 21:19:26,861][func.train][INFO] - [DATASET] test size: 77651
[2024-04-18 21:19:26,862][func.train][INFO] - [DATASET] test video_indices: [72]
[2024-04-18 21:19:28,678][func.train][INFO] - [DATASET] test size: 33901
[2024-04-18 21:19:28,678][func.train][INFO] - [DATASET] test video_indices: [73]
[2024-04-18 21:19:30,507][func.train][INFO] - [DATASET] test size: 40851
[2024-04-18 21:19:30,508][func.train][INFO] - [DATASET] test video_indices: [74]
[2024-04-18 21:19:32,321][func.train][INFO] - [DATASET] test size: 48076
[2024-04-18 21:19:32,321][func.train][INFO] - [DATASET] test video_indices: [75]
[2024-04-18 21:19:34,461][func.train][INFO] - [DATASET] test size: 66226
[2024-04-18 21:19:34,462][func.train][INFO] - [DATASET] test video_indices: [76]
[2024-04-18 21:19:36,345][func.train][INFO] - [DATASET] test size: 62551
[2024-04-18 21:19:36,345][func.train][INFO] - [DATASET] test video_indices: [77]
[2024-04-18 21:19:38,374][func.train][INFO] - [DATASET] test size: 18476
[2024-04-18 21:19:38,375][func.train][INFO] - [DATASET] test video_indices: [78]
[2024-04-18 21:19:40,307][func.train][INFO] - [DATASET] test size: 85351
[2024-04-18 21:19:40,308][func.train][INFO] - [DATASET] test video_indices: [79]
[2024-04-18 21:19:42,409][func.train][INFO] - [DATASET] test size: 43101
[2024-04-18 21:19:42,409][func.train][INFO] - [DATASET] test video_indices: [80]
[2024-04-18 21:19:42,453][func.train][INFO] - Time taken to load datasets: 94.866781
[2024-04-18 21:19:42,454][func.train][INFO] - Creating data loaders
[2024-04-18 21:19:42,458][func.train][INFO] - Creating model with {'one': 7} classes
[2024-04-18 21:19:44,058][func.train][INFO] - [MAIN] Number of parameters: 39530989
[2024-04-18 21:19:44,059][func.train][INFO] - [MAIN] Number of samples: 86304
[2024-04-18 21:19:44,059][func.train][INFO] - [MAIN] Data-to-Parameter-Ratio is ideally between [1:1 to 10:1]: 458.043532
[2024-04-18 21:19:44,060][func.train][INFO] - Using LR 0.000300 WD 0.000010 for parameters
[2024-04-18 21:19:44,060][func.train][INFO] - Using LR 0.000300 WD 0.000010 for parameters
[2024-04-18 21:19:44,068][func.train][INFO] - Wrapping model into DP
[2024-04-18 21:19:44,285][func.train][INFO] - Start training
[2024-04-18 21:19:44,290][func.train][INFO] - Storing checkpoints every 60.00 mins
[2024-04-18 21:19:45,918][func.train][INFO] - [TRAINING] Step 0/10788 | Loss: 3.35 | Acc (curr_frames): 0.05 | Acc (next_frames): 0.07 | time-left: 292.66 min
[2024-04-18 21:20:12,794][func.train][INFO] - [TRAINING] Step 100/10788 | Loss: 2.65 | Acc (curr_frames): 0.03 | Acc (next_frames): 0.11 | time-left: 50.27 min
[2024-04-18 21:20:37,003][func.train][INFO] - [TRAINING] Step 200/10788 | Loss: 2.51 | Acc (curr_frames): 0.08 | Acc (next_frames): 0.37 | time-left: 46.27 min
[2024-04-18 21:21:01,752][func.train][INFO] - [TRAINING] Step 300/10788 | Loss: 2.10 | Acc (curr_frames): 0.53 | Acc (next_frames): 0.66 | time-left: 44.98 min
[2024-04-18 21:21:27,208][func.train][INFO] - [TRAINING] Step 400/10788 | Loss: 2.00 | Acc (curr_frames): 0.61 | Acc (next_frames): 0.63 | time-left: 44.43 min
[2024-04-18 21:21:51,375][func.train][INFO] - [TRAINING] Step 500/10788 | Loss: 1.10 | Acc (curr_frames): 0.79 | Acc (next_frames): 0.78 | time-left: 43.49 min
[2024-04-18 21:22:14,405][func.train][INFO] - [TRAINING] Step 600/10788 | Loss: 1.82 | Acc (curr_frames): 0.61 | Acc (next_frames): 0.60 | time-left: 42.41 min
[2024-04-18 21:22:39,653][func.train][INFO] - [TRAINING] Step 700/10788 | Loss: 2.35 | Acc (curr_frames): 0.41 | Acc (next_frames): 0.42 | time-left: 42.06 min
[2024-04-18 21:23:03,527][func.train][INFO] - [TRAINING] Step 800/10788 | Loss: 2.13 | Acc (curr_frames): 0.57 | Acc (next_frames): 0.56 | time-left: 41.40 min
[2024-04-18 21:23:26,363][func.train][INFO] - [TRAINING] Step 900/10788 | Loss: 0.98 | Acc (curr_frames): 0.59 | Acc (next_frames): 0.61 | time-left: 40.61 min
[2024-04-18 21:23:49,341][func.train][INFO] - [TRAINING] Step 1000/10788 | Loss: 1.04 | Acc (curr_frames): 0.62 | Acc (next_frames): 0.63 | time-left: 39.93 min
[2024-04-18 21:24:11,813][func.train][INFO] - [TRAINING] Step 1100/10788 | Loss: 1.65 | Acc (curr_frames): 0.59 | Acc (next_frames): 0.58 | time-left: 39.23 min
[2024-04-18 21:24:34,800][func.train][INFO] - [TRAINING] Step 1200/10788 | Loss: 1.55 | Acc (curr_frames): 0.50 | Acc (next_frames): 0.49 | time-left: 38.65 min
[2024-04-18 21:24:57,397][func.train][INFO] - [TRAINING] Step 1300/10788 | Loss: 1.29 | Acc (curr_frames): 0.60 | Acc (next_frames): 0.60 | time-left: 38.05 min
[2024-04-18 21:25:19,344][func.train][INFO] - [TRAINING] Step 1400/10788 | Loss: 1.30 | Acc (curr_frames): 0.70 | Acc (next_frames): 0.68 | time-left: 37.42 min
[2024-04-18 21:25:41,729][func.train][INFO] - [TRAINING] Step 1500/10788 | Loss: 1.69 | Acc (curr_frames): 0.74 | Acc (next_frames): 0.70 | time-left: 36.86 min
[2024-04-18 21:26:07,191][func.train][INFO] - [TRAINING] Step 1600/10788 | Loss: 1.35 | Acc (curr_frames): 0.51 | Acc (next_frames): 0.57 | time-left: 36.62 min
[2024-04-18 21:26:31,724][func.train][INFO] - [TRAINING] Step 1700/10788 | Loss: 1.07 | Acc (curr_frames): 0.55 | Acc (next_frames): 0.54 | time-left: 36.28 min
[2024-04-18 21:26:54,348][func.train][INFO] - [TRAINING] Step 1800/10788 | Loss: 0.58 | Acc (curr_frames): 0.88 | Acc (next_frames): 0.87 | time-left: 35.77 min
[2024-04-18 21:27:18,525][func.train][INFO] - [TRAINING] Step 1900/10788 | Loss: 0.70 | Acc (curr_frames): 0.80 | Acc (next_frames): 0.75 | time-left: 35.39 min
[2024-04-18 21:27:42,177][func.train][INFO] - [TRAINING] Step 2000/10788 | Loss: 1.41 | Acc (curr_frames): 0.52 | Acc (next_frames): 0.55 | time-left: 34.98 min
[2024-04-18 21:28:04,856][func.train][INFO] - [TRAINING] Step 2100/10788 | Loss: 1.47 | Acc (curr_frames): 0.66 | Acc (next_frames): 0.68 | time-left: 34.49 min
[2024-04-18 21:28:30,481][func.train][INFO] - [TRAINING] Step 2200/10788 | Loss: 1.23 | Acc (curr_frames): 0.75 | Acc (next_frames): 0.73 | time-left: 34.21 min
[2024-04-18 21:28:53,924][func.train][INFO] - [TRAINING] Step 2300/10788 | Loss: 1.28 | Acc (curr_frames): 0.72 | Acc (next_frames): 0.69 | time-left: 33.79 min
[2024-04-18 21:29:16,861][func.train][INFO] - [TRAINING] Step 2400/10788 | Loss: 0.70 | Acc (curr_frames): 0.74 | Acc (next_frames): 0.73 | time-left: 33.33 min
[2024-04-18 21:29:41,983][func.train][INFO] - [TRAINING] Step 2500/10788 | Loss: 0.81 | Acc (curr_frames): 0.82 | Acc (next_frames): 0.79 | time-left: 33.01 min
[2024-04-18 21:30:05,569][func.train][INFO] - [TRAINING] Step 2600/10788 | Loss: 0.48 | Acc (curr_frames): 0.85 | Acc (next_frames): 0.83 | time-left: 32.59 min
[2024-04-18 21:30:28,763][func.train][INFO] - [TRAINING] Step 2700/10788 | Loss: 0.46 | Acc (curr_frames): 0.81 | Acc (next_frames): 0.81 | time-left: 32.16 min
[2024-04-18 21:30:52,415][func.train][INFO] - [TRAINING] Step 2800/10788 | Loss: 1.06 | Acc (curr_frames): 0.78 | Acc (next_frames): 0.77 | time-left: 31.75 min
[2024-04-18 21:31:15,515][func.train][INFO] - [TRAINING] Step 2900/10788 | Loss: 1.15 | Acc (curr_frames): 0.83 | Acc (next_frames): 0.82 | time-left: 31.32 min
[2024-04-18 21:31:39,864][func.train][INFO] - [TRAINING] Step 3000/10788 | Loss: 0.86 | Acc (curr_frames): 0.76 | Acc (next_frames): 0.74 | time-left: 30.95 min
[2024-04-18 21:32:06,108][func.train][INFO] - [TRAINING] Step 3100/10788 | Loss: 0.46 | Acc (curr_frames): 0.86 | Acc (next_frames): 0.85 | time-left: 30.65 min
[2024-04-18 21:32:29,193][func.train][INFO] - [TRAINING] Step 3200/10788 | Loss: 0.56 | Acc (curr_frames): 0.86 | Acc (next_frames): 0.86 | time-left: 30.22 min
[2024-04-18 21:32:52,549][func.train][INFO] - [TRAINING] Step 3300/10788 | Loss: 0.37 | Acc (curr_frames): 0.77 | Acc (next_frames): 0.76 | time-left: 29.80 min
[2024-04-18 21:33:17,588][func.train][INFO] - [TRAINING] Step 3400/10788 | Loss: 0.42 | Acc (curr_frames): 0.76 | Acc (next_frames): 0.76 | time-left: 29.44 min
[2024-04-18 21:33:41,255][func.train][INFO] - [TRAINING] Step 3500/10788 | Loss: 0.84 | Acc (curr_frames): 0.79 | Acc (next_frames): 0.77 | time-left: 29.03 min
[2024-04-18 21:34:02,686][func.train][INFO] - [TRAINING] Step 3600/10788 | Loss: 0.25 | Acc (curr_frames): 0.81 | Acc (next_frames): 0.79 | time-left: 28.55 min
[2024-04-18 21:34:25,435][func.train][INFO] - [TRAINING] Step 3700/10788 | Loss: 0.49 | Acc (curr_frames): 0.79 | Acc (next_frames): 0.78 | time-left: 28.12 min
[2024-04-18 21:34:48,756][func.train][INFO] - [TRAINING] Step 3800/10788 | Loss: 0.47 | Acc (curr_frames): 0.82 | Acc (next_frames): 0.81 | time-left: 27.71 min
[2024-04-18 21:35:10,334][func.train][INFO] - [TRAINING] Step 3900/10788 | Loss: 0.24 | Acc (curr_frames): 0.82 | Acc (next_frames): 0.82 | time-left: 27.25 min
[2024-04-18 21:35:32,631][func.train][INFO] - [TRAINING] Step 4000/10788 | Loss: 0.87 | Acc (curr_frames): 0.79 | Acc (next_frames): 0.77 | time-left: 26.81 min
[2024-04-18 21:35:55,705][func.train][INFO] - [TRAINING] Step 4100/10788 | Loss: 0.79 | Acc (curr_frames): 0.75 | Acc (next_frames): 0.73 | time-left: 26.40 min
[2024-04-18 21:36:17,765][func.train][INFO] - [TRAINING] Step 4200/10788 | Loss: 0.29 | Acc (curr_frames): 0.80 | Acc (next_frames): 0.79 | time-left: 25.96 min
[2024-04-18 21:36:39,236][func.train][INFO] - [TRAINING] Step 4300/10788 | Loss: 0.55 | Acc (curr_frames): 0.82 | Acc (next_frames): 0.79 | time-left: 25.51 min
[2024-04-18 21:37:02,360][func.train][INFO] - [TRAINING] Step 4400/10788 | Loss: 0.72 | Acc (curr_frames): 0.82 | Acc (next_frames): 0.79 | time-left: 25.11 min
[2024-04-18 21:37:26,071][func.train][INFO] - [TRAINING] Step 4500/10788 | Loss: 0.24 | Acc (curr_frames): 0.88 | Acc (next_frames): 0.88 | time-left: 24.72 min
[2024-04-18 21:37:47,811][func.train][INFO] - [TRAINING] Step 4600/10788 | Loss: 0.32 | Acc (curr_frames): 0.84 | Acc (next_frames): 0.84 | time-left: 24.28 min
[2024-04-18 21:38:09,623][func.train][INFO] - [TRAINING] Step 4700/10788 | Loss: 0.64 | Acc (curr_frames): 0.80 | Acc (next_frames): 0.77 | time-left: 23.85 min
[2024-04-18 21:38:30,877][func.train][INFO] - [TRAINING] Step 4800/10788 | Loss: 0.51 | Acc (curr_frames): 0.75 | Acc (next_frames): 0.74 | time-left: 23.41 min
[2024-04-18 21:38:53,004][func.train][INFO] - [TRAINING] Step 4900/10788 | Loss: 0.30 | Acc (curr_frames): 0.87 | Acc (next_frames): 0.86 | time-left: 23.00 min
[2024-04-18 21:39:14,769][func.train][INFO] - [TRAINING] Step 5000/10788 | Loss: 0.45 | Acc (curr_frames): 0.87 | Acc (next_frames): 0.86 | time-left: 22.57 min
[2024-04-18 21:39:36,806][func.train][INFO] - [TRAINING] Step 5100/10788 | Loss: 0.26 | Acc (curr_frames): 0.82 | Acc (next_frames): 0.84 | time-left: 22.16 min
[2024-04-18 21:39:58,485][func.train][INFO] - [TRAINING] Step 5200/10788 | Loss: 0.20 | Acc (curr_frames): 0.85 | Acc (next_frames): 0.84 | time-left: 21.74 min
[2024-04-18 21:40:19,708][func.train][INFO] - [TRAINING] Step 5300/10788 | Loss: 0.14 | Acc (curr_frames): 0.92 | Acc (next_frames): 0.92 | time-left: 21.31 min
[2024-04-18 21:40:40,792][func.train][INFO] - [TRAINING] Step 5400/10788 | Loss: 0.40 | Acc (curr_frames): 0.90 | Acc (next_frames): 0.87 | time-left: 20.89 min
[2024-04-18 21:41:04,014][func.train][INFO] - [TRAINING] Step 5500/10788 | Loss: 0.32 | Acc (curr_frames): 0.74 | Acc (next_frames): 0.73 | time-left: 20.50 min
[2024-04-18 21:41:27,572][func.train][INFO] - [TRAINING] Step 5600/10788 | Loss: 0.25 | Acc (curr_frames): 0.85 | Acc (next_frames): 0.83 | time-left: 20.12 min
[2024-04-18 21:41:49,364][func.train][INFO] - [TRAINING] Step 5700/10788 | Loss: 0.11 | Acc (curr_frames): 0.87 | Acc (next_frames): 0.86 | time-left: 19.71 min
[2024-04-18 21:42:10,482][func.train][INFO] - [TRAINING] Step 5800/10788 | Loss: 0.28 | Acc (curr_frames): 0.75 | Acc (next_frames): 0.73 | time-left: 19.29 min
[2024-04-18 21:42:34,908][func.train][INFO] - [TRAINING] Step 5900/10788 | Loss: 0.31 | Acc (curr_frames): 0.85 | Acc (next_frames): 0.84 | time-left: 18.92 min
[2024-04-18 21:42:58,357][func.train][INFO] - [TRAINING] Step 6000/10788 | Loss: 0.34 | Acc (curr_frames): 0.85 | Acc (next_frames): 0.82 | time-left: 18.53 min
[2024-04-18 21:43:20,675][func.train][INFO] - [TRAINING] Step 6100/10788 | Loss: 0.13 | Acc (curr_frames): 0.95 | Acc (next_frames): 0.94 | time-left: 18.14 min
[2024-04-18 21:43:42,081][func.train][INFO] - [TRAINING] Step 6200/10788 | Loss: 0.33 | Acc (curr_frames): 0.87 | Acc (next_frames): 0.86 | time-left: 17.73 min
[2024-04-18 21:44:04,159][func.train][INFO] - [TRAINING] Step 6300/10788 | Loss: 0.31 | Acc (curr_frames): 0.88 | Acc (next_frames): 0.86 | time-left: 17.33 min
[2024-04-18 21:44:27,599][func.train][INFO] - [TRAINING] Step 6400/10788 | Loss: 0.35 | Acc (curr_frames): 0.88 | Acc (next_frames): 0.86 | time-left: 16.94 min
[2024-04-18 21:44:49,922][func.train][INFO] - [TRAINING] Step 6500/10788 | Loss: 0.31 | Acc (curr_frames): 0.89 | Acc (next_frames): 0.84 | time-left: 16.55 min
[2024-04-18 21:45:11,409][func.train][INFO] - [TRAINING] Step 6600/10788 | Loss: 0.49 | Acc (curr_frames): 0.85 | Acc (next_frames): 0.82 | time-left: 16.14 min
[2024-04-18 21:45:34,824][func.train][INFO] - [TRAINING] Step 6700/10788 | Loss: 0.58 | Acc (curr_frames): 0.86 | Acc (next_frames): 0.81 | time-left: 15.76 min
[2024-04-18 21:45:58,730][func.train][INFO] - [TRAINING] Step 6800/10788 | Loss: 0.27 | Acc (curr_frames): 0.86 | Acc (next_frames): 0.79 | time-left: 15.38 min
[2024-04-18 21:46:20,378][func.train][INFO] - [TRAINING] Step 6900/10788 | Loss: 0.38 | Acc (curr_frames): 0.88 | Acc (next_frames): 0.82 | time-left: 14.98 min
[2024-04-18 21:46:42,762][func.train][INFO] - [TRAINING] Step 7000/10788 | Loss: 0.09 | Acc (curr_frames): 0.94 | Acc (next_frames): 0.93 | time-left: 14.59 min
[2024-04-18 21:47:04,178][func.train][INFO] - [TRAINING] Step 7100/10788 | Loss: 0.29 | Acc (curr_frames): 0.90 | Acc (next_frames): 0.81 | time-left: 14.19 min
[2024-04-18 21:47:26,818][func.train][INFO] - [TRAINING] Step 7200/10788 | Loss: 0.27 | Acc (curr_frames): 0.88 | Acc (next_frames): 0.81 | time-left: 13.80 min
[2024-04-18 21:47:49,418][func.train][INFO] - [TRAINING] Step 7300/10788 | Loss: 0.22 | Acc (curr_frames): 0.94 | Acc (next_frames): 0.89 | time-left: 13.41 min
[2024-04-18 21:48:13,043][func.train][INFO] - [TRAINING] Step 7400/10788 | Loss: 0.17 | Acc (curr_frames): 0.98 | Acc (next_frames): 0.94 | time-left: 13.03 min
[2024-04-18 21:48:34,523][func.train][INFO] - [TRAINING] Step 7500/10788 | Loss: 0.15 | Acc (curr_frames): 0.93 | Acc (next_frames): 0.89 | time-left: 12.64 min
[2024-04-18 21:48:57,470][func.train][INFO] - [TRAINING] Step 7600/10788 | Loss: 0.17 | Acc (curr_frames): 0.94 | Acc (next_frames): 0.88 | time-left: 12.25 min
[2024-04-18 21:49:20,278][func.train][INFO] - [TRAINING] Step 7700/10788 | Loss: 0.12 | Acc (curr_frames): 0.92 | Acc (next_frames): 0.90 | time-left: 11.87 min
[2024-04-18 21:49:42,510][func.train][INFO] - [TRAINING] Step 7800/10788 | Loss: 0.34 | Acc (curr_frames): 0.84 | Acc (next_frames): 0.75 | time-left: 11.48 min
[2024-04-18 21:50:04,573][func.train][INFO] - [TRAINING] Step 7900/10788 | Loss: 0.12 | Acc (curr_frames): 0.92 | Acc (next_frames): 0.84 | time-left: 11.09 min
[2024-04-18 21:50:26,757][func.train][INFO] - [TRAINING] Step 8000/10788 | Loss: 0.14 | Acc (curr_frames): 0.95 | Acc (next_frames): 0.91 | time-left: 10.70 min
[2024-04-18 21:50:50,051][func.train][INFO] - [TRAINING] Step 8100/10788 | Loss: 0.31 | Acc (curr_frames): 0.93 | Acc (next_frames): 0.89 | time-left: 10.31 min
[2024-04-18 21:51:12,612][func.train][INFO] - [TRAINING] Step 8200/10788 | Loss: 0.22 | Acc (curr_frames): 0.93 | Acc (next_frames): 0.89 | time-left: 9.93 min
[2024-04-18 21:51:35,464][func.train][INFO] - [TRAINING] Step 8300/10788 | Loss: 0.10 | Acc (curr_frames): 0.95 | Acc (next_frames): 0.91 | time-left: 9.54 min
[2024-04-18 21:51:57,113][func.train][INFO] - [TRAINING] Step 8400/10788 | Loss: 0.08 | Acc (curr_frames): 0.97 | Acc (next_frames): 0.93 | time-left: 9.15 min
[2024-04-18 21:52:20,381][func.train][INFO] - [TRAINING] Step 8500/10788 | Loss: 0.10 | Acc (curr_frames): 0.96 | Acc (next_frames): 0.93 | time-left: 8.77 min
[2024-04-18 21:52:43,111][func.train][INFO] - [TRAINING] Step 8600/10788 | Loss: 0.26 | Acc (curr_frames): 0.86 | Acc (next_frames): 0.76 | time-left: 8.39 min
[2024-04-18 21:53:05,173][func.train][INFO] - [TRAINING] Step 8700/10788 | Loss: 0.15 | Acc (curr_frames): 0.96 | Acc (next_frames): 0.90 | time-left: 8.00 min
[2024-04-18 21:53:27,465][func.train][INFO] - [TRAINING] Step 8800/10788 | Loss: 0.07 | Acc (curr_frames): 0.99 | Acc (next_frames): 0.97 | time-left: 7.61 min
[2024-04-18 21:53:51,504][func.train][INFO] - [TRAINING] Step 8900/10788 | Loss: 0.12 | Acc (curr_frames): 0.98 | Acc (next_frames): 0.89 | time-left: 7.23 min
[2024-04-18 21:54:14,060][func.train][INFO] - [TRAINING] Step 9000/10788 | Loss: 0.17 | Acc (curr_frames): 0.94 | Acc (next_frames): 0.89 | time-left: 6.85 min
[2024-04-18 21:54:35,332][func.train][INFO] - [TRAINING] Step 9100/10788 | Loss: 0.15 | Acc (curr_frames): 0.97 | Acc (next_frames): 0.94 | time-left: 6.46 min
[2024-04-18 21:54:57,833][func.train][INFO] - [TRAINING] Step 9200/10788 | Loss: 0.13 | Acc (curr_frames): 0.94 | Acc (next_frames): 0.88 | time-left: 6.08 min
[2024-04-18 21:55:20,119][func.train][INFO] - [TRAINING] Step 9300/10788 | Loss: 0.07 | Acc (curr_frames): 0.90 | Acc (next_frames): 0.82 | time-left: 5.69 min
[2024-04-18 21:55:41,385][func.train][INFO] - [TRAINING] Step 9400/10788 | Loss: 0.11 | Acc (curr_frames): 0.95 | Acc (next_frames): 0.90 | time-left: 5.30 min
[2024-04-18 21:56:02,851][func.train][INFO] - [TRAINING] Step 9500/10788 | Loss: 0.07 | Acc (curr_frames): 0.96 | Acc (next_frames): 0.90 | time-left: 4.92 min
[2024-04-18 21:56:24,202][func.train][INFO] - [TRAINING] Step 9600/10788 | Loss: 0.16 | Acc (curr_frames): 0.95 | Acc (next_frames): 0.93 | time-left: 4.53 min
[2024-04-18 21:56:45,345][func.train][INFO] - [TRAINING] Step 9700/10788 | Loss: 0.21 | Acc (curr_frames): 0.96 | Acc (next_frames): 0.90 | time-left: 4.15 min
[2024-04-18 21:57:06,316][func.train][INFO] - [TRAINING] Step 9800/10788 | Loss: 0.36 | Acc (curr_frames): 0.89 | Acc (next_frames): 0.83 | time-left: 3.76 min
[2024-04-18 21:57:27,819][func.train][INFO] - [TRAINING] Step 9900/10788 | Loss: 0.34 | Acc (curr_frames): 0.94 | Acc (next_frames): 0.86 | time-left: 3.38 min
[2024-04-18 21:57:48,734][func.train][INFO] - [TRAINING] Step 10000/10788 | Loss: 0.13 | Acc (curr_frames): 0.94 | Acc (next_frames): 0.89 | time-left: 3.00 min
[2024-04-18 21:58:10,631][func.train][INFO] - [TRAINING] Step 10100/10788 | Loss: 0.07 | Acc (curr_frames): 0.99 | Acc (next_frames): 0.95 | time-left: 2.61 min
[2024-04-18 21:58:32,890][func.train][INFO] - [TRAINING] Step 10200/10788 | Loss: 0.31 | Acc (curr_frames): 0.96 | Acc (next_frames): 0.91 | time-left: 2.23 min
[2024-04-18 21:58:54,881][func.train][INFO] - [TRAINING] Step 10300/10788 | Loss: 0.21 | Acc (curr_frames): 0.94 | Acc (next_frames): 0.86 | time-left: 1.85 min
[2024-04-18 21:59:16,863][func.train][INFO] - [TRAINING] Step 10400/10788 | Loss: 0.11 | Acc (curr_frames): 0.96 | Acc (next_frames): 0.91 | time-left: 1.47 min
[2024-04-18 21:59:39,184][func.train][INFO] - [TRAINING] Step 10500/10788 | Loss: 0.17 | Acc (curr_frames): 0.97 | Acc (next_frames): 0.91 | time-left: 1.09 min
[2024-04-18 22:00:00,861][func.train][INFO] - [TRAINING] Step 10600/10788 | Loss: 0.08 | Acc (curr_frames): 0.96 | Acc (next_frames): 0.92 | time-left: 0.71 min
[2024-04-18 22:00:22,197][func.train][INFO] - [TRAINING] Step 10700/10788 | Loss: 0.23 | Acc (curr_frames): 0.95 | Acc (next_frames): 0.83 | time-left: 0.33 min
[2024-04-18 22:00:41,470][root][INFO] - Storing ckpt at epoch 1.000000 to checkpoint.pth
