[2024-08-09 11:33:27,736][func.train][INFO] - Dist info:
[2024-08-09 11:33:27,736][func.train][INFO] - torch version: 2.2.2+cu121
[2024-08-09 11:33:27,737][func.train][INFO] - torchvision version: 0.17.2+cu121
[2024-08-09 11:33:27,737][func.train][INFO] - hydra version: 1.3.2
[2024-08-09 11:33:27,742][func.train][INFO] - [MAIN] eval horizons for regression: [2, 3, 5]
[2024-08-09 11:33:27,742][func.train][INFO] - Loading data
[2024-08-09 11:33:27,742][func.train][INFO] - Loading datasets
[2024-08-09 11:33:29,454][func.train][INFO] - [SELECT DATASET] ALL loaded dataframe in 0m 2s
[2024-08-09 11:33:29,455][func.train][INFO] - [SELECT DATASET] ALL loaded dataframe: (4612530, 11)
[2024-08-09 11:33:29,658][func.train][INFO] - [SELECT DATASET] labels are already starting from 0
[2024-08-09 11:33:29,995][func.train][INFO] - [SELECT DATASET] ALL unique classes: [0 1 2 3 4 5 6]
[2024-08-09 11:33:30,007][func.train][INFO] - [SELECT DATASET] aLL dataframe (head):                    image_path class  ... tool_Irrigator tool_SpecimenBag
0  video01/video01_000001.png     0  ...              0                0
1  video01/video01_000002.png     0  ...              0                0
2  video01/video01_000003.png     0  ...              0                0
3  video01/video01_000004.png     0  ...              0                0
4  video01/video01_000005.png     0  ...              0                0

[5 rows x 11 columns]
[2024-08-09 11:33:30,014][func.train][INFO] - [SELECT DATASET] ALL dataframe (tail):                          image_path class  ... tool_Irrigator tool_SpecimenBag
4612525  video80/video80_043097.png     6  ...              0                0
4612526  video80/video80_043098.png     6  ...              0                0
4612527  video80/video80_043099.png     6  ...              0                0
4612528  video80/video80_043100.png     6  ...              0                0
4612529  video80/video80_043101.png     6  ...              0                0

[5 rows x 11 columns]
[2024-08-09 11:33:30,015][func.train][INFO] - [DATASET] params: {'debug': False, 'dataset_name': 'cholec80', 'reduc_feats_folder': 'train_targets_x_mp/', 'num_classes': 7, 'num_next_labels': 6, 'last_seg_class': 7, 'predict_next_phase': True, 'get_target_feats': False, 'replace_current_with_next_class': False}
[2024-08-09 11:33:31,414][func.train][INFO] - [DATASET] df unique videos: [1 2 3 4 5 6 7 8 9 10 11 12 13 14 15 16 17 18 19 20 21 22 23 24 25 26 27
 28 29 30 31 32 33 34 35 36 37 38 39 40 41 42 43 44 45 46 47 48 49 50 51
 52 53 54 55 56 57 58 59 60 61 62 63 64 65 66 67 68 69 70 71 72 73 74 75
 76 77 78 79 80]
[2024-08-09 11:33:31,414][func.train][INFO] - [DATASET] split: train video_indices: [1, 2, 3, 4, 5, 6, 7, 8, 9, 10, 11, 12, 13, 14, 15, 16, 17, 18, 19, 20, 21, 22, 23, 24, 25, 26, 27, 28, 29, 30, 31, 32, 33, 34, 35, 36, 37, 38, 39, 40]
[2024-08-09 11:33:32,894][func.train][INFO] - [DATASET] train size: 2157640
[2024-08-09 11:33:32,894][func.train][INFO] - [DATASET] train video_indices: [1, 2, 3, 4, 5, 6, 7, 8, 9, 10, 11, 12, 13, 14, 15, 16, 17, 18, 19, 20, 21, 22, 23, 24, 25, 26, 27, 28, 29, 30, 31, 32, 33, 34, 35, 36, 37, 38, 39, 40]
[2024-08-09 11:33:32,894][func.train][INFO] - [DATASET] video_idx: 1
[2024-08-09 11:33:32,995][func.train][INFO] - [DATASET] Sampled video_idx: 1 at 25 fps to 1733 frames
[2024-08-09 11:33:33,020][func.train][INFO] - [DATASET] video 1 phase_labels: torch.Size([1733])
[2024-08-09 11:33:33,334][func.train][INFO] - [DATASET] gt_remaining_time h=2: torch.Size([1733, 8])
[2024-08-09 11:33:33,381][func.train][INFO] - [DATASET] gt_remaining_time h=3: torch.Size([1733, 8])
[2024-08-09 11:33:33,443][func.train][INFO] - [DATASET] gt_remaining_time h=5: torch.Size([1733, 8])
[2024-08-09 11:33:33,443][func.train][INFO] - 

[2024-08-09 11:33:33,443][func.train][INFO] - [DATASET] video_idx: 2
[2024-08-09 11:33:33,567][func.train][INFO] - [DATASET] Sampled video_idx: 2 at 25 fps to 2839 frames
[2024-08-09 11:33:33,568][func.train][INFO] - [DATASET] video 2 phase_labels: torch.Size([2839])
[2024-08-09 11:33:33,654][func.train][INFO] - [DATASET] gt_remaining_time h=2: torch.Size([2839, 8])
[2024-08-09 11:33:33,734][func.train][INFO] - [DATASET] gt_remaining_time h=3: torch.Size([2839, 8])
[2024-08-09 11:33:33,845][func.train][INFO] - [DATASET] gt_remaining_time h=5: torch.Size([2839, 8])
[2024-08-09 11:33:33,845][func.train][INFO] - 

[2024-08-09 11:33:33,845][func.train][INFO] - [DATASET] video_idx: 3
[2024-08-09 11:33:33,965][func.train][INFO] - [DATASET] Sampled video_idx: 3 at 25 fps to 5828 frames
[2024-08-09 11:33:33,966][func.train][INFO] - [DATASET] video 3 phase_labels: torch.Size([5828])
[2024-08-09 11:33:34,172][func.train][INFO] - [DATASET] gt_remaining_time h=2: torch.Size([5828, 8])
[2024-08-09 11:33:34,287][func.train][INFO] - [DATASET] gt_remaining_time h=3: torch.Size([5828, 8])
[2024-08-09 11:33:34,421][func.train][INFO] - [DATASET] gt_remaining_time h=5: torch.Size([5828, 8])
[2024-08-09 11:33:34,421][func.train][INFO] - 

[2024-08-09 11:33:34,421][func.train][INFO] - [DATASET] video_idx: 4
[2024-08-09 11:33:34,529][func.train][INFO] - [DATASET] Sampled video_idx: 4 at 25 fps to 1522 frames
[2024-08-09 11:33:34,530][func.train][INFO] - [DATASET] video 4 phase_labels: torch.Size([1522])
[2024-08-09 11:33:34,571][func.train][INFO] - [DATASET] gt_remaining_time h=2: torch.Size([1522, 8])
[2024-08-09 11:33:34,617][func.train][INFO] - [DATASET] gt_remaining_time h=3: torch.Size([1522, 8])
[2024-08-09 11:33:34,688][func.train][INFO] - [DATASET] gt_remaining_time h=5: torch.Size([1522, 8])
[2024-08-09 11:33:34,688][func.train][INFO] - 

[2024-08-09 11:33:34,688][func.train][INFO] - [DATASET] video_idx: 5
[2024-08-09 11:33:34,800][func.train][INFO] - [DATASET] Sampled video_idx: 5 at 25 fps to 2344 frames
[2024-08-09 11:33:34,801][func.train][INFO] - [DATASET] video 5 phase_labels: torch.Size([2344])
[2024-08-09 11:33:34,851][func.train][INFO] - [DATASET] gt_remaining_time h=2: torch.Size([2344, 8])
[2024-08-09 11:33:34,904][func.train][INFO] - [DATASET] gt_remaining_time h=3: torch.Size([2344, 8])
[2024-08-09 11:33:34,972][func.train][INFO] - [DATASET] gt_remaining_time h=5: torch.Size([2344, 8])
[2024-08-09 11:33:34,973][func.train][INFO] - 

[2024-08-09 11:33:34,973][func.train][INFO] - [DATASET] video_idx: 6
[2024-08-09 11:33:35,096][func.train][INFO] - [DATASET] Sampled video_idx: 6 at 25 fps to 2153 frames
[2024-08-09 11:33:35,097][func.train][INFO] - [DATASET] video 6 phase_labels: torch.Size([2153])
[2024-08-09 11:33:35,153][func.train][INFO] - [DATASET] gt_remaining_time h=2: torch.Size([2153, 8])
[2024-08-09 11:33:35,204][func.train][INFO] - [DATASET] gt_remaining_time h=3: torch.Size([2153, 8])
[2024-08-09 11:33:35,270][func.train][INFO] - [DATASET] gt_remaining_time h=5: torch.Size([2153, 8])
[2024-08-09 11:33:35,270][func.train][INFO] - 

[2024-08-09 11:33:35,270][func.train][INFO] - [DATASET] video_idx: 7
[2024-08-09 11:33:35,399][func.train][INFO] - [DATASET] Sampled video_idx: 7 at 25 fps to 4557 frames
[2024-08-09 11:33:35,400][func.train][INFO] - [DATASET] video 7 phase_labels: torch.Size([4557])
[2024-08-09 11:33:35,500][func.train][INFO] - [DATASET] gt_remaining_time h=2: torch.Size([4557, 8])
[2024-08-09 11:33:35,597][func.train][INFO] - [DATASET] gt_remaining_time h=3: torch.Size([4557, 8])
[2024-08-09 11:33:35,704][func.train][INFO] - [DATASET] gt_remaining_time h=5: torch.Size([4557, 8])
[2024-08-09 11:33:35,704][func.train][INFO] - 

[2024-08-09 11:33:35,704][func.train][INFO] - [DATASET] video_idx: 8
[2024-08-09 11:33:35,805][func.train][INFO] - [DATASET] Sampled video_idx: 8 at 25 fps to 1519 frames
[2024-08-09 11:33:35,806][func.train][INFO] - [DATASET] video 8 phase_labels: torch.Size([1519])
[2024-08-09 11:33:35,845][func.train][INFO] - [DATASET] gt_remaining_time h=2: torch.Size([1519, 8])
[2024-08-09 11:33:35,890][func.train][INFO] - [DATASET] gt_remaining_time h=3: torch.Size([1519, 8])
[2024-08-09 11:33:35,951][func.train][INFO] - [DATASET] gt_remaining_time h=5: torch.Size([1519, 8])
[2024-08-09 11:33:35,951][func.train][INFO] - 

[2024-08-09 11:33:35,951][func.train][INFO] - [DATASET] video_idx: 9
[2024-08-09 11:33:36,062][func.train][INFO] - [DATASET] Sampled video_idx: 9 at 25 fps to 2702 frames
[2024-08-09 11:33:36,063][func.train][INFO] - [DATASET] video 9 phase_labels: torch.Size([2702])
[2024-08-09 11:33:36,118][func.train][INFO] - [DATASET] gt_remaining_time h=2: torch.Size([2702, 8])
[2024-08-09 11:33:36,176][func.train][INFO] - [DATASET] gt_remaining_time h=3: torch.Size([2702, 8])
[2024-08-09 11:33:36,249][func.train][INFO] - [DATASET] gt_remaining_time h=5: torch.Size([2702, 8])
[2024-08-09 11:33:36,249][func.train][INFO] - 

[2024-08-09 11:33:36,250][func.train][INFO] - [DATASET] video_idx: 10
[2024-08-09 11:33:36,350][func.train][INFO] - [DATASET] Sampled video_idx: 10 at 25 fps to 1749 frames
[2024-08-09 11:33:36,351][func.train][INFO] - [DATASET] video 10 phase_labels: torch.Size([1749])
[2024-08-09 11:33:36,390][func.train][INFO] - [DATASET] gt_remaining_time h=2: torch.Size([1749, 8])
[2024-08-09 11:33:36,438][func.train][INFO] - [DATASET] gt_remaining_time h=3: torch.Size([1749, 8])
[2024-08-09 11:33:36,499][func.train][INFO] - [DATASET] gt_remaining_time h=5: torch.Size([1749, 8])
[2024-08-09 11:33:36,499][func.train][INFO] - 

[2024-08-09 11:33:36,499][func.train][INFO] - [DATASET] video_idx: 11
[2024-08-09 11:33:36,615][func.train][INFO] - [DATASET] Sampled video_idx: 11 at 25 fps to 3220 frames
[2024-08-09 11:33:36,616][func.train][INFO] - [DATASET] video 11 phase_labels: torch.Size([3220])
[2024-08-09 11:33:36,678][func.train][INFO] - [DATASET] gt_remaining_time h=2: torch.Size([3220, 8])
[2024-08-09 11:33:36,740][func.train][INFO] - [DATASET] gt_remaining_time h=3: torch.Size([3220, 8])
[2024-08-09 11:33:36,818][func.train][INFO] - [DATASET] gt_remaining_time h=5: torch.Size([3220, 8])
[2024-08-09 11:33:36,818][func.train][INFO] - 

[2024-08-09 11:33:36,818][func.train][INFO] - [DATASET] video_idx: 12
[2024-08-09 11:33:36,910][func.train][INFO] - [DATASET] Sampled video_idx: 12 at 25 fps to 1090 frames
[2024-08-09 11:33:36,910][func.train][INFO] - [DATASET] video 12 phase_labels: torch.Size([1090])
[2024-08-09 11:33:36,945][func.train][INFO] - [DATASET] gt_remaining_time h=2: torch.Size([1090, 8])
[2024-08-09 11:33:36,986][func.train][INFO] - [DATASET] gt_remaining_time h=3: torch.Size([1090, 8])
[2024-08-09 11:33:37,043][func.train][INFO] - [DATASET] gt_remaining_time h=5: torch.Size([1090, 8])
[2024-08-09 11:33:37,043][func.train][INFO] - 

[2024-08-09 11:33:37,043][func.train][INFO] - [DATASET] video_idx: 13
[2024-08-09 11:33:37,146][func.train][INFO] - [DATASET] Sampled video_idx: 13 at 25 fps to 981 frames
[2024-08-09 11:33:37,147][func.train][INFO] - [DATASET] video 13 phase_labels: torch.Size([981])
[2024-08-09 11:33:37,177][func.train][INFO] - [DATASET] gt_remaining_time h=2: torch.Size([981, 8])
[2024-08-09 11:33:37,213][func.train][INFO] - [DATASET] gt_remaining_time h=3: torch.Size([981, 8])
[2024-08-09 11:33:37,264][func.train][INFO] - [DATASET] gt_remaining_time h=5: torch.Size([981, 8])
[2024-08-09 11:33:37,265][func.train][INFO] - 

[2024-08-09 11:33:37,265][func.train][INFO] - [DATASET] video_idx: 14
[2024-08-09 11:33:37,367][func.train][INFO] - [DATASET] Sampled video_idx: 14 at 25 fps to 1708 frames
[2024-08-09 11:33:37,368][func.train][INFO] - [DATASET] video 14 phase_labels: torch.Size([1708])
[2024-08-09 11:33:37,408][func.train][INFO] - [DATASET] gt_remaining_time h=2: torch.Size([1708, 8])
[2024-08-09 11:33:37,456][func.train][INFO] - [DATASET] gt_remaining_time h=3: torch.Size([1708, 8])
[2024-08-09 11:33:37,517][func.train][INFO] - [DATASET] gt_remaining_time h=5: torch.Size([1708, 8])
[2024-08-09 11:33:37,517][func.train][INFO] - 

[2024-08-09 11:33:37,517][func.train][INFO] - [DATASET] video_idx: 15
[2024-08-09 11:33:37,623][func.train][INFO] - [DATASET] Sampled video_idx: 15 at 25 fps to 2058 frames
[2024-08-09 11:33:37,623][func.train][INFO] - [DATASET] video 15 phase_labels: torch.Size([2058])
[2024-08-09 11:33:37,670][func.train][INFO] - [DATASET] gt_remaining_time h=2: torch.Size([2058, 8])
[2024-08-09 11:33:37,722][func.train][INFO] - [DATASET] gt_remaining_time h=3: torch.Size([2058, 8])
[2024-08-09 11:33:37,794][func.train][INFO] - [DATASET] gt_remaining_time h=5: torch.Size([2058, 8])
[2024-08-09 11:33:37,794][func.train][INFO] - 

[2024-08-09 11:33:37,794][func.train][INFO] - [DATASET] video_idx: 16
[2024-08-09 11:33:37,896][func.train][INFO] - [DATASET] Sampled video_idx: 16 at 25 fps to 2957 frames
[2024-08-09 11:33:37,897][func.train][INFO] - [DATASET] video 16 phase_labels: torch.Size([2957])
[2024-08-09 11:33:37,952][func.train][INFO] - [DATASET] gt_remaining_time h=2: torch.Size([2957, 8])
[2024-08-09 11:33:38,011][func.train][INFO] - [DATASET] gt_remaining_time h=3: torch.Size([2957, 8])
[2024-08-09 11:33:38,088][func.train][INFO] - [DATASET] gt_remaining_time h=5: torch.Size([2957, 8])
[2024-08-09 11:33:38,089][func.train][INFO] - 

[2024-08-09 11:33:38,089][func.train][INFO] - [DATASET] video_idx: 17
[2024-08-09 11:33:38,193][func.train][INFO] - [DATASET] Sampled video_idx: 17 at 25 fps to 1304 frames
[2024-08-09 11:33:38,194][func.train][INFO] - [DATASET] video 17 phase_labels: torch.Size([1304])
[2024-08-09 11:33:38,231][func.train][INFO] - [DATASET] gt_remaining_time h=2: torch.Size([1304, 8])
[2024-08-09 11:33:38,281][func.train][INFO] - [DATASET] gt_remaining_time h=3: torch.Size([1304, 8])
[2024-08-09 11:33:38,341][func.train][INFO] - [DATASET] gt_remaining_time h=5: torch.Size([1304, 8])
[2024-08-09 11:33:38,341][func.train][INFO] - 

[2024-08-09 11:33:38,341][func.train][INFO] - [DATASET] video_idx: 18
[2024-08-09 11:33:38,441][func.train][INFO] - [DATASET] Sampled video_idx: 18 at 25 fps to 1942 frames
[2024-08-09 11:33:38,442][func.train][INFO] - [DATASET] video 18 phase_labels: torch.Size([1942])
[2024-08-09 11:33:38,486][func.train][INFO] - [DATASET] gt_remaining_time h=2: torch.Size([1942, 8])
[2024-08-09 11:33:38,533][func.train][INFO] - [DATASET] gt_remaining_time h=3: torch.Size([1942, 8])
[2024-08-09 11:33:38,596][func.train][INFO] - [DATASET] gt_remaining_time h=5: torch.Size([1942, 8])
[2024-08-09 11:33:38,596][func.train][INFO] - 

[2024-08-09 11:33:38,596][func.train][INFO] - [DATASET] video_idx: 19
[2024-08-09 11:33:38,714][func.train][INFO] - [DATASET] Sampled video_idx: 19 at 25 fps to 2424 frames
[2024-08-09 11:33:38,715][func.train][INFO] - [DATASET] video 19 phase_labels: torch.Size([2424])
[2024-08-09 11:33:38,763][func.train][INFO] - [DATASET] gt_remaining_time h=2: torch.Size([2424, 8])
[2024-08-09 11:33:38,815][func.train][INFO] - [DATASET] gt_remaining_time h=3: torch.Size([2424, 8])
[2024-08-09 11:33:38,883][func.train][INFO] - [DATASET] gt_remaining_time h=5: torch.Size([2424, 8])
[2024-08-09 11:33:38,883][func.train][INFO] - 

[2024-08-09 11:33:38,883][func.train][INFO] - [DATASET] video_idx: 20
[2024-08-09 11:33:38,986][func.train][INFO] - [DATASET] Sampled video_idx: 20 at 25 fps to 1449 frames
[2024-08-09 11:33:38,986][func.train][INFO] - [DATASET] video 20 phase_labels: torch.Size([1449])
[2024-08-09 11:33:39,025][func.train][INFO] - [DATASET] gt_remaining_time h=2: torch.Size([1449, 8])
[2024-08-09 11:33:39,069][func.train][INFO] - [DATASET] gt_remaining_time h=3: torch.Size([1449, 8])
[2024-08-09 11:33:39,135][func.train][INFO] - [DATASET] gt_remaining_time h=5: torch.Size([1449, 8])
[2024-08-09 11:33:39,135][func.train][INFO] - 

[2024-08-09 11:33:39,135][func.train][INFO] - [DATASET] video_idx: 21
[2024-08-09 11:33:39,238][func.train][INFO] - [DATASET] Sampled video_idx: 21 at 25 fps to 1258 frames
[2024-08-09 11:33:39,239][func.train][INFO] - [DATASET] video 21 phase_labels: torch.Size([1258])
[2024-08-09 11:33:39,272][func.train][INFO] - [DATASET] gt_remaining_time h=2: torch.Size([1258, 8])
[2024-08-09 11:33:39,311][func.train][INFO] - [DATASET] gt_remaining_time h=3: torch.Size([1258, 8])
[2024-08-09 11:33:39,363][func.train][INFO] - [DATASET] gt_remaining_time h=5: torch.Size([1258, 8])
[2024-08-09 11:33:39,364][func.train][INFO] - 

[2024-08-09 11:33:39,364][func.train][INFO] - [DATASET] video_idx: 22
[2024-08-09 11:33:39,466][func.train][INFO] - [DATASET] Sampled video_idx: 22 at 25 fps to 1532 frames
[2024-08-09 11:33:39,467][func.train][INFO] - [DATASET] video 22 phase_labels: torch.Size([1532])
[2024-08-09 11:33:39,511][func.train][INFO] - [DATASET] gt_remaining_time h=2: torch.Size([1532, 8])
[2024-08-09 11:33:39,553][func.train][INFO] - [DATASET] gt_remaining_time h=3: torch.Size([1532, 8])
[2024-08-09 11:33:39,611][func.train][INFO] - [DATASET] gt_remaining_time h=5: torch.Size([1532, 8])
[2024-08-09 11:33:39,611][func.train][INFO] - 

[2024-08-09 11:33:39,611][func.train][INFO] - [DATASET] video_idx: 23
[2024-08-09 11:33:39,709][func.train][INFO] - [DATASET] Sampled video_idx: 23 at 25 fps to 1635 frames
[2024-08-09 11:33:39,710][func.train][INFO] - [DATASET] video 23 phase_labels: torch.Size([1635])
[2024-08-09 11:33:39,748][func.train][INFO] - [DATASET] gt_remaining_time h=2: torch.Size([1635, 8])
[2024-08-09 11:33:39,791][func.train][INFO] - [DATASET] gt_remaining_time h=3: torch.Size([1635, 8])
[2024-08-09 11:33:39,850][func.train][INFO] - [DATASET] gt_remaining_time h=5: torch.Size([1635, 8])
[2024-08-09 11:33:39,850][func.train][INFO] - 

[2024-08-09 11:33:39,851][func.train][INFO] - [DATASET] video_idx: 24
[2024-08-09 11:33:39,956][func.train][INFO] - [DATASET] Sampled video_idx: 24 at 25 fps to 1975 frames
[2024-08-09 11:33:39,956][func.train][INFO] - [DATASET] video 24 phase_labels: torch.Size([1975])
[2024-08-09 11:33:40,003][func.train][INFO] - [DATASET] gt_remaining_time h=2: torch.Size([1975, 8])
[2024-08-09 11:33:40,063][func.train][INFO] - [DATASET] gt_remaining_time h=3: torch.Size([1975, 8])
[2024-08-09 11:33:40,135][func.train][INFO] - [DATASET] gt_remaining_time h=5: torch.Size([1975, 8])
[2024-08-09 11:33:40,135][func.train][INFO] - 

[2024-08-09 11:33:40,135][func.train][INFO] - [DATASET] video_idx: 25
[2024-08-09 11:33:40,246][func.train][INFO] - [DATASET] Sampled video_idx: 25 at 25 fps to 2129 frames
[2024-08-09 11:33:40,246][func.train][INFO] - [DATASET] video 25 phase_labels: torch.Size([2129])
[2024-08-09 11:33:40,308][func.train][INFO] - [DATASET] gt_remaining_time h=2: torch.Size([2129, 8])
[2024-08-09 11:33:40,359][func.train][INFO] - [DATASET] gt_remaining_time h=3: torch.Size([2129, 8])
[2024-08-09 11:33:40,426][func.train][INFO] - [DATASET] gt_remaining_time h=5: torch.Size([2129, 8])
[2024-08-09 11:33:40,426][func.train][INFO] - 

[2024-08-09 11:33:40,426][func.train][INFO] - [DATASET] video_idx: 26
[2024-08-09 11:33:40,521][func.train][INFO] - [DATASET] Sampled video_idx: 26 at 25 fps to 1773 frames
[2024-08-09 11:33:40,522][func.train][INFO] - [DATASET] video 26 phase_labels: torch.Size([1773])
[2024-08-09 11:33:40,571][func.train][INFO] - [DATASET] gt_remaining_time h=2: torch.Size([1773, 8])
[2024-08-09 11:33:40,619][func.train][INFO] - [DATASET] gt_remaining_time h=3: torch.Size([1773, 8])
[2024-08-09 11:33:40,683][func.train][INFO] - [DATASET] gt_remaining_time h=5: torch.Size([1773, 8])
[2024-08-09 11:33:40,684][func.train][INFO] - 

[2024-08-09 11:33:40,684][func.train][INFO] - [DATASET] video_idx: 27
[2024-08-09 11:33:40,785][func.train][INFO] - [DATASET] Sampled video_idx: 27 at 25 fps to 2084 frames
[2024-08-09 11:33:40,786][func.train][INFO] - [DATASET] video 27 phase_labels: torch.Size([2084])
[2024-08-09 11:33:40,841][func.train][INFO] - [DATASET] gt_remaining_time h=2: torch.Size([2084, 8])
[2024-08-09 11:33:40,892][func.train][INFO] - [DATASET] gt_remaining_time h=3: torch.Size([2084, 8])
[2024-08-09 11:33:40,975][func.train][INFO] - [DATASET] gt_remaining_time h=5: torch.Size([2084, 8])
[2024-08-09 11:33:40,975][func.train][INFO] - 

[2024-08-09 11:33:40,976][func.train][INFO] - [DATASET] video_idx: 28
[2024-08-09 11:33:41,074][func.train][INFO] - [DATASET] Sampled video_idx: 28 at 25 fps to 1199 frames
[2024-08-09 11:33:41,075][func.train][INFO] - [DATASET] video 28 phase_labels: torch.Size([1199])
[2024-08-09 11:33:41,110][func.train][INFO] - [DATASET] gt_remaining_time h=2: torch.Size([1199, 8])
[2024-08-09 11:33:41,149][func.train][INFO] - [DATASET] gt_remaining_time h=3: torch.Size([1199, 8])
[2024-08-09 11:33:41,204][func.train][INFO] - [DATASET] gt_remaining_time h=5: torch.Size([1199, 8])
[2024-08-09 11:33:41,204][func.train][INFO] - 

[2024-08-09 11:33:41,204][func.train][INFO] - [DATASET] video_idx: 29
[2024-08-09 11:33:41,304][func.train][INFO] - [DATASET] Sampled video_idx: 29 at 25 fps to 2350 frames
[2024-08-09 11:33:41,305][func.train][INFO] - [DATASET] video 29 phase_labels: torch.Size([2350])
[2024-08-09 11:33:41,355][func.train][INFO] - [DATASET] gt_remaining_time h=2: torch.Size([2350, 8])
[2024-08-09 11:33:41,407][func.train][INFO] - [DATASET] gt_remaining_time h=3: torch.Size([2350, 8])
[2024-08-09 11:33:41,480][func.train][INFO] - [DATASET] gt_remaining_time h=5: torch.Size([2350, 8])
[2024-08-09 11:33:41,480][func.train][INFO] - 

[2024-08-09 11:33:41,481][func.train][INFO] - [DATASET] video_idx: 30
[2024-08-09 11:33:41,583][func.train][INFO] - [DATASET] Sampled video_idx: 30 at 25 fps to 2925 frames
[2024-08-09 11:33:41,584][func.train][INFO] - [DATASET] video 30 phase_labels: torch.Size([2925])
[2024-08-09 11:33:41,644][func.train][INFO] - [DATASET] gt_remaining_time h=2: torch.Size([2925, 8])
[2024-08-09 11:33:41,712][func.train][INFO] - [DATASET] gt_remaining_time h=3: torch.Size([2925, 8])
[2024-08-09 11:33:41,791][func.train][INFO] - [DATASET] gt_remaining_time h=5: torch.Size([2925, 8])
[2024-08-09 11:33:41,791][func.train][INFO] - 

[2024-08-09 11:33:41,791][func.train][INFO] - [DATASET] video_idx: 31
[2024-08-09 11:33:41,910][func.train][INFO] - [DATASET] Sampled video_idx: 31 at 25 fps to 3945 frames
[2024-08-09 11:33:41,911][func.train][INFO] - [DATASET] video 31 phase_labels: torch.Size([3945])
[2024-08-09 11:33:41,983][func.train][INFO] - [DATASET] gt_remaining_time h=2: torch.Size([3945, 8])
[2024-08-09 11:33:42,067][func.train][INFO] - [DATASET] gt_remaining_time h=3: torch.Size([3945, 8])
[2024-08-09 11:33:42,156][func.train][INFO] - [DATASET] gt_remaining_time h=5: torch.Size([3945, 8])
[2024-08-09 11:33:42,156][func.train][INFO] - 

[2024-08-09 11:33:42,156][func.train][INFO] - [DATASET] video_idx: 32
[2024-08-09 11:33:42,263][func.train][INFO] - [DATASET] Sampled video_idx: 32 at 25 fps to 2116 frames
[2024-08-09 11:33:42,264][func.train][INFO] - [DATASET] video 32 phase_labels: torch.Size([2116])
[2024-08-09 11:33:42,309][func.train][INFO] - [DATASET] gt_remaining_time h=2: torch.Size([2116, 8])
[2024-08-09 11:33:42,358][func.train][INFO] - [DATASET] gt_remaining_time h=3: torch.Size([2116, 8])
[2024-08-09 11:33:42,423][func.train][INFO] - [DATASET] gt_remaining_time h=5: torch.Size([2116, 8])
[2024-08-09 11:33:42,423][func.train][INFO] - 

[2024-08-09 11:33:42,423][func.train][INFO] - [DATASET] video_idx: 33
[2024-08-09 11:33:42,529][func.train][INFO] - [DATASET] Sampled video_idx: 33 at 25 fps to 1307 frames
[2024-08-09 11:33:42,530][func.train][INFO] - [DATASET] video 33 phase_labels: torch.Size([1307])
[2024-08-09 11:33:42,564][func.train][INFO] - [DATASET] gt_remaining_time h=2: torch.Size([1307, 8])
[2024-08-09 11:33:42,603][func.train][INFO] - [DATASET] gt_remaining_time h=3: torch.Size([1307, 8])
[2024-08-09 11:33:42,659][func.train][INFO] - [DATASET] gt_remaining_time h=5: torch.Size([1307, 8])
[2024-08-09 11:33:42,660][func.train][INFO] - 

[2024-08-09 11:33:42,660][func.train][INFO] - [DATASET] video_idx: 34
[2024-08-09 11:33:42,762][func.train][INFO] - [DATASET] Sampled video_idx: 34 at 25 fps to 1323 frames
[2024-08-09 11:33:42,763][func.train][INFO] - [DATASET] video 34 phase_labels: torch.Size([1323])
[2024-08-09 11:33:42,798][func.train][INFO] - [DATASET] gt_remaining_time h=2: torch.Size([1323, 8])
[2024-08-09 11:33:42,839][func.train][INFO] - [DATASET] gt_remaining_time h=3: torch.Size([1323, 8])
[2024-08-09 11:33:42,895][func.train][INFO] - [DATASET] gt_remaining_time h=5: torch.Size([1323, 8])
[2024-08-09 11:33:42,895][func.train][INFO] - 

[2024-08-09 11:33:42,896][func.train][INFO] - [DATASET] video_idx: 35
[2024-08-09 11:33:42,998][func.train][INFO] - [DATASET] Sampled video_idx: 35 at 25 fps to 2106 frames
[2024-08-09 11:33:42,999][func.train][INFO] - [DATASET] video 35 phase_labels: torch.Size([2106])
[2024-08-09 11:33:43,045][func.train][INFO] - [DATASET] gt_remaining_time h=2: torch.Size([2106, 8])
[2024-08-09 11:33:43,094][func.train][INFO] - [DATASET] gt_remaining_time h=3: torch.Size([2106, 8])
[2024-08-09 11:33:43,160][func.train][INFO] - [DATASET] gt_remaining_time h=5: torch.Size([2106, 8])
[2024-08-09 11:33:43,160][func.train][INFO] - 

[2024-08-09 11:33:43,160][func.train][INFO] - [DATASET] video_idx: 36
[2024-08-09 11:33:43,265][func.train][INFO] - [DATASET] Sampled video_idx: 36 at 25 fps to 2387 frames
[2024-08-09 11:33:43,266][func.train][INFO] - [DATASET] video 36 phase_labels: torch.Size([2387])
[2024-08-09 11:33:43,326][func.train][INFO] - [DATASET] gt_remaining_time h=2: torch.Size([2387, 8])
[2024-08-09 11:33:43,382][func.train][INFO] - [DATASET] gt_remaining_time h=3: torch.Size([2387, 8])
[2024-08-09 11:33:43,456][func.train][INFO] - [DATASET] gt_remaining_time h=5: torch.Size([2387, 8])
[2024-08-09 11:33:43,457][func.train][INFO] - 

[2024-08-09 11:33:43,457][func.train][INFO] - [DATASET] video_idx: 37
[2024-08-09 11:33:43,556][func.train][INFO] - [DATASET] Sampled video_idx: 37 at 25 fps to 1232 frames
[2024-08-09 11:33:43,556][func.train][INFO] - [DATASET] video 37 phase_labels: torch.Size([1232])
[2024-08-09 11:33:43,591][func.train][INFO] - [DATASET] gt_remaining_time h=2: torch.Size([1232, 8])
[2024-08-09 11:33:43,631][func.train][INFO] - [DATASET] gt_remaining_time h=3: torch.Size([1232, 8])
[2024-08-09 11:33:43,687][func.train][INFO] - [DATASET] gt_remaining_time h=5: torch.Size([1232, 8])
[2024-08-09 11:33:43,687][func.train][INFO] - 

[2024-08-09 11:33:43,687][func.train][INFO] - [DATASET] video_idx: 38
[2024-08-09 11:33:43,791][func.train][INFO] - [DATASET] Sampled video_idx: 38 at 25 fps to 3080 frames
[2024-08-09 11:33:43,792][func.train][INFO] - [DATASET] video 38 phase_labels: torch.Size([3080])
[2024-08-09 11:33:43,848][func.train][INFO] - [DATASET] gt_remaining_time h=2: torch.Size([3080, 8])
[2024-08-09 11:33:43,908][func.train][INFO] - [DATASET] gt_remaining_time h=3: torch.Size([3080, 8])
[2024-08-09 11:33:43,983][func.train][INFO] - [DATASET] gt_remaining_time h=5: torch.Size([3080, 8])
[2024-08-09 11:33:43,983][func.train][INFO] - 

[2024-08-09 11:33:43,983][func.train][INFO] - [DATASET] video_idx: 39
[2024-08-09 11:33:44,091][func.train][INFO] - [DATASET] Sampled video_idx: 39 at 25 fps to 1647 frames
[2024-08-09 11:33:44,092][func.train][INFO] - [DATASET] video 39 phase_labels: torch.Size([1647])
[2024-08-09 11:33:44,131][func.train][INFO] - [DATASET] gt_remaining_time h=2: torch.Size([1647, 8])
[2024-08-09 11:33:44,175][func.train][INFO] - [DATASET] gt_remaining_time h=3: torch.Size([1647, 8])
[2024-08-09 11:33:44,236][func.train][INFO] - [DATASET] gt_remaining_time h=5: torch.Size([1647, 8])
[2024-08-09 11:33:44,236][func.train][INFO] - 

[2024-08-09 11:33:44,236][func.train][INFO] - [DATASET] video_idx: 40
[2024-08-09 11:33:44,337][func.train][INFO] - [DATASET] Sampled video_idx: 40 at 25 fps to 2222 frames
[2024-08-09 11:33:44,338][func.train][INFO] - [DATASET] video 40 phase_labels: torch.Size([2222])
[2024-08-09 11:33:44,386][func.train][INFO] - [DATASET] gt_remaining_time h=2: torch.Size([2222, 8])
[2024-08-09 11:33:44,441][func.train][INFO] - [DATASET] gt_remaining_time h=3: torch.Size([2222, 8])
[2024-08-09 11:33:44,521][func.train][INFO] - [DATASET] gt_remaining_time h=5: torch.Size([2222, 8])
[2024-08-09 11:33:44,522][func.train][INFO] - 

[2024-08-09 11:33:44,522][func.train][INFO] - [DATASET] number of train videos: 40
[2024-08-09 11:33:44,522][func.train][INFO] - [DATASET] avg video length: 35.96 minutes
[2024-08-09 11:33:44,557][func.train][INFO] - [DATASET] num classes at 1fps in train: (86304,)
[2024-08-09 11:33:44,558][func.train][INFO] - [DATASET] classes_counts_dict: {0: 3756, 1: 36886, 2: 7329, 3: 24119, 4: 3716, 5: 7219, 6: 3279}
[2024-08-09 11:33:44,560][func.train][INFO] - [DATASET] curr_class_weights: tensor([3.2825, 0.3342, 1.6822, 0.5112, 3.3179, 1.7079, 3.7600])
[2024-08-09 11:33:44,560][func.train][INFO] - [DATASET] num_eos_vals: 12329.142857142857
[2024-08-09 11:33:44,560][func.train][INFO] - [DATASET] classes_counts_dict: {0: 3756, 1: 36886, 2: 7329, 3: 24119, 4: 3716, 5: 7219, 6: 3279, 7: 12329}
[2024-08-09 11:33:44,560][func.train][INFO] - [DATASET] next_class_weights: tensor([3.2825, 0.3342, 1.6822, 0.5112, 3.3178, 1.7079, 3.7600, 1.0000])
[2024-08-09 11:33:46,024][func.train][INFO] - [DATASET] df unique videos: [1 2 3 4 5 6 7 8 9 10 11 12 13 14 15 16 17 18 19 20 21 22 23 24 25 26 27
 28 29 30 31 32 33 34 35 36 37 38 39 40 41 42 43 44 45 46 47 48 49 50 51
 52 53 54 55 56 57 58 59 60 61 62 63 64 65 66 67 68 69 70 71 72 73 74 75
 76 77 78 79 80]
[2024-08-09 11:33:46,024][func.train][INFO] - [DATASET] split: test video_indices: [41]
[2024-08-09 11:33:46,099][func.train][INFO] - [DATASET] test size: 77576
[2024-08-09 11:33:46,099][func.train][INFO] - [DATASET] test video_indices: [41]
[2024-08-09 11:33:46,100][func.train][INFO] - [DATASET] video_idx: 41
[2024-08-09 11:33:46,113][func.train][INFO] - [DATASET] Sampled video_idx: 41 at 25 fps to 3103 frames
[2024-08-09 11:33:46,114][func.train][INFO] - [DATASET] video 41 phase_labels: torch.Size([3103])
[2024-08-09 11:33:46,176][func.train][INFO] - [DATASET] gt_remaining_time h=2: torch.Size([3103, 8])
[2024-08-09 11:33:46,239][func.train][INFO] - [DATASET] gt_remaining_time h=3: torch.Size([3103, 8])
[2024-08-09 11:33:46,342][func.train][INFO] - [DATASET] gt_remaining_time h=5: torch.Size([3103, 8])
[2024-08-09 11:33:46,342][func.train][INFO] - 

[2024-08-09 11:33:46,343][func.train][INFO] - [DATASET] number of test videos: 1
[2024-08-09 11:33:46,343][func.train][INFO] - [DATASET] avg video length: 51.72 minutes
[2024-08-09 11:33:47,706][func.train][INFO] - [DATASET] df unique videos: [1 2 3 4 5 6 7 8 9 10 11 12 13 14 15 16 17 18 19 20 21 22 23 24 25 26 27
 28 29 30 31 32 33 34 35 36 37 38 39 40 41 42 43 44 45 46 47 48 49 50 51
 52 53 54 55 56 57 58 59 60 61 62 63 64 65 66 67 68 69 70 71 72 73 74 75
 76 77 78 79 80]
[2024-08-09 11:33:47,706][func.train][INFO] - [DATASET] split: test video_indices: [42]
[2024-08-09 11:33:47,783][func.train][INFO] - [DATASET] test size: 92801
[2024-08-09 11:33:47,783][func.train][INFO] - [DATASET] test video_indices: [42]
[2024-08-09 11:33:47,784][func.train][INFO] - [DATASET] video_idx: 42
[2024-08-09 11:33:47,800][func.train][INFO] - [DATASET] Sampled video_idx: 42 at 25 fps to 3712 frames
[2024-08-09 11:33:47,801][func.train][INFO] - [DATASET] video 42 phase_labels: torch.Size([3712])
[2024-08-09 11:33:47,870][func.train][INFO] - [DATASET] gt_remaining_time h=2: torch.Size([3712, 8])
[2024-08-09 11:33:47,941][func.train][INFO] - [DATASET] gt_remaining_time h=3: torch.Size([3712, 8])
[2024-08-09 11:33:48,028][func.train][INFO] - [DATASET] gt_remaining_time h=5: torch.Size([3712, 8])
[2024-08-09 11:33:48,029][func.train][INFO] - 

[2024-08-09 11:33:48,029][func.train][INFO] - [DATASET] number of test videos: 1
[2024-08-09 11:33:48,029][func.train][INFO] - [DATASET] avg video length: 61.87 minutes
[2024-08-09 11:33:49,413][func.train][INFO] - [DATASET] df unique videos: [1 2 3 4 5 6 7 8 9 10 11 12 13 14 15 16 17 18 19 20 21 22 23 24 25 26 27
 28 29 30 31 32 33 34 35 36 37 38 39 40 41 42 43 44 45 46 47 48 49 50 51
 52 53 54 55 56 57 58 59 60 61 62 63 64 65 66 67 68 69 70 71 72 73 74 75
 76 77 78 79 80]
[2024-08-09 11:33:49,413][func.train][INFO] - [DATASET] split: test video_indices: [43]
[2024-08-09 11:33:49,481][func.train][INFO] - [DATASET] test size: 59051
[2024-08-09 11:33:49,481][func.train][INFO] - [DATASET] test video_indices: [43]
[2024-08-09 11:33:49,481][func.train][INFO] - [DATASET] video_idx: 43
[2024-08-09 11:33:49,491][func.train][INFO] - [DATASET] Sampled video_idx: 43 at 25 fps to 2362 frames
[2024-08-09 11:33:49,492][func.train][INFO] - [DATASET] video 43 phase_labels: torch.Size([2362])
[2024-08-09 11:33:49,541][func.train][INFO] - [DATASET] gt_remaining_time h=2: torch.Size([2362, 8])
[2024-08-09 11:33:49,594][func.train][INFO] - [DATASET] gt_remaining_time h=3: torch.Size([2362, 8])
[2024-08-09 11:33:49,663][func.train][INFO] - [DATASET] gt_remaining_time h=5: torch.Size([2362, 8])
[2024-08-09 11:33:49,663][func.train][INFO] - 

[2024-08-09 11:33:49,664][func.train][INFO] - [DATASET] number of test videos: 1
[2024-08-09 11:33:49,664][func.train][INFO] - [DATASET] avg video length: 39.37 minutes
[2024-08-09 11:33:51,037][func.train][INFO] - [DATASET] df unique videos: [1 2 3 4 5 6 7 8 9 10 11 12 13 14 15 16 17 18 19 20 21 22 23 24 25 26 27
 28 29 30 31 32 33 34 35 36 37 38 39 40 41 42 43 44 45 46 47 48 49 50 51
 52 53 54 55 56 57 58 59 60 61 62 63 64 65 66 67 68 69 70 71 72 73 74 75
 76 77 78 79 80]
[2024-08-09 11:33:51,038][func.train][INFO] - [DATASET] split: test video_indices: [44]
[2024-08-09 11:33:51,111][func.train][INFO] - [DATASET] test size: 78176
[2024-08-09 11:33:51,111][func.train][INFO] - [DATASET] test video_indices: [44]
[2024-08-09 11:33:51,111][func.train][INFO] - [DATASET] video_idx: 44
[2024-08-09 11:33:51,126][func.train][INFO] - [DATASET] Sampled video_idx: 44 at 25 fps to 3127 frames
[2024-08-09 11:33:51,127][func.train][INFO] - [DATASET] video 44 phase_labels: torch.Size([3127])
[2024-08-09 11:33:51,188][func.train][INFO] - [DATASET] gt_remaining_time h=2: torch.Size([3127, 8])
[2024-08-09 11:33:51,256][func.train][INFO] - [DATASET] gt_remaining_time h=3: torch.Size([3127, 8])
[2024-08-09 11:33:51,342][func.train][INFO] - [DATASET] gt_remaining_time h=5: torch.Size([3127, 8])
[2024-08-09 11:33:51,342][func.train][INFO] - 

[2024-08-09 11:33:51,342][func.train][INFO] - [DATASET] number of test videos: 1
[2024-08-09 11:33:51,342][func.train][INFO] - [DATASET] avg video length: 52.12 minutes
[2024-08-09 11:33:52,901][func.train][INFO] - [DATASET] df unique videos: [1 2 3 4 5 6 7 8 9 10 11 12 13 14 15 16 17 18 19 20 21 22 23 24 25 26 27
 28 29 30 31 32 33 34 35 36 37 38 39 40 41 42 43 44 45 46 47 48 49 50 51
 52 53 54 55 56 57 58 59 60 61 62 63 64 65 66 67 68 69 70 71 72 73 74 75
 76 77 78 79 80]
[2024-08-09 11:33:52,902][func.train][INFO] - [DATASET] split: test video_indices: [45]
[2024-08-09 11:33:52,977][func.train][INFO] - [DATASET] test size: 84676
[2024-08-09 11:33:52,977][func.train][INFO] - [DATASET] test video_indices: [45]
[2024-08-09 11:33:52,977][func.train][INFO] - [DATASET] video_idx: 45
[2024-08-09 11:33:52,993][func.train][INFO] - [DATASET] Sampled video_idx: 45 at 25 fps to 3387 frames
[2024-08-09 11:33:52,994][func.train][INFO] - [DATASET] video 45 phase_labels: torch.Size([3387])
[2024-08-09 11:33:53,057][func.train][INFO] - [DATASET] gt_remaining_time h=2: torch.Size([3387, 8])
[2024-08-09 11:33:53,121][func.train][INFO] - [DATASET] gt_remaining_time h=3: torch.Size([3387, 8])
[2024-08-09 11:33:53,201][func.train][INFO] - [DATASET] gt_remaining_time h=5: torch.Size([3387, 8])
[2024-08-09 11:33:53,201][func.train][INFO] - 

[2024-08-09 11:33:53,201][func.train][INFO] - [DATASET] number of test videos: 1
[2024-08-09 11:33:53,201][func.train][INFO] - [DATASET] avg video length: 56.45 minutes
[2024-08-09 11:33:54,691][func.train][INFO] - [DATASET] df unique videos: [1 2 3 4 5 6 7 8 9 10 11 12 13 14 15 16 17 18 19 20 21 22 23 24 25 26 27
 28 29 30 31 32 33 34 35 36 37 38 39 40 41 42 43 44 45 46 47 48 49 50 51
 52 53 54 55 56 57 58 59 60 61 62 63 64 65 66 67 68 69 70 71 72 73 74 75
 76 77 78 79 80]
[2024-08-09 11:33:54,691][func.train][INFO] - [DATASET] split: test video_indices: [46]
[2024-08-09 11:33:54,759][func.train][INFO] - [DATASET] test size: 41326
[2024-08-09 11:33:54,759][func.train][INFO] - [DATASET] test video_indices: [46]
[2024-08-09 11:33:54,759][func.train][INFO] - [DATASET] video_idx: 46
[2024-08-09 11:33:54,767][func.train][INFO] - [DATASET] Sampled video_idx: 46 at 25 fps to 1653 frames
[2024-08-09 11:33:54,767][func.train][INFO] - [DATASET] video 46 phase_labels: torch.Size([1653])
[2024-08-09 11:33:54,809][func.train][INFO] - [DATASET] gt_remaining_time h=2: torch.Size([1653, 8])
[2024-08-09 11:33:54,854][func.train][INFO] - [DATASET] gt_remaining_time h=3: torch.Size([1653, 8])
[2024-08-09 11:33:54,916][func.train][INFO] - [DATASET] gt_remaining_time h=5: torch.Size([1653, 8])
[2024-08-09 11:33:54,916][func.train][INFO] - 

[2024-08-09 11:33:54,916][func.train][INFO] - [DATASET] number of test videos: 1
[2024-08-09 11:33:54,916][func.train][INFO] - [DATASET] avg video length: 27.55 minutes
[2024-08-09 11:33:56,379][func.train][INFO] - [DATASET] df unique videos: [1 2 3 4 5 6 7 8 9 10 11 12 13 14 15 16 17 18 19 20 21 22 23 24 25 26 27
 28 29 30 31 32 33 34 35 36 37 38 39 40 41 42 43 44 45 46 47 48 49 50 51
 52 53 54 55 56 57 58 59 60 61 62 63 64 65 66 67 68 69 70 71 72 73 74 75
 76 77 78 79 80]
[2024-08-09 11:33:56,379][func.train][INFO] - [DATASET] split: test video_indices: [47]
[2024-08-09 11:33:56,448][func.train][INFO] - [DATASET] test size: 56476
[2024-08-09 11:33:56,448][func.train][INFO] - [DATASET] test video_indices: [47]
[2024-08-09 11:33:56,448][func.train][INFO] - [DATASET] video_idx: 47
[2024-08-09 11:33:56,459][func.train][INFO] - [DATASET] Sampled video_idx: 47 at 25 fps to 2259 frames
[2024-08-09 11:33:56,460][func.train][INFO] - [DATASET] video 47 phase_labels: torch.Size([2259])
[2024-08-09 11:33:56,511][func.train][INFO] - [DATASET] gt_remaining_time h=2: torch.Size([2259, 8])
[2024-08-09 11:33:56,567][func.train][INFO] - [DATASET] gt_remaining_time h=3: torch.Size([2259, 8])
[2024-08-09 11:33:56,638][func.train][INFO] - [DATASET] gt_remaining_time h=5: torch.Size([2259, 8])
[2024-08-09 11:33:56,639][func.train][INFO] - 

[2024-08-09 11:33:56,639][func.train][INFO] - [DATASET] number of test videos: 1
[2024-08-09 11:33:56,639][func.train][INFO] - [DATASET] avg video length: 37.65 minutes
[2024-08-09 11:33:58,338][func.train][INFO] - [DATASET] df unique videos: [1 2 3 4 5 6 7 8 9 10 11 12 13 14 15 16 17 18 19 20 21 22 23 24 25 26 27
 28 29 30 31 32 33 34 35 36 37 38 39 40 41 42 43 44 45 46 47 48 49 50 51
 52 53 54 55 56 57 58 59 60 61 62 63 64 65 66 67 68 69 70 71 72 73 74 75
 76 77 78 79 80]
[2024-08-09 11:33:58,339][func.train][INFO] - [DATASET] split: test video_indices: [48]
[2024-08-09 11:33:58,407][func.train][INFO] - [DATASET] test size: 45851
[2024-08-09 11:33:58,408][func.train][INFO] - [DATASET] test video_indices: [48]
[2024-08-09 11:33:58,408][func.train][INFO] - [DATASET] video_idx: 48
[2024-08-09 11:33:58,417][func.train][INFO] - [DATASET] Sampled video_idx: 48 at 25 fps to 1834 frames
[2024-08-09 11:33:58,417][func.train][INFO] - [DATASET] video 48 phase_labels: torch.Size([1834])
[2024-08-09 11:33:58,464][func.train][INFO] - [DATASET] gt_remaining_time h=2: torch.Size([1834, 8])
[2024-08-09 11:33:58,514][func.train][INFO] - [DATASET] gt_remaining_time h=3: torch.Size([1834, 8])
[2024-08-09 11:33:58,579][func.train][INFO] - [DATASET] gt_remaining_time h=5: torch.Size([1834, 8])
[2024-08-09 11:33:58,579][func.train][INFO] - 

[2024-08-09 11:33:58,579][func.train][INFO] - [DATASET] number of test videos: 1
[2024-08-09 11:33:58,579][func.train][INFO] - [DATASET] avg video length: 30.57 minutes
[2024-08-09 11:33:59,961][func.train][INFO] - [DATASET] df unique videos: [1 2 3 4 5 6 7 8 9 10 11 12 13 14 15 16 17 18 19 20 21 22 23 24 25 26 27
 28 29 30 31 32 33 34 35 36 37 38 39 40 41 42 43 44 45 46 47 48 49 50 51
 52 53 54 55 56 57 58 59 60 61 62 63 64 65 66 67 68 69 70 71 72 73 74 75
 76 77 78 79 80]
[2024-08-09 11:33:59,962][func.train][INFO] - [DATASET] split: test video_indices: [49]
[2024-08-09 11:34:00,032][func.train][INFO] - [DATASET] test size: 41776
[2024-08-09 11:34:00,033][func.train][INFO] - [DATASET] test video_indices: [49]
[2024-08-09 11:34:00,033][func.train][INFO] - [DATASET] video_idx: 49
[2024-08-09 11:34:00,041][func.train][INFO] - [DATASET] Sampled video_idx: 49 at 25 fps to 1671 frames
[2024-08-09 11:34:00,041][func.train][INFO] - [DATASET] video 49 phase_labels: torch.Size([1671])
[2024-08-09 11:34:00,083][func.train][INFO] - [DATASET] gt_remaining_time h=2: torch.Size([1671, 8])
[2024-08-09 11:34:00,129][func.train][INFO] - [DATASET] gt_remaining_time h=3: torch.Size([1671, 8])
[2024-08-09 11:34:00,191][func.train][INFO] - [DATASET] gt_remaining_time h=5: torch.Size([1671, 8])
[2024-08-09 11:34:00,191][func.train][INFO] - 

[2024-08-09 11:34:00,191][func.train][INFO] - [DATASET] number of test videos: 1
[2024-08-09 11:34:00,191][func.train][INFO] - [DATASET] avg video length: 27.85 minutes
[2024-08-09 11:34:01,580][func.train][INFO] - [DATASET] df unique videos: [1 2 3 4 5 6 7 8 9 10 11 12 13 14 15 16 17 18 19 20 21 22 23 24 25 26 27
 28 29 30 31 32 33 34 35 36 37 38 39 40 41 42 43 44 45 46 47 48 49 50 51
 52 53 54 55 56 57 58 59 60 61 62 63 64 65 66 67 68 69 70 71 72 73 74 75
 76 77 78 79 80]
[2024-08-09 11:34:01,580][func.train][INFO] - [DATASET] split: test video_indices: [50]
[2024-08-09 11:34:01,637][func.train][INFO] - [DATASET] test size: 27351
[2024-08-09 11:34:01,638][func.train][INFO] - [DATASET] test video_indices: [50]
[2024-08-09 11:34:01,638][func.train][INFO] - [DATASET] video_idx: 50
[2024-08-09 11:34:01,643][func.train][INFO] - [DATASET] Sampled video_idx: 50 at 25 fps to 1094 frames
[2024-08-09 11:34:01,644][func.train][INFO] - [DATASET] video 50 phase_labels: torch.Size([1094])
[2024-08-09 11:34:01,674][func.train][INFO] - [DATASET] gt_remaining_time h=2: torch.Size([1094, 8])
[2024-08-09 11:34:01,708][func.train][INFO] - [DATASET] gt_remaining_time h=3: torch.Size([1094, 8])
[2024-08-09 11:34:01,755][func.train][INFO] - [DATASET] gt_remaining_time h=5: torch.Size([1094, 8])
[2024-08-09 11:34:01,755][func.train][INFO] - 

[2024-08-09 11:34:01,756][func.train][INFO] - [DATASET] number of test videos: 1
[2024-08-09 11:34:01,756][func.train][INFO] - [DATASET] avg video length: 18.23 minutes
[2024-08-09 11:34:03,143][func.train][INFO] - [DATASET] df unique videos: [1 2 3 4 5 6 7 8 9 10 11 12 13 14 15 16 17 18 19 20 21 22 23 24 25 26 27
 28 29 30 31 32 33 34 35 36 37 38 39 40 41 42 43 44 45 46 47 48 49 50 51
 52 53 54 55 56 57 58 59 60 61 62 63 64 65 66 67 68 69 70 71 72 73 74 75
 76 77 78 79 80]
[2024-08-09 11:34:03,143][func.train][INFO] - [DATASET] split: test video_indices: [51]
[2024-08-09 11:34:03,216][func.train][INFO] - [DATASET] test size: 73601
[2024-08-09 11:34:03,216][func.train][INFO] - [DATASET] test video_indices: [51]
[2024-08-09 11:34:03,216][func.train][INFO] - [DATASET] video_idx: 51
[2024-08-09 11:34:03,229][func.train][INFO] - [DATASET] Sampled video_idx: 51 at 25 fps to 2944 frames
[2024-08-09 11:34:03,230][func.train][INFO] - [DATASET] video 51 phase_labels: torch.Size([2944])
[2024-08-09 11:34:03,287][func.train][INFO] - [DATASET] gt_remaining_time h=2: torch.Size([2944, 8])
[2024-08-09 11:34:03,348][func.train][INFO] - [DATASET] gt_remaining_time h=3: torch.Size([2944, 8])
[2024-08-09 11:34:03,427][func.train][INFO] - [DATASET] gt_remaining_time h=5: torch.Size([2944, 8])
[2024-08-09 11:34:03,427][func.train][INFO] - 

[2024-08-09 11:34:03,428][func.train][INFO] - [DATASET] number of test videos: 1
[2024-08-09 11:34:03,428][func.train][INFO] - [DATASET] avg video length: 49.07 minutes
[2024-08-09 11:34:04,852][func.train][INFO] - [DATASET] df unique videos: [1 2 3 4 5 6 7 8 9 10 11 12 13 14 15 16 17 18 19 20 21 22 23 24 25 26 27
 28 29 30 31 32 33 34 35 36 37 38 39 40 41 42 43 44 45 46 47 48 49 50 51
 52 53 54 55 56 57 58 59 60 61 62 63 64 65 66 67 68 69 70 71 72 73 74 75
 76 77 78 79 80]
[2024-08-09 11:34:04,852][func.train][INFO] - [DATASET] split: test video_indices: [52]
[2024-08-09 11:34:04,919][func.train][INFO] - [DATASET] test size: 49151
[2024-08-09 11:34:04,919][func.train][INFO] - [DATASET] test video_indices: [52]
[2024-08-09 11:34:04,920][func.train][INFO] - [DATASET] video_idx: 52
[2024-08-09 11:34:04,928][func.train][INFO] - [DATASET] Sampled video_idx: 52 at 25 fps to 1966 frames
[2024-08-09 11:34:04,929][func.train][INFO] - [DATASET] video 52 phase_labels: torch.Size([1966])
[2024-08-09 11:34:04,973][func.train][INFO] - [DATASET] gt_remaining_time h=2: torch.Size([1966, 8])
[2024-08-09 11:34:05,026][func.train][INFO] - [DATASET] gt_remaining_time h=3: torch.Size([1966, 8])
[2024-08-09 11:34:05,092][func.train][INFO] - [DATASET] gt_remaining_time h=5: torch.Size([1966, 8])
[2024-08-09 11:34:05,092][func.train][INFO] - 

[2024-08-09 11:34:05,092][func.train][INFO] - [DATASET] number of test videos: 1
[2024-08-09 11:34:05,093][func.train][INFO] - [DATASET] avg video length: 32.77 minutes
[2024-08-09 11:34:06,527][func.train][INFO] - [DATASET] df unique videos: [1 2 3 4 5 6 7 8 9 10 11 12 13 14 15 16 17 18 19 20 21 22 23 24 25 26 27
 28 29 30 31 32 33 34 35 36 37 38 39 40 41 42 43 44 45 46 47 48 49 50 51
 52 53 54 55 56 57 58 59 60 61 62 63 64 65 66 67 68 69 70 71 72 73 74 75
 76 77 78 79 80]
[2024-08-09 11:34:06,527][func.train][INFO] - [DATASET] split: test video_indices: [53]
[2024-08-09 11:34:06,600][func.train][INFO] - [DATASET] test size: 82076
[2024-08-09 11:34:06,601][func.train][INFO] - [DATASET] test video_indices: [53]
[2024-08-09 11:34:06,601][func.train][INFO] - [DATASET] video_idx: 53
[2024-08-09 11:34:06,615][func.train][INFO] - [DATASET] Sampled video_idx: 53 at 25 fps to 3283 frames
[2024-08-09 11:34:06,616][func.train][INFO] - [DATASET] video 53 phase_labels: torch.Size([3283])
[2024-08-09 11:34:06,679][func.train][INFO] - [DATASET] gt_remaining_time h=2: torch.Size([3283, 8])
[2024-08-09 11:34:06,742][func.train][INFO] - [DATASET] gt_remaining_time h=3: torch.Size([3283, 8])
[2024-08-09 11:34:06,820][func.train][INFO] - [DATASET] gt_remaining_time h=5: torch.Size([3283, 8])
[2024-08-09 11:34:06,820][func.train][INFO] - 

[2024-08-09 11:34:06,820][func.train][INFO] - [DATASET] number of test videos: 1
[2024-08-09 11:34:06,820][func.train][INFO] - [DATASET] avg video length: 54.72 minutes
[2024-08-09 11:34:08,200][func.train][INFO] - [DATASET] df unique videos: [1 2 3 4 5 6 7 8 9 10 11 12 13 14 15 16 17 18 19 20 21 22 23 24 25 26 27
 28 29 30 31 32 33 34 35 36 37 38 39 40 41 42 43 44 45 46 47 48 49 50 51
 52 53 54 55 56 57 58 59 60 61 62 63 64 65 66 67 68 69 70 71 72 73 74 75
 76 77 78 79 80]
[2024-08-09 11:34:08,201][func.train][INFO] - [DATASET] split: test video_indices: [54]
[2024-08-09 11:34:08,272][func.train][INFO] - [DATASET] test size: 77501
[2024-08-09 11:34:08,273][func.train][INFO] - [DATASET] test video_indices: [54]
[2024-08-09 11:34:08,273][func.train][INFO] - [DATASET] video_idx: 54
[2024-08-09 11:34:08,285][func.train][INFO] - [DATASET] Sampled video_idx: 54 at 25 fps to 3100 frames
[2024-08-09 11:34:08,286][func.train][INFO] - [DATASET] video 54 phase_labels: torch.Size([3100])
[2024-08-09 11:34:08,345][func.train][INFO] - [DATASET] gt_remaining_time h=2: torch.Size([3100, 8])
[2024-08-09 11:34:08,407][func.train][INFO] - [DATASET] gt_remaining_time h=3: torch.Size([3100, 8])
[2024-08-09 11:34:08,485][func.train][INFO] - [DATASET] gt_remaining_time h=5: torch.Size([3100, 8])
[2024-08-09 11:34:08,485][func.train][INFO] - 

[2024-08-09 11:34:08,485][func.train][INFO] - [DATASET] number of test videos: 1
[2024-08-09 11:34:08,485][func.train][INFO] - [DATASET] avg video length: 51.67 minutes
[2024-08-09 11:34:09,967][func.train][INFO] - [DATASET] df unique videos: [1 2 3 4 5 6 7 8 9 10 11 12 13 14 15 16 17 18 19 20 21 22 23 24 25 26 27
 28 29 30 31 32 33 34 35 36 37 38 39 40 41 42 43 44 45 46 47 48 49 50 51
 52 53 54 55 56 57 58 59 60 61 62 63 64 65 66 67 68 69 70 71 72 73 74 75
 76 77 78 79 80]
[2024-08-09 11:34:09,967][func.train][INFO] - [DATASET] split: test video_indices: [55]
[2024-08-09 11:34:10,024][func.train][INFO] - [DATASET] test size: 25926
[2024-08-09 11:34:10,025][func.train][INFO] - [DATASET] test video_indices: [55]
[2024-08-09 11:34:10,025][func.train][INFO] - [DATASET] video_idx: 55
[2024-08-09 11:34:10,029][func.train][INFO] - [DATASET] Sampled video_idx: 55 at 25 fps to 1037 frames
[2024-08-09 11:34:10,030][func.train][INFO] - [DATASET] video 55 phase_labels: torch.Size([1037])
[2024-08-09 11:34:10,061][func.train][INFO] - [DATASET] gt_remaining_time h=2: torch.Size([1037, 8])
[2024-08-09 11:34:10,098][func.train][INFO] - [DATASET] gt_remaining_time h=3: torch.Size([1037, 8])
[2024-08-09 11:34:10,150][func.train][INFO] - [DATASET] gt_remaining_time h=5: torch.Size([1037, 8])
[2024-08-09 11:34:10,150][func.train][INFO] - 

[2024-08-09 11:34:10,151][func.train][INFO] - [DATASET] number of test videos: 1
[2024-08-09 11:34:10,151][func.train][INFO] - [DATASET] avg video length: 17.28 minutes
[2024-08-09 11:34:11,547][func.train][INFO] - [DATASET] df unique videos: [1 2 3 4 5 6 7 8 9 10 11 12 13 14 15 16 17 18 19 20 21 22 23 24 25 26 27
 28 29 30 31 32 33 34 35 36 37 38 39 40 41 42 43 44 45 46 47 48 49 50 51
 52 53 54 55 56 57 58 59 60 61 62 63 64 65 66 67 68 69 70 71 72 73 74 75
 76 77 78 79 80]
[2024-08-09 11:34:11,548][func.train][INFO] - [DATASET] split: test video_indices: [56]
[2024-08-09 11:34:11,611][func.train][INFO] - [DATASET] test size: 45851
[2024-08-09 11:34:11,612][func.train][INFO] - [DATASET] test video_indices: [56]
[2024-08-09 11:34:11,612][func.train][INFO] - [DATASET] video_idx: 56
[2024-08-09 11:34:11,620][func.train][INFO] - [DATASET] Sampled video_idx: 56 at 25 fps to 1834 frames
[2024-08-09 11:34:11,620][func.train][INFO] - [DATASET] video 56 phase_labels: torch.Size([1834])
[2024-08-09 11:34:11,664][func.train][INFO] - [DATASET] gt_remaining_time h=2: torch.Size([1834, 8])
[2024-08-09 11:34:11,712][func.train][INFO] - [DATASET] gt_remaining_time h=3: torch.Size([1834, 8])
[2024-08-09 11:34:11,775][func.train][INFO] - [DATASET] gt_remaining_time h=5: torch.Size([1834, 8])
[2024-08-09 11:34:11,776][func.train][INFO] - 

[2024-08-09 11:34:11,776][func.train][INFO] - [DATASET] number of test videos: 1
[2024-08-09 11:34:11,776][func.train][INFO] - [DATASET] avg video length: 30.57 minutes
[2024-08-09 11:34:13,192][func.train][INFO] - [DATASET] df unique videos: [1 2 3 4 5 6 7 8 9 10 11 12 13 14 15 16 17 18 19 20 21 22 23 24 25 26 27
 28 29 30 31 32 33 34 35 36 37 38 39 40 41 42 43 44 45 46 47 48 49 50 51
 52 53 54 55 56 57 58 59 60 61 62 63 64 65 66 67 68 69 70 71 72 73 74 75
 76 77 78 79 80]
[2024-08-09 11:34:13,193][func.train][INFO] - [DATASET] split: test video_indices: [57]
[2024-08-09 11:34:13,298][func.train][INFO] - [DATASET] test size: 65801
[2024-08-09 11:34:13,298][func.train][INFO] - [DATASET] test video_indices: [57]
[2024-08-09 11:34:13,298][func.train][INFO] - [DATASET] video_idx: 57
[2024-08-09 11:34:13,310][func.train][INFO] - [DATASET] Sampled video_idx: 57 at 25 fps to 2632 frames
[2024-08-09 11:34:13,311][func.train][INFO] - [DATASET] video 57 phase_labels: torch.Size([2632])
[2024-08-09 11:34:13,365][func.train][INFO] - [DATASET] gt_remaining_time h=2: torch.Size([2632, 8])
[2024-08-09 11:34:13,423][func.train][INFO] - [DATASET] gt_remaining_time h=3: torch.Size([2632, 8])
[2024-08-09 11:34:13,498][func.train][INFO] - [DATASET] gt_remaining_time h=5: torch.Size([2632, 8])
[2024-08-09 11:34:13,498][func.train][INFO] - 

[2024-08-09 11:34:13,498][func.train][INFO] - [DATASET] number of test videos: 1
[2024-08-09 11:34:13,498][func.train][INFO] - [DATASET] avg video length: 43.87 minutes
[2024-08-09 11:34:14,900][func.train][INFO] - [DATASET] df unique videos: [1 2 3 4 5 6 7 8 9 10 11 12 13 14 15 16 17 18 19 20 21 22 23 24 25 26 27
 28 29 30 31 32 33 34 35 36 37 38 39 40 41 42 43 44 45 46 47 48 49 50 51
 52 53 54 55 56 57 58 59 60 61 62 63 64 65 66 67 68 69 70 71 72 73 74 75
 76 77 78 79 80]
[2024-08-09 11:34:14,901][func.train][INFO] - [DATASET] split: test video_indices: [58]
[2024-08-09 11:34:14,997][func.train][INFO] - [DATASET] test size: 149826
[2024-08-09 11:34:14,997][func.train][INFO] - [DATASET] test video_indices: [58]
[2024-08-09 11:34:14,997][func.train][INFO] - [DATASET] video_idx: 58
[2024-08-09 11:34:15,023][func.train][INFO] - [DATASET] Sampled video_idx: 58 at 25 fps to 5993 frames
[2024-08-09 11:34:15,025][func.train][INFO] - [DATASET] video 58 phase_labels: torch.Size([5993])
[2024-08-09 11:34:15,140][func.train][INFO] - [DATASET] gt_remaining_time h=2: torch.Size([5993, 8])
[2024-08-09 11:34:15,252][func.train][INFO] - [DATASET] gt_remaining_time h=3: torch.Size([5993, 8])
[2024-08-09 11:34:15,387][func.train][INFO] - [DATASET] gt_remaining_time h=5: torch.Size([5993, 8])
[2024-08-09 11:34:15,387][func.train][INFO] - 

[2024-08-09 11:34:15,388][func.train][INFO] - [DATASET] number of test videos: 1
[2024-08-09 11:34:15,388][func.train][INFO] - [DATASET] avg video length: 99.88 minutes
[2024-08-09 11:34:16,948][func.train][INFO] - [DATASET] df unique videos: [1 2 3 4 5 6 7 8 9 10 11 12 13 14 15 16 17 18 19 20 21 22 23 24 25 26 27
 28 29 30 31 32 33 34 35 36 37 38 39 40 41 42 43 44 45 46 47 48 49 50 51
 52 53 54 55 56 57 58 59 60 61 62 63 64 65 66 67 68 69 70 71 72 73 74 75
 76 77 78 79 80]
[2024-08-09 11:34:16,948][func.train][INFO] - [DATASET] split: test video_indices: [59]
[2024-08-09 11:34:17,014][func.train][INFO] - [DATASET] test size: 26151
[2024-08-09 11:34:17,014][func.train][INFO] - [DATASET] test video_indices: [59]
[2024-08-09 11:34:17,014][func.train][INFO] - [DATASET] video_idx: 59
[2024-08-09 11:34:17,020][func.train][INFO] - [DATASET] Sampled video_idx: 59 at 25 fps to 1046 frames
[2024-08-09 11:34:17,021][func.train][INFO] - [DATASET] video 59 phase_labels: torch.Size([1046])
[2024-08-09 11:34:17,054][func.train][INFO] - [DATASET] gt_remaining_time h=2: torch.Size([1046, 8])
[2024-08-09 11:34:17,092][func.train][INFO] - [DATASET] gt_remaining_time h=3: torch.Size([1046, 8])
[2024-08-09 11:34:17,149][func.train][INFO] - [DATASET] gt_remaining_time h=5: torch.Size([1046, 8])
[2024-08-09 11:34:17,150][func.train][INFO] - 

[2024-08-09 11:34:17,150][func.train][INFO] - [DATASET] number of test videos: 1
[2024-08-09 11:34:17,150][func.train][INFO] - [DATASET] avg video length: 17.43 minutes
[2024-08-09 11:34:18,526][func.train][INFO] - [DATASET] df unique videos: [1 2 3 4 5 6 7 8 9 10 11 12 13 14 15 16 17 18 19 20 21 22 23 24 25 26 27
 28 29 30 31 32 33 34 35 36 37 38 39 40 41 42 43 44 45 46 47 48 49 50 51
 52 53 54 55 56 57 58 59 60 61 62 63 64 65 66 67 68 69 70 71 72 73 74 75
 76 77 78 79 80]
[2024-08-09 11:34:18,526][func.train][INFO] - [DATASET] split: test video_indices: [60]
[2024-08-09 11:34:18,591][func.train][INFO] - [DATASET] test size: 63301
[2024-08-09 11:34:18,591][func.train][INFO] - [DATASET] test video_indices: [60]
[2024-08-09 11:34:18,591][func.train][INFO] - [DATASET] video_idx: 60
[2024-08-09 11:34:18,602][func.train][INFO] - [DATASET] Sampled video_idx: 60 at 25 fps to 2532 frames
[2024-08-09 11:34:18,603][func.train][INFO] - [DATASET] video 60 phase_labels: torch.Size([2532])
[2024-08-09 11:34:18,656][func.train][INFO] - [DATASET] gt_remaining_time h=2: torch.Size([2532, 8])
[2024-08-09 11:34:18,714][func.train][INFO] - [DATASET] gt_remaining_time h=3: torch.Size([2532, 8])
[2024-08-09 11:34:18,791][func.train][INFO] - [DATASET] gt_remaining_time h=5: torch.Size([2532, 8])
[2024-08-09 11:34:18,791][func.train][INFO] - 

[2024-08-09 11:34:18,791][func.train][INFO] - [DATASET] number of test videos: 1
[2024-08-09 11:34:18,791][func.train][INFO] - [DATASET] avg video length: 42.20 minutes
[2024-08-09 11:34:20,167][func.train][INFO] - [DATASET] df unique videos: [1 2 3 4 5 6 7 8 9 10 11 12 13 14 15 16 17 18 19 20 21 22 23 24 25 26 27
 28 29 30 31 32 33 34 35 36 37 38 39 40 41 42 43 44 45 46 47 48 49 50 51
 52 53 54 55 56 57 58 59 60 61 62 63 64 65 66 67 68 69 70 71 72 73 74 75
 76 77 78 79 80]
[2024-08-09 11:34:20,167][func.train][INFO] - [DATASET] split: test video_indices: [61]
[2024-08-09 11:34:20,246][func.train][INFO] - [DATASET] test size: 110226
[2024-08-09 11:34:20,246][func.train][INFO] - [DATASET] test video_indices: [61]
[2024-08-09 11:34:20,246][func.train][INFO] - [DATASET] video_idx: 61
[2024-08-09 11:34:20,273][func.train][INFO] - [DATASET] Sampled video_idx: 61 at 25 fps to 4409 frames
[2024-08-09 11:34:20,275][func.train][INFO] - [DATASET] video 61 phase_labels: torch.Size([4409])
[2024-08-09 11:34:20,382][func.train][INFO] - [DATASET] gt_remaining_time h=2: torch.Size([4409, 8])
[2024-08-09 11:34:20,489][func.train][INFO] - [DATASET] gt_remaining_time h=3: torch.Size([4409, 8])
[2024-08-09 11:34:20,631][func.train][INFO] - [DATASET] gt_remaining_time h=5: torch.Size([4409, 8])
[2024-08-09 11:34:20,632][func.train][INFO] - 

[2024-08-09 11:34:20,632][func.train][INFO] - [DATASET] number of test videos: 1
[2024-08-09 11:34:20,632][func.train][INFO] - [DATASET] avg video length: 73.48 minutes
[2024-08-09 11:34:22,037][func.train][INFO] - [DATASET] df unique videos: [1 2 3 4 5 6 7 8 9 10 11 12 13 14 15 16 17 18 19 20 21 22 23 24 25 26 27
 28 29 30 31 32 33 34 35 36 37 38 39 40 41 42 43 44 45 46 47 48 49 50 51
 52 53 54 55 56 57 58 59 60 61 62 63 64 65 66 67 68 69 70 71 72 73 74 75
 76 77 78 79 80]
[2024-08-09 11:34:22,038][func.train][INFO] - [DATASET] split: test video_indices: [62]
[2024-08-09 11:34:22,109][func.train][INFO] - [DATASET] test size: 50801
[2024-08-09 11:34:22,110][func.train][INFO] - [DATASET] test video_indices: [62]
[2024-08-09 11:34:22,110][func.train][INFO] - [DATASET] video_idx: 62
[2024-08-09 11:34:22,121][func.train][INFO] - [DATASET] Sampled video_idx: 62 at 25 fps to 2032 frames
[2024-08-09 11:34:22,122][func.train][INFO] - [DATASET] video 62 phase_labels: torch.Size([2032])
[2024-08-09 11:34:22,168][func.train][INFO] - [DATASET] gt_remaining_time h=2: torch.Size([2032, 8])
[2024-08-09 11:34:22,216][func.train][INFO] - [DATASET] gt_remaining_time h=3: torch.Size([2032, 8])
[2024-08-09 11:34:22,280][func.train][INFO] - [DATASET] gt_remaining_time h=5: torch.Size([2032, 8])
[2024-08-09 11:34:22,280][func.train][INFO] - 

[2024-08-09 11:34:22,281][func.train][INFO] - [DATASET] number of test videos: 1
[2024-08-09 11:34:22,281][func.train][INFO] - [DATASET] avg video length: 33.87 minutes
[2024-08-09 11:34:23,743][func.train][INFO] - [DATASET] df unique videos: [1 2 3 4 5 6 7 8 9 10 11 12 13 14 15 16 17 18 19 20 21 22 23 24 25 26 27
 28 29 30 31 32 33 34 35 36 37 38 39 40 41 42 43 44 45 46 47 48 49 50 51
 52 53 54 55 56 57 58 59 60 61 62 63 64 65 66 67 68 69 70 71 72 73 74 75
 76 77 78 79 80]
[2024-08-09 11:34:23,743][func.train][INFO] - [DATASET] split: test video_indices: [63]
[2024-08-09 11:34:23,819][func.train][INFO] - [DATASET] test size: 85826
[2024-08-09 11:34:23,820][func.train][INFO] - [DATASET] test video_indices: [63]
[2024-08-09 11:34:23,820][func.train][INFO] - [DATASET] video_idx: 63
[2024-08-09 11:34:23,836][func.train][INFO] - [DATASET] Sampled video_idx: 63 at 25 fps to 3433 frames
[2024-08-09 11:34:23,837][func.train][INFO] - [DATASET] video 63 phase_labels: torch.Size([3433])
[2024-08-09 11:34:23,904][func.train][INFO] - [DATASET] gt_remaining_time h=2: torch.Size([3433, 8])
[2024-08-09 11:34:23,970][func.train][INFO] - [DATASET] gt_remaining_time h=3: torch.Size([3433, 8])
[2024-08-09 11:34:24,052][func.train][INFO] - [DATASET] gt_remaining_time h=5: torch.Size([3433, 8])
[2024-08-09 11:34:24,052][func.train][INFO] - 

[2024-08-09 11:34:24,052][func.train][INFO] - [DATASET] number of test videos: 1
[2024-08-09 11:34:24,052][func.train][INFO] - [DATASET] avg video length: 57.22 minutes
[2024-08-09 11:34:25,485][func.train][INFO] - [DATASET] df unique videos: [1 2 3 4 5 6 7 8 9 10 11 12 13 14 15 16 17 18 19 20 21 22 23 24 25 26 27
 28 29 30 31 32 33 34 35 36 37 38 39 40 41 42 43 44 45 46 47 48 49 50 51
 52 53 54 55 56 57 58 59 60 61 62 63 64 65 66 67 68 69 70 71 72 73 74 75
 76 77 78 79 80]
[2024-08-09 11:34:25,485][func.train][INFO] - [DATASET] split: test video_indices: [64]
[2024-08-09 11:34:25,574][func.train][INFO] - [DATASET] test size: 59951
[2024-08-09 11:34:25,575][func.train][INFO] - [DATASET] test video_indices: [64]
[2024-08-09 11:34:25,575][func.train][INFO] - [DATASET] video_idx: 64
[2024-08-09 11:34:25,587][func.train][INFO] - [DATASET] Sampled video_idx: 64 at 25 fps to 2398 frames
[2024-08-09 11:34:25,588][func.train][INFO] - [DATASET] video 64 phase_labels: torch.Size([2398])
[2024-08-09 11:34:25,641][func.train][INFO] - [DATASET] gt_remaining_time h=2: torch.Size([2398, 8])
[2024-08-09 11:34:25,710][func.train][INFO] - [DATASET] gt_remaining_time h=3: torch.Size([2398, 8])
[2024-08-09 11:34:25,795][func.train][INFO] - [DATASET] gt_remaining_time h=5: torch.Size([2398, 8])
[2024-08-09 11:34:25,795][func.train][INFO] - 

[2024-08-09 11:34:25,796][func.train][INFO] - [DATASET] number of test videos: 1
[2024-08-09 11:34:25,796][func.train][INFO] - [DATASET] avg video length: 39.97 minutes
[2024-08-09 11:34:27,177][func.train][INFO] - [DATASET] df unique videos: [1 2 3 4 5 6 7 8 9 10 11 12 13 14 15 16 17 18 19 20 21 22 23 24 25 26 27
 28 29 30 31 32 33 34 35 36 37 38 39 40 41 42 43 44 45 46 47 48 49 50 51
 52 53 54 55 56 57 58 59 60 61 62 63 64 65 66 67 68 69 70 71 72 73 74 75
 76 77 78 79 80]
[2024-08-09 11:34:27,178][func.train][INFO] - [DATASET] split: test video_indices: [65]
[2024-08-09 11:34:27,238][func.train][INFO] - [DATASET] test size: 46826
[2024-08-09 11:34:27,239][func.train][INFO] - [DATASET] test video_indices: [65]
[2024-08-09 11:34:27,239][func.train][INFO] - [DATASET] video_idx: 65
[2024-08-09 11:34:27,247][func.train][INFO] - [DATASET] Sampled video_idx: 65 at 25 fps to 1873 frames
[2024-08-09 11:34:27,247][func.train][INFO] - [DATASET] video 65 phase_labels: torch.Size([1873])
[2024-08-09 11:34:27,289][func.train][INFO] - [DATASET] gt_remaining_time h=2: torch.Size([1873, 8])
[2024-08-09 11:34:27,334][func.train][INFO] - [DATASET] gt_remaining_time h=3: torch.Size([1873, 8])
[2024-08-09 11:34:27,395][func.train][INFO] - [DATASET] gt_remaining_time h=5: torch.Size([1873, 8])
[2024-08-09 11:34:27,395][func.train][INFO] - 

[2024-08-09 11:34:27,395][func.train][INFO] - [DATASET] number of test videos: 1
[2024-08-09 11:34:27,395][func.train][INFO] - [DATASET] avg video length: 31.22 minutes
[2024-08-09 11:34:28,773][func.train][INFO] - [DATASET] df unique videos: [1 2 3 4 5 6 7 8 9 10 11 12 13 14 15 16 17 18 19 20 21 22 23 24 25 26 27
 28 29 30 31 32 33 34 35 36 37 38 39 40 41 42 43 44 45 46 47 48 49 50 51
 52 53 54 55 56 57 58 59 60 61 62 63 64 65 66 67 68 69 70 71 72 73 74 75
 76 77 78 79 80]
[2024-08-09 11:34:28,773][func.train][INFO] - [DATASET] split: test video_indices: [66]
[2024-08-09 11:34:28,838][func.train][INFO] - [DATASET] test size: 45601
[2024-08-09 11:34:28,838][func.train][INFO] - [DATASET] test video_indices: [66]
[2024-08-09 11:34:28,838][func.train][INFO] - [DATASET] video_idx: 66
[2024-08-09 11:34:28,847][func.train][INFO] - [DATASET] Sampled video_idx: 66 at 25 fps to 1824 frames
[2024-08-09 11:34:28,848][func.train][INFO] - [DATASET] video 66 phase_labels: torch.Size([1824])
[2024-08-09 11:34:28,889][func.train][INFO] - [DATASET] gt_remaining_time h=2: torch.Size([1824, 8])
[2024-08-09 11:34:28,935][func.train][INFO] - [DATASET] gt_remaining_time h=3: torch.Size([1824, 8])
[2024-08-09 11:34:28,998][func.train][INFO] - [DATASET] gt_remaining_time h=5: torch.Size([1824, 8])
[2024-08-09 11:34:28,998][func.train][INFO] - 

[2024-08-09 11:34:28,998][func.train][INFO] - [DATASET] number of test videos: 1
[2024-08-09 11:34:28,998][func.train][INFO] - [DATASET] avg video length: 30.40 minutes
[2024-08-09 11:34:30,415][func.train][INFO] - [DATASET] df unique videos: [1 2 3 4 5 6 7 8 9 10 11 12 13 14 15 16 17 18 19 20 21 22 23 24 25 26 27
 28 29 30 31 32 33 34 35 36 37 38 39 40 41 42 43 44 45 46 47 48 49 50 51
 52 53 54 55 56 57 58 59 60 61 62 63 64 65 66 67 68 69 70 71 72 73 74 75
 76 77 78 79 80]
[2024-08-09 11:34:30,415][func.train][INFO] - [DATASET] split: test video_indices: [67]
[2024-08-09 11:34:30,482][func.train][INFO] - [DATASET] test size: 58826
[2024-08-09 11:34:30,483][func.train][INFO] - [DATASET] test video_indices: [67]
[2024-08-09 11:34:30,483][func.train][INFO] - [DATASET] video_idx: 67
[2024-08-09 11:34:30,493][func.train][INFO] - [DATASET] Sampled video_idx: 67 at 25 fps to 2353 frames
[2024-08-09 11:34:30,494][func.train][INFO] - [DATASET] video 67 phase_labels: torch.Size([2353])
[2024-08-09 11:34:30,544][func.train][INFO] - [DATASET] gt_remaining_time h=2: torch.Size([2353, 8])
[2024-08-09 11:34:30,600][func.train][INFO] - [DATASET] gt_remaining_time h=3: torch.Size([2353, 8])
[2024-08-09 11:34:30,672][func.train][INFO] - [DATASET] gt_remaining_time h=5: torch.Size([2353, 8])
[2024-08-09 11:34:30,672][func.train][INFO] - 

[2024-08-09 11:34:30,673][func.train][INFO] - [DATASET] number of test videos: 1
[2024-08-09 11:34:30,673][func.train][INFO] - [DATASET] avg video length: 39.22 minutes
