[2024-06-10 18:09:51,354][func.train][INFO] - Dist info:
[2024-06-10 18:09:51,354][func.train][INFO] - torch version: 2.2.2+cu121
[2024-06-10 18:09:51,355][func.train][INFO] - torchvision version: 0.17.2+cu121
[2024-06-10 18:09:51,355][func.train][INFO] - hydra version: 1.3.2
[2024-06-10 18:09:51,357][func.train][INFO] - Loading data
[2024-06-10 18:09:51,358][func.train][INFO] - Loading datasets
[2024-06-10 18:09:53,148][func.train][INFO] - [SELECT DATASET] ALL loaded dataframe in 0m 2s
[2024-06-10 18:09:53,149][func.train][INFO] - [SELECT DATASET] ALL loaded dataframe: (4612530, 11)
[2024-06-10 18:09:53,352][func.train][INFO] - [SELECT DATASET] labels are already starting from 0
[2024-06-10 18:09:53,681][func.train][INFO] - [SELECT DATASET] ALL unique classes: [0 1 2 3 4 5 6]
[2024-06-10 18:09:53,692][func.train][INFO] - [SELECT DATASET] aLL dataframe (head):                    image_path class  ... tool_Irrigator tool_SpecimenBag
0  video01/video01_000001.png     0  ...              0                0
1  video01/video01_000002.png     0  ...              0                0
2  video01/video01_000003.png     0  ...              0                0
3  video01/video01_000004.png     0  ...              0                0
4  video01/video01_000005.png     0  ...              0                0

[5 rows x 11 columns]
[2024-06-10 18:09:53,700][func.train][INFO] - [SELECT DATASET] ALL dataframe (tail):                          image_path class  ... tool_Irrigator tool_SpecimenBag
4612525  video80/video80_043097.png     6  ...              0                0
4612526  video80/video80_043098.png     6  ...              0                0
4612527  video80/video80_043099.png     6  ...              0                0
4612528  video80/video80_043100.png     6  ...              0                0
4612529  video80/video80_043101.png     6  ...              0                0

[5 rows x 11 columns]
[2024-06-10 18:09:53,701][func.train][INFO] - [DATASET] params: {'debug': False, 'dataset_name': 'cholec80', 'reduc_feats_folder': 'train_targets_x_mp/', 'num_classes': 7, 'num_next_labels': 6, 'last_seg_class': 7, 'predict_next_phase': True, 'get_target_feats': False, 'replace_current_with_next_class': False}
[2024-06-10 18:09:55,109][func.train][INFO] - [DATASET] df unique videos: [1 2 3 4 5 6 7 8 9 10 11 12 13 14 15 16 17 18 19 20 21 22 23 24 25 26 27
 28 29 30 31 32 33 34 35 36 37 38 39 40 41 42 43 44 45 46 47 48 49 50 51
 52 53 54 55 56 57 58 59 60 61 62 63 64 65 66 67 68 69 70 71 72 73 74 75
 76 77 78 79 80]
[2024-06-10 18:09:55,110][func.train][INFO] - [DATASET] split: train video_indices: [1, 2, 3, 4, 5, 6, 7, 8, 9, 10, 11, 12, 13, 14, 15, 16, 17, 18, 19, 20, 21, 22, 23, 24, 25, 26, 27, 28, 29, 30, 31, 32, 33, 34, 35, 36, 37, 38, 39, 40]
[2024-06-10 18:09:56,410][func.train][INFO] - [DATASET] train size: 2157640
[2024-06-10 18:09:56,410][func.train][INFO] - [DATASET] train video_indices: [1, 2, 3, 4, 5, 6, 7, 8, 9, 10, 11, 12, 13, 14, 15, 16, 17, 18, 19, 20, 21, 22, 23, 24, 25, 26, 27, 28, 29, 30, 31, 32, 33, 34, 35, 36, 37, 38, 39, 40]
[2024-06-10 18:09:56,512][func.train][INFO] - [DATASET] Sampling video_idx: 1 at 25 fps to 1733 frames
[2024-06-10 18:09:56,535][func.train][INFO] - [DATASET] video 1 label_list: torch.Size([1733])
[2024-06-10 18:09:56,887][func.train][INFO] - [DATASET] Sampling video_idx: 2 at 25 fps to 2839 frames
[2024-06-10 18:09:56,888][func.train][INFO] - [DATASET] video 2 label_list: torch.Size([2839])
[2024-06-10 18:09:57,004][func.train][INFO] - [DATASET] Sampling video_idx: 3 at 25 fps to 5828 frames
[2024-06-10 18:09:57,005][func.train][INFO] - [DATASET] video 3 label_list: torch.Size([5828])
[2024-06-10 18:09:57,116][func.train][INFO] - [DATASET] Sampling video_idx: 4 at 25 fps to 1522 frames
[2024-06-10 18:09:57,116][func.train][INFO] - [DATASET] video 4 label_list: torch.Size([1522])
[2024-06-10 18:09:57,219][func.train][INFO] - [DATASET] Sampling video_idx: 5 at 25 fps to 2344 frames
[2024-06-10 18:09:57,220][func.train][INFO] - [DATASET] video 5 label_list: torch.Size([2344])
[2024-06-10 18:09:57,322][func.train][INFO] - [DATASET] Sampling video_idx: 6 at 25 fps to 2153 frames
[2024-06-10 18:09:57,322][func.train][INFO] - [DATASET] video 6 label_list: torch.Size([2153])
[2024-06-10 18:09:57,439][func.train][INFO] - [DATASET] Sampling video_idx: 7 at 25 fps to 4557 frames
[2024-06-10 18:09:57,440][func.train][INFO] - [DATASET] video 7 label_list: torch.Size([4557])
[2024-06-10 18:09:57,549][func.train][INFO] - [DATASET] Sampling video_idx: 8 at 25 fps to 1519 frames
[2024-06-10 18:09:57,549][func.train][INFO] - [DATASET] video 8 label_list: torch.Size([1519])
[2024-06-10 18:09:57,654][func.train][INFO] - [DATASET] Sampling video_idx: 9 at 25 fps to 2702 frames
[2024-06-10 18:09:57,660][func.train][INFO] - [DATASET] video 9 label_list: torch.Size([2702])
[2024-06-10 18:09:57,760][func.train][INFO] - [DATASET] Sampling video_idx: 10 at 25 fps to 1749 frames
[2024-06-10 18:09:57,760][func.train][INFO] - [DATASET] video 10 label_list: torch.Size([1749])
[2024-06-10 18:09:57,869][func.train][INFO] - [DATASET] Sampling video_idx: 11 at 25 fps to 3220 frames
[2024-06-10 18:09:57,870][func.train][INFO] - [DATASET] video 11 label_list: torch.Size([3220])
[2024-06-10 18:09:57,974][func.train][INFO] - [DATASET] Sampling video_idx: 12 at 25 fps to 1090 frames
[2024-06-10 18:09:57,974][func.train][INFO] - [DATASET] video 12 label_list: torch.Size([1090])
[2024-06-10 18:09:58,072][func.train][INFO] - [DATASET] Sampling video_idx: 13 at 25 fps to 981 frames
[2024-06-10 18:09:58,073][func.train][INFO] - [DATASET] video 13 label_list: torch.Size([981])
[2024-06-10 18:09:58,172][func.train][INFO] - [DATASET] Sampling video_idx: 14 at 25 fps to 1708 frames
[2024-06-10 18:09:58,173][func.train][INFO] - [DATASET] video 14 label_list: torch.Size([1708])
[2024-06-10 18:09:58,279][func.train][INFO] - [DATASET] Sampling video_idx: 15 at 25 fps to 2058 frames
[2024-06-10 18:09:58,280][func.train][INFO] - [DATASET] video 15 label_list: torch.Size([2058])
[2024-06-10 18:09:58,389][func.train][INFO] - [DATASET] Sampling video_idx: 16 at 25 fps to 2957 frames
[2024-06-10 18:09:58,390][func.train][INFO] - [DATASET] video 16 label_list: torch.Size([2957])
[2024-06-10 18:09:58,493][func.train][INFO] - [DATASET] Sampling video_idx: 17 at 25 fps to 1304 frames
[2024-06-10 18:09:58,494][func.train][INFO] - [DATASET] video 17 label_list: torch.Size([1304])
[2024-06-10 18:09:58,593][func.train][INFO] - [DATASET] Sampling video_idx: 18 at 25 fps to 1942 frames
[2024-06-10 18:09:58,594][func.train][INFO] - [DATASET] video 18 label_list: torch.Size([1942])
[2024-06-10 18:09:58,700][func.train][INFO] - [DATASET] Sampling video_idx: 19 at 25 fps to 2424 frames
[2024-06-10 18:09:58,700][func.train][INFO] - [DATASET] video 19 label_list: torch.Size([2424])
[2024-06-10 18:09:58,804][func.train][INFO] - [DATASET] Sampling video_idx: 20 at 25 fps to 1449 frames
[2024-06-10 18:09:58,804][func.train][INFO] - [DATASET] video 20 label_list: torch.Size([1449])
[2024-06-10 18:09:58,906][func.train][INFO] - [DATASET] Sampling video_idx: 21 at 25 fps to 1258 frames
[2024-06-10 18:09:58,907][func.train][INFO] - [DATASET] video 21 label_list: torch.Size([1258])
[2024-06-10 18:09:59,009][func.train][INFO] - [DATASET] Sampling video_idx: 22 at 25 fps to 1532 frames
[2024-06-10 18:09:59,010][func.train][INFO] - [DATASET] video 22 label_list: torch.Size([1532])
[2024-06-10 18:09:59,110][func.train][INFO] - [DATASET] Sampling video_idx: 23 at 25 fps to 1635 frames
[2024-06-10 18:09:59,111][func.train][INFO] - [DATASET] video 23 label_list: torch.Size([1635])
[2024-06-10 18:09:59,212][func.train][INFO] - [DATASET] Sampling video_idx: 24 at 25 fps to 1975 frames
[2024-06-10 18:09:59,212][func.train][INFO] - [DATASET] video 24 label_list: torch.Size([1975])
[2024-06-10 18:09:59,315][func.train][INFO] - [DATASET] Sampling video_idx: 25 at 25 fps to 2129 frames
[2024-06-10 18:09:59,315][func.train][INFO] - [DATASET] video 25 label_list: torch.Size([2129])
[2024-06-10 18:09:59,419][func.train][INFO] - [DATASET] Sampling video_idx: 26 at 25 fps to 1773 frames
[2024-06-10 18:09:59,420][func.train][INFO] - [DATASET] video 26 label_list: torch.Size([1773])
[2024-06-10 18:09:59,525][func.train][INFO] - [DATASET] Sampling video_idx: 27 at 25 fps to 2084 frames
[2024-06-10 18:09:59,526][func.train][INFO] - [DATASET] video 27 label_list: torch.Size([2084])
[2024-06-10 18:09:59,629][func.train][INFO] - [DATASET] Sampling video_idx: 28 at 25 fps to 1199 frames
[2024-06-10 18:09:59,629][func.train][INFO] - [DATASET] video 28 label_list: torch.Size([1199])
[2024-06-10 18:09:59,733][func.train][INFO] - [DATASET] Sampling video_idx: 29 at 25 fps to 2350 frames
[2024-06-10 18:09:59,734][func.train][INFO] - [DATASET] video 29 label_list: torch.Size([2350])
[2024-06-10 18:09:59,839][func.train][INFO] - [DATASET] Sampling video_idx: 30 at 25 fps to 2925 frames
[2024-06-10 18:09:59,840][func.train][INFO] - [DATASET] video 30 label_list: torch.Size([2925])
[2024-06-10 18:09:59,948][func.train][INFO] - [DATASET] Sampling video_idx: 31 at 25 fps to 3945 frames
[2024-06-10 18:09:59,949][func.train][INFO] - [DATASET] video 31 label_list: torch.Size([3945])
[2024-06-10 18:10:00,054][func.train][INFO] - [DATASET] Sampling video_idx: 32 at 25 fps to 2116 frames
[2024-06-10 18:10:00,055][func.train][INFO] - [DATASET] video 32 label_list: torch.Size([2116])
[2024-06-10 18:10:00,153][func.train][INFO] - [DATASET] Sampling video_idx: 33 at 25 fps to 1307 frames
[2024-06-10 18:10:00,154][func.train][INFO] - [DATASET] video 33 label_list: torch.Size([1307])
[2024-06-10 18:10:00,256][func.train][INFO] - [DATASET] Sampling video_idx: 34 at 25 fps to 1323 frames
[2024-06-10 18:10:00,257][func.train][INFO] - [DATASET] video 34 label_list: torch.Size([1323])
[2024-06-10 18:10:00,357][func.train][INFO] - [DATASET] Sampling video_idx: 35 at 25 fps to 2106 frames
[2024-06-10 18:10:00,357][func.train][INFO] - [DATASET] video 35 label_list: torch.Size([2106])
[2024-06-10 18:10:00,461][func.train][INFO] - [DATASET] Sampling video_idx: 36 at 25 fps to 2387 frames
[2024-06-10 18:10:00,462][func.train][INFO] - [DATASET] video 36 label_list: torch.Size([2387])
[2024-06-10 18:10:00,560][func.train][INFO] - [DATASET] Sampling video_idx: 37 at 25 fps to 1232 frames
[2024-06-10 18:10:00,561][func.train][INFO] - [DATASET] video 37 label_list: torch.Size([1232])
[2024-06-10 18:10:00,663][func.train][INFO] - [DATASET] Sampling video_idx: 38 at 25 fps to 3080 frames
[2024-06-10 18:10:00,664][func.train][INFO] - [DATASET] video 38 label_list: torch.Size([3080])
[2024-06-10 18:10:00,765][func.train][INFO] - [DATASET] Sampling video_idx: 39 at 25 fps to 1647 frames
[2024-06-10 18:10:00,765][func.train][INFO] - [DATASET] video 39 label_list: torch.Size([1647])
[2024-06-10 18:10:00,870][func.train][INFO] - [DATASET] Sampling video_idx: 40 at 25 fps to 2222 frames
[2024-06-10 18:10:00,871][func.train][INFO] - [DATASET] video 40 label_list: torch.Size([2222])
[2024-06-10 18:10:00,875][func.train][INFO] - [DATASET] number of train videos: 40
[2024-06-10 18:10:00,875][func.train][INFO] - [DATASET] avg video length: 35.96 minutes
[2024-06-10 18:10:00,928][func.train][INFO] - [DATASET] num classes at 1fps in train: (86304,)
[2024-06-10 18:10:00,930][func.train][INFO] - [DATASET] classes_counts_dict: {0: 3756, 1: 36886, 2: 7329, 3: 24119, 4: 3716, 5: 7219, 6: 3279}
[2024-06-10 18:10:00,932][func.train][INFO] - [DATASET] curr_class_weights: tensor([3.2825, 0.3342, 1.6822, 0.5112, 3.3179, 1.7079, 3.7600])
[2024-06-10 18:10:00,932][func.train][INFO] - [DATASET] eos_weight: count
[2024-06-10 18:10:00,932][func.train][INFO] - [DATASET] num_eos_vals: 2400
[2024-06-10 18:10:00,932][func.train][INFO] - [DATASET] classes_counts_dict: {0: 3756, 1: 36886, 2: 7329, 3: 24119, 4: 3716, 5: 7219, 6: 3279, 7: 2400}
[2024-06-10 18:10:00,933][func.train][INFO] - [DATASET] next_class_weights: tensor([2.9521, 0.3006, 1.5129, 0.4597, 2.9839, 1.5359, 3.3815, 4.6200])
[2024-06-10 18:10:02,366][func.train][INFO] - [DATASET] df unique videos: [1 2 3 4 5 6 7 8 9 10 11 12 13 14 15 16 17 18 19 20 21 22 23 24 25 26 27
 28 29 30 31 32 33 34 35 36 37 38 39 40 41 42 43 44 45 46 47 48 49 50 51
 52 53 54 55 56 57 58 59 60 61 62 63 64 65 66 67 68 69 70 71 72 73 74 75
 76 77 78 79 80]
[2024-06-10 18:10:02,366][func.train][INFO] - [DATASET] split: test video_indices: [41]
[2024-06-10 18:10:02,437][func.train][INFO] - [DATASET] test size: 77576
[2024-06-10 18:10:02,438][func.train][INFO] - [DATASET] test video_indices: [41]
[2024-06-10 18:10:02,450][func.train][INFO] - [DATASET] Sampling video_idx: 41 at 25 fps to 3103 frames
[2024-06-10 18:10:02,451][func.train][INFO] - [DATASET] video 41 label_list: torch.Size([3103])
[2024-06-10 18:10:02,458][func.train][INFO] - [DATASET] number of test videos: 1
[2024-06-10 18:10:02,458][func.train][INFO] - [DATASET] avg video length: 51.72 minutes
[2024-06-10 18:10:03,842][func.train][INFO] - [DATASET] df unique videos: [1 2 3 4 5 6 7 8 9 10 11 12 13 14 15 16 17 18 19 20 21 22 23 24 25 26 27
 28 29 30 31 32 33 34 35 36 37 38 39 40 41 42 43 44 45 46 47 48 49 50 51
 52 53 54 55 56 57 58 59 60 61 62 63 64 65 66 67 68 69 70 71 72 73 74 75
 76 77 78 79 80]
[2024-06-10 18:10:03,843][func.train][INFO] - [DATASET] split: test video_indices: [42]
[2024-06-10 18:10:03,916][func.train][INFO] - [DATASET] test size: 92801
[2024-06-10 18:10:03,916][func.train][INFO] - [DATASET] test video_indices: [42]
[2024-06-10 18:10:03,931][func.train][INFO] - [DATASET] Sampling video_idx: 42 at 25 fps to 3712 frames
[2024-06-10 18:10:03,932][func.train][INFO] - [DATASET] video 42 label_list: torch.Size([3712])
[2024-06-10 18:10:03,940][func.train][INFO] - [DATASET] number of test videos: 1
[2024-06-10 18:10:03,940][func.train][INFO] - [DATASET] avg video length: 61.87 minutes
[2024-06-10 18:10:05,426][func.train][INFO] - [DATASET] df unique videos: [1 2 3 4 5 6 7 8 9 10 11 12 13 14 15 16 17 18 19 20 21 22 23 24 25 26 27
 28 29 30 31 32 33 34 35 36 37 38 39 40 41 42 43 44 45 46 47 48 49 50 51
 52 53 54 55 56 57 58 59 60 61 62 63 64 65 66 67 68 69 70 71 72 73 74 75
 76 77 78 79 80]
[2024-06-10 18:10:05,426][func.train][INFO] - [DATASET] split: test video_indices: [43]
[2024-06-10 18:10:05,495][func.train][INFO] - [DATASET] test size: 59051
[2024-06-10 18:10:05,495][func.train][INFO] - [DATASET] test video_indices: [43]
[2024-06-10 18:10:05,575][func.train][INFO] - [DATASET] Sampling video_idx: 43 at 25 fps to 2362 frames
[2024-06-10 18:10:05,576][func.train][INFO] - [DATASET] video 43 label_list: torch.Size([2362])
[2024-06-10 18:10:05,582][func.train][INFO] - [DATASET] number of test videos: 1
[2024-06-10 18:10:05,582][func.train][INFO] - [DATASET] avg video length: 39.37 minutes
[2024-06-10 18:10:06,945][func.train][INFO] - [DATASET] df unique videos: [1 2 3 4 5 6 7 8 9 10 11 12 13 14 15 16 17 18 19 20 21 22 23 24 25 26 27
 28 29 30 31 32 33 34 35 36 37 38 39 40 41 42 43 44 45 46 47 48 49 50 51
 52 53 54 55 56 57 58 59 60 61 62 63 64 65 66 67 68 69 70 71 72 73 74 75
 76 77 78 79 80]
[2024-06-10 18:10:06,945][func.train][INFO] - [DATASET] split: test video_indices: [44]
[2024-06-10 18:10:07,013][func.train][INFO] - [DATASET] test size: 78176
[2024-06-10 18:10:07,013][func.train][INFO] - [DATASET] test video_indices: [44]
[2024-06-10 18:10:07,026][func.train][INFO] - [DATASET] Sampling video_idx: 44 at 25 fps to 3127 frames
[2024-06-10 18:10:07,027][func.train][INFO] - [DATASET] video 44 label_list: torch.Size([3127])
[2024-06-10 18:10:07,033][func.train][INFO] - [DATASET] number of test videos: 1
[2024-06-10 18:10:07,033][func.train][INFO] - [DATASET] avg video length: 52.12 minutes
[2024-06-10 18:10:08,392][func.train][INFO] - [DATASET] df unique videos: [1 2 3 4 5 6 7 8 9 10 11 12 13 14 15 16 17 18 19 20 21 22 23 24 25 26 27
 28 29 30 31 32 33 34 35 36 37 38 39 40 41 42 43 44 45 46 47 48 49 50 51
 52 53 54 55 56 57 58 59 60 61 62 63 64 65 66 67 68 69 70 71 72 73 74 75
 76 77 78 79 80]
[2024-06-10 18:10:08,393][func.train][INFO] - [DATASET] split: test video_indices: [45]
[2024-06-10 18:10:08,464][func.train][INFO] - [DATASET] test size: 84676
[2024-06-10 18:10:08,464][func.train][INFO] - [DATASET] test video_indices: [45]
[2024-06-10 18:10:08,478][func.train][INFO] - [DATASET] Sampling video_idx: 45 at 25 fps to 3387 frames
[2024-06-10 18:10:08,479][func.train][INFO] - [DATASET] video 45 label_list: torch.Size([3387])
[2024-06-10 18:10:08,486][func.train][INFO] - [DATASET] number of test videos: 1
[2024-06-10 18:10:08,486][func.train][INFO] - [DATASET] avg video length: 56.45 minutes
[2024-06-10 18:10:09,832][func.train][INFO] - [DATASET] df unique videos: [1 2 3 4 5 6 7 8 9 10 11 12 13 14 15 16 17 18 19 20 21 22 23 24 25 26 27
 28 29 30 31 32 33 34 35 36 37 38 39 40 41 42 43 44 45 46 47 48 49 50 51
 52 53 54 55 56 57 58 59 60 61 62 63 64 65 66 67 68 69 70 71 72 73 74 75
 76 77 78 79 80]
[2024-06-10 18:10:09,832][func.train][INFO] - [DATASET] split: test video_indices: [46]
[2024-06-10 18:10:09,895][func.train][INFO] - [DATASET] test size: 41326
[2024-06-10 18:10:09,895][func.train][INFO] - [DATASET] test video_indices: [46]
[2024-06-10 18:10:09,902][func.train][INFO] - [DATASET] Sampling video_idx: 46 at 25 fps to 1653 frames
[2024-06-10 18:10:09,903][func.train][INFO] - [DATASET] video 46 label_list: torch.Size([1653])
[2024-06-10 18:10:09,906][func.train][INFO] - [DATASET] number of test videos: 1
[2024-06-10 18:10:09,906][func.train][INFO] - [DATASET] avg video length: 27.55 minutes
[2024-06-10 18:10:11,319][func.train][INFO] - [DATASET] df unique videos: [1 2 3 4 5 6 7 8 9 10 11 12 13 14 15 16 17 18 19 20 21 22 23 24 25 26 27
 28 29 30 31 32 33 34 35 36 37 38 39 40 41 42 43 44 45 46 47 48 49 50 51
 52 53 54 55 56 57 58 59 60 61 62 63 64 65 66 67 68 69 70 71 72 73 74 75
 76 77 78 79 80]
[2024-06-10 18:10:11,320][func.train][INFO] - [DATASET] split: test video_indices: [47]
[2024-06-10 18:10:11,387][func.train][INFO] - [DATASET] test size: 56476
[2024-06-10 18:10:11,387][func.train][INFO] - [DATASET] test video_indices: [47]
[2024-06-10 18:10:11,397][func.train][INFO] - [DATASET] Sampling video_idx: 47 at 25 fps to 2259 frames
[2024-06-10 18:10:11,398][func.train][INFO] - [DATASET] video 47 label_list: torch.Size([2259])
[2024-06-10 18:10:11,405][func.train][INFO] - [DATASET] number of test videos: 1
[2024-06-10 18:10:11,405][func.train][INFO] - [DATASET] avg video length: 37.65 minutes
[2024-06-10 18:10:12,781][func.train][INFO] - [DATASET] df unique videos: [1 2 3 4 5 6 7 8 9 10 11 12 13 14 15 16 17 18 19 20 21 22 23 24 25 26 27
 28 29 30 31 32 33 34 35 36 37 38 39 40 41 42 43 44 45 46 47 48 49 50 51
 52 53 54 55 56 57 58 59 60 61 62 63 64 65 66 67 68 69 70 71 72 73 74 75
 76 77 78 79 80]
[2024-06-10 18:10:12,781][func.train][INFO] - [DATASET] split: test video_indices: [48]
[2024-06-10 18:10:12,841][func.train][INFO] - [DATASET] test size: 45851
[2024-06-10 18:10:12,841][func.train][INFO] - [DATASET] test video_indices: [48]
[2024-06-10 18:10:12,848][func.train][INFO] - [DATASET] Sampling video_idx: 48 at 25 fps to 1834 frames
[2024-06-10 18:10:12,849][func.train][INFO] - [DATASET] video 48 label_list: torch.Size([1834])
[2024-06-10 18:10:12,853][func.train][INFO] - [DATASET] number of test videos: 1
[2024-06-10 18:10:12,853][func.train][INFO] - [DATASET] avg video length: 30.57 minutes
[2024-06-10 18:10:14,197][func.train][INFO] - [DATASET] df unique videos: [1 2 3 4 5 6 7 8 9 10 11 12 13 14 15 16 17 18 19 20 21 22 23 24 25 26 27
 28 29 30 31 32 33 34 35 36 37 38 39 40 41 42 43 44 45 46 47 48 49 50 51
 52 53 54 55 56 57 58 59 60 61 62 63 64 65 66 67 68 69 70 71 72 73 74 75
 76 77 78 79 80]
[2024-06-10 18:10:14,197][func.train][INFO] - [DATASET] split: test video_indices: [49]
[2024-06-10 18:10:14,256][func.train][INFO] - [DATASET] test size: 41776
[2024-06-10 18:10:14,256][func.train][INFO] - [DATASET] test video_indices: [49]
[2024-06-10 18:10:14,263][func.train][INFO] - [DATASET] Sampling video_idx: 49 at 25 fps to 1671 frames
[2024-06-10 18:10:14,263][func.train][INFO] - [DATASET] video 49 label_list: torch.Size([1671])
[2024-06-10 18:10:14,266][func.train][INFO] - [DATASET] number of test videos: 1
[2024-06-10 18:10:14,267][func.train][INFO] - [DATASET] avg video length: 27.85 minutes
[2024-06-10 18:10:15,603][func.train][INFO] - [DATASET] df unique videos: [1 2 3 4 5 6 7 8 9 10 11 12 13 14 15 16 17 18 19 20 21 22 23 24 25 26 27
 28 29 30 31 32 33 34 35 36 37 38 39 40 41 42 43 44 45 46 47 48 49 50 51
 52 53 54 55 56 57 58 59 60 61 62 63 64 65 66 67 68 69 70 71 72 73 74 75
 76 77 78 79 80]
[2024-06-10 18:10:15,603][func.train][INFO] - [DATASET] split: test video_indices: [50]
[2024-06-10 18:10:15,658][func.train][INFO] - [DATASET] test size: 27351
[2024-06-10 18:10:15,659][func.train][INFO] - [DATASET] test video_indices: [50]
[2024-06-10 18:10:15,663][func.train][INFO] - [DATASET] Sampling video_idx: 50 at 25 fps to 1094 frames
[2024-06-10 18:10:15,664][func.train][INFO] - [DATASET] video 50 label_list: torch.Size([1094])
[2024-06-10 18:10:15,666][func.train][INFO] - [DATASET] number of test videos: 1
[2024-06-10 18:10:15,667][func.train][INFO] - [DATASET] avg video length: 18.23 minutes
[2024-06-10 18:10:17,014][func.train][INFO] - [DATASET] df unique videos: [1 2 3 4 5 6 7 8 9 10 11 12 13 14 15 16 17 18 19 20 21 22 23 24 25 26 27
 28 29 30 31 32 33 34 35 36 37 38 39 40 41 42 43 44 45 46 47 48 49 50 51
 52 53 54 55 56 57 58 59 60 61 62 63 64 65 66 67 68 69 70 71 72 73 74 75
 76 77 78 79 80]
[2024-06-10 18:10:17,014][func.train][INFO] - [DATASET] split: test video_indices: [51]
[2024-06-10 18:10:17,083][func.train][INFO] - [DATASET] test size: 73601
[2024-06-10 18:10:17,083][func.train][INFO] - [DATASET] test video_indices: [51]
[2024-06-10 18:10:17,095][func.train][INFO] - [DATASET] Sampling video_idx: 51 at 25 fps to 2944 frames
[2024-06-10 18:10:17,096][func.train][INFO] - [DATASET] video 51 label_list: torch.Size([2944])
[2024-06-10 18:10:17,101][func.train][INFO] - [DATASET] number of test videos: 1
[2024-06-10 18:10:17,101][func.train][INFO] - [DATASET] avg video length: 49.07 minutes
[2024-06-10 18:10:18,454][func.train][INFO] - [DATASET] df unique videos: [1 2 3 4 5 6 7 8 9 10 11 12 13 14 15 16 17 18 19 20 21 22 23 24 25 26 27
 28 29 30 31 32 33 34 35 36 37 38 39 40 41 42 43 44 45 46 47 48 49 50 51
 52 53 54 55 56 57 58 59 60 61 62 63 64 65 66 67 68 69 70 71 72 73 74 75
 76 77 78 79 80]
[2024-06-10 18:10:18,454][func.train][INFO] - [DATASET] split: test video_indices: [52]
[2024-06-10 18:10:18,514][func.train][INFO] - [DATASET] test size: 49151
[2024-06-10 18:10:18,514][func.train][INFO] - [DATASET] test video_indices: [52]
[2024-06-10 18:10:18,523][func.train][INFO] - [DATASET] Sampling video_idx: 52 at 25 fps to 1966 frames
[2024-06-10 18:10:18,523][func.train][INFO] - [DATASET] video 52 label_list: torch.Size([1966])
[2024-06-10 18:10:18,527][func.train][INFO] - [DATASET] number of test videos: 1
[2024-06-10 18:10:18,527][func.train][INFO] - [DATASET] avg video length: 32.77 minutes
[2024-06-10 18:10:19,893][func.train][INFO] - [DATASET] df unique videos: [1 2 3 4 5 6 7 8 9 10 11 12 13 14 15 16 17 18 19 20 21 22 23 24 25 26 27
 28 29 30 31 32 33 34 35 36 37 38 39 40 41 42 43 44 45 46 47 48 49 50 51
 52 53 54 55 56 57 58 59 60 61 62 63 64 65 66 67 68 69 70 71 72 73 74 75
 76 77 78 79 80]
[2024-06-10 18:10:19,893][func.train][INFO] - [DATASET] split: test video_indices: [53]
[2024-06-10 18:10:19,965][func.train][INFO] - [DATASET] test size: 82076
[2024-06-10 18:10:19,965][func.train][INFO] - [DATASET] test video_indices: [53]
[2024-06-10 18:10:19,978][func.train][INFO] - [DATASET] Sampling video_idx: 53 at 25 fps to 3283 frames
[2024-06-10 18:10:19,979][func.train][INFO] - [DATASET] video 53 label_list: torch.Size([3283])
[2024-06-10 18:10:19,985][func.train][INFO] - [DATASET] number of test videos: 1
[2024-06-10 18:10:19,985][func.train][INFO] - [DATASET] avg video length: 54.72 minutes
[2024-06-10 18:10:21,331][func.train][INFO] - [DATASET] df unique videos: [1 2 3 4 5 6 7 8 9 10 11 12 13 14 15 16 17 18 19 20 21 22 23 24 25 26 27
 28 29 30 31 32 33 34 35 36 37 38 39 40 41 42 43 44 45 46 47 48 49 50 51
 52 53 54 55 56 57 58 59 60 61 62 63 64 65 66 67 68 69 70 71 72 73 74 75
 76 77 78 79 80]
[2024-06-10 18:10:21,332][func.train][INFO] - [DATASET] split: test video_indices: [54]
[2024-06-10 18:10:21,400][func.train][INFO] - [DATASET] test size: 77501
[2024-06-10 18:10:21,400][func.train][INFO] - [DATASET] test video_indices: [54]
[2024-06-10 18:10:21,414][func.train][INFO] - [DATASET] Sampling video_idx: 54 at 25 fps to 3100 frames
[2024-06-10 18:10:21,415][func.train][INFO] - [DATASET] video 54 label_list: torch.Size([3100])
[2024-06-10 18:10:21,420][func.train][INFO] - [DATASET] number of test videos: 1
[2024-06-10 18:10:21,420][func.train][INFO] - [DATASET] avg video length: 51.67 minutes
[2024-06-10 18:10:22,759][func.train][INFO] - [DATASET] df unique videos: [1 2 3 4 5 6 7 8 9 10 11 12 13 14 15 16 17 18 19 20 21 22 23 24 25 26 27
 28 29 30 31 32 33 34 35 36 37 38 39 40 41 42 43 44 45 46 47 48 49 50 51
 52 53 54 55 56 57 58 59 60 61 62 63 64 65 66 67 68 69 70 71 72 73 74 75
 76 77 78 79 80]
[2024-06-10 18:10:22,759][func.train][INFO] - [DATASET] split: test video_indices: [55]
[2024-06-10 18:10:22,817][func.train][INFO] - [DATASET] test size: 25926
[2024-06-10 18:10:22,817][func.train][INFO] - [DATASET] test video_indices: [55]
[2024-06-10 18:10:22,822][func.train][INFO] - [DATASET] Sampling video_idx: 55 at 25 fps to 1037 frames
[2024-06-10 18:10:22,822][func.train][INFO] - [DATASET] video 55 label_list: torch.Size([1037])
[2024-06-10 18:10:22,824][func.train][INFO] - [DATASET] number of test videos: 1
[2024-06-10 18:10:22,825][func.train][INFO] - [DATASET] avg video length: 17.28 minutes
[2024-06-10 18:10:24,165][func.train][INFO] - [DATASET] df unique videos: [1 2 3 4 5 6 7 8 9 10 11 12 13 14 15 16 17 18 19 20 21 22 23 24 25 26 27
 28 29 30 31 32 33 34 35 36 37 38 39 40 41 42 43 44 45 46 47 48 49 50 51
 52 53 54 55 56 57 58 59 60 61 62 63 64 65 66 67 68 69 70 71 72 73 74 75
 76 77 78 79 80]
[2024-06-10 18:10:24,166][func.train][INFO] - [DATASET] split: test video_indices: [56]
[2024-06-10 18:10:24,225][func.train][INFO] - [DATASET] test size: 45851
[2024-06-10 18:10:24,225][func.train][INFO] - [DATASET] test video_indices: [56]
[2024-06-10 18:10:24,232][func.train][INFO] - [DATASET] Sampling video_idx: 56 at 25 fps to 1834 frames
[2024-06-10 18:10:24,233][func.train][INFO] - [DATASET] video 56 label_list: torch.Size([1834])
[2024-06-10 18:10:24,236][func.train][INFO] - [DATASET] number of test videos: 1
[2024-06-10 18:10:24,236][func.train][INFO] - [DATASET] avg video length: 30.57 minutes
[2024-06-10 18:10:25,609][func.train][INFO] - [DATASET] df unique videos: [1 2 3 4 5 6 7 8 9 10 11 12 13 14 15 16 17 18 19 20 21 22 23 24 25 26 27
 28 29 30 31 32 33 34 35 36 37 38 39 40 41 42 43 44 45 46 47 48 49 50 51
 52 53 54 55 56 57 58 59 60 61 62 63 64 65 66 67 68 69 70 71 72 73 74 75
 76 77 78 79 80]
[2024-06-10 18:10:25,609][func.train][INFO] - [DATASET] split: test video_indices: [57]
[2024-06-10 18:10:25,677][func.train][INFO] - [DATASET] test size: 65801
[2024-06-10 18:10:25,677][func.train][INFO] - [DATASET] test video_indices: [57]
[2024-06-10 18:10:25,689][func.train][INFO] - [DATASET] Sampling video_idx: 57 at 25 fps to 2632 frames
[2024-06-10 18:10:25,689][func.train][INFO] - [DATASET] video 57 label_list: torch.Size([2632])
[2024-06-10 18:10:25,694][func.train][INFO] - [DATASET] number of test videos: 1
[2024-06-10 18:10:25,694][func.train][INFO] - [DATASET] avg video length: 43.87 minutes
[2024-06-10 18:10:27,089][func.train][INFO] - [DATASET] df unique videos: [1 2 3 4 5 6 7 8 9 10 11 12 13 14 15 16 17 18 19 20 21 22 23 24 25 26 27
 28 29 30 31 32 33 34 35 36 37 38 39 40 41 42 43 44 45 46 47 48 49 50 51
 52 53 54 55 56 57 58 59 60 61 62 63 64 65 66 67 68 69 70 71 72 73 74 75
 76 77 78 79 80]
[2024-06-10 18:10:27,089][func.train][INFO] - [DATASET] split: test video_indices: [58]
[2024-06-10 18:10:27,179][func.train][INFO] - [DATASET] test size: 149826
[2024-06-10 18:10:27,179][func.train][INFO] - [DATASET] test video_indices: [58]
[2024-06-10 18:10:27,205][func.train][INFO] - [DATASET] Sampling video_idx: 58 at 25 fps to 5993 frames
[2024-06-10 18:10:27,207][func.train][INFO] - [DATASET] video 58 label_list: torch.Size([5993])
[2024-06-10 18:10:27,220][func.train][INFO] - [DATASET] number of test videos: 1
[2024-06-10 18:10:27,220][func.train][INFO] - [DATASET] avg video length: 99.88 minutes
[2024-06-10 18:10:28,624][func.train][INFO] - [DATASET] df unique videos: [1 2 3 4 5 6 7 8 9 10 11 12 13 14 15 16 17 18 19 20 21 22 23 24 25 26 27
 28 29 30 31 32 33 34 35 36 37 38 39 40 41 42 43 44 45 46 47 48 49 50 51
 52 53 54 55 56 57 58 59 60 61 62 63 64 65 66 67 68 69 70 71 72 73 74 75
 76 77 78 79 80]
[2024-06-10 18:10:28,624][func.train][INFO] - [DATASET] split: test video_indices: [59]
[2024-06-10 18:10:28,682][func.train][INFO] - [DATASET] test size: 26151
[2024-06-10 18:10:28,682][func.train][INFO] - [DATASET] test video_indices: [59]
[2024-06-10 18:10:28,686][func.train][INFO] - [DATASET] Sampling video_idx: 59 at 25 fps to 1046 frames
[2024-06-10 18:10:28,686][func.train][INFO] - [DATASET] video 59 label_list: torch.Size([1046])
[2024-06-10 18:10:28,689][func.train][INFO] - [DATASET] number of test videos: 1
[2024-06-10 18:10:28,689][func.train][INFO] - [DATASET] avg video length: 17.43 minutes
[2024-06-10 18:10:30,075][func.train][INFO] - [DATASET] df unique videos: [1 2 3 4 5 6 7 8 9 10 11 12 13 14 15 16 17 18 19 20 21 22 23 24 25 26 27
 28 29 30 31 32 33 34 35 36 37 38 39 40 41 42 43 44 45 46 47 48 49 50 51
 52 53 54 55 56 57 58 59 60 61 62 63 64 65 66 67 68 69 70 71 72 73 74 75
 76 77 78 79 80]
[2024-06-10 18:10:30,075][func.train][INFO] - [DATASET] split: test video_indices: [60]
[2024-06-10 18:10:30,139][func.train][INFO] - [DATASET] test size: 63301
[2024-06-10 18:10:30,139][func.train][INFO] - [DATASET] test video_indices: [60]
[2024-06-10 18:10:30,149][func.train][INFO] - [DATASET] Sampling video_idx: 60 at 25 fps to 2532 frames
[2024-06-10 18:10:30,150][func.train][INFO] - [DATASET] video 60 label_list: torch.Size([2532])
[2024-06-10 18:10:30,154][func.train][INFO] - [DATASET] number of test videos: 1
[2024-06-10 18:10:30,154][func.train][INFO] - [DATASET] avg video length: 42.20 minutes
[2024-06-10 18:10:31,549][func.train][INFO] - [DATASET] df unique videos: [1 2 3 4 5 6 7 8 9 10 11 12 13 14 15 16 17 18 19 20 21 22 23 24 25 26 27
 28 29 30 31 32 33 34 35 36 37 38 39 40 41 42 43 44 45 46 47 48 49 50 51
 52 53 54 55 56 57 58 59 60 61 62 63 64 65 66 67 68 69 70 71 72 73 74 75
 76 77 78 79 80]
[2024-06-10 18:10:31,550][func.train][INFO] - [DATASET] split: test video_indices: [61]
[2024-06-10 18:10:31,630][func.train][INFO] - [DATASET] test size: 110226
[2024-06-10 18:10:31,630][func.train][INFO] - [DATASET] test video_indices: [61]
[2024-06-10 18:10:31,648][func.train][INFO] - [DATASET] Sampling video_idx: 61 at 25 fps to 4409 frames
[2024-06-10 18:10:31,649][func.train][INFO] - [DATASET] video 61 label_list: torch.Size([4409])
[2024-06-10 18:10:31,658][func.train][INFO] - [DATASET] number of test videos: 1
[2024-06-10 18:10:31,658][func.train][INFO] - [DATASET] avg video length: 73.48 minutes
[2024-06-10 18:10:33,048][func.train][INFO] - [DATASET] df unique videos: [1 2 3 4 5 6 7 8 9 10 11 12 13 14 15 16 17 18 19 20 21 22 23 24 25 26 27
 28 29 30 31 32 33 34 35 36 37 38 39 40 41 42 43 44 45 46 47 48 49 50 51
 52 53 54 55 56 57 58 59 60 61 62 63 64 65 66 67 68 69 70 71 72 73 74 75
 76 77 78 79 80]
[2024-06-10 18:10:33,049][func.train][INFO] - [DATASET] split: test video_indices: [62]
[2024-06-10 18:10:33,110][func.train][INFO] - [DATASET] test size: 50801
[2024-06-10 18:10:33,111][func.train][INFO] - [DATASET] test video_indices: [62]
[2024-06-10 18:10:33,119][func.train][INFO] - [DATASET] Sampling video_idx: 62 at 25 fps to 2032 frames
[2024-06-10 18:10:33,120][func.train][INFO] - [DATASET] video 62 label_list: torch.Size([2032])
[2024-06-10 18:10:33,124][func.train][INFO] - [DATASET] number of test videos: 1
[2024-06-10 18:10:33,124][func.train][INFO] - [DATASET] avg video length: 33.87 minutes
[2024-06-10 18:10:34,498][func.train][INFO] - [DATASET] df unique videos: [1 2 3 4 5 6 7 8 9 10 11 12 13 14 15 16 17 18 19 20 21 22 23 24 25 26 27
 28 29 30 31 32 33 34 35 36 37 38 39 40 41 42 43 44 45 46 47 48 49 50 51
 52 53 54 55 56 57 58 59 60 61 62 63 64 65 66 67 68 69 70 71 72 73 74 75
 76 77 78 79 80]
[2024-06-10 18:10:34,498][func.train][INFO] - [DATASET] split: test video_indices: [63]
[2024-06-10 18:10:34,572][func.train][INFO] - [DATASET] test size: 85826
[2024-06-10 18:10:34,572][func.train][INFO] - [DATASET] test video_indices: [63]
[2024-06-10 18:10:34,587][func.train][INFO] - [DATASET] Sampling video_idx: 63 at 25 fps to 3433 frames
[2024-06-10 18:10:34,588][func.train][INFO] - [DATASET] video 63 label_list: torch.Size([3433])
[2024-06-10 18:10:34,593][func.train][INFO] - [DATASET] number of test videos: 1
[2024-06-10 18:10:34,594][func.train][INFO] - [DATASET] avg video length: 57.22 minutes
[2024-06-10 18:10:35,952][func.train][INFO] - [DATASET] df unique videos: [1 2 3 4 5 6 7 8 9 10 11 12 13 14 15 16 17 18 19 20 21 22 23 24 25 26 27
 28 29 30 31 32 33 34 35 36 37 38 39 40 41 42 43 44 45 46 47 48 49 50 51
 52 53 54 55 56 57 58 59 60 61 62 63 64 65 66 67 68 69 70 71 72 73 74 75
 76 77 78 79 80]
[2024-06-10 18:10:35,952][func.train][INFO] - [DATASET] split: test video_indices: [64]
[2024-06-10 18:10:36,015][func.train][INFO] - [DATASET] test size: 59951
[2024-06-10 18:10:36,016][func.train][INFO] - [DATASET] test video_indices: [64]
[2024-06-10 18:10:36,025][func.train][INFO] - [DATASET] Sampling video_idx: 64 at 25 fps to 2398 frames
[2024-06-10 18:10:36,026][func.train][INFO] - [DATASET] video 64 label_list: torch.Size([2398])
[2024-06-10 18:10:36,030][func.train][INFO] - [DATASET] number of test videos: 1
[2024-06-10 18:10:36,030][func.train][INFO] - [DATASET] avg video length: 39.97 minutes
[2024-06-10 18:10:37,378][func.train][INFO] - [DATASET] df unique videos: [1 2 3 4 5 6 7 8 9 10 11 12 13 14 15 16 17 18 19 20 21 22 23 24 25 26 27
 28 29 30 31 32 33 34 35 36 37 38 39 40 41 42 43 44 45 46 47 48 49 50 51
 52 53 54 55 56 57 58 59 60 61 62 63 64 65 66 67 68 69 70 71 72 73 74 75
 76 77 78 79 80]
[2024-06-10 18:10:37,378][func.train][INFO] - [DATASET] split: test video_indices: [65]
[2024-06-10 18:10:37,438][func.train][INFO] - [DATASET] test size: 46826
[2024-06-10 18:10:37,438][func.train][INFO] - [DATASET] test video_indices: [65]
[2024-06-10 18:10:37,447][func.train][INFO] - [DATASET] Sampling video_idx: 65 at 25 fps to 1873 frames
[2024-06-10 18:10:37,447][func.train][INFO] - [DATASET] video 65 label_list: torch.Size([1873])
[2024-06-10 18:10:37,451][func.train][INFO] - [DATASET] number of test videos: 1
[2024-06-10 18:10:37,451][func.train][INFO] - [DATASET] avg video length: 31.22 minutes
[2024-06-10 18:10:38,819][func.train][INFO] - [DATASET] df unique videos: [1 2 3 4 5 6 7 8 9 10 11 12 13 14 15 16 17 18 19 20 21 22 23 24 25 26 27
 28 29 30 31 32 33 34 35 36 37 38 39 40 41 42 43 44 45 46 47 48 49 50 51
 52 53 54 55 56 57 58 59 60 61 62 63 64 65 66 67 68 69 70 71 72 73 74 75
 76 77 78 79 80]
[2024-06-10 18:10:38,819][func.train][INFO] - [DATASET] split: test video_indices: [66]
[2024-06-10 18:10:38,880][func.train][INFO] - [DATASET] test size: 45601
[2024-06-10 18:10:38,880][func.train][INFO] - [DATASET] test video_indices: [66]
[2024-06-10 18:10:38,887][func.train][INFO] - [DATASET] Sampling video_idx: 66 at 25 fps to 1824 frames
[2024-06-10 18:10:38,888][func.train][INFO] - [DATASET] video 66 label_list: torch.Size([1824])
[2024-06-10 18:10:38,891][func.train][INFO] - [DATASET] number of test videos: 1
[2024-06-10 18:10:38,891][func.train][INFO] - [DATASET] avg video length: 30.40 minutes
[2024-06-10 18:10:40,251][func.train][INFO] - [DATASET] df unique videos: [1 2 3 4 5 6 7 8 9 10 11 12 13 14 15 16 17 18 19 20 21 22 23 24 25 26 27
 28 29 30 31 32 33 34 35 36 37 38 39 40 41 42 43 44 45 46 47 48 49 50 51
 52 53 54 55 56 57 58 59 60 61 62 63 64 65 66 67 68 69 70 71 72 73 74 75
 76 77 78 79 80]
[2024-06-10 18:10:40,251][func.train][INFO] - [DATASET] split: test video_indices: [67]
[2024-06-10 18:10:40,317][func.train][INFO] - [DATASET] test size: 58826
[2024-06-10 18:10:40,318][func.train][INFO] - [DATASET] test video_indices: [67]
[2024-06-10 18:10:40,327][func.train][INFO] - [DATASET] Sampling video_idx: 67 at 25 fps to 2353 frames
[2024-06-10 18:10:40,328][func.train][INFO] - [DATASET] video 67 label_list: torch.Size([2353])
[2024-06-10 18:10:40,332][func.train][INFO] - [DATASET] number of test videos: 1
[2024-06-10 18:10:40,333][func.train][INFO] - [DATASET] avg video length: 39.22 minutes
[2024-06-10 18:10:41,703][func.train][INFO] - [DATASET] df unique videos: [1 2 3 4 5 6 7 8 9 10 11 12 13 14 15 16 17 18 19 20 21 22 23 24 25 26 27
 28 29 30 31 32 33 34 35 36 37 38 39 40 41 42 43 44 45 46 47 48 49 50 51
 52 53 54 55 56 57 58 59 60 61 62 63 64 65 66 67 68 69 70 71 72 73 74 75
 76 77 78 79 80]
[2024-06-10 18:10:41,703][func.train][INFO] - [DATASET] split: test video_indices: [68]
[2024-06-10 18:10:41,764][func.train][INFO] - [DATASET] test size: 49301
[2024-06-10 18:10:41,764][func.train][INFO] - [DATASET] test video_indices: [68]
[2024-06-10 18:10:41,772][func.train][INFO] - [DATASET] Sampling video_idx: 68 at 25 fps to 1972 frames
[2024-06-10 18:10:41,773][func.train][INFO] - [DATASET] video 68 label_list: torch.Size([1972])
[2024-06-10 18:10:41,777][func.train][INFO] - [DATASET] number of test videos: 1
[2024-06-10 18:10:41,777][func.train][INFO] - [DATASET] avg video length: 32.87 minutes
[2024-06-10 18:10:43,187][func.train][INFO] - [DATASET] df unique videos: [1 2 3 4 5 6 7 8 9 10 11 12 13 14 15 16 17 18 19 20 21 22 23 24 25 26 27
 28 29 30 31 32 33 34 35 36 37 38 39 40 41 42 43 44 45 46 47 48 49 50 51
 52 53 54 55 56 57 58 59 60 61 62 63 64 65 66 67 68 69 70 71 72 73 74 75
 76 77 78 79 80]
[2024-06-10 18:10:43,187][func.train][INFO] - [DATASET] split: test video_indices: [69]
[2024-06-10 18:10:43,266][func.train][INFO] - [DATASET] test size: 114376
[2024-06-10 18:10:43,266][func.train][INFO] - [DATASET] test video_indices: [69]
[2024-06-10 18:10:43,284][func.train][INFO] - [DATASET] Sampling video_idx: 69 at 25 fps to 4575 frames
[2024-06-10 18:10:43,286][func.train][INFO] - [DATASET] video 69 label_list: torch.Size([4575])
[2024-06-10 18:10:43,293][func.train][INFO] - [DATASET] number of test videos: 1
[2024-06-10 18:10:43,294][func.train][INFO] - [DATASET] avg video length: 76.25 minutes
[2024-06-10 18:10:44,637][func.train][INFO] - [DATASET] df unique videos: [1 2 3 4 5 6 7 8 9 10 11 12 13 14 15 16 17 18 19 20 21 22 23 24 25 26 27
 28 29 30 31 32 33 34 35 36 37 38 39 40 41 42 43 44 45 46 47 48 49 50 51
 52 53 54 55 56 57 58 59 60 61 62 63 64 65 66 67 68 69 70 71 72 73 74 75
 76 77 78 79 80]
[2024-06-10 18:10:44,637][func.train][INFO] - [DATASET] split: test video_indices: [70]
[2024-06-10 18:10:44,693][func.train][INFO] - [DATASET] test size: 29851
[2024-06-10 18:10:44,694][func.train][INFO] - [DATASET] test video_indices: [70]
[2024-06-10 18:10:44,699][func.train][INFO] - [DATASET] Sampling video_idx: 70 at 25 fps to 1194 frames
[2024-06-10 18:10:44,699][func.train][INFO] - [DATASET] video 70 label_list: torch.Size([1194])
[2024-06-10 18:10:44,702][func.train][INFO] - [DATASET] number of test videos: 1
[2024-06-10 18:10:44,702][func.train][INFO] - [DATASET] avg video length: 19.90 minutes
[2024-06-10 18:10:46,095][func.train][INFO] - [DATASET] df unique videos: [1 2 3 4 5 6 7 8 9 10 11 12 13 14 15 16 17 18 19 20 21 22 23 24 25 26 27
 28 29 30 31 32 33 34 35 36 37 38 39 40 41 42 43 44 45 46 47 48 49 50 51
 52 53 54 55 56 57 58 59 60 61 62 63 64 65 66 67 68 69 70 71 72 73 74 75
 76 77 78 79 80]
[2024-06-10 18:10:46,095][func.train][INFO] - [DATASET] split: test video_indices: [71]
[2024-06-10 18:10:46,163][func.train][INFO] - [DATASET] test size: 62876
[2024-06-10 18:10:46,163][func.train][INFO] - [DATASET] test video_indices: [71]
[2024-06-10 18:10:46,173][func.train][INFO] - [DATASET] Sampling video_idx: 71 at 25 fps to 2515 frames
[2024-06-10 18:10:46,174][func.train][INFO] - [DATASET] video 71 label_list: torch.Size([2515])
[2024-06-10 18:10:46,179][func.train][INFO] - [DATASET] number of test videos: 1
[2024-06-10 18:10:46,179][func.train][INFO] - [DATASET] avg video length: 41.92 minutes
[2024-06-10 18:10:47,537][func.train][INFO] - [DATASET] df unique videos: [1 2 3 4 5 6 7 8 9 10 11 12 13 14 15 16 17 18 19 20 21 22 23 24 25 26 27
 28 29 30 31 32 33 34 35 36 37 38 39 40 41 42 43 44 45 46 47 48 49 50 51
 52 53 54 55 56 57 58 59 60 61 62 63 64 65 66 67 68 69 70 71 72 73 74 75
 76 77 78 79 80]
[2024-06-10 18:10:47,537][func.train][INFO] - [DATASET] split: test video_indices: [72]
[2024-06-10 18:10:47,605][func.train][INFO] - [DATASET] test size: 77651
[2024-06-10 18:10:47,605][func.train][INFO] - [DATASET] test video_indices: [72]
[2024-06-10 18:10:47,618][func.train][INFO] - [DATASET] Sampling video_idx: 72 at 25 fps to 3106 frames
[2024-06-10 18:10:47,619][func.train][INFO] - [DATASET] video 72 label_list: torch.Size([3106])
[2024-06-10 18:10:47,630][func.train][INFO] - [DATASET] number of test videos: 1
[2024-06-10 18:10:47,630][func.train][INFO] - [DATASET] avg video length: 51.77 minutes
[2024-06-10 18:10:48,997][func.train][INFO] - [DATASET] df unique videos: [1 2 3 4 5 6 7 8 9 10 11 12 13 14 15 16 17 18 19 20 21 22 23 24 25 26 27
 28 29 30 31 32 33 34 35 36 37 38 39 40 41 42 43 44 45 46 47 48 49 50 51
 52 53 54 55 56 57 58 59 60 61 62 63 64 65 66 67 68 69 70 71 72 73 74 75
 76 77 78 79 80]
[2024-06-10 18:10:48,997][func.train][INFO] - [DATASET] split: test video_indices: [73]
[2024-06-10 18:10:49,054][func.train][INFO] - [DATASET] test size: 33901
[2024-06-10 18:10:49,055][func.train][INFO] - [DATASET] test video_indices: [73]
[2024-06-10 18:10:49,061][func.train][INFO] - [DATASET] Sampling video_idx: 73 at 25 fps to 1356 frames
[2024-06-10 18:10:49,062][func.train][INFO] - [DATASET] video 73 label_list: torch.Size([1356])
[2024-06-10 18:10:49,064][func.train][INFO] - [DATASET] number of test videos: 1
[2024-06-10 18:10:49,064][func.train][INFO] - [DATASET] avg video length: 22.60 minutes
[2024-06-10 18:10:50,418][func.train][INFO] - [DATASET] df unique videos: [1 2 3 4 5 6 7 8 9 10 11 12 13 14 15 16 17 18 19 20 21 22 23 24 25 26 27
 28 29 30 31 32 33 34 35 36 37 38 39 40 41 42 43 44 45 46 47 48 49 50 51
 52 53 54 55 56 57 58 59 60 61 62 63 64 65 66 67 68 69 70 71 72 73 74 75
 76 77 78 79 80]
[2024-06-10 18:10:50,418][func.train][INFO] - [DATASET] split: test video_indices: [74]
[2024-06-10 18:10:50,477][func.train][INFO] - [DATASET] test size: 40851
[2024-06-10 18:10:50,477][func.train][INFO] - [DATASET] test video_indices: [74]
[2024-06-10 18:10:50,484][func.train][INFO] - [DATASET] Sampling video_idx: 74 at 25 fps to 1634 frames
[2024-06-10 18:10:50,485][func.train][INFO] - [DATASET] video 74 label_list: torch.Size([1634])
[2024-06-10 18:10:50,488][func.train][INFO] - [DATASET] number of test videos: 1
[2024-06-10 18:10:50,488][func.train][INFO] - [DATASET] avg video length: 27.23 minutes
[2024-06-10 18:10:51,838][func.train][INFO] - [DATASET] df unique videos: [1 2 3 4 5 6 7 8 9 10 11 12 13 14 15 16 17 18 19 20 21 22 23 24 25 26 27
 28 29 30 31 32 33 34 35 36 37 38 39 40 41 42 43 44 45 46 47 48 49 50 51
 52 53 54 55 56 57 58 59 60 61 62 63 64 65 66 67 68 69 70 71 72 73 74 75
 76 77 78 79 80]
[2024-06-10 18:10:51,838][func.train][INFO] - [DATASET] split: test video_indices: [75]
[2024-06-10 18:10:51,900][func.train][INFO] - [DATASET] test size: 48076
[2024-06-10 18:10:51,900][func.train][INFO] - [DATASET] test video_indices: [75]
[2024-06-10 18:10:51,908][func.train][INFO] - [DATASET] Sampling video_idx: 75 at 25 fps to 1923 frames
[2024-06-10 18:10:51,909][func.train][INFO] - [DATASET] video 75 label_list: torch.Size([1923])
[2024-06-10 18:10:51,912][func.train][INFO] - [DATASET] number of test videos: 1
[2024-06-10 18:10:51,912][func.train][INFO] - [DATASET] avg video length: 32.05 minutes
[2024-06-10 18:10:53,260][func.train][INFO] - [DATASET] df unique videos: [1 2 3 4 5 6 7 8 9 10 11 12 13 14 15 16 17 18 19 20 21 22 23 24 25 26 27
 28 29 30 31 32 33 34 35 36 37 38 39 40 41 42 43 44 45 46 47 48 49 50 51
 52 53 54 55 56 57 58 59 60 61 62 63 64 65 66 67 68 69 70 71 72 73 74 75
 76 77 78 79 80]
[2024-06-10 18:10:53,261][func.train][INFO] - [DATASET] split: test video_indices: [76]
[2024-06-10 18:10:53,325][func.train][INFO] - [DATASET] test size: 66226
[2024-06-10 18:10:53,326][func.train][INFO] - [DATASET] test video_indices: [76]
[2024-06-10 18:10:53,337][func.train][INFO] - [DATASET] Sampling video_idx: 76 at 25 fps to 2649 frames
[2024-06-10 18:10:53,338][func.train][INFO] - [DATASET] video 76 label_list: torch.Size([2649])
[2024-06-10 18:10:53,342][func.train][INFO] - [DATASET] number of test videos: 1
[2024-06-10 18:10:53,342][func.train][INFO] - [DATASET] avg video length: 44.15 minutes
[2024-06-10 18:10:54,708][func.train][INFO] - [DATASET] df unique videos: [1 2 3 4 5 6 7 8 9 10 11 12 13 14 15 16 17 18 19 20 21 22 23 24 25 26 27
 28 29 30 31 32 33 34 35 36 37 38 39 40 41 42 43 44 45 46 47 48 49 50 51
 52 53 54 55 56 57 58 59 60 61 62 63 64 65 66 67 68 69 70 71 72 73 74 75
 76 77 78 79 80]
[2024-06-10 18:10:54,708][func.train][INFO] - [DATASET] split: test video_indices: [77]
[2024-06-10 18:10:54,773][func.train][INFO] - [DATASET] test size: 62551
[2024-06-10 18:10:54,773][func.train][INFO] - [DATASET] test video_indices: [77]
[2024-06-10 18:10:54,783][func.train][INFO] - [DATASET] Sampling video_idx: 77 at 25 fps to 2502 frames
[2024-06-10 18:10:54,784][func.train][INFO] - [DATASET] video 77 label_list: torch.Size([2502])
[2024-06-10 18:10:54,789][func.train][INFO] - [DATASET] number of test videos: 1
[2024-06-10 18:10:54,789][func.train][INFO] - [DATASET] avg video length: 41.70 minutes
[2024-06-10 18:10:56,138][func.train][INFO] - [DATASET] df unique videos: [1 2 3 4 5 6 7 8 9 10 11 12 13 14 15 16 17 18 19 20 21 22 23 24 25 26 27
 28 29 30 31 32 33 34 35 36 37 38 39 40 41 42 43 44 45 46 47 48 49 50 51
 52 53 54 55 56 57 58 59 60 61 62 63 64 65 66 67 68 69 70 71 72 73 74 75
 76 77 78 79 80]
[2024-06-10 18:10:56,139][func.train][INFO] - [DATASET] split: test video_indices: [78]
[2024-06-10 18:10:56,192][func.train][INFO] - [DATASET] test size: 18476
[2024-06-10 18:10:56,192][func.train][INFO] - [DATASET] test video_indices: [78]
[2024-06-10 18:10:56,195][func.train][INFO] - [DATASET] Sampling video_idx: 78 at 25 fps to 739 frames
[2024-06-10 18:10:56,196][func.train][INFO] - [DATASET] video 78 label_list: torch.Size([739])
[2024-06-10 18:10:56,198][func.train][INFO] - [DATASET] number of test videos: 1
[2024-06-10 18:10:56,198][func.train][INFO] - [DATASET] avg video length: 12.32 minutes
[2024-06-10 18:10:57,536][func.train][INFO] - [DATASET] df unique videos: [1 2 3 4 5 6 7 8 9 10 11 12 13 14 15 16 17 18 19 20 21 22 23 24 25 26 27
 28 29 30 31 32 33 34 35 36 37 38 39 40 41 42 43 44 45 46 47 48 49 50 51
 52 53 54 55 56 57 58 59 60 61 62 63 64 65 66 67 68 69 70 71 72 73 74 75
 76 77 78 79 80]
[2024-06-10 18:10:57,536][func.train][INFO] - [DATASET] split: test video_indices: [79]
[2024-06-10 18:10:57,609][func.train][INFO] - [DATASET] test size: 85351
[2024-06-10 18:10:57,609][func.train][INFO] - [DATASET] test video_indices: [79]
[2024-06-10 18:10:57,622][func.train][INFO] - [DATASET] Sampling video_idx: 79 at 25 fps to 3414 frames
[2024-06-10 18:10:57,623][func.train][INFO] - [DATASET] video 79 label_list: torch.Size([3414])
[2024-06-10 18:10:57,631][func.train][INFO] - [DATASET] number of test videos: 1
[2024-06-10 18:10:57,631][func.train][INFO] - [DATASET] avg video length: 56.90 minutes
[2024-06-10 18:10:58,985][func.train][INFO] - [DATASET] df unique videos: [1 2 3 4 5 6 7 8 9 10 11 12 13 14 15 16 17 18 19 20 21 22 23 24 25 26 27
 28 29 30 31 32 33 34 35 36 37 38 39 40 41 42 43 44 45 46 47 48 49 50 51
 52 53 54 55 56 57 58 59 60 61 62 63 64 65 66 67 68 69 70 71 72 73 74 75
 76 77 78 79 80]
[2024-06-10 18:10:58,985][func.train][INFO] - [DATASET] split: test video_indices: [80]
[2024-06-10 18:10:59,043][func.train][INFO] - [DATASET] test size: 43101
[2024-06-10 18:10:59,044][func.train][INFO] - [DATASET] test video_indices: [80]
[2024-06-10 18:10:59,051][func.train][INFO] - [DATASET] Sampling video_idx: 80 at 25 fps to 1724 frames
[2024-06-10 18:10:59,052][func.train][INFO] - [DATASET] video 80 label_list: torch.Size([1724])
[2024-06-10 18:10:59,055][func.train][INFO] - [DATASET] number of test videos: 1
[2024-06-10 18:10:59,055][func.train][INFO] - [DATASET] avg video length: 28.73 minutes
[2024-06-10 18:10:59,070][func.train][INFO] - Time to load datasets: 1.13 min
[2024-06-10 18:10:59,070][func.train][INFO] - Creating data loaders
[2024-06-10 18:10:59,078][func.train][INFO] - Creating model with {'one': 7} classes
[2024-06-10 18:11:00,118][func.train][INFO] - [MAIN] Number of tokens: 86304
[2024-06-10 18:11:00,118][func.train][INFO] - [MAIN] Number of parameters: 33382614
[2024-06-10 18:11:00,119][func.train][INFO] - [MAIN] Token-to-Parameter Ratio is ideally between [1:1 to 10:1]: 0.002585
[2024-06-10 18:11:00,119][func.train][WARNING] - [MAIN] Data-to-Parameter-Ratio is outside the interval [1:1 to 10:1]
[2024-06-10 18:11:00,120][func.train][INFO] - Using LR 0.000300 WD 0.000010 for parameters
[2024-06-10 18:11:00,120][func.train][INFO] - Using LR 0.000300 WD 0.000010 for parameters
[2024-06-10 18:11:00,126][func.train][INFO] - Wrapping model into DP
[2024-06-10 18:11:00,195][func.train][INFO] - Start training
[2024-06-10 18:11:00,199][func.train][INFO] - Storing checkpoints every 60.00 mins
[2024-06-10 18:11:01,174][func.train][INFO] - [TRAINING] Step 0/1349 | Loss: 1.01 | Acc (curr_frames): 0.16 | time-left: 21.91 min
[2024-06-10 18:11:30,681][func.train][INFO] - [TRAINING] Step 100/1349 | Loss: 1.12 | Acc (curr_frames): 0.19 | time-left: 6.28 min
[2024-06-10 18:11:59,270][func.train][INFO] - [TRAINING] Step 200/1349 | Loss: 1.08 | Acc (curr_frames): 0.14 | time-left: 5.62 min
[2024-06-10 18:12:27,794][func.train][INFO] - [TRAINING] Step 300/1349 | Loss: 0.88 | Acc (curr_frames): 0.18 | time-left: 5.08 min
[2024-06-10 18:12:56,252][func.train][INFO] - [TRAINING] Step 400/1349 | Loss: 0.88 | Acc (curr_frames): 0.17 | time-left: 4.57 min
[2024-06-10 18:13:24,950][func.train][INFO] - [TRAINING] Step 500/1349 | Loss: 1.12 | Acc (curr_frames): 0.16 | time-left: 4.08 min
[2024-06-10 18:13:53,477][func.train][INFO] - [TRAINING] Step 600/1349 | Loss: 0.96 | Acc (curr_frames): 0.22 | time-left: 3.59 min
[2024-06-10 18:14:22,136][func.train][INFO] - [TRAINING] Step 700/1349 | Loss: 1.01 | Acc (curr_frames): 0.23 | time-left: 3.11 min
[2024-06-10 18:14:50,706][func.train][INFO] - [TRAINING] Step 800/1349 | Loss: 0.97 | Acc (curr_frames): 0.15 | time-left: 2.63 min
[2024-06-10 18:15:19,192][func.train][INFO] - [TRAINING] Step 900/1349 | Loss: 1.13 | Acc (curr_frames): 0.17 | time-left: 2.15 min
[2024-06-10 18:15:47,583][func.train][INFO] - [TRAINING] Step 1000/1349 | Loss: 0.96 | Acc (curr_frames): 0.14 | time-left: 1.67 min
[2024-06-10 18:16:16,123][func.train][INFO] - [TRAINING] Step 1100/1349 | Loss: 0.81 | Acc (curr_frames): 0.32 | time-left: 1.19 min
[2024-06-10 18:16:44,549][func.train][INFO] - [TRAINING] Step 1200/1349 | Loss: 1.00 | Acc (curr_frames): 0.22 | time-left: 0.71 min
[2024-06-10 18:17:12,885][func.train][INFO] - [TRAINING] Step 1300/1349 | Loss: 0.94 | Acc (curr_frames): 0.26 | time-left: 0.23 min
[2024-06-10 18:17:32,387][root][INFO] - Storing ckpt at epoch 1.000000 to checkpoint.pth
[2024-06-10 18:17:32,803][func.train][INFO] - [EVAL] Epoch: 1 | Anticipation time (s): 60 | Max anticipation time (m): 18 | Step size (m): 1 | Max auto-reg. steps: 18
[2024-06-10 18:17:32,804][func.train][INFO] - [EVAL] X-axis values: [1, 2, 3, 4, 5, 6, 7, 8, 9, 10, 11, 12, 13, 14, 15, 16, 17, 18]
[2024-06-10 18:17:33,042][func.train][INFO] - [TESTING] video: 41 | frame: 63 / 3103
[2024-06-10 18:17:33,267][func.train][INFO] - [TESTING] video: 41 | frame: 127 / 3103
[2024-06-10 18:17:33,492][func.train][INFO] - [TESTING] video: 41 | frame: 191 / 3103
[2024-06-10 18:17:33,718][func.train][INFO] - [TESTING] video: 41 | frame: 255 / 3103
[2024-06-10 18:17:33,943][func.train][INFO] - [TESTING] video: 41 | frame: 319 / 3103
[2024-06-10 18:17:34,168][func.train][INFO] - [TESTING] video: 41 | frame: 383 / 3103
[2024-06-10 18:17:34,392][func.train][INFO] - [TESTING] video: 41 | frame: 447 / 3103
[2024-06-10 18:17:34,617][func.train][INFO] - [TESTING] video: 41 | frame: 511 / 3103
[2024-06-10 18:17:34,841][func.train][INFO] - [TESTING] video: 41 | frame: 575 / 3103
[2024-06-10 18:17:35,066][func.train][INFO] - [TESTING] video: 41 | frame: 639 / 3103
[2024-06-10 18:17:35,292][func.train][INFO] - [TESTING] video: 41 | frame: 703 / 3103
[2024-06-10 18:17:35,518][func.train][INFO] - [TESTING] video: 41 | frame: 767 / 3103
[2024-06-10 18:17:35,742][func.train][INFO] - [TESTING] video: 41 | frame: 831 / 3103
[2024-06-10 18:17:35,967][func.train][INFO] - [TESTING] video: 41 | frame: 895 / 3103
[2024-06-10 18:17:36,191][func.train][INFO] - [TESTING] video: 41 | frame: 959 / 3103
[2024-06-10 18:17:36,416][func.train][INFO] - [TESTING] video: 41 | frame: 1023 / 3103
[2024-06-10 18:17:36,641][func.train][INFO] - [TESTING] video: 41 | frame: 1087 / 3103
[2024-06-10 18:17:36,866][func.train][INFO] - [TESTING] video: 41 | frame: 1151 / 3103
[2024-06-10 18:17:37,091][func.train][INFO] - [TESTING] video: 41 | frame: 1215 / 3103
[2024-06-10 18:17:37,315][func.train][INFO] - [TESTING] video: 41 | frame: 1279 / 3103
[2024-06-10 18:17:37,540][func.train][INFO] - [TESTING] video: 41 | frame: 1343 / 3103
[2024-06-10 18:17:37,764][func.train][INFO] - [TESTING] video: 41 | frame: 1407 / 3103
[2024-06-10 18:17:37,987][func.train][INFO] - [TESTING] video: 41 | frame: 1471 / 3103
[2024-06-10 18:17:38,208][func.train][INFO] - [TESTING] video: 41 | frame: 1535 / 3103
[2024-06-10 18:17:38,428][func.train][INFO] - [TESTING] video: 41 | frame: 1599 / 3103
[2024-06-10 18:17:38,650][func.train][INFO] - [TESTING] video: 41 | frame: 1663 / 3103
[2024-06-10 18:17:38,871][func.train][INFO] - [TESTING] video: 41 | frame: 1727 / 3103
[2024-06-10 18:17:39,092][func.train][INFO] - [TESTING] video: 41 | frame: 1791 / 3103
[2024-06-10 18:17:39,313][func.train][INFO] - [TESTING] video: 41 | frame: 1855 / 3103
[2024-06-10 18:17:39,534][func.train][INFO] - [TESTING] video: 41 | frame: 1919 / 3103
[2024-06-10 18:17:39,756][func.train][INFO] - [TESTING] video: 41 | frame: 1983 / 3103
[2024-06-10 18:17:39,979][func.train][INFO] - [TESTING] video: 41 | frame: 2047 / 3103
[2024-06-10 18:17:40,202][func.train][INFO] - [TESTING] video: 41 | frame: 2111 / 3103
[2024-06-10 18:17:40,424][func.train][INFO] - [TESTING] video: 41 | frame: 2175 / 3103
[2024-06-10 18:17:40,662][func.train][INFO] - [TESTING] video: 41 | frame: 2239 / 3103
[2024-06-10 18:17:40,910][func.train][INFO] - [TESTING] video: 41 | frame: 2303 / 3103
[2024-06-10 18:17:41,144][func.train][INFO] - [TESTING] video: 41 | frame: 2367 / 3103
[2024-06-10 18:17:41,366][func.train][INFO] - [TESTING] video: 41 | frame: 2431 / 3103
[2024-06-10 18:17:41,589][func.train][INFO] - [TESTING] video: 41 | frame: 2495 / 3103
[2024-06-10 18:17:41,811][func.train][INFO] - [TESTING] video: 41 | frame: 2559 / 3103
[2024-06-10 18:17:42,033][func.train][INFO] - [TESTING] video: 41 | frame: 2623 / 3103
[2024-06-10 18:17:42,255][func.train][INFO] - [TESTING] video: 41 | frame: 2687 / 3103
[2024-06-10 18:17:42,476][func.train][INFO] - [TESTING] video: 41 | frame: 2751 / 3103
[2024-06-10 18:17:42,697][func.train][INFO] - [TESTING] video: 41 | frame: 2815 / 3103
[2024-06-10 18:17:42,919][func.train][INFO] - [TESTING] video: 41 | frame: 2879 / 3103
[2024-06-10 18:17:43,140][func.train][INFO] - [TESTING] video: 41 | frame: 2943 / 3103
[2024-06-10 18:17:43,366][func.train][INFO] - [TESTING] video: 41 | frame: 3007 / 3103
[2024-06-10 18:17:43,584][func.train][INFO] - [TESTING] video: 41 | frame: 3071 / 3103
[2024-06-10 18:17:44,484][func.train][INFO] - [TESTING] video: 41 | frame: 3102 / 3103
[2024-06-10 18:17:44,484][func.train][INFO] - [TESTING] video: 41 | video test time: 0.19 min | total test time: 0.19 min
[2024-06-10 18:17:44,518][func.train][INFO] - [TESTING] video: 41 | video_mean_curr_acc: 0.0561 | mean_acc_future_frames: 0.2675 | video_mean_cum_acc_future: 0.2396
[2024-06-10 18:17:44,760][func.train][INFO] - [TESTING] video: 42 | frame: 63 / 3712
[2024-06-10 18:17:44,986][func.train][INFO] - [TESTING] video: 42 | frame: 127 / 3712
[2024-06-10 18:17:45,211][func.train][INFO] - [TESTING] video: 42 | frame: 191 / 3712
[2024-06-10 18:17:45,435][func.train][INFO] - [TESTING] video: 42 | frame: 255 / 3712
[2024-06-10 18:17:45,663][func.train][INFO] - [TESTING] video: 42 | frame: 319 / 3712
[2024-06-10 18:17:45,888][func.train][INFO] - [TESTING] video: 42 | frame: 383 / 3712
[2024-06-10 18:17:46,113][func.train][INFO] - [TESTING] video: 42 | frame: 447 / 3712
[2024-06-10 18:17:46,337][func.train][INFO] - [TESTING] video: 42 | frame: 511 / 3712
[2024-06-10 18:17:46,562][func.train][INFO] - [TESTING] video: 42 | frame: 575 / 3712
[2024-06-10 18:17:46,788][func.train][INFO] - [TESTING] video: 42 | frame: 639 / 3712
[2024-06-10 18:17:47,013][func.train][INFO] - [TESTING] video: 42 | frame: 703 / 3712
[2024-06-10 18:17:47,238][func.train][INFO] - [TESTING] video: 42 | frame: 767 / 3712
[2024-06-10 18:17:47,462][func.train][INFO] - [TESTING] video: 42 | frame: 831 / 3712
[2024-06-10 18:17:47,686][func.train][INFO] - [TESTING] video: 42 | frame: 895 / 3712
[2024-06-10 18:17:47,911][func.train][INFO] - [TESTING] video: 42 | frame: 959 / 3712
[2024-06-10 18:17:48,135][func.train][INFO] - [TESTING] video: 42 | frame: 1023 / 3712
[2024-06-10 18:17:48,362][func.train][INFO] - [TESTING] video: 42 | frame: 1087 / 3712
[2024-06-10 18:17:48,587][func.train][INFO] - [TESTING] video: 42 | frame: 1151 / 3712
[2024-06-10 18:17:48,814][func.train][INFO] - [TESTING] video: 42 | frame: 1215 / 3712
[2024-06-10 18:17:49,039][func.train][INFO] - [TESTING] video: 42 | frame: 1279 / 3712
[2024-06-10 18:17:49,263][func.train][INFO] - [TESTING] video: 42 | frame: 1343 / 3712
[2024-06-10 18:17:49,487][func.train][INFO] - [TESTING] video: 42 | frame: 1407 / 3712
[2024-06-10 18:17:49,710][func.train][INFO] - [TESTING] video: 42 | frame: 1471 / 3712
[2024-06-10 18:17:49,930][func.train][INFO] - [TESTING] video: 42 | frame: 1535 / 3712
[2024-06-10 18:17:50,151][func.train][INFO] - [TESTING] video: 42 | frame: 1599 / 3712
[2024-06-10 18:17:50,372][func.train][INFO] - [TESTING] video: 42 | frame: 1663 / 3712
[2024-06-10 18:17:50,593][func.train][INFO] - [TESTING] video: 42 | frame: 1727 / 3712
[2024-06-10 18:17:50,813][func.train][INFO] - [TESTING] video: 42 | frame: 1791 / 3712
[2024-06-10 18:17:51,034][func.train][INFO] - [TESTING] video: 42 | frame: 1855 / 3712
[2024-06-10 18:17:51,254][func.train][INFO] - [TESTING] video: 42 | frame: 1919 / 3712
[2024-06-10 18:17:51,475][func.train][INFO] - [TESTING] video: 42 | frame: 1983 / 3712
[2024-06-10 18:17:51,697][func.train][INFO] - [TESTING] video: 42 | frame: 2047 / 3712
[2024-06-10 18:17:51,926][func.train][INFO] - [TESTING] video: 42 | frame: 2111 / 3712
[2024-06-10 18:17:52,152][func.train][INFO] - [TESTING] video: 42 | frame: 2175 / 3712
[2024-06-10 18:17:52,372][func.train][INFO] - [TESTING] video: 42 | frame: 2239 / 3712
[2024-06-10 18:17:52,592][func.train][INFO] - [TESTING] video: 42 | frame: 2303 / 3712
[2024-06-10 18:17:52,813][func.train][INFO] - [TESTING] video: 42 | frame: 2367 / 3712
[2024-06-10 18:17:53,033][func.train][INFO] - [TESTING] video: 42 | frame: 2431 / 3712
[2024-06-10 18:17:53,257][func.train][INFO] - [TESTING] video: 42 | frame: 2495 / 3712
[2024-06-10 18:17:53,479][func.train][INFO] - [TESTING] video: 42 | frame: 2559 / 3712
[2024-06-10 18:17:53,700][func.train][INFO] - [TESTING] video: 42 | frame: 2623 / 3712
[2024-06-10 18:17:53,923][func.train][INFO] - [TESTING] video: 42 | frame: 2687 / 3712
[2024-06-10 18:17:54,146][func.train][INFO] - [TESTING] video: 42 | frame: 2751 / 3712
[2024-06-10 18:17:54,368][func.train][INFO] - [TESTING] video: 42 | frame: 2815 / 3712
[2024-06-10 18:17:54,591][func.train][INFO] - [TESTING] video: 42 | frame: 2879 / 3712
[2024-06-10 18:17:54,813][func.train][INFO] - [TESTING] video: 42 | frame: 2943 / 3712
[2024-06-10 18:17:55,035][func.train][INFO] - [TESTING] video: 42 | frame: 3007 / 3712
[2024-06-10 18:17:55,258][func.train][INFO] - [TESTING] video: 42 | frame: 3071 / 3712
[2024-06-10 18:17:55,480][func.train][INFO] - [TESTING] video: 42 | frame: 3135 / 3712
[2024-06-10 18:17:55,701][func.train][INFO] - [TESTING] video: 42 | frame: 3199 / 3712
[2024-06-10 18:17:55,924][func.train][INFO] - [TESTING] video: 42 | frame: 3263 / 3712
[2024-06-10 18:17:56,146][func.train][INFO] - [TESTING] video: 42 | frame: 3327 / 3712
[2024-06-10 18:17:56,366][func.train][INFO] - [TESTING] video: 42 | frame: 3391 / 3712
[2024-06-10 18:17:56,587][func.train][INFO] - [TESTING] video: 42 | frame: 3455 / 3712
[2024-06-10 18:17:56,808][func.train][INFO] - [TESTING] video: 42 | frame: 3519 / 3712
[2024-06-10 18:17:57,028][func.train][INFO] - [TESTING] video: 42 | frame: 3583 / 3712
[2024-06-10 18:17:57,247][func.train][INFO] - [TESTING] video: 42 | frame: 3647 / 3712
[2024-06-10 18:17:57,460][func.train][INFO] - [TESTING] video: 42 | frame: 3711 / 3712
[2024-06-10 18:17:57,461][func.train][INFO] - [TESTING] video: 42 | video test time: 0.22 min | total test time: 0.41 min
[2024-06-10 18:17:57,500][func.train][INFO] - [TESTING] video: 42 | video_mean_curr_acc: 0.0911 | mean_acc_future_frames: 0.2434 | video_mean_cum_acc_future: 0.2313
[2024-06-10 18:17:57,726][func.train][INFO] - [TESTING] video: 43 | frame: 63 / 2362
[2024-06-10 18:17:57,951][func.train][INFO] - [TESTING] video: 43 | frame: 127 / 2362
[2024-06-10 18:17:58,175][func.train][INFO] - [TESTING] video: 43 | frame: 191 / 2362
[2024-06-10 18:17:58,400][func.train][INFO] - [TESTING] video: 43 | frame: 255 / 2362
[2024-06-10 18:17:58,625][func.train][INFO] - [TESTING] video: 43 | frame: 319 / 2362
[2024-06-10 18:17:58,849][func.train][INFO] - [TESTING] video: 43 | frame: 383 / 2362
[2024-06-10 18:17:59,073][func.train][INFO] - [TESTING] video: 43 | frame: 447 / 2362
[2024-06-10 18:17:59,297][func.train][INFO] - [TESTING] video: 43 | frame: 511 / 2362
[2024-06-10 18:17:59,521][func.train][INFO] - [TESTING] video: 43 | frame: 575 / 2362
[2024-06-10 18:17:59,745][func.train][INFO] - [TESTING] video: 43 | frame: 639 / 2362
[2024-06-10 18:17:59,969][func.train][INFO] - [TESTING] video: 43 | frame: 703 / 2362
[2024-06-10 18:18:00,194][func.train][INFO] - [TESTING] video: 43 | frame: 767 / 2362
[2024-06-10 18:18:00,418][func.train][INFO] - [TESTING] video: 43 | frame: 831 / 2362
[2024-06-10 18:18:00,642][func.train][INFO] - [TESTING] video: 43 | frame: 895 / 2362
[2024-06-10 18:18:00,867][func.train][INFO] - [TESTING] video: 43 | frame: 959 / 2362
[2024-06-10 18:18:01,096][func.train][INFO] - [TESTING] video: 43 | frame: 1023 / 2362
[2024-06-10 18:18:01,321][func.train][INFO] - [TESTING] video: 43 | frame: 1087 / 2362
[2024-06-10 18:18:01,545][func.train][INFO] - [TESTING] video: 43 | frame: 1151 / 2362
[2024-06-10 18:18:01,770][func.train][INFO] - [TESTING] video: 43 | frame: 1215 / 2362
[2024-06-10 18:18:01,995][func.train][INFO] - [TESTING] video: 43 | frame: 1279 / 2362
[2024-06-10 18:18:02,221][func.train][INFO] - [TESTING] video: 43 | frame: 1343 / 2362
[2024-06-10 18:18:02,447][func.train][INFO] - [TESTING] video: 43 | frame: 1407 / 2362
[2024-06-10 18:18:02,670][func.train][INFO] - [TESTING] video: 43 | frame: 1471 / 2362
[2024-06-10 18:18:02,892][func.train][INFO] - [TESTING] video: 43 | frame: 1535 / 2362
[2024-06-10 18:18:03,115][func.train][INFO] - [TESTING] video: 43 | frame: 1599 / 2362
[2024-06-10 18:18:03,337][func.train][INFO] - [TESTING] video: 43 | frame: 1663 / 2362
[2024-06-10 18:18:03,559][func.train][INFO] - [TESTING] video: 43 | frame: 1727 / 2362
[2024-06-10 18:18:03,780][func.train][INFO] - [TESTING] video: 43 | frame: 1791 / 2362
[2024-06-10 18:18:04,002][func.train][INFO] - [TESTING] video: 43 | frame: 1855 / 2362
[2024-06-10 18:18:04,223][func.train][INFO] - [TESTING] video: 43 | frame: 1919 / 2362
[2024-06-10 18:18:04,443][func.train][INFO] - [TESTING] video: 43 | frame: 1983 / 2362
[2024-06-10 18:18:04,664][func.train][INFO] - [TESTING] video: 43 | frame: 2047 / 2362
[2024-06-10 18:18:04,889][func.train][INFO] - [TESTING] video: 43 | frame: 2111 / 2362
[2024-06-10 18:18:05,111][func.train][INFO] - [TESTING] video: 43 | frame: 2175 / 2362
[2024-06-10 18:18:05,332][func.train][INFO] - [TESTING] video: 43 | frame: 2239 / 2362
[2024-06-10 18:18:05,551][func.train][INFO] - [TESTING] video: 43 | frame: 2303 / 2362
[2024-06-10 18:18:06,570][func.train][INFO] - [TESTING] video: 43 | frame: 2361 / 2362
[2024-06-10 18:18:06,571][func.train][INFO] - [TESTING] video: 43 | video test time: 0.15 min | total test time: 0.56 min
[2024-06-10 18:18:06,597][func.train][INFO] - [TESTING] video: 43 | video_mean_curr_acc: 0.1071 | mean_acc_future_frames: 0.2806 | video_mean_cum_acc_future: 0.2075
[2024-06-10 18:18:06,833][func.train][INFO] - [TESTING] video: 44 | frame: 63 / 3127
[2024-06-10 18:18:07,060][func.train][INFO] - [TESTING] video: 44 | frame: 127 / 3127
[2024-06-10 18:18:07,285][func.train][INFO] - [TESTING] video: 44 | frame: 191 / 3127
[2024-06-10 18:18:07,510][func.train][INFO] - [TESTING] video: 44 | frame: 255 / 3127
[2024-06-10 18:18:07,734][func.train][INFO] - [TESTING] video: 44 | frame: 319 / 3127
[2024-06-10 18:18:07,958][func.train][INFO] - [TESTING] video: 44 | frame: 383 / 3127
[2024-06-10 18:18:08,182][func.train][INFO] - [TESTING] video: 44 | frame: 447 / 3127
[2024-06-10 18:18:08,406][func.train][INFO] - [TESTING] video: 44 | frame: 511 / 3127
[2024-06-10 18:18:08,636][func.train][INFO] - [TESTING] video: 44 | frame: 575 / 3127
[2024-06-10 18:18:08,861][func.train][INFO] - [TESTING] video: 44 | frame: 639 / 3127
[2024-06-10 18:18:09,086][func.train][INFO] - [TESTING] video: 44 | frame: 703 / 3127
[2024-06-10 18:18:09,311][func.train][INFO] - [TESTING] video: 44 | frame: 767 / 3127
[2024-06-10 18:18:09,535][func.train][INFO] - [TESTING] video: 44 | frame: 831 / 3127
[2024-06-10 18:18:09,759][func.train][INFO] - [TESTING] video: 44 | frame: 895 / 3127
[2024-06-10 18:18:09,986][func.train][INFO] - [TESTING] video: 44 | frame: 959 / 3127
[2024-06-10 18:18:10,211][func.train][INFO] - [TESTING] video: 44 | frame: 1023 / 3127
[2024-06-10 18:18:10,437][func.train][INFO] - [TESTING] video: 44 | frame: 1087 / 3127
[2024-06-10 18:18:10,662][func.train][INFO] - [TESTING] video: 44 | frame: 1151 / 3127
[2024-06-10 18:18:10,887][func.train][INFO] - [TESTING] video: 44 | frame: 1215 / 3127
[2024-06-10 18:18:11,111][func.train][INFO] - [TESTING] video: 44 | frame: 1279 / 3127
[2024-06-10 18:18:11,335][func.train][INFO] - [TESTING] video: 44 | frame: 1343 / 3127
[2024-06-10 18:18:11,559][func.train][INFO] - [TESTING] video: 44 | frame: 1407 / 3127
[2024-06-10 18:18:11,782][func.train][INFO] - [TESTING] video: 44 | frame: 1471 / 3127
[2024-06-10 18:18:12,003][func.train][INFO] - [TESTING] video: 44 | frame: 1535 / 3127
[2024-06-10 18:18:12,224][func.train][INFO] - [TESTING] video: 44 | frame: 1599 / 3127
[2024-06-10 18:18:12,444][func.train][INFO] - [TESTING] video: 44 | frame: 1663 / 3127
[2024-06-10 18:18:12,665][func.train][INFO] - [TESTING] video: 44 | frame: 1727 / 3127
[2024-06-10 18:18:12,885][func.train][INFO] - [TESTING] video: 44 | frame: 1791 / 3127
[2024-06-10 18:18:13,106][func.train][INFO] - [TESTING] video: 44 | frame: 1855 / 3127
[2024-06-10 18:18:13,342][func.train][INFO] - [TESTING] video: 44 | frame: 1919 / 3127
