[2024-05-17 17:11:41,022][func.train][INFO] - Dist info:
[2024-05-17 17:11:41,023][func.train][INFO] - torch version: 2.2.2+cu121
[2024-05-17 17:11:41,024][func.train][INFO] - torchvision version: 0.17.2+cu121
[2024-05-17 17:11:41,024][func.train][INFO] - hydra version: 1.3.2
[2024-05-17 17:11:41,031][func.train][INFO] - Loading data
[2024-05-17 17:11:41,031][func.train][INFO] - Loading datasets
[2024-05-17 17:11:44,015][func.train][INFO] - [SELECT DATASET] ALL loaded dataframe in 0m 3s
[2024-05-17 17:11:44,017][func.train][INFO] - [SELECT DATASET] ALL loaded dataframe: (4612530, 11)
[2024-05-17 17:11:44,265][func.train][INFO] - [SELECT DATASET] labels are already starting from 0
[2024-05-17 17:11:44,674][func.train][INFO] - [SELECT DATASET] ALL unique classes: [0 1 2 3 4 5 6]
[2024-05-17 17:11:44,696][func.train][INFO] - [SELECT DATASET] aLL dataframe (head):                    image_path class  ... tool_Irrigator tool_SpecimenBag
0  video01/video01_000001.png     0  ...              0                0
1  video01/video01_000002.png     0  ...              0                0
2  video01/video01_000003.png     0  ...              0                0
3  video01/video01_000004.png     0  ...              0                0
4  video01/video01_000005.png     0  ...              0                0

[5 rows x 11 columns]
[2024-05-17 17:11:44,709][func.train][INFO] - [SELECT DATASET] ALL dataframe (tail):                          image_path class  ... tool_Irrigator tool_SpecimenBag
4612525  video80/video80_043097.png     6  ...              0                0
4612526  video80/video80_043098.png     6  ...              0                0
4612527  video80/video80_043099.png     6  ...              0                0
4612528  video80/video80_043100.png     6  ...              0                0
4612529  video80/video80_043101.png     6  ...              0                0

[5 rows x 11 columns]
[2024-05-17 17:11:44,710][func.train][INFO] - [DATASET] params: {'debug': False, 'dataset_name': 'cholec80', 'reduc_feats_folder': 'train_targets_x_mp/', 'num_classes': 7, 'num_next_labels': 6, 'last_seg_class': 7, 'predict_next_phase': True, 'get_target_feats': False, 'replace_current_with_next_class': False}
[2024-05-17 17:11:46,523][func.train][INFO] - [DATASET] df unique videos: [1 2 3 4 5 6 7 8 9 10 11 12 13 14 15 16 17 18 19 20 21 22 23 24 25 26 27
 28 29 30 31 32 33 34 35 36 37 38 39 40 41 42 43 44 45 46 47 48 49 50 51
 52 53 54 55 56 57 58 59 60 61 62 63 64 65 66 67 68 69 70 71 72 73 74 75
 76 77 78 79 80]
[2024-05-17 17:11:46,523][func.train][INFO] - [DATASET] split: train video_indices: [1, 2, 3, 4, 5, 6, 7, 8, 9, 10, 11, 12, 13, 14, 15, 16, 17, 18, 19, 20, 21, 22, 23, 24, 25, 26, 27, 28, 29, 30, 31, 32, 33, 34, 35, 36, 37, 38, 39, 40]
[2024-05-17 17:11:48,858][func.train][INFO] - [DATASET] train size: 2157640
[2024-05-17 17:11:48,859][func.train][INFO] - [DATASET] train video_indices: [1, 2, 3, 4, 5, 6, 7, 8, 9, 10, 11, 12, 13, 14, 15, 16, 17, 18, 19, 20, 21, 22, 23, 24, 25, 26, 27, 28, 29, 30, 31, 32, 33, 34, 35, 36, 37, 38, 39, 40]
[2024-05-17 17:11:48,956][func.train][INFO] - [DATASET] Sampling video_idx: 1 at 25 fps to 1733 frames
[2024-05-17 17:11:48,984][func.train][INFO] - [DATASET] video 1 label_list: torch.Size([1733])
[2024-05-17 17:11:49,538][func.train][INFO] - [DATASET] Sampling video_idx: 2 at 25 fps to 2839 frames
[2024-05-17 17:11:49,539][func.train][INFO] - [DATASET] video 2 label_list: torch.Size([2839])
[2024-05-17 17:11:49,668][func.train][INFO] - [DATASET] Sampling video_idx: 3 at 25 fps to 5828 frames
[2024-05-17 17:11:49,670][func.train][INFO] - [DATASET] video 3 label_list: torch.Size([5828])
[2024-05-17 17:11:49,796][func.train][INFO] - [DATASET] Sampling video_idx: 4 at 25 fps to 1522 frames
[2024-05-17 17:11:49,797][func.train][INFO] - [DATASET] video 4 label_list: torch.Size([1522])
[2024-05-17 17:11:49,908][func.train][INFO] - [DATASET] Sampling video_idx: 5 at 25 fps to 2344 frames
[2024-05-17 17:11:49,908][func.train][INFO] - [DATASET] video 5 label_list: torch.Size([2344])
[2024-05-17 17:11:50,022][func.train][INFO] - [DATASET] Sampling video_idx: 6 at 25 fps to 2153 frames
[2024-05-17 17:11:50,023][func.train][INFO] - [DATASET] video 6 label_list: torch.Size([2153])
[2024-05-17 17:11:50,143][func.train][INFO] - [DATASET] Sampling video_idx: 7 at 25 fps to 4557 frames
[2024-05-17 17:11:50,144][func.train][INFO] - [DATASET] video 7 label_list: torch.Size([4557])
[2024-05-17 17:11:50,256][func.train][INFO] - [DATASET] Sampling video_idx: 8 at 25 fps to 1519 frames
[2024-05-17 17:11:50,257][func.train][INFO] - [DATASET] video 8 label_list: torch.Size([1519])
[2024-05-17 17:11:50,362][func.train][INFO] - [DATASET] Sampling video_idx: 9 at 25 fps to 2702 frames
[2024-05-17 17:11:50,363][func.train][INFO] - [DATASET] video 9 label_list: torch.Size([2702])
[2024-05-17 17:11:50,472][func.train][INFO] - [DATASET] Sampling video_idx: 10 at 25 fps to 1749 frames
[2024-05-17 17:11:50,473][func.train][INFO] - [DATASET] video 10 label_list: torch.Size([1749])
[2024-05-17 17:11:50,586][func.train][INFO] - [DATASET] Sampling video_idx: 11 at 25 fps to 3220 frames
[2024-05-17 17:11:50,586][func.train][INFO] - [DATASET] video 11 label_list: torch.Size([3220])
[2024-05-17 17:11:50,696][func.train][INFO] - [DATASET] Sampling video_idx: 12 at 25 fps to 1090 frames
[2024-05-17 17:11:50,696][func.train][INFO] - [DATASET] video 12 label_list: torch.Size([1090])
[2024-05-17 17:11:50,793][func.train][INFO] - [DATASET] Sampling video_idx: 13 at 25 fps to 981 frames
[2024-05-17 17:11:50,794][func.train][INFO] - [DATASET] video 13 label_list: torch.Size([981])
[2024-05-17 17:11:50,892][func.train][INFO] - [DATASET] Sampling video_idx: 14 at 25 fps to 1708 frames
[2024-05-17 17:11:50,893][func.train][INFO] - [DATASET] video 14 label_list: torch.Size([1708])
[2024-05-17 17:11:50,997][func.train][INFO] - [DATASET] Sampling video_idx: 15 at 25 fps to 2058 frames
[2024-05-17 17:11:50,997][func.train][INFO] - [DATASET] video 15 label_list: torch.Size([2058])
[2024-05-17 17:11:51,106][func.train][INFO] - [DATASET] Sampling video_idx: 16 at 25 fps to 2957 frames
[2024-05-17 17:11:51,107][func.train][INFO] - [DATASET] video 16 label_list: torch.Size([2957])
[2024-05-17 17:11:51,212][func.train][INFO] - [DATASET] Sampling video_idx: 17 at 25 fps to 1304 frames
[2024-05-17 17:11:51,213][func.train][INFO] - [DATASET] video 17 label_list: torch.Size([1304])
[2024-05-17 17:11:51,322][func.train][INFO] - [DATASET] Sampling video_idx: 18 at 25 fps to 1942 frames
[2024-05-17 17:11:51,322][func.train][INFO] - [DATASET] video 18 label_list: torch.Size([1942])
[2024-05-17 17:11:51,434][func.train][INFO] - [DATASET] Sampling video_idx: 19 at 25 fps to 2424 frames
[2024-05-17 17:11:51,435][func.train][INFO] - [DATASET] video 19 label_list: torch.Size([2424])
[2024-05-17 17:11:51,545][func.train][INFO] - [DATASET] Sampling video_idx: 20 at 25 fps to 1449 frames
[2024-05-17 17:11:51,546][func.train][INFO] - [DATASET] video 20 label_list: torch.Size([1449])
[2024-05-17 17:11:51,646][func.train][INFO] - [DATASET] Sampling video_idx: 21 at 25 fps to 1258 frames
[2024-05-17 17:11:51,647][func.train][INFO] - [DATASET] video 21 label_list: torch.Size([1258])
[2024-05-17 17:11:51,751][func.train][INFO] - [DATASET] Sampling video_idx: 22 at 25 fps to 1532 frames
[2024-05-17 17:11:51,752][func.train][INFO] - [DATASET] video 22 label_list: torch.Size([1532])
[2024-05-17 17:11:51,869][func.train][INFO] - [DATASET] Sampling video_idx: 23 at 25 fps to 1635 frames
[2024-05-17 17:11:51,869][func.train][INFO] - [DATASET] video 23 label_list: torch.Size([1635])
[2024-05-17 17:11:51,977][func.train][INFO] - [DATASET] Sampling video_idx: 24 at 25 fps to 1975 frames
[2024-05-17 17:11:51,978][func.train][INFO] - [DATASET] video 24 label_list: torch.Size([1975])
[2024-05-17 17:11:52,082][func.train][INFO] - [DATASET] Sampling video_idx: 25 at 25 fps to 2129 frames
[2024-05-17 17:11:52,083][func.train][INFO] - [DATASET] video 25 label_list: torch.Size([2129])
[2024-05-17 17:11:52,190][func.train][INFO] - [DATASET] Sampling video_idx: 26 at 25 fps to 1773 frames
[2024-05-17 17:11:52,190][func.train][INFO] - [DATASET] video 26 label_list: torch.Size([1773])
[2024-05-17 17:11:52,305][func.train][INFO] - [DATASET] Sampling video_idx: 27 at 25 fps to 2084 frames
[2024-05-17 17:11:52,306][func.train][INFO] - [DATASET] video 27 label_list: torch.Size([2084])
[2024-05-17 17:11:52,408][func.train][INFO] - [DATASET] Sampling video_idx: 28 at 25 fps to 1199 frames
[2024-05-17 17:11:52,408][func.train][INFO] - [DATASET] video 28 label_list: torch.Size([1199])
[2024-05-17 17:11:52,510][func.train][INFO] - [DATASET] Sampling video_idx: 29 at 25 fps to 2350 frames
[2024-05-17 17:11:52,511][func.train][INFO] - [DATASET] video 29 label_list: torch.Size([2350])
[2024-05-17 17:11:52,618][func.train][INFO] - [DATASET] Sampling video_idx: 30 at 25 fps to 2925 frames
[2024-05-17 17:11:52,618][func.train][INFO] - [DATASET] video 30 label_list: torch.Size([2925])
[2024-05-17 17:11:52,731][func.train][INFO] - [DATASET] Sampling video_idx: 31 at 25 fps to 3945 frames
[2024-05-17 17:11:52,732][func.train][INFO] - [DATASET] video 31 label_list: torch.Size([3945])
[2024-05-17 17:11:52,840][func.train][INFO] - [DATASET] Sampling video_idx: 32 at 25 fps to 2116 frames
[2024-05-17 17:11:52,840][func.train][INFO] - [DATASET] video 32 label_list: torch.Size([2116])
[2024-05-17 17:11:52,941][func.train][INFO] - [DATASET] Sampling video_idx: 33 at 25 fps to 1307 frames
[2024-05-17 17:11:52,942][func.train][INFO] - [DATASET] video 33 label_list: torch.Size([1307])
[2024-05-17 17:11:53,040][func.train][INFO] - [DATASET] Sampling video_idx: 34 at 25 fps to 1323 frames
[2024-05-17 17:11:53,040][func.train][INFO] - [DATASET] video 34 label_list: torch.Size([1323])
[2024-05-17 17:11:53,147][func.train][INFO] - [DATASET] Sampling video_idx: 35 at 25 fps to 2106 frames
[2024-05-17 17:11:53,148][func.train][INFO] - [DATASET] video 35 label_list: torch.Size([2106])
[2024-05-17 17:11:53,259][func.train][INFO] - [DATASET] Sampling video_idx: 36 at 25 fps to 2387 frames
[2024-05-17 17:11:53,260][func.train][INFO] - [DATASET] video 36 label_list: torch.Size([2387])
[2024-05-17 17:11:53,360][func.train][INFO] - [DATASET] Sampling video_idx: 37 at 25 fps to 1232 frames
[2024-05-17 17:11:53,361][func.train][INFO] - [DATASET] video 37 label_list: torch.Size([1232])
[2024-05-17 17:11:53,474][func.train][INFO] - [DATASET] Sampling video_idx: 38 at 25 fps to 3080 frames
[2024-05-17 17:11:53,475][func.train][INFO] - [DATASET] video 38 label_list: torch.Size([3080])
[2024-05-17 17:11:53,584][func.train][INFO] - [DATASET] Sampling video_idx: 39 at 25 fps to 1647 frames
[2024-05-17 17:11:53,585][func.train][INFO] - [DATASET] video 39 label_list: torch.Size([1647])
[2024-05-17 17:11:53,694][func.train][INFO] - [DATASET] Sampling video_idx: 40 at 25 fps to 2222 frames
[2024-05-17 17:11:53,694][func.train][INFO] - [DATASET] video 40 label_list: torch.Size([2222])
[2024-05-17 17:11:53,702][func.train][INFO] - [DATASET] number of train videos: 40
[2024-05-17 17:11:53,702][func.train][INFO] - [DATASET] avg video length: 35.96 minutes
[2024-05-17 17:11:53,946][func.train][INFO] - [DATASET] curr_class_weights: tensor([3.2825, 0.3343, 1.6823, 0.5112, 3.3179, 1.7079, 3.7585])
[2024-05-17 17:11:53,947][func.train][INFO] - [DATASET] next_class_weights: tensor([2.9696, 0.3024, 1.5219, 0.4625, 3.0017, 1.5451, 3.4003, 3.8095])
[2024-05-17 17:11:55,958][func.train][INFO] - [DATASET] df unique videos: [1 2 3 4 5 6 7 8 9 10 11 12 13 14 15 16 17 18 19 20 21 22 23 24 25 26 27
 28 29 30 31 32 33 34 35 36 37 38 39 40 41 42 43 44 45 46 47 48 49 50 51
 52 53 54 55 56 57 58 59 60 61 62 63 64 65 66 67 68 69 70 71 72 73 74 75
 76 77 78 79 80]
[2024-05-17 17:11:55,958][func.train][INFO] - [DATASET] split: test video_indices: [41]
[2024-05-17 17:11:56,066][func.train][INFO] - [DATASET] test size: 77576
[2024-05-17 17:11:56,066][func.train][INFO] - [DATASET] test video_indices: [41]
[2024-05-17 17:11:56,082][func.train][INFO] - [DATASET] Sampling video_idx: 41 at 25 fps to 3103 frames
[2024-05-17 17:11:56,083][func.train][INFO] - [DATASET] video 41 label_list: torch.Size([3103])
[2024-05-17 17:11:56,094][func.train][INFO] - [DATASET] number of test videos: 1
[2024-05-17 17:11:56,095][func.train][INFO] - [DATASET] avg video length: 51.72 minutes
[2024-05-17 17:11:57,902][func.train][INFO] - [DATASET] df unique videos: [1 2 3 4 5 6 7 8 9 10 11 12 13 14 15 16 17 18 19 20 21 22 23 24 25 26 27
 28 29 30 31 32 33 34 35 36 37 38 39 40 41 42 43 44 45 46 47 48 49 50 51
 52 53 54 55 56 57 58 59 60 61 62 63 64 65 66 67 68 69 70 71 72 73 74 75
 76 77 78 79 80]
[2024-05-17 17:11:57,902][func.train][INFO] - [DATASET] split: test video_indices: [42]
[2024-05-17 17:11:58,006][func.train][INFO] - [DATASET] test size: 92801
[2024-05-17 17:11:58,007][func.train][INFO] - [DATASET] test video_indices: [42]
[2024-05-17 17:11:58,027][func.train][INFO] - [DATASET] Sampling video_idx: 42 at 25 fps to 3712 frames
[2024-05-17 17:11:58,028][func.train][INFO] - [DATASET] video 42 label_list: torch.Size([3712])
[2024-05-17 17:11:58,042][func.train][INFO] - [DATASET] number of test videos: 1
[2024-05-17 17:11:58,042][func.train][INFO] - [DATASET] avg video length: 61.87 minutes
[2024-05-17 17:11:59,817][func.train][INFO] - [DATASET] df unique videos: [1 2 3 4 5 6 7 8 9 10 11 12 13 14 15 16 17 18 19 20 21 22 23 24 25 26 27
 28 29 30 31 32 33 34 35 36 37 38 39 40 41 42 43 44 45 46 47 48 49 50 51
 52 53 54 55 56 57 58 59 60 61 62 63 64 65 66 67 68 69 70 71 72 73 74 75
 76 77 78 79 80]
[2024-05-17 17:11:59,817][func.train][INFO] - [DATASET] split: test video_indices: [43]
[2024-05-17 17:11:59,907][func.train][INFO] - [DATASET] test size: 59051
[2024-05-17 17:11:59,907][func.train][INFO] - [DATASET] test video_indices: [43]
[2024-05-17 17:11:59,924][func.train][INFO] - [DATASET] Sampling video_idx: 43 at 25 fps to 2362 frames
[2024-05-17 17:11:59,925][func.train][INFO] - [DATASET] video 43 label_list: torch.Size([2362])
[2024-05-17 17:11:59,932][func.train][INFO] - [DATASET] number of test videos: 1
[2024-05-17 17:11:59,932][func.train][INFO] - [DATASET] avg video length: 39.37 minutes
[2024-05-17 17:12:01,813][func.train][INFO] - [DATASET] df unique videos: [1 2 3 4 5 6 7 8 9 10 11 12 13 14 15 16 17 18 19 20 21 22 23 24 25 26 27
 28 29 30 31 32 33 34 35 36 37 38 39 40 41 42 43 44 45 46 47 48 49 50 51
 52 53 54 55 56 57 58 59 60 61 62 63 64 65 66 67 68 69 70 71 72 73 74 75
 76 77 78 79 80]
[2024-05-17 17:12:01,813][func.train][INFO] - [DATASET] split: test video_indices: [44]
[2024-05-17 17:12:01,907][func.train][INFO] - [DATASET] test size: 78176
[2024-05-17 17:12:01,908][func.train][INFO] - [DATASET] test video_indices: [44]
[2024-05-17 17:12:01,923][func.train][INFO] - [DATASET] Sampling video_idx: 44 at 25 fps to 3127 frames
[2024-05-17 17:12:01,924][func.train][INFO] - [DATASET] video 44 label_list: torch.Size([3127])
[2024-05-17 17:12:01,932][func.train][INFO] - [DATASET] number of test videos: 1
[2024-05-17 17:12:01,932][func.train][INFO] - [DATASET] avg video length: 52.12 minutes
[2024-05-17 17:12:03,820][func.train][INFO] - [DATASET] df unique videos: [1 2 3 4 5 6 7 8 9 10 11 12 13 14 15 16 17 18 19 20 21 22 23 24 25 26 27
 28 29 30 31 32 33 34 35 36 37 38 39 40 41 42 43 44 45 46 47 48 49 50 51
 52 53 54 55 56 57 58 59 60 61 62 63 64 65 66 67 68 69 70 71 72 73 74 75
 76 77 78 79 80]
[2024-05-17 17:12:03,821][func.train][INFO] - [DATASET] split: test video_indices: [45]
[2024-05-17 17:12:03,928][func.train][INFO] - [DATASET] test size: 84676
[2024-05-17 17:12:03,928][func.train][INFO] - [DATASET] test video_indices: [45]
[2024-05-17 17:12:03,945][func.train][INFO] - [DATASET] Sampling video_idx: 45 at 25 fps to 3387 frames
[2024-05-17 17:12:03,945][func.train][INFO] - [DATASET] video 45 label_list: torch.Size([3387])
[2024-05-17 17:12:03,958][func.train][INFO] - [DATASET] number of test videos: 1
[2024-05-17 17:12:03,959][func.train][INFO] - [DATASET] avg video length: 56.45 minutes
[2024-05-17 17:12:05,805][func.train][INFO] - [DATASET] df unique videos: [1 2 3 4 5 6 7 8 9 10 11 12 13 14 15 16 17 18 19 20 21 22 23 24 25 26 27
 28 29 30 31 32 33 34 35 36 37 38 39 40 41 42 43 44 45 46 47 48 49 50 51
 52 53 54 55 56 57 58 59 60 61 62 63 64 65 66 67 68 69 70 71 72 73 74 75
 76 77 78 79 80]
[2024-05-17 17:12:05,805][func.train][INFO] - [DATASET] split: test video_indices: [46]
[2024-05-17 17:12:05,883][func.train][INFO] - [DATASET] test size: 41326
[2024-05-17 17:12:05,883][func.train][INFO] - [DATASET] test video_indices: [46]
[2024-05-17 17:12:05,892][func.train][INFO] - [DATASET] Sampling video_idx: 46 at 25 fps to 1653 frames
[2024-05-17 17:12:05,892][func.train][INFO] - [DATASET] video 46 label_list: torch.Size([1653])
[2024-05-17 17:12:05,903][func.train][INFO] - [DATASET] number of test videos: 1
[2024-05-17 17:12:05,903][func.train][INFO] - [DATASET] avg video length: 27.55 minutes
[2024-05-17 17:12:07,684][func.train][INFO] - [DATASET] df unique videos: [1 2 3 4 5 6 7 8 9 10 11 12 13 14 15 16 17 18 19 20 21 22 23 24 25 26 27
 28 29 30 31 32 33 34 35 36 37 38 39 40 41 42 43 44 45 46 47 48 49 50 51
 52 53 54 55 56 57 58 59 60 61 62 63 64 65 66 67 68 69 70 71 72 73 74 75
 76 77 78 79 80]
[2024-05-17 17:12:07,684][func.train][INFO] - [DATASET] split: test video_indices: [47]
[2024-05-17 17:12:07,773][func.train][INFO] - [DATASET] test size: 56476
[2024-05-17 17:12:07,774][func.train][INFO] - [DATASET] test video_indices: [47]
[2024-05-17 17:12:07,785][func.train][INFO] - [DATASET] Sampling video_idx: 47 at 25 fps to 2259 frames
[2024-05-17 17:12:07,785][func.train][INFO] - [DATASET] video 47 label_list: torch.Size([2259])
[2024-05-17 17:12:07,791][func.train][INFO] - [DATASET] number of test videos: 1
[2024-05-17 17:12:07,791][func.train][INFO] - [DATASET] avg video length: 37.65 minutes
[2024-05-17 17:12:09,702][func.train][INFO] - [DATASET] df unique videos: [1 2 3 4 5 6 7 8 9 10 11 12 13 14 15 16 17 18 19 20 21 22 23 24 25 26 27
 28 29 30 31 32 33 34 35 36 37 38 39 40 41 42 43 44 45 46 47 48 49 50 51
 52 53 54 55 56 57 58 59 60 61 62 63 64 65 66 67 68 69 70 71 72 73 74 75
 76 77 78 79 80]
[2024-05-17 17:12:09,702][func.train][INFO] - [DATASET] split: test video_indices: [48]
[2024-05-17 17:12:09,783][func.train][INFO] - [DATASET] test size: 45851
[2024-05-17 17:12:09,784][func.train][INFO] - [DATASET] test video_indices: [48]
[2024-05-17 17:12:09,793][func.train][INFO] - [DATASET] Sampling video_idx: 48 at 25 fps to 1834 frames
[2024-05-17 17:12:09,793][func.train][INFO] - [DATASET] video 48 label_list: torch.Size([1834])
[2024-05-17 17:12:09,801][func.train][INFO] - [DATASET] number of test videos: 1
[2024-05-17 17:12:09,801][func.train][INFO] - [DATASET] avg video length: 30.57 minutes
[2024-05-17 17:12:11,737][func.train][INFO] - [DATASET] df unique videos: [1 2 3 4 5 6 7 8 9 10 11 12 13 14 15 16 17 18 19 20 21 22 23 24 25 26 27
 28 29 30 31 32 33 34 35 36 37 38 39 40 41 42 43 44 45 46 47 48 49 50 51
 52 53 54 55 56 57 58 59 60 61 62 63 64 65 66 67 68 69 70 71 72 73 74 75
 76 77 78 79 80]
[2024-05-17 17:12:11,738][func.train][INFO] - [DATASET] split: test video_indices: [49]
[2024-05-17 17:12:11,828][func.train][INFO] - [DATASET] test size: 41776
[2024-05-17 17:12:11,828][func.train][INFO] - [DATASET] test video_indices: [49]
[2024-05-17 17:12:11,838][func.train][INFO] - [DATASET] Sampling video_idx: 49 at 25 fps to 1671 frames
[2024-05-17 17:12:11,839][func.train][INFO] - [DATASET] video 49 label_list: torch.Size([1671])
[2024-05-17 17:12:11,846][func.train][INFO] - [DATASET] number of test videos: 1
[2024-05-17 17:12:11,846][func.train][INFO] - [DATASET] avg video length: 27.85 minutes
[2024-05-17 17:12:13,692][func.train][INFO] - [DATASET] df unique videos: [1 2 3 4 5 6 7 8 9 10 11 12 13 14 15 16 17 18 19 20 21 22 23 24 25 26 27
 28 29 30 31 32 33 34 35 36 37 38 39 40 41 42 43 44 45 46 47 48 49 50 51
 52 53 54 55 56 57 58 59 60 61 62 63 64 65 66 67 68 69 70 71 72 73 74 75
 76 77 78 79 80]
[2024-05-17 17:12:13,693][func.train][INFO] - [DATASET] split: test video_indices: [50]
[2024-05-17 17:12:13,772][func.train][INFO] - [DATASET] test size: 27351
[2024-05-17 17:12:13,772][func.train][INFO] - [DATASET] test video_indices: [50]
[2024-05-17 17:12:13,779][func.train][INFO] - [DATASET] Sampling video_idx: 50 at 25 fps to 1094 frames
[2024-05-17 17:12:13,779][func.train][INFO] - [DATASET] video 50 label_list: torch.Size([1094])
[2024-05-17 17:12:13,786][func.train][INFO] - [DATASET] number of test videos: 1
[2024-05-17 17:12:13,786][func.train][INFO] - [DATASET] avg video length: 18.23 minutes
[2024-05-17 17:12:15,588][func.train][INFO] - [DATASET] df unique videos: [1 2 3 4 5 6 7 8 9 10 11 12 13 14 15 16 17 18 19 20 21 22 23 24 25 26 27
 28 29 30 31 32 33 34 35 36 37 38 39 40 41 42 43 44 45 46 47 48 49 50 51
 52 53 54 55 56 57 58 59 60 61 62 63 64 65 66 67 68 69 70 71 72 73 74 75
 76 77 78 79 80]
[2024-05-17 17:12:15,588][func.train][INFO] - [DATASET] split: test video_indices: [51]
[2024-05-17 17:12:15,686][func.train][INFO] - [DATASET] test size: 73601
[2024-05-17 17:12:15,687][func.train][INFO] - [DATASET] test video_indices: [51]
[2024-05-17 17:12:15,700][func.train][INFO] - [DATASET] Sampling video_idx: 51 at 25 fps to 2944 frames
[2024-05-17 17:12:15,704][func.train][INFO] - [DATASET] video 51 label_list: torch.Size([2944])
[2024-05-17 17:12:15,711][func.train][INFO] - [DATASET] number of test videos: 1
[2024-05-17 17:12:15,711][func.train][INFO] - [DATASET] avg video length: 49.07 minutes
[2024-05-17 17:12:17,506][func.train][INFO] - [DATASET] df unique videos: [1 2 3 4 5 6 7 8 9 10 11 12 13 14 15 16 17 18 19 20 21 22 23 24 25 26 27
 28 29 30 31 32 33 34 35 36 37 38 39 40 41 42 43 44 45 46 47 48 49 50 51
 52 53 54 55 56 57 58 59 60 61 62 63 64 65 66 67 68 69 70 71 72 73 74 75
 76 77 78 79 80]
[2024-05-17 17:12:17,506][func.train][INFO] - [DATASET] split: test video_indices: [52]
[2024-05-17 17:12:17,584][func.train][INFO] - [DATASET] test size: 49151
[2024-05-17 17:12:17,585][func.train][INFO] - [DATASET] test video_indices: [52]
[2024-05-17 17:12:17,594][func.train][INFO] - [DATASET] Sampling video_idx: 52 at 25 fps to 1966 frames
[2024-05-17 17:12:17,595][func.train][INFO] - [DATASET] video 52 label_list: torch.Size([1966])
[2024-05-17 17:12:17,602][func.train][INFO] - [DATASET] number of test videos: 1
[2024-05-17 17:12:17,602][func.train][INFO] - [DATASET] avg video length: 32.77 minutes
[2024-05-17 17:12:19,418][func.train][INFO] - [DATASET] df unique videos: [1 2 3 4 5 6 7 8 9 10 11 12 13 14 15 16 17 18 19 20 21 22 23 24 25 26 27
 28 29 30 31 32 33 34 35 36 37 38 39 40 41 42 43 44 45 46 47 48 49 50 51
 52 53 54 55 56 57 58 59 60 61 62 63 64 65 66 67 68 69 70 71 72 73 74 75
 76 77 78 79 80]
[2024-05-17 17:12:19,419][func.train][INFO] - [DATASET] split: test video_indices: [53]
[2024-05-17 17:12:19,517][func.train][INFO] - [DATASET] test size: 82076
[2024-05-17 17:12:19,517][func.train][INFO] - [DATASET] test video_indices: [53]
[2024-05-17 17:12:19,533][func.train][INFO] - [DATASET] Sampling video_idx: 53 at 25 fps to 3283 frames
[2024-05-17 17:12:19,533][func.train][INFO] - [DATASET] video 53 label_list: torch.Size([3283])
[2024-05-17 17:12:19,543][func.train][INFO] - [DATASET] number of test videos: 1
[2024-05-17 17:12:19,543][func.train][INFO] - [DATASET] avg video length: 54.72 minutes
[2024-05-17 17:12:21,477][func.train][INFO] - [DATASET] df unique videos: [1 2 3 4 5 6 7 8 9 10 11 12 13 14 15 16 17 18 19 20 21 22 23 24 25 26 27
 28 29 30 31 32 33 34 35 36 37 38 39 40 41 42 43 44 45 46 47 48 49 50 51
 52 53 54 55 56 57 58 59 60 61 62 63 64 65 66 67 68 69 70 71 72 73 74 75
 76 77 78 79 80]
[2024-05-17 17:12:21,477][func.train][INFO] - [DATASET] split: test video_indices: [54]
[2024-05-17 17:12:21,574][func.train][INFO] - [DATASET] test size: 77501
[2024-05-17 17:12:21,574][func.train][INFO] - [DATASET] test video_indices: [54]
[2024-05-17 17:12:21,590][func.train][INFO] - [DATASET] Sampling video_idx: 54 at 25 fps to 3100 frames
[2024-05-17 17:12:21,591][func.train][INFO] - [DATASET] video 54 label_list: torch.Size([3100])
[2024-05-17 17:12:21,598][func.train][INFO] - [DATASET] number of test videos: 1
[2024-05-17 17:12:21,598][func.train][INFO] - [DATASET] avg video length: 51.67 minutes
[2024-05-17 17:12:23,422][func.train][INFO] - [DATASET] df unique videos: [1 2 3 4 5 6 7 8 9 10 11 12 13 14 15 16 17 18 19 20 21 22 23 24 25 26 27
 28 29 30 31 32 33 34 35 36 37 38 39 40 41 42 43 44 45 46 47 48 49 50 51
 52 53 54 55 56 57 58 59 60 61 62 63 64 65 66 67 68 69 70 71 72 73 74 75
 76 77 78 79 80]
[2024-05-17 17:12:23,423][func.train][INFO] - [DATASET] split: test video_indices: [55]
[2024-05-17 17:12:23,509][func.train][INFO] - [DATASET] test size: 25926
[2024-05-17 17:12:23,509][func.train][INFO] - [DATASET] test video_indices: [55]
[2024-05-17 17:12:23,516][func.train][INFO] - [DATASET] Sampling video_idx: 55 at 25 fps to 1037 frames
[2024-05-17 17:12:23,516][func.train][INFO] - [DATASET] video 55 label_list: torch.Size([1037])
[2024-05-17 17:12:23,519][func.train][INFO] - [DATASET] number of test videos: 1
[2024-05-17 17:12:23,520][func.train][INFO] - [DATASET] avg video length: 17.28 minutes
[2024-05-17 17:12:25,401][func.train][INFO] - [DATASET] df unique videos: [1 2 3 4 5 6 7 8 9 10 11 12 13 14 15 16 17 18 19 20 21 22 23 24 25 26 27
 28 29 30 31 32 33 34 35 36 37 38 39 40 41 42 43 44 45 46 47 48 49 50 51
 52 53 54 55 56 57 58 59 60 61 62 63 64 65 66 67 68 69 70 71 72 73 74 75
 76 77 78 79 80]
[2024-05-17 17:12:25,401][func.train][INFO] - [DATASET] split: test video_indices: [56]
[2024-05-17 17:12:25,489][func.train][INFO] - [DATASET] test size: 45851
[2024-05-17 17:12:25,489][func.train][INFO] - [DATASET] test video_indices: [56]
[2024-05-17 17:12:25,499][func.train][INFO] - [DATASET] Sampling video_idx: 56 at 25 fps to 1834 frames
[2024-05-17 17:12:25,500][func.train][INFO] - [DATASET] video 56 label_list: torch.Size([1834])
[2024-05-17 17:12:25,505][func.train][INFO] - [DATASET] number of test videos: 1
[2024-05-17 17:12:25,505][func.train][INFO] - [DATASET] avg video length: 30.57 minutes
[2024-05-17 17:12:27,291][func.train][INFO] - [DATASET] df unique videos: [1 2 3 4 5 6 7 8 9 10 11 12 13 14 15 16 17 18 19 20 21 22 23 24 25 26 27
 28 29 30 31 32 33 34 35 36 37 38 39 40 41 42 43 44 45 46 47 48 49 50 51
 52 53 54 55 56 57 58 59 60 61 62 63 64 65 66 67 68 69 70 71 72 73 74 75
 76 77 78 79 80]
[2024-05-17 17:12:27,291][func.train][INFO] - [DATASET] split: test video_indices: [57]
[2024-05-17 17:12:27,377][func.train][INFO] - [DATASET] test size: 65801
[2024-05-17 17:12:27,378][func.train][INFO] - [DATASET] test video_indices: [57]
[2024-05-17 17:12:27,390][func.train][INFO] - [DATASET] Sampling video_idx: 57 at 25 fps to 2632 frames
[2024-05-17 17:12:27,391][func.train][INFO] - [DATASET] video 57 label_list: torch.Size([2632])
[2024-05-17 17:12:27,409][func.train][INFO] - [DATASET] number of test videos: 1
[2024-05-17 17:12:27,409][func.train][INFO] - [DATASET] avg video length: 43.87 minutes
[2024-05-17 17:12:29,253][func.train][INFO] - [DATASET] df unique videos: [1 2 3 4 5 6 7 8 9 10 11 12 13 14 15 16 17 18 19 20 21 22 23 24 25 26 27
 28 29 30 31 32 33 34 35 36 37 38 39 40 41 42 43 44 45 46 47 48 49 50 51
 52 53 54 55 56 57 58 59 60 61 62 63 64 65 66 67 68 69 70 71 72 73 74 75
 76 77 78 79 80]
[2024-05-17 17:12:29,255][func.train][INFO] - [DATASET] split: test video_indices: [58]
[2024-05-17 17:12:29,377][func.train][INFO] - [DATASET] test size: 149826
[2024-05-17 17:12:29,377][func.train][INFO] - [DATASET] test video_indices: [58]
[2024-05-17 17:12:29,407][func.train][INFO] - [DATASET] Sampling video_idx: 58 at 25 fps to 5993 frames
[2024-05-17 17:12:29,409][func.train][INFO] - [DATASET] video 58 label_list: torch.Size([5993])
[2024-05-17 17:12:29,431][func.train][INFO] - [DATASET] number of test videos: 1
[2024-05-17 17:12:29,432][func.train][INFO] - [DATASET] avg video length: 99.88 minutes
[2024-05-17 17:12:31,247][func.train][INFO] - [DATASET] df unique videos: [1 2 3 4 5 6 7 8 9 10 11 12 13 14 15 16 17 18 19 20 21 22 23 24 25 26 27
 28 29 30 31 32 33 34 35 36 37 38 39 40 41 42 43 44 45 46 47 48 49 50 51
 52 53 54 55 56 57 58 59 60 61 62 63 64 65 66 67 68 69 70 71 72 73 74 75
 76 77 78 79 80]
[2024-05-17 17:12:31,247][func.train][INFO] - [DATASET] split: test video_indices: [59]
[2024-05-17 17:12:31,332][func.train][INFO] - [DATASET] test size: 26151
[2024-05-17 17:12:31,332][func.train][INFO] - [DATASET] test video_indices: [59]
[2024-05-17 17:12:31,340][func.train][INFO] - [DATASET] Sampling video_idx: 59 at 25 fps to 1046 frames
[2024-05-17 17:12:31,340][func.train][INFO] - [DATASET] video 59 label_list: torch.Size([1046])
[2024-05-17 17:12:31,343][func.train][INFO] - [DATASET] number of test videos: 1
[2024-05-17 17:12:31,343][func.train][INFO] - [DATASET] avg video length: 17.43 minutes
[2024-05-17 17:12:33,205][func.train][INFO] - [DATASET] df unique videos: [1 2 3 4 5 6 7 8 9 10 11 12 13 14 15 16 17 18 19 20 21 22 23 24 25 26 27
 28 29 30 31 32 33 34 35 36 37 38 39 40 41 42 43 44 45 46 47 48 49 50 51
 52 53 54 55 56 57 58 59 60 61 62 63 64 65 66 67 68 69 70 71 72 73 74 75
 76 77 78 79 80]
[2024-05-17 17:12:33,206][func.train][INFO] - [DATASET] split: test video_indices: [60]
[2024-05-17 17:12:33,291][func.train][INFO] - [DATASET] test size: 63301
[2024-05-17 17:12:33,291][func.train][INFO] - [DATASET] test video_indices: [60]
[2024-05-17 17:12:33,304][func.train][INFO] - [DATASET] Sampling video_idx: 60 at 25 fps to 2532 frames
[2024-05-17 17:12:33,304][func.train][INFO] - [DATASET] video 60 label_list: torch.Size([2532])
[2024-05-17 17:12:33,310][func.train][INFO] - [DATASET] number of test videos: 1
[2024-05-17 17:12:33,311][func.train][INFO] - [DATASET] avg video length: 42.20 minutes
[2024-05-17 17:12:35,106][func.train][INFO] - [DATASET] df unique videos: [1 2 3 4 5 6 7 8 9 10 11 12 13 14 15 16 17 18 19 20 21 22 23 24 25 26 27
 28 29 30 31 32 33 34 35 36 37 38 39 40 41 42 43 44 45 46 47 48 49 50 51
 52 53 54 55 56 57 58 59 60 61 62 63 64 65 66 67 68 69 70 71 72 73 74 75
 76 77 78 79 80]
[2024-05-17 17:12:35,107][func.train][INFO] - [DATASET] split: test video_indices: [61]
[2024-05-17 17:12:35,222][func.train][INFO] - [DATASET] test size: 110226
[2024-05-17 17:12:35,222][func.train][INFO] - [DATASET] test video_indices: [61]
[2024-05-17 17:12:35,244][func.train][INFO] - [DATASET] Sampling video_idx: 61 at 25 fps to 4409 frames
[2024-05-17 17:12:35,245][func.train][INFO] - [DATASET] video 61 label_list: torch.Size([4409])
[2024-05-17 17:12:35,264][func.train][INFO] - [DATASET] number of test videos: 1
[2024-05-17 17:12:35,264][func.train][INFO] - [DATASET] avg video length: 73.48 minutes
[2024-05-17 17:12:37,172][func.train][INFO] - [DATASET] df unique videos: [1 2 3 4 5 6 7 8 9 10 11 12 13 14 15 16 17 18 19 20 21 22 23 24 25 26 27
 28 29 30 31 32 33 34 35 36 37 38 39 40 41 42 43 44 45 46 47 48 49 50 51
 52 53 54 55 56 57 58 59 60 61 62 63 64 65 66 67 68 69 70 71 72 73 74 75
 76 77 78 79 80]
[2024-05-17 17:12:37,173][func.train][INFO] - [DATASET] split: test video_indices: [62]
[2024-05-17 17:12:37,263][func.train][INFO] - [DATASET] test size: 50801
[2024-05-17 17:12:37,263][func.train][INFO] - [DATASET] test video_indices: [62]
[2024-05-17 17:12:37,274][func.train][INFO] - [DATASET] Sampling video_idx: 62 at 25 fps to 2032 frames
[2024-05-17 17:12:37,274][func.train][INFO] - [DATASET] video 62 label_list: torch.Size([2032])
[2024-05-17 17:12:37,282][func.train][INFO] - [DATASET] number of test videos: 1
[2024-05-17 17:12:37,282][func.train][INFO] - [DATASET] avg video length: 33.87 minutes
[2024-05-17 17:12:39,035][func.train][INFO] - [DATASET] df unique videos: [1 2 3 4 5 6 7 8 9 10 11 12 13 14 15 16 17 18 19 20 21 22 23 24 25 26 27
 28 29 30 31 32 33 34 35 36 37 38 39 40 41 42 43 44 45 46 47 48 49 50 51
 52 53 54 55 56 57 58 59 60 61 62 63 64 65 66 67 68 69 70 71 72 73 74 75
 76 77 78 79 80]
[2024-05-17 17:12:39,036][func.train][INFO] - [DATASET] split: test video_indices: [63]
[2024-05-17 17:12:39,136][func.train][INFO] - [DATASET] test size: 85826
[2024-05-17 17:12:39,136][func.train][INFO] - [DATASET] test video_indices: [63]
[2024-05-17 17:12:39,153][func.train][INFO] - [DATASET] Sampling video_idx: 63 at 25 fps to 3433 frames
[2024-05-17 17:12:39,154][func.train][INFO] - [DATASET] video 63 label_list: torch.Size([3433])
[2024-05-17 17:12:39,166][func.train][INFO] - [DATASET] number of test videos: 1
[2024-05-17 17:12:39,167][func.train][INFO] - [DATASET] avg video length: 57.22 minutes
[2024-05-17 17:12:40,952][func.train][INFO] - [DATASET] df unique videos: [1 2 3 4 5 6 7 8 9 10 11 12 13 14 15 16 17 18 19 20 21 22 23 24 25 26 27
 28 29 30 31 32 33 34 35 36 37 38 39 40 41 42 43 44 45 46 47 48 49 50 51
 52 53 54 55 56 57 58 59 60 61 62 63 64 65 66 67 68 69 70 71 72 73 74 75
 76 77 78 79 80]
[2024-05-17 17:12:40,953][func.train][INFO] - [DATASET] split: test video_indices: [64]
[2024-05-17 17:12:41,041][func.train][INFO] - [DATASET] test size: 59951
[2024-05-17 17:12:41,041][func.train][INFO] - [DATASET] test video_indices: [64]
[2024-05-17 17:12:41,052][func.train][INFO] - [DATASET] Sampling video_idx: 64 at 25 fps to 2398 frames
[2024-05-17 17:12:41,053][func.train][INFO] - [DATASET] video 64 label_list: torch.Size([2398])
[2024-05-17 17:12:41,060][func.train][INFO] - [DATASET] number of test videos: 1
[2024-05-17 17:12:41,061][func.train][INFO] - [DATASET] avg video length: 39.97 minutes
[2024-05-17 17:12:42,840][func.train][INFO] - [DATASET] df unique videos: [1 2 3 4 5 6 7 8 9 10 11 12 13 14 15 16 17 18 19 20 21 22 23 24 25 26 27
 28 29 30 31 32 33 34 35 36 37 38 39 40 41 42 43 44 45 46 47 48 49 50 51
 52 53 54 55 56 57 58 59 60 61 62 63 64 65 66 67 68 69 70 71 72 73 74 75
 76 77 78 79 80]
[2024-05-17 17:12:42,841][func.train][INFO] - [DATASET] split: test video_indices: [65]
[2024-05-17 17:12:42,928][func.train][INFO] - [DATASET] test size: 46826
[2024-05-17 17:12:42,928][func.train][INFO] - [DATASET] test video_indices: [65]
[2024-05-17 17:12:42,938][func.train][INFO] - [DATASET] Sampling video_idx: 65 at 25 fps to 1873 frames
[2024-05-17 17:12:42,938][func.train][INFO] - [DATASET] video 65 label_list: torch.Size([1873])
[2024-05-17 17:12:42,943][func.train][INFO] - [DATASET] number of test videos: 1
[2024-05-17 17:12:42,943][func.train][INFO] - [DATASET] avg video length: 31.22 minutes
[2024-05-17 17:12:44,839][func.train][INFO] - [DATASET] df unique videos: [1 2 3 4 5 6 7 8 9 10 11 12 13 14 15 16 17 18 19 20 21 22 23 24 25 26 27
 28 29 30 31 32 33 34 35 36 37 38 39 40 41 42 43 44 45 46 47 48 49 50 51
 52 53 54 55 56 57 58 59 60 61 62 63 64 65 66 67 68 69 70 71 72 73 74 75
 76 77 78 79 80]
[2024-05-17 17:12:44,839][func.train][INFO] - [DATASET] split: test video_indices: [66]
[2024-05-17 17:12:44,923][func.train][INFO] - [DATASET] test size: 45601
[2024-05-17 17:12:44,923][func.train][INFO] - [DATASET] test video_indices: [66]
[2024-05-17 17:12:44,933][func.train][INFO] - [DATASET] Sampling video_idx: 66 at 25 fps to 1824 frames
[2024-05-17 17:12:44,933][func.train][INFO] - [DATASET] video 66 label_list: torch.Size([1824])
[2024-05-17 17:12:44,939][func.train][INFO] - [DATASET] number of test videos: 1
[2024-05-17 17:12:44,939][func.train][INFO] - [DATASET] avg video length: 30.40 minutes
[2024-05-17 17:12:46,765][func.train][INFO] - [DATASET] df unique videos: [1 2 3 4 5 6 7 8 9 10 11 12 13 14 15 16 17 18 19 20 21 22 23 24 25 26 27
 28 29 30 31 32 33 34 35 36 37 38 39 40 41 42 43 44 45 46 47 48 49 50 51
 52 53 54 55 56 57 58 59 60 61 62 63 64 65 66 67 68 69 70 71 72 73 74 75
 76 77 78 79 80]
[2024-05-17 17:12:46,766][func.train][INFO] - [DATASET] split: test video_indices: [67]
[2024-05-17 17:12:46,860][func.train][INFO] - [DATASET] test size: 58826
[2024-05-17 17:12:46,861][func.train][INFO] - [DATASET] test video_indices: [67]
[2024-05-17 17:12:46,873][func.train][INFO] - [DATASET] Sampling video_idx: 67 at 25 fps to 2353 frames
[2024-05-17 17:12:46,873][func.train][INFO] - [DATASET] video 67 label_list: torch.Size([2353])
[2024-05-17 17:12:46,882][func.train][INFO] - [DATASET] number of test videos: 1
[2024-05-17 17:12:46,883][func.train][INFO] - [DATASET] avg video length: 39.22 minutes
[2024-05-17 17:12:48,755][func.train][INFO] - [DATASET] df unique videos: [1 2 3 4 5 6 7 8 9 10 11 12 13 14 15 16 17 18 19 20 21 22 23 24 25 26 27
 28 29 30 31 32 33 34 35 36 37 38 39 40 41 42 43 44 45 46 47 48 49 50 51
 52 53 54 55 56 57 58 59 60 61 62 63 64 65 66 67 68 69 70 71 72 73 74 75
 76 77 78 79 80]
[2024-05-17 17:12:48,755][func.train][INFO] - [DATASET] split: test video_indices: [68]
[2024-05-17 17:12:48,841][func.train][INFO] - [DATASET] test size: 49301
[2024-05-17 17:12:48,841][func.train][INFO] - [DATASET] test video_indices: [68]
[2024-05-17 17:12:48,851][func.train][INFO] - [DATASET] Sampling video_idx: 68 at 25 fps to 1972 frames
[2024-05-17 17:12:48,852][func.train][INFO] - [DATASET] video 68 label_list: torch.Size([1972])
[2024-05-17 17:12:48,859][func.train][INFO] - [DATASET] number of test videos: 1
[2024-05-17 17:12:48,859][func.train][INFO] - [DATASET] avg video length: 32.87 minutes
[2024-05-17 17:12:50,684][func.train][INFO] - [DATASET] df unique videos: [1 2 3 4 5 6 7 8 9 10 11 12 13 14 15 16 17 18 19 20 21 22 23 24 25 26 27
 28 29 30 31 32 33 34 35 36 37 38 39 40 41 42 43 44 45 46 47 48 49 50 51
 52 53 54 55 56 57 58 59 60 61 62 63 64 65 66 67 68 69 70 71 72 73 74 75
 76 77 78 79 80]
[2024-05-17 17:12:50,685][func.train][INFO] - [DATASET] split: test video_indices: [69]
[2024-05-17 17:12:50,798][func.train][INFO] - [DATASET] test size: 114376
[2024-05-17 17:12:50,798][func.train][INFO] - [DATASET] test video_indices: [69]
[2024-05-17 17:12:50,872][func.train][INFO] - [DATASET] Sampling video_idx: 69 at 25 fps to 4575 frames
[2024-05-17 17:12:50,875][func.train][INFO] - [DATASET] video 69 label_list: torch.Size([4575])
[2024-05-17 17:12:51,082][func.train][INFO] - [DATASET] number of test videos: 1
[2024-05-17 17:12:51,083][func.train][INFO] - [DATASET] avg video length: 76.25 minutes
[2024-05-17 17:12:53,141][func.train][INFO] - [DATASET] df unique videos: [1 2 3 4 5 6 7 8 9 10 11 12 13 14 15 16 17 18 19 20 21 22 23 24 25 26 27
 28 29 30 31 32 33 34 35 36 37 38 39 40 41 42 43 44 45 46 47 48 49 50 51
 52 53 54 55 56 57 58 59 60 61 62 63 64 65 66 67 68 69 70 71 72 73 74 75
 76 77 78 79 80]
[2024-05-17 17:12:53,141][func.train][INFO] - [DATASET] split: test video_indices: [70]
[2024-05-17 17:12:53,222][func.train][INFO] - [DATASET] test size: 29851
[2024-05-17 17:12:53,223][func.train][INFO] - [DATASET] test video_indices: [70]
[2024-05-17 17:12:53,230][func.train][INFO] - [DATASET] Sampling video_idx: 70 at 25 fps to 1194 frames
[2024-05-17 17:12:53,230][func.train][INFO] - [DATASET] video 70 label_list: torch.Size([1194])
[2024-05-17 17:12:53,234][func.train][INFO] - [DATASET] number of test videos: 1
[2024-05-17 17:12:53,235][func.train][INFO] - [DATASET] avg video length: 19.90 minutes
[2024-05-17 17:12:55,186][func.train][INFO] - [DATASET] df unique videos: [1 2 3 4 5 6 7 8 9 10 11 12 13 14 15 16 17 18 19 20 21 22 23 24 25 26 27
 28 29 30 31 32 33 34 35 36 37 38 39 40 41 42 43 44 45 46 47 48 49 50 51
 52 53 54 55 56 57 58 59 60 61 62 63 64 65 66 67 68 69 70 71 72 73 74 75
 76 77 78 79 80]
[2024-05-17 17:12:55,186][func.train][INFO] - [DATASET] split: test video_indices: [71]
[2024-05-17 17:12:55,283][func.train][INFO] - [DATASET] test size: 62876
[2024-05-17 17:12:55,283][func.train][INFO] - [DATASET] test video_indices: [71]
[2024-05-17 17:12:55,296][func.train][INFO] - [DATASET] Sampling video_idx: 71 at 25 fps to 2515 frames
[2024-05-17 17:12:55,297][func.train][INFO] - [DATASET] video 71 label_list: torch.Size([2515])
[2024-05-17 17:12:55,303][func.train][INFO] - [DATASET] number of test videos: 1
[2024-05-17 17:12:55,303][func.train][INFO] - [DATASET] avg video length: 41.92 minutes
[2024-05-17 17:12:57,556][func.train][INFO] - [DATASET] df unique videos: [1 2 3 4 5 6 7 8 9 10 11 12 13 14 15 16 17 18 19 20 21 22 23 24 25 26 27
 28 29 30 31 32 33 34 35 36 37 38 39 40 41 42 43 44 45 46 47 48 49 50 51
 52 53 54 55 56 57 58 59 60 61 62 63 64 65 66 67 68 69 70 71 72 73 74 75
 76 77 78 79 80]
[2024-05-17 17:12:57,557][func.train][INFO] - [DATASET] split: test video_indices: [72]
[2024-05-17 17:12:57,720][func.train][INFO] - [DATASET] test size: 77651
[2024-05-17 17:12:57,720][func.train][INFO] - [DATASET] test video_indices: [72]
[2024-05-17 17:12:57,738][func.train][INFO] - [DATASET] Sampling video_idx: 72 at 25 fps to 3106 frames
[2024-05-17 17:12:57,739][func.train][INFO] - [DATASET] video 72 label_list: torch.Size([3106])
[2024-05-17 17:12:57,747][func.train][INFO] - [DATASET] number of test videos: 1
[2024-05-17 17:12:57,747][func.train][INFO] - [DATASET] avg video length: 51.77 minutes
[2024-05-17 17:13:00,537][func.train][INFO] - [DATASET] df unique videos: [1 2 3 4 5 6 7 8 9 10 11 12 13 14 15 16 17 18 19 20 21 22 23 24 25 26 27
 28 29 30 31 32 33 34 35 36 37 38 39 40 41 42 43 44 45 46 47 48 49 50 51
 52 53 54 55 56 57 58 59 60 61 62 63 64 65 66 67 68 69 70 71 72 73 74 75
 76 77 78 79 80]
[2024-05-17 17:13:00,539][func.train][INFO] - [DATASET] split: test video_indices: [73]
[2024-05-17 17:13:00,714][func.train][INFO] - [DATASET] test size: 33901
[2024-05-17 17:13:00,714][func.train][INFO] - [DATASET] test video_indices: [73]
[2024-05-17 17:13:00,723][func.train][INFO] - [DATASET] Sampling video_idx: 73 at 25 fps to 1356 frames
[2024-05-17 17:13:00,725][func.train][INFO] - [DATASET] video 73 label_list: torch.Size([1356])
[2024-05-17 17:13:00,731][func.train][INFO] - [DATASET] number of test videos: 1
[2024-05-17 17:13:00,731][func.train][INFO] - [DATASET] avg video length: 22.60 minutes
[2024-05-17 17:13:03,151][func.train][INFO] - [DATASET] df unique videos: [1 2 3 4 5 6 7 8 9 10 11 12 13 14 15 16 17 18 19 20 21 22 23 24 25 26 27
 28 29 30 31 32 33 34 35 36 37 38 39 40 41 42 43 44 45 46 47 48 49 50 51
 52 53 54 55 56 57 58 59 60 61 62 63 64 65 66 67 68 69 70 71 72 73 74 75
 76 77 78 79 80]
[2024-05-17 17:13:03,152][func.train][INFO] - [DATASET] split: test video_indices: [74]
[2024-05-17 17:13:03,236][func.train][INFO] - [DATASET] test size: 40851
[2024-05-17 17:13:03,236][func.train][INFO] - [DATASET] test video_indices: [74]
[2024-05-17 17:13:03,264][func.train][INFO] - [DATASET] Sampling video_idx: 74 at 25 fps to 1634 frames
[2024-05-17 17:13:03,266][func.train][INFO] - [DATASET] video 74 label_list: torch.Size([1634])
[2024-05-17 17:13:03,272][func.train][INFO] - [DATASET] number of test videos: 1
[2024-05-17 17:13:03,273][func.train][INFO] - [DATASET] avg video length: 27.23 minutes
[2024-05-17 17:13:05,505][func.train][INFO] - [DATASET] df unique videos: [1 2 3 4 5 6 7 8 9 10 11 12 13 14 15 16 17 18 19 20 21 22 23 24 25 26 27
 28 29 30 31 32 33 34 35 36 37 38 39 40 41 42 43 44 45 46 47 48 49 50 51
 52 53 54 55 56 57 58 59 60 61 62 63 64 65 66 67 68 69 70 71 72 73 74 75
 76 77 78 79 80]
[2024-05-17 17:13:05,506][func.train][INFO] - [DATASET] split: test video_indices: [75]
[2024-05-17 17:13:05,619][func.train][INFO] - [DATASET] test size: 48076
[2024-05-17 17:13:05,619][func.train][INFO] - [DATASET] test video_indices: [75]
[2024-05-17 17:13:05,629][func.train][INFO] - [DATASET] Sampling video_idx: 75 at 25 fps to 1923 frames
[2024-05-17 17:13:05,629][func.train][INFO] - [DATASET] video 75 label_list: torch.Size([1923])
[2024-05-17 17:13:05,636][func.train][INFO] - [DATASET] number of test videos: 1
[2024-05-17 17:13:05,636][func.train][INFO] - [DATASET] avg video length: 32.05 minutes
[2024-05-17 17:13:07,774][func.train][INFO] - [DATASET] df unique videos: [1 2 3 4 5 6 7 8 9 10 11 12 13 14 15 16 17 18 19 20 21 22 23 24 25 26 27
 28 29 30 31 32 33 34 35 36 37 38 39 40 41 42 43 44 45 46 47 48 49 50 51
 52 53 54 55 56 57 58 59 60 61 62 63 64 65 66 67 68 69 70 71 72 73 74 75
 76 77 78 79 80]
[2024-05-17 17:13:07,774][func.train][INFO] - [DATASET] split: test video_indices: [76]
[2024-05-17 17:13:07,861][func.train][INFO] - [DATASET] test size: 66226
[2024-05-17 17:13:07,861][func.train][INFO] - [DATASET] test video_indices: [76]
[2024-05-17 17:13:07,875][func.train][INFO] - [DATASET] Sampling video_idx: 76 at 25 fps to 2649 frames
[2024-05-17 17:13:07,876][func.train][INFO] - [DATASET] video 76 label_list: torch.Size([2649])
[2024-05-17 17:13:07,883][func.train][INFO] - [DATASET] number of test videos: 1
[2024-05-17 17:13:07,884][func.train][INFO] - [DATASET] avg video length: 44.15 minutes
[2024-05-17 17:13:09,849][func.train][INFO] - [DATASET] df unique videos: [1 2 3 4 5 6 7 8 9 10 11 12 13 14 15 16 17 18 19 20 21 22 23 24 25 26 27
 28 29 30 31 32 33 34 35 36 37 38 39 40 41 42 43 44 45 46 47 48 49 50 51
 52 53 54 55 56 57 58 59 60 61 62 63 64 65 66 67 68 69 70 71 72 73 74 75
 76 77 78 79 80]
[2024-05-17 17:13:09,849][func.train][INFO] - [DATASET] split: test video_indices: [77]
[2024-05-17 17:13:09,938][func.train][INFO] - [DATASET] test size: 62551
[2024-05-17 17:13:09,938][func.train][INFO] - [DATASET] test video_indices: [77]
[2024-05-17 17:13:09,950][func.train][INFO] - [DATASET] Sampling video_idx: 77 at 25 fps to 2502 frames
[2024-05-17 17:13:09,951][func.train][INFO] - [DATASET] video 77 label_list: torch.Size([2502])
[2024-05-17 17:13:09,959][func.train][INFO] - [DATASET] number of test videos: 1
[2024-05-17 17:13:09,959][func.train][INFO] - [DATASET] avg video length: 41.70 minutes
[2024-05-17 17:13:12,108][func.train][INFO] - [DATASET] df unique videos: [1 2 3 4 5 6 7 8 9 10 11 12 13 14 15 16 17 18 19 20 21 22 23 24 25 26 27
 28 29 30 31 32 33 34 35 36 37 38 39 40 41 42 43 44 45 46 47 48 49 50 51
 52 53 54 55 56 57 58 59 60 61 62 63 64 65 66 67 68 69 70 71 72 73 74 75
 76 77 78 79 80]
[2024-05-17 17:13:12,109][func.train][INFO] - [DATASET] split: test video_indices: [78]
[2024-05-17 17:13:12,191][func.train][INFO] - [DATASET] test size: 18476
[2024-05-17 17:13:12,191][func.train][INFO] - [DATASET] test video_indices: [78]
[2024-05-17 17:13:12,197][func.train][INFO] - [DATASET] Sampling video_idx: 78 at 25 fps to 739 frames
[2024-05-17 17:13:12,197][func.train][INFO] - [DATASET] video 78 label_list: torch.Size([739])
[2024-05-17 17:13:12,205][func.train][INFO] - [DATASET] number of test videos: 1
[2024-05-17 17:13:12,206][func.train][INFO] - [DATASET] avg video length: 12.32 minutes
[2024-05-17 17:13:14,118][func.train][INFO] - [DATASET] df unique videos: [1 2 3 4 5 6 7 8 9 10 11 12 13 14 15 16 17 18 19 20 21 22 23 24 25 26 27
 28 29 30 31 32 33 34 35 36 37 38 39 40 41 42 43 44 45 46 47 48 49 50 51
 52 53 54 55 56 57 58 59 60 61 62 63 64 65 66 67 68 69 70 71 72 73 74 75
 76 77 78 79 80]
[2024-05-17 17:13:14,119][func.train][INFO] - [DATASET] split: test video_indices: [79]
[2024-05-17 17:13:14,223][func.train][INFO] - [DATASET] test size: 85351
[2024-05-17 17:13:14,224][func.train][INFO] - [DATASET] test video_indices: [79]
[2024-05-17 17:13:14,238][func.train][INFO] - [DATASET] Sampling video_idx: 79 at 25 fps to 3414 frames
[2024-05-17 17:13:14,239][func.train][INFO] - [DATASET] video 79 label_list: torch.Size([3414])
[2024-05-17 17:13:14,248][func.train][INFO] - [DATASET] number of test videos: 1
[2024-05-17 17:13:14,248][func.train][INFO] - [DATASET] avg video length: 56.90 minutes
[2024-05-17 17:13:16,429][func.train][INFO] - [DATASET] df unique videos: [1 2 3 4 5 6 7 8 9 10 11 12 13 14 15 16 17 18 19 20 21 22 23 24 25 26 27
 28 29 30 31 32 33 34 35 36 37 38 39 40 41 42 43 44 45 46 47 48 49 50 51
 52 53 54 55 56 57 58 59 60 61 62 63 64 65 66 67 68 69 70 71 72 73 74 75
 76 77 78 79 80]
[2024-05-17 17:13:16,430][func.train][INFO] - [DATASET] split: test video_indices: [80]
[2024-05-17 17:13:16,523][func.train][INFO] - [DATASET] test size: 43101
[2024-05-17 17:13:16,524][func.train][INFO] - [DATASET] test video_indices: [80]
[2024-05-17 17:13:16,532][func.train][INFO] - [DATASET] Sampling video_idx: 80 at 25 fps to 1724 frames
[2024-05-17 17:13:16,533][func.train][INFO] - [DATASET] video 80 label_list: torch.Size([1724])
[2024-05-17 17:13:16,539][func.train][INFO] - [DATASET] number of test videos: 1
[2024-05-17 17:13:16,539][func.train][INFO] - [DATASET] avg video length: 28.73 minutes
[2024-05-17 17:13:16,543][func.train][INFO] - Time to load datasets: 1.59 min
[2024-05-17 17:13:16,543][func.train][INFO] - Creating data loaders
[2024-05-17 17:13:16,548][func.train][INFO] - Creating model with {'one': 7} classes
[2024-05-17 17:13:16,873][func.train][INFO] - [MAIN] Number of tokens: 86304
[2024-05-17 17:13:16,873][func.train][INFO] - [MAIN] Number of parameters: 3994966
[2024-05-17 17:13:16,873][func.train][INFO] - [MAIN] Token-to-Parameter Ratio is ideally between [1:1 to 10:1]: 0.021603
[2024-05-17 17:13:16,874][func.train][WARNING] - [MAIN] Data-to-Parameter-Ratio is outside the interval [1:1 to 10:1]
[2024-05-17 17:13:16,875][func.train][INFO] - Using LR 0.000300 WD 0.000010 for parameters
[2024-05-17 17:13:16,876][func.train][INFO] - Using LR 0.000300 WD 0.000010 for parameters
[2024-05-17 17:13:16,884][func.train][INFO] - Wrapping model into DP
[2024-05-17 17:13:17,147][func.train][INFO] - Start training
[2024-05-17 17:13:17,153][func.train][INFO] - Storing checkpoints every 60.00 mins
[2024-05-17 19:07:43,968][func.train][INFO] - Dist info:
[2024-05-17 19:07:43,969][func.train][INFO] - torch version: 2.2.2+cu121
[2024-05-17 19:07:43,969][func.train][INFO] - torchvision version: 0.17.2+cu121
[2024-05-17 19:07:43,970][func.train][INFO] - hydra version: 1.3.2
[2024-05-17 19:07:43,973][func.train][INFO] - Loading data
[2024-05-17 19:07:43,974][func.train][INFO] - Loading datasets
[2024-05-17 19:07:48,217][func.train][INFO] - [SELECT DATASET] ALL loaded dataframe in 0m 4s
[2024-05-17 19:07:48,218][func.train][INFO] - [SELECT DATASET] ALL loaded dataframe: (4612530, 11)
[2024-05-17 19:07:48,676][func.train][INFO] - [SELECT DATASET] labels are already starting from 0
[2024-05-17 19:07:49,413][func.train][INFO] - [SELECT DATASET] ALL unique classes: [0 1 2 3 4 5 6]
[2024-05-17 19:07:49,434][func.train][INFO] - [SELECT DATASET] aLL dataframe (head):                    image_path class  ... tool_Irrigator tool_SpecimenBag
0  video01/video01_000001.png     0  ...              0                0
1  video01/video01_000002.png     0  ...              0                0
2  video01/video01_000003.png     0  ...              0                0
3  video01/video01_000004.png     0  ...              0                0
4  video01/video01_000005.png     0  ...              0                0

[5 rows x 11 columns]
[2024-05-17 19:07:49,455][func.train][INFO] - [SELECT DATASET] ALL dataframe (tail):                          image_path class  ... tool_Irrigator tool_SpecimenBag
4612525  video80/video80_043097.png     6  ...              0                0
4612526  video80/video80_043098.png     6  ...              0                0
4612527  video80/video80_043099.png     6  ...              0                0
4612528  video80/video80_043100.png     6  ...              0                0
4612529  video80/video80_043101.png     6  ...              0                0

[5 rows x 11 columns]
[2024-05-17 19:07:49,456][func.train][INFO] - [DATASET] params: {'debug': False, 'dataset_name': 'cholec80', 'reduc_feats_folder': 'train_targets_x_mp/', 'num_classes': 7, 'num_next_labels': 6, 'last_seg_class': 7, 'predict_next_phase': True, 'get_target_feats': False, 'replace_current_with_next_class': False}
[2024-05-17 19:07:52,609][func.train][INFO] - [DATASET] df unique videos: [1 2 3 4 5 6 7 8 9 10 11 12 13 14 15 16 17 18 19 20 21 22 23 24 25 26 27
 28 29 30 31 32 33 34 35 36 37 38 39 40 41 42 43 44 45 46 47 48 49 50 51
 52 53 54 55 56 57 58 59 60 61 62 63 64 65 66 67 68 69 70 71 72 73 74 75
 76 77 78 79 80]
[2024-05-17 19:07:52,610][func.train][INFO] - [DATASET] split: train video_indices: [1, 2, 3, 4, 5, 6, 7, 8, 9, 10, 11, 12, 13, 14, 15, 16, 17, 18, 19, 20, 21, 22, 23, 24, 25, 26, 27, 28, 29, 30, 31, 32, 33, 34, 35, 36, 37, 38, 39, 40]
[2024-05-17 19:07:55,634][func.train][INFO] - [DATASET] train size: 2157640
[2024-05-17 19:07:55,634][func.train][INFO] - [DATASET] train video_indices: [1, 2, 3, 4, 5, 6, 7, 8, 9, 10, 11, 12, 13, 14, 15, 16, 17, 18, 19, 20, 21, 22, 23, 24, 25, 26, 27, 28, 29, 30, 31, 32, 33, 34, 35, 36, 37, 38, 39, 40]
[2024-05-17 19:07:55,856][func.train][INFO] - [DATASET] Sampling video_idx: 1 at 25 fps to 1733 frames
[2024-05-17 19:07:55,877][func.train][INFO] - [DATASET] video 1 label_list: torch.Size([1733])
[2024-05-17 19:07:56,695][func.train][INFO] - [DATASET] Sampling video_idx: 2 at 25 fps to 2839 frames
[2024-05-17 19:07:56,696][func.train][INFO] - [DATASET] video 2 label_list: torch.Size([2839])
[2024-05-17 19:07:56,937][func.train][INFO] - [DATASET] Sampling video_idx: 3 at 25 fps to 5828 frames
[2024-05-17 19:07:56,939][func.train][INFO] - [DATASET] video 3 label_list: torch.Size([5828])
[2024-05-17 19:07:57,203][func.train][INFO] - [DATASET] Sampling video_idx: 4 at 25 fps to 1522 frames
[2024-05-17 19:07:57,204][func.train][INFO] - [DATASET] video 4 label_list: torch.Size([1522])
[2024-05-17 19:07:57,468][func.train][INFO] - [DATASET] Sampling video_idx: 5 at 25 fps to 2344 frames
[2024-05-17 19:07:57,470][func.train][INFO] - [DATASET] video 5 label_list: torch.Size([2344])
[2024-05-17 19:07:57,720][func.train][INFO] - [DATASET] Sampling video_idx: 6 at 25 fps to 2153 frames
[2024-05-17 19:07:57,721][func.train][INFO] - [DATASET] video 6 label_list: torch.Size([2153])
[2024-05-17 19:07:57,984][func.train][INFO] - [DATASET] Sampling video_idx: 7 at 25 fps to 4557 frames
[2024-05-17 19:07:57,986][func.train][INFO] - [DATASET] video 7 label_list: torch.Size([4557])
[2024-05-17 19:07:58,231][func.train][INFO] - [DATASET] Sampling video_idx: 8 at 25 fps to 1519 frames
[2024-05-17 19:07:58,233][func.train][INFO] - [DATASET] video 8 label_list: torch.Size([1519])
[2024-05-17 19:07:58,475][func.train][INFO] - [DATASET] Sampling video_idx: 9 at 25 fps to 2702 frames
[2024-05-17 19:07:58,477][func.train][INFO] - [DATASET] video 9 label_list: torch.Size([2702])
[2024-05-17 19:07:58,712][func.train][INFO] - [DATASET] Sampling video_idx: 10 at 25 fps to 1749 frames
[2024-05-17 19:07:58,713][func.train][INFO] - [DATASET] video 10 label_list: torch.Size([1749])
[2024-05-17 19:07:58,966][func.train][INFO] - [DATASET] Sampling video_idx: 11 at 25 fps to 3220 frames
[2024-05-17 19:07:58,968][func.train][INFO] - [DATASET] video 11 label_list: torch.Size([3220])
[2024-05-17 19:07:59,218][func.train][INFO] - [DATASET] Sampling video_idx: 12 at 25 fps to 1090 frames
[2024-05-17 19:07:59,219][func.train][INFO] - [DATASET] video 12 label_list: torch.Size([1090])
[2024-05-17 19:07:59,420][func.train][INFO] - [DATASET] Sampling video_idx: 13 at 25 fps to 981 frames
[2024-05-17 19:07:59,421][func.train][INFO] - [DATASET] video 13 label_list: torch.Size([981])
[2024-05-17 19:07:59,669][func.train][INFO] - [DATASET] Sampling video_idx: 14 at 25 fps to 1708 frames
[2024-05-17 19:07:59,670][func.train][INFO] - [DATASET] video 14 label_list: torch.Size([1708])
[2024-05-17 19:07:59,913][func.train][INFO] - [DATASET] Sampling video_idx: 15 at 25 fps to 2058 frames
[2024-05-17 19:07:59,915][func.train][INFO] - [DATASET] video 15 label_list: torch.Size([2058])
[2024-05-17 19:08:00,181][func.train][INFO] - [DATASET] Sampling video_idx: 16 at 25 fps to 2957 frames
[2024-05-17 19:08:00,183][func.train][INFO] - [DATASET] video 16 label_list: torch.Size([2957])
[2024-05-17 19:08:00,419][func.train][INFO] - [DATASET] Sampling video_idx: 17 at 25 fps to 1304 frames
[2024-05-17 19:08:00,421][func.train][INFO] - [DATASET] video 17 label_list: torch.Size([1304])
[2024-05-17 19:08:00,656][func.train][INFO] - [DATASET] Sampling video_idx: 18 at 25 fps to 1942 frames
[2024-05-17 19:08:00,657][func.train][INFO] - [DATASET] video 18 label_list: torch.Size([1942])
[2024-05-17 19:08:00,984][func.train][INFO] - [DATASET] Sampling video_idx: 19 at 25 fps to 2424 frames
[2024-05-17 19:08:00,985][func.train][INFO] - [DATASET] video 19 label_list: torch.Size([2424])
[2024-05-17 19:08:01,236][func.train][INFO] - [DATASET] Sampling video_idx: 20 at 25 fps to 1449 frames
[2024-05-17 19:08:01,237][func.train][INFO] - [DATASET] video 20 label_list: torch.Size([1449])
[2024-05-17 19:08:01,472][func.train][INFO] - [DATASET] Sampling video_idx: 21 at 25 fps to 1258 frames
[2024-05-17 19:08:01,473][func.train][INFO] - [DATASET] video 21 label_list: torch.Size([1258])
[2024-05-17 19:08:01,713][func.train][INFO] - [DATASET] Sampling video_idx: 22 at 25 fps to 1532 frames
[2024-05-17 19:08:01,714][func.train][INFO] - [DATASET] video 22 label_list: torch.Size([1532])
[2024-05-17 19:08:01,946][func.train][INFO] - [DATASET] Sampling video_idx: 23 at 25 fps to 1635 frames
[2024-05-17 19:08:01,948][func.train][INFO] - [DATASET] video 23 label_list: torch.Size([1635])
[2024-05-17 19:08:02,193][func.train][INFO] - [DATASET] Sampling video_idx: 24 at 25 fps to 1975 frames
[2024-05-17 19:08:02,195][func.train][INFO] - [DATASET] video 24 label_list: torch.Size([1975])
[2024-05-17 19:08:02,434][func.train][INFO] - [DATASET] Sampling video_idx: 25 at 25 fps to 2129 frames
[2024-05-17 19:08:02,436][func.train][INFO] - [DATASET] video 25 label_list: torch.Size([2129])
[2024-05-17 19:08:02,694][func.train][INFO] - [DATASET] Sampling video_idx: 26 at 25 fps to 1773 frames
[2024-05-17 19:08:02,695][func.train][INFO] - [DATASET] video 26 label_list: torch.Size([1773])
[2024-05-17 19:08:02,933][func.train][INFO] - [DATASET] Sampling video_idx: 27 at 25 fps to 2084 frames
[2024-05-17 19:08:02,935][func.train][INFO] - [DATASET] video 27 label_list: torch.Size([2084])
[2024-05-17 19:08:03,170][func.train][INFO] - [DATASET] Sampling video_idx: 28 at 25 fps to 1199 frames
[2024-05-17 19:08:03,171][func.train][INFO] - [DATASET] video 28 label_list: torch.Size([1199])
[2024-05-17 19:08:03,422][func.train][INFO] - [DATASET] Sampling video_idx: 29 at 25 fps to 2350 frames
[2024-05-17 19:08:03,424][func.train][INFO] - [DATASET] video 29 label_list: torch.Size([2350])
[2024-05-17 19:08:03,725][func.train][INFO] - [DATASET] Sampling video_idx: 30 at 25 fps to 2925 frames
[2024-05-17 19:08:03,727][func.train][INFO] - [DATASET] video 30 label_list: torch.Size([2925])
[2024-05-17 19:08:03,995][func.train][INFO] - [DATASET] Sampling video_idx: 31 at 25 fps to 3945 frames
[2024-05-17 19:08:03,997][func.train][INFO] - [DATASET] video 31 label_list: torch.Size([3945])
[2024-05-17 19:08:04,264][func.train][INFO] - [DATASET] Sampling video_idx: 32 at 25 fps to 2116 frames
[2024-05-17 19:08:04,265][func.train][INFO] - [DATASET] video 32 label_list: torch.Size([2116])
[2024-05-17 19:08:04,491][func.train][INFO] - [DATASET] Sampling video_idx: 33 at 25 fps to 1307 frames
[2024-05-17 19:08:04,492][func.train][INFO] - [DATASET] video 33 label_list: torch.Size([1307])
[2024-05-17 19:08:04,724][func.train][INFO] - [DATASET] Sampling video_idx: 34 at 25 fps to 1323 frames
[2024-05-17 19:08:04,735][func.train][INFO] - [DATASET] video 34 label_list: torch.Size([1323])
[2024-05-17 19:08:04,998][func.train][INFO] - [DATASET] Sampling video_idx: 35 at 25 fps to 2106 frames
[2024-05-17 19:08:05,000][func.train][INFO] - [DATASET] video 35 label_list: torch.Size([2106])
[2024-05-17 19:08:05,249][func.train][INFO] - [DATASET] Sampling video_idx: 36 at 25 fps to 2387 frames
[2024-05-17 19:08:05,251][func.train][INFO] - [DATASET] video 36 label_list: torch.Size([2387])
[2024-05-17 19:08:05,493][func.train][INFO] - [DATASET] Sampling video_idx: 37 at 25 fps to 1232 frames
[2024-05-17 19:08:05,494][func.train][INFO] - [DATASET] video 37 label_list: torch.Size([1232])
[2024-05-17 19:08:05,741][func.train][INFO] - [DATASET] Sampling video_idx: 38 at 25 fps to 3080 frames
[2024-05-17 19:08:05,743][func.train][INFO] - [DATASET] video 38 label_list: torch.Size([3080])
[2024-05-17 19:08:05,969][func.train][INFO] - [DATASET] Sampling video_idx: 39 at 25 fps to 1647 frames
[2024-05-17 19:08:05,970][func.train][INFO] - [DATASET] video 39 label_list: torch.Size([1647])
[2024-05-17 19:08:06,226][func.train][INFO] - [DATASET] Sampling video_idx: 40 at 25 fps to 2222 frames
[2024-05-17 19:08:06,228][func.train][INFO] - [DATASET] video 40 label_list: torch.Size([2222])
[2024-05-17 19:08:06,280][func.train][INFO] - [DATASET] number of train videos: 40
[2024-05-17 19:08:06,280][func.train][INFO] - [DATASET] avg video length: 35.96 minutes
[2024-05-17 19:08:06,879][func.train][INFO] - [DATASET] curr_class_weights: tensor([3.2825, 0.3343, 1.6823, 0.5112, 3.3179, 1.7079, 3.7585])
[2024-05-17 19:08:06,880][func.train][INFO] - [DATASET] next_class_weights: tensor([2.9696, 0.3024, 1.5219, 0.4625, 3.0017, 1.5451, 3.4003, 3.8095])
[2024-05-17 19:08:10,547][func.train][INFO] - [DATASET] df unique videos: [1 2 3 4 5 6 7 8 9 10 11 12 13 14 15 16 17 18 19 20 21 22 23 24 25 26 27
 28 29 30 31 32 33 34 35 36 37 38 39 40 41 42 43 44 45 46 47 48 49 50 51
 52 53 54 55 56 57 58 59 60 61 62 63 64 65 66 67 68 69 70 71 72 73 74 75
 76 77 78 79 80]
[2024-05-17 19:08:10,548][func.train][INFO] - [DATASET] split: test video_indices: [41]
[2024-05-17 19:08:10,715][func.train][INFO] - [DATASET] test size: 77576
[2024-05-17 19:08:10,716][func.train][INFO] - [DATASET] test video_indices: [41]
[2024-05-17 19:08:10,742][func.train][INFO] - [DATASET] Sampling video_idx: 41 at 25 fps to 3103 frames
[2024-05-17 19:08:10,744][func.train][INFO] - [DATASET] video 41 label_list: torch.Size([3103])
[2024-05-17 19:08:10,764][func.train][INFO] - [DATASET] number of test videos: 1
[2024-05-17 19:08:10,764][func.train][INFO] - [DATASET] avg video length: 51.72 minutes
[2024-05-17 19:08:14,065][func.train][INFO] - [DATASET] df unique videos: [1 2 3 4 5 6 7 8 9 10 11 12 13 14 15 16 17 18 19 20 21 22 23 24 25 26 27
 28 29 30 31 32 33 34 35 36 37 38 39 40 41 42 43 44 45 46 47 48 49 50 51
 52 53 54 55 56 57 58 59 60 61 62 63 64 65 66 67 68 69 70 71 72 73 74 75
 76 77 78 79 80]
[2024-05-17 19:08:14,066][func.train][INFO] - [DATASET] split: test video_indices: [42]
[2024-05-17 19:08:14,236][func.train][INFO] - [DATASET] test size: 92801
[2024-05-17 19:08:14,236][func.train][INFO] - [DATASET] test video_indices: [42]
[2024-05-17 19:08:14,267][func.train][INFO] - [DATASET] Sampling video_idx: 42 at 25 fps to 3712 frames
[2024-05-17 19:08:14,270][func.train][INFO] - [DATASET] video 42 label_list: torch.Size([3712])
[2024-05-17 19:08:14,299][func.train][INFO] - [DATASET] number of test videos: 1
[2024-05-17 19:08:14,300][func.train][INFO] - [DATASET] avg video length: 61.87 minutes
[2024-05-17 19:08:17,796][func.train][INFO] - [DATASET] df unique videos: [1 2 3 4 5 6 7 8 9 10 11 12 13 14 15 16 17 18 19 20 21 22 23 24 25 26 27
 28 29 30 31 32 33 34 35 36 37 38 39 40 41 42 43 44 45 46 47 48 49 50 51
 52 53 54 55 56 57 58 59 60 61 62 63 64 65 66 67 68 69 70 71 72 73 74 75
 76 77 78 79 80]
[2024-05-17 19:08:17,797][func.train][INFO] - [DATASET] split: test video_indices: [43]
[2024-05-17 19:08:17,957][func.train][INFO] - [DATASET] test size: 59051
[2024-05-17 19:08:17,957][func.train][INFO] - [DATASET] test video_indices: [43]
[2024-05-17 19:08:18,056][func.train][INFO] - [DATASET] Sampling video_idx: 43 at 25 fps to 2362 frames
[2024-05-17 19:08:18,058][func.train][INFO] - [DATASET] video 43 label_list: torch.Size([2362])
[2024-05-17 19:08:18,163][func.train][INFO] - [DATASET] number of test videos: 1
[2024-05-17 19:08:18,164][func.train][INFO] - [DATASET] avg video length: 39.37 minutes
[2024-05-17 19:08:21,526][func.train][INFO] - [DATASET] df unique videos: [1 2 3 4 5 6 7 8 9 10 11 12 13 14 15 16 17 18 19 20 21 22 23 24 25 26 27
 28 29 30 31 32 33 34 35 36 37 38 39 40 41 42 43 44 45 46 47 48 49 50 51
 52 53 54 55 56 57 58 59 60 61 62 63 64 65 66 67 68 69 70 71 72 73 74 75
 76 77 78 79 80]
[2024-05-17 19:08:21,527][func.train][INFO] - [DATASET] split: test video_indices: [44]
[2024-05-17 19:08:21,689][func.train][INFO] - [DATASET] test size: 78176
[2024-05-17 19:08:21,689][func.train][INFO] - [DATASET] test video_indices: [44]
[2024-05-17 19:08:21,721][func.train][INFO] - [DATASET] Sampling video_idx: 44 at 25 fps to 3127 frames
[2024-05-17 19:08:21,722][func.train][INFO] - [DATASET] video 44 label_list: torch.Size([3127])
[2024-05-17 19:08:21,745][func.train][INFO] - [DATASET] number of test videos: 1
[2024-05-17 19:08:21,746][func.train][INFO] - [DATASET] avg video length: 52.12 minutes
[2024-05-17 19:08:25,197][func.train][INFO] - [DATASET] df unique videos: [1 2 3 4 5 6 7 8 9 10 11 12 13 14 15 16 17 18 19 20 21 22 23 24 25 26 27
 28 29 30 31 32 33 34 35 36 37 38 39 40 41 42 43 44 45 46 47 48 49 50 51
 52 53 54 55 56 57 58 59 60 61 62 63 64 65 66 67 68 69 70 71 72 73 74 75
 76 77 78 79 80]
[2024-05-17 19:08:25,197][func.train][INFO] - [DATASET] split: test video_indices: [45]
[2024-05-17 19:08:25,375][func.train][INFO] - [DATASET] test size: 84676
[2024-05-17 19:08:25,375][func.train][INFO] - [DATASET] test video_indices: [45]
[2024-05-17 19:08:25,406][func.train][INFO] - [DATASET] Sampling video_idx: 45 at 25 fps to 3387 frames
[2024-05-17 19:08:25,408][func.train][INFO] - [DATASET] video 45 label_list: torch.Size([3387])
[2024-05-17 19:08:25,442][func.train][INFO] - [DATASET] number of test videos: 1
[2024-05-17 19:08:25,443][func.train][INFO] - [DATASET] avg video length: 56.45 minutes
[2024-05-17 19:08:28,898][func.train][INFO] - [DATASET] df unique videos: [1 2 3 4 5 6 7 8 9 10 11 12 13 14 15 16 17 18 19 20 21 22 23 24 25 26 27
 28 29 30 31 32 33 34 35 36 37 38 39 40 41 42 43 44 45 46 47 48 49 50 51
 52 53 54 55 56 57 58 59 60 61 62 63 64 65 66 67 68 69 70 71 72 73 74 75
 76 77 78 79 80]
[2024-05-17 19:08:28,898][func.train][INFO] - [DATASET] split: test video_indices: [46]
[2024-05-17 19:08:29,044][func.train][INFO] - [DATASET] test size: 41326
[2024-05-17 19:08:29,044][func.train][INFO] - [DATASET] test video_indices: [46]
[2024-05-17 19:08:29,064][func.train][INFO] - [DATASET] Sampling video_idx: 46 at 25 fps to 1653 frames
[2024-05-17 19:08:29,065][func.train][INFO] - [DATASET] video 46 label_list: torch.Size([1653])
[2024-05-17 19:08:29,087][func.train][INFO] - [DATASET] number of test videos: 1
[2024-05-17 19:08:29,088][func.train][INFO] - [DATASET] avg video length: 27.55 minutes
[2024-05-17 19:08:32,568][func.train][INFO] - [DATASET] df unique videos: [1 2 3 4 5 6 7 8 9 10 11 12 13 14 15 16 17 18 19 20 21 22 23 24 25 26 27
 28 29 30 31 32 33 34 35 36 37 38 39 40 41 42 43 44 45 46 47 48 49 50 51
 52 53 54 55 56 57 58 59 60 61 62 63 64 65 66 67 68 69 70 71 72 73 74 75
 76 77 78 79 80]
[2024-05-17 19:08:32,568][func.train][INFO] - [DATASET] split: test video_indices: [47]
[2024-05-17 19:08:32,730][func.train][INFO] - [DATASET] test size: 56476
[2024-05-17 19:08:32,731][func.train][INFO] - [DATASET] test video_indices: [47]
[2024-05-17 19:08:32,754][func.train][INFO] - [DATASET] Sampling video_idx: 47 at 25 fps to 2259 frames
[2024-05-17 19:08:32,756][func.train][INFO] - [DATASET] video 47 label_list: torch.Size([2259])
[2024-05-17 19:08:32,790][func.train][INFO] - [DATASET] number of test videos: 1
[2024-05-17 19:08:32,791][func.train][INFO] - [DATASET] avg video length: 37.65 minutes
[2024-05-17 19:08:36,303][func.train][INFO] - [DATASET] df unique videos: [1 2 3 4 5 6 7 8 9 10 11 12 13 14 15 16 17 18 19 20 21 22 23 24 25 26 27
 28 29 30 31 32 33 34 35 36 37 38 39 40 41 42 43 44 45 46 47 48 49 50 51
 52 53 54 55 56 57 58 59 60 61 62 63 64 65 66 67 68 69 70 71 72 73 74 75
 76 77 78 79 80]
[2024-05-17 19:08:36,304][func.train][INFO] - [DATASET] split: test video_indices: [48]
[2024-05-17 19:08:36,457][func.train][INFO] - [DATASET] test size: 45851
[2024-05-17 19:08:36,458][func.train][INFO] - [DATASET] test video_indices: [48]
[2024-05-17 19:08:36,482][func.train][INFO] - [DATASET] Sampling video_idx: 48 at 25 fps to 1834 frames
[2024-05-17 19:08:36,483][func.train][INFO] - [DATASET] video 48 label_list: torch.Size([1834])
[2024-05-17 19:08:36,605][func.train][INFO] - [DATASET] number of test videos: 1
[2024-05-17 19:08:36,605][func.train][INFO] - [DATASET] avg video length: 30.57 minutes
[2024-05-17 19:08:40,093][func.train][INFO] - [DATASET] df unique videos: [1 2 3 4 5 6 7 8 9 10 11 12 13 14 15 16 17 18 19 20 21 22 23 24 25 26 27
 28 29 30 31 32 33 34 35 36 37 38 39 40 41 42 43 44 45 46 47 48 49 50 51
 52 53 54 55 56 57 58 59 60 61 62 63 64 65 66 67 68 69 70 71 72 73 74 75
 76 77 78 79 80]
[2024-05-17 19:08:40,093][func.train][INFO] - [DATASET] split: test video_indices: [49]
[2024-05-17 19:08:40,261][func.train][INFO] - [DATASET] test size: 41776
[2024-05-17 19:08:40,262][func.train][INFO] - [DATASET] test video_indices: [49]
[2024-05-17 19:08:40,279][func.train][INFO] - [DATASET] Sampling video_idx: 49 at 25 fps to 1671 frames
[2024-05-17 19:08:40,280][func.train][INFO] - [DATASET] video 49 label_list: torch.Size([1671])
[2024-05-17 19:08:40,340][func.train][INFO] - [DATASET] number of test videos: 1
[2024-05-17 19:08:40,341][func.train][INFO] - [DATASET] avg video length: 27.85 minutes
[2024-05-17 19:08:43,763][func.train][INFO] - [DATASET] df unique videos: [1 2 3 4 5 6 7 8 9 10 11 12 13 14 15 16 17 18 19 20 21 22 23 24 25 26 27
 28 29 30 31 32 33 34 35 36 37 38 39 40 41 42 43 44 45 46 47 48 49 50 51
 52 53 54 55 56 57 58 59 60 61 62 63 64 65 66 67 68 69 70 71 72 73 74 75
 76 77 78 79 80]
[2024-05-17 19:08:43,763][func.train][INFO] - [DATASET] split: test video_indices: [50]
[2024-05-17 19:08:43,905][func.train][INFO] - [DATASET] test size: 27351
[2024-05-17 19:08:43,905][func.train][INFO] - [DATASET] test video_indices: [50]
[2024-05-17 19:08:43,917][func.train][INFO] - [DATASET] Sampling video_idx: 50 at 25 fps to 1094 frames
[2024-05-17 19:08:43,919][func.train][INFO] - [DATASET] video 50 label_list: torch.Size([1094])
[2024-05-17 19:08:43,973][func.train][INFO] - [DATASET] number of test videos: 1
[2024-05-17 19:08:43,974][func.train][INFO] - [DATASET] avg video length: 18.23 minutes
[2024-05-17 19:08:47,457][func.train][INFO] - [DATASET] df unique videos: [1 2 3 4 5 6 7 8 9 10 11 12 13 14 15 16 17 18 19 20 21 22 23 24 25 26 27
 28 29 30 31 32 33 34 35 36 37 38 39 40 41 42 43 44 45 46 47 48 49 50 51
 52 53 54 55 56 57 58 59 60 61 62 63 64 65 66 67 68 69 70 71 72 73 74 75
 76 77 78 79 80]
[2024-05-17 19:08:47,458][func.train][INFO] - [DATASET] split: test video_indices: [51]
[2024-05-17 19:08:47,625][func.train][INFO] - [DATASET] test size: 73601
[2024-05-17 19:08:47,626][func.train][INFO] - [DATASET] test video_indices: [51]
[2024-05-17 19:08:47,660][func.train][INFO] - [DATASET] Sampling video_idx: 51 at 25 fps to 2944 frames
[2024-05-17 19:08:47,662][func.train][INFO] - [DATASET] video 51 label_list: torch.Size([2944])
[2024-05-17 19:08:47,696][func.train][INFO] - [DATASET] number of test videos: 1
[2024-05-17 19:08:47,697][func.train][INFO] - [DATASET] avg video length: 49.07 minutes
[2024-05-17 19:08:51,077][func.train][INFO] - [DATASET] df unique videos: [1 2 3 4 5 6 7 8 9 10 11 12 13 14 15 16 17 18 19 20 21 22 23 24 25 26 27
 28 29 30 31 32 33 34 35 36 37 38 39 40 41 42 43 44 45 46 47 48 49 50 51
 52 53 54 55 56 57 58 59 60 61 62 63 64 65 66 67 68 69 70 71 72 73 74 75
 76 77 78 79 80]
[2024-05-17 19:08:51,077][func.train][INFO] - [DATASET] split: test video_indices: [52]
[2024-05-17 19:08:51,254][func.train][INFO] - [DATASET] test size: 49151
[2024-05-17 19:08:51,255][func.train][INFO] - [DATASET] test video_indices: [52]
[2024-05-17 19:08:51,279][func.train][INFO] - [DATASET] Sampling video_idx: 52 at 25 fps to 1966 frames
[2024-05-17 19:08:51,280][func.train][INFO] - [DATASET] video 52 label_list: torch.Size([1966])
[2024-05-17 19:08:51,301][func.train][INFO] - [DATASET] number of test videos: 1
[2024-05-17 19:08:51,301][func.train][INFO] - [DATASET] avg video length: 32.77 minutes
[2024-05-17 19:08:54,950][func.train][INFO] - [DATASET] df unique videos: [1 2 3 4 5 6 7 8 9 10 11 12 13 14 15 16 17 18 19 20 21 22 23 24 25 26 27
 28 29 30 31 32 33 34 35 36 37 38 39 40 41 42 43 44 45 46 47 48 49 50 51
 52 53 54 55 56 57 58 59 60 61 62 63 64 65 66 67 68 69 70 71 72 73 74 75
 76 77 78 79 80]
[2024-05-17 19:08:54,951][func.train][INFO] - [DATASET] split: test video_indices: [53]
[2024-05-17 19:08:55,154][func.train][INFO] - [DATASET] test size: 82076
[2024-05-17 19:08:55,154][func.train][INFO] - [DATASET] test video_indices: [53]
[2024-05-17 19:08:55,186][func.train][INFO] - [DATASET] Sampling video_idx: 53 at 25 fps to 3283 frames
[2024-05-17 19:08:55,188][func.train][INFO] - [DATASET] video 53 label_list: torch.Size([3283])
[2024-05-17 19:08:55,205][func.train][INFO] - [DATASET] number of test videos: 1
[2024-05-17 19:08:55,206][func.train][INFO] - [DATASET] avg video length: 54.72 minutes
[2024-05-17 19:08:58,822][func.train][INFO] - [DATASET] df unique videos: [1 2 3 4 5 6 7 8 9 10 11 12 13 14 15 16 17 18 19 20 21 22 23 24 25 26 27
 28 29 30 31 32 33 34 35 36 37 38 39 40 41 42 43 44 45 46 47 48 49 50 51
 52 53 54 55 56 57 58 59 60 61 62 63 64 65 66 67 68 69 70 71 72 73 74 75
 76 77 78 79 80]
[2024-05-17 19:08:58,823][func.train][INFO] - [DATASET] split: test video_indices: [54]
[2024-05-17 19:08:58,999][func.train][INFO] - [DATASET] test size: 77501
[2024-05-17 19:08:59,000][func.train][INFO] - [DATASET] test video_indices: [54]
[2024-05-17 19:08:59,031][func.train][INFO] - [DATASET] Sampling video_idx: 54 at 25 fps to 3100 frames
[2024-05-17 19:08:59,033][func.train][INFO] - [DATASET] video 54 label_list: torch.Size([3100])
[2024-05-17 19:08:59,103][func.train][INFO] - [DATASET] number of test videos: 1
[2024-05-17 19:08:59,104][func.train][INFO] - [DATASET] avg video length: 51.67 minutes
[2024-05-17 19:09:02,931][func.train][INFO] - [DATASET] df unique videos: [1 2 3 4 5 6 7 8 9 10 11 12 13 14 15 16 17 18 19 20 21 22 23 24 25 26 27
 28 29 30 31 32 33 34 35 36 37 38 39 40 41 42 43 44 45 46 47 48 49 50 51
 52 53 54 55 56 57 58 59 60 61 62 63 64 65 66 67 68 69 70 71 72 73 74 75
 76 77 78 79 80]
[2024-05-17 19:09:02,932][func.train][INFO] - [DATASET] split: test video_indices: [55]
[2024-05-17 19:09:03,080][func.train][INFO] - [DATASET] test size: 25926
[2024-05-17 19:09:03,081][func.train][INFO] - [DATASET] test video_indices: [55]
[2024-05-17 19:09:03,093][func.train][INFO] - [DATASET] Sampling video_idx: 55 at 25 fps to 1037 frames
[2024-05-17 19:09:03,094][func.train][INFO] - [DATASET] video 55 label_list: torch.Size([1037])
[2024-05-17 19:09:03,103][func.train][INFO] - [DATASET] number of test videos: 1
[2024-05-17 19:09:03,103][func.train][INFO] - [DATASET] avg video length: 17.28 minutes
[2024-05-17 19:09:06,774][func.train][INFO] - [DATASET] df unique videos: [1 2 3 4 5 6 7 8 9 10 11 12 13 14 15 16 17 18 19 20 21 22 23 24 25 26 27
 28 29 30 31 32 33 34 35 36 37 38 39 40 41 42 43 44 45 46 47 48 49 50 51
 52 53 54 55 56 57 58 59 60 61 62 63 64 65 66 67 68 69 70 71 72 73 74 75
 76 77 78 79 80]
[2024-05-17 19:09:06,774][func.train][INFO] - [DATASET] split: test video_indices: [56]
[2024-05-17 19:09:06,923][func.train][INFO] - [DATASET] test size: 45851
[2024-05-17 19:09:06,924][func.train][INFO] - [DATASET] test video_indices: [56]
[2024-05-17 19:09:06,943][func.train][INFO] - [DATASET] Sampling video_idx: 56 at 25 fps to 1834 frames
[2024-05-17 19:09:06,945][func.train][INFO] - [DATASET] video 56 label_list: torch.Size([1834])
[2024-05-17 19:09:06,961][func.train][INFO] - [DATASET] number of test videos: 1
[2024-05-17 19:09:06,962][func.train][INFO] - [DATASET] avg video length: 30.57 minutes
[2024-05-17 19:09:10,578][func.train][INFO] - [DATASET] df unique videos: [1 2 3 4 5 6 7 8 9 10 11 12 13 14 15 16 17 18 19 20 21 22 23 24 25 26 27
 28 29 30 31 32 33 34 35 36 37 38 39 40 41 42 43 44 45 46 47 48 49 50 51
 52 53 54 55 56 57 58 59 60 61 62 63 64 65 66 67 68 69 70 71 72 73 74 75
 76 77 78 79 80]
[2024-05-17 19:09:10,579][func.train][INFO] - [DATASET] split: test video_indices: [57]
[2024-05-17 19:09:10,729][func.train][INFO] - [DATASET] test size: 65801
[2024-05-17 19:09:10,729][func.train][INFO] - [DATASET] test video_indices: [57]
[2024-05-17 19:09:10,754][func.train][INFO] - [DATASET] Sampling video_idx: 57 at 25 fps to 2632 frames
[2024-05-17 19:09:10,756][func.train][INFO] - [DATASET] video 57 label_list: torch.Size([2632])
[2024-05-17 19:09:10,783][func.train][INFO] - [DATASET] number of test videos: 1
[2024-05-17 19:09:10,784][func.train][INFO] - [DATASET] avg video length: 43.87 minutes
