[2024-08-07 17:15:33,002][func.train][INFO] - Dist info:
[2024-08-07 17:15:33,003][func.train][INFO] - torch version: 2.2.2+cu121
[2024-08-07 17:15:33,004][func.train][INFO] - torchvision version: 0.17.2+cu121
[2024-08-07 17:15:33,004][func.train][INFO] - hydra version: 1.3.2
[2024-08-07 17:15:33,010][func.train][INFO] - [MAIN] eval horizons for regression: [5]
[2024-08-07 17:15:33,010][func.train][INFO] - Loading data
[2024-08-07 17:15:33,010][func.train][INFO] - Loading datasets
[2024-08-07 17:15:36,152][func.train][INFO] - [SELECT DATASET] ALL loaded dataframe in 0m 3s
[2024-08-07 17:15:36,153][func.train][INFO] - [SELECT DATASET] ALL loaded dataframe: (4612530, 11)
[2024-08-07 17:15:36,386][func.train][INFO] - [SELECT DATASET] labels are already starting from 0
[2024-08-07 17:15:36,751][func.train][INFO] - [SELECT DATASET] ALL unique classes: [0 1 2 3 4 5 6]
[2024-08-07 17:15:36,770][func.train][INFO] - [SELECT DATASET] aLL dataframe (head):                    image_path class  ... tool_Irrigator tool_SpecimenBag
0  video01/video01_000001.png     0  ...              0                0
1  video01/video01_000002.png     0  ...              0                0
2  video01/video01_000003.png     0  ...              0                0
3  video01/video01_000004.png     0  ...              0                0
4  video01/video01_000005.png     0  ...              0                0

[5 rows x 11 columns]
[2024-08-07 17:15:36,783][func.train][INFO] - [SELECT DATASET] ALL dataframe (tail):                          image_path class  ... tool_Irrigator tool_SpecimenBag
4612525  video80/video80_043097.png     6  ...              0                0
4612526  video80/video80_043098.png     6  ...              0                0
4612527  video80/video80_043099.png     6  ...              0                0
4612528  video80/video80_043100.png     6  ...              0                0
4612529  video80/video80_043101.png     6  ...              0                0

[5 rows x 11 columns]
[2024-08-07 17:15:36,784][func.train][INFO] - [DATASET] params: {'debug': False, 'dataset_name': 'cholec80', 'reduc_feats_folder': 'train_targets_x_mp/', 'num_classes': 7, 'num_next_labels': 6, 'last_seg_class': 7, 'predict_next_phase': True, 'get_target_feats': False, 'replace_current_with_next_class': False}
[2024-08-07 17:15:38,428][func.train][INFO] - [DATASET] df unique videos: [1 2 3 4 5 6 7 8 9 10 11 12 13 14 15 16 17 18 19 20 21 22 23 24 25 26 27
 28 29 30 31 32 33 34 35 36 37 38 39 40 41 42 43 44 45 46 47 48 49 50 51
 52 53 54 55 56 57 58 59 60 61 62 63 64 65 66 67 68 69 70 71 72 73 74 75
 76 77 78 79 80]
[2024-08-07 17:15:38,429][func.train][INFO] - [DATASET] split: train video_indices: [1, 2, 3, 4, 5, 6, 7, 8, 9, 10, 11, 12, 13, 14, 15, 16, 17, 18, 19, 20, 21, 22, 23, 24, 25, 26, 27, 28, 29, 30, 31, 32, 33, 34, 35, 36, 37, 38, 39, 40, 41, 42, 43, 44, 45, 46, 47, 48, 49, 50, 51, 52, 53, 54, 55, 56, 57, 58, 59, 60]
[2024-08-07 17:15:40,488][func.train][INFO] - [DATASET] train size: 3421885
[2024-08-07 17:15:40,488][func.train][INFO] - [DATASET] train video_indices: [1, 2, 3, 4, 5, 6, 7, 8, 9, 10, 11, 12, 13, 14, 15, 16, 17, 18, 19, 20, 21, 22, 23, 24, 25, 26, 27, 28, 29, 30, 31, 32, 33, 34, 35, 36, 37, 38, 39, 40, 41, 42, 43, 44, 45, 46, 47, 48, 49, 50, 51, 52, 53, 54, 55, 56, 57, 58, 59, 60]
[2024-08-07 17:15:40,488][func.train][INFO] - [DATASET] video_idx: 1
[2024-08-07 17:15:40,625][func.train][INFO] - [DATASET] Sampled video_idx: 1 at 25 fps to 1733 frames
[2024-08-07 17:15:40,649][func.train][INFO] - [DATASET] video 1 phase_labels: torch.Size([1733])
[2024-08-07 17:15:41,221][func.train][INFO] - [DATASET] gt_remaining_time h=5: torch.Size([1733, 8])
[2024-08-07 17:15:41,221][func.train][INFO] - 

[2024-08-07 17:15:41,221][func.train][INFO] - [DATASET] video_idx: 2
[2024-08-07 17:15:41,367][func.train][INFO] - [DATASET] Sampled video_idx: 2 at 25 fps to 2839 frames
[2024-08-07 17:15:41,368][func.train][INFO] - [DATASET] video 2 phase_labels: torch.Size([2839])
[2024-08-07 17:15:41,496][func.train][INFO] - [DATASET] gt_remaining_time h=5: torch.Size([2839, 8])
[2024-08-07 17:15:41,496][func.train][INFO] - 

[2024-08-07 17:15:41,496][func.train][INFO] - [DATASET] video_idx: 3
[2024-08-07 17:15:41,673][func.train][INFO] - [DATASET] Sampled video_idx: 3 at 25 fps to 5828 frames
[2024-08-07 17:15:41,674][func.train][INFO] - [DATASET] video 3 phase_labels: torch.Size([5828])
[2024-08-07 17:15:41,850][func.train][INFO] - [DATASET] gt_remaining_time h=5: torch.Size([5828, 8])
[2024-08-07 17:15:41,850][func.train][INFO] - 

[2024-08-07 17:15:41,850][func.train][INFO] - [DATASET] video_idx: 4
[2024-08-07 17:15:41,998][func.train][INFO] - [DATASET] Sampled video_idx: 4 at 25 fps to 1522 frames
[2024-08-07 17:15:41,999][func.train][INFO] - [DATASET] video 4 phase_labels: torch.Size([1522])
[2024-08-07 17:15:42,090][func.train][INFO] - [DATASET] gt_remaining_time h=5: torch.Size([1522, 8])
[2024-08-07 17:15:42,090][func.train][INFO] - 

[2024-08-07 17:15:42,090][func.train][INFO] - [DATASET] video_idx: 5
[2024-08-07 17:15:42,238][func.train][INFO] - [DATASET] Sampled video_idx: 5 at 25 fps to 2344 frames
[2024-08-07 17:15:42,239][func.train][INFO] - [DATASET] video 5 phase_labels: torch.Size([2344])
[2024-08-07 17:15:42,324][func.train][INFO] - [DATASET] gt_remaining_time h=5: torch.Size([2344, 8])
[2024-08-07 17:15:42,324][func.train][INFO] - 

[2024-08-07 17:15:42,324][func.train][INFO] - [DATASET] video_idx: 6
[2024-08-07 17:15:42,471][func.train][INFO] - [DATASET] Sampled video_idx: 6 at 25 fps to 2153 frames
[2024-08-07 17:15:42,471][func.train][INFO] - [DATASET] video 6 phase_labels: torch.Size([2153])
[2024-08-07 17:15:42,550][func.train][INFO] - [DATASET] gt_remaining_time h=5: torch.Size([2153, 8])
[2024-08-07 17:15:42,551][func.train][INFO] - 

[2024-08-07 17:15:42,551][func.train][INFO] - [DATASET] video_idx: 7
[2024-08-07 17:15:42,700][func.train][INFO] - [DATASET] Sampled video_idx: 7 at 25 fps to 4557 frames
[2024-08-07 17:15:42,701][func.train][INFO] - [DATASET] video 7 phase_labels: torch.Size([4557])
[2024-08-07 17:15:42,836][func.train][INFO] - [DATASET] gt_remaining_time h=5: torch.Size([4557, 8])
[2024-08-07 17:15:42,836][func.train][INFO] - 

[2024-08-07 17:15:42,837][func.train][INFO] - [DATASET] video_idx: 8
[2024-08-07 17:15:42,973][func.train][INFO] - [DATASET] Sampled video_idx: 8 at 25 fps to 1519 frames
[2024-08-07 17:15:42,974][func.train][INFO] - [DATASET] video 8 phase_labels: torch.Size([1519])
[2024-08-07 17:15:43,049][func.train][INFO] - [DATASET] gt_remaining_time h=5: torch.Size([1519, 8])
[2024-08-07 17:15:43,049][func.train][INFO] - 

[2024-08-07 17:15:43,049][func.train][INFO] - [DATASET] video_idx: 9
[2024-08-07 17:15:43,196][func.train][INFO] - [DATASET] Sampled video_idx: 9 at 25 fps to 2702 frames
[2024-08-07 17:15:43,197][func.train][INFO] - [DATASET] video 9 phase_labels: torch.Size([2702])
[2024-08-07 17:15:43,294][func.train][INFO] - [DATASET] gt_remaining_time h=5: torch.Size([2702, 8])
[2024-08-07 17:15:43,294][func.train][INFO] - 

[2024-08-07 17:15:43,294][func.train][INFO] - [DATASET] video_idx: 10
[2024-08-07 17:15:43,434][func.train][INFO] - [DATASET] Sampled video_idx: 10 at 25 fps to 1749 frames
[2024-08-07 17:15:43,435][func.train][INFO] - [DATASET] video 10 phase_labels: torch.Size([1749])
[2024-08-07 17:15:43,509][func.train][INFO] - [DATASET] gt_remaining_time h=5: torch.Size([1749, 8])
[2024-08-07 17:15:43,510][func.train][INFO] - 

[2024-08-07 17:15:43,510][func.train][INFO] - [DATASET] video_idx: 11
[2024-08-07 17:15:43,653][func.train][INFO] - [DATASET] Sampled video_idx: 11 at 25 fps to 3220 frames
[2024-08-07 17:15:43,654][func.train][INFO] - [DATASET] video 11 phase_labels: torch.Size([3220])
[2024-08-07 17:15:43,769][func.train][INFO] - [DATASET] gt_remaining_time h=5: torch.Size([3220, 8])
[2024-08-07 17:15:43,769][func.train][INFO] - 

[2024-08-07 17:15:43,769][func.train][INFO] - [DATASET] video_idx: 12
[2024-08-07 17:15:43,906][func.train][INFO] - [DATASET] Sampled video_idx: 12 at 25 fps to 1090 frames
[2024-08-07 17:15:43,906][func.train][INFO] - [DATASET] video 12 phase_labels: torch.Size([1090])
[2024-08-07 17:15:43,981][func.train][INFO] - [DATASET] gt_remaining_time h=5: torch.Size([1090, 8])
[2024-08-07 17:15:43,981][func.train][INFO] - 

[2024-08-07 17:15:43,981][func.train][INFO] - [DATASET] video_idx: 13
[2024-08-07 17:15:44,121][func.train][INFO] - [DATASET] Sampled video_idx: 13 at 25 fps to 981 frames
[2024-08-07 17:15:44,122][func.train][INFO] - [DATASET] video 13 phase_labels: torch.Size([981])
[2024-08-07 17:15:44,190][func.train][INFO] - [DATASET] gt_remaining_time h=5: torch.Size([981, 8])
[2024-08-07 17:15:44,190][func.train][INFO] - 

[2024-08-07 17:15:44,190][func.train][INFO] - [DATASET] video_idx: 14
[2024-08-07 17:15:44,344][func.train][INFO] - [DATASET] Sampled video_idx: 14 at 25 fps to 1708 frames
[2024-08-07 17:15:44,344][func.train][INFO] - [DATASET] video 14 phase_labels: torch.Size([1708])
[2024-08-07 17:15:44,419][func.train][INFO] - [DATASET] gt_remaining_time h=5: torch.Size([1708, 8])
[2024-08-07 17:15:44,419][func.train][INFO] - 

[2024-08-07 17:15:44,419][func.train][INFO] - [DATASET] video_idx: 15
[2024-08-07 17:15:44,571][func.train][INFO] - [DATASET] Sampled video_idx: 15 at 25 fps to 2058 frames
[2024-08-07 17:15:44,572][func.train][INFO] - [DATASET] video 15 phase_labels: torch.Size([2058])
[2024-08-07 17:15:44,656][func.train][INFO] - [DATASET] gt_remaining_time h=5: torch.Size([2058, 8])
[2024-08-07 17:15:44,657][func.train][INFO] - 

[2024-08-07 17:15:44,657][func.train][INFO] - [DATASET] video_idx: 16
[2024-08-07 17:15:44,806][func.train][INFO] - [DATASET] Sampled video_idx: 16 at 25 fps to 2957 frames
[2024-08-07 17:15:44,807][func.train][INFO] - [DATASET] video 16 phase_labels: torch.Size([2957])
[2024-08-07 17:15:44,894][func.train][INFO] - [DATASET] gt_remaining_time h=5: torch.Size([2957, 8])
[2024-08-07 17:15:44,895][func.train][INFO] - 

[2024-08-07 17:15:44,895][func.train][INFO] - [DATASET] video_idx: 17
[2024-08-07 17:15:45,030][func.train][INFO] - [DATASET] Sampled video_idx: 17 at 25 fps to 1304 frames
[2024-08-07 17:15:45,031][func.train][INFO] - [DATASET] video 17 phase_labels: torch.Size([1304])
[2024-08-07 17:15:45,101][func.train][INFO] - [DATASET] gt_remaining_time h=5: torch.Size([1304, 8])
[2024-08-07 17:15:45,101][func.train][INFO] - 

[2024-08-07 17:15:45,101][func.train][INFO] - [DATASET] video_idx: 18
[2024-08-07 17:15:45,244][func.train][INFO] - [DATASET] Sampled video_idx: 18 at 25 fps to 1942 frames
[2024-08-07 17:15:45,244][func.train][INFO] - [DATASET] video 18 phase_labels: torch.Size([1942])
[2024-08-07 17:15:45,321][func.train][INFO] - [DATASET] gt_remaining_time h=5: torch.Size([1942, 8])
[2024-08-07 17:15:45,321][func.train][INFO] - 

[2024-08-07 17:15:45,321][func.train][INFO] - [DATASET] video_idx: 19
[2024-08-07 17:15:45,466][func.train][INFO] - [DATASET] Sampled video_idx: 19 at 25 fps to 2424 frames
[2024-08-07 17:15:45,467][func.train][INFO] - [DATASET] video 19 phase_labels: torch.Size([2424])
[2024-08-07 17:15:45,551][func.train][INFO] - [DATASET] gt_remaining_time h=5: torch.Size([2424, 8])
[2024-08-07 17:15:45,552][func.train][INFO] - 

[2024-08-07 17:15:45,552][func.train][INFO] - [DATASET] video_idx: 20
[2024-08-07 17:15:45,691][func.train][INFO] - [DATASET] Sampled video_idx: 20 at 25 fps to 1449 frames
[2024-08-07 17:15:45,691][func.train][INFO] - [DATASET] video 20 phase_labels: torch.Size([1449])
[2024-08-07 17:15:45,763][func.train][INFO] - [DATASET] gt_remaining_time h=5: torch.Size([1449, 8])
[2024-08-07 17:15:45,763][func.train][INFO] - 

[2024-08-07 17:15:45,763][func.train][INFO] - [DATASET] video_idx: 21
[2024-08-07 17:15:45,901][func.train][INFO] - [DATASET] Sampled video_idx: 21 at 25 fps to 1258 frames
[2024-08-07 17:15:45,901][func.train][INFO] - [DATASET] video 21 phase_labels: torch.Size([1258])
[2024-08-07 17:15:45,962][func.train][INFO] - [DATASET] gt_remaining_time h=5: torch.Size([1258, 8])
[2024-08-07 17:15:45,962][func.train][INFO] - 

[2024-08-07 17:15:45,962][func.train][INFO] - [DATASET] video_idx: 22
[2024-08-07 17:15:46,097][func.train][INFO] - [DATASET] Sampled video_idx: 22 at 25 fps to 1532 frames
[2024-08-07 17:15:46,097][func.train][INFO] - [DATASET] video 22 phase_labels: torch.Size([1532])
[2024-08-07 17:15:46,171][func.train][INFO] - [DATASET] gt_remaining_time h=5: torch.Size([1532, 8])
[2024-08-07 17:15:46,171][func.train][INFO] - 

[2024-08-07 17:15:46,171][func.train][INFO] - [DATASET] video_idx: 23
[2024-08-07 17:15:46,318][func.train][INFO] - [DATASET] Sampled video_idx: 23 at 25 fps to 1635 frames
[2024-08-07 17:15:46,319][func.train][INFO] - [DATASET] video 23 phase_labels: torch.Size([1635])
[2024-08-07 17:15:46,393][func.train][INFO] - [DATASET] gt_remaining_time h=5: torch.Size([1635, 8])
[2024-08-07 17:15:46,393][func.train][INFO] - 

[2024-08-07 17:15:46,393][func.train][INFO] - [DATASET] video_idx: 24
[2024-08-07 17:15:46,541][func.train][INFO] - [DATASET] Sampled video_idx: 24 at 25 fps to 1975 frames
[2024-08-07 17:15:46,542][func.train][INFO] - [DATASET] video 24 phase_labels: torch.Size([1975])
[2024-08-07 17:15:46,630][func.train][INFO] - [DATASET] gt_remaining_time h=5: torch.Size([1975, 8])
[2024-08-07 17:15:46,630][func.train][INFO] - 

[2024-08-07 17:15:46,631][func.train][INFO] - [DATASET] video_idx: 25
[2024-08-07 17:15:46,778][func.train][INFO] - [DATASET] Sampled video_idx: 25 at 25 fps to 2129 frames
[2024-08-07 17:15:46,779][func.train][INFO] - [DATASET] video 25 phase_labels: torch.Size([2129])
[2024-08-07 17:15:46,859][func.train][INFO] - [DATASET] gt_remaining_time h=5: torch.Size([2129, 8])
[2024-08-07 17:15:46,860][func.train][INFO] - 

[2024-08-07 17:15:46,860][func.train][INFO] - [DATASET] video_idx: 26
[2024-08-07 17:15:47,003][func.train][INFO] - [DATASET] Sampled video_idx: 26 at 25 fps to 1773 frames
[2024-08-07 17:15:47,004][func.train][INFO] - [DATASET] video 26 phase_labels: torch.Size([1773])
[2024-08-07 17:15:47,085][func.train][INFO] - [DATASET] gt_remaining_time h=5: torch.Size([1773, 8])
[2024-08-07 17:15:47,086][func.train][INFO] - 

[2024-08-07 17:15:47,086][func.train][INFO] - [DATASET] video_idx: 27
[2024-08-07 17:15:47,228][func.train][INFO] - [DATASET] Sampled video_idx: 27 at 25 fps to 2084 frames
[2024-08-07 17:15:47,229][func.train][INFO] - [DATASET] video 27 phase_labels: torch.Size([2084])
[2024-08-07 17:15:47,307][func.train][INFO] - [DATASET] gt_remaining_time h=5: torch.Size([2084, 8])
[2024-08-07 17:15:47,307][func.train][INFO] - 

[2024-08-07 17:15:47,307][func.train][INFO] - [DATASET] video_idx: 28
[2024-08-07 17:15:47,441][func.train][INFO] - [DATASET] Sampled video_idx: 28 at 25 fps to 1199 frames
[2024-08-07 17:15:47,442][func.train][INFO] - [DATASET] video 28 phase_labels: torch.Size([1199])
[2024-08-07 17:15:47,505][func.train][INFO] - [DATASET] gt_remaining_time h=5: torch.Size([1199, 8])
[2024-08-07 17:15:47,505][func.train][INFO] - 

[2024-08-07 17:15:47,505][func.train][INFO] - [DATASET] video_idx: 29
[2024-08-07 17:15:47,650][func.train][INFO] - [DATASET] Sampled video_idx: 29 at 25 fps to 2350 frames
[2024-08-07 17:15:47,650][func.train][INFO] - [DATASET] video 29 phase_labels: torch.Size([2350])
[2024-08-07 17:15:47,733][func.train][INFO] - [DATASET] gt_remaining_time h=5: torch.Size([2350, 8])
[2024-08-07 17:15:47,733][func.train][INFO] - 

[2024-08-07 17:15:47,733][func.train][INFO] - [DATASET] video_idx: 30
[2024-08-07 17:15:47,881][func.train][INFO] - [DATASET] Sampled video_idx: 30 at 25 fps to 2925 frames
[2024-08-07 17:15:47,881][func.train][INFO] - [DATASET] video 30 phase_labels: torch.Size([2925])
[2024-08-07 17:15:47,981][func.train][INFO] - [DATASET] gt_remaining_time h=5: torch.Size([2925, 8])
[2024-08-07 17:15:47,981][func.train][INFO] - 

[2024-08-07 17:15:47,981][func.train][INFO] - [DATASET] video_idx: 31
[2024-08-07 17:15:48,127][func.train][INFO] - [DATASET] Sampled video_idx: 31 at 25 fps to 3945 frames
[2024-08-07 17:15:48,128][func.train][INFO] - [DATASET] video 31 phase_labels: torch.Size([3945])
[2024-08-07 17:15:48,267][func.train][INFO] - [DATASET] gt_remaining_time h=5: torch.Size([3945, 8])
[2024-08-07 17:15:48,267][func.train][INFO] - 

[2024-08-07 17:15:48,267][func.train][INFO] - [DATASET] video_idx: 32
[2024-08-07 17:15:48,411][func.train][INFO] - [DATASET] Sampled video_idx: 32 at 25 fps to 2116 frames
[2024-08-07 17:15:48,412][func.train][INFO] - [DATASET] video 32 phase_labels: torch.Size([2116])
[2024-08-07 17:15:48,511][func.train][INFO] - [DATASET] gt_remaining_time h=5: torch.Size([2116, 8])
[2024-08-07 17:15:48,512][func.train][INFO] - 

[2024-08-07 17:15:48,512][func.train][INFO] - [DATASET] video_idx: 33
[2024-08-07 17:15:48,653][func.train][INFO] - [DATASET] Sampled video_idx: 33 at 25 fps to 1307 frames
[2024-08-07 17:15:48,654][func.train][INFO] - [DATASET] video 33 phase_labels: torch.Size([1307])
[2024-08-07 17:15:48,721][func.train][INFO] - [DATASET] gt_remaining_time h=5: torch.Size([1307, 8])
[2024-08-07 17:15:48,721][func.train][INFO] - 

[2024-08-07 17:15:48,721][func.train][INFO] - [DATASET] video_idx: 34
[2024-08-07 17:15:48,862][func.train][INFO] - [DATASET] Sampled video_idx: 34 at 25 fps to 1323 frames
[2024-08-07 17:15:48,863][func.train][INFO] - [DATASET] video 34 phase_labels: torch.Size([1323])
[2024-08-07 17:15:48,932][func.train][INFO] - [DATASET] gt_remaining_time h=5: torch.Size([1323, 8])
[2024-08-07 17:15:48,933][func.train][INFO] - 

[2024-08-07 17:15:48,933][func.train][INFO] - [DATASET] video_idx: 35
[2024-08-07 17:15:49,075][func.train][INFO] - [DATASET] Sampled video_idx: 35 at 25 fps to 2106 frames
[2024-08-07 17:15:49,076][func.train][INFO] - [DATASET] video 35 phase_labels: torch.Size([2106])
[2024-08-07 17:15:49,159][func.train][INFO] - [DATASET] gt_remaining_time h=5: torch.Size([2106, 8])
[2024-08-07 17:15:49,159][func.train][INFO] - 

[2024-08-07 17:15:49,159][func.train][INFO] - [DATASET] video_idx: 36
[2024-08-07 17:15:49,303][func.train][INFO] - [DATASET] Sampled video_idx: 36 at 25 fps to 2387 frames
[2024-08-07 17:15:49,304][func.train][INFO] - [DATASET] video 36 phase_labels: torch.Size([2387])
[2024-08-07 17:15:49,402][func.train][INFO] - [DATASET] gt_remaining_time h=5: torch.Size([2387, 8])
[2024-08-07 17:15:49,402][func.train][INFO] - 

[2024-08-07 17:15:49,402][func.train][INFO] - [DATASET] video_idx: 37
[2024-08-07 17:15:49,541][func.train][INFO] - [DATASET] Sampled video_idx: 37 at 25 fps to 1232 frames
[2024-08-07 17:15:49,542][func.train][INFO] - [DATASET] video 37 phase_labels: torch.Size([1232])
[2024-08-07 17:15:49,608][func.train][INFO] - [DATASET] gt_remaining_time h=5: torch.Size([1232, 8])
[2024-08-07 17:15:49,609][func.train][INFO] - 

[2024-08-07 17:15:49,609][func.train][INFO] - [DATASET] video_idx: 38
[2024-08-07 17:15:49,761][func.train][INFO] - [DATASET] Sampled video_idx: 38 at 25 fps to 3080 frames
[2024-08-07 17:15:49,762][func.train][INFO] - [DATASET] video 38 phase_labels: torch.Size([3080])
[2024-08-07 17:15:49,851][func.train][INFO] - [DATASET] gt_remaining_time h=5: torch.Size([3080, 8])
[2024-08-07 17:15:49,851][func.train][INFO] - 

[2024-08-07 17:15:49,851][func.train][INFO] - [DATASET] video_idx: 39
[2024-08-07 17:15:49,983][func.train][INFO] - [DATASET] Sampled video_idx: 39 at 25 fps to 1647 frames
[2024-08-07 17:15:49,984][func.train][INFO] - [DATASET] video 39 phase_labels: torch.Size([1647])
[2024-08-07 17:15:50,079][func.train][INFO] - [DATASET] gt_remaining_time h=5: torch.Size([1647, 8])
[2024-08-07 17:15:50,080][func.train][INFO] - 

[2024-08-07 17:15:50,080][func.train][INFO] - [DATASET] video_idx: 40
[2024-08-07 17:15:50,215][func.train][INFO] - [DATASET] Sampled video_idx: 40 at 25 fps to 2222 frames
[2024-08-07 17:15:50,216][func.train][INFO] - [DATASET] video 40 phase_labels: torch.Size([2222])
[2024-08-07 17:15:50,304][func.train][INFO] - [DATASET] gt_remaining_time h=5: torch.Size([2222, 8])
[2024-08-07 17:15:50,304][func.train][INFO] - 

[2024-08-07 17:15:50,305][func.train][INFO] - [DATASET] video_idx: 41
[2024-08-07 17:15:50,444][func.train][INFO] - [DATASET] Sampled video_idx: 41 at 25 fps to 3103 frames
[2024-08-07 17:15:50,445][func.train][INFO] - [DATASET] video 41 phase_labels: torch.Size([3103])
[2024-08-07 17:15:50,558][func.train][INFO] - [DATASET] gt_remaining_time h=5: torch.Size([3103, 8])
[2024-08-07 17:15:50,559][func.train][INFO] - 

[2024-08-07 17:15:50,559][func.train][INFO] - [DATASET] video_idx: 42
[2024-08-07 17:15:50,744][func.train][INFO] - [DATASET] Sampled video_idx: 42 at 25 fps to 3712 frames
[2024-08-07 17:15:50,745][func.train][INFO] - [DATASET] video 42 phase_labels: torch.Size([3712])
[2024-08-07 17:15:50,851][func.train][INFO] - [DATASET] gt_remaining_time h=5: torch.Size([3712, 8])
[2024-08-07 17:15:50,852][func.train][INFO] - 

[2024-08-07 17:15:50,852][func.train][INFO] - [DATASET] video_idx: 43
[2024-08-07 17:15:50,987][func.train][INFO] - [DATASET] Sampled video_idx: 43 at 25 fps to 2362 frames
[2024-08-07 17:15:50,987][func.train][INFO] - [DATASET] video 43 phase_labels: torch.Size([2362])
[2024-08-07 17:15:51,067][func.train][INFO] - [DATASET] gt_remaining_time h=5: torch.Size([2362, 8])
[2024-08-07 17:15:51,067][func.train][INFO] - 

[2024-08-07 17:15:51,067][func.train][INFO] - [DATASET] video_idx: 44
[2024-08-07 17:15:51,219][func.train][INFO] - [DATASET] Sampled video_idx: 44 at 25 fps to 3127 frames
[2024-08-07 17:15:51,220][func.train][INFO] - [DATASET] video 44 phase_labels: torch.Size([3127])
[2024-08-07 17:15:51,315][func.train][INFO] - [DATASET] gt_remaining_time h=5: torch.Size([3127, 8])
[2024-08-07 17:15:51,315][func.train][INFO] - 

[2024-08-07 17:15:51,315][func.train][INFO] - [DATASET] video_idx: 45
[2024-08-07 17:15:51,462][func.train][INFO] - [DATASET] Sampled video_idx: 45 at 25 fps to 3387 frames
[2024-08-07 17:15:51,462][func.train][INFO] - [DATASET] video 45 phase_labels: torch.Size([3387])
[2024-08-07 17:15:51,559][func.train][INFO] - [DATASET] gt_remaining_time h=5: torch.Size([3387, 8])
[2024-08-07 17:15:51,559][func.train][INFO] - 

[2024-08-07 17:15:51,559][func.train][INFO] - [DATASET] video_idx: 46
[2024-08-07 17:15:51,695][func.train][INFO] - [DATASET] Sampled video_idx: 46 at 25 fps to 1653 frames
[2024-08-07 17:15:51,696][func.train][INFO] - [DATASET] video 46 phase_labels: torch.Size([1653])
[2024-08-07 17:15:51,766][func.train][INFO] - [DATASET] gt_remaining_time h=5: torch.Size([1653, 8])
[2024-08-07 17:15:51,766][func.train][INFO] - 

[2024-08-07 17:15:51,766][func.train][INFO] - [DATASET] video_idx: 47
[2024-08-07 17:15:51,902][func.train][INFO] - [DATASET] Sampled video_idx: 47 at 25 fps to 2259 frames
[2024-08-07 17:15:51,903][func.train][INFO] - [DATASET] video 47 phase_labels: torch.Size([2259])
[2024-08-07 17:15:51,985][func.train][INFO] - [DATASET] gt_remaining_time h=5: torch.Size([2259, 8])
[2024-08-07 17:15:51,986][func.train][INFO] - 

[2024-08-07 17:15:51,986][func.train][INFO] - [DATASET] video_idx: 48
[2024-08-07 17:15:52,126][func.train][INFO] - [DATASET] Sampled video_idx: 48 at 25 fps to 1834 frames
[2024-08-07 17:15:52,127][func.train][INFO] - [DATASET] video 48 phase_labels: torch.Size([1834])
[2024-08-07 17:15:52,205][func.train][INFO] - [DATASET] gt_remaining_time h=5: torch.Size([1834, 8])
[2024-08-07 17:15:52,205][func.train][INFO] - 

[2024-08-07 17:15:52,205][func.train][INFO] - [DATASET] video_idx: 49
[2024-08-07 17:15:52,346][func.train][INFO] - [DATASET] Sampled video_idx: 49 at 25 fps to 1671 frames
[2024-08-07 17:15:52,346][func.train][INFO] - [DATASET] video 49 phase_labels: torch.Size([1671])
[2024-08-07 17:15:52,420][func.train][INFO] - [DATASET] gt_remaining_time h=5: torch.Size([1671, 8])
[2024-08-07 17:15:52,420][func.train][INFO] - 

[2024-08-07 17:15:52,421][func.train][INFO] - [DATASET] video_idx: 50
[2024-08-07 17:15:52,559][func.train][INFO] - [DATASET] Sampled video_idx: 50 at 25 fps to 1094 frames
[2024-08-07 17:15:52,560][func.train][INFO] - [DATASET] video 50 phase_labels: torch.Size([1094])
[2024-08-07 17:15:52,618][func.train][INFO] - [DATASET] gt_remaining_time h=5: torch.Size([1094, 8])
[2024-08-07 17:15:52,618][func.train][INFO] - 

[2024-08-07 17:15:52,618][func.train][INFO] - [DATASET] video_idx: 51
[2024-08-07 17:15:52,757][func.train][INFO] - [DATASET] Sampled video_idx: 51 at 25 fps to 2944 frames
[2024-08-07 17:15:52,758][func.train][INFO] - [DATASET] video 51 phase_labels: torch.Size([2944])
[2024-08-07 17:15:52,879][func.train][INFO] - [DATASET] gt_remaining_time h=5: torch.Size([2944, 8])
[2024-08-07 17:15:52,880][func.train][INFO] - 

[2024-08-07 17:15:52,880][func.train][INFO] - [DATASET] video_idx: 52
[2024-08-07 17:15:53,014][func.train][INFO] - [DATASET] Sampled video_idx: 52 at 25 fps to 1966 frames
[2024-08-07 17:15:53,015][func.train][INFO] - [DATASET] video 52 phase_labels: torch.Size([1966])
[2024-08-07 17:15:53,090][func.train][INFO] - [DATASET] gt_remaining_time h=5: torch.Size([1966, 8])
[2024-08-07 17:15:53,091][func.train][INFO] - 

[2024-08-07 17:15:53,091][func.train][INFO] - [DATASET] video_idx: 53
[2024-08-07 17:15:53,229][func.train][INFO] - [DATASET] Sampled video_idx: 53 at 25 fps to 3283 frames
[2024-08-07 17:15:53,230][func.train][INFO] - [DATASET] video 53 phase_labels: torch.Size([3283])
[2024-08-07 17:15:53,335][func.train][INFO] - [DATASET] gt_remaining_time h=5: torch.Size([3283, 8])
[2024-08-07 17:15:53,335][func.train][INFO] - 

[2024-08-07 17:15:53,336][func.train][INFO] - [DATASET] video_idx: 54
[2024-08-07 17:15:53,474][func.train][INFO] - [DATASET] Sampled video_idx: 54 at 25 fps to 3100 frames
[2024-08-07 17:15:53,475][func.train][INFO] - [DATASET] video 54 phase_labels: torch.Size([3100])
[2024-08-07 17:15:53,593][func.train][INFO] - [DATASET] gt_remaining_time h=5: torch.Size([3100, 8])
[2024-08-07 17:15:53,593][func.train][INFO] - 

[2024-08-07 17:15:53,594][func.train][INFO] - [DATASET] video_idx: 55
[2024-08-07 17:15:53,731][func.train][INFO] - [DATASET] Sampled video_idx: 55 at 25 fps to 1037 frames
[2024-08-07 17:15:53,732][func.train][INFO] - [DATASET] video 55 phase_labels: torch.Size([1037])
[2024-08-07 17:15:53,794][func.train][INFO] - [DATASET] gt_remaining_time h=5: torch.Size([1037, 8])
[2024-08-07 17:15:53,794][func.train][INFO] - 

[2024-08-07 17:15:53,795][func.train][INFO] - [DATASET] video_idx: 56
[2024-08-07 17:15:53,934][func.train][INFO] - [DATASET] Sampled video_idx: 56 at 25 fps to 1834 frames
[2024-08-07 17:15:53,935][func.train][INFO] - [DATASET] video 56 phase_labels: torch.Size([1834])
[2024-08-07 17:15:54,010][func.train][INFO] - [DATASET] gt_remaining_time h=5: torch.Size([1834, 8])
[2024-08-07 17:15:54,011][func.train][INFO] - 

[2024-08-07 17:15:54,011][func.train][INFO] - [DATASET] video_idx: 57
[2024-08-07 17:15:54,158][func.train][INFO] - [DATASET] Sampled video_idx: 57 at 25 fps to 2632 frames
[2024-08-07 17:15:54,159][func.train][INFO] - [DATASET] video 57 phase_labels: torch.Size([2632])
[2024-08-07 17:15:54,260][func.train][INFO] - [DATASET] gt_remaining_time h=5: torch.Size([2632, 8])
[2024-08-07 17:15:54,260][func.train][INFO] - 

[2024-08-07 17:15:54,260][func.train][INFO] - [DATASET] video_idx: 58
[2024-08-07 17:15:54,415][func.train][INFO] - [DATASET] Sampled video_idx: 58 at 25 fps to 5993 frames
[2024-08-07 17:15:54,416][func.train][INFO] - [DATASET] video 58 phase_labels: torch.Size([5993])
[2024-08-07 17:15:54,609][func.train][INFO] - [DATASET] gt_remaining_time h=5: torch.Size([5993, 8])
[2024-08-07 17:15:54,609][func.train][INFO] - 

[2024-08-07 17:15:54,609][func.train][INFO] - [DATASET] video_idx: 59
[2024-08-07 17:15:54,741][func.train][INFO] - [DATASET] Sampled video_idx: 59 at 25 fps to 1046 frames
[2024-08-07 17:15:54,741][func.train][INFO] - [DATASET] video 59 phase_labels: torch.Size([1046])
[2024-08-07 17:15:54,804][func.train][INFO] - [DATASET] gt_remaining_time h=5: torch.Size([1046, 8])
[2024-08-07 17:15:54,805][func.train][INFO] - 

[2024-08-07 17:15:54,805][func.train][INFO] - [DATASET] video_idx: 60
[2024-08-07 17:15:54,942][func.train][INFO] - [DATASET] Sampled video_idx: 60 at 25 fps to 2532 frames
[2024-08-07 17:15:54,942][func.train][INFO] - [DATASET] video 60 phase_labels: torch.Size([2532])
[2024-08-07 17:15:55,042][func.train][INFO] - [DATASET] gt_remaining_time h=5: torch.Size([2532, 8])
[2024-08-07 17:15:55,043][func.train][INFO] - 

[2024-08-07 17:15:55,043][func.train][INFO] - [DATASET] number of train videos: 60
[2024-08-07 17:15:55,043][func.train][INFO] - [DATASET] avg video length: 38.02 minutes
[2024-08-07 17:15:55,058][func.train][INFO] - [DATASET] num classes at 1fps in train: (136873,)
[2024-08-07 17:15:55,059][func.train][INFO] - [DATASET] classes_counts_dict: {0: 6410, 1: 57370, 2: 11129, 3: 39289, 4: 5529, 5: 12039, 6: 5107}
[2024-08-07 17:15:55,061][func.train][INFO] - [DATASET] curr_class_weights: tensor([3.0504, 0.3408, 1.7570, 0.4977, 3.5365, 1.6242, 3.8287])
[2024-08-07 17:15:55,061][func.train][INFO] - [DATASET] num_eos_vals: 19553.285714285714
[2024-08-07 17:15:55,061][func.train][INFO] - [DATASET] classes_counts_dict: {0: 6410, 1: 57370, 2: 11129, 3: 39289, 4: 5529, 5: 12039, 6: 5107, 7: 19553}
[2024-08-07 17:15:55,062][func.train][INFO] - [DATASET] next_class_weights: tensor([3.0504, 0.3408, 1.7570, 0.4977, 3.5365, 1.6242, 3.8287, 1.0000])
[2024-08-07 17:15:56,764][func.train][INFO] - [DATASET] df unique videos: [1 2 3 4 5 6 7 8 9 10 11 12 13 14 15 16 17 18 19 20 21 22 23 24 25 26 27
 28 29 30 31 32 33 34 35 36 37 38 39 40 41 42 43 44 45 46 47 48 49 50 51
 52 53 54 55 56 57 58 59 60 61 62 63 64 65 66 67 68 69 70 71 72 73 74 75
 76 77 78 79 80]
[2024-08-07 17:15:56,764][func.train][INFO] - [DATASET] split: test video_indices: [61]
[2024-08-07 17:15:56,868][func.train][INFO] - [DATASET] test size: 110226
[2024-08-07 17:15:56,869][func.train][INFO] - [DATASET] test video_indices: [61]
[2024-08-07 17:15:56,869][func.train][INFO] - [DATASET] video_idx: 61
[2024-08-07 17:15:56,895][func.train][INFO] - [DATASET] Sampled video_idx: 61 at 25 fps to 4409 frames
[2024-08-07 17:15:56,896][func.train][INFO] - [DATASET] video 61 phase_labels: torch.Size([4409])
[2024-08-07 17:15:57,058][func.train][INFO] - [DATASET] gt_remaining_time h=5: torch.Size([4409, 8])
[2024-08-07 17:15:57,058][func.train][INFO] - 

[2024-08-07 17:15:57,059][func.train][INFO] - [DATASET] number of test videos: 1
[2024-08-07 17:15:57,059][func.train][INFO] - [DATASET] avg video length: 73.48 minutes
[2024-08-07 17:15:58,627][func.train][INFO] - [DATASET] df unique videos: [1 2 3 4 5 6 7 8 9 10 11 12 13 14 15 16 17 18 19 20 21 22 23 24 25 26 27
 28 29 30 31 32 33 34 35 36 37 38 39 40 41 42 43 44 45 46 47 48 49 50 51
 52 53 54 55 56 57 58 59 60 61 62 63 64 65 66 67 68 69 70 71 72 73 74 75
 76 77 78 79 80]
[2024-08-07 17:15:58,628][func.train][INFO] - [DATASET] split: test video_indices: [62]
[2024-08-07 17:15:58,706][func.train][INFO] - [DATASET] test size: 50801
[2024-08-07 17:15:58,706][func.train][INFO] - [DATASET] test video_indices: [62]
[2024-08-07 17:15:58,706][func.train][INFO] - [DATASET] video_idx: 62
[2024-08-07 17:15:58,716][func.train][INFO] - [DATASET] Sampled video_idx: 62 at 25 fps to 2032 frames
[2024-08-07 17:15:58,717][func.train][INFO] - [DATASET] video 62 phase_labels: torch.Size([2032])
[2024-08-07 17:15:58,809][func.train][INFO] - [DATASET] gt_remaining_time h=5: torch.Size([2032, 8])
[2024-08-07 17:15:58,810][func.train][INFO] - 

[2024-08-07 17:15:58,810][func.train][INFO] - [DATASET] number of test videos: 1
[2024-08-07 17:15:58,810][func.train][INFO] - [DATASET] avg video length: 33.87 minutes
[2024-08-07 17:16:00,453][func.train][INFO] - [DATASET] df unique videos: [1 2 3 4 5 6 7 8 9 10 11 12 13 14 15 16 17 18 19 20 21 22 23 24 25 26 27
 28 29 30 31 32 33 34 35 36 37 38 39 40 41 42 43 44 45 46 47 48 49 50 51
 52 53 54 55 56 57 58 59 60 61 62 63 64 65 66 67 68 69 70 71 72 73 74 75
 76 77 78 79 80]
[2024-08-07 17:16:00,453][func.train][INFO] - [DATASET] split: test video_indices: [63]
[2024-08-07 17:16:00,551][func.train][INFO] - [DATASET] test size: 85826
[2024-08-07 17:16:00,552][func.train][INFO] - [DATASET] test video_indices: [63]
[2024-08-07 17:16:00,552][func.train][INFO] - [DATASET] video_idx: 63
[2024-08-07 17:16:00,571][func.train][INFO] - [DATASET] Sampled video_idx: 63 at 25 fps to 3433 frames
[2024-08-07 17:16:00,572][func.train][INFO] - [DATASET] video 63 phase_labels: torch.Size([3433])
[2024-08-07 17:16:00,701][func.train][INFO] - [DATASET] gt_remaining_time h=5: torch.Size([3433, 8])
[2024-08-07 17:16:00,701][func.train][INFO] - 

[2024-08-07 17:16:00,702][func.train][INFO] - [DATASET] number of test videos: 1
[2024-08-07 17:16:00,702][func.train][INFO] - [DATASET] avg video length: 57.22 minutes
[2024-08-07 17:16:02,359][func.train][INFO] - [DATASET] df unique videos: [1 2 3 4 5 6 7 8 9 10 11 12 13 14 15 16 17 18 19 20 21 22 23 24 25 26 27
 28 29 30 31 32 33 34 35 36 37 38 39 40 41 42 43 44 45 46 47 48 49 50 51
 52 53 54 55 56 57 58 59 60 61 62 63 64 65 66 67 68 69 70 71 72 73 74 75
 76 77 78 79 80]
[2024-08-07 17:16:02,359][func.train][INFO] - [DATASET] split: test video_indices: [64]
[2024-08-07 17:16:02,436][func.train][INFO] - [DATASET] test size: 59951
[2024-08-07 17:16:02,436][func.train][INFO] - [DATASET] test video_indices: [64]
[2024-08-07 17:16:02,436][func.train][INFO] - [DATASET] video_idx: 64
[2024-08-07 17:16:02,448][func.train][INFO] - [DATASET] Sampled video_idx: 64 at 25 fps to 2398 frames
[2024-08-07 17:16:02,449][func.train][INFO] - [DATASET] video 64 phase_labels: torch.Size([2398])
[2024-08-07 17:16:02,549][func.train][INFO] - [DATASET] gt_remaining_time h=5: torch.Size([2398, 8])
[2024-08-07 17:16:02,550][func.train][INFO] - 

[2024-08-07 17:16:02,550][func.train][INFO] - [DATASET] number of test videos: 1
[2024-08-07 17:16:02,550][func.train][INFO] - [DATASET] avg video length: 39.97 minutes
[2024-08-07 17:16:04,187][func.train][INFO] - [DATASET] df unique videos: [1 2 3 4 5 6 7 8 9 10 11 12 13 14 15 16 17 18 19 20 21 22 23 24 25 26 27
 28 29 30 31 32 33 34 35 36 37 38 39 40 41 42 43 44 45 46 47 48 49 50 51
 52 53 54 55 56 57 58 59 60 61 62 63 64 65 66 67 68 69 70 71 72 73 74 75
 76 77 78 79 80]
[2024-08-07 17:16:04,187][func.train][INFO] - [DATASET] split: test video_indices: [65]
[2024-08-07 17:16:04,269][func.train][INFO] - [DATASET] test size: 46826
[2024-08-07 17:16:04,269][func.train][INFO] - [DATASET] test video_indices: [65]
[2024-08-07 17:16:04,269][func.train][INFO] - [DATASET] video_idx: 65
[2024-08-07 17:16:04,278][func.train][INFO] - [DATASET] Sampled video_idx: 65 at 25 fps to 1873 frames
[2024-08-07 17:16:04,279][func.train][INFO] - [DATASET] video 65 phase_labels: torch.Size([1873])
[2024-08-07 17:16:04,370][func.train][INFO] - [DATASET] gt_remaining_time h=5: torch.Size([1873, 8])
[2024-08-07 17:16:04,370][func.train][INFO] - 

[2024-08-07 17:16:04,370][func.train][INFO] - [DATASET] number of test videos: 1
[2024-08-07 17:16:04,371][func.train][INFO] - [DATASET] avg video length: 31.22 minutes
[2024-08-07 17:16:06,078][func.train][INFO] - [DATASET] df unique videos: [1 2 3 4 5 6 7 8 9 10 11 12 13 14 15 16 17 18 19 20 21 22 23 24 25 26 27
 28 29 30 31 32 33 34 35 36 37 38 39 40 41 42 43 44 45 46 47 48 49 50 51
 52 53 54 55 56 57 58 59 60 61 62 63 64 65 66 67 68 69 70 71 72 73 74 75
 76 77 78 79 80]
[2024-08-07 17:16:06,078][func.train][INFO] - [DATASET] split: test video_indices: [66]
[2024-08-07 17:16:06,164][func.train][INFO] - [DATASET] test size: 45601
[2024-08-07 17:16:06,164][func.train][INFO] - [DATASET] test video_indices: [66]
[2024-08-07 17:16:06,164][func.train][INFO] - [DATASET] video_idx: 66
[2024-08-07 17:16:06,176][func.train][INFO] - [DATASET] Sampled video_idx: 66 at 25 fps to 1824 frames
[2024-08-07 17:16:06,176][func.train][INFO] - [DATASET] video 66 phase_labels: torch.Size([1824])
[2024-08-07 17:16:06,275][func.train][INFO] - [DATASET] gt_remaining_time h=5: torch.Size([1824, 8])
[2024-08-07 17:16:06,276][func.train][INFO] - 

[2024-08-07 17:16:06,276][func.train][INFO] - [DATASET] number of test videos: 1
[2024-08-07 17:16:06,276][func.train][INFO] - [DATASET] avg video length: 30.40 minutes
[2024-08-07 17:16:07,881][func.train][INFO] - [DATASET] df unique videos: [1 2 3 4 5 6 7 8 9 10 11 12 13 14 15 16 17 18 19 20 21 22 23 24 25 26 27
 28 29 30 31 32 33 34 35 36 37 38 39 40 41 42 43 44 45 46 47 48 49 50 51
 52 53 54 55 56 57 58 59 60 61 62 63 64 65 66 67 68 69 70 71 72 73 74 75
 76 77 78 79 80]
[2024-08-07 17:16:07,882][func.train][INFO] - [DATASET] split: test video_indices: [67]
[2024-08-07 17:16:07,965][func.train][INFO] - [DATASET] test size: 58826
[2024-08-07 17:16:07,965][func.train][INFO] - [DATASET] test video_indices: [67]
[2024-08-07 17:16:07,965][func.train][INFO] - [DATASET] video_idx: 67
[2024-08-07 17:16:07,977][func.train][INFO] - [DATASET] Sampled video_idx: 67 at 25 fps to 2353 frames
[2024-08-07 17:16:07,978][func.train][INFO] - [DATASET] video 67 phase_labels: torch.Size([2353])
[2024-08-07 17:16:08,083][func.train][INFO] - [DATASET] gt_remaining_time h=5: torch.Size([2353, 8])
[2024-08-07 17:16:08,083][func.train][INFO] - 

[2024-08-07 17:16:08,083][func.train][INFO] - [DATASET] number of test videos: 1
[2024-08-07 17:16:08,084][func.train][INFO] - [DATASET] avg video length: 39.22 minutes
[2024-08-07 17:16:09,757][func.train][INFO] - [DATASET] df unique videos: [1 2 3 4 5 6 7 8 9 10 11 12 13 14 15 16 17 18 19 20 21 22 23 24 25 26 27
 28 29 30 31 32 33 34 35 36 37 38 39 40 41 42 43 44 45 46 47 48 49 50 51
 52 53 54 55 56 57 58 59 60 61 62 63 64 65 66 67 68 69 70 71 72 73 74 75
 76 77 78 79 80]
[2024-08-07 17:16:09,757][func.train][INFO] - [DATASET] split: test video_indices: [68]
[2024-08-07 17:16:09,837][func.train][INFO] - [DATASET] test size: 49301
[2024-08-07 17:16:09,837][func.train][INFO] - [DATASET] test video_indices: [68]
[2024-08-07 17:16:09,837][func.train][INFO] - [DATASET] video_idx: 68
[2024-08-07 17:16:09,847][func.train][INFO] - [DATASET] Sampled video_idx: 68 at 25 fps to 1972 frames
[2024-08-07 17:16:09,848][func.train][INFO] - [DATASET] video 68 phase_labels: torch.Size([1972])
[2024-08-07 17:16:09,946][func.train][INFO] - [DATASET] gt_remaining_time h=5: torch.Size([1972, 8])
[2024-08-07 17:16:09,947][func.train][INFO] - 

[2024-08-07 17:16:09,947][func.train][INFO] - [DATASET] number of test videos: 1
[2024-08-07 17:16:09,947][func.train][INFO] - [DATASET] avg video length: 32.87 minutes
[2024-08-07 17:16:11,581][func.train][INFO] - [DATASET] df unique videos: [1 2 3 4 5 6 7 8 9 10 11 12 13 14 15 16 17 18 19 20 21 22 23 24 25 26 27
 28 29 30 31 32 33 34 35 36 37 38 39 40 41 42 43 44 45 46 47 48 49 50 51
 52 53 54 55 56 57 58 59 60 61 62 63 64 65 66 67 68 69 70 71 72 73 74 75
 76 77 78 79 80]
[2024-08-07 17:16:11,581][func.train][INFO] - [DATASET] split: test video_indices: [69]
[2024-08-07 17:16:11,686][func.train][INFO] - [DATASET] test size: 114376
[2024-08-07 17:16:11,686][func.train][INFO] - [DATASET] test video_indices: [69]
[2024-08-07 17:16:11,686][func.train][INFO] - [DATASET] video_idx: 69
[2024-08-07 17:16:11,709][func.train][INFO] - [DATASET] Sampled video_idx: 69 at 25 fps to 4575 frames
[2024-08-07 17:16:11,710][func.train][INFO] - [DATASET] video 69 phase_labels: torch.Size([4575])
[2024-08-07 17:16:11,853][func.train][INFO] - [DATASET] gt_remaining_time h=5: torch.Size([4575, 8])
[2024-08-07 17:16:11,853][func.train][INFO] - 

[2024-08-07 17:16:11,854][func.train][INFO] - [DATASET] number of test videos: 1
[2024-08-07 17:16:11,854][func.train][INFO] - [DATASET] avg video length: 76.25 minutes
[2024-08-07 17:16:13,559][func.train][INFO] - [DATASET] df unique videos: [1 2 3 4 5 6 7 8 9 10 11 12 13 14 15 16 17 18 19 20 21 22 23 24 25 26 27
 28 29 30 31 32 33 34 35 36 37 38 39 40 41 42 43 44 45 46 47 48 49 50 51
 52 53 54 55 56 57 58 59 60 61 62 63 64 65 66 67 68 69 70 71 72 73 74 75
 76 77 78 79 80]
[2024-08-07 17:16:13,560][func.train][INFO] - [DATASET] split: test video_indices: [70]
[2024-08-07 17:16:13,631][func.train][INFO] - [DATASET] test size: 29851
[2024-08-07 17:16:13,631][func.train][INFO] - [DATASET] test video_indices: [70]
[2024-08-07 17:16:13,631][func.train][INFO] - [DATASET] video_idx: 70
[2024-08-07 17:16:13,637][func.train][INFO] - [DATASET] Sampled video_idx: 70 at 25 fps to 1194 frames
[2024-08-07 17:16:13,638][func.train][INFO] - [DATASET] video 70 phase_labels: torch.Size([1194])
[2024-08-07 17:16:13,715][func.train][INFO] - [DATASET] gt_remaining_time h=5: torch.Size([1194, 8])
[2024-08-07 17:16:13,715][func.train][INFO] - 

[2024-08-07 17:16:13,715][func.train][INFO] - [DATASET] number of test videos: 1
[2024-08-07 17:16:13,715][func.train][INFO] - [DATASET] avg video length: 19.90 minutes
[2024-08-07 17:16:15,358][func.train][INFO] - [DATASET] df unique videos: [1 2 3 4 5 6 7 8 9 10 11 12 13 14 15 16 17 18 19 20 21 22 23 24 25 26 27
 28 29 30 31 32 33 34 35 36 37 38 39 40 41 42 43 44 45 46 47 48 49 50 51
 52 53 54 55 56 57 58 59 60 61 62 63 64 65 66 67 68 69 70 71 72 73 74 75
 76 77 78 79 80]
[2024-08-07 17:16:15,359][func.train][INFO] - [DATASET] split: test video_indices: [71]
[2024-08-07 17:16:15,441][func.train][INFO] - [DATASET] test size: 62876
[2024-08-07 17:16:15,441][func.train][INFO] - [DATASET] test video_indices: [71]
[2024-08-07 17:16:15,441][func.train][INFO] - [DATASET] video_idx: 71
[2024-08-07 17:16:15,452][func.train][INFO] - [DATASET] Sampled video_idx: 71 at 25 fps to 2515 frames
[2024-08-07 17:16:15,453][func.train][INFO] - [DATASET] video 71 phase_labels: torch.Size([2515])
[2024-08-07 17:16:15,549][func.train][INFO] - [DATASET] gt_remaining_time h=5: torch.Size([2515, 8])
[2024-08-07 17:16:15,550][func.train][INFO] - 

[2024-08-07 17:16:15,550][func.train][INFO] - [DATASET] number of test videos: 1
[2024-08-07 17:16:15,550][func.train][INFO] - [DATASET] avg video length: 41.92 minutes
[2024-08-07 17:16:17,183][func.train][INFO] - [DATASET] df unique videos: [1 2 3 4 5 6 7 8 9 10 11 12 13 14 15 16 17 18 19 20 21 22 23 24 25 26 27
 28 29 30 31 32 33 34 35 36 37 38 39 40 41 42 43 44 45 46 47 48 49 50 51
 52 53 54 55 56 57 58 59 60 61 62 63 64 65 66 67 68 69 70 71 72 73 74 75
 76 77 78 79 80]
[2024-08-07 17:16:17,183][func.train][INFO] - [DATASET] split: test video_indices: [72]
[2024-08-07 17:16:17,268][func.train][INFO] - [DATASET] test size: 77651
[2024-08-07 17:16:17,269][func.train][INFO] - [DATASET] test video_indices: [72]
[2024-08-07 17:16:17,269][func.train][INFO] - [DATASET] video_idx: 72
[2024-08-07 17:16:17,283][func.train][INFO] - [DATASET] Sampled video_idx: 72 at 25 fps to 3106 frames
[2024-08-07 17:16:17,284][func.train][INFO] - [DATASET] video 72 phase_labels: torch.Size([3106])
[2024-08-07 17:16:17,400][func.train][INFO] - [DATASET] gt_remaining_time h=5: torch.Size([3106, 8])
[2024-08-07 17:16:17,401][func.train][INFO] - 

[2024-08-07 17:16:17,401][func.train][INFO] - [DATASET] number of test videos: 1
[2024-08-07 17:16:17,401][func.train][INFO] - [DATASET] avg video length: 51.77 minutes
[2024-08-07 17:16:18,982][func.train][INFO] - [DATASET] df unique videos: [1 2 3 4 5 6 7 8 9 10 11 12 13 14 15 16 17 18 19 20 21 22 23 24 25 26 27
 28 29 30 31 32 33 34 35 36 37 38 39 40 41 42 43 44 45 46 47 48 49 50 51
 52 53 54 55 56 57 58 59 60 61 62 63 64 65 66 67 68 69 70 71 72 73 74 75
 76 77 78 79 80]
[2024-08-07 17:16:18,983][func.train][INFO] - [DATASET] split: test video_indices: [73]
[2024-08-07 17:16:19,055][func.train][INFO] - [DATASET] test size: 33901
[2024-08-07 17:16:19,055][func.train][INFO] - [DATASET] test video_indices: [73]
[2024-08-07 17:16:19,056][func.train][INFO] - [DATASET] video_idx: 73
[2024-08-07 17:16:19,062][func.train][INFO] - [DATASET] Sampled video_idx: 73 at 25 fps to 1356 frames
[2024-08-07 17:16:19,063][func.train][INFO] - [DATASET] video 73 phase_labels: torch.Size([1356])
[2024-08-07 17:16:19,146][func.train][INFO] - [DATASET] gt_remaining_time h=5: torch.Size([1356, 8])
[2024-08-07 17:16:19,146][func.train][INFO] - 

[2024-08-07 17:16:19,146][func.train][INFO] - [DATASET] number of test videos: 1
[2024-08-07 17:16:19,147][func.train][INFO] - [DATASET] avg video length: 22.60 minutes
[2024-08-07 17:16:20,777][func.train][INFO] - [DATASET] df unique videos: [1 2 3 4 5 6 7 8 9 10 11 12 13 14 15 16 17 18 19 20 21 22 23 24 25 26 27
 28 29 30 31 32 33 34 35 36 37 38 39 40 41 42 43 44 45 46 47 48 49 50 51
 52 53 54 55 56 57 58 59 60 61 62 63 64 65 66 67 68 69 70 71 72 73 74 75
 76 77 78 79 80]
[2024-08-07 17:16:20,777][func.train][INFO] - [DATASET] split: test video_indices: [74]
[2024-08-07 17:16:20,858][func.train][INFO] - [DATASET] test size: 40851
[2024-08-07 17:16:20,858][func.train][INFO] - [DATASET] test video_indices: [74]
[2024-08-07 17:16:20,859][func.train][INFO] - [DATASET] video_idx: 74
[2024-08-07 17:16:20,867][func.train][INFO] - [DATASET] Sampled video_idx: 74 at 25 fps to 1634 frames
[2024-08-07 17:16:20,868][func.train][INFO] - [DATASET] video 74 phase_labels: torch.Size([1634])
[2024-08-07 17:16:20,966][func.train][INFO] - [DATASET] gt_remaining_time h=5: torch.Size([1634, 8])
[2024-08-07 17:16:20,967][func.train][INFO] - 

[2024-08-07 17:16:20,967][func.train][INFO] - [DATASET] number of test videos: 1
[2024-08-07 17:16:20,967][func.train][INFO] - [DATASET] avg video length: 27.23 minutes
[2024-08-07 17:16:22,586][func.train][INFO] - [DATASET] df unique videos: [1 2 3 4 5 6 7 8 9 10 11 12 13 14 15 16 17 18 19 20 21 22 23 24 25 26 27
 28 29 30 31 32 33 34 35 36 37 38 39 40 41 42 43 44 45 46 47 48 49 50 51
 52 53 54 55 56 57 58 59 60 61 62 63 64 65 66 67 68 69 70 71 72 73 74 75
 76 77 78 79 80]
[2024-08-07 17:16:22,587][func.train][INFO] - [DATASET] split: test video_indices: [75]
[2024-08-07 17:16:22,667][func.train][INFO] - [DATASET] test size: 48076
[2024-08-07 17:16:22,667][func.train][INFO] - [DATASET] test video_indices: [75]
[2024-08-07 17:16:22,667][func.train][INFO] - [DATASET] video_idx: 75
[2024-08-07 17:16:22,676][func.train][INFO] - [DATASET] Sampled video_idx: 75 at 25 fps to 1923 frames
[2024-08-07 17:16:22,677][func.train][INFO] - [DATASET] video 75 phase_labels: torch.Size([1923])
[2024-08-07 17:16:22,761][func.train][INFO] - [DATASET] gt_remaining_time h=5: torch.Size([1923, 8])
[2024-08-07 17:16:22,761][func.train][INFO] - 

[2024-08-07 17:16:22,762][func.train][INFO] - [DATASET] number of test videos: 1
[2024-08-07 17:16:22,762][func.train][INFO] - [DATASET] avg video length: 32.05 minutes
[2024-08-07 17:16:24,261][func.train][INFO] - [DATASET] df unique videos: [1 2 3 4 5 6 7 8 9 10 11 12 13 14 15 16 17 18 19 20 21 22 23 24 25 26 27
 28 29 30 31 32 33 34 35 36 37 38 39 40 41 42 43 44 45 46 47 48 49 50 51
 52 53 54 55 56 57 58 59 60 61 62 63 64 65 66 67 68 69 70 71 72 73 74 75
 76 77 78 79 80]
[2024-08-07 17:16:24,262][func.train][INFO] - [DATASET] split: test video_indices: [76]
[2024-08-07 17:16:24,336][func.train][INFO] - [DATASET] test size: 66226
[2024-08-07 17:16:24,336][func.train][INFO] - [DATASET] test video_indices: [76]
[2024-08-07 17:16:24,336][func.train][INFO] - [DATASET] video_idx: 76
[2024-08-07 17:16:24,357][func.train][INFO] - [DATASET] Sampled video_idx: 76 at 25 fps to 2649 frames
[2024-08-07 17:16:24,358][func.train][INFO] - [DATASET] video 76 phase_labels: torch.Size([2649])
[2024-08-07 17:16:24,467][func.train][INFO] - [DATASET] gt_remaining_time h=5: torch.Size([2649, 8])
[2024-08-07 17:16:24,468][func.train][INFO] - 

[2024-08-07 17:16:24,468][func.train][INFO] - [DATASET] number of test videos: 1
[2024-08-07 17:16:24,468][func.train][INFO] - [DATASET] avg video length: 44.15 minutes
[2024-08-07 17:16:26,082][func.train][INFO] - [DATASET] df unique videos: [1 2 3 4 5 6 7 8 9 10 11 12 13 14 15 16 17 18 19 20 21 22 23 24 25 26 27
 28 29 30 31 32 33 34 35 36 37 38 39 40 41 42 43 44 45 46 47 48 49 50 51
 52 53 54 55 56 57 58 59 60 61 62 63 64 65 66 67 68 69 70 71 72 73 74 75
 76 77 78 79 80]
[2024-08-07 17:16:26,083][func.train][INFO] - [DATASET] split: test video_indices: [77]
[2024-08-07 17:16:26,166][func.train][INFO] - [DATASET] test size: 62551
[2024-08-07 17:16:26,166][func.train][INFO] - [DATASET] test video_indices: [77]
[2024-08-07 17:16:26,166][func.train][INFO] - [DATASET] video_idx: 77
[2024-08-07 17:16:26,178][func.train][INFO] - [DATASET] Sampled video_idx: 77 at 25 fps to 2502 frames
[2024-08-07 17:16:26,178][func.train][INFO] - [DATASET] video 77 phase_labels: torch.Size([2502])
[2024-08-07 17:16:26,287][func.train][INFO] - [DATASET] gt_remaining_time h=5: torch.Size([2502, 8])
[2024-08-07 17:16:26,288][func.train][INFO] - 

[2024-08-07 17:16:26,288][func.train][INFO] - [DATASET] number of test videos: 1
[2024-08-07 17:16:26,288][func.train][INFO] - [DATASET] avg video length: 41.70 minutes
[2024-08-07 17:16:27,908][func.train][INFO] - [DATASET] df unique videos: [1 2 3 4 5 6 7 8 9 10 11 12 13 14 15 16 17 18 19 20 21 22 23 24 25 26 27
 28 29 30 31 32 33 34 35 36 37 38 39 40 41 42 43 44 45 46 47 48 49 50 51
 52 53 54 55 56 57 58 59 60 61 62 63 64 65 66 67 68 69 70 71 72 73 74 75
 76 77 78 79 80]
[2024-08-07 17:16:27,908][func.train][INFO] - [DATASET] split: test video_indices: [78]
[2024-08-07 17:16:27,976][func.train][INFO] - [DATASET] test size: 18476
[2024-08-07 17:16:27,977][func.train][INFO] - [DATASET] test video_indices: [78]
[2024-08-07 17:16:27,977][func.train][INFO] - [DATASET] video_idx: 78
[2024-08-07 17:16:27,981][func.train][INFO] - [DATASET] Sampled video_idx: 78 at 25 fps to 739 frames
[2024-08-07 17:16:27,982][func.train][INFO] - [DATASET] video 78 phase_labels: torch.Size([739])
[2024-08-07 17:16:28,050][func.train][INFO] - [DATASET] gt_remaining_time h=5: torch.Size([739, 8])
[2024-08-07 17:16:28,051][func.train][INFO] - 

[2024-08-07 17:16:28,051][func.train][INFO] - [DATASET] number of test videos: 1
[2024-08-07 17:16:28,051][func.train][INFO] - [DATASET] avg video length: 12.32 minutes
[2024-08-07 17:16:29,603][func.train][INFO] - [DATASET] df unique videos: [1 2 3 4 5 6 7 8 9 10 11 12 13 14 15 16 17 18 19 20 21 22 23 24 25 26 27
 28 29 30 31 32 33 34 35 36 37 38 39 40 41 42 43 44 45 46 47 48 49 50 51
 52 53 54 55 56 57 58 59 60 61 62 63 64 65 66 67 68 69 70 71 72 73 74 75
 76 77 78 79 80]
[2024-08-07 17:16:29,603][func.train][INFO] - [DATASET] split: test video_indices: [79]
[2024-08-07 17:16:29,694][func.train][INFO] - [DATASET] test size: 85351
[2024-08-07 17:16:29,695][func.train][INFO] - [DATASET] test video_indices: [79]
[2024-08-07 17:16:29,695][func.train][INFO] - [DATASET] video_idx: 79
[2024-08-07 17:16:29,714][func.train][INFO] - [DATASET] Sampled video_idx: 79 at 25 fps to 3414 frames
[2024-08-07 17:16:29,715][func.train][INFO] - [DATASET] video 79 phase_labels: torch.Size([3414])
[2024-08-07 17:16:29,811][func.train][INFO] - [DATASET] gt_remaining_time h=5: torch.Size([3414, 8])
[2024-08-07 17:16:29,812][func.train][INFO] - 

[2024-08-07 17:16:29,812][func.train][INFO] - [DATASET] number of test videos: 1
[2024-08-07 17:16:29,812][func.train][INFO] - [DATASET] avg video length: 56.90 minutes
[2024-08-07 17:16:31,427][func.train][INFO] - [DATASET] df unique videos: [1 2 3 4 5 6 7 8 9 10 11 12 13 14 15 16 17 18 19 20 21 22 23 24 25 26 27
 28 29 30 31 32 33 34 35 36 37 38 39 40 41 42 43 44 45 46 47 48 49 50 51
 52 53 54 55 56 57 58 59 60 61 62 63 64 65 66 67 68 69 70 71 72 73 74 75
 76 77 78 79 80]
[2024-08-07 17:16:31,427][func.train][INFO] - [DATASET] split: test video_indices: [80]
[2024-08-07 17:16:31,504][func.train][INFO] - [DATASET] test size: 43101
[2024-08-07 17:16:31,504][func.train][INFO] - [DATASET] test video_indices: [80]
[2024-08-07 17:16:31,505][func.train][INFO] - [DATASET] video_idx: 80
[2024-08-07 17:16:31,512][func.train][INFO] - [DATASET] Sampled video_idx: 80 at 25 fps to 1724 frames
[2024-08-07 17:16:31,513][func.train][INFO] - [DATASET] video 80 phase_labels: torch.Size([1724])
[2024-08-07 17:16:31,589][func.train][INFO] - [DATASET] gt_remaining_time h=5: torch.Size([1724, 8])
[2024-08-07 17:16:31,589][func.train][INFO] - 

[2024-08-07 17:16:31,590][func.train][INFO] - [DATASET] number of test videos: 1
[2024-08-07 17:16:31,590][func.train][INFO] - [DATASET] avg video length: 28.73 minutes
[2024-08-07 17:16:31,591][func.train][INFO] - Time to load datasets: 0.98 min
[2024-08-07 17:16:31,592][func.train][INFO] - Creating data loaders
[2024-08-07 17:16:31,595][func.train][INFO] - Creating model with {'one': 7} classes
[2024-08-07 17:16:32,184][func.train][INFO] - [MAIN] Number of tokens: 136873
[2024-08-07 17:16:32,184][func.train][INFO] - [MAIN] Number of parameters: 22766816
[2024-08-07 17:16:32,184][func.train][INFO] - [MAIN] Token-to-Parameter Ratio is ideally between [1:1 to 10:1]: 0.006012
[2024-08-07 17:16:32,184][func.train][WARNING] - [MAIN] Data-to-Parameter-Ratio is outside the interval [1:1 to 10:1]
[2024-08-07 17:16:32,185][func.train][INFO] - Using LR 0.000300 WD 0.000010 for parameters
[2024-08-07 17:16:32,185][func.train][INFO] - Using LR 0.000300 WD 0.000010 for parameters
[2024-08-07 17:16:32,193][func.train][INFO] - Wrapping model into DP
[2024-08-07 17:16:32,299][func.train][INFO] - Start training
[2024-08-07 17:16:32,304][func.train][INFO] - Storing checkpoints every 60.00 mins
[2024-08-07 17:16:34,296][func.train][INFO] - [TRAINING] Step 0/2139 | Loss: 0.71 | Acc (curr_frames): 0.05 | time-left: 70.97 min
[2024-08-07 17:17:59,958][func.train][INFO] - [TRAINING] Step 100/2139 | Loss: 0.93 | Acc (curr_frames): 0.10 | time-left: 29.48 min
[2024-08-07 17:19:22,994][func.train][INFO] - [TRAINING] Step 200/2139 | Loss: 0.89 | Acc (curr_frames): 0.07 | time-left: 27.43 min
[2024-08-07 17:20:46,769][func.train][INFO] - [TRAINING] Step 300/2139 | Loss: 1.21 | Acc (curr_frames): 0.08 | time-left: 25.90 min
[2024-08-07 17:22:17,719][func.train][INFO] - [TRAINING] Step 400/2139 | Loss: 0.69 | Acc (curr_frames): 0.13 | time-left: 24.95 min
[2024-08-07 17:23:45,219][func.train][INFO] - [TRAINING] Step 500/2139 | Loss: 0.80 | Acc (curr_frames): 0.15 | time-left: 23.59 min
[2024-08-07 17:25:11,351][func.train][INFO] - [TRAINING] Step 600/2139 | Loss: 0.81 | Acc (curr_frames): 0.17 | time-left: 22.14 min
[2024-08-07 17:26:37,215][func.train][INFO] - [TRAINING] Step 700/2139 | Loss: 0.86 | Acc (curr_frames): 0.19 | time-left: 20.68 min
[2024-08-07 17:28:04,475][func.train][INFO] - [TRAINING] Step 800/2139 | Loss: 0.89 | Acc (curr_frames): 0.16 | time-left: 19.27 min
[2024-08-07 17:29:29,666][func.train][INFO] - [TRAINING] Step 900/2139 | Loss: 0.78 | Acc (curr_frames): 0.12 | time-left: 17.80 min
[2024-08-07 17:30:53,992][func.train][INFO] - [TRAINING] Step 1000/2139 | Loss: 0.72 | Acc (curr_frames): 0.17 | time-left: 16.33 min
[2024-08-07 17:32:18,085][func.train][INFO] - [TRAINING] Step 1100/2139 | Loss: 0.80 | Acc (curr_frames): 0.21 | time-left: 14.86 min
[2024-08-07 17:33:46,002][func.train][INFO] - [TRAINING] Step 1200/2139 | Loss: 0.83 | Acc (curr_frames): 0.18 | time-left: 13.46 min
[2024-08-07 17:35:11,348][func.train][INFO] - [TRAINING] Step 1300/2139 | Loss: 0.85 | Acc (curr_frames): 0.25 | time-left: 12.01 min
