[2024-05-15 19:24:55,567][func.train][INFO] - Dist info:
[2024-05-15 19:24:55,568][func.train][INFO] - torch version: 2.2.2+cu121
[2024-05-15 19:24:55,568][func.train][INFO] - torchvision version: 0.17.2+cu121
[2024-05-15 19:24:55,568][func.train][INFO] - hydra version: 1.3.2
[2024-05-15 19:24:55,573][func.train][INFO] - Loading data
[2024-05-15 19:24:55,573][func.train][INFO] - Loading datasets
[2024-05-15 19:24:57,510][func.train][INFO] - [SELECT DATASET] ALL loaded dataframe in 0m 2s
[2024-05-15 19:24:57,510][func.train][INFO] - [SELECT DATASET] ALL loaded dataframe: (4612530, 11)
[2024-05-15 19:24:57,733][func.train][INFO] - [SELECT DATASET] labels are already starting from 0
[2024-05-15 19:24:58,518][func.train][INFO] - [SELECT DATASET] ALL unique classes: [0 1 2 3 4 5 6]
[2024-05-15 19:24:58,540][func.train][INFO] - [SELECT DATASET] aLL dataframe (head):                    image_path class  ... tool_Irrigator tool_SpecimenBag
0  video01/video01_000001.png     0  ...              0                0
1  video01/video01_000002.png     0  ...              0                0
2  video01/video01_000003.png     0  ...              0                0
3  video01/video01_000004.png     0  ...              0                0
4  video01/video01_000005.png     0  ...              0                0

[5 rows x 11 columns]
[2024-05-15 19:24:58,550][func.train][INFO] - [SELECT DATASET] ALL dataframe (tail):                          image_path class  ... tool_Irrigator tool_SpecimenBag
4612525  video80/video80_043097.png     6  ...              0                0
4612526  video80/video80_043098.png     6  ...              0                0
4612527  video80/video80_043099.png     6  ...              0                0
4612528  video80/video80_043100.png     6  ...              0                0
4612529  video80/video80_043101.png     6  ...              0                0

[5 rows x 11 columns]
[2024-05-15 19:24:58,551][func.train][INFO] - [DATASET] params: {'debug': False, 'dataset_name': 'cholec80', 'reduc_feats_folder': 'train_targets_x_mp/', 'num_classes': 7, 'num_next_labels': 6, 'last_seg_class': 7, 'predict_next_phase': True, 'get_target_feats': False, 'replace_current_with_next_class': False}
[2024-05-15 19:25:00,154][func.train][INFO] - [DATASET] df unique videos: [1 2 3 4 5 6 7 8 9 10 11 12 13 14 15 16 17 18 19 20 21 22 23 24 25 26 27
 28 29 30 31 32 33 34 35 36 37 38 39 40 41 42 43 44 45 46 47 48 49 50 51
 52 53 54 55 56 57 58 59 60 61 62 63 64 65 66 67 68 69 70 71 72 73 74 75
 76 77 78 79 80]
[2024-05-15 19:25:00,154][func.train][INFO] - [DATASET] split: train video_indices: [1, 2, 3, 4, 5, 6, 7, 8, 9, 10, 11, 12, 13, 14, 15, 16, 17, 18, 19, 20, 21, 22, 23, 24, 25, 26, 27, 28, 29, 30, 31, 32, 33, 34, 35, 36, 37, 38, 39, 40]
[2024-05-15 19:25:01,682][func.train][INFO] - [DATASET] train size: 2157640
[2024-05-15 19:25:01,683][func.train][INFO] - [DATASET] train video_indices: [1, 2, 3, 4, 5, 6, 7, 8, 9, 10, 11, 12, 13, 14, 15, 16, 17, 18, 19, 20, 21, 22, 23, 24, 25, 26, 27, 28, 29, 30, 31, 32, 33, 34, 35, 36, 37, 38, 39, 40]
[2024-05-15 19:25:01,781][func.train][INFO] - [DATASET] Sampling video_idx: 1 at 25 fps to 1733 frames
[2024-05-15 19:25:01,807][func.train][INFO] - [DATASET] video 1 label_list: torch.Size([1733])
[2024-05-15 19:25:02,182][func.train][INFO] - [DATASET] Sampling video_idx: 2 at 25 fps to 2839 frames
[2024-05-15 19:25:02,183][func.train][INFO] - [DATASET] video 2 label_list: torch.Size([2839])
[2024-05-15 19:25:02,302][func.train][INFO] - [DATASET] Sampling video_idx: 3 at 25 fps to 5828 frames
[2024-05-15 19:25:02,303][func.train][INFO] - [DATASET] video 3 label_list: torch.Size([5828])
[2024-05-15 19:25:02,420][func.train][INFO] - [DATASET] Sampling video_idx: 4 at 25 fps to 1522 frames
[2024-05-15 19:25:02,421][func.train][INFO] - [DATASET] video 4 label_list: torch.Size([1522])
[2024-05-15 19:25:02,535][func.train][INFO] - [DATASET] Sampling video_idx: 5 at 25 fps to 2344 frames
[2024-05-15 19:25:02,536][func.train][INFO] - [DATASET] video 5 label_list: torch.Size([2344])
[2024-05-15 19:25:02,642][func.train][INFO] - [DATASET] Sampling video_idx: 6 at 25 fps to 2153 frames
[2024-05-15 19:25:02,643][func.train][INFO] - [DATASET] video 6 label_list: torch.Size([2153])
[2024-05-15 19:25:02,764][func.train][INFO] - [DATASET] Sampling video_idx: 7 at 25 fps to 4557 frames
[2024-05-15 19:25:02,765][func.train][INFO] - [DATASET] video 7 label_list: torch.Size([4557])
[2024-05-15 19:25:02,882][func.train][INFO] - [DATASET] Sampling video_idx: 8 at 25 fps to 1519 frames
[2024-05-15 19:25:02,883][func.train][INFO] - [DATASET] video 8 label_list: torch.Size([1519])
[2024-05-15 19:25:03,012][func.train][INFO] - [DATASET] Sampling video_idx: 9 at 25 fps to 2702 frames
[2024-05-15 19:25:03,013][func.train][INFO] - [DATASET] video 9 label_list: torch.Size([2702])
[2024-05-15 19:25:03,125][func.train][INFO] - [DATASET] Sampling video_idx: 10 at 25 fps to 1749 frames
[2024-05-15 19:25:03,126][func.train][INFO] - [DATASET] video 10 label_list: torch.Size([1749])
[2024-05-15 19:25:03,251][func.train][INFO] - [DATASET] Sampling video_idx: 11 at 25 fps to 3220 frames
[2024-05-15 19:25:03,252][func.train][INFO] - [DATASET] video 11 label_list: torch.Size([3220])
[2024-05-15 19:25:03,355][func.train][INFO] - [DATASET] Sampling video_idx: 12 at 25 fps to 1090 frames
[2024-05-15 19:25:03,356][func.train][INFO] - [DATASET] video 12 label_list: torch.Size([1090])
[2024-05-15 19:25:03,459][func.train][INFO] - [DATASET] Sampling video_idx: 13 at 25 fps to 981 frames
[2024-05-15 19:25:03,460][func.train][INFO] - [DATASET] video 13 label_list: torch.Size([981])
[2024-05-15 19:25:03,564][func.train][INFO] - [DATASET] Sampling video_idx: 14 at 25 fps to 1708 frames
[2024-05-15 19:25:03,564][func.train][INFO] - [DATASET] video 14 label_list: torch.Size([1708])
[2024-05-15 19:25:03,663][func.train][INFO] - [DATASET] Sampling video_idx: 15 at 25 fps to 2058 frames
[2024-05-15 19:25:03,664][func.train][INFO] - [DATASET] video 15 label_list: torch.Size([2058])
[2024-05-15 19:25:03,766][func.train][INFO] - [DATASET] Sampling video_idx: 16 at 25 fps to 2957 frames
[2024-05-15 19:25:03,767][func.train][INFO] - [DATASET] video 16 label_list: torch.Size([2957])
[2024-05-15 19:25:03,865][func.train][INFO] - [DATASET] Sampling video_idx: 17 at 25 fps to 1304 frames
[2024-05-15 19:25:03,866][func.train][INFO] - [DATASET] video 17 label_list: torch.Size([1304])
[2024-05-15 19:25:03,974][func.train][INFO] - [DATASET] Sampling video_idx: 18 at 25 fps to 1942 frames
[2024-05-15 19:25:03,975][func.train][INFO] - [DATASET] video 18 label_list: torch.Size([1942])
[2024-05-15 19:25:04,093][func.train][INFO] - [DATASET] Sampling video_idx: 19 at 25 fps to 2424 frames
[2024-05-15 19:25:04,094][func.train][INFO] - [DATASET] video 19 label_list: torch.Size([2424])
[2024-05-15 19:25:04,210][func.train][INFO] - [DATASET] Sampling video_idx: 20 at 25 fps to 1449 frames
[2024-05-15 19:25:04,211][func.train][INFO] - [DATASET] video 20 label_list: torch.Size([1449])
[2024-05-15 19:25:04,324][func.train][INFO] - [DATASET] Sampling video_idx: 21 at 25 fps to 1258 frames
[2024-05-15 19:25:04,324][func.train][INFO] - [DATASET] video 21 label_list: torch.Size([1258])
[2024-05-15 19:25:04,429][func.train][INFO] - [DATASET] Sampling video_idx: 22 at 25 fps to 1532 frames
[2024-05-15 19:25:04,429][func.train][INFO] - [DATASET] video 22 label_list: torch.Size([1532])
[2024-05-15 19:25:04,529][func.train][INFO] - [DATASET] Sampling video_idx: 23 at 25 fps to 1635 frames
[2024-05-15 19:25:04,530][func.train][INFO] - [DATASET] video 23 label_list: torch.Size([1635])
[2024-05-15 19:25:04,636][func.train][INFO] - [DATASET] Sampling video_idx: 24 at 25 fps to 1975 frames
[2024-05-15 19:25:04,637][func.train][INFO] - [DATASET] video 24 label_list: torch.Size([1975])
[2024-05-15 19:25:04,741][func.train][INFO] - [DATASET] Sampling video_idx: 25 at 25 fps to 2129 frames
[2024-05-15 19:25:04,741][func.train][INFO] - [DATASET] video 25 label_list: torch.Size([2129])
[2024-05-15 19:25:04,849][func.train][INFO] - [DATASET] Sampling video_idx: 26 at 25 fps to 1773 frames
[2024-05-15 19:25:04,850][func.train][INFO] - [DATASET] video 26 label_list: torch.Size([1773])
[2024-05-15 19:25:04,963][func.train][INFO] - [DATASET] Sampling video_idx: 27 at 25 fps to 2084 frames
[2024-05-15 19:25:04,963][func.train][INFO] - [DATASET] video 27 label_list: torch.Size([2084])
[2024-05-15 19:25:05,066][func.train][INFO] - [DATASET] Sampling video_idx: 28 at 25 fps to 1199 frames
[2024-05-15 19:25:05,066][func.train][INFO] - [DATASET] video 28 label_list: torch.Size([1199])
[2024-05-15 19:25:05,185][func.train][INFO] - [DATASET] Sampling video_idx: 29 at 25 fps to 2350 frames
[2024-05-15 19:25:05,186][func.train][INFO] - [DATASET] video 29 label_list: torch.Size([2350])
[2024-05-15 19:25:05,308][func.train][INFO] - [DATASET] Sampling video_idx: 30 at 25 fps to 2925 frames
[2024-05-15 19:25:05,309][func.train][INFO] - [DATASET] video 30 label_list: torch.Size([2925])
[2024-05-15 19:25:05,434][func.train][INFO] - [DATASET] Sampling video_idx: 31 at 25 fps to 3945 frames
[2024-05-15 19:25:05,435][func.train][INFO] - [DATASET] video 31 label_list: torch.Size([3945])
[2024-05-15 19:25:05,545][func.train][INFO] - [DATASET] Sampling video_idx: 32 at 25 fps to 2116 frames
[2024-05-15 19:25:05,546][func.train][INFO] - [DATASET] video 32 label_list: torch.Size([2116])
[2024-05-15 19:25:05,643][func.train][INFO] - [DATASET] Sampling video_idx: 33 at 25 fps to 1307 frames
[2024-05-15 19:25:05,644][func.train][INFO] - [DATASET] video 33 label_list: torch.Size([1307])
[2024-05-15 19:25:05,743][func.train][INFO] - [DATASET] Sampling video_idx: 34 at 25 fps to 1323 frames
[2024-05-15 19:25:05,744][func.train][INFO] - [DATASET] video 34 label_list: torch.Size([1323])
[2024-05-15 19:25:05,845][func.train][INFO] - [DATASET] Sampling video_idx: 35 at 25 fps to 2106 frames
[2024-05-15 19:25:05,845][func.train][INFO] - [DATASET] video 35 label_list: torch.Size([2106])
[2024-05-15 19:25:05,949][func.train][INFO] - [DATASET] Sampling video_idx: 36 at 25 fps to 2387 frames
[2024-05-15 19:25:05,949][func.train][INFO] - [DATASET] video 36 label_list: torch.Size([2387])
[2024-05-15 19:25:06,049][func.train][INFO] - [DATASET] Sampling video_idx: 37 at 25 fps to 1232 frames
[2024-05-15 19:25:06,050][func.train][INFO] - [DATASET] video 37 label_list: torch.Size([1232])
[2024-05-15 19:25:06,153][func.train][INFO] - [DATASET] Sampling video_idx: 38 at 25 fps to 3080 frames
[2024-05-15 19:25:06,154][func.train][INFO] - [DATASET] video 38 label_list: torch.Size([3080])
[2024-05-15 19:25:06,275][func.train][INFO] - [DATASET] Sampling video_idx: 39 at 25 fps to 1647 frames
[2024-05-15 19:25:06,275][func.train][INFO] - [DATASET] video 39 label_list: torch.Size([1647])
[2024-05-15 19:25:06,394][func.train][INFO] - [DATASET] Sampling video_idx: 40 at 25 fps to 2222 frames
[2024-05-15 19:25:06,395][func.train][INFO] - [DATASET] video 40 label_list: torch.Size([2222])
[2024-05-15 19:25:06,406][func.train][INFO] - [DATASET] number of train videos: 40
[2024-05-15 19:25:06,407][func.train][INFO] - [DATASET] avg video length: 35.96 minutes
[2024-05-15 19:25:06,687][func.train][INFO] - [DATASET] curr_class_weights: tensor([3.2825, 0.3343, 1.6823, 0.5112, 3.3179, 1.7079, 3.7585])
[2024-05-15 19:25:06,687][func.train][INFO] - [DATASET] next_class_weights: tensor([2.9696, 0.3024, 1.5219, 0.4625, 3.0017, 1.5451, 3.4003, 3.8095])
[2024-05-15 19:25:08,179][func.train][INFO] - [DATASET] df unique videos: [1 2 3 4 5 6 7 8 9 10 11 12 13 14 15 16 17 18 19 20 21 22 23 24 25 26 27
 28 29 30 31 32 33 34 35 36 37 38 39 40 41 42 43 44 45 46 47 48 49 50 51
 52 53 54 55 56 57 58 59 60 61 62 63 64 65 66 67 68 69 70 71 72 73 74 75
 76 77 78 79 80]
[2024-05-15 19:25:08,180][func.train][INFO] - [DATASET] split: test video_indices: [41]
[2024-05-15 19:25:08,252][func.train][INFO] - [DATASET] test size: 77576
[2024-05-15 19:25:08,252][func.train][INFO] - [DATASET] test video_indices: [41]
[2024-05-15 19:25:08,269][func.train][INFO] - [DATASET] Sampling video_idx: 41 at 25 fps to 3103 frames
[2024-05-15 19:25:08,270][func.train][INFO] - [DATASET] video 41 label_list: torch.Size([3103])
[2024-05-15 19:25:08,278][func.train][INFO] - [DATASET] number of test videos: 1
[2024-05-15 19:25:08,278][func.train][INFO] - [DATASET] avg video length: 51.72 minutes
[2024-05-15 19:25:09,855][func.train][INFO] - [DATASET] df unique videos: [1 2 3 4 5 6 7 8 9 10 11 12 13 14 15 16 17 18 19 20 21 22 23 24 25 26 27
 28 29 30 31 32 33 34 35 36 37 38 39 40 41 42 43 44 45 46 47 48 49 50 51
 52 53 54 55 56 57 58 59 60 61 62 63 64 65 66 67 68 69 70 71 72 73 74 75
 76 77 78 79 80]
[2024-05-15 19:25:09,856][func.train][INFO] - [DATASET] split: test video_indices: [42]
[2024-05-15 19:25:09,932][func.train][INFO] - [DATASET] test size: 92801
[2024-05-15 19:25:09,932][func.train][INFO] - [DATASET] test video_indices: [42]
[2024-05-15 19:25:09,947][func.train][INFO] - [DATASET] Sampling video_idx: 42 at 25 fps to 3712 frames
[2024-05-15 19:25:09,948][func.train][INFO] - [DATASET] video 42 label_list: torch.Size([3712])
[2024-05-15 19:25:09,958][func.train][INFO] - [DATASET] number of test videos: 1
[2024-05-15 19:25:09,958][func.train][INFO] - [DATASET] avg video length: 61.87 minutes
[2024-05-15 19:25:11,494][func.train][INFO] - [DATASET] df unique videos: [1 2 3 4 5 6 7 8 9 10 11 12 13 14 15 16 17 18 19 20 21 22 23 24 25 26 27
 28 29 30 31 32 33 34 35 36 37 38 39 40 41 42 43 44 45 46 47 48 49 50 51
 52 53 54 55 56 57 58 59 60 61 62 63 64 65 66 67 68 69 70 71 72 73 74 75
 76 77 78 79 80]
[2024-05-15 19:25:11,495][func.train][INFO] - [DATASET] split: test video_indices: [43]
[2024-05-15 19:25:11,571][func.train][INFO] - [DATASET] test size: 59051
[2024-05-15 19:25:11,571][func.train][INFO] - [DATASET] test video_indices: [43]
[2024-05-15 19:25:11,659][func.train][INFO] - [DATASET] Sampling video_idx: 43 at 25 fps to 2362 frames
[2024-05-15 19:25:11,660][func.train][INFO] - [DATASET] video 43 label_list: torch.Size([2362])
[2024-05-15 19:25:11,667][func.train][INFO] - [DATASET] number of test videos: 1
[2024-05-15 19:25:11,668][func.train][INFO] - [DATASET] avg video length: 39.37 minutes
[2024-05-15 19:25:13,168][func.train][INFO] - [DATASET] df unique videos: [1 2 3 4 5 6 7 8 9 10 11 12 13 14 15 16 17 18 19 20 21 22 23 24 25 26 27
 28 29 30 31 32 33 34 35 36 37 38 39 40 41 42 43 44 45 46 47 48 49 50 51
 52 53 54 55 56 57 58 59 60 61 62 63 64 65 66 67 68 69 70 71 72 73 74 75
 76 77 78 79 80]
[2024-05-15 19:25:13,168][func.train][INFO] - [DATASET] split: test video_indices: [44]
[2024-05-15 19:25:13,236][func.train][INFO] - [DATASET] test size: 78176
[2024-05-15 19:25:13,236][func.train][INFO] - [DATASET] test video_indices: [44]
[2024-05-15 19:25:13,249][func.train][INFO] - [DATASET] Sampling video_idx: 44 at 25 fps to 3127 frames
[2024-05-15 19:25:13,249][func.train][INFO] - [DATASET] video 44 label_list: torch.Size([3127])
[2024-05-15 19:25:13,256][func.train][INFO] - [DATASET] number of test videos: 1
[2024-05-15 19:25:13,256][func.train][INFO] - [DATASET] avg video length: 52.12 minutes
[2024-05-15 19:25:14,701][func.train][INFO] - [DATASET] df unique videos: [1 2 3 4 5 6 7 8 9 10 11 12 13 14 15 16 17 18 19 20 21 22 23 24 25 26 27
 28 29 30 31 32 33 34 35 36 37 38 39 40 41 42 43 44 45 46 47 48 49 50 51
 52 53 54 55 56 57 58 59 60 61 62 63 64 65 66 67 68 69 70 71 72 73 74 75
 76 77 78 79 80]
[2024-05-15 19:25:14,701][func.train][INFO] - [DATASET] split: test video_indices: [45]
[2024-05-15 19:25:14,776][func.train][INFO] - [DATASET] test size: 84676
[2024-05-15 19:25:14,776][func.train][INFO] - [DATASET] test video_indices: [45]
[2024-05-15 19:25:14,790][func.train][INFO] - [DATASET] Sampling video_idx: 45 at 25 fps to 3387 frames
[2024-05-15 19:25:14,791][func.train][INFO] - [DATASET] video 45 label_list: torch.Size([3387])
[2024-05-15 19:25:14,797][func.train][INFO] - [DATASET] number of test videos: 1
[2024-05-15 19:25:14,798][func.train][INFO] - [DATASET] avg video length: 56.45 minutes
[2024-05-15 19:25:16,251][func.train][INFO] - [DATASET] df unique videos: [1 2 3 4 5 6 7 8 9 10 11 12 13 14 15 16 17 18 19 20 21 22 23 24 25 26 27
 28 29 30 31 32 33 34 35 36 37 38 39 40 41 42 43 44 45 46 47 48 49 50 51
 52 53 54 55 56 57 58 59 60 61 62 63 64 65 66 67 68 69 70 71 72 73 74 75
 76 77 78 79 80]
[2024-05-15 19:25:16,252][func.train][INFO] - [DATASET] split: test video_indices: [46]
[2024-05-15 19:25:16,317][func.train][INFO] - [DATASET] test size: 41326
[2024-05-15 19:25:16,317][func.train][INFO] - [DATASET] test video_indices: [46]
[2024-05-15 19:25:16,324][func.train][INFO] - [DATASET] Sampling video_idx: 46 at 25 fps to 1653 frames
[2024-05-15 19:25:16,325][func.train][INFO] - [DATASET] video 46 label_list: torch.Size([1653])
[2024-05-15 19:25:16,329][func.train][INFO] - [DATASET] number of test videos: 1
[2024-05-15 19:25:16,329][func.train][INFO] - [DATASET] avg video length: 27.55 minutes
[2024-05-15 19:25:17,758][func.train][INFO] - [DATASET] df unique videos: [1 2 3 4 5 6 7 8 9 10 11 12 13 14 15 16 17 18 19 20 21 22 23 24 25 26 27
 28 29 30 31 32 33 34 35 36 37 38 39 40 41 42 43 44 45 46 47 48 49 50 51
 52 53 54 55 56 57 58 59 60 61 62 63 64 65 66 67 68 69 70 71 72 73 74 75
 76 77 78 79 80]
[2024-05-15 19:25:17,758][func.train][INFO] - [DATASET] split: test video_indices: [47]
[2024-05-15 19:25:17,824][func.train][INFO] - [DATASET] test size: 56476
[2024-05-15 19:25:17,824][func.train][INFO] - [DATASET] test video_indices: [47]
[2024-05-15 19:25:17,834][func.train][INFO] - [DATASET] Sampling video_idx: 47 at 25 fps to 2259 frames
[2024-05-15 19:25:17,835][func.train][INFO] - [DATASET] video 47 label_list: torch.Size([2259])
[2024-05-15 19:25:17,841][func.train][INFO] - [DATASET] number of test videos: 1
[2024-05-15 19:25:17,841][func.train][INFO] - [DATASET] avg video length: 37.65 minutes
[2024-05-15 19:25:19,271][func.train][INFO] - [DATASET] df unique videos: [1 2 3 4 5 6 7 8 9 10 11 12 13 14 15 16 17 18 19 20 21 22 23 24 25 26 27
 28 29 30 31 32 33 34 35 36 37 38 39 40 41 42 43 44 45 46 47 48 49 50 51
 52 53 54 55 56 57 58 59 60 61 62 63 64 65 66 67 68 69 70 71 72 73 74 75
 76 77 78 79 80]
[2024-05-15 19:25:19,272][func.train][INFO] - [DATASET] split: test video_indices: [48]
[2024-05-15 19:25:19,346][func.train][INFO] - [DATASET] test size: 45851
[2024-05-15 19:25:19,346][func.train][INFO] - [DATASET] test video_indices: [48]
[2024-05-15 19:25:19,355][func.train][INFO] - [DATASET] Sampling video_idx: 48 at 25 fps to 1834 frames
[2024-05-15 19:25:19,356][func.train][INFO] - [DATASET] video 48 label_list: torch.Size([1834])
[2024-05-15 19:25:19,362][func.train][INFO] - [DATASET] number of test videos: 1
[2024-05-15 19:25:19,362][func.train][INFO] - [DATASET] avg video length: 30.57 minutes
[2024-05-15 19:25:20,833][func.train][INFO] - [DATASET] df unique videos: [1 2 3 4 5 6 7 8 9 10 11 12 13 14 15 16 17 18 19 20 21 22 23 24 25 26 27
 28 29 30 31 32 33 34 35 36 37 38 39 40 41 42 43 44 45 46 47 48 49 50 51
 52 53 54 55 56 57 58 59 60 61 62 63 64 65 66 67 68 69 70 71 72 73 74 75
 76 77 78 79 80]
[2024-05-15 19:25:20,833][func.train][INFO] - [DATASET] split: test video_indices: [49]
[2024-05-15 19:25:20,894][func.train][INFO] - [DATASET] test size: 41776
[2024-05-15 19:25:20,894][func.train][INFO] - [DATASET] test video_indices: [49]
[2024-05-15 19:25:20,901][func.train][INFO] - [DATASET] Sampling video_idx: 49 at 25 fps to 1671 frames
[2024-05-15 19:25:20,902][func.train][INFO] - [DATASET] video 49 label_list: torch.Size([1671])
[2024-05-15 19:25:20,906][func.train][INFO] - [DATASET] number of test videos: 1
[2024-05-15 19:25:20,906][func.train][INFO] - [DATASET] avg video length: 27.85 minutes
[2024-05-15 19:25:22,346][func.train][INFO] - [DATASET] df unique videos: [1 2 3 4 5 6 7 8 9 10 11 12 13 14 15 16 17 18 19 20 21 22 23 24 25 26 27
 28 29 30 31 32 33 34 35 36 37 38 39 40 41 42 43 44 45 46 47 48 49 50 51
 52 53 54 55 56 57 58 59 60 61 62 63 64 65 66 67 68 69 70 71 72 73 74 75
 76 77 78 79 80]
[2024-05-15 19:25:22,346][func.train][INFO] - [DATASET] split: test video_indices: [50]
[2024-05-15 19:25:22,403][func.train][INFO] - [DATASET] test size: 27351
[2024-05-15 19:25:22,403][func.train][INFO] - [DATASET] test video_indices: [50]
[2024-05-15 19:25:22,408][func.train][INFO] - [DATASET] Sampling video_idx: 50 at 25 fps to 1094 frames
[2024-05-15 19:25:22,409][func.train][INFO] - [DATASET] video 50 label_list: torch.Size([1094])
[2024-05-15 19:25:22,412][func.train][INFO] - [DATASET] number of test videos: 1
[2024-05-15 19:25:22,412][func.train][INFO] - [DATASET] avg video length: 18.23 minutes
[2024-05-15 19:25:24,094][func.train][INFO] - [DATASET] df unique videos: [1 2 3 4 5 6 7 8 9 10 11 12 13 14 15 16 17 18 19 20 21 22 23 24 25 26 27
 28 29 30 31 32 33 34 35 36 37 38 39 40 41 42 43 44 45 46 47 48 49 50 51
 52 53 54 55 56 57 58 59 60 61 62 63 64 65 66 67 68 69 70 71 72 73 74 75
 76 77 78 79 80]
[2024-05-15 19:25:24,094][func.train][INFO] - [DATASET] split: test video_indices: [51]
[2024-05-15 19:25:24,173][func.train][INFO] - [DATASET] test size: 73601
[2024-05-15 19:25:24,173][func.train][INFO] - [DATASET] test video_indices: [51]
[2024-05-15 19:25:24,188][func.train][INFO] - [DATASET] Sampling video_idx: 51 at 25 fps to 2944 frames
[2024-05-15 19:25:24,190][func.train][INFO] - [DATASET] video 51 label_list: torch.Size([2944])
[2024-05-15 19:25:24,196][func.train][INFO] - [DATASET] number of test videos: 1
[2024-05-15 19:25:24,196][func.train][INFO] - [DATASET] avg video length: 49.07 minutes
[2024-05-15 19:25:25,762][func.train][INFO] - [DATASET] df unique videos: [1 2 3 4 5 6 7 8 9 10 11 12 13 14 15 16 17 18 19 20 21 22 23 24 25 26 27
 28 29 30 31 32 33 34 35 36 37 38 39 40 41 42 43 44 45 46 47 48 49 50 51
 52 53 54 55 56 57 58 59 60 61 62 63 64 65 66 67 68 69 70 71 72 73 74 75
 76 77 78 79 80]
[2024-05-15 19:25:25,763][func.train][INFO] - [DATASET] split: test video_indices: [52]
[2024-05-15 19:25:25,836][func.train][INFO] - [DATASET] test size: 49151
[2024-05-15 19:25:25,837][func.train][INFO] - [DATASET] test video_indices: [52]
[2024-05-15 19:25:25,848][func.train][INFO] - [DATASET] Sampling video_idx: 52 at 25 fps to 1966 frames
[2024-05-15 19:25:25,848][func.train][INFO] - [DATASET] video 52 label_list: torch.Size([1966])
[2024-05-15 19:25:25,855][func.train][INFO] - [DATASET] number of test videos: 1
[2024-05-15 19:25:25,855][func.train][INFO] - [DATASET] avg video length: 32.77 minutes
[2024-05-15 19:25:27,437][func.train][INFO] - [DATASET] df unique videos: [1 2 3 4 5 6 7 8 9 10 11 12 13 14 15 16 17 18 19 20 21 22 23 24 25 26 27
 28 29 30 31 32 33 34 35 36 37 38 39 40 41 42 43 44 45 46 47 48 49 50 51
 52 53 54 55 56 57 58 59 60 61 62 63 64 65 66 67 68 69 70 71 72 73 74 75
 76 77 78 79 80]
[2024-05-15 19:25:27,437][func.train][INFO] - [DATASET] split: test video_indices: [53]
[2024-05-15 19:25:27,526][func.train][INFO] - [DATASET] test size: 82076
[2024-05-15 19:25:27,527][func.train][INFO] - [DATASET] test video_indices: [53]
[2024-05-15 19:25:27,541][func.train][INFO] - [DATASET] Sampling video_idx: 53 at 25 fps to 3283 frames
[2024-05-15 19:25:27,542][func.train][INFO] - [DATASET] video 53 label_list: torch.Size([3283])
[2024-05-15 19:25:27,552][func.train][INFO] - [DATASET] number of test videos: 1
[2024-05-15 19:25:27,552][func.train][INFO] - [DATASET] avg video length: 54.72 minutes
[2024-05-15 19:25:29,065][func.train][INFO] - [DATASET] df unique videos: [1 2 3 4 5 6 7 8 9 10 11 12 13 14 15 16 17 18 19 20 21 22 23 24 25 26 27
 28 29 30 31 32 33 34 35 36 37 38 39 40 41 42 43 44 45 46 47 48 49 50 51
 52 53 54 55 56 57 58 59 60 61 62 63 64 65 66 67 68 69 70 71 72 73 74 75
 76 77 78 79 80]
[2024-05-15 19:25:29,065][func.train][INFO] - [DATASET] split: test video_indices: [54]
[2024-05-15 19:25:29,152][func.train][INFO] - [DATASET] test size: 77501
[2024-05-15 19:25:29,153][func.train][INFO] - [DATASET] test video_indices: [54]
[2024-05-15 19:25:29,169][func.train][INFO] - [DATASET] Sampling video_idx: 54 at 25 fps to 3100 frames
[2024-05-15 19:25:29,170][func.train][INFO] - [DATASET] video 54 label_list: torch.Size([3100])
[2024-05-15 19:25:29,176][func.train][INFO] - [DATASET] number of test videos: 1
[2024-05-15 19:25:29,176][func.train][INFO] - [DATASET] avg video length: 51.67 minutes
[2024-05-15 19:25:30,718][func.train][INFO] - [DATASET] df unique videos: [1 2 3 4 5 6 7 8 9 10 11 12 13 14 15 16 17 18 19 20 21 22 23 24 25 26 27
 28 29 30 31 32 33 34 35 36 37 38 39 40 41 42 43 44 45 46 47 48 49 50 51
 52 53 54 55 56 57 58 59 60 61 62 63 64 65 66 67 68 69 70 71 72 73 74 75
 76 77 78 79 80]
[2024-05-15 19:25:30,719][func.train][INFO] - [DATASET] split: test video_indices: [55]
[2024-05-15 19:25:30,776][func.train][INFO] - [DATASET] test size: 25926
[2024-05-15 19:25:30,777][func.train][INFO] - [DATASET] test video_indices: [55]
[2024-05-15 19:25:30,781][func.train][INFO] - [DATASET] Sampling video_idx: 55 at 25 fps to 1037 frames
[2024-05-15 19:25:30,781][func.train][INFO] - [DATASET] video 55 label_list: torch.Size([1037])
[2024-05-15 19:25:30,784][func.train][INFO] - [DATASET] number of test videos: 1
[2024-05-15 19:25:30,784][func.train][INFO] - [DATASET] avg video length: 17.28 minutes
[2024-05-15 19:25:32,321][func.train][INFO] - [DATASET] df unique videos: [1 2 3 4 5 6 7 8 9 10 11 12 13 14 15 16 17 18 19 20 21 22 23 24 25 26 27
 28 29 30 31 32 33 34 35 36 37 38 39 40 41 42 43 44 45 46 47 48 49 50 51
 52 53 54 55 56 57 58 59 60 61 62 63 64 65 66 67 68 69 70 71 72 73 74 75
 76 77 78 79 80]
[2024-05-15 19:25:32,322][func.train][INFO] - [DATASET] split: test video_indices: [56]
[2024-05-15 19:25:32,385][func.train][INFO] - [DATASET] test size: 45851
[2024-05-15 19:25:32,385][func.train][INFO] - [DATASET] test video_indices: [56]
[2024-05-15 19:25:32,393][func.train][INFO] - [DATASET] Sampling video_idx: 56 at 25 fps to 1834 frames
[2024-05-15 19:25:32,394][func.train][INFO] - [DATASET] video 56 label_list: torch.Size([1834])
[2024-05-15 19:25:32,399][func.train][INFO] - [DATASET] number of test videos: 1
[2024-05-15 19:25:32,399][func.train][INFO] - [DATASET] avg video length: 30.57 minutes
[2024-05-15 19:25:34,062][func.train][INFO] - [DATASET] df unique videos: [1 2 3 4 5 6 7 8 9 10 11 12 13 14 15 16 17 18 19 20 21 22 23 24 25 26 27
 28 29 30 31 32 33 34 35 36 37 38 39 40 41 42 43 44 45 46 47 48 49 50 51
 52 53 54 55 56 57 58 59 60 61 62 63 64 65 66 67 68 69 70 71 72 73 74 75
 76 77 78 79 80]
[2024-05-15 19:25:34,063][func.train][INFO] - [DATASET] split: test video_indices: [57]
[2024-05-15 19:25:34,151][func.train][INFO] - [DATASET] test size: 65801
[2024-05-15 19:25:34,151][func.train][INFO] - [DATASET] test video_indices: [57]
[2024-05-15 19:25:34,164][func.train][INFO] - [DATASET] Sampling video_idx: 57 at 25 fps to 2632 frames
[2024-05-15 19:25:34,165][func.train][INFO] - [DATASET] video 57 label_list: torch.Size([2632])
[2024-05-15 19:25:34,172][func.train][INFO] - [DATASET] number of test videos: 1
[2024-05-15 19:25:34,172][func.train][INFO] - [DATASET] avg video length: 43.87 minutes
[2024-05-15 19:25:35,695][func.train][INFO] - [DATASET] df unique videos: [1 2 3 4 5 6 7 8 9 10 11 12 13 14 15 16 17 18 19 20 21 22 23 24 25 26 27
 28 29 30 31 32 33 34 35 36 37 38 39 40 41 42 43 44 45 46 47 48 49 50 51
 52 53 54 55 56 57 58 59 60 61 62 63 64 65 66 67 68 69 70 71 72 73 74 75
 76 77 78 79 80]
[2024-05-15 19:25:35,696][func.train][INFO] - [DATASET] split: test video_indices: [58]
[2024-05-15 19:25:35,793][func.train][INFO] - [DATASET] test size: 149826
[2024-05-15 19:25:35,793][func.train][INFO] - [DATASET] test video_indices: [58]
[2024-05-15 19:25:35,822][func.train][INFO] - [DATASET] Sampling video_idx: 58 at 25 fps to 5993 frames
[2024-05-15 19:25:35,823][func.train][INFO] - [DATASET] video 58 label_list: torch.Size([5993])
[2024-05-15 19:25:35,840][func.train][INFO] - [DATASET] number of test videos: 1
[2024-05-15 19:25:35,841][func.train][INFO] - [DATASET] avg video length: 99.88 minutes
[2024-05-15 19:25:37,589][func.train][INFO] - [DATASET] df unique videos: [1 2 3 4 5 6 7 8 9 10 11 12 13 14 15 16 17 18 19 20 21 22 23 24 25 26 27
 28 29 30 31 32 33 34 35 36 37 38 39 40 41 42 43 44 45 46 47 48 49 50 51
 52 53 54 55 56 57 58 59 60 61 62 63 64 65 66 67 68 69 70 71 72 73 74 75
 76 77 78 79 80]
[2024-05-15 19:25:37,589][func.train][INFO] - [DATASET] split: test video_indices: [59]
[2024-05-15 19:25:37,653][func.train][INFO] - [DATASET] test size: 26151
[2024-05-15 19:25:37,653][func.train][INFO] - [DATASET] test video_indices: [59]
[2024-05-15 19:25:37,659][func.train][INFO] - [DATASET] Sampling video_idx: 59 at 25 fps to 1046 frames
[2024-05-15 19:25:37,660][func.train][INFO] - [DATASET] video 59 label_list: torch.Size([1046])
[2024-05-15 19:25:37,667][func.train][INFO] - [DATASET] number of test videos: 1
[2024-05-15 19:25:37,668][func.train][INFO] - [DATASET] avg video length: 17.43 minutes
[2024-05-15 19:25:39,258][func.train][INFO] - [DATASET] df unique videos: [1 2 3 4 5 6 7 8 9 10 11 12 13 14 15 16 17 18 19 20 21 22 23 24 25 26 27
 28 29 30 31 32 33 34 35 36 37 38 39 40 41 42 43 44 45 46 47 48 49 50 51
 52 53 54 55 56 57 58 59 60 61 62 63 64 65 66 67 68 69 70 71 72 73 74 75
 76 77 78 79 80]
[2024-05-15 19:25:39,258][func.train][INFO] - [DATASET] split: test video_indices: [60]
[2024-05-15 19:25:39,334][func.train][INFO] - [DATASET] test size: 63301
[2024-05-15 19:25:39,334][func.train][INFO] - [DATASET] test video_indices: [60]
[2024-05-15 19:25:39,347][func.train][INFO] - [DATASET] Sampling video_idx: 60 at 25 fps to 2532 frames
[2024-05-15 19:25:39,348][func.train][INFO] - [DATASET] video 60 label_list: torch.Size([2532])
[2024-05-15 19:25:39,355][func.train][INFO] - [DATASET] number of test videos: 1
[2024-05-15 19:25:39,355][func.train][INFO] - [DATASET] avg video length: 42.20 minutes
[2024-05-15 19:25:40,874][func.train][INFO] - [DATASET] df unique videos: [1 2 3 4 5 6 7 8 9 10 11 12 13 14 15 16 17 18 19 20 21 22 23 24 25 26 27
 28 29 30 31 32 33 34 35 36 37 38 39 40 41 42 43 44 45 46 47 48 49 50 51
 52 53 54 55 56 57 58 59 60 61 62 63 64 65 66 67 68 69 70 71 72 73 74 75
 76 77 78 79 80]
[2024-05-15 19:25:40,874][func.train][INFO] - [DATASET] split: test video_indices: [61]
[2024-05-15 19:25:40,954][func.train][INFO] - [DATASET] test size: 110226
[2024-05-15 19:25:40,954][func.train][INFO] - [DATASET] test video_indices: [61]
[2024-05-15 19:25:40,974][func.train][INFO] - [DATASET] Sampling video_idx: 61 at 25 fps to 4409 frames
[2024-05-15 19:25:40,975][func.train][INFO] - [DATASET] video 61 label_list: torch.Size([4409])
[2024-05-15 19:25:40,987][func.train][INFO] - [DATASET] number of test videos: 1
[2024-05-15 19:25:40,988][func.train][INFO] - [DATASET] avg video length: 73.48 minutes
[2024-05-15 19:25:42,456][func.train][INFO] - [DATASET] df unique videos: [1 2 3 4 5 6 7 8 9 10 11 12 13 14 15 16 17 18 19 20 21 22 23 24 25 26 27
 28 29 30 31 32 33 34 35 36 37 38 39 40 41 42 43 44 45 46 47 48 49 50 51
 52 53 54 55 56 57 58 59 60 61 62 63 64 65 66 67 68 69 70 71 72 73 74 75
 76 77 78 79 80]
[2024-05-15 19:25:42,456][func.train][INFO] - [DATASET] split: test video_indices: [62]
[2024-05-15 19:25:42,518][func.train][INFO] - [DATASET] test size: 50801
[2024-05-15 19:25:42,518][func.train][INFO] - [DATASET] test video_indices: [62]
[2024-05-15 19:25:42,527][func.train][INFO] - [DATASET] Sampling video_idx: 62 at 25 fps to 2032 frames
[2024-05-15 19:25:42,528][func.train][INFO] - [DATASET] video 62 label_list: torch.Size([2032])
[2024-05-15 19:25:42,532][func.train][INFO] - [DATASET] number of test videos: 1
[2024-05-15 19:25:42,532][func.train][INFO] - [DATASET] avg video length: 33.87 minutes
[2024-05-15 19:25:44,099][func.train][INFO] - [DATASET] df unique videos: [1 2 3 4 5 6 7 8 9 10 11 12 13 14 15 16 17 18 19 20 21 22 23 24 25 26 27
 28 29 30 31 32 33 34 35 36 37 38 39 40 41 42 43 44 45 46 47 48 49 50 51
 52 53 54 55 56 57 58 59 60 61 62 63 64 65 66 67 68 69 70 71 72 73 74 75
 76 77 78 79 80]
[2024-05-15 19:25:44,099][func.train][INFO] - [DATASET] split: test video_indices: [63]
[2024-05-15 19:25:44,195][func.train][INFO] - [DATASET] test size: 85826
[2024-05-15 19:25:44,195][func.train][INFO] - [DATASET] test video_indices: [63]
[2024-05-15 19:25:44,214][func.train][INFO] - [DATASET] Sampling video_idx: 63 at 25 fps to 3433 frames
[2024-05-15 19:25:44,215][func.train][INFO] - [DATASET] video 63 label_list: torch.Size([3433])
[2024-05-15 19:25:44,228][func.train][INFO] - [DATASET] number of test videos: 1
[2024-05-15 19:25:44,228][func.train][INFO] - [DATASET] avg video length: 57.22 minutes
[2024-05-15 19:25:45,858][func.train][INFO] - [DATASET] df unique videos: [1 2 3 4 5 6 7 8 9 10 11 12 13 14 15 16 17 18 19 20 21 22 23 24 25 26 27
 28 29 30 31 32 33 34 35 36 37 38 39 40 41 42 43 44 45 46 47 48 49 50 51
 52 53 54 55 56 57 58 59 60 61 62 63 64 65 66 67 68 69 70 71 72 73 74 75
 76 77 78 79 80]
[2024-05-15 19:25:45,859][func.train][INFO] - [DATASET] split: test video_indices: [64]
[2024-05-15 19:25:45,928][func.train][INFO] - [DATASET] test size: 59951
[2024-05-15 19:25:45,928][func.train][INFO] - [DATASET] test video_indices: [64]
[2024-05-15 19:25:45,939][func.train][INFO] - [DATASET] Sampling video_idx: 64 at 25 fps to 2398 frames
[2024-05-15 19:25:45,940][func.train][INFO] - [DATASET] video 64 label_list: torch.Size([2398])
[2024-05-15 19:25:45,948][func.train][INFO] - [DATASET] number of test videos: 1
[2024-05-15 19:25:45,948][func.train][INFO] - [DATASET] avg video length: 39.97 minutes
[2024-05-15 19:25:47,632][func.train][INFO] - [DATASET] df unique videos: [1 2 3 4 5 6 7 8 9 10 11 12 13 14 15 16 17 18 19 20 21 22 23 24 25 26 27
 28 29 30 31 32 33 34 35 36 37 38 39 40 41 42 43 44 45 46 47 48 49 50 51
 52 53 54 55 56 57 58 59 60 61 62 63 64 65 66 67 68 69 70 71 72 73 74 75
 76 77 78 79 80]
[2024-05-15 19:25:47,632][func.train][INFO] - [DATASET] split: test video_indices: [65]
[2024-05-15 19:25:47,702][func.train][INFO] - [DATASET] test size: 46826
[2024-05-15 19:25:47,702][func.train][INFO] - [DATASET] test video_indices: [65]
[2024-05-15 19:25:47,710][func.train][INFO] - [DATASET] Sampling video_idx: 65 at 25 fps to 1873 frames
[2024-05-15 19:25:47,711][func.train][INFO] - [DATASET] video 65 label_list: torch.Size([1873])
[2024-05-15 19:25:47,718][func.train][INFO] - [DATASET] number of test videos: 1
[2024-05-15 19:25:47,718][func.train][INFO] - [DATASET] avg video length: 31.22 minutes
[2024-05-15 19:25:49,245][func.train][INFO] - [DATASET] df unique videos: [1 2 3 4 5 6 7 8 9 10 11 12 13 14 15 16 17 18 19 20 21 22 23 24 25 26 27
 28 29 30 31 32 33 34 35 36 37 38 39 40 41 42 43 44 45 46 47 48 49 50 51
 52 53 54 55 56 57 58 59 60 61 62 63 64 65 66 67 68 69 70 71 72 73 74 75
 76 77 78 79 80]
[2024-05-15 19:25:49,245][func.train][INFO] - [DATASET] split: test video_indices: [66]
[2024-05-15 19:25:49,307][func.train][INFO] - [DATASET] test size: 45601
[2024-05-15 19:25:49,307][func.train][INFO] - [DATASET] test video_indices: [66]
[2024-05-15 19:25:49,315][func.train][INFO] - [DATASET] Sampling video_idx: 66 at 25 fps to 1824 frames
[2024-05-15 19:25:49,316][func.train][INFO] - [DATASET] video 66 label_list: torch.Size([1824])
[2024-05-15 19:25:49,320][func.train][INFO] - [DATASET] number of test videos: 1
[2024-05-15 19:25:49,320][func.train][INFO] - [DATASET] avg video length: 30.40 minutes
[2024-05-15 19:25:50,813][func.train][INFO] - [DATASET] df unique videos: [1 2 3 4 5 6 7 8 9 10 11 12 13 14 15 16 17 18 19 20 21 22 23 24 25 26 27
 28 29 30 31 32 33 34 35 36 37 38 39 40 41 42 43 44 45 46 47 48 49 50 51
 52 53 54 55 56 57 58 59 60 61 62 63 64 65 66 67 68 69 70 71 72 73 74 75
 76 77 78 79 80]
[2024-05-15 19:25:50,813][func.train][INFO] - [DATASET] split: test video_indices: [67]
[2024-05-15 19:25:50,897][func.train][INFO] - [DATASET] test size: 58826
[2024-05-15 19:25:50,897][func.train][INFO] - [DATASET] test video_indices: [67]
[2024-05-15 19:25:50,910][func.train][INFO] - [DATASET] Sampling video_idx: 67 at 25 fps to 2353 frames
[2024-05-15 19:25:50,911][func.train][INFO] - [DATASET] video 67 label_list: torch.Size([2353])
[2024-05-15 19:25:50,916][func.train][INFO] - [DATASET] number of test videos: 1
[2024-05-15 19:25:50,917][func.train][INFO] - [DATASET] avg video length: 39.22 minutes
[2024-05-15 19:25:52,406][func.train][INFO] - [DATASET] df unique videos: [1 2 3 4 5 6 7 8 9 10 11 12 13 14 15 16 17 18 19 20 21 22 23 24 25 26 27
 28 29 30 31 32 33 34 35 36 37 38 39 40 41 42 43 44 45 46 47 48 49 50 51
 52 53 54 55 56 57 58 59 60 61 62 63 64 65 66 67 68 69 70 71 72 73 74 75
 76 77 78 79 80]
[2024-05-15 19:25:52,406][func.train][INFO] - [DATASET] split: test video_indices: [68]
[2024-05-15 19:25:52,469][func.train][INFO] - [DATASET] test size: 49301
[2024-05-15 19:25:52,470][func.train][INFO] - [DATASET] test video_indices: [68]
[2024-05-15 19:25:52,478][func.train][INFO] - [DATASET] Sampling video_idx: 68 at 25 fps to 1972 frames
[2024-05-15 19:25:52,479][func.train][INFO] - [DATASET] video 68 label_list: torch.Size([1972])
[2024-05-15 19:25:52,484][func.train][INFO] - [DATASET] number of test videos: 1
[2024-05-15 19:25:52,484][func.train][INFO] - [DATASET] avg video length: 32.87 minutes
[2024-05-15 19:25:53,960][func.train][INFO] - [DATASET] df unique videos: [1 2 3 4 5 6 7 8 9 10 11 12 13 14 15 16 17 18 19 20 21 22 23 24 25 26 27
 28 29 30 31 32 33 34 35 36 37 38 39 40 41 42 43 44 45 46 47 48 49 50 51
 52 53 54 55 56 57 58 59 60 61 62 63 64 65 66 67 68 69 70 71 72 73 74 75
 76 77 78 79 80]
[2024-05-15 19:25:53,960][func.train][INFO] - [DATASET] split: test video_indices: [69]
[2024-05-15 19:25:54,047][func.train][INFO] - [DATASET] test size: 114376
[2024-05-15 19:25:54,047][func.train][INFO] - [DATASET] test video_indices: [69]
[2024-05-15 19:25:54,068][func.train][INFO] - [DATASET] Sampling video_idx: 69 at 25 fps to 4575 frames
[2024-05-15 19:25:54,069][func.train][INFO] - [DATASET] video 69 label_list: torch.Size([4575])
[2024-05-15 19:25:54,078][func.train][INFO] - [DATASET] number of test videos: 1
[2024-05-15 19:25:54,078][func.train][INFO] - [DATASET] avg video length: 76.25 minutes
[2024-05-15 19:25:55,635][func.train][INFO] - [DATASET] df unique videos: [1 2 3 4 5 6 7 8 9 10 11 12 13 14 15 16 17 18 19 20 21 22 23 24 25 26 27
 28 29 30 31 32 33 34 35 36 37 38 39 40 41 42 43 44 45 46 47 48 49 50 51
 52 53 54 55 56 57 58 59 60 61 62 63 64 65 66 67 68 69 70 71 72 73 74 75
 76 77 78 79 80]
[2024-05-15 19:25:55,636][func.train][INFO] - [DATASET] split: test video_indices: [70]
[2024-05-15 19:25:55,696][func.train][INFO] - [DATASET] test size: 29851
[2024-05-15 19:25:55,696][func.train][INFO] - [DATASET] test video_indices: [70]
[2024-05-15 19:25:55,702][func.train][INFO] - [DATASET] Sampling video_idx: 70 at 25 fps to 1194 frames
[2024-05-15 19:25:55,702][func.train][INFO] - [DATASET] video 70 label_list: torch.Size([1194])
[2024-05-15 19:25:55,706][func.train][INFO] - [DATASET] number of test videos: 1
[2024-05-15 19:25:55,706][func.train][INFO] - [DATASET] avg video length: 19.90 minutes
[2024-05-15 19:25:57,425][func.train][INFO] - [DATASET] df unique videos: [1 2 3 4 5 6 7 8 9 10 11 12 13 14 15 16 17 18 19 20 21 22 23 24 25 26 27
 28 29 30 31 32 33 34 35 36 37 38 39 40 41 42 43 44 45 46 47 48 49 50 51
 52 53 54 55 56 57 58 59 60 61 62 63 64 65 66 67 68 69 70 71 72 73 74 75
 76 77 78 79 80]
[2024-05-15 19:25:57,425][func.train][INFO] - [DATASET] split: test video_indices: [71]
[2024-05-15 19:25:57,502][func.train][INFO] - [DATASET] test size: 62876
[2024-05-15 19:25:57,502][func.train][INFO] - [DATASET] test video_indices: [71]
[2024-05-15 19:25:57,515][func.train][INFO] - [DATASET] Sampling video_idx: 71 at 25 fps to 2515 frames
[2024-05-15 19:25:57,516][func.train][INFO] - [DATASET] video 71 label_list: torch.Size([2515])
[2024-05-15 19:25:57,524][func.train][INFO] - [DATASET] number of test videos: 1
[2024-05-15 19:25:57,525][func.train][INFO] - [DATASET] avg video length: 41.92 minutes
[2024-05-15 19:25:59,509][func.train][INFO] - [DATASET] df unique videos: [1 2 3 4 5 6 7 8 9 10 11 12 13 14 15 16 17 18 19 20 21 22 23 24 25 26 27
 28 29 30 31 32 33 34 35 36 37 38 39 40 41 42 43 44 45 46 47 48 49 50 51
 52 53 54 55 56 57 58 59 60 61 62 63 64 65 66 67 68 69 70 71 72 73 74 75
 76 77 78 79 80]
[2024-05-15 19:25:59,509][func.train][INFO] - [DATASET] split: test video_indices: [72]
[2024-05-15 19:25:59,583][func.train][INFO] - [DATASET] test size: 77651
[2024-05-15 19:25:59,583][func.train][INFO] - [DATASET] test video_indices: [72]
[2024-05-15 19:25:59,596][func.train][INFO] - [DATASET] Sampling video_idx: 72 at 25 fps to 3106 frames
[2024-05-15 19:25:59,597][func.train][INFO] - [DATASET] video 72 label_list: torch.Size([3106])
[2024-05-15 19:25:59,606][func.train][INFO] - [DATASET] number of test videos: 1
[2024-05-15 19:25:59,606][func.train][INFO] - [DATASET] avg video length: 51.77 minutes
[2024-05-15 19:26:01,130][func.train][INFO] - [DATASET] df unique videos: [1 2 3 4 5 6 7 8 9 10 11 12 13 14 15 16 17 18 19 20 21 22 23 24 25 26 27
 28 29 30 31 32 33 34 35 36 37 38 39 40 41 42 43 44 45 46 47 48 49 50 51
 52 53 54 55 56 57 58 59 60 61 62 63 64 65 66 67 68 69 70 71 72 73 74 75
 76 77 78 79 80]
[2024-05-15 19:26:01,131][func.train][INFO] - [DATASET] split: test video_indices: [73]
[2024-05-15 19:26:01,191][func.train][INFO] - [DATASET] test size: 33901
[2024-05-15 19:26:01,191][func.train][INFO] - [DATASET] test video_indices: [73]
[2024-05-15 19:26:01,198][func.train][INFO] - [DATASET] Sampling video_idx: 73 at 25 fps to 1356 frames
[2024-05-15 19:26:01,199][func.train][INFO] - [DATASET] video 73 label_list: torch.Size([1356])
[2024-05-15 19:26:01,202][func.train][INFO] - [DATASET] number of test videos: 1
[2024-05-15 19:26:01,202][func.train][INFO] - [DATASET] avg video length: 22.60 minutes
[2024-05-15 19:26:02,686][func.train][INFO] - [DATASET] df unique videos: [1 2 3 4 5 6 7 8 9 10 11 12 13 14 15 16 17 18 19 20 21 22 23 24 25 26 27
 28 29 30 31 32 33 34 35 36 37 38 39 40 41 42 43 44 45 46 47 48 49 50 51
 52 53 54 55 56 57 58 59 60 61 62 63 64 65 66 67 68 69 70 71 72 73 74 75
 76 77 78 79 80]
[2024-05-15 19:26:02,686][func.train][INFO] - [DATASET] split: test video_indices: [74]
[2024-05-15 19:26:02,749][func.train][INFO] - [DATASET] test size: 40851
[2024-05-15 19:26:02,749][func.train][INFO] - [DATASET] test video_indices: [74]
[2024-05-15 19:26:02,757][func.train][INFO] - [DATASET] Sampling video_idx: 74 at 25 fps to 1634 frames
[2024-05-15 19:26:02,758][func.train][INFO] - [DATASET] video 74 label_list: torch.Size([1634])
[2024-05-15 19:26:02,763][func.train][INFO] - [DATASET] number of test videos: 1
[2024-05-15 19:26:02,764][func.train][INFO] - [DATASET] avg video length: 27.23 minutes
[2024-05-15 19:26:04,232][func.train][INFO] - [DATASET] df unique videos: [1 2 3 4 5 6 7 8 9 10 11 12 13 14 15 16 17 18 19 20 21 22 23 24 25 26 27
 28 29 30 31 32 33 34 35 36 37 38 39 40 41 42 43 44 45 46 47 48 49 50 51
 52 53 54 55 56 57 58 59 60 61 62 63 64 65 66 67 68 69 70 71 72 73 74 75
 76 77 78 79 80]
[2024-05-15 19:26:04,232][func.train][INFO] - [DATASET] split: test video_indices: [75]
[2024-05-15 19:26:04,301][func.train][INFO] - [DATASET] test size: 48076
[2024-05-15 19:26:04,301][func.train][INFO] - [DATASET] test video_indices: [75]
[2024-05-15 19:26:04,311][func.train][INFO] - [DATASET] Sampling video_idx: 75 at 25 fps to 1923 frames
[2024-05-15 19:26:04,312][func.train][INFO] - [DATASET] video 75 label_list: torch.Size([1923])
[2024-05-15 19:26:04,318][func.train][INFO] - [DATASET] number of test videos: 1
[2024-05-15 19:26:04,318][func.train][INFO] - [DATASET] avg video length: 32.05 minutes
[2024-05-15 19:26:05,833][func.train][INFO] - [DATASET] df unique videos: [1 2 3 4 5 6 7 8 9 10 11 12 13 14 15 16 17 18 19 20 21 22 23 24 25 26 27
 28 29 30 31 32 33 34 35 36 37 38 39 40 41 42 43 44 45 46 47 48 49 50 51
 52 53 54 55 56 57 58 59 60 61 62 63 64 65 66 67 68 69 70 71 72 73 74 75
 76 77 78 79 80]
[2024-05-15 19:26:05,834][func.train][INFO] - [DATASET] split: test video_indices: [76]
[2024-05-15 19:26:05,902][func.train][INFO] - [DATASET] test size: 66226
[2024-05-15 19:26:05,902][func.train][INFO] - [DATASET] test video_indices: [76]
[2024-05-15 19:26:05,913][func.train][INFO] - [DATASET] Sampling video_idx: 76 at 25 fps to 2649 frames
[2024-05-15 19:26:05,914][func.train][INFO] - [DATASET] video 76 label_list: torch.Size([2649])
[2024-05-15 19:26:05,919][func.train][INFO] - [DATASET] number of test videos: 1
[2024-05-15 19:26:05,920][func.train][INFO] - [DATASET] avg video length: 44.15 minutes
[2024-05-15 19:26:07,387][func.train][INFO] - [DATASET] df unique videos: [1 2 3 4 5 6 7 8 9 10 11 12 13 14 15 16 17 18 19 20 21 22 23 24 25 26 27
 28 29 30 31 32 33 34 35 36 37 38 39 40 41 42 43 44 45 46 47 48 49 50 51
 52 53 54 55 56 57 58 59 60 61 62 63 64 65 66 67 68 69 70 71 72 73 74 75
 76 77 78 79 80]
[2024-05-15 19:26:07,388][func.train][INFO] - [DATASET] split: test video_indices: [77]
[2024-05-15 19:26:07,458][func.train][INFO] - [DATASET] test size: 62551
[2024-05-15 19:26:07,458][func.train][INFO] - [DATASET] test video_indices: [77]
[2024-05-15 19:26:07,469][func.train][INFO] - [DATASET] Sampling video_idx: 77 at 25 fps to 2502 frames
[2024-05-15 19:26:07,470][func.train][INFO] - [DATASET] video 77 label_list: torch.Size([2502])
[2024-05-15 19:26:07,476][func.train][INFO] - [DATASET] number of test videos: 1
[2024-05-15 19:26:07,476][func.train][INFO] - [DATASET] avg video length: 41.70 minutes
[2024-05-15 19:26:08,964][func.train][INFO] - [DATASET] df unique videos: [1 2 3 4 5 6 7 8 9 10 11 12 13 14 15 16 17 18 19 20 21 22 23 24 25 26 27
 28 29 30 31 32 33 34 35 36 37 38 39 40 41 42 43 44 45 46 47 48 49 50 51
 52 53 54 55 56 57 58 59 60 61 62 63 64 65 66 67 68 69 70 71 72 73 74 75
 76 77 78 79 80]
[2024-05-15 19:26:08,964][func.train][INFO] - [DATASET] split: test video_indices: [78]
[2024-05-15 19:26:09,030][func.train][INFO] - [DATASET] test size: 18476
[2024-05-15 19:26:09,030][func.train][INFO] - [DATASET] test video_indices: [78]
[2024-05-15 19:26:09,034][func.train][INFO] - [DATASET] Sampling video_idx: 78 at 25 fps to 739 frames
[2024-05-15 19:26:09,034][func.train][INFO] - [DATASET] video 78 label_list: torch.Size([739])
[2024-05-15 19:26:09,052][func.train][INFO] - [DATASET] number of test videos: 1
[2024-05-15 19:26:09,053][func.train][INFO] - [DATASET] avg video length: 12.32 minutes
[2024-05-15 19:26:10,568][func.train][INFO] - [DATASET] df unique videos: [1 2 3 4 5 6 7 8 9 10 11 12 13 14 15 16 17 18 19 20 21 22 23 24 25 26 27
 28 29 30 31 32 33 34 35 36 37 38 39 40 41 42 43 44 45 46 47 48 49 50 51
 52 53 54 55 56 57 58 59 60 61 62 63 64 65 66 67 68 69 70 71 72 73 74 75
 76 77 78 79 80]
[2024-05-15 19:26:10,569][func.train][INFO] - [DATASET] split: test video_indices: [79]
[2024-05-15 19:26:10,644][func.train][INFO] - [DATASET] test size: 85351
[2024-05-15 19:26:10,644][func.train][INFO] - [DATASET] test video_indices: [79]
[2024-05-15 19:26:10,659][func.train][INFO] - [DATASET] Sampling video_idx: 79 at 25 fps to 3414 frames
[2024-05-15 19:26:10,660][func.train][INFO] - [DATASET] video 79 label_list: torch.Size([3414])
[2024-05-15 19:26:10,666][func.train][INFO] - [DATASET] number of test videos: 1
[2024-05-15 19:26:10,667][func.train][INFO] - [DATASET] avg video length: 56.90 minutes
[2024-05-15 19:26:12,113][func.train][INFO] - [DATASET] df unique videos: [1 2 3 4 5 6 7 8 9 10 11 12 13 14 15 16 17 18 19 20 21 22 23 24 25 26 27
 28 29 30 31 32 33 34 35 36 37 38 39 40 41 42 43 44 45 46 47 48 49 50 51
 52 53 54 55 56 57 58 59 60 61 62 63 64 65 66 67 68 69 70 71 72 73 74 75
 76 77 78 79 80]
[2024-05-15 19:26:12,113][func.train][INFO] - [DATASET] split: test video_indices: [80]
[2024-05-15 19:26:12,183][func.train][INFO] - [DATASET] test size: 43101
[2024-05-15 19:26:12,183][func.train][INFO] - [DATASET] test video_indices: [80]
[2024-05-15 19:26:12,192][func.train][INFO] - [DATASET] Sampling video_idx: 80 at 25 fps to 1724 frames
[2024-05-15 19:26:12,192][func.train][INFO] - [DATASET] video 80 label_list: torch.Size([1724])
[2024-05-15 19:26:12,197][func.train][INFO] - [DATASET] number of test videos: 1
[2024-05-15 19:26:12,197][func.train][INFO] - [DATASET] avg video length: 28.73 minutes
[2024-05-15 19:26:12,212][func.train][INFO] - Time to load datasets: 1.28 min
[2024-05-15 19:26:12,212][func.train][INFO] - Creating data loaders
[2024-05-15 19:26:12,220][func.train][INFO] - Creating model with {'one': 7} classes
[2024-05-15 19:26:13,028][func.train][INFO] - [MAIN] Number of tokens: 86304
[2024-05-15 19:26:13,029][func.train][INFO] - [MAIN] Number of parameters: 23278806
[2024-05-15 19:26:13,029][func.train][INFO] - [MAIN] Token-to-Parameter Ratio is ideally between [1:1 to 10:1]: 0.003707
[2024-05-15 19:26:13,030][func.train][WARNING] - [MAIN] Data-to-Parameter-Ratio is outside the interval [1:1 to 10:1]
[2024-05-15 19:26:13,030][func.train][INFO] - Using LR 0.000300 WD 0.000010 for parameters
[2024-05-15 19:26:13,031][func.train][INFO] - Using LR 0.000300 WD 0.000010 for parameters
[2024-05-15 19:26:13,039][func.train][INFO] - Wrapping model into DP
[2024-05-15 19:26:13,107][func.train][INFO] - Start training
[2024-05-15 19:26:13,112][func.train][INFO] - Storing checkpoints every 60.00 mins
[2024-05-15 19:26:15,119][func.train][INFO] - [TRAINING] Step 0/2697 | Loss: 1.88 | Acc (curr_frames): 0.09 | time-left: 90.19 min
[2024-05-15 19:26:37,723][func.train][INFO] - [TRAINING] Step 100/2697 | Loss: 1.57 | Acc (curr_frames): 0.14 | time-left: 10.54 min
[2024-05-15 19:26:56,266][func.train][INFO] - [TRAINING] Step 200/2697 | Loss: 2.29 | Acc (curr_frames): 0.13 | time-left: 8.93 min
[2024-05-15 19:27:14,540][func.train][INFO] - [TRAINING] Step 300/2697 | Loss: 2.36 | Acc (curr_frames): 0.13 | time-left: 8.15 min
[2024-05-15 19:27:32,730][func.train][INFO] - [TRAINING] Step 400/2697 | Loss: 2.18 | Acc (curr_frames): 0.15 | time-left: 7.60 min
[2024-05-15 19:27:51,061][func.train][INFO] - [TRAINING] Step 500/2697 | Loss: 2.62 | Acc (curr_frames): 0.11 | time-left: 7.16 min
[2024-05-15 19:28:09,398][func.train][INFO] - [TRAINING] Step 600/2697 | Loss: 2.02 | Acc (curr_frames): 0.17 | time-left: 6.76 min
[2024-05-15 19:28:27,807][func.train][INFO] - [TRAINING] Step 700/2697 | Loss: 2.13 | Acc (curr_frames): 0.13 | time-left: 6.39 min
[2024-05-15 19:28:46,445][func.train][INFO] - [TRAINING] Step 800/2697 | Loss: 2.07 | Acc (curr_frames): 0.14 | time-left: 6.05 min
[2024-05-15 19:29:04,652][func.train][INFO] - [TRAINING] Step 900/2697 | Loss: 2.46 | Acc (curr_frames): 0.12 | time-left: 5.70 min
[2024-05-15 19:29:23,079][func.train][INFO] - [TRAINING] Step 1000/2697 | Loss: 1.95 | Acc (curr_frames): 0.13 | time-left: 5.36 min
[2024-05-15 19:29:41,532][func.train][INFO] - [TRAINING] Step 1100/2697 | Loss: 2.00 | Acc (curr_frames): 0.17 | time-left: 5.04 min
[2024-05-15 19:30:00,244][func.train][INFO] - [TRAINING] Step 1200/2697 | Loss: 1.97 | Acc (curr_frames): 0.21 | time-left: 4.72 min
[2024-05-15 19:30:18,678][func.train][INFO] - [TRAINING] Step 1300/2697 | Loss: 2.07 | Acc (curr_frames): 0.19 | time-left: 4.39 min
[2024-05-15 19:30:37,182][func.train][INFO] - [TRAINING] Step 1400/2697 | Loss: 2.27 | Acc (curr_frames): 0.23 | time-left: 4.07 min
[2024-05-15 19:30:55,265][func.train][INFO] - [TRAINING] Step 1500/2697 | Loss: 1.85 | Acc (curr_frames): 0.21 | time-left: 3.75 min
