[2024-07-18 17:43:47,172][func.train][INFO] - Dist info:
[2024-07-18 17:43:47,172][func.train][INFO] - torch version: 2.2.2+cu121
[2024-07-18 17:43:47,173][func.train][INFO] - torchvision version: 0.17.2+cu121
[2024-07-18 17:43:47,173][func.train][INFO] - hydra version: 1.3.2
[2024-07-18 17:43:47,176][func.train][INFO] - [MAIN] eval horizons for regression: [5]
[2024-07-18 17:43:47,176][func.train][INFO] - Loading data
[2024-07-18 17:43:47,176][func.train][INFO] - Loading datasets
[2024-07-18 17:43:48,908][func.train][INFO] - [SELECT DATASET] ALL loaded dataframe in 0m 2s
[2024-07-18 17:43:48,909][func.train][INFO] - [SELECT DATASET] ALL loaded dataframe: (4612530, 11)
[2024-07-18 17:43:49,117][func.train][INFO] - [SELECT DATASET] labels are already starting from 0
[2024-07-18 17:43:49,454][func.train][INFO] - [SELECT DATASET] ALL unique classes: [0 1 2 3 4 5 6]
[2024-07-18 17:43:49,465][func.train][INFO] - [SELECT DATASET] aLL dataframe (head):                    image_path class  ... tool_Irrigator tool_SpecimenBag
0  video01/video01_000001.png     0  ...              0                0
1  video01/video01_000002.png     0  ...              0                0
2  video01/video01_000003.png     0  ...              0                0
3  video01/video01_000004.png     0  ...              0                0
4  video01/video01_000005.png     0  ...              0                0

[5 rows x 11 columns]
[2024-07-18 17:43:49,473][func.train][INFO] - [SELECT DATASET] ALL dataframe (tail):                          image_path class  ... tool_Irrigator tool_SpecimenBag
4612525  video80/video80_043097.png     6  ...              0                0
4612526  video80/video80_043098.png     6  ...              0                0
4612527  video80/video80_043099.png     6  ...              0                0
4612528  video80/video80_043100.png     6  ...              0                0
4612529  video80/video80_043101.png     6  ...              0                0

[5 rows x 11 columns]
[2024-07-18 17:43:49,473][func.train][INFO] - [DATASET] params: {'debug': False, 'dataset_name': 'cholec80', 'reduc_feats_folder': 'train_targets_x_mp/', 'num_classes': 7, 'num_next_labels': 6, 'last_seg_class': 7, 'predict_next_phase': True, 'get_target_feats': False, 'replace_current_with_next_class': False}
[2024-07-18 17:43:50,886][func.train][INFO] - [DATASET] df unique videos: [1 2 3 4 5 6 7 8 9 10 11 12 13 14 15 16 17 18 19 20 21 22 23 24 25 26 27
 28 29 30 31 32 33 34 35 36 37 38 39 40 41 42 43 44 45 46 47 48 49 50 51
 52 53 54 55 56 57 58 59 60 61 62 63 64 65 66 67 68 69 70 71 72 73 74 75
 76 77 78 79 80]
[2024-07-18 17:43:50,887][func.train][INFO] - [DATASET] split: train video_indices: [1, 2, 3, 4, 5, 6, 7, 8, 9, 10, 11, 12, 13, 14, 15, 16, 17, 18, 19, 20, 21, 22, 23, 24, 25, 26, 27, 28, 29, 30, 31, 32, 33, 34, 35, 36, 37, 38, 39, 40, 41, 42, 43, 44, 45, 46, 47, 48, 49, 50, 51, 52, 53, 54, 55, 56, 57, 58, 59, 60]
[2024-07-18 17:43:52,470][func.train][INFO] - [DATASET] train size: 3421885
[2024-07-18 17:43:52,470][func.train][INFO] - [DATASET] train video_indices: [1, 2, 3, 4, 5, 6, 7, 8, 9, 10, 11, 12, 13, 14, 15, 16, 17, 18, 19, 20, 21, 22, 23, 24, 25, 26, 27, 28, 29, 30, 31, 32, 33, 34, 35, 36, 37, 38, 39, 40, 41, 42, 43, 44, 45, 46, 47, 48, 49, 50, 51, 52, 53, 54, 55, 56, 57, 58, 59, 60]
[2024-07-18 17:43:52,471][func.train][INFO] - [DATASET] video_idx: 1
[2024-07-18 17:43:52,625][func.train][INFO] - [DATASET] Sampled video_idx: 1 at 25 fps to 1733 frames
[2024-07-18 17:43:52,631][func.train][INFO] - [DATASET] video 1 phase_labels: torch.Size([1733])
[2024-07-18 17:43:52,926][func.train][INFO] - [DATASET] gt_remaining_time h=5: torch.Size([1733, 8])
[2024-07-18 17:43:52,927][func.train][INFO] - 

[2024-07-18 17:43:52,927][func.train][INFO] - [DATASET] video_idx: 2
[2024-07-18 17:43:53,071][func.train][INFO] - [DATASET] Sampled video_idx: 2 at 25 fps to 2839 frames
[2024-07-18 17:43:53,072][func.train][INFO] - [DATASET] video 2 phase_labels: torch.Size([2839])
[2024-07-18 17:43:53,161][func.train][INFO] - [DATASET] gt_remaining_time h=5: torch.Size([2839, 8])
[2024-07-18 17:43:53,161][func.train][INFO] - 

[2024-07-18 17:43:53,161][func.train][INFO] - [DATASET] video_idx: 3
[2024-07-18 17:43:53,326][func.train][INFO] - [DATASET] Sampled video_idx: 3 at 25 fps to 5828 frames
[2024-07-18 17:43:53,327][func.train][INFO] - [DATASET] video 3 phase_labels: torch.Size([5828])
[2024-07-18 17:43:53,490][func.train][INFO] - [DATASET] gt_remaining_time h=5: torch.Size([5828, 8])
[2024-07-18 17:43:53,491][func.train][INFO] - 

[2024-07-18 17:43:53,491][func.train][INFO] - [DATASET] video_idx: 4
[2024-07-18 17:43:53,643][func.train][INFO] - [DATASET] Sampled video_idx: 4 at 25 fps to 1522 frames
[2024-07-18 17:43:53,643][func.train][INFO] - [DATASET] video 4 phase_labels: torch.Size([1522])
[2024-07-18 17:43:53,713][func.train][INFO] - [DATASET] gt_remaining_time h=5: torch.Size([1522, 8])
[2024-07-18 17:43:53,713][func.train][INFO] - 

[2024-07-18 17:43:53,713][func.train][INFO] - [DATASET] video_idx: 5
[2024-07-18 17:43:53,877][func.train][INFO] - [DATASET] Sampled video_idx: 5 at 25 fps to 2344 frames
[2024-07-18 17:43:53,878][func.train][INFO] - [DATASET] video 5 phase_labels: torch.Size([2344])
[2024-07-18 17:43:53,952][func.train][INFO] - [DATASET] gt_remaining_time h=5: torch.Size([2344, 8])
[2024-07-18 17:43:53,952][func.train][INFO] - 

[2024-07-18 17:43:53,952][func.train][INFO] - [DATASET] video_idx: 6
[2024-07-18 17:43:54,116][func.train][INFO] - [DATASET] Sampled video_idx: 6 at 25 fps to 2153 frames
[2024-07-18 17:43:54,117][func.train][INFO] - [DATASET] video 6 phase_labels: torch.Size([2153])
[2024-07-18 17:43:54,189][func.train][INFO] - [DATASET] gt_remaining_time h=5: torch.Size([2153, 8])
[2024-07-18 17:43:54,189][func.train][INFO] - 

[2024-07-18 17:43:54,189][func.train][INFO] - [DATASET] video_idx: 7
[2024-07-18 17:43:54,353][func.train][INFO] - [DATASET] Sampled video_idx: 7 at 25 fps to 4557 frames
[2024-07-18 17:43:54,359][func.train][INFO] - [DATASET] video 7 phase_labels: torch.Size([4557])
[2024-07-18 17:43:54,483][func.train][INFO] - [DATASET] gt_remaining_time h=5: torch.Size([4557, 8])
[2024-07-18 17:43:54,483][func.train][INFO] - 

[2024-07-18 17:43:54,483][func.train][INFO] - [DATASET] video_idx: 8
[2024-07-18 17:43:54,621][func.train][INFO] - [DATASET] Sampled video_idx: 8 at 25 fps to 1519 frames
[2024-07-18 17:43:54,622][func.train][INFO] - [DATASET] video 8 phase_labels: torch.Size([1519])
[2024-07-18 17:43:54,684][func.train][INFO] - [DATASET] gt_remaining_time h=5: torch.Size([1519, 8])
[2024-07-18 17:43:54,684][func.train][INFO] - 

[2024-07-18 17:43:54,684][func.train][INFO] - [DATASET] video_idx: 9
[2024-07-18 17:43:54,840][func.train][INFO] - [DATASET] Sampled video_idx: 9 at 25 fps to 2702 frames
[2024-07-18 17:43:54,841][func.train][INFO] - [DATASET] video 9 phase_labels: torch.Size([2702])
[2024-07-18 17:43:54,918][func.train][INFO] - [DATASET] gt_remaining_time h=5: torch.Size([2702, 8])
[2024-07-18 17:43:54,918][func.train][INFO] - 

[2024-07-18 17:43:54,918][func.train][INFO] - [DATASET] video_idx: 10
[2024-07-18 17:43:55,076][func.train][INFO] - [DATASET] Sampled video_idx: 10 at 25 fps to 1749 frames
[2024-07-18 17:43:55,077][func.train][INFO] - [DATASET] video 10 phase_labels: torch.Size([1749])
[2024-07-18 17:43:55,139][func.train][INFO] - [DATASET] gt_remaining_time h=5: torch.Size([1749, 8])
[2024-07-18 17:43:55,140][func.train][INFO] - 

[2024-07-18 17:43:55,140][func.train][INFO] - [DATASET] video_idx: 11
[2024-07-18 17:43:55,304][func.train][INFO] - [DATASET] Sampled video_idx: 11 at 25 fps to 3220 frames
[2024-07-18 17:43:55,305][func.train][INFO] - [DATASET] video 11 phase_labels: torch.Size([3220])
[2024-07-18 17:43:55,403][func.train][INFO] - [DATASET] gt_remaining_time h=5: torch.Size([3220, 8])
[2024-07-18 17:43:55,404][func.train][INFO] - 

[2024-07-18 17:43:55,404][func.train][INFO] - [DATASET] video_idx: 12
[2024-07-18 17:43:55,578][func.train][INFO] - [DATASET] Sampled video_idx: 12 at 25 fps to 1090 frames
[2024-07-18 17:43:55,579][func.train][INFO] - [DATASET] video 12 phase_labels: torch.Size([1090])
[2024-07-18 17:43:55,643][func.train][INFO] - [DATASET] gt_remaining_time h=5: torch.Size([1090, 8])
[2024-07-18 17:43:55,643][func.train][INFO] - 

[2024-07-18 17:43:55,643][func.train][INFO] - [DATASET] video_idx: 13
[2024-07-18 17:43:55,799][func.train][INFO] - [DATASET] Sampled video_idx: 13 at 25 fps to 981 frames
[2024-07-18 17:43:55,800][func.train][INFO] - [DATASET] video 13 phase_labels: torch.Size([981])
[2024-07-18 17:43:55,853][func.train][INFO] - [DATASET] gt_remaining_time h=5: torch.Size([981, 8])
[2024-07-18 17:43:55,853][func.train][INFO] - 

[2024-07-18 17:43:55,853][func.train][INFO] - [DATASET] video_idx: 14
[2024-07-18 17:43:56,003][func.train][INFO] - [DATASET] Sampled video_idx: 14 at 25 fps to 1708 frames
[2024-07-18 17:43:56,004][func.train][INFO] - [DATASET] video 14 phase_labels: torch.Size([1708])
[2024-07-18 17:43:56,070][func.train][INFO] - [DATASET] gt_remaining_time h=5: torch.Size([1708, 8])
[2024-07-18 17:43:56,070][func.train][INFO] - 

[2024-07-18 17:43:56,070][func.train][INFO] - [DATASET] video_idx: 15
[2024-07-18 17:43:56,226][func.train][INFO] - [DATASET] Sampled video_idx: 15 at 25 fps to 2058 frames
[2024-07-18 17:43:56,227][func.train][INFO] - [DATASET] video 15 phase_labels: torch.Size([2058])
[2024-07-18 17:43:56,297][func.train][INFO] - [DATASET] gt_remaining_time h=5: torch.Size([2058, 8])
[2024-07-18 17:43:56,297][func.train][INFO] - 

[2024-07-18 17:43:56,297][func.train][INFO] - [DATASET] video_idx: 16
[2024-07-18 17:43:56,460][func.train][INFO] - [DATASET] Sampled video_idx: 16 at 25 fps to 2957 frames
[2024-07-18 17:43:56,461][func.train][INFO] - [DATASET] video 16 phase_labels: torch.Size([2957])
[2024-07-18 17:43:56,540][func.train][INFO] - [DATASET] gt_remaining_time h=5: torch.Size([2957, 8])
[2024-07-18 17:43:56,541][func.train][INFO] - 

[2024-07-18 17:43:56,541][func.train][INFO] - [DATASET] video_idx: 17
[2024-07-18 17:43:56,694][func.train][INFO] - [DATASET] Sampled video_idx: 17 at 25 fps to 1304 frames
[2024-07-18 17:43:56,695][func.train][INFO] - [DATASET] video 17 phase_labels: torch.Size([1304])
[2024-07-18 17:43:56,757][func.train][INFO] - [DATASET] gt_remaining_time h=5: torch.Size([1304, 8])
[2024-07-18 17:43:56,757][func.train][INFO] - 

[2024-07-18 17:43:56,757][func.train][INFO] - [DATASET] video_idx: 18
[2024-07-18 17:43:56,913][func.train][INFO] - [DATASET] Sampled video_idx: 18 at 25 fps to 1942 frames
[2024-07-18 17:43:56,913][func.train][INFO] - [DATASET] video 18 phase_labels: torch.Size([1942])
[2024-07-18 17:43:56,984][func.train][INFO] - [DATASET] gt_remaining_time h=5: torch.Size([1942, 8])
[2024-07-18 17:43:56,984][func.train][INFO] - 

[2024-07-18 17:43:56,984][func.train][INFO] - [DATASET] video_idx: 19
[2024-07-18 17:43:57,154][func.train][INFO] - [DATASET] Sampled video_idx: 19 at 25 fps to 2424 frames
[2024-07-18 17:43:57,154][func.train][INFO] - [DATASET] video 19 phase_labels: torch.Size([2424])
[2024-07-18 17:43:57,226][func.train][INFO] - [DATASET] gt_remaining_time h=5: torch.Size([2424, 8])
[2024-07-18 17:43:57,226][func.train][INFO] - 

[2024-07-18 17:43:57,226][func.train][INFO] - [DATASET] video_idx: 20
[2024-07-18 17:43:57,385][func.train][INFO] - [DATASET] Sampled video_idx: 20 at 25 fps to 1449 frames
[2024-07-18 17:43:57,386][func.train][INFO] - [DATASET] video 20 phase_labels: torch.Size([1449])
[2024-07-18 17:43:57,448][func.train][INFO] - [DATASET] gt_remaining_time h=5: torch.Size([1449, 8])
[2024-07-18 17:43:57,448][func.train][INFO] - 

[2024-07-18 17:43:57,448][func.train][INFO] - [DATASET] video_idx: 21
[2024-07-18 17:43:57,599][func.train][INFO] - [DATASET] Sampled video_idx: 21 at 25 fps to 1258 frames
[2024-07-18 17:43:57,600][func.train][INFO] - [DATASET] video 21 phase_labels: torch.Size([1258])
[2024-07-18 17:43:57,658][func.train][INFO] - [DATASET] gt_remaining_time h=5: torch.Size([1258, 8])
[2024-07-18 17:43:57,658][func.train][INFO] - 

[2024-07-18 17:43:57,658][func.train][INFO] - [DATASET] video_idx: 22
[2024-07-18 17:43:57,806][func.train][INFO] - [DATASET] Sampled video_idx: 22 at 25 fps to 1532 frames
[2024-07-18 17:43:57,807][func.train][INFO] - [DATASET] video 22 phase_labels: torch.Size([1532])
[2024-07-18 17:43:57,884][func.train][INFO] - [DATASET] gt_remaining_time h=5: torch.Size([1532, 8])
[2024-07-18 17:43:57,885][func.train][INFO] - 

[2024-07-18 17:43:57,885][func.train][INFO] - [DATASET] video_idx: 23
[2024-07-18 17:43:58,044][func.train][INFO] - [DATASET] Sampled video_idx: 23 at 25 fps to 1635 frames
[2024-07-18 17:43:58,045][func.train][INFO] - [DATASET] video 23 phase_labels: torch.Size([1635])
[2024-07-18 17:43:58,107][func.train][INFO] - [DATASET] gt_remaining_time h=5: torch.Size([1635, 8])
[2024-07-18 17:43:58,107][func.train][INFO] - 

[2024-07-18 17:43:58,107][func.train][INFO] - [DATASET] video_idx: 24
[2024-07-18 17:43:58,260][func.train][INFO] - [DATASET] Sampled video_idx: 24 at 25 fps to 1975 frames
[2024-07-18 17:43:58,261][func.train][INFO] - [DATASET] video 24 phase_labels: torch.Size([1975])
[2024-07-18 17:43:58,339][func.train][INFO] - [DATASET] gt_remaining_time h=5: torch.Size([1975, 8])
[2024-07-18 17:43:58,339][func.train][INFO] - 

[2024-07-18 17:43:58,339][func.train][INFO] - [DATASET] video_idx: 25
[2024-07-18 17:43:58,498][func.train][INFO] - [DATASET] Sampled video_idx: 25 at 25 fps to 2129 frames
[2024-07-18 17:43:58,498][func.train][INFO] - [DATASET] video 25 phase_labels: torch.Size([2129])
[2024-07-18 17:43:58,568][func.train][INFO] - [DATASET] gt_remaining_time h=5: torch.Size([2129, 8])
[2024-07-18 17:43:58,569][func.train][INFO] - 

[2024-07-18 17:43:58,569][func.train][INFO] - [DATASET] video_idx: 26
[2024-07-18 17:43:58,730][func.train][INFO] - [DATASET] Sampled video_idx: 26 at 25 fps to 1773 frames
[2024-07-18 17:43:58,731][func.train][INFO] - [DATASET] video 26 phase_labels: torch.Size([1773])
[2024-07-18 17:43:58,796][func.train][INFO] - [DATASET] gt_remaining_time h=5: torch.Size([1773, 8])
[2024-07-18 17:43:58,797][func.train][INFO] - 

[2024-07-18 17:43:58,797][func.train][INFO] - [DATASET] video_idx: 27
[2024-07-18 17:43:58,946][func.train][INFO] - [DATASET] Sampled video_idx: 27 at 25 fps to 2084 frames
[2024-07-18 17:43:58,947][func.train][INFO] - [DATASET] video 27 phase_labels: torch.Size([2084])
[2024-07-18 17:43:59,016][func.train][INFO] - [DATASET] gt_remaining_time h=5: torch.Size([2084, 8])
[2024-07-18 17:43:59,016][func.train][INFO] - 

[2024-07-18 17:43:59,016][func.train][INFO] - [DATASET] video_idx: 28
[2024-07-18 17:43:59,165][func.train][INFO] - [DATASET] Sampled video_idx: 28 at 25 fps to 1199 frames
[2024-07-18 17:43:59,165][func.train][INFO] - [DATASET] video 28 phase_labels: torch.Size([1199])
[2024-07-18 17:43:59,223][func.train][INFO] - [DATASET] gt_remaining_time h=5: torch.Size([1199, 8])
[2024-07-18 17:43:59,223][func.train][INFO] - 

[2024-07-18 17:43:59,223][func.train][INFO] - [DATASET] video_idx: 29
[2024-07-18 17:43:59,379][func.train][INFO] - [DATASET] Sampled video_idx: 29 at 25 fps to 2350 frames
[2024-07-18 17:43:59,380][func.train][INFO] - [DATASET] video 29 phase_labels: torch.Size([2350])
[2024-07-18 17:43:59,452][func.train][INFO] - [DATASET] gt_remaining_time h=5: torch.Size([2350, 8])
[2024-07-18 17:43:59,452][func.train][INFO] - 

[2024-07-18 17:43:59,452][func.train][INFO] - [DATASET] video_idx: 30
[2024-07-18 17:43:59,619][func.train][INFO] - [DATASET] Sampled video_idx: 30 at 25 fps to 2925 frames
[2024-07-18 17:43:59,620][func.train][INFO] - [DATASET] video 30 phase_labels: torch.Size([2925])
[2024-07-18 17:43:59,700][func.train][INFO] - [DATASET] gt_remaining_time h=5: torch.Size([2925, 8])
[2024-07-18 17:43:59,701][func.train][INFO] - 

[2024-07-18 17:43:59,701][func.train][INFO] - [DATASET] video_idx: 31
[2024-07-18 17:43:59,867][func.train][INFO] - [DATASET] Sampled video_idx: 31 at 25 fps to 3945 frames
[2024-07-18 17:43:59,868][func.train][INFO] - [DATASET] video 31 phase_labels: torch.Size([3945])
[2024-07-18 17:43:59,962][func.train][INFO] - [DATASET] gt_remaining_time h=5: torch.Size([3945, 8])
[2024-07-18 17:43:59,963][func.train][INFO] - 

[2024-07-18 17:43:59,963][func.train][INFO] - [DATASET] video_idx: 32
[2024-07-18 17:44:00,105][func.train][INFO] - [DATASET] Sampled video_idx: 32 at 25 fps to 2116 frames
[2024-07-18 17:44:00,106][func.train][INFO] - [DATASET] video 32 phase_labels: torch.Size([2116])
[2024-07-18 17:44:00,174][func.train][INFO] - [DATASET] gt_remaining_time h=5: torch.Size([2116, 8])
[2024-07-18 17:44:00,174][func.train][INFO] - 

[2024-07-18 17:44:00,174][func.train][INFO] - [DATASET] video_idx: 33
[2024-07-18 17:44:00,326][func.train][INFO] - [DATASET] Sampled video_idx: 33 at 25 fps to 1307 frames
[2024-07-18 17:44:00,326][func.train][INFO] - [DATASET] video 33 phase_labels: torch.Size([1307])
[2024-07-18 17:44:00,386][func.train][INFO] - [DATASET] gt_remaining_time h=5: torch.Size([1307, 8])
[2024-07-18 17:44:00,387][func.train][INFO] - 

[2024-07-18 17:44:00,387][func.train][INFO] - [DATASET] video_idx: 34
[2024-07-18 17:44:00,537][func.train][INFO] - [DATASET] Sampled video_idx: 34 at 25 fps to 1323 frames
[2024-07-18 17:44:00,538][func.train][INFO] - [DATASET] video 34 phase_labels: torch.Size([1323])
[2024-07-18 17:44:00,596][func.train][INFO] - [DATASET] gt_remaining_time h=5: torch.Size([1323, 8])
[2024-07-18 17:44:00,596][func.train][INFO] - 

[2024-07-18 17:44:00,596][func.train][INFO] - [DATASET] video_idx: 35
[2024-07-18 17:44:00,746][func.train][INFO] - [DATASET] Sampled video_idx: 35 at 25 fps to 2106 frames
[2024-07-18 17:44:00,747][func.train][INFO] - [DATASET] video 35 phase_labels: torch.Size([2106])
[2024-07-18 17:44:00,815][func.train][INFO] - [DATASET] gt_remaining_time h=5: torch.Size([2106, 8])
[2024-07-18 17:44:00,815][func.train][INFO] - 

[2024-07-18 17:44:00,816][func.train][INFO] - [DATASET] video_idx: 36
[2024-07-18 17:44:00,978][func.train][INFO] - [DATASET] Sampled video_idx: 36 at 25 fps to 2387 frames
[2024-07-18 17:44:00,979][func.train][INFO] - [DATASET] video 36 phase_labels: torch.Size([2387])
[2024-07-18 17:44:01,059][func.train][INFO] - [DATASET] gt_remaining_time h=5: torch.Size([2387, 8])
[2024-07-18 17:44:01,059][func.train][INFO] - 

[2024-07-18 17:44:01,059][func.train][INFO] - [DATASET] video_idx: 37
[2024-07-18 17:44:01,207][func.train][INFO] - [DATASET] Sampled video_idx: 37 at 25 fps to 1232 frames
[2024-07-18 17:44:01,207][func.train][INFO] - [DATASET] video 37 phase_labels: torch.Size([1232])
[2024-07-18 17:44:01,265][func.train][INFO] - [DATASET] gt_remaining_time h=5: torch.Size([1232, 8])
[2024-07-18 17:44:01,265][func.train][INFO] - 

[2024-07-18 17:44:01,265][func.train][INFO] - [DATASET] video_idx: 38
[2024-07-18 17:44:01,412][func.train][INFO] - [DATASET] Sampled video_idx: 38 at 25 fps to 3080 frames
[2024-07-18 17:44:01,412][func.train][INFO] - [DATASET] video 38 phase_labels: torch.Size([3080])
[2024-07-18 17:44:01,496][func.train][INFO] - [DATASET] gt_remaining_time h=5: torch.Size([3080, 8])
[2024-07-18 17:44:01,496][func.train][INFO] - 

[2024-07-18 17:44:01,496][func.train][INFO] - [DATASET] video_idx: 39
[2024-07-18 17:44:01,646][func.train][INFO] - [DATASET] Sampled video_idx: 39 at 25 fps to 1647 frames
[2024-07-18 17:44:01,646][func.train][INFO] - [DATASET] video 39 phase_labels: torch.Size([1647])
[2024-07-18 17:44:01,709][func.train][INFO] - [DATASET] gt_remaining_time h=5: torch.Size([1647, 8])
[2024-07-18 17:44:01,709][func.train][INFO] - 

[2024-07-18 17:44:01,709][func.train][INFO] - [DATASET] video_idx: 40
[2024-07-18 17:44:01,858][func.train][INFO] - [DATASET] Sampled video_idx: 40 at 25 fps to 2222 frames
[2024-07-18 17:44:01,859][func.train][INFO] - [DATASET] video 40 phase_labels: torch.Size([2222])
[2024-07-18 17:44:01,938][func.train][INFO] - [DATASET] gt_remaining_time h=5: torch.Size([2222, 8])
[2024-07-18 17:44:01,938][func.train][INFO] - 

[2024-07-18 17:44:01,938][func.train][INFO] - [DATASET] video_idx: 41
[2024-07-18 17:44:02,097][func.train][INFO] - [DATASET] Sampled video_idx: 41 at 25 fps to 3103 frames
[2024-07-18 17:44:02,098][func.train][INFO] - [DATASET] video 41 phase_labels: torch.Size([3103])
[2024-07-18 17:44:02,185][func.train][INFO] - [DATASET] gt_remaining_time h=5: torch.Size([3103, 8])
[2024-07-18 17:44:02,185][func.train][INFO] - 

[2024-07-18 17:44:02,186][func.train][INFO] - [DATASET] video_idx: 42
[2024-07-18 17:44:02,344][func.train][INFO] - [DATASET] Sampled video_idx: 42 at 25 fps to 3712 frames
[2024-07-18 17:44:02,345][func.train][INFO] - [DATASET] video 42 phase_labels: torch.Size([3712])
[2024-07-18 17:44:02,448][func.train][INFO] - [DATASET] gt_remaining_time h=5: torch.Size([3712, 8])
[2024-07-18 17:44:02,448][func.train][INFO] - 

[2024-07-18 17:44:02,448][func.train][INFO] - [DATASET] video_idx: 43
[2024-07-18 17:44:02,609][func.train][INFO] - [DATASET] Sampled video_idx: 43 at 25 fps to 2362 frames
[2024-07-18 17:44:02,610][func.train][INFO] - [DATASET] video 43 phase_labels: torch.Size([2362])
[2024-07-18 17:44:02,683][func.train][INFO] - [DATASET] gt_remaining_time h=5: torch.Size([2362, 8])
[2024-07-18 17:44:02,683][func.train][INFO] - 

[2024-07-18 17:44:02,683][func.train][INFO] - [DATASET] video_idx: 44
[2024-07-18 17:44:02,841][func.train][INFO] - [DATASET] Sampled video_idx: 44 at 25 fps to 3127 frames
[2024-07-18 17:44:02,842][func.train][INFO] - [DATASET] video 44 phase_labels: torch.Size([3127])
[2024-07-18 17:44:02,926][func.train][INFO] - [DATASET] gt_remaining_time h=5: torch.Size([3127, 8])
[2024-07-18 17:44:02,926][func.train][INFO] - 

[2024-07-18 17:44:02,926][func.train][INFO] - [DATASET] video_idx: 45
[2024-07-18 17:44:03,081][func.train][INFO] - [DATASET] Sampled video_idx: 45 at 25 fps to 3387 frames
[2024-07-18 17:44:03,082][func.train][INFO] - [DATASET] video 45 phase_labels: torch.Size([3387])
[2024-07-18 17:44:03,171][func.train][INFO] - [DATASET] gt_remaining_time h=5: torch.Size([3387, 8])
[2024-07-18 17:44:03,171][func.train][INFO] - 

[2024-07-18 17:44:03,171][func.train][INFO] - [DATASET] video_idx: 46
[2024-07-18 17:44:03,322][func.train][INFO] - [DATASET] Sampled video_idx: 46 at 25 fps to 1653 frames
[2024-07-18 17:44:03,322][func.train][INFO] - [DATASET] video 46 phase_labels: torch.Size([1653])
[2024-07-18 17:44:03,387][func.train][INFO] - [DATASET] gt_remaining_time h=5: torch.Size([1653, 8])
[2024-07-18 17:44:03,387][func.train][INFO] - 

[2024-07-18 17:44:03,387][func.train][INFO] - [DATASET] video_idx: 47
[2024-07-18 17:44:03,544][func.train][INFO] - [DATASET] Sampled video_idx: 47 at 25 fps to 2259 frames
[2024-07-18 17:44:03,545][func.train][INFO] - [DATASET] video 47 phase_labels: torch.Size([2259])
[2024-07-18 17:44:03,620][func.train][INFO] - [DATASET] gt_remaining_time h=5: torch.Size([2259, 8])
[2024-07-18 17:44:03,620][func.train][INFO] - 

[2024-07-18 17:44:03,620][func.train][INFO] - [DATASET] video_idx: 48
[2024-07-18 17:44:03,768][func.train][INFO] - [DATASET] Sampled video_idx: 48 at 25 fps to 1834 frames
[2024-07-18 17:44:03,768][func.train][INFO] - [DATASET] video 48 phase_labels: torch.Size([1834])
[2024-07-18 17:44:03,838][func.train][INFO] - [DATASET] gt_remaining_time h=5: torch.Size([1834, 8])
[2024-07-18 17:44:03,838][func.train][INFO] - 

[2024-07-18 17:44:03,838][func.train][INFO] - [DATASET] video_idx: 49
[2024-07-18 17:44:03,987][func.train][INFO] - [DATASET] Sampled video_idx: 49 at 25 fps to 1671 frames
[2024-07-18 17:44:03,988][func.train][INFO] - [DATASET] video 49 phase_labels: torch.Size([1671])
[2024-07-18 17:44:04,052][func.train][INFO] - [DATASET] gt_remaining_time h=5: torch.Size([1671, 8])
[2024-07-18 17:44:04,053][func.train][INFO] - 

[2024-07-18 17:44:04,053][func.train][INFO] - [DATASET] video_idx: 50
[2024-07-18 17:44:04,199][func.train][INFO] - [DATASET] Sampled video_idx: 50 at 25 fps to 1094 frames
[2024-07-18 17:44:04,200][func.train][INFO] - [DATASET] video 50 phase_labels: torch.Size([1094])
[2024-07-18 17:44:04,249][func.train][INFO] - [DATASET] gt_remaining_time h=5: torch.Size([1094, 8])
[2024-07-18 17:44:04,249][func.train][INFO] - 

[2024-07-18 17:44:04,249][func.train][INFO] - [DATASET] video_idx: 51
[2024-07-18 17:44:04,400][func.train][INFO] - [DATASET] Sampled video_idx: 51 at 25 fps to 2944 frames
[2024-07-18 17:44:04,401][func.train][INFO] - [DATASET] video 51 phase_labels: torch.Size([2944])
[2024-07-18 17:44:04,501][func.train][INFO] - [DATASET] gt_remaining_time h=5: torch.Size([2944, 8])
[2024-07-18 17:44:04,501][func.train][INFO] - 

[2024-07-18 17:44:04,501][func.train][INFO] - [DATASET] video_idx: 52
[2024-07-18 17:44:04,641][func.train][INFO] - [DATASET] Sampled video_idx: 52 at 25 fps to 1966 frames
[2024-07-18 17:44:04,642][func.train][INFO] - [DATASET] video 52 phase_labels: torch.Size([1966])
[2024-07-18 17:44:04,710][func.train][INFO] - [DATASET] gt_remaining_time h=5: torch.Size([1966, 8])
[2024-07-18 17:44:04,710][func.train][INFO] - 

[2024-07-18 17:44:04,711][func.train][INFO] - [DATASET] video_idx: 53
[2024-07-18 17:44:04,866][func.train][INFO] - [DATASET] Sampled video_idx: 53 at 25 fps to 3283 frames
[2024-07-18 17:44:04,867][func.train][INFO] - [DATASET] video 53 phase_labels: torch.Size([3283])
[2024-07-18 17:44:04,951][func.train][INFO] - [DATASET] gt_remaining_time h=5: torch.Size([3283, 8])
[2024-07-18 17:44:04,951][func.train][INFO] - 

[2024-07-18 17:44:04,951][func.train][INFO] - [DATASET] video_idx: 54
[2024-07-18 17:44:05,103][func.train][INFO] - [DATASET] Sampled video_idx: 54 at 25 fps to 3100 frames
[2024-07-18 17:44:05,104][func.train][INFO] - [DATASET] video 54 phase_labels: torch.Size([3100])
[2024-07-18 17:44:05,186][func.train][INFO] - [DATASET] gt_remaining_time h=5: torch.Size([3100, 8])
[2024-07-18 17:44:05,187][func.train][INFO] - 

[2024-07-18 17:44:05,187][func.train][INFO] - [DATASET] video_idx: 55
[2024-07-18 17:44:05,337][func.train][INFO] - [DATASET] Sampled video_idx: 55 at 25 fps to 1037 frames
[2024-07-18 17:44:05,338][func.train][INFO] - [DATASET] video 55 phase_labels: torch.Size([1037])
[2024-07-18 17:44:05,395][func.train][INFO] - [DATASET] gt_remaining_time h=5: torch.Size([1037, 8])
[2024-07-18 17:44:05,395][func.train][INFO] - 

[2024-07-18 17:44:05,395][func.train][INFO] - [DATASET] video_idx: 56
[2024-07-18 17:44:05,544][func.train][INFO] - [DATASET] Sampled video_idx: 56 at 25 fps to 1834 frames
[2024-07-18 17:44:05,544][func.train][INFO] - [DATASET] video 56 phase_labels: torch.Size([1834])
[2024-07-18 17:44:05,616][func.train][INFO] - [DATASET] gt_remaining_time h=5: torch.Size([1834, 8])
[2024-07-18 17:44:05,616][func.train][INFO] - 

[2024-07-18 17:44:05,616][func.train][INFO] - [DATASET] video_idx: 57
[2024-07-18 17:44:05,771][func.train][INFO] - [DATASET] Sampled video_idx: 57 at 25 fps to 2632 frames
[2024-07-18 17:44:05,771][func.train][INFO] - [DATASET] video 57 phase_labels: torch.Size([2632])
[2024-07-18 17:44:05,851][func.train][INFO] - [DATASET] gt_remaining_time h=5: torch.Size([2632, 8])
[2024-07-18 17:44:05,851][func.train][INFO] - 

[2024-07-18 17:44:05,851][func.train][INFO] - [DATASET] video_idx: 58
[2024-07-18 17:44:06,024][func.train][INFO] - [DATASET] Sampled video_idx: 58 at 25 fps to 5993 frames
[2024-07-18 17:44:06,025][func.train][INFO] - [DATASET] video 58 phase_labels: torch.Size([5993])
[2024-07-18 17:44:06,157][func.train][INFO] - [DATASET] gt_remaining_time h=5: torch.Size([5993, 8])
[2024-07-18 17:44:06,158][func.train][INFO] - 

[2024-07-18 17:44:06,158][func.train][INFO] - [DATASET] video_idx: 59
[2024-07-18 17:44:06,295][func.train][INFO] - [DATASET] Sampled video_idx: 59 at 25 fps to 1046 frames
[2024-07-18 17:44:06,296][func.train][INFO] - [DATASET] video 59 phase_labels: torch.Size([1046])
[2024-07-18 17:44:06,351][func.train][INFO] - [DATASET] gt_remaining_time h=5: torch.Size([1046, 8])
[2024-07-18 17:44:06,351][func.train][INFO] - 

[2024-07-18 17:44:06,351][func.train][INFO] - [DATASET] video_idx: 60
[2024-07-18 17:44:06,502][func.train][INFO] - [DATASET] Sampled video_idx: 60 at 25 fps to 2532 frames
[2024-07-18 17:44:06,502][func.train][INFO] - [DATASET] video 60 phase_labels: torch.Size([2532])
[2024-07-18 17:44:06,584][func.train][INFO] - [DATASET] gt_remaining_time h=5: torch.Size([2532, 8])
[2024-07-18 17:44:06,584][func.train][INFO] - 

[2024-07-18 17:44:06,585][func.train][INFO] - [DATASET] number of train videos: 60
[2024-07-18 17:44:06,585][func.train][INFO] - [DATASET] avg video length: 38.02 minutes
[2024-07-18 17:44:06,676][func.train][INFO] - [DATASET] num classes at 1fps in train: (136873,)
[2024-07-18 17:44:06,678][func.train][INFO] - [DATASET] classes_counts_dict: {0: 6410, 1: 57370, 2: 11129, 3: 39289, 4: 5529, 5: 12039, 6: 5107}
[2024-07-18 17:44:06,679][func.train][INFO] - [DATASET] curr_class_weights: tensor([3.0504, 0.3408, 1.7570, 0.4977, 3.5365, 1.6242, 3.8287])
[2024-07-18 17:44:06,679][func.train][INFO] - [DATASET] num_eos_vals: 19553.285714285714
[2024-07-18 17:44:06,679][func.train][INFO] - [DATASET] classes_counts_dict: {0: 6410, 1: 57370, 2: 11129, 3: 39289, 4: 5529, 5: 12039, 6: 5107, 7: 19553}
[2024-07-18 17:44:06,680][func.train][INFO] - [DATASET] next_class_weights: tensor([3.0504, 0.3408, 1.7570, 0.4977, 3.5365, 1.6242, 3.8287, 1.0000])
[2024-07-18 17:44:08,154][func.train][INFO] - [DATASET] df unique videos: [1 2 3 4 5 6 7 8 9 10 11 12 13 14 15 16 17 18 19 20 21 22 23 24 25 26 27
 28 29 30 31 32 33 34 35 36 37 38 39 40 41 42 43 44 45 46 47 48 49 50 51
 52 53 54 55 56 57 58 59 60 61 62 63 64 65 66 67 68 69 70 71 72 73 74 75
 76 77 78 79 80]
[2024-07-18 17:44:08,154][func.train][INFO] - [DATASET] split: test video_indices: [61]
[2024-07-18 17:44:08,247][func.train][INFO] - [DATASET] test size: 110226
[2024-07-18 17:44:08,247][func.train][INFO] - [DATASET] test video_indices: [61]
[2024-07-18 17:44:08,247][func.train][INFO] - [DATASET] video_idx: 61
[2024-07-18 17:44:08,267][func.train][INFO] - [DATASET] Sampled video_idx: 61 at 25 fps to 4409 frames
[2024-07-18 17:44:08,269][func.train][INFO] - [DATASET] video 61 phase_labels: torch.Size([4409])
[2024-07-18 17:44:08,385][func.train][INFO] - [DATASET] gt_remaining_time h=5: torch.Size([4409, 8])
[2024-07-18 17:44:08,385][func.train][INFO] - 

[2024-07-18 17:44:08,385][func.train][INFO] - [DATASET] number of test videos: 1
[2024-07-18 17:44:08,385][func.train][INFO] - [DATASET] avg video length: 73.48 minutes
[2024-07-18 17:44:09,846][func.train][INFO] - [DATASET] df unique videos: [1 2 3 4 5 6 7 8 9 10 11 12 13 14 15 16 17 18 19 20 21 22 23 24 25 26 27
 28 29 30 31 32 33 34 35 36 37 38 39 40 41 42 43 44 45 46 47 48 49 50 51
 52 53 54 55 56 57 58 59 60 61 62 63 64 65 66 67 68 69 70 71 72 73 74 75
 76 77 78 79 80]
[2024-07-18 17:44:09,847][func.train][INFO] - [DATASET] split: test video_indices: [62]
[2024-07-18 17:44:09,913][func.train][INFO] - [DATASET] test size: 50801
[2024-07-18 17:44:09,914][func.train][INFO] - [DATASET] test video_indices: [62]
[2024-07-18 17:44:09,914][func.train][INFO] - [DATASET] video_idx: 62
[2024-07-18 17:44:09,923][func.train][INFO] - [DATASET] Sampled video_idx: 62 at 25 fps to 2032 frames
[2024-07-18 17:44:09,924][func.train][INFO] - [DATASET] video 62 phase_labels: torch.Size([2032])
[2024-07-18 17:44:09,991][func.train][INFO] - [DATASET] gt_remaining_time h=5: torch.Size([2032, 8])
[2024-07-18 17:44:09,991][func.train][INFO] - 

[2024-07-18 17:44:09,992][func.train][INFO] - [DATASET] number of test videos: 1
[2024-07-18 17:44:09,992][func.train][INFO] - [DATASET] avg video length: 33.87 minutes
[2024-07-18 17:44:11,504][func.train][INFO] - [DATASET] df unique videos: [1 2 3 4 5 6 7 8 9 10 11 12 13 14 15 16 17 18 19 20 21 22 23 24 25 26 27
 28 29 30 31 32 33 34 35 36 37 38 39 40 41 42 43 44 45 46 47 48 49 50 51
 52 53 54 55 56 57 58 59 60 61 62 63 64 65 66 67 68 69 70 71 72 73 74 75
 76 77 78 79 80]
[2024-07-18 17:44:11,504][func.train][INFO] - [DATASET] split: test video_indices: [63]
[2024-07-18 17:44:11,583][func.train][INFO] - [DATASET] test size: 85826
[2024-07-18 17:44:11,583][func.train][INFO] - [DATASET] test video_indices: [63]
[2024-07-18 17:44:11,583][func.train][INFO] - [DATASET] video_idx: 63
[2024-07-18 17:44:11,600][func.train][INFO] - [DATASET] Sampled video_idx: 63 at 25 fps to 3433 frames
[2024-07-18 17:44:11,601][func.train][INFO] - [DATASET] video 63 phase_labels: torch.Size([3433])
[2024-07-18 17:44:11,693][func.train][INFO] - [DATASET] gt_remaining_time h=5: torch.Size([3433, 8])
[2024-07-18 17:44:11,693][func.train][INFO] - 

[2024-07-18 17:44:11,694][func.train][INFO] - [DATASET] number of test videos: 1
[2024-07-18 17:44:11,694][func.train][INFO] - [DATASET] avg video length: 57.22 minutes
[2024-07-18 17:44:13,104][func.train][INFO] - [DATASET] df unique videos: [1 2 3 4 5 6 7 8 9 10 11 12 13 14 15 16 17 18 19 20 21 22 23 24 25 26 27
 28 29 30 31 32 33 34 35 36 37 38 39 40 41 42 43 44 45 46 47 48 49 50 51
 52 53 54 55 56 57 58 59 60 61 62 63 64 65 66 67 68 69 70 71 72 73 74 75
 76 77 78 79 80]
[2024-07-18 17:44:13,104][func.train][INFO] - [DATASET] split: test video_indices: [64]
[2024-07-18 17:44:13,171][func.train][INFO] - [DATASET] test size: 59951
[2024-07-18 17:44:13,171][func.train][INFO] - [DATASET] test video_indices: [64]
[2024-07-18 17:44:13,171][func.train][INFO] - [DATASET] video_idx: 64
[2024-07-18 17:44:13,184][func.train][INFO] - [DATASET] Sampled video_idx: 64 at 25 fps to 2398 frames
[2024-07-18 17:44:13,185][func.train][INFO] - [DATASET] video 64 phase_labels: torch.Size([2398])
[2024-07-18 17:44:13,263][func.train][INFO] - [DATASET] gt_remaining_time h=5: torch.Size([2398, 8])
[2024-07-18 17:44:13,263][func.train][INFO] - 

[2024-07-18 17:44:13,263][func.train][INFO] - [DATASET] number of test videos: 1
[2024-07-18 17:44:13,263][func.train][INFO] - [DATASET] avg video length: 39.97 minutes
[2024-07-18 17:44:14,827][func.train][INFO] - [DATASET] df unique videos: [1 2 3 4 5 6 7 8 9 10 11 12 13 14 15 16 17 18 19 20 21 22 23 24 25 26 27
 28 29 30 31 32 33 34 35 36 37 38 39 40 41 42 43 44 45 46 47 48 49 50 51
 52 53 54 55 56 57 58 59 60 61 62 63 64 65 66 67 68 69 70 71 72 73 74 75
 76 77 78 79 80]
[2024-07-18 17:44:14,828][func.train][INFO] - [DATASET] split: test video_indices: [65]
[2024-07-18 17:44:14,895][func.train][INFO] - [DATASET] test size: 46826
[2024-07-18 17:44:14,895][func.train][INFO] - [DATASET] test video_indices: [65]
[2024-07-18 17:44:14,895][func.train][INFO] - [DATASET] video_idx: 65
[2024-07-18 17:44:14,905][func.train][INFO] - [DATASET] Sampled video_idx: 65 at 25 fps to 1873 frames
[2024-07-18 17:44:14,906][func.train][INFO] - [DATASET] video 65 phase_labels: torch.Size([1873])
[2024-07-18 17:44:14,969][func.train][INFO] - [DATASET] gt_remaining_time h=5: torch.Size([1873, 8])
[2024-07-18 17:44:14,969][func.train][INFO] - 

[2024-07-18 17:44:14,969][func.train][INFO] - [DATASET] number of test videos: 1
[2024-07-18 17:44:14,969][func.train][INFO] - [DATASET] avg video length: 31.22 minutes
[2024-07-18 17:44:16,567][func.train][INFO] - [DATASET] df unique videos: [1 2 3 4 5 6 7 8 9 10 11 12 13 14 15 16 17 18 19 20 21 22 23 24 25 26 27
 28 29 30 31 32 33 34 35 36 37 38 39 40 41 42 43 44 45 46 47 48 49 50 51
 52 53 54 55 56 57 58 59 60 61 62 63 64 65 66 67 68 69 70 71 72 73 74 75
 76 77 78 79 80]
[2024-07-18 17:44:16,567][func.train][INFO] - [DATASET] split: test video_indices: [66]
[2024-07-18 17:44:16,646][func.train][INFO] - [DATASET] test size: 45601
[2024-07-18 17:44:16,646][func.train][INFO] - [DATASET] test video_indices: [66]
[2024-07-18 17:44:16,646][func.train][INFO] - [DATASET] video_idx: 66
[2024-07-18 17:44:16,655][func.train][INFO] - [DATASET] Sampled video_idx: 66 at 25 fps to 1824 frames
[2024-07-18 17:44:16,656][func.train][INFO] - [DATASET] video 66 phase_labels: torch.Size([1824])
[2024-07-18 17:44:16,722][func.train][INFO] - [DATASET] gt_remaining_time h=5: torch.Size([1824, 8])
[2024-07-18 17:44:16,722][func.train][INFO] - 

[2024-07-18 17:44:16,722][func.train][INFO] - [DATASET] number of test videos: 1
[2024-07-18 17:44:16,723][func.train][INFO] - [DATASET] avg video length: 30.40 minutes
[2024-07-18 17:44:18,228][func.train][INFO] - [DATASET] df unique videos: [1 2 3 4 5 6 7 8 9 10 11 12 13 14 15 16 17 18 19 20 21 22 23 24 25 26 27
 28 29 30 31 32 33 34 35 36 37 38 39 40 41 42 43 44 45 46 47 48 49 50 51
 52 53 54 55 56 57 58 59 60 61 62 63 64 65 66 67 68 69 70 71 72 73 74 75
 76 77 78 79 80]
[2024-07-18 17:44:18,228][func.train][INFO] - [DATASET] split: test video_indices: [67]
[2024-07-18 17:44:18,301][func.train][INFO] - [DATASET] test size: 58826
[2024-07-18 17:44:18,302][func.train][INFO] - [DATASET] test video_indices: [67]
[2024-07-18 17:44:18,302][func.train][INFO] - [DATASET] video_idx: 67
[2024-07-18 17:44:18,313][func.train][INFO] - [DATASET] Sampled video_idx: 67 at 25 fps to 2353 frames
[2024-07-18 17:44:18,317][func.train][INFO] - [DATASET] video 67 phase_labels: torch.Size([2353])
[2024-07-18 17:44:18,394][func.train][INFO] - [DATASET] gt_remaining_time h=5: torch.Size([2353, 8])
[2024-07-18 17:44:18,394][func.train][INFO] - 

[2024-07-18 17:44:18,394][func.train][INFO] - [DATASET] number of test videos: 1
[2024-07-18 17:44:18,394][func.train][INFO] - [DATASET] avg video length: 39.22 minutes
[2024-07-18 17:44:19,896][func.train][INFO] - [DATASET] df unique videos: [1 2 3 4 5 6 7 8 9 10 11 12 13 14 15 16 17 18 19 20 21 22 23 24 25 26 27
 28 29 30 31 32 33 34 35 36 37 38 39 40 41 42 43 44 45 46 47 48 49 50 51
 52 53 54 55 56 57 58 59 60 61 62 63 64 65 66 67 68 69 70 71 72 73 74 75
 76 77 78 79 80]
[2024-07-18 17:44:19,897][func.train][INFO] - [DATASET] split: test video_indices: [68]
[2024-07-18 17:44:19,964][func.train][INFO] - [DATASET] test size: 49301
[2024-07-18 17:44:19,964][func.train][INFO] - [DATASET] test video_indices: [68]
[2024-07-18 17:44:19,964][func.train][INFO] - [DATASET] video_idx: 68
[2024-07-18 17:44:19,973][func.train][INFO] - [DATASET] Sampled video_idx: 68 at 25 fps to 1972 frames
[2024-07-18 17:44:19,974][func.train][INFO] - [DATASET] video 68 phase_labels: torch.Size([1972])
[2024-07-18 17:44:20,045][func.train][INFO] - [DATASET] gt_remaining_time h=5: torch.Size([1972, 8])
[2024-07-18 17:44:20,045][func.train][INFO] - 

[2024-07-18 17:44:20,045][func.train][INFO] - [DATASET] number of test videos: 1
[2024-07-18 17:44:20,045][func.train][INFO] - [DATASET] avg video length: 32.87 minutes
[2024-07-18 17:44:21,554][func.train][INFO] - [DATASET] df unique videos: [1 2 3 4 5 6 7 8 9 10 11 12 13 14 15 16 17 18 19 20 21 22 23 24 25 26 27
 28 29 30 31 32 33 34 35 36 37 38 39 40 41 42 43 44 45 46 47 48 49 50 51
 52 53 54 55 56 57 58 59 60 61 62 63 64 65 66 67 68 69 70 71 72 73 74 75
 76 77 78 79 80]
[2024-07-18 17:44:21,555][func.train][INFO] - [DATASET] split: test video_indices: [69]
[2024-07-18 17:44:21,648][func.train][INFO] - [DATASET] test size: 114376
[2024-07-18 17:44:21,648][func.train][INFO] - [DATASET] test video_indices: [69]
[2024-07-18 17:44:21,648][func.train][INFO] - [DATASET] video_idx: 69
[2024-07-18 17:44:21,668][func.train][INFO] - [DATASET] Sampled video_idx: 69 at 25 fps to 4575 frames
[2024-07-18 17:44:21,669][func.train][INFO] - [DATASET] video 69 phase_labels: torch.Size([4575])
[2024-07-18 17:44:21,780][func.train][INFO] - [DATASET] gt_remaining_time h=5: torch.Size([4575, 8])
[2024-07-18 17:44:21,780][func.train][INFO] - 

[2024-07-18 17:44:21,780][func.train][INFO] - [DATASET] number of test videos: 1
[2024-07-18 17:44:21,780][func.train][INFO] - [DATASET] avg video length: 76.25 minutes
[2024-07-18 17:44:23,283][func.train][INFO] - [DATASET] df unique videos: [1 2 3 4 5 6 7 8 9 10 11 12 13 14 15 16 17 18 19 20 21 22 23 24 25 26 27
 28 29 30 31 32 33 34 35 36 37 38 39 40 41 42 43 44 45 46 47 48 49 50 51
 52 53 54 55 56 57 58 59 60 61 62 63 64 65 66 67 68 69 70 71 72 73 74 75
 76 77 78 79 80]
[2024-07-18 17:44:23,284][func.train][INFO] - [DATASET] split: test video_indices: [70]
[2024-07-18 17:44:23,344][func.train][INFO] - [DATASET] test size: 29851
[2024-07-18 17:44:23,344][func.train][INFO] - [DATASET] test video_indices: [70]
[2024-07-18 17:44:23,345][func.train][INFO] - [DATASET] video_idx: 70
[2024-07-18 17:44:23,350][func.train][INFO] - [DATASET] Sampled video_idx: 70 at 25 fps to 1194 frames
[2024-07-18 17:44:23,350][func.train][INFO] - [DATASET] video 70 phase_labels: torch.Size([1194])
[2024-07-18 17:44:23,408][func.train][INFO] - [DATASET] gt_remaining_time h=5: torch.Size([1194, 8])
[2024-07-18 17:44:23,408][func.train][INFO] - 

[2024-07-18 17:44:23,408][func.train][INFO] - [DATASET] number of test videos: 1
[2024-07-18 17:44:23,408][func.train][INFO] - [DATASET] avg video length: 19.90 minutes
[2024-07-18 17:44:24,869][func.train][INFO] - [DATASET] df unique videos: [1 2 3 4 5 6 7 8 9 10 11 12 13 14 15 16 17 18 19 20 21 22 23 24 25 26 27
 28 29 30 31 32 33 34 35 36 37 38 39 40 41 42 43 44 45 46 47 48 49 50 51
 52 53 54 55 56 57 58 59 60 61 62 63 64 65 66 67 68 69 70 71 72 73 74 75
 76 77 78 79 80]
[2024-07-18 17:44:24,869][func.train][INFO] - [DATASET] split: test video_indices: [71]
[2024-07-18 17:44:24,944][func.train][INFO] - [DATASET] test size: 62876
[2024-07-18 17:44:24,944][func.train][INFO] - [DATASET] test video_indices: [71]
[2024-07-18 17:44:24,944][func.train][INFO] - [DATASET] video_idx: 71
[2024-07-18 17:44:24,955][func.train][INFO] - [DATASET] Sampled video_idx: 71 at 25 fps to 2515 frames
[2024-07-18 17:44:24,956][func.train][INFO] - [DATASET] video 71 phase_labels: torch.Size([2515])
[2024-07-18 17:44:25,026][func.train][INFO] - [DATASET] gt_remaining_time h=5: torch.Size([2515, 8])
[2024-07-18 17:44:25,026][func.train][INFO] - 

[2024-07-18 17:44:25,026][func.train][INFO] - [DATASET] number of test videos: 1
[2024-07-18 17:44:25,026][func.train][INFO] - [DATASET] avg video length: 41.92 minutes
[2024-07-18 17:44:26,528][func.train][INFO] - [DATASET] df unique videos: [1 2 3 4 5 6 7 8 9 10 11 12 13 14 15 16 17 18 19 20 21 22 23 24 25 26 27
 28 29 30 31 32 33 34 35 36 37 38 39 40 41 42 43 44 45 46 47 48 49 50 51
 52 53 54 55 56 57 58 59 60 61 62 63 64 65 66 67 68 69 70 71 72 73 74 75
 76 77 78 79 80]
[2024-07-18 17:44:26,529][func.train][INFO] - [DATASET] split: test video_indices: [72]
[2024-07-18 17:44:26,603][func.train][INFO] - [DATASET] test size: 77651
[2024-07-18 17:44:26,604][func.train][INFO] - [DATASET] test video_indices: [72]
[2024-07-18 17:44:26,604][func.train][INFO] - [DATASET] video_idx: 72
[2024-07-18 17:44:26,617][func.train][INFO] - [DATASET] Sampled video_idx: 72 at 25 fps to 3106 frames
[2024-07-18 17:44:26,618][func.train][INFO] - [DATASET] video 72 phase_labels: torch.Size([3106])
[2024-07-18 17:44:26,704][func.train][INFO] - [DATASET] gt_remaining_time h=5: torch.Size([3106, 8])
[2024-07-18 17:44:26,704][func.train][INFO] - 

[2024-07-18 17:44:26,704][func.train][INFO] - [DATASET] number of test videos: 1
[2024-07-18 17:44:26,704][func.train][INFO] - [DATASET] avg video length: 51.77 minutes
[2024-07-18 17:44:28,284][func.train][INFO] - [DATASET] df unique videos: [1 2 3 4 5 6 7 8 9 10 11 12 13 14 15 16 17 18 19 20 21 22 23 24 25 26 27
 28 29 30 31 32 33 34 35 36 37 38 39 40 41 42 43 44 45 46 47 48 49 50 51
 52 53 54 55 56 57 58 59 60 61 62 63 64 65 66 67 68 69 70 71 72 73 74 75
 76 77 78 79 80]
[2024-07-18 17:44:28,284][func.train][INFO] - [DATASET] split: test video_indices: [73]
[2024-07-18 17:44:28,350][func.train][INFO] - [DATASET] test size: 33901
[2024-07-18 17:44:28,350][func.train][INFO] - [DATASET] test video_indices: [73]
[2024-07-18 17:44:28,350][func.train][INFO] - [DATASET] video_idx: 73
[2024-07-18 17:44:28,356][func.train][INFO] - [DATASET] Sampled video_idx: 73 at 25 fps to 1356 frames
[2024-07-18 17:44:28,357][func.train][INFO] - [DATASET] video 73 phase_labels: torch.Size([1356])
[2024-07-18 17:44:28,425][func.train][INFO] - [DATASET] gt_remaining_time h=5: torch.Size([1356, 8])
[2024-07-18 17:44:28,425][func.train][INFO] - 

[2024-07-18 17:44:28,426][func.train][INFO] - [DATASET] number of test videos: 1
[2024-07-18 17:44:28,426][func.train][INFO] - [DATASET] avg video length: 22.60 minutes
[2024-07-18 17:44:29,941][func.train][INFO] - [DATASET] df unique videos: [1 2 3 4 5 6 7 8 9 10 11 12 13 14 15 16 17 18 19 20 21 22 23 24 25 26 27
 28 29 30 31 32 33 34 35 36 37 38 39 40 41 42 43 44 45 46 47 48 49 50 51
 52 53 54 55 56 57 58 59 60 61 62 63 64 65 66 67 68 69 70 71 72 73 74 75
 76 77 78 79 80]
[2024-07-18 17:44:29,941][func.train][INFO] - [DATASET] split: test video_indices: [74]
[2024-07-18 17:44:30,009][func.train][INFO] - [DATASET] test size: 40851
[2024-07-18 17:44:30,010][func.train][INFO] - [DATASET] test video_indices: [74]
[2024-07-18 17:44:30,010][func.train][INFO] - [DATASET] video_idx: 74
[2024-07-18 17:44:30,017][func.train][INFO] - [DATASET] Sampled video_idx: 74 at 25 fps to 1634 frames
[2024-07-18 17:44:30,018][func.train][INFO] - [DATASET] video 74 phase_labels: torch.Size([1634])
[2024-07-18 17:44:30,085][func.train][INFO] - [DATASET] gt_remaining_time h=5: torch.Size([1634, 8])
[2024-07-18 17:44:30,086][func.train][INFO] - 

[2024-07-18 17:44:30,086][func.train][INFO] - [DATASET] number of test videos: 1
[2024-07-18 17:44:30,086][func.train][INFO] - [DATASET] avg video length: 27.23 minutes
[2024-07-18 17:44:31,510][func.train][INFO] - [DATASET] df unique videos: [1 2 3 4 5 6 7 8 9 10 11 12 13 14 15 16 17 18 19 20 21 22 23 24 25 26 27
 28 29 30 31 32 33 34 35 36 37 38 39 40 41 42 43 44 45 46 47 48 49 50 51
 52 53 54 55 56 57 58 59 60 61 62 63 64 65 66 67 68 69 70 71 72 73 74 75
 76 77 78 79 80]
[2024-07-18 17:44:31,510][func.train][INFO] - [DATASET] split: test video_indices: [75]
[2024-07-18 17:44:31,577][func.train][INFO] - [DATASET] test size: 48076
[2024-07-18 17:44:31,578][func.train][INFO] - [DATASET] test video_indices: [75]
[2024-07-18 17:44:31,578][func.train][INFO] - [DATASET] video_idx: 75
[2024-07-18 17:44:31,586][func.train][INFO] - [DATASET] Sampled video_idx: 75 at 25 fps to 1923 frames
[2024-07-18 17:44:31,587][func.train][INFO] - [DATASET] video 75 phase_labels: torch.Size([1923])
[2024-07-18 17:44:31,651][func.train][INFO] - [DATASET] gt_remaining_time h=5: torch.Size([1923, 8])
[2024-07-18 17:44:31,651][func.train][INFO] - 

[2024-07-18 17:44:31,651][func.train][INFO] - [DATASET] number of test videos: 1
[2024-07-18 17:44:31,651][func.train][INFO] - [DATASET] avg video length: 32.05 minutes
[2024-07-18 17:44:33,089][func.train][INFO] - [DATASET] df unique videos: [1 2 3 4 5 6 7 8 9 10 11 12 13 14 15 16 17 18 19 20 21 22 23 24 25 26 27
 28 29 30 31 32 33 34 35 36 37 38 39 40 41 42 43 44 45 46 47 48 49 50 51
 52 53 54 55 56 57 58 59 60 61 62 63 64 65 66 67 68 69 70 71 72 73 74 75
 76 77 78 79 80]
[2024-07-18 17:44:33,089][func.train][INFO] - [DATASET] split: test video_indices: [76]
[2024-07-18 17:44:33,160][func.train][INFO] - [DATASET] test size: 66226
[2024-07-18 17:44:33,161][func.train][INFO] - [DATASET] test video_indices: [76]
[2024-07-18 17:44:33,161][func.train][INFO] - [DATASET] video_idx: 76
[2024-07-18 17:44:33,173][func.train][INFO] - [DATASET] Sampled video_idx: 76 at 25 fps to 2649 frames
[2024-07-18 17:44:33,174][func.train][INFO] - [DATASET] video 76 phase_labels: torch.Size([2649])
[2024-07-18 17:44:33,252][func.train][INFO] - [DATASET] gt_remaining_time h=5: torch.Size([2649, 8])
[2024-07-18 17:44:33,252][func.train][INFO] - 

[2024-07-18 17:44:33,252][func.train][INFO] - [DATASET] number of test videos: 1
[2024-07-18 17:44:33,253][func.train][INFO] - [DATASET] avg video length: 44.15 minutes
[2024-07-18 17:44:34,836][func.train][INFO] - [DATASET] df unique videos: [1 2 3 4 5 6 7 8 9 10 11 12 13 14 15 16 17 18 19 20 21 22 23 24 25 26 27
 28 29 30 31 32 33 34 35 36 37 38 39 40 41 42 43 44 45 46 47 48 49 50 51
 52 53 54 55 56 57 58 59 60 61 62 63 64 65 66 67 68 69 70 71 72 73 74 75
 76 77 78 79 80]
[2024-07-18 17:44:34,837][func.train][INFO] - [DATASET] split: test video_indices: [77]
[2024-07-18 17:44:34,910][func.train][INFO] - [DATASET] test size: 62551
[2024-07-18 17:44:34,911][func.train][INFO] - [DATASET] test video_indices: [77]
[2024-07-18 17:44:34,911][func.train][INFO] - [DATASET] video_idx: 77
[2024-07-18 17:44:34,922][func.train][INFO] - [DATASET] Sampled video_idx: 77 at 25 fps to 2502 frames
[2024-07-18 17:44:34,924][func.train][INFO] - [DATASET] video 77 phase_labels: torch.Size([2502])
[2024-07-18 17:44:35,002][func.train][INFO] - [DATASET] gt_remaining_time h=5: torch.Size([2502, 8])
[2024-07-18 17:44:35,002][func.train][INFO] - 

[2024-07-18 17:44:35,002][func.train][INFO] - [DATASET] number of test videos: 1
[2024-07-18 17:44:35,002][func.train][INFO] - [DATASET] avg video length: 41.70 minutes
[2024-07-18 17:44:36,562][func.train][INFO] - [DATASET] df unique videos: [1 2 3 4 5 6 7 8 9 10 11 12 13 14 15 16 17 18 19 20 21 22 23 24 25 26 27
 28 29 30 31 32 33 34 35 36 37 38 39 40 41 42 43 44 45 46 47 48 49 50 51
 52 53 54 55 56 57 58 59 60 61 62 63 64 65 66 67 68 69 70 71 72 73 74 75
 76 77 78 79 80]
[2024-07-18 17:44:36,562][func.train][INFO] - [DATASET] split: test video_indices: [78]
[2024-07-18 17:44:36,621][func.train][INFO] - [DATASET] test size: 18476
[2024-07-18 17:44:36,621][func.train][INFO] - [DATASET] test video_indices: [78]
[2024-07-18 17:44:36,621][func.train][INFO] - [DATASET] video_idx: 78
[2024-07-18 17:44:36,625][func.train][INFO] - [DATASET] Sampled video_idx: 78 at 25 fps to 739 frames
[2024-07-18 17:44:36,625][func.train][INFO] - [DATASET] video 78 phase_labels: torch.Size([739])
[2024-07-18 17:44:36,677][func.train][INFO] - [DATASET] gt_remaining_time h=5: torch.Size([739, 8])
[2024-07-18 17:44:36,677][func.train][INFO] - 

[2024-07-18 17:44:36,677][func.train][INFO] - [DATASET] number of test videos: 1
[2024-07-18 17:44:36,677][func.train][INFO] - [DATASET] avg video length: 12.32 minutes
[2024-07-18 17:44:38,117][func.train][INFO] - [DATASET] df unique videos: [1 2 3 4 5 6 7 8 9 10 11 12 13 14 15 16 17 18 19 20 21 22 23 24 25 26 27
 28 29 30 31 32 33 34 35 36 37 38 39 40 41 42 43 44 45 46 47 48 49 50 51
 52 53 54 55 56 57 58 59 60 61 62 63 64 65 66 67 68 69 70 71 72 73 74 75
 76 77 78 79 80]
[2024-07-18 17:44:38,118][func.train][INFO] - [DATASET] split: test video_indices: [79]
[2024-07-18 17:44:38,205][func.train][INFO] - [DATASET] test size: 85351
[2024-07-18 17:44:38,206][func.train][INFO] - [DATASET] test video_indices: [79]
[2024-07-18 17:44:38,206][func.train][INFO] - [DATASET] video_idx: 79
[2024-07-18 17:44:38,222][func.train][INFO] - [DATASET] Sampled video_idx: 79 at 25 fps to 3414 frames
[2024-07-18 17:44:38,223][func.train][INFO] - [DATASET] video 79 phase_labels: torch.Size([3414])
[2024-07-18 17:44:38,311][func.train][INFO] - [DATASET] gt_remaining_time h=5: torch.Size([3414, 8])
[2024-07-18 17:44:38,311][func.train][INFO] - 

[2024-07-18 17:44:38,312][func.train][INFO] - [DATASET] number of test videos: 1
[2024-07-18 17:44:38,312][func.train][INFO] - [DATASET] avg video length: 56.90 minutes
[2024-07-18 17:44:39,875][func.train][INFO] - [DATASET] df unique videos: [1 2 3 4 5 6 7 8 9 10 11 12 13 14 15 16 17 18 19 20 21 22 23 24 25 26 27
 28 29 30 31 32 33 34 35 36 37 38 39 40 41 42 43 44 45 46 47 48 49 50 51
 52 53 54 55 56 57 58 59 60 61 62 63 64 65 66 67 68 69 70 71 72 73 74 75
 76 77 78 79 80]
[2024-07-18 17:44:39,876][func.train][INFO] - [DATASET] split: test video_indices: [80]
[2024-07-18 17:44:39,941][func.train][INFO] - [DATASET] test size: 43101
[2024-07-18 17:44:39,941][func.train][INFO] - [DATASET] test video_indices: [80]
[2024-07-18 17:44:39,941][func.train][INFO] - [DATASET] video_idx: 80
[2024-07-18 17:44:39,949][func.train][INFO] - [DATASET] Sampled video_idx: 80 at 25 fps to 1724 frames
[2024-07-18 17:44:39,950][func.train][INFO] - [DATASET] video 80 phase_labels: torch.Size([1724])
[2024-07-18 17:44:40,016][func.train][INFO] - [DATASET] gt_remaining_time h=5: torch.Size([1724, 8])
[2024-07-18 17:44:40,016][func.train][INFO] - 

[2024-07-18 17:44:40,016][func.train][INFO] - [DATASET] number of test videos: 1
[2024-07-18 17:44:40,017][func.train][INFO] - [DATASET] avg video length: 28.73 minutes
[2024-07-18 17:44:40,025][func.train][INFO] - Time to load datasets: 0.88 min
[2024-07-18 17:44:40,025][func.train][INFO] - Creating data loaders
[2024-07-18 17:44:40,027][func.train][INFO] - Creating model with {'one': 7} classes
[2024-07-18 17:44:40,583][func.train][INFO] - [MAIN] Number of tokens: 136873
[2024-07-18 17:44:40,583][func.train][INFO] - [MAIN] Number of parameters: 22768868
[2024-07-18 17:44:40,583][func.train][INFO] - [MAIN] Token-to-Parameter Ratio is ideally between [1:1 to 10:1]: 0.006011
[2024-07-18 17:44:40,584][func.train][WARNING] - [MAIN] Data-to-Parameter-Ratio is outside the interval [1:1 to 10:1]
[2024-07-18 17:44:40,584][func.train][INFO] - Using LR 0.000300 WD 0.000010 for parameters
[2024-07-18 17:44:40,584][func.train][INFO] - Using LR 0.000300 WD 0.000010 for parameters
[2024-07-18 17:44:40,590][func.train][INFO] - Wrapping model into DP
[2024-07-18 17:44:40,659][func.train][INFO] - Start training
[2024-07-18 17:44:40,663][func.train][INFO] - Storing checkpoints every 60.00 mins
[2024-07-18 17:44:41,772][func.train][INFO] - [TRAINING] Step 0/2139 | Loss: 1.95 | Acc (curr_frames): 0.07 | time-left: 39.50 min
[2024-07-18 17:45:17,519][func.train][INFO] - [TRAINING] Step 100/2139 | Loss: 1.80 | Acc (curr_frames): 0.07 | time-left: 12.39 min
[2024-07-18 17:45:51,597][func.train][INFO] - [TRAINING] Step 200/2139 | Loss: 1.81 | Acc (curr_frames): 0.08 | time-left: 11.40 min
[2024-07-18 17:46:26,079][func.train][INFO] - [TRAINING] Step 300/2139 | Loss: 2.03 | Acc (curr_frames): 0.13 | time-left: 10.73 min
[2024-07-18 17:47:00,307][func.train][INFO] - [TRAINING] Step 400/2139 | Loss: 2.02 | Acc (curr_frames): 0.12 | time-left: 10.09 min
[2024-07-18 17:47:34,432][func.train][INFO] - [TRAINING] Step 500/2139 | Loss: 1.75 | Acc (curr_frames): 0.12 | time-left: 9.47 min
[2024-07-18 17:48:08,237][func.train][INFO] - [TRAINING] Step 600/2139 | Loss: 2.12 | Acc (curr_frames): 0.19 | time-left: 8.85 min
[2024-07-18 17:48:42,401][func.train][INFO] - [TRAINING] Step 700/2139 | Loss: 1.87 | Acc (curr_frames): 0.17 | time-left: 8.26 min
[2024-07-18 17:49:16,598][func.train][INFO] - [TRAINING] Step 800/2139 | Loss: 1.71 | Acc (curr_frames): 0.14 | time-left: 7.68 min
[2024-07-18 17:49:51,125][func.train][INFO] - [TRAINING] Step 900/2139 | Loss: 1.72 | Acc (curr_frames): 0.18 | time-left: 7.11 min
[2024-07-18 17:50:24,866][func.train][INFO] - [TRAINING] Step 1000/2139 | Loss: 2.09 | Acc (curr_frames): 0.24 | time-left: 6.52 min
[2024-07-18 17:50:58,532][func.train][INFO] - [TRAINING] Step 1100/2139 | Loss: 1.73 | Acc (curr_frames): 0.14 | time-left: 5.94 min
[2024-07-18 17:51:32,316][func.train][INFO] - [TRAINING] Step 1200/2139 | Loss: 2.05 | Acc (curr_frames): 0.17 | time-left: 5.36 min
[2024-07-18 17:52:05,830][func.train][INFO] - [TRAINING] Step 1300/2139 | Loss: 1.94 | Acc (curr_frames): 0.19 | time-left: 4.78 min
[2024-07-18 17:52:40,582][func.train][INFO] - [TRAINING] Step 1400/2139 | Loss: 1.69 | Acc (curr_frames): 0.15 | time-left: 4.21 min
[2024-07-18 17:53:14,867][func.train][INFO] - [TRAINING] Step 1500/2139 | Loss: 1.93 | Acc (curr_frames): 0.28 | time-left: 3.64 min
[2024-07-18 17:53:48,989][func.train][INFO] - [TRAINING] Step 1600/2139 | Loss: 2.12 | Acc (curr_frames): 0.30 | time-left: 3.07 min
[2024-07-18 17:54:23,627][func.train][INFO] - [TRAINING] Step 1700/2139 | Loss: 1.92 | Acc (curr_frames): 0.25 | time-left: 2.50 min
[2024-07-18 17:54:58,158][func.train][INFO] - [TRAINING] Step 1800/2139 | Loss: 2.00 | Acc (curr_frames): 0.33 | time-left: 1.93 min
[2024-07-18 17:55:32,721][func.train][INFO] - [TRAINING] Step 1900/2139 | Loss: 1.62 | Acc (curr_frames): 0.20 | time-left: 1.36 min
[2024-07-18 17:56:07,449][func.train][INFO] - [TRAINING] Step 2000/2139 | Loss: 2.26 | Acc (curr_frames): 0.36 | time-left: 0.79 min
[2024-07-18 17:56:42,128][func.train][INFO] - [TRAINING] Step 2100/2139 | Loss: 1.80 | Acc (curr_frames): 0.53 | time-left: 0.22 min
[2024-07-18 17:56:58,647][root][INFO] - Storing ckpt at epoch 1.000000 to checkpoint.pth
[2024-07-18 17:56:58,956][func.train][INFO] - [EVAL] Epoch: 1 | Anticipation time (s): 60 | Max anticipation time (m): 5 | Step size (m): 1 | Max auto-reg. steps: 5
[2024-07-18 17:56:58,958][func.train][INFO] - [EVAL] video (i=0) id=61 | video_length=4409
[2024-07-18 17:56:59,169][func.train][INFO] - [TESTING] video: 61 | frame: 63 / 4409
[2024-07-18 17:56:59,348][func.train][INFO] - [TESTING] video: 61 | frame: 127 / 4409
[2024-07-18 17:56:59,535][func.train][INFO] - [TESTING] video: 61 | frame: 191 / 4409
[2024-07-18 17:56:59,715][func.train][INFO] - [TESTING] video: 61 | frame: 255 / 4409
[2024-07-18 17:56:59,898][func.train][INFO] - [TESTING] video: 61 | frame: 319 / 4409
[2024-07-18 17:57:00,092][func.train][INFO] - [TESTING] video: 61 | frame: 383 / 4409
[2024-07-18 17:57:00,282][func.train][INFO] - [TESTING] video: 61 | frame: 447 / 4409
[2024-07-18 17:57:00,464][func.train][INFO] - [TESTING] video: 61 | frame: 511 / 4409
[2024-07-18 17:57:00,646][func.train][INFO] - [TESTING] video: 61 | frame: 575 / 4409
[2024-07-18 17:57:00,812][func.train][INFO] - [TESTING] video: 61 | frame: 639 / 4409
[2024-07-18 17:57:00,981][func.train][INFO] - [TESTING] video: 61 | frame: 703 / 4409
[2024-07-18 17:57:01,145][func.train][INFO] - [TESTING] video: 61 | frame: 767 / 4409
[2024-07-18 17:57:01,310][func.train][INFO] - [TESTING] video: 61 | frame: 831 / 4409
[2024-07-18 17:57:01,498][func.train][INFO] - [TESTING] video: 61 | frame: 895 / 4409
[2024-07-18 17:57:01,686][func.train][INFO] - [TESTING] video: 61 | frame: 959 / 4409
[2024-07-18 17:57:01,872][func.train][INFO] - [TESTING] video: 61 | frame: 1023 / 4409
[2024-07-18 17:57:02,055][func.train][INFO] - [TESTING] video: 61 | frame: 1087 / 4409
[2024-07-18 17:57:02,238][func.train][INFO] - [TESTING] video: 61 | frame: 1151 / 4409
[2024-07-18 17:57:02,421][func.train][INFO] - [TESTING] video: 61 | frame: 1215 / 4409
[2024-07-18 17:57:02,614][func.train][INFO] - [TESTING] video: 61 | frame: 1279 / 4409
[2024-07-18 17:57:02,800][func.train][INFO] - [TESTING] video: 61 | frame: 1343 / 4409
[2024-07-18 17:57:02,982][func.train][INFO] - [TESTING] video: 61 | frame: 1407 / 4409
[2024-07-18 17:57:03,166][func.train][INFO] - [TESTING] video: 61 | frame: 1471 / 4409
[2024-07-18 17:57:03,343][func.train][INFO] - [TESTING] video: 61 | frame: 1535 / 4409
[2024-07-18 17:57:03,520][func.train][INFO] - [TESTING] video: 61 | frame: 1599 / 4409
[2024-07-18 17:57:03,699][func.train][INFO] - [TESTING] video: 61 | frame: 1663 / 4409
[2024-07-18 17:57:03,874][func.train][INFO] - [TESTING] video: 61 | frame: 1727 / 4409
[2024-07-18 17:57:04,055][func.train][INFO] - [TESTING] video: 61 | frame: 1791 / 4409
[2024-07-18 17:57:04,238][func.train][INFO] - [TESTING] video: 61 | frame: 1855 / 4409
[2024-07-18 17:57:04,420][func.train][INFO] - [TESTING] video: 61 | frame: 1919 / 4409
[2024-07-18 17:57:04,597][func.train][INFO] - [TESTING] video: 61 | frame: 1983 / 4409
[2024-07-18 17:57:04,771][func.train][INFO] - [TESTING] video: 61 | frame: 2047 / 4409
[2024-07-18 17:57:04,956][func.train][INFO] - [TESTING] video: 61 | frame: 2111 / 4409
[2024-07-18 17:57:05,137][func.train][INFO] - [TESTING] video: 61 | frame: 2175 / 4409
[2024-07-18 17:57:05,315][func.train][INFO] - [TESTING] video: 61 | frame: 2239 / 4409
[2024-07-18 17:57:05,496][func.train][INFO] - [TESTING] video: 61 | frame: 2303 / 4409
[2024-07-18 17:57:05,678][func.train][INFO] - [TESTING] video: 61 | frame: 2367 / 4409
[2024-07-18 17:57:05,857][func.train][INFO] - [TESTING] video: 61 | frame: 2431 / 4409
[2024-07-18 17:57:06,038][func.train][INFO] - [TESTING] video: 61 | frame: 2495 / 4409
[2024-07-18 17:57:06,212][func.train][INFO] - [TESTING] video: 61 | frame: 2559 / 4409
[2024-07-18 17:57:06,387][func.train][INFO] - [TESTING] video: 61 | frame: 2623 / 4409
[2024-07-18 17:57:06,564][func.train][INFO] - [TESTING] video: 61 | frame: 2687 / 4409
[2024-07-18 17:57:06,739][func.train][INFO] - [TESTING] video: 61 | frame: 2751 / 4409
[2024-07-18 17:57:06,914][func.train][INFO] - [TESTING] video: 61 | frame: 2815 / 4409
[2024-07-18 17:57:07,110][func.train][INFO] - [TESTING] video: 61 | frame: 2879 / 4409
[2024-07-18 17:57:07,299][func.train][INFO] - [TESTING] video: 61 | frame: 2943 / 4409
[2024-07-18 17:57:07,474][func.train][INFO] - [TESTING] video: 61 | frame: 3007 / 4409
[2024-07-18 17:57:07,649][func.train][INFO] - [TESTING] video: 61 | frame: 3071 / 4409
[2024-07-18 17:57:07,832][func.train][INFO] - [TESTING] video: 61 | frame: 3135 / 4409
[2024-07-18 17:57:08,010][func.train][INFO] - [TESTING] video: 61 | frame: 3199 / 4409
[2024-07-18 17:57:08,192][func.train][INFO] - [TESTING] video: 61 | frame: 3263 / 4409
[2024-07-18 17:57:08,374][func.train][INFO] - [TESTING] video: 61 | frame: 3327 / 4409
[2024-07-18 17:57:08,548][func.train][INFO] - [TESTING] video: 61 | frame: 3391 / 4409
[2024-07-18 17:57:08,722][func.train][INFO] - [TESTING] video: 61 | frame: 3455 / 4409
[2024-07-18 17:57:08,898][func.train][INFO] - [TESTING] video: 61 | frame: 3519 / 4409
[2024-07-18 17:57:09,080][func.train][INFO] - [TESTING] video: 61 | frame: 3583 / 4409
[2024-07-18 17:57:09,295][func.train][INFO] - [TESTING] video: 61 | frame: 3647 / 4409
[2024-07-18 17:57:09,505][func.train][INFO] - [TESTING] video: 61 | frame: 3711 / 4409
[2024-07-18 17:57:09,685][func.train][INFO] - [TESTING] video: 61 | frame: 3775 / 4409
[2024-07-18 17:57:09,861][func.train][INFO] - [TESTING] video: 61 | frame: 3839 / 4409
[2024-07-18 17:57:10,035][func.train][INFO] - [TESTING] video: 61 | frame: 3903 / 4409
[2024-07-18 17:57:10,211][func.train][INFO] - [TESTING] video: 61 | frame: 3967 / 4409
[2024-07-18 17:57:10,389][func.train][INFO] - [TESTING] video: 61 | frame: 4031 / 4409
[2024-07-18 17:57:10,584][func.train][INFO] - [TESTING] video: 61 | frame: 4095 / 4409
[2024-07-18 17:57:10,774][func.train][INFO] - [TESTING] video: 61 | frame: 4159 / 4409
[2024-07-18 17:57:10,953][func.train][INFO] - [TESTING] video: 61 | frame: 4223 / 4409
[2024-07-18 17:57:11,138][func.train][INFO] - [TESTING] video: 61 | frame: 4287 / 4409
[2024-07-18 17:57:11,315][func.train][INFO] - [TESTING] video: 61 | frame: 4351 / 4409
[2024-07-18 17:57:12,282][func.train][INFO] - [TESTING] video: 61 | frame: 4408 / 4409
[2024-07-18 17:57:12,282][func.train][INFO] - [TESTING] video: 61 | video test time: 0.22 min | total test time: 0.22 min
