[2024-04-30 16:01:51,403][func.train][INFO] - Dist info:
[2024-04-30 16:01:51,403][func.train][INFO] - torch version: 2.2.2+cu121
[2024-04-30 16:01:51,404][func.train][INFO] - torchvision version: 0.17.2+cu121
[2024-04-30 16:01:51,404][func.train][INFO] - hydra version: 1.3.2
[2024-04-30 16:01:51,438][func.train][INFO] - Loading data
[2024-04-30 16:01:51,438][func.train][INFO] - Loading datasets
[2024-04-30 16:14:09,097][func.train][INFO] - Dist info:
[2024-04-30 16:14:09,098][func.train][INFO] - torch version: 2.2.2+cu121
[2024-04-30 16:14:09,098][func.train][INFO] - torchvision version: 0.17.2+cu121
[2024-04-30 16:14:09,098][func.train][INFO] - hydra version: 1.3.2
[2024-04-30 16:14:09,104][func.train][INFO] - Loading data
[2024-04-30 16:14:09,104][func.train][INFO] - Loading datasets
[2024-04-30 16:14:57,200][func.train][INFO] - [DATASET] ALL loaded dataframe in 0m 48s
[2024-04-30 16:14:57,201][func.train][INFO] - [DATASET] ALL loaded dataframe: (4612530, 11)
[2024-04-30 16:15:22,592][func.train][INFO] - [DATASET] params: {'debug': False, 'dataset_name': 'cholec80', 'reduc_feats_folder': 'train_targets_x_mp/', 'num_classes': 7, 'num_next_labels': 6, 'last_seg_class': 7, 'predict_next_phase': True, 'get_target_feats': False, 'replace_current_with_next_class': False}
[2024-04-30 16:15:32,227][func.train][INFO] - [DATASET] train size: 2157640
[2024-04-30 16:15:32,227][func.train][INFO] - [DATASET] train video_indices: [1, 2, 3, 4, 5, 6, 7, 8, 9, 10, 11, 12, 13, 14, 15, 16, 17, 18, 19, 20, 21, 22, 23, 24, 25, 26, 27, 28, 29, 30, 31, 32, 33, 34, 35, 36, 37, 38, 39, 40]
[2024-04-30 16:15:32,227][func.train][INFO] - [DATASET] EOS regression: False
[2024-04-30 16:15:32,227][func.train][INFO] - [DATASET] EOS regression length: 361
[2024-04-30 16:15:32,227][func.train][INFO] - [DATASET] EOS class: 7
[2024-04-30 16:15:32,227][func.train][INFO] - [DATASET] EOS classification: True
[2024-04-30 16:15:32,328][func.train][INFO] - [DATASET] Sampling video_idx: 1 at 25 fps to 1733 frames
[2024-04-30 16:15:32,360][func.train][INFO] - [DATASET] video 1 label_list: torch.Size([1733])
[2024-04-30 16:15:32,864][func.train][INFO] - [DATASET] Sampling video_idx: 2 at 25 fps to 2839 frames
[2024-04-30 16:15:32,865][func.train][INFO] - [DATASET] video 2 label_list: torch.Size([2839])
[2024-04-30 16:15:33,105][func.train][INFO] - [DATASET] Sampling video_idx: 3 at 25 fps to 5828 frames
[2024-04-30 16:15:33,106][func.train][INFO] - [DATASET] video 3 label_list: torch.Size([5828])
[2024-04-30 16:15:33,446][func.train][INFO] - [DATASET] Sampling video_idx: 4 at 25 fps to 1522 frames
[2024-04-30 16:15:33,447][func.train][INFO] - [DATASET] video 4 label_list: torch.Size([1522])
[2024-04-30 16:15:33,661][func.train][INFO] - [DATASET] Sampling video_idx: 5 at 25 fps to 2344 frames
[2024-04-30 16:15:33,662][func.train][INFO] - [DATASET] video 5 label_list: torch.Size([2344])
[2024-04-30 16:15:33,784][func.train][INFO] - [DATASET] Sampling video_idx: 6 at 25 fps to 2153 frames
[2024-04-30 16:15:33,785][func.train][INFO] - [DATASET] video 6 label_list: torch.Size([2153])
[2024-04-30 16:15:33,906][func.train][INFO] - [DATASET] Sampling video_idx: 7 at 25 fps to 4557 frames
[2024-04-30 16:15:33,907][func.train][INFO] - [DATASET] video 7 label_list: torch.Size([4557])
[2024-04-30 16:15:34,011][func.train][INFO] - [DATASET] Sampling video_idx: 8 at 25 fps to 1519 frames
[2024-04-30 16:15:34,012][func.train][INFO] - [DATASET] video 8 label_list: torch.Size([1519])
[2024-04-30 16:15:34,113][func.train][INFO] - [DATASET] Sampling video_idx: 9 at 25 fps to 2702 frames
[2024-04-30 16:15:34,114][func.train][INFO] - [DATASET] video 9 label_list: torch.Size([2702])
[2024-04-30 16:15:34,212][func.train][INFO] - [DATASET] Sampling video_idx: 10 at 25 fps to 1749 frames
[2024-04-30 16:15:34,213][func.train][INFO] - [DATASET] video 10 label_list: torch.Size([1749])
[2024-04-30 16:15:34,341][func.train][INFO] - [DATASET] Sampling video_idx: 11 at 25 fps to 3220 frames
[2024-04-30 16:15:34,353][func.train][INFO] - [DATASET] video 11 label_list: torch.Size([3220])
[2024-04-30 16:15:34,482][func.train][INFO] - [DATASET] Sampling video_idx: 12 at 25 fps to 1090 frames
[2024-04-30 16:15:34,483][func.train][INFO] - [DATASET] video 12 label_list: torch.Size([1090])
[2024-04-30 16:15:34,578][func.train][INFO] - [DATASET] Sampling video_idx: 13 at 25 fps to 981 frames
[2024-04-30 16:15:34,578][func.train][INFO] - [DATASET] video 13 label_list: torch.Size([981])
[2024-04-30 16:15:34,700][func.train][INFO] - [DATASET] Sampling video_idx: 14 at 25 fps to 1708 frames
[2024-04-30 16:15:34,701][func.train][INFO] - [DATASET] video 14 label_list: torch.Size([1708])
[2024-04-30 16:15:34,806][func.train][INFO] - [DATASET] Sampling video_idx: 15 at 25 fps to 2058 frames
[2024-04-30 16:15:34,807][func.train][INFO] - [DATASET] video 15 label_list: torch.Size([2058])
[2024-04-30 16:15:34,913][func.train][INFO] - [DATASET] Sampling video_idx: 16 at 25 fps to 2957 frames
[2024-04-30 16:15:34,913][func.train][INFO] - [DATASET] video 16 label_list: torch.Size([2957])
[2024-04-30 16:15:35,054][func.train][INFO] - [DATASET] Sampling video_idx: 17 at 25 fps to 1304 frames
[2024-04-30 16:15:35,055][func.train][INFO] - [DATASET] video 17 label_list: torch.Size([1304])
[2024-04-30 16:15:35,167][func.train][INFO] - [DATASET] Sampling video_idx: 18 at 25 fps to 1942 frames
[2024-04-30 16:15:35,167][func.train][INFO] - [DATASET] video 18 label_list: torch.Size([1942])
[2024-04-30 16:15:35,312][func.train][INFO] - [DATASET] Sampling video_idx: 19 at 25 fps to 2424 frames
[2024-04-30 16:15:35,312][func.train][INFO] - [DATASET] video 19 label_list: torch.Size([2424])
[2024-04-30 16:15:35,436][func.train][INFO] - [DATASET] Sampling video_idx: 20 at 25 fps to 1449 frames
[2024-04-30 16:15:35,436][func.train][INFO] - [DATASET] video 20 label_list: torch.Size([1449])
[2024-04-30 16:15:35,541][func.train][INFO] - [DATASET] Sampling video_idx: 21 at 25 fps to 1258 frames
[2024-04-30 16:15:35,542][func.train][INFO] - [DATASET] video 21 label_list: torch.Size([1258])
[2024-04-30 16:15:35,669][func.train][INFO] - [DATASET] Sampling video_idx: 22 at 25 fps to 1532 frames
[2024-04-30 16:15:35,670][func.train][INFO] - [DATASET] video 22 label_list: torch.Size([1532])
[2024-04-30 16:15:35,776][func.train][INFO] - [DATASET] Sampling video_idx: 23 at 25 fps to 1635 frames
[2024-04-30 16:15:35,776][func.train][INFO] - [DATASET] video 23 label_list: torch.Size([1635])
[2024-04-30 16:15:35,890][func.train][INFO] - [DATASET] Sampling video_idx: 24 at 25 fps to 1975 frames
[2024-04-30 16:15:35,890][func.train][INFO] - [DATASET] video 24 label_list: torch.Size([1975])
[2024-04-30 16:15:36,027][func.train][INFO] - [DATASET] Sampling video_idx: 25 at 25 fps to 2129 frames
[2024-04-30 16:15:36,028][func.train][INFO] - [DATASET] video 25 label_list: torch.Size([2129])
[2024-04-30 16:15:36,153][func.train][INFO] - [DATASET] Sampling video_idx: 26 at 25 fps to 1773 frames
[2024-04-30 16:15:36,154][func.train][INFO] - [DATASET] video 26 label_list: torch.Size([1773])
[2024-04-30 16:15:36,266][func.train][INFO] - [DATASET] Sampling video_idx: 27 at 25 fps to 2084 frames
[2024-04-30 16:15:36,267][func.train][INFO] - [DATASET] video 27 label_list: torch.Size([2084])
[2024-04-30 16:15:36,373][func.train][INFO] - [DATASET] Sampling video_idx: 28 at 25 fps to 1199 frames
[2024-04-30 16:15:36,374][func.train][INFO] - [DATASET] video 28 label_list: torch.Size([1199])
[2024-04-30 16:15:36,485][func.train][INFO] - [DATASET] Sampling video_idx: 29 at 25 fps to 2350 frames
[2024-04-30 16:15:36,486][func.train][INFO] - [DATASET] video 29 label_list: torch.Size([2350])
[2024-04-30 16:15:36,611][func.train][INFO] - [DATASET] Sampling video_idx: 30 at 25 fps to 2925 frames
[2024-04-30 16:15:36,612][func.train][INFO] - [DATASET] video 30 label_list: torch.Size([2925])
[2024-04-30 16:15:36,753][func.train][INFO] - [DATASET] Sampling video_idx: 31 at 25 fps to 3945 frames
[2024-04-30 16:15:36,754][func.train][INFO] - [DATASET] video 31 label_list: torch.Size([3945])
[2024-04-30 16:15:36,890][func.train][INFO] - [DATASET] Sampling video_idx: 32 at 25 fps to 2116 frames
[2024-04-30 16:15:36,891][func.train][INFO] - [DATASET] video 32 label_list: torch.Size([2116])
[2024-04-30 16:15:37,009][func.train][INFO] - [DATASET] Sampling video_idx: 33 at 25 fps to 1307 frames
[2024-04-30 16:15:37,010][func.train][INFO] - [DATASET] video 33 label_list: torch.Size([1307])
[2024-04-30 16:15:37,107][func.train][INFO] - [DATASET] Sampling video_idx: 34 at 25 fps to 1323 frames
[2024-04-30 16:15:37,108][func.train][INFO] - [DATASET] video 34 label_list: torch.Size([1323])
[2024-04-30 16:15:37,306][func.train][INFO] - [DATASET] Sampling video_idx: 35 at 25 fps to 2106 frames
[2024-04-30 16:15:37,307][func.train][INFO] - [DATASET] video 35 label_list: torch.Size([2106])
[2024-04-30 16:15:37,420][func.train][INFO] - [DATASET] Sampling video_idx: 36 at 25 fps to 2387 frames
[2024-04-30 16:15:37,421][func.train][INFO] - [DATASET] video 36 label_list: torch.Size([2387])
[2024-04-30 16:15:37,537][func.train][INFO] - [DATASET] Sampling video_idx: 37 at 25 fps to 1232 frames
[2024-04-30 16:15:37,538][func.train][INFO] - [DATASET] video 37 label_list: torch.Size([1232])
[2024-04-30 16:15:37,658][func.train][INFO] - [DATASET] Sampling video_idx: 38 at 25 fps to 3080 frames
[2024-04-30 16:15:37,659][func.train][INFO] - [DATASET] video 38 label_list: torch.Size([3080])
[2024-04-30 16:15:37,767][func.train][INFO] - [DATASET] Sampling video_idx: 39 at 25 fps to 1647 frames
[2024-04-30 16:15:37,768][func.train][INFO] - [DATASET] video 39 label_list: torch.Size([1647])
[2024-04-30 16:15:37,882][func.train][INFO] - [DATASET] Sampling video_idx: 40 at 25 fps to 2222 frames
[2024-04-30 16:15:37,883][func.train][INFO] - [DATASET] video 40 label_list: torch.Size([2222])
[2024-04-30 16:15:37,920][func.train][INFO] - [DATASET] number of train videos: 40
[2024-04-30 16:15:37,920][func.train][INFO] - [DATASET] avg video length: 35.96 minutes
[2024-04-30 16:15:38,222][func.train][INFO] - [DATASET] classes_counts: {0: 93902, 1: 922150, 2: 183225, 3: 602975, 4: 92900, 5: 180478, 6: 82010}
[2024-04-30 16:15:38,222][func.train][INFO] - [DATASET] num_eos_values: 2599200.0 in 40 videos
[2024-04-30 16:15:38,232][func.train][INFO] - [DATASET] curr_class_weights: tensor([2.9247e-01, 1.4718e+00, 4.4728e-01, 2.9025e+00, 1.4942e+00, 3.2878e+00,
        9.4380e+03, 2.8715e+00])
[2024-04-30 16:15:39,627][func.train][INFO] - [DATASET] test size: 77576
[2024-04-30 16:15:39,627][func.train][INFO] - [DATASET] test video_indices: [41]
[2024-04-30 16:15:39,627][func.train][INFO] - [DATASET] EOS regression: False
[2024-04-30 16:15:39,627][func.train][INFO] - [DATASET] EOS regression length: 361
[2024-04-30 16:15:39,627][func.train][INFO] - [DATASET] EOS class: 7
[2024-04-30 16:15:39,627][func.train][INFO] - [DATASET] EOS classification: True
[2024-04-30 16:15:39,640][func.train][INFO] - [DATASET] Sampling video_idx: 41 at 25 fps to 3103 frames
[2024-04-30 16:15:39,641][func.train][INFO] - [DATASET] video 41 label_list: torch.Size([3103])
[2024-04-30 16:15:39,688][func.train][INFO] - [DATASET] number of test videos: 1
[2024-04-30 16:15:39,688][func.train][INFO] - [DATASET] avg video length: 51.72 minutes
[2024-04-30 16:15:41,095][func.train][INFO] - [DATASET] test size: 92801
[2024-04-30 16:15:41,095][func.train][INFO] - [DATASET] test video_indices: [42]
[2024-04-30 16:15:41,095][func.train][INFO] - [DATASET] EOS regression: False
[2024-04-30 16:15:41,096][func.train][INFO] - [DATASET] EOS regression length: 361
[2024-04-30 16:15:41,096][func.train][INFO] - [DATASET] EOS class: 7
[2024-04-30 16:15:41,096][func.train][INFO] - [DATASET] EOS classification: True
[2024-04-30 16:15:41,111][func.train][INFO] - [DATASET] Sampling video_idx: 42 at 25 fps to 3712 frames
[2024-04-30 16:15:41,112][func.train][INFO] - [DATASET] video 42 label_list: torch.Size([3712])
[2024-04-30 16:15:41,159][func.train][INFO] - [DATASET] number of test videos: 1
[2024-04-30 16:15:41,159][func.train][INFO] - [DATASET] avg video length: 61.87 minutes
[2024-04-30 16:15:42,566][func.train][INFO] - [DATASET] test size: 59051
[2024-04-30 16:15:42,566][func.train][INFO] - [DATASET] test video_indices: [43]
[2024-04-30 16:15:42,566][func.train][INFO] - [DATASET] EOS regression: False
[2024-04-30 16:15:42,566][func.train][INFO] - [DATASET] EOS regression length: 361
[2024-04-30 16:15:42,567][func.train][INFO] - [DATASET] EOS class: 7
[2024-04-30 16:15:42,567][func.train][INFO] - [DATASET] EOS classification: True
[2024-04-30 16:15:42,576][func.train][INFO] - [DATASET] Sampling video_idx: 43 at 25 fps to 2362 frames
[2024-04-30 16:15:42,577][func.train][INFO] - [DATASET] video 43 label_list: torch.Size([2362])
[2024-04-30 16:15:42,615][func.train][INFO] - [DATASET] number of test videos: 1
[2024-04-30 16:15:42,615][func.train][INFO] - [DATASET] avg video length: 39.37 minutes
[2024-04-30 16:15:45,078][func.train][INFO] - [DATASET] test size: 78176
[2024-04-30 16:15:45,078][func.train][INFO] - [DATASET] test video_indices: [44]
[2024-04-30 16:15:45,079][func.train][INFO] - [DATASET] EOS regression: False
[2024-04-30 16:15:45,079][func.train][INFO] - [DATASET] EOS regression length: 361
[2024-04-30 16:15:45,079][func.train][INFO] - [DATASET] EOS class: 7
[2024-04-30 16:15:45,079][func.train][INFO] - [DATASET] EOS classification: True
[2024-04-30 16:15:45,092][func.train][INFO] - [DATASET] Sampling video_idx: 44 at 25 fps to 3127 frames
[2024-04-30 16:15:45,092][func.train][INFO] - [DATASET] video 44 label_list: torch.Size([3127])
[2024-04-30 16:15:45,137][func.train][INFO] - [DATASET] number of test videos: 1
[2024-04-30 16:15:45,138][func.train][INFO] - [DATASET] avg video length: 52.12 minutes
[2024-04-30 16:15:46,620][func.train][INFO] - [DATASET] test size: 84676
[2024-04-30 16:15:46,620][func.train][INFO] - [DATASET] test video_indices: [45]
[2024-04-30 16:15:46,620][func.train][INFO] - [DATASET] EOS regression: False
[2024-04-30 16:15:46,620][func.train][INFO] - [DATASET] EOS regression length: 361
[2024-04-30 16:15:46,620][func.train][INFO] - [DATASET] EOS class: 7
[2024-04-30 16:15:46,621][func.train][INFO] - [DATASET] EOS classification: True
[2024-04-30 16:15:46,635][func.train][INFO] - [DATASET] Sampling video_idx: 45 at 25 fps to 3387 frames
[2024-04-30 16:15:46,636][func.train][INFO] - [DATASET] video 45 label_list: torch.Size([3387])
[2024-04-30 16:15:46,693][func.train][INFO] - [DATASET] number of test videos: 1
[2024-04-30 16:15:46,693][func.train][INFO] - [DATASET] avg video length: 56.45 minutes
[2024-04-30 16:15:48,129][func.train][INFO] - [DATASET] test size: 41326
[2024-04-30 16:15:48,129][func.train][INFO] - [DATASET] test video_indices: [46]
[2024-04-30 16:15:48,129][func.train][INFO] - [DATASET] EOS regression: False
[2024-04-30 16:15:48,129][func.train][INFO] - [DATASET] EOS regression length: 361
[2024-04-30 16:15:48,129][func.train][INFO] - [DATASET] EOS class: 7
[2024-04-30 16:15:48,130][func.train][INFO] - [DATASET] EOS classification: True
[2024-04-30 16:15:48,136][func.train][INFO] - [DATASET] Sampling video_idx: 46 at 25 fps to 1653 frames
[2024-04-30 16:15:48,137][func.train][INFO] - [DATASET] video 46 label_list: torch.Size([1653])
[2024-04-30 16:15:48,141][func.train][INFO] - [DATASET] number of test videos: 1
[2024-04-30 16:15:48,141][func.train][INFO] - [DATASET] avg video length: 27.55 minutes
[2024-04-30 16:15:50,418][func.train][INFO] - [DATASET] test size: 56476
[2024-04-30 16:15:50,418][func.train][INFO] - [DATASET] test video_indices: [47]
[2024-04-30 16:15:50,418][func.train][INFO] - [DATASET] EOS regression: False
[2024-04-30 16:15:50,418][func.train][INFO] - [DATASET] EOS regression length: 361
[2024-04-30 16:15:50,418][func.train][INFO] - [DATASET] EOS class: 7
[2024-04-30 16:15:50,418][func.train][INFO] - [DATASET] EOS classification: True
[2024-04-30 16:15:50,428][func.train][INFO] - [DATASET] Sampling video_idx: 47 at 25 fps to 2259 frames
[2024-04-30 16:15:50,429][func.train][INFO] - [DATASET] video 47 label_list: torch.Size([2259])
[2024-04-30 16:15:50,433][func.train][INFO] - [DATASET] number of test videos: 1
[2024-04-30 16:15:50,433][func.train][INFO] - [DATASET] avg video length: 37.65 minutes
[2024-04-30 16:15:51,928][func.train][INFO] - [DATASET] test size: 45851
[2024-04-30 16:15:51,928][func.train][INFO] - [DATASET] test video_indices: [48]
[2024-04-30 16:15:51,928][func.train][INFO] - [DATASET] EOS regression: False
[2024-04-30 16:15:51,928][func.train][INFO] - [DATASET] EOS regression length: 361
[2024-04-30 16:15:51,929][func.train][INFO] - [DATASET] EOS class: 7
[2024-04-30 16:15:51,929][func.train][INFO] - [DATASET] EOS classification: True
[2024-04-30 16:15:51,937][func.train][INFO] - [DATASET] Sampling video_idx: 48 at 25 fps to 1834 frames
[2024-04-30 16:15:51,938][func.train][INFO] - [DATASET] video 48 label_list: torch.Size([1834])
[2024-04-30 16:15:51,943][func.train][INFO] - [DATASET] number of test videos: 1
[2024-04-30 16:15:51,943][func.train][INFO] - [DATASET] avg video length: 30.57 minutes
[2024-04-30 16:15:53,386][func.train][INFO] - [DATASET] test size: 41776
[2024-04-30 16:15:53,386][func.train][INFO] - [DATASET] test video_indices: [49]
[2024-04-30 16:15:53,386][func.train][INFO] - [DATASET] EOS regression: False
[2024-04-30 16:15:53,386][func.train][INFO] - [DATASET] EOS regression length: 361
[2024-04-30 16:15:53,386][func.train][INFO] - [DATASET] EOS class: 7
[2024-04-30 16:15:53,386][func.train][INFO] - [DATASET] EOS classification: True
[2024-04-30 16:15:53,393][func.train][INFO] - [DATASET] Sampling video_idx: 49 at 25 fps to 1671 frames
[2024-04-30 16:15:53,394][func.train][INFO] - [DATASET] video 49 label_list: torch.Size([1671])
[2024-04-30 16:15:53,421][func.train][INFO] - [DATASET] number of test videos: 1
[2024-04-30 16:15:53,421][func.train][INFO] - [DATASET] avg video length: 27.85 minutes
[2024-04-30 16:15:55,342][func.train][INFO] - [DATASET] test size: 27351
[2024-04-30 16:15:55,342][func.train][INFO] - [DATASET] test video_indices: [50]
[2024-04-30 16:15:55,342][func.train][INFO] - [DATASET] EOS regression: False
[2024-04-30 16:15:55,342][func.train][INFO] - [DATASET] EOS regression length: 361
[2024-04-30 16:15:55,342][func.train][INFO] - [DATASET] EOS class: 7
[2024-04-30 16:15:55,342][func.train][INFO] - [DATASET] EOS classification: True
[2024-04-30 16:15:55,347][func.train][INFO] - [DATASET] Sampling video_idx: 50 at 25 fps to 1094 frames
[2024-04-30 16:15:55,347][func.train][INFO] - [DATASET] video 50 label_list: torch.Size([1094])
[2024-04-30 16:15:55,365][func.train][INFO] - [DATASET] number of test videos: 1
[2024-04-30 16:15:55,365][func.train][INFO] - [DATASET] avg video length: 18.23 minutes
[2024-04-30 16:15:56,829][func.train][INFO] - [DATASET] test size: 73601
[2024-04-30 16:15:56,829][func.train][INFO] - [DATASET] test video_indices: [51]
[2024-04-30 16:15:56,830][func.train][INFO] - [DATASET] EOS regression: False
[2024-04-30 16:15:56,830][func.train][INFO] - [DATASET] EOS regression length: 361
[2024-04-30 16:15:56,830][func.train][INFO] - [DATASET] EOS class: 7
[2024-04-30 16:15:56,830][func.train][INFO] - [DATASET] EOS classification: True
[2024-04-30 16:15:56,841][func.train][INFO] - [DATASET] Sampling video_idx: 51 at 25 fps to 2944 frames
[2024-04-30 16:15:56,842][func.train][INFO] - [DATASET] video 51 label_list: torch.Size([2944])
[2024-04-30 16:15:56,909][func.train][INFO] - [DATASET] number of test videos: 1
[2024-04-30 16:15:56,910][func.train][INFO] - [DATASET] avg video length: 49.07 minutes
[2024-04-30 16:15:58,369][func.train][INFO] - [DATASET] test size: 49151
[2024-04-30 16:15:58,369][func.train][INFO] - [DATASET] test video_indices: [52]
[2024-04-30 16:15:58,370][func.train][INFO] - [DATASET] EOS regression: False
[2024-04-30 16:15:58,370][func.train][INFO] - [DATASET] EOS regression length: 361
[2024-04-30 16:15:58,370][func.train][INFO] - [DATASET] EOS class: 7
[2024-04-30 16:15:58,370][func.train][INFO] - [DATASET] EOS classification: True
[2024-04-30 16:15:58,379][func.train][INFO] - [DATASET] Sampling video_idx: 52 at 25 fps to 1966 frames
[2024-04-30 16:15:58,379][func.train][INFO] - [DATASET] video 52 label_list: torch.Size([1966])
[2024-04-30 16:15:58,403][func.train][INFO] - [DATASET] number of test videos: 1
[2024-04-30 16:15:58,403][func.train][INFO] - [DATASET] avg video length: 32.77 minutes
[2024-04-30 16:16:32,042][func.train][INFO] - [DATASET] test size: 82076
[2024-04-30 16:16:32,043][func.train][INFO] - [DATASET] test video_indices: [53]
[2024-04-30 16:16:32,043][func.train][INFO] - [DATASET] EOS regression: False
[2024-04-30 16:16:32,043][func.train][INFO] - [DATASET] EOS regression length: 361
[2024-04-30 16:16:32,043][func.train][INFO] - [DATASET] EOS class: 7
[2024-04-30 16:16:32,043][func.train][INFO] - [DATASET] EOS classification: True
[2024-04-30 16:16:32,057][func.train][INFO] - [DATASET] Sampling video_idx: 53 at 25 fps to 3283 frames
[2024-04-30 16:16:32,058][func.train][INFO] - [DATASET] video 53 label_list: torch.Size([3283])
[2024-04-30 16:16:32,101][func.train][INFO] - [DATASET] number of test videos: 1
[2024-04-30 16:16:32,101][func.train][INFO] - [DATASET] avg video length: 54.72 minutes
[2024-04-30 16:16:33,542][func.train][INFO] - [DATASET] test size: 77501
[2024-04-30 16:16:33,542][func.train][INFO] - [DATASET] test video_indices: [54]
[2024-04-30 16:16:33,542][func.train][INFO] - [DATASET] EOS regression: False
[2024-04-30 16:16:33,542][func.train][INFO] - [DATASET] EOS regression length: 361
[2024-04-30 16:16:33,542][func.train][INFO] - [DATASET] EOS class: 7
[2024-04-30 16:16:33,542][func.train][INFO] - [DATASET] EOS classification: True
[2024-04-30 16:16:33,555][func.train][INFO] - [DATASET] Sampling video_idx: 54 at 25 fps to 3100 frames
[2024-04-30 16:16:33,556][func.train][INFO] - [DATASET] video 54 label_list: torch.Size([3100])
[2024-04-30 16:16:33,603][func.train][INFO] - [DATASET] number of test videos: 1
[2024-04-30 16:16:33,603][func.train][INFO] - [DATASET] avg video length: 51.67 minutes
[2024-04-30 16:16:36,647][func.train][INFO] - [DATASET] test size: 25926
[2024-04-30 16:16:36,648][func.train][INFO] - [DATASET] test video_indices: [55]
[2024-04-30 16:16:36,648][func.train][INFO] - [DATASET] EOS regression: False
[2024-04-30 16:16:36,648][func.train][INFO] - [DATASET] EOS regression length: 361
[2024-04-30 16:16:36,648][func.train][INFO] - [DATASET] EOS class: 7
[2024-04-30 16:16:36,648][func.train][INFO] - [DATASET] EOS classification: True
[2024-04-30 16:16:36,653][func.train][INFO] - [DATASET] Sampling video_idx: 55 at 25 fps to 1037 frames
[2024-04-30 16:16:36,653][func.train][INFO] - [DATASET] video 55 label_list: torch.Size([1037])
[2024-04-30 16:16:36,668][func.train][INFO] - [DATASET] number of test videos: 1
[2024-04-30 16:16:36,668][func.train][INFO] - [DATASET] avg video length: 17.28 minutes
[2024-04-30 16:16:38,114][func.train][INFO] - [DATASET] test size: 45851
[2024-04-30 16:16:38,115][func.train][INFO] - [DATASET] test video_indices: [56]
[2024-04-30 16:16:38,115][func.train][INFO] - [DATASET] EOS regression: False
[2024-04-30 16:16:38,115][func.train][INFO] - [DATASET] EOS regression length: 361
[2024-04-30 16:16:38,115][func.train][INFO] - [DATASET] EOS class: 7
[2024-04-30 16:16:38,115][func.train][INFO] - [DATASET] EOS classification: True
[2024-04-30 16:16:38,123][func.train][INFO] - [DATASET] Sampling video_idx: 56 at 25 fps to 1834 frames
[2024-04-30 16:16:38,124][func.train][INFO] - [DATASET] video 56 label_list: torch.Size([1834])
[2024-04-30 16:16:38,150][func.train][INFO] - [DATASET] number of test videos: 1
[2024-04-30 16:16:38,150][func.train][INFO] - [DATASET] avg video length: 30.57 minutes
[2024-04-30 16:16:40,353][func.train][INFO] - [DATASET] test size: 65801
[2024-04-30 16:16:40,353][func.train][INFO] - [DATASET] test video_indices: [57]
[2024-04-30 16:16:40,354][func.train][INFO] - [DATASET] EOS regression: False
[2024-04-30 16:16:40,354][func.train][INFO] - [DATASET] EOS regression length: 361
[2024-04-30 16:16:40,354][func.train][INFO] - [DATASET] EOS class: 7
[2024-04-30 16:16:40,354][func.train][INFO] - [DATASET] EOS classification: True
[2024-04-30 16:16:40,365][func.train][INFO] - [DATASET] Sampling video_idx: 57 at 25 fps to 2632 frames
[2024-04-30 16:16:40,366][func.train][INFO] - [DATASET] video 57 label_list: torch.Size([2632])
[2024-04-30 16:16:40,408][func.train][INFO] - [DATASET] number of test videos: 1
[2024-04-30 16:16:40,408][func.train][INFO] - [DATASET] avg video length: 43.87 minutes
[2024-04-30 16:16:41,914][func.train][INFO] - [DATASET] test size: 149826
[2024-04-30 16:16:41,914][func.train][INFO] - [DATASET] test video_indices: [58]
[2024-04-30 16:16:41,914][func.train][INFO] - [DATASET] EOS regression: False
[2024-04-30 16:16:41,915][func.train][INFO] - [DATASET] EOS regression length: 361
[2024-04-30 16:16:41,915][func.train][INFO] - [DATASET] EOS class: 7
[2024-04-30 16:16:41,915][func.train][INFO] - [DATASET] EOS classification: True
[2024-04-30 16:16:41,941][func.train][INFO] - [DATASET] Sampling video_idx: 58 at 25 fps to 5993 frames
[2024-04-30 16:16:41,942][func.train][INFO] - [DATASET] video 58 label_list: torch.Size([5993])
[2024-04-30 16:16:41,958][func.train][INFO] - [DATASET] number of test videos: 1
[2024-04-30 16:16:41,958][func.train][INFO] - [DATASET] avg video length: 99.88 minutes
[2024-04-30 16:16:43,416][func.train][INFO] - [DATASET] test size: 26151
[2024-04-30 16:16:43,417][func.train][INFO] - [DATASET] test video_indices: [59]
[2024-04-30 16:16:43,417][func.train][INFO] - [DATASET] EOS regression: False
[2024-04-30 16:16:43,417][func.train][INFO] - [DATASET] EOS regression length: 361
[2024-04-30 16:16:43,417][func.train][INFO] - [DATASET] EOS class: 7
[2024-04-30 16:16:43,417][func.train][INFO] - [DATASET] EOS classification: True
[2024-04-30 16:16:43,421][func.train][INFO] - [DATASET] Sampling video_idx: 59 at 25 fps to 1046 frames
[2024-04-30 16:16:43,422][func.train][INFO] - [DATASET] video 59 label_list: torch.Size([1046])
[2024-04-30 16:16:43,424][func.train][INFO] - [DATASET] number of test videos: 1
[2024-04-30 16:16:43,424][func.train][INFO] - [DATASET] avg video length: 17.43 minutes
[2024-04-30 16:16:47,095][func.train][INFO] - [DATASET] test size: 63301
[2024-04-30 16:16:47,095][func.train][INFO] - [DATASET] test video_indices: [60]
[2024-04-30 16:16:47,095][func.train][INFO] - [DATASET] EOS regression: False
[2024-04-30 16:16:47,095][func.train][INFO] - [DATASET] EOS regression length: 361
[2024-04-30 16:16:47,095][func.train][INFO] - [DATASET] EOS class: 7
[2024-04-30 16:16:47,096][func.train][INFO] - [DATASET] EOS classification: True
[2024-04-30 16:16:47,106][func.train][INFO] - [DATASET] Sampling video_idx: 60 at 25 fps to 2532 frames
[2024-04-30 16:16:47,107][func.train][INFO] - [DATASET] video 60 label_list: torch.Size([2532])
[2024-04-30 16:16:47,124][func.train][INFO] - [DATASET] number of test videos: 1
[2024-04-30 16:16:47,124][func.train][INFO] - [DATASET] avg video length: 42.20 minutes
[2024-04-30 16:16:48,597][func.train][INFO] - [DATASET] test size: 110226
[2024-04-30 16:16:48,597][func.train][INFO] - [DATASET] test video_indices: [61]
[2024-04-30 16:16:48,597][func.train][INFO] - [DATASET] EOS regression: False
[2024-04-30 16:16:48,598][func.train][INFO] - [DATASET] EOS regression length: 361
[2024-04-30 16:16:48,598][func.train][INFO] - [DATASET] EOS class: 7
[2024-04-30 16:16:48,598][func.train][INFO] - [DATASET] EOS classification: True
[2024-04-30 16:16:48,616][func.train][INFO] - [DATASET] Sampling video_idx: 61 at 25 fps to 4409 frames
[2024-04-30 16:16:48,617][func.train][INFO] - [DATASET] video 61 label_list: torch.Size([4409])
[2024-04-30 16:16:48,633][func.train][INFO] - [DATASET] number of test videos: 1
[2024-04-30 16:16:48,634][func.train][INFO] - [DATASET] avg video length: 73.48 minutes
[2024-04-30 16:16:50,594][func.train][INFO] - [DATASET] test size: 50801
[2024-04-30 16:16:50,594][func.train][INFO] - [DATASET] test video_indices: [62]
[2024-04-30 16:16:50,594][func.train][INFO] - [DATASET] EOS regression: False
[2024-04-30 16:16:50,594][func.train][INFO] - [DATASET] EOS regression length: 361
[2024-04-30 16:16:50,594][func.train][INFO] - [DATASET] EOS class: 7
[2024-04-30 16:16:50,594][func.train][INFO] - [DATASET] EOS classification: True
[2024-04-30 16:16:50,603][func.train][INFO] - [DATASET] Sampling video_idx: 62 at 25 fps to 2032 frames
[2024-04-30 16:16:50,604][func.train][INFO] - [DATASET] video 62 label_list: torch.Size([2032])
[2024-04-30 16:16:50,659][func.train][INFO] - [DATASET] number of test videos: 1
[2024-04-30 16:16:50,659][func.train][INFO] - [DATASET] avg video length: 33.87 minutes
[2024-04-30 16:17:32,205][func.train][INFO] - [DATASET] test size: 85826
[2024-04-30 16:17:32,206][func.train][INFO] - [DATASET] test video_indices: [63]
[2024-04-30 16:17:32,206][func.train][INFO] - [DATASET] EOS regression: False
[2024-04-30 16:17:32,206][func.train][INFO] - [DATASET] EOS regression length: 361
[2024-04-30 16:17:32,206][func.train][INFO] - [DATASET] EOS class: 7
[2024-04-30 16:17:32,206][func.train][INFO] - [DATASET] EOS classification: True
[2024-04-30 16:17:32,219][func.train][INFO] - [DATASET] Sampling video_idx: 63 at 25 fps to 3433 frames
[2024-04-30 16:17:32,221][func.train][INFO] - [DATASET] video 63 label_list: torch.Size([3433])
[2024-04-30 16:17:32,230][func.train][INFO] - [DATASET] number of test videos: 1
[2024-04-30 16:17:32,230][func.train][INFO] - [DATASET] avg video length: 57.22 minutes
[2024-04-30 16:17:33,783][func.train][INFO] - [DATASET] test size: 59951
[2024-04-30 16:17:33,783][func.train][INFO] - [DATASET] test video_indices: [64]
[2024-04-30 16:17:33,783][func.train][INFO] - [DATASET] EOS regression: False
[2024-04-30 16:17:33,783][func.train][INFO] - [DATASET] EOS regression length: 361
[2024-04-30 16:17:33,783][func.train][INFO] - [DATASET] EOS class: 7
[2024-04-30 16:17:33,784][func.train][INFO] - [DATASET] EOS classification: True
[2024-04-30 16:17:33,793][func.train][INFO] - [DATASET] Sampling video_idx: 64 at 25 fps to 2398 frames
[2024-04-30 16:17:33,794][func.train][INFO] - [DATASET] video 64 label_list: torch.Size([2398])
[2024-04-30 16:17:33,808][func.train][INFO] - [DATASET] number of test videos: 1
[2024-04-30 16:17:33,808][func.train][INFO] - [DATASET] avg video length: 39.97 minutes
[2024-04-30 16:17:44,098][func.train][INFO] - [DATASET] test size: 46826
[2024-04-30 16:17:44,098][func.train][INFO] - [DATASET] test video_indices: [65]
[2024-04-30 16:17:44,098][func.train][INFO] - [DATASET] EOS regression: False
[2024-04-30 16:17:44,098][func.train][INFO] - [DATASET] EOS regression length: 361
[2024-04-30 16:17:44,099][func.train][INFO] - [DATASET] EOS class: 7
[2024-04-30 16:17:44,099][func.train][INFO] - [DATASET] EOS classification: True
[2024-04-30 16:17:44,106][func.train][INFO] - [DATASET] Sampling video_idx: 65 at 25 fps to 1873 frames
[2024-04-30 16:17:44,107][func.train][INFO] - [DATASET] video 65 label_list: torch.Size([1873])
[2024-04-30 16:17:44,111][func.train][INFO] - [DATASET] number of test videos: 1
[2024-04-30 16:17:44,112][func.train][INFO] - [DATASET] avg video length: 31.22 minutes
[2024-04-30 16:17:45,609][func.train][INFO] - [DATASET] test size: 45601
[2024-04-30 16:17:45,609][func.train][INFO] - [DATASET] test video_indices: [66]
[2024-04-30 16:17:45,609][func.train][INFO] - [DATASET] EOS regression: False
[2024-04-30 16:17:45,610][func.train][INFO] - [DATASET] EOS regression length: 361
[2024-04-30 16:17:45,610][func.train][INFO] - [DATASET] EOS class: 7
[2024-04-30 16:17:45,610][func.train][INFO] - [DATASET] EOS classification: True
[2024-04-30 16:17:45,617][func.train][INFO] - [DATASET] Sampling video_idx: 66 at 25 fps to 1824 frames
[2024-04-30 16:17:45,618][func.train][INFO] - [DATASET] video 66 label_list: torch.Size([1824])
[2024-04-30 16:17:45,621][func.train][INFO] - [DATASET] number of test videos: 1
[2024-04-30 16:17:45,622][func.train][INFO] - [DATASET] avg video length: 30.40 minutes
[2024-04-30 16:17:47,218][func.train][INFO] - [DATASET] test size: 58826
[2024-04-30 16:17:47,219][func.train][INFO] - [DATASET] test video_indices: [67]
[2024-04-30 16:17:47,219][func.train][INFO] - [DATASET] EOS regression: False
[2024-04-30 16:17:47,219][func.train][INFO] - [DATASET] EOS regression length: 361
[2024-04-30 16:17:47,219][func.train][INFO] - [DATASET] EOS class: 7
[2024-04-30 16:17:47,219][func.train][INFO] - [DATASET] EOS classification: True
[2024-04-30 16:17:47,229][func.train][INFO] - [DATASET] Sampling video_idx: 67 at 25 fps to 2353 frames
[2024-04-30 16:17:47,230][func.train][INFO] - [DATASET] video 67 label_list: torch.Size([2353])
[2024-04-30 16:17:47,234][func.train][INFO] - [DATASET] number of test videos: 1
[2024-04-30 16:17:47,235][func.train][INFO] - [DATASET] avg video length: 39.22 minutes
[2024-04-30 16:17:48,846][func.train][INFO] - [DATASET] test size: 49301
[2024-04-30 16:17:48,846][func.train][INFO] - [DATASET] test video_indices: [68]
[2024-04-30 16:17:48,846][func.train][INFO] - [DATASET] EOS regression: False
[2024-04-30 16:17:48,846][func.train][INFO] - [DATASET] EOS regression length: 361
[2024-04-30 16:17:48,847][func.train][INFO] - [DATASET] EOS class: 7
[2024-04-30 16:17:48,847][func.train][INFO] - [DATASET] EOS classification: True
[2024-04-30 16:17:48,855][func.train][INFO] - [DATASET] Sampling video_idx: 68 at 25 fps to 1972 frames
[2024-04-30 16:17:48,855][func.train][INFO] - [DATASET] video 68 label_list: torch.Size([1972])
[2024-04-30 16:17:48,860][func.train][INFO] - [DATASET] number of test videos: 1
[2024-04-30 16:17:48,860][func.train][INFO] - [DATASET] avg video length: 32.87 minutes
[2024-04-30 16:17:50,323][func.train][INFO] - [DATASET] test size: 114376
[2024-04-30 16:17:50,324][func.train][INFO] - [DATASET] test video_indices: [69]
[2024-04-30 16:17:50,324][func.train][INFO] - [DATASET] EOS regression: False
[2024-04-30 16:17:50,324][func.train][INFO] - [DATASET] EOS regression length: 361
[2024-04-30 16:17:50,324][func.train][INFO] - [DATASET] EOS class: 7
[2024-04-30 16:17:50,324][func.train][INFO] - [DATASET] EOS classification: True
[2024-04-30 16:17:50,344][func.train][INFO] - [DATASET] Sampling video_idx: 69 at 25 fps to 4575 frames
[2024-04-30 16:17:50,346][func.train][INFO] - [DATASET] video 69 label_list: torch.Size([4575])
[2024-04-30 16:17:50,381][func.train][INFO] - [DATASET] number of test videos: 1
[2024-04-30 16:17:50,382][func.train][INFO] - [DATASET] avg video length: 76.25 minutes
[2024-04-30 16:17:51,869][func.train][INFO] - [DATASET] test size: 29851
[2024-04-30 16:17:51,869][func.train][INFO] - [DATASET] test video_indices: [70]
[2024-04-30 16:17:51,869][func.train][INFO] - [DATASET] EOS regression: False
[2024-04-30 16:17:51,869][func.train][INFO] - [DATASET] EOS regression length: 361
[2024-04-30 16:17:51,869][func.train][INFO] - [DATASET] EOS class: 7
[2024-04-30 16:17:51,869][func.train][INFO] - [DATASET] EOS classification: True
[2024-04-30 16:17:51,874][func.train][INFO] - [DATASET] Sampling video_idx: 70 at 25 fps to 1194 frames
[2024-04-30 16:17:51,875][func.train][INFO] - [DATASET] video 70 label_list: torch.Size([1194])
[2024-04-30 16:17:51,881][func.train][INFO] - [DATASET] number of test videos: 1
[2024-04-30 16:17:51,881][func.train][INFO] - [DATASET] avg video length: 19.90 minutes
[2024-04-30 16:17:53,435][func.train][INFO] - [DATASET] test size: 62876
[2024-04-30 16:17:53,435][func.train][INFO] - [DATASET] test video_indices: [71]
[2024-04-30 16:17:53,435][func.train][INFO] - [DATASET] EOS regression: False
[2024-04-30 16:17:53,435][func.train][INFO] - [DATASET] EOS regression length: 361
[2024-04-30 16:17:53,435][func.train][INFO] - [DATASET] EOS class: 7
[2024-04-30 16:17:53,435][func.train][INFO] - [DATASET] EOS classification: True
[2024-04-30 16:17:53,446][func.train][INFO] - [DATASET] Sampling video_idx: 71 at 25 fps to 2515 frames
[2024-04-30 16:17:53,447][func.train][INFO] - [DATASET] video 71 label_list: torch.Size([2515])
[2024-04-30 16:17:53,452][func.train][INFO] - [DATASET] number of test videos: 1
[2024-04-30 16:17:53,452][func.train][INFO] - [DATASET] avg video length: 41.92 minutes
[2024-04-30 16:17:59,473][func.train][INFO] - [DATASET] test size: 77651
[2024-04-30 16:17:59,473][func.train][INFO] - [DATASET] test video_indices: [72]
[2024-04-30 16:17:59,473][func.train][INFO] - [DATASET] EOS regression: False
[2024-04-30 16:17:59,473][func.train][INFO] - [DATASET] EOS regression length: 361
[2024-04-30 16:17:59,473][func.train][INFO] - [DATASET] EOS class: 7
[2024-04-30 16:17:59,473][func.train][INFO] - [DATASET] EOS classification: True
[2024-04-30 16:17:59,486][func.train][INFO] - [DATASET] Sampling video_idx: 72 at 25 fps to 3106 frames
[2024-04-30 16:17:59,487][func.train][INFO] - [DATASET] video 72 label_list: torch.Size([3106])
[2024-04-30 16:17:59,514][func.train][INFO] - [DATASET] number of test videos: 1
[2024-04-30 16:17:59,515][func.train][INFO] - [DATASET] avg video length: 51.77 minutes
[2024-04-30 16:18:01,198][func.train][INFO] - [DATASET] test size: 33901
[2024-04-30 16:18:01,199][func.train][INFO] - [DATASET] test video_indices: [73]
[2024-04-30 16:18:01,199][func.train][INFO] - [DATASET] EOS regression: False
[2024-04-30 16:18:01,199][func.train][INFO] - [DATASET] EOS regression length: 361
[2024-04-30 16:18:01,199][func.train][INFO] - [DATASET] EOS class: 7
[2024-04-30 16:18:01,199][func.train][INFO] - [DATASET] EOS classification: True
[2024-04-30 16:18:01,205][func.train][INFO] - [DATASET] Sampling video_idx: 73 at 25 fps to 1356 frames
[2024-04-30 16:18:01,205][func.train][INFO] - [DATASET] video 73 label_list: torch.Size([1356])
[2024-04-30 16:18:01,209][func.train][INFO] - [DATASET] number of test videos: 1
[2024-04-30 16:18:01,209][func.train][INFO] - [DATASET] avg video length: 22.60 minutes
[2024-04-30 16:18:02,812][func.train][INFO] - [DATASET] test size: 40851
[2024-04-30 16:18:02,812][func.train][INFO] - [DATASET] test video_indices: [74]
[2024-04-30 16:18:02,812][func.train][INFO] - [DATASET] EOS regression: False
[2024-04-30 16:18:02,812][func.train][INFO] - [DATASET] EOS regression length: 361
[2024-04-30 16:18:02,812][func.train][INFO] - [DATASET] EOS class: 7
[2024-04-30 16:18:02,812][func.train][INFO] - [DATASET] EOS classification: True
[2024-04-30 16:18:02,820][func.train][INFO] - [DATASET] Sampling video_idx: 74 at 25 fps to 1634 frames
[2024-04-30 16:18:02,821][func.train][INFO] - [DATASET] video 74 label_list: torch.Size([1634])
[2024-04-30 16:18:02,825][func.train][INFO] - [DATASET] number of test videos: 1
[2024-04-30 16:18:02,825][func.train][INFO] - [DATASET] avg video length: 27.23 minutes
[2024-04-30 16:18:04,471][func.train][INFO] - [DATASET] test size: 48076
[2024-04-30 16:18:04,472][func.train][INFO] - [DATASET] test video_indices: [75]
[2024-04-30 16:18:04,472][func.train][INFO] - [DATASET] EOS regression: False
[2024-04-30 16:18:04,472][func.train][INFO] - [DATASET] EOS regression length: 361
[2024-04-30 16:18:04,472][func.train][INFO] - [DATASET] EOS class: 7
[2024-04-30 16:18:04,472][func.train][INFO] - [DATASET] EOS classification: True
[2024-04-30 16:18:04,480][func.train][INFO] - [DATASET] Sampling video_idx: 75 at 25 fps to 1923 frames
[2024-04-30 16:18:04,481][func.train][INFO] - [DATASET] video 75 label_list: torch.Size([1923])
[2024-04-30 16:18:04,485][func.train][INFO] - [DATASET] number of test videos: 1
[2024-04-30 16:18:04,485][func.train][INFO] - [DATASET] avg video length: 32.05 minutes
[2024-04-30 16:18:06,099][func.train][INFO] - [DATASET] test size: 66226
[2024-04-30 16:18:06,099][func.train][INFO] - [DATASET] test video_indices: [76]
[2024-04-30 16:18:06,099][func.train][INFO] - [DATASET] EOS regression: False
[2024-04-30 16:18:06,099][func.train][INFO] - [DATASET] EOS regression length: 361
[2024-04-30 16:18:06,099][func.train][INFO] - [DATASET] EOS class: 7
[2024-04-30 16:18:06,099][func.train][INFO] - [DATASET] EOS classification: True
[2024-04-30 16:18:06,111][func.train][INFO] - [DATASET] Sampling video_idx: 76 at 25 fps to 2649 frames
[2024-04-30 16:18:06,111][func.train][INFO] - [DATASET] video 76 label_list: torch.Size([2649])
[2024-04-30 16:18:06,116][func.train][INFO] - [DATASET] number of test videos: 1
[2024-04-30 16:18:06,116][func.train][INFO] - [DATASET] avg video length: 44.15 minutes
[2024-04-30 16:18:07,690][func.train][INFO] - [DATASET] test size: 62551
[2024-04-30 16:18:07,691][func.train][INFO] - [DATASET] test video_indices: [77]
[2024-04-30 16:18:07,691][func.train][INFO] - [DATASET] EOS regression: False
[2024-04-30 16:18:07,691][func.train][INFO] - [DATASET] EOS regression length: 361
[2024-04-30 16:18:07,691][func.train][INFO] - [DATASET] EOS class: 7
[2024-04-30 16:18:07,691][func.train][INFO] - [DATASET] EOS classification: True
[2024-04-30 16:18:07,703][func.train][INFO] - [DATASET] Sampling video_idx: 77 at 25 fps to 2502 frames
[2024-04-30 16:18:07,704][func.train][INFO] - [DATASET] video 77 label_list: torch.Size([2502])
[2024-04-30 16:18:07,711][func.train][INFO] - [DATASET] number of test videos: 1
[2024-04-30 16:18:07,711][func.train][INFO] - [DATASET] avg video length: 41.70 minutes
[2024-04-30 16:18:09,361][func.train][INFO] - [DATASET] test size: 18476
[2024-04-30 16:18:09,361][func.train][INFO] - [DATASET] test video_indices: [78]
[2024-04-30 16:18:09,361][func.train][INFO] - [DATASET] EOS regression: False
[2024-04-30 16:18:09,361][func.train][INFO] - [DATASET] EOS regression length: 361
[2024-04-30 16:18:09,362][func.train][INFO] - [DATASET] EOS class: 7
[2024-04-30 16:18:09,362][func.train][INFO] - [DATASET] EOS classification: True
[2024-04-30 16:18:09,365][func.train][INFO] - [DATASET] Sampling video_idx: 78 at 25 fps to 739 frames
[2024-04-30 16:18:09,365][func.train][INFO] - [DATASET] video 78 label_list: torch.Size([739])
[2024-04-30 16:18:09,370][func.train][INFO] - [DATASET] number of test videos: 1
[2024-04-30 16:18:09,370][func.train][INFO] - [DATASET] avg video length: 12.32 minutes
[2024-04-30 16:18:10,973][func.train][INFO] - [DATASET] test size: 85351
[2024-04-30 16:18:10,974][func.train][INFO] - [DATASET] test video_indices: [79]
[2024-04-30 16:18:10,974][func.train][INFO] - [DATASET] EOS regression: False
[2024-04-30 16:18:10,974][func.train][INFO] - [DATASET] EOS regression length: 361
[2024-04-30 16:18:10,974][func.train][INFO] - [DATASET] EOS class: 7
[2024-04-30 16:18:10,974][func.train][INFO] - [DATASET] EOS classification: True
[2024-04-30 16:18:10,989][func.train][INFO] - [DATASET] Sampling video_idx: 79 at 25 fps to 3414 frames
[2024-04-30 16:18:10,990][func.train][INFO] - [DATASET] video 79 label_list: torch.Size([3414])
[2024-04-30 16:18:10,997][func.train][INFO] - [DATASET] number of test videos: 1
[2024-04-30 16:18:10,997][func.train][INFO] - [DATASET] avg video length: 56.90 minutes
[2024-04-30 16:18:12,457][func.train][INFO] - [DATASET] test size: 43101
[2024-04-30 16:18:12,457][func.train][INFO] - [DATASET] test video_indices: [80]
[2024-04-30 16:18:12,457][func.train][INFO] - [DATASET] EOS regression: False
[2024-04-30 16:18:12,457][func.train][INFO] - [DATASET] EOS regression length: 361
[2024-04-30 16:18:12,457][func.train][INFO] - [DATASET] EOS class: 7
[2024-04-30 16:18:12,457][func.train][INFO] - [DATASET] EOS classification: True
[2024-04-30 16:18:12,465][func.train][INFO] - [DATASET] Sampling video_idx: 80 at 25 fps to 1724 frames
[2024-04-30 16:18:12,466][func.train][INFO] - [DATASET] video 80 label_list: torch.Size([1724])
[2024-04-30 16:18:12,470][func.train][INFO] - [DATASET] number of test videos: 1
[2024-04-30 16:18:12,470][func.train][INFO] - [DATASET] avg video length: 28.73 minutes
[2024-04-30 16:18:12,566][func.train][INFO] - Time to load datasets: 4.06 min
[2024-04-30 16:18:12,567][func.train][INFO] - Creating data loaders
[2024-04-30 16:18:12,570][func.train][INFO] - Creating model with {'one': 7} classes
[2024-04-30 16:18:13,888][func.train][INFO] - [MAIN] Number of tokens: 86304
[2024-04-30 16:18:13,888][func.train][INFO] - [MAIN] Number of parameters: 17790039
[2024-04-30 16:18:13,888][func.train][INFO] - [MAIN] Token-to-Parameter Ratio is ideally between [1:1 to 10:1]: 0.004851
[2024-04-30 16:18:13,888][func.train][WARNING] - [MAIN] Data-to-Parameter-Ratio is outside the interval [1:1 to 10:1]
[2024-04-30 16:18:13,889][func.train][INFO] - Using LR 0.000300 WD 0.000010 for parameters
[2024-04-30 16:18:13,889][func.train][INFO] - Using LR 0.000300 WD 0.000010 for parameters
[2024-04-30 16:18:13,895][func.train][INFO] - Wrapping model into DP
[2024-04-30 16:18:13,992][func.train][INFO] - Start training
[2024-04-30 16:18:13,996][func.train][INFO] - Storing checkpoints every 60.00 mins
[2024-04-30 16:18:14,020][func.train][INFO] - [DATASET] EOS padding on next frames: 97
