[2024-05-15 19:25:51,789][func.train][INFO] - Dist info:
[2024-05-15 19:25:51,789][func.train][INFO] - torch version: 2.2.2+cu121
[2024-05-15 19:25:51,790][func.train][INFO] - torchvision version: 0.17.2+cu121
[2024-05-15 19:25:51,790][func.train][INFO] - hydra version: 1.3.2
[2024-05-15 19:25:51,794][func.train][INFO] - Loading data
[2024-05-15 19:25:51,795][func.train][INFO] - Loading datasets
[2024-05-15 19:25:51,991][func.train][INFO] - [SELECT DATASET] ALL loaded dataframe in 0m 0s
[2024-05-15 19:25:51,991][func.train][INFO] - [SELECT DATASET] ALL loaded dataframe: (83243, 4)
[2024-05-15 19:25:51,996][func.train][INFO] - [SELECT DATASET] labels are already starting from 0
[2024-05-15 19:25:52,001][func.train][INFO] - [SELECT DATASET] ALL unique classes: [0 1 2 3 4 5 6]
[2024-05-15 19:25:52,006][func.train][INFO] - [SELECT DATASET] aLL dataframe (head):                                           image_path  video_idx frame_idx class
0  /nfs/home/yangliu/dataset/AutoLaparo_Task1/Aut...          1         1     1
1  /nfs/home/yangliu/dataset/AutoLaparo_Task1/Aut...          1         2     1
2  /nfs/home/yangliu/dataset/AutoLaparo_Task1/Aut...          1         3     1
3  /nfs/home/yangliu/dataset/AutoLaparo_Task1/Aut...          1         4     1
4  /nfs/home/yangliu/dataset/AutoLaparo_Task1/Aut...          1         5     1
[2024-05-15 19:25:52,010][func.train][INFO] - [SELECT DATASET] ALL dataframe (tail):                                               image_path  ...  class
83238  /nfs/home/yangliu/dataset/AutoLaparo_Task1/Aut...  ...      6
83239  /nfs/home/yangliu/dataset/AutoLaparo_Task1/Aut...  ...      6
83240  /nfs/home/yangliu/dataset/AutoLaparo_Task1/Aut...  ...      6
83241  /nfs/home/yangliu/dataset/AutoLaparo_Task1/Aut...  ...      6
83242  /nfs/home/yangliu/dataset/AutoLaparo_Task1/Aut...  ...      6

[5 rows x 4 columns]
[2024-05-15 19:25:52,010][func.train][INFO] - [DATASET] params: {'debug': False, 'dataset_name': 'autolaparo21', 'reduc_feats_folder': 'train_targets_x_mp/', 'num_classes': 7, 'num_next_labels': 6, 'last_seg_class': 7, 'predict_next_phase': True, 'get_target_feats': False, 'replace_current_with_next_class': False}
[2024-05-15 19:25:52,035][func.train][INFO] - [DATASET] df unique videos: [ 1  2  3  4  5  6  7  8  9 10 11 12 13 14 15 16 17 18 19 20 21]
[2024-05-15 19:25:52,035][func.train][INFO] - [DATASET] split: train video_indices: [1, 2, 3, 4, 5, 6, 7, 8, 9, 10, 11, 12, 13, 14]
[2024-05-15 19:25:52,047][func.train][INFO] - [DATASET] train size: 55183
[2024-05-15 19:25:52,047][func.train][INFO] - [DATASET] train video_indices: [1, 2, 3, 4, 5, 6, 7, 8, 9, 10, 11, 12, 13, 14]
[2024-05-15 19:25:52,048][func.train][INFO] - [DATASET] Sampling video_idx: 1 at 1 fps to 6388 frames
[2024-05-15 19:25:52,054][func.train][INFO] - [DATASET] video 1 label_list: torch.Size([6388])
[2024-05-15 19:25:52,363][func.train][INFO] - [DATASET] Sampling video_idx: 2 at 1 fps to 3620 frames
[2024-05-15 19:25:52,363][func.train][INFO] - [DATASET] video 2 label_list: torch.Size([3620])
[2024-05-15 19:25:52,374][func.train][INFO] - [DATASET] Sampling video_idx: 3 at 1 fps to 3000 frames
[2024-05-15 19:25:52,374][func.train][INFO] - [DATASET] video 3 label_list: torch.Size([3000])
[2024-05-15 19:25:52,381][func.train][INFO] - [DATASET] Sampling video_idx: 4 at 1 fps to 2938 frames
[2024-05-15 19:25:52,381][func.train][INFO] - [DATASET] video 4 label_list: torch.Size([2938])
[2024-05-15 19:25:52,387][func.train][INFO] - [DATASET] Sampling video_idx: 5 at 1 fps to 3220 frames
[2024-05-15 19:25:52,388][func.train][INFO] - [DATASET] video 5 label_list: torch.Size([3220])
[2024-05-15 19:25:52,397][func.train][INFO] - [DATASET] Sampling video_idx: 6 at 1 fps to 3908 frames
[2024-05-15 19:25:52,397][func.train][INFO] - [DATASET] video 6 label_list: torch.Size([3908])
[2024-05-15 19:25:52,406][func.train][INFO] - [DATASET] Sampling video_idx: 7 at 1 fps to 1645 frames
[2024-05-15 19:25:52,406][func.train][INFO] - [DATASET] video 7 label_list: torch.Size([1645])
[2024-05-15 19:25:52,410][func.train][INFO] - [DATASET] Sampling video_idx: 8 at 1 fps to 4692 frames
[2024-05-15 19:25:52,411][func.train][INFO] - [DATASET] video 8 label_list: torch.Size([4692])
[2024-05-15 19:25:52,420][func.train][INFO] - [DATASET] Sampling video_idx: 9 at 1 fps to 5736 frames
[2024-05-15 19:25:52,421][func.train][INFO] - [DATASET] video 9 label_list: torch.Size([5736])
[2024-05-15 19:25:52,434][func.train][INFO] - [DATASET] Sampling video_idx: 10 at 1 fps to 5064 frames
[2024-05-15 19:25:52,435][func.train][INFO] - [DATASET] video 10 label_list: torch.Size([5064])
[2024-05-15 19:25:52,445][func.train][INFO] - [DATASET] Sampling video_idx: 11 at 1 fps to 4720 frames
[2024-05-15 19:25:52,446][func.train][INFO] - [DATASET] video 11 label_list: torch.Size([4720])
[2024-05-15 19:25:52,456][func.train][INFO] - [DATASET] Sampling video_idx: 12 at 1 fps to 2916 frames
[2024-05-15 19:25:52,457][func.train][INFO] - [DATASET] video 12 label_list: torch.Size([2916])
[2024-05-15 19:25:52,464][func.train][INFO] - [DATASET] Sampling video_idx: 13 at 1 fps to 2597 frames
[2024-05-15 19:25:52,465][func.train][INFO] - [DATASET] video 13 label_list: torch.Size([2597])
[2024-05-15 19:25:52,470][func.train][INFO] - [DATASET] Sampling video_idx: 14 at 1 fps to 4739 frames
[2024-05-15 19:25:52,470][func.train][INFO] - [DATASET] video 14 label_list: torch.Size([4739])
[2024-05-15 19:25:52,479][func.train][INFO] - [DATASET] number of train videos: 14
[2024-05-15 19:25:52,479][func.train][INFO] - [DATASET] avg video length: 65.69 minutes
[2024-05-15 19:25:52,575][func.train][INFO] - [DATASET] curr_class_weights: tensor([5.5989, 0.4087, 0.6284, 1.0496, 5.9139, 0.9633, 1.6039])
[2024-05-15 19:25:52,575][func.train][INFO] - [DATASET] next_class_weights: tensor([7.1736, 0.5237, 0.8051, 1.3447, 7.5772, 1.2342, 2.0550, 0.3942])
[2024-05-15 19:25:52,599][func.train][INFO] - [DATASET] df unique videos: [ 1  2  3  4  5  6  7  8  9 10 11 12 13 14 15 16 17 18 19 20 21]
[2024-05-15 19:25:52,600][func.train][INFO] - [DATASET] split: test video_indices: [15]
[2024-05-15 19:25:52,601][func.train][INFO] - [DATASET] test size: 3653
[2024-05-15 19:25:52,601][func.train][INFO] - [DATASET] test video_indices: [15]
[2024-05-15 19:25:52,603][func.train][INFO] - [DATASET] Sampling video_idx: 15 at 1 fps to 3653 frames
[2024-05-15 19:25:52,603][func.train][INFO] - [DATASET] video 15 label_list: torch.Size([3653])
[2024-05-15 19:25:52,611][func.train][INFO] - [DATASET] number of test videos: 1
[2024-05-15 19:25:52,611][func.train][INFO] - [DATASET] avg video length: 60.88 minutes
[2024-05-15 19:25:52,656][func.train][INFO] - [DATASET] df unique videos: [ 1  2  3  4  5  6  7  8  9 10 11 12 13 14 15 16 17 18 19 20 21]
[2024-05-15 19:25:52,657][func.train][INFO] - [DATASET] split: test video_indices: [16]
[2024-05-15 19:25:52,658][func.train][INFO] - [DATASET] test size: 3612
[2024-05-15 19:25:52,658][func.train][INFO] - [DATASET] test video_indices: [16]
[2024-05-15 19:25:52,660][func.train][INFO] - [DATASET] Sampling video_idx: 16 at 1 fps to 3612 frames
[2024-05-15 19:25:52,660][func.train][INFO] - [DATASET] video 16 label_list: torch.Size([3612])
[2024-05-15 19:25:52,667][func.train][INFO] - [DATASET] number of test videos: 1
[2024-05-15 19:25:52,667][func.train][INFO] - [DATASET] avg video length: 60.20 minutes
[2024-05-15 19:25:52,707][func.train][INFO] - [DATASET] df unique videos: [ 1  2  3  4  5  6  7  8  9 10 11 12 13 14 15 16 17 18 19 20 21]
[2024-05-15 19:25:52,707][func.train][INFO] - [DATASET] split: test video_indices: [17]
[2024-05-15 19:25:52,709][func.train][INFO] - [DATASET] test size: 4678
[2024-05-15 19:25:52,709][func.train][INFO] - [DATASET] test video_indices: [17]
[2024-05-15 19:25:52,710][func.train][INFO] - [DATASET] Sampling video_idx: 17 at 1 fps to 4678 frames
[2024-05-15 19:25:52,711][func.train][INFO] - [DATASET] video 17 label_list: torch.Size([4678])
[2024-05-15 19:25:52,721][func.train][INFO] - [DATASET] number of test videos: 1
[2024-05-15 19:25:52,722][func.train][INFO] - [DATASET] avg video length: 77.97 minutes
[2024-05-15 19:25:52,767][func.train][INFO] - [DATASET] df unique videos: [ 1  2  3  4  5  6  7  8  9 10 11 12 13 14 15 16 17 18 19 20 21]
[2024-05-15 19:25:52,767][func.train][INFO] - [DATASET] split: test video_indices: [18]
[2024-05-15 19:25:52,769][func.train][INFO] - [DATASET] test size: 3546
[2024-05-15 19:25:52,769][func.train][INFO] - [DATASET] test video_indices: [18]
[2024-05-15 19:25:52,770][func.train][INFO] - [DATASET] Sampling video_idx: 18 at 1 fps to 3546 frames
[2024-05-15 19:25:52,771][func.train][INFO] - [DATASET] video 18 label_list: torch.Size([3546])
[2024-05-15 19:25:52,777][func.train][INFO] - [DATASET] number of test videos: 1
[2024-05-15 19:25:52,777][func.train][INFO] - [DATASET] avg video length: 59.10 minutes
[2024-05-15 19:25:52,815][func.train][INFO] - [DATASET] df unique videos: [ 1  2  3  4  5  6  7  8  9 10 11 12 13 14 15 16 17 18 19 20 21]
[2024-05-15 19:25:52,815][func.train][INFO] - [DATASET] split: test video_indices: [19]
[2024-05-15 19:25:52,817][func.train][INFO] - [DATASET] test size: 3413
[2024-05-15 19:25:52,817][func.train][INFO] - [DATASET] test video_indices: [19]
[2024-05-15 19:25:52,818][func.train][INFO] - [DATASET] Sampling video_idx: 19 at 1 fps to 3413 frames
[2024-05-15 19:25:52,819][func.train][INFO] - [DATASET] video 19 label_list: torch.Size([3413])
[2024-05-15 19:25:52,826][func.train][INFO] - [DATASET] number of test videos: 1
[2024-05-15 19:25:52,827][func.train][INFO] - [DATASET] avg video length: 56.88 minutes
[2024-05-15 19:25:52,861][func.train][INFO] - [DATASET] df unique videos: [ 1  2  3  4  5  6  7  8  9 10 11 12 13 14 15 16 17 18 19 20 21]
[2024-05-15 19:25:52,861][func.train][INFO] - [DATASET] split: test video_indices: [20]
[2024-05-15 19:25:52,863][func.train][INFO] - [DATASET] test size: 4832
[2024-05-15 19:25:52,863][func.train][INFO] - [DATASET] test video_indices: [20]
[2024-05-15 19:25:52,866][func.train][INFO] - [DATASET] Sampling video_idx: 20 at 1 fps to 4832 frames
[2024-05-15 19:25:52,867][func.train][INFO] - [DATASET] video 20 label_list: torch.Size([4832])
[2024-05-15 19:25:52,876][func.train][INFO] - [DATASET] number of test videos: 1
[2024-05-15 19:25:52,877][func.train][INFO] - [DATASET] avg video length: 80.53 minutes
[2024-05-15 19:25:52,910][func.train][INFO] - [DATASET] df unique videos: [ 1  2  3  4  5  6  7  8  9 10 11 12 13 14 15 16 17 18 19 20 21]
[2024-05-15 19:25:52,911][func.train][INFO] - [DATASET] split: test video_indices: [21]
[2024-05-15 19:25:52,912][func.train][INFO] - [DATASET] test size: 4326
[2024-05-15 19:25:52,913][func.train][INFO] - [DATASET] test video_indices: [21]
[2024-05-15 19:25:52,914][func.train][INFO] - [DATASET] Sampling video_idx: 21 at 1 fps to 4326 frames
[2024-05-15 19:25:52,915][func.train][INFO] - [DATASET] video 21 label_list: torch.Size([4326])
[2024-05-15 19:25:52,922][func.train][INFO] - [DATASET] number of test videos: 1
[2024-05-15 19:25:52,923][func.train][INFO] - [DATASET] avg video length: 72.10 minutes
[2024-05-15 19:25:52,926][func.train][INFO] - Time to load datasets: 0.02 min
[2024-05-15 19:25:52,926][func.train][INFO] - Creating data loaders
[2024-05-15 19:25:52,927][func.train][INFO] - Creating model with {'one': 7} classes
[2024-05-15 19:25:53,765][func.train][INFO] - [MAIN] Number of tokens: 55183
[2024-05-15 19:25:53,765][func.train][INFO] - [MAIN] Number of parameters: 23278806
[2024-05-15 19:25:53,765][func.train][INFO] - [MAIN] Token-to-Parameter Ratio is ideally between [1:1 to 10:1]: 0.002371
[2024-05-15 19:25:53,765][func.train][WARNING] - [MAIN] Data-to-Parameter-Ratio is outside the interval [1:1 to 10:1]
[2024-05-15 19:25:53,766][func.train][INFO] - Using LR 0.000300 WD 0.000010 for parameters
[2024-05-15 19:25:53,766][func.train][INFO] - Using LR 0.000300 WD 0.000010 for parameters
[2024-05-15 19:25:53,772][func.train][INFO] - Wrapping model into DP
[2024-05-15 19:25:53,835][func.train][INFO] - Start training
[2024-05-15 19:25:53,839][func.train][INFO] - Storing checkpoints every 60.00 mins
[2024-05-15 19:25:55,835][func.train][INFO] - [TRAINING] Step 0/1725 | Loss: 2.04 | Acc (curr_frames): 0.15 | time-left: 57.34 min
[2024-05-15 19:26:17,293][func.train][INFO] - [TRAINING] Step 100/1725 | Loss: 1.53 | Acc (curr_frames): 0.10 | time-left: 6.29 min
[2024-05-15 19:26:35,330][func.train][INFO] - [TRAINING] Step 200/1725 | Loss: 1.27 | Acc (curr_frames): 0.16 | time-left: 5.24 min
[2024-05-15 19:26:53,318][func.train][INFO] - [TRAINING] Step 300/1725 | Loss: 1.90 | Acc (curr_frames): 0.17 | time-left: 4.69 min
[2024-05-15 19:27:11,240][func.train][INFO] - [TRAINING] Step 400/1725 | Loss: 2.05 | Acc (curr_frames): 0.13 | time-left: 4.26 min
[2024-05-15 19:27:28,991][func.train][INFO] - [TRAINING] Step 500/1725 | Loss: 1.67 | Acc (curr_frames): 0.18 | time-left: 3.87 min
[2024-05-15 19:27:47,005][func.train][INFO] - [TRAINING] Step 600/1725 | Loss: 1.98 | Acc (curr_frames): 0.20 | time-left: 3.53 min
[2024-05-15 19:28:04,884][func.train][INFO] - [TRAINING] Step 700/1725 | Loss: 1.53 | Acc (curr_frames): 0.17 | time-left: 3.19 min
[2024-05-15 19:28:22,836][func.train][INFO] - [TRAINING] Step 800/1725 | Loss: 1.54 | Acc (curr_frames): 0.20 | time-left: 2.86 min
[2024-05-15 19:28:40,671][func.train][INFO] - [TRAINING] Step 900/1725 | Loss: 1.51 | Acc (curr_frames): 0.13 | time-left: 2.54 min
[2024-05-15 19:28:58,868][func.train][INFO] - [TRAINING] Step 1000/1725 | Loss: 1.30 | Acc (curr_frames): 0.02 | time-left: 2.23 min
[2024-05-15 19:29:16,973][func.train][INFO] - [TRAINING] Step 1100/1725 | Loss: 2.53 | Acc (curr_frames): 0.19 | time-left: 1.92 min
[2024-05-15 19:29:34,952][func.train][INFO] - [TRAINING] Step 1200/1725 | Loss: 1.57 | Acc (curr_frames): 0.11 | time-left: 1.61 min
[2024-05-15 19:29:52,737][func.train][INFO] - [TRAINING] Step 1300/1725 | Loss: 1.68 | Acc (curr_frames): 0.09 | time-left: 1.30 min
[2024-05-15 19:30:10,292][func.train][INFO] - [TRAINING] Step 1400/1725 | Loss: 2.41 | Acc (curr_frames): 0.21 | time-left: 0.99 min
[2024-05-15 19:30:28,149][func.train][INFO] - [TRAINING] Step 1500/1725 | Loss: 1.45 | Acc (curr_frames): 0.15 | time-left: 0.68 min
[2024-05-15 19:30:45,729][func.train][INFO] - [TRAINING] Step 1600/1725 | Loss: 1.43 | Acc (curr_frames): 0.03 | time-left: 0.38 min
[2024-05-15 19:31:03,424][func.train][INFO] - [TRAINING] Step 1700/1725 | Loss: 1.49 | Acc (curr_frames): 0.17 | time-left: 0.07 min
