[2024-06-10 18:11:09,479][func.train][INFO] - Dist info:
[2024-06-10 18:11:09,480][func.train][INFO] - torch version: 2.2.2+cu121
[2024-06-10 18:11:09,480][func.train][INFO] - torchvision version: 0.17.2+cu121
[2024-06-10 18:11:09,481][func.train][INFO] - hydra version: 1.3.2
[2024-06-10 18:11:09,485][func.train][INFO] - Loading data
[2024-06-10 18:11:09,486][func.train][INFO] - Loading datasets
[2024-06-10 18:11:13,335][func.train][INFO] - [SELECT DATASET] ALL loaded dataframe in 0m 4s
[2024-06-10 18:11:13,337][func.train][INFO] - [SELECT DATASET] ALL loaded dataframe: (4612530, 11)
[2024-06-10 18:11:13,608][func.train][INFO] - [SELECT DATASET] labels are already starting from 0
[2024-06-10 18:11:14,032][func.train][INFO] - [SELECT DATASET] ALL unique classes: [0 1 2 3 4 5 6]
[2024-06-10 18:11:14,058][func.train][INFO] - [SELECT DATASET] aLL dataframe (head):                    image_path class  ... tool_Irrigator tool_SpecimenBag
0  video01/video01_000001.png     0  ...              0                0
1  video01/video01_000002.png     0  ...              0                0
2  video01/video01_000003.png     0  ...              0                0
3  video01/video01_000004.png     0  ...              0                0
4  video01/video01_000005.png     0  ...              0                0

[5 rows x 11 columns]
[2024-06-10 18:11:14,073][func.train][INFO] - [SELECT DATASET] ALL dataframe (tail):                          image_path class  ... tool_Irrigator tool_SpecimenBag
4612525  video80/video80_043097.png     6  ...              0                0
4612526  video80/video80_043098.png     6  ...              0                0
4612527  video80/video80_043099.png     6  ...              0                0
4612528  video80/video80_043100.png     6  ...              0                0
4612529  video80/video80_043101.png     6  ...              0                0

[5 rows x 11 columns]
[2024-06-10 18:11:14,074][func.train][INFO] - [DATASET] params: {'debug': False, 'dataset_name': 'cholec80', 'reduc_feats_folder': 'train_targets_x_mp/', 'num_classes': 7, 'num_next_labels': 6, 'last_seg_class': 7, 'predict_next_phase': True, 'get_target_feats': False, 'replace_current_with_next_class': False}
[2024-06-10 18:11:16,050][func.train][INFO] - [DATASET] df unique videos: [1 2 3 4 5 6 7 8 9 10 11 12 13 14 15 16 17 18 19 20 21 22 23 24 25 26 27
 28 29 30 31 32 33 34 35 36 37 38 39 40 41 42 43 44 45 46 47 48 49 50 51
 52 53 54 55 56 57 58 59 60 61 62 63 64 65 66 67 68 69 70 71 72 73 74 75
 76 77 78 79 80]
[2024-06-10 18:11:16,051][func.train][INFO] - [DATASET] split: train video_indices: [1, 2, 3, 4, 5, 6, 7, 8, 9, 10, 11, 12, 13, 14, 15, 16, 17, 18, 19, 20, 21, 22, 23, 24, 25, 26, 27, 28, 29, 30, 31, 32, 33, 34, 35, 36, 37, 38, 39, 40]
[2024-06-10 18:11:18,609][func.train][INFO] - [DATASET] train size: 2157640
[2024-06-10 18:11:18,610][func.train][INFO] - [DATASET] train video_indices: [1, 2, 3, 4, 5, 6, 7, 8, 9, 10, 11, 12, 13, 14, 15, 16, 17, 18, 19, 20, 21, 22, 23, 24, 25, 26, 27, 28, 29, 30, 31, 32, 33, 34, 35, 36, 37, 38, 39, 40]
[2024-06-10 18:11:18,719][func.train][INFO] - [DATASET] Sampling video_idx: 1 at 25 fps to 1733 frames
[2024-06-10 18:11:18,743][func.train][INFO] - [DATASET] video 1 label_list: torch.Size([1733])
[2024-06-10 18:11:19,281][func.train][INFO] - [DATASET] Sampling video_idx: 2 at 25 fps to 2839 frames
[2024-06-10 18:11:19,282][func.train][INFO] - [DATASET] video 2 label_list: torch.Size([2839])
[2024-06-10 18:11:19,421][func.train][INFO] - [DATASET] Sampling video_idx: 3 at 25 fps to 5828 frames
[2024-06-10 18:11:19,422][func.train][INFO] - [DATASET] video 3 label_list: torch.Size([5828])
[2024-06-10 18:11:19,554][func.train][INFO] - [DATASET] Sampling video_idx: 4 at 25 fps to 1522 frames
[2024-06-10 18:11:19,555][func.train][INFO] - [DATASET] video 4 label_list: torch.Size([1522])
[2024-06-10 18:11:19,675][func.train][INFO] - [DATASET] Sampling video_idx: 5 at 25 fps to 2344 frames
[2024-06-10 18:11:19,676][func.train][INFO] - [DATASET] video 5 label_list: torch.Size([2344])
[2024-06-10 18:11:19,805][func.train][INFO] - [DATASET] Sampling video_idx: 6 at 25 fps to 2153 frames
[2024-06-10 18:11:19,806][func.train][INFO] - [DATASET] video 6 label_list: torch.Size([2153])
[2024-06-10 18:11:19,934][func.train][INFO] - [DATASET] Sampling video_idx: 7 at 25 fps to 4557 frames
[2024-06-10 18:11:19,935][func.train][INFO] - [DATASET] video 7 label_list: torch.Size([4557])
[2024-06-10 18:11:20,053][func.train][INFO] - [DATASET] Sampling video_idx: 8 at 25 fps to 1519 frames
[2024-06-10 18:11:20,054][func.train][INFO] - [DATASET] video 8 label_list: torch.Size([1519])
[2024-06-10 18:11:20,170][func.train][INFO] - [DATASET] Sampling video_idx: 9 at 25 fps to 2702 frames
[2024-06-10 18:11:20,171][func.train][INFO] - [DATASET] video 9 label_list: torch.Size([2702])
[2024-06-10 18:11:20,296][func.train][INFO] - [DATASET] Sampling video_idx: 10 at 25 fps to 1749 frames
[2024-06-10 18:11:20,297][func.train][INFO] - [DATASET] video 10 label_list: torch.Size([1749])
[2024-06-10 18:11:20,420][func.train][INFO] - [DATASET] Sampling video_idx: 11 at 25 fps to 3220 frames
[2024-06-10 18:11:20,421][func.train][INFO] - [DATASET] video 11 label_list: torch.Size([3220])
[2024-06-10 18:11:20,534][func.train][INFO] - [DATASET] Sampling video_idx: 12 at 25 fps to 1090 frames
[2024-06-10 18:11:20,535][func.train][INFO] - [DATASET] video 12 label_list: torch.Size([1090])
[2024-06-10 18:11:20,644][func.train][INFO] - [DATASET] Sampling video_idx: 13 at 25 fps to 981 frames
[2024-06-10 18:11:20,645][func.train][INFO] - [DATASET] video 13 label_list: torch.Size([981])
[2024-06-10 18:11:20,757][func.train][INFO] - [DATASET] Sampling video_idx: 14 at 25 fps to 1708 frames
[2024-06-10 18:11:20,758][func.train][INFO] - [DATASET] video 14 label_list: torch.Size([1708])
[2024-06-10 18:11:20,873][func.train][INFO] - [DATASET] Sampling video_idx: 15 at 25 fps to 2058 frames
[2024-06-10 18:11:20,874][func.train][INFO] - [DATASET] video 15 label_list: torch.Size([2058])
[2024-06-10 18:11:21,002][func.train][INFO] - [DATASET] Sampling video_idx: 16 at 25 fps to 2957 frames
[2024-06-10 18:11:21,003][func.train][INFO] - [DATASET] video 16 label_list: torch.Size([2957])
[2024-06-10 18:11:21,115][func.train][INFO] - [DATASET] Sampling video_idx: 17 at 25 fps to 1304 frames
[2024-06-10 18:11:21,116][func.train][INFO] - [DATASET] video 17 label_list: torch.Size([1304])
[2024-06-10 18:11:21,231][func.train][INFO] - [DATASET] Sampling video_idx: 18 at 25 fps to 1942 frames
[2024-06-10 18:11:21,232][func.train][INFO] - [DATASET] video 18 label_list: torch.Size([1942])
[2024-06-10 18:11:21,352][func.train][INFO] - [DATASET] Sampling video_idx: 19 at 25 fps to 2424 frames
[2024-06-10 18:11:21,353][func.train][INFO] - [DATASET] video 19 label_list: torch.Size([2424])
[2024-06-10 18:11:21,466][func.train][INFO] - [DATASET] Sampling video_idx: 20 at 25 fps to 1449 frames
[2024-06-10 18:11:21,467][func.train][INFO] - [DATASET] video 20 label_list: torch.Size([1449])
[2024-06-10 18:11:21,584][func.train][INFO] - [DATASET] Sampling video_idx: 21 at 25 fps to 1258 frames
[2024-06-10 18:11:21,584][func.train][INFO] - [DATASET] video 21 label_list: torch.Size([1258])
[2024-06-10 18:11:21,696][func.train][INFO] - [DATASET] Sampling video_idx: 22 at 25 fps to 1532 frames
[2024-06-10 18:11:21,697][func.train][INFO] - [DATASET] video 22 label_list: torch.Size([1532])
[2024-06-10 18:11:21,812][func.train][INFO] - [DATASET] Sampling video_idx: 23 at 25 fps to 1635 frames
[2024-06-10 18:11:21,813][func.train][INFO] - [DATASET] video 23 label_list: torch.Size([1635])
[2024-06-10 18:11:21,925][func.train][INFO] - [DATASET] Sampling video_idx: 24 at 25 fps to 1975 frames
[2024-06-10 18:11:21,926][func.train][INFO] - [DATASET] video 24 label_list: torch.Size([1975])
[2024-06-10 18:11:22,064][func.train][INFO] - [DATASET] Sampling video_idx: 25 at 25 fps to 2129 frames
[2024-06-10 18:11:22,065][func.train][INFO] - [DATASET] video 25 label_list: torch.Size([2129])
[2024-06-10 18:11:22,205][func.train][INFO] - [DATASET] Sampling video_idx: 26 at 25 fps to 1773 frames
[2024-06-10 18:11:22,206][func.train][INFO] - [DATASET] video 26 label_list: torch.Size([1773])
[2024-06-10 18:11:22,348][func.train][INFO] - [DATASET] Sampling video_idx: 27 at 25 fps to 2084 frames
[2024-06-10 18:11:22,349][func.train][INFO] - [DATASET] video 27 label_list: torch.Size([2084])
[2024-06-10 18:11:22,482][func.train][INFO] - [DATASET] Sampling video_idx: 28 at 25 fps to 1199 frames
[2024-06-10 18:11:22,483][func.train][INFO] - [DATASET] video 28 label_list: torch.Size([1199])
[2024-06-10 18:11:22,614][func.train][INFO] - [DATASET] Sampling video_idx: 29 at 25 fps to 2350 frames
[2024-06-10 18:11:22,615][func.train][INFO] - [DATASET] video 29 label_list: torch.Size([2350])
[2024-06-10 18:11:22,758][func.train][INFO] - [DATASET] Sampling video_idx: 30 at 25 fps to 2925 frames
[2024-06-10 18:11:22,759][func.train][INFO] - [DATASET] video 30 label_list: torch.Size([2925])
[2024-06-10 18:11:22,919][func.train][INFO] - [DATASET] Sampling video_idx: 31 at 25 fps to 3945 frames
[2024-06-10 18:11:22,920][func.train][INFO] - [DATASET] video 31 label_list: torch.Size([3945])
[2024-06-10 18:11:23,077][func.train][INFO] - [DATASET] Sampling video_idx: 32 at 25 fps to 2116 frames
[2024-06-10 18:11:23,078][func.train][INFO] - [DATASET] video 32 label_list: torch.Size([2116])
[2024-06-10 18:11:23,218][func.train][INFO] - [DATASET] Sampling video_idx: 33 at 25 fps to 1307 frames
[2024-06-10 18:11:23,219][func.train][INFO] - [DATASET] video 33 label_list: torch.Size([1307])
[2024-06-10 18:11:23,344][func.train][INFO] - [DATASET] Sampling video_idx: 34 at 25 fps to 1323 frames
[2024-06-10 18:11:23,345][func.train][INFO] - [DATASET] video 34 label_list: torch.Size([1323])
[2024-06-10 18:11:23,474][func.train][INFO] - [DATASET] Sampling video_idx: 35 at 25 fps to 2106 frames
[2024-06-10 18:11:23,475][func.train][INFO] - [DATASET] video 35 label_list: torch.Size([2106])
[2024-06-10 18:11:23,615][func.train][INFO] - [DATASET] Sampling video_idx: 36 at 25 fps to 2387 frames
[2024-06-10 18:11:23,616][func.train][INFO] - [DATASET] video 36 label_list: torch.Size([2387])
[2024-06-10 18:11:23,730][func.train][INFO] - [DATASET] Sampling video_idx: 37 at 25 fps to 1232 frames
[2024-06-10 18:11:23,731][func.train][INFO] - [DATASET] video 37 label_list: torch.Size([1232])
[2024-06-10 18:11:23,849][func.train][INFO] - [DATASET] Sampling video_idx: 38 at 25 fps to 3080 frames
[2024-06-10 18:11:23,850][func.train][INFO] - [DATASET] video 38 label_list: torch.Size([3080])
[2024-06-10 18:11:23,974][func.train][INFO] - [DATASET] Sampling video_idx: 39 at 25 fps to 1647 frames
[2024-06-10 18:11:23,975][func.train][INFO] - [DATASET] video 39 label_list: torch.Size([1647])
[2024-06-10 18:11:24,092][func.train][INFO] - [DATASET] Sampling video_idx: 40 at 25 fps to 2222 frames
[2024-06-10 18:11:24,093][func.train][INFO] - [DATASET] video 40 label_list: torch.Size([2222])
[2024-06-10 18:11:24,100][func.train][INFO] - [DATASET] number of train videos: 40
[2024-06-10 18:11:24,100][func.train][INFO] - [DATASET] avg video length: 35.96 minutes
[2024-06-10 18:11:24,124][func.train][INFO] - [DATASET] num classes at 1fps in train: (86304,)
[2024-06-10 18:11:24,126][func.train][INFO] - [DATASET] classes_counts_dict: {0: 3756, 1: 36886, 2: 7329, 3: 24119, 4: 3716, 5: 7219, 6: 3279}
[2024-06-10 18:11:24,129][func.train][INFO] - [DATASET] curr_class_weights: tensor([3.2825, 0.3342, 1.6822, 0.5112, 3.3179, 1.7079, 3.7600])
[2024-06-10 18:11:24,129][func.train][INFO] - [DATASET] eos_weight: count
[2024-06-10 18:11:24,130][func.train][INFO] - [DATASET] num_eos_vals: 2400
[2024-06-10 18:11:24,130][func.train][INFO] - [DATASET] classes_counts_dict: {0: 3756, 1: 36886, 2: 7329, 3: 24119, 4: 3716, 5: 7219, 6: 3279, 7: 2400}
[2024-06-10 18:11:24,130][func.train][INFO] - [DATASET] next_class_weights: tensor([2.9521, 0.3006, 1.5129, 0.4597, 2.9839, 1.5359, 3.3815, 4.6200])
[2024-06-10 18:11:26,261][func.train][INFO] - [DATASET] df unique videos: [1 2 3 4 5 6 7 8 9 10 11 12 13 14 15 16 17 18 19 20 21 22 23 24 25 26 27
 28 29 30 31 32 33 34 35 36 37 38 39 40 41 42 43 44 45 46 47 48 49 50 51
 52 53 54 55 56 57 58 59 60 61 62 63 64 65 66 67 68 69 70 71 72 73 74 75
 76 77 78 79 80]
[2024-06-10 18:11:26,262][func.train][INFO] - [DATASET] split: test video_indices: [41]
[2024-06-10 18:11:26,373][func.train][INFO] - [DATASET] test size: 77576
[2024-06-10 18:11:26,373][func.train][INFO] - [DATASET] test video_indices: [41]
[2024-06-10 18:11:26,391][func.train][INFO] - [DATASET] Sampling video_idx: 41 at 25 fps to 3103 frames
[2024-06-10 18:11:26,392][func.train][INFO] - [DATASET] video 41 label_list: torch.Size([3103])
[2024-06-10 18:11:26,404][func.train][INFO] - [DATASET] number of test videos: 1
[2024-06-10 18:11:26,404][func.train][INFO] - [DATASET] avg video length: 51.72 minutes
[2024-06-10 18:11:28,369][func.train][INFO] - [DATASET] df unique videos: [1 2 3 4 5 6 7 8 9 10 11 12 13 14 15 16 17 18 19 20 21 22 23 24 25 26 27
 28 29 30 31 32 33 34 35 36 37 38 39 40 41 42 43 44 45 46 47 48 49 50 51
 52 53 54 55 56 57 58 59 60 61 62 63 64 65 66 67 68 69 70 71 72 73 74 75
 76 77 78 79 80]
[2024-06-10 18:11:28,370][func.train][INFO] - [DATASET] split: test video_indices: [42]
[2024-06-10 18:11:28,480][func.train][INFO] - [DATASET] test size: 92801
[2024-06-10 18:11:28,481][func.train][INFO] - [DATASET] test video_indices: [42]
[2024-06-10 18:11:28,501][func.train][INFO] - [DATASET] Sampling video_idx: 42 at 25 fps to 3712 frames
[2024-06-10 18:11:28,502][func.train][INFO] - [DATASET] video 42 label_list: torch.Size([3712])
[2024-06-10 18:11:28,516][func.train][INFO] - [DATASET] number of test videos: 1
[2024-06-10 18:11:28,517][func.train][INFO] - [DATASET] avg video length: 61.87 minutes
[2024-06-10 18:11:30,501][func.train][INFO] - [DATASET] df unique videos: [1 2 3 4 5 6 7 8 9 10 11 12 13 14 15 16 17 18 19 20 21 22 23 24 25 26 27
 28 29 30 31 32 33 34 35 36 37 38 39 40 41 42 43 44 45 46 47 48 49 50 51
 52 53 54 55 56 57 58 59 60 61 62 63 64 65 66 67 68 69 70 71 72 73 74 75
 76 77 78 79 80]
[2024-06-10 18:11:30,501][func.train][INFO] - [DATASET] split: test video_indices: [43]
[2024-06-10 18:11:30,596][func.train][INFO] - [DATASET] test size: 59051
[2024-06-10 18:11:30,596][func.train][INFO] - [DATASET] test video_indices: [43]
[2024-06-10 18:11:30,609][func.train][INFO] - [DATASET] Sampling video_idx: 43 at 25 fps to 2362 frames
[2024-06-10 18:11:30,610][func.train][INFO] - [DATASET] video 43 label_list: torch.Size([2362])
[2024-06-10 18:11:30,616][func.train][INFO] - [DATASET] number of test videos: 1
[2024-06-10 18:11:30,617][func.train][INFO] - [DATASET] avg video length: 39.37 minutes
[2024-06-10 18:11:32,536][func.train][INFO] - [DATASET] df unique videos: [1 2 3 4 5 6 7 8 9 10 11 12 13 14 15 16 17 18 19 20 21 22 23 24 25 26 27
 28 29 30 31 32 33 34 35 36 37 38 39 40 41 42 43 44 45 46 47 48 49 50 51
 52 53 54 55 56 57 58 59 60 61 62 63 64 65 66 67 68 69 70 71 72 73 74 75
 76 77 78 79 80]
[2024-06-10 18:11:32,537][func.train][INFO] - [DATASET] split: test video_indices: [44]
[2024-06-10 18:11:32,640][func.train][INFO] - [DATASET] test size: 78176
[2024-06-10 18:11:32,640][func.train][INFO] - [DATASET] test video_indices: [44]
[2024-06-10 18:11:32,659][func.train][INFO] - [DATASET] Sampling video_idx: 44 at 25 fps to 3127 frames
[2024-06-10 18:11:32,659][func.train][INFO] - [DATASET] video 44 label_list: torch.Size([3127])
[2024-06-10 18:11:32,667][func.train][INFO] - [DATASET] number of test videos: 1
[2024-06-10 18:11:32,667][func.train][INFO] - [DATASET] avg video length: 52.12 minutes
[2024-06-10 18:11:34,726][func.train][INFO] - [DATASET] df unique videos: [1 2 3 4 5 6 7 8 9 10 11 12 13 14 15 16 17 18 19 20 21 22 23 24 25 26 27
 28 29 30 31 32 33 34 35 36 37 38 39 40 41 42 43 44 45 46 47 48 49 50 51
 52 53 54 55 56 57 58 59 60 61 62 63 64 65 66 67 68 69 70 71 72 73 74 75
 76 77 78 79 80]
[2024-06-10 18:11:34,726][func.train][INFO] - [DATASET] split: test video_indices: [45]
[2024-06-10 18:11:34,837][func.train][INFO] - [DATASET] test size: 84676
[2024-06-10 18:11:34,838][func.train][INFO] - [DATASET] test video_indices: [45]
[2024-06-10 18:11:34,858][func.train][INFO] - [DATASET] Sampling video_idx: 45 at 25 fps to 3387 frames
[2024-06-10 18:11:34,859][func.train][INFO] - [DATASET] video 45 label_list: torch.Size([3387])
[2024-06-10 18:11:34,872][func.train][INFO] - [DATASET] number of test videos: 1
[2024-06-10 18:11:34,873][func.train][INFO] - [DATASET] avg video length: 56.45 minutes
[2024-06-10 18:11:37,140][func.train][INFO] - [DATASET] df unique videos: [1 2 3 4 5 6 7 8 9 10 11 12 13 14 15 16 17 18 19 20 21 22 23 24 25 26 27
 28 29 30 31 32 33 34 35 36 37 38 39 40 41 42 43 44 45 46 47 48 49 50 51
 52 53 54 55 56 57 58 59 60 61 62 63 64 65 66 67 68 69 70 71 72 73 74 75
 76 77 78 79 80]
[2024-06-10 18:11:37,141][func.train][INFO] - [DATASET] split: test video_indices: [46]
[2024-06-10 18:11:37,235][func.train][INFO] - [DATASET] test size: 41326
[2024-06-10 18:11:37,235][func.train][INFO] - [DATASET] test video_indices: [46]
[2024-06-10 18:11:37,245][func.train][INFO] - [DATASET] Sampling video_idx: 46 at 25 fps to 1653 frames
[2024-06-10 18:11:37,246][func.train][INFO] - [DATASET] video 46 label_list: torch.Size([1653])
[2024-06-10 18:11:37,251][func.train][INFO] - [DATASET] number of test videos: 1
[2024-06-10 18:11:37,251][func.train][INFO] - [DATASET] avg video length: 27.55 minutes
[2024-06-10 18:11:39,439][func.train][INFO] - [DATASET] df unique videos: [1 2 3 4 5 6 7 8 9 10 11 12 13 14 15 16 17 18 19 20 21 22 23 24 25 26 27
 28 29 30 31 32 33 34 35 36 37 38 39 40 41 42 43 44 45 46 47 48 49 50 51
 52 53 54 55 56 57 58 59 60 61 62 63 64 65 66 67 68 69 70 71 72 73 74 75
 76 77 78 79 80]
[2024-06-10 18:11:39,440][func.train][INFO] - [DATASET] split: test video_indices: [47]
[2024-06-10 18:11:39,545][func.train][INFO] - [DATASET] test size: 56476
[2024-06-10 18:11:39,546][func.train][INFO] - [DATASET] test video_indices: [47]
[2024-06-10 18:11:39,560][func.train][INFO] - [DATASET] Sampling video_idx: 47 at 25 fps to 2259 frames
[2024-06-10 18:11:39,561][func.train][INFO] - [DATASET] video 47 label_list: torch.Size([2259])
[2024-06-10 18:11:39,566][func.train][INFO] - [DATASET] number of test videos: 1
[2024-06-10 18:11:39,566][func.train][INFO] - [DATASET] avg video length: 37.65 minutes
[2024-06-10 18:11:41,715][func.train][INFO] - [DATASET] df unique videos: [1 2 3 4 5 6 7 8 9 10 11 12 13 14 15 16 17 18 19 20 21 22 23 24 25 26 27
 28 29 30 31 32 33 34 35 36 37 38 39 40 41 42 43 44 45 46 47 48 49 50 51
 52 53 54 55 56 57 58 59 60 61 62 63 64 65 66 67 68 69 70 71 72 73 74 75
 76 77 78 79 80]
[2024-06-10 18:11:41,716][func.train][INFO] - [DATASET] split: test video_indices: [48]
[2024-06-10 18:11:41,820][func.train][INFO] - [DATASET] test size: 45851
[2024-06-10 18:11:41,820][func.train][INFO] - [DATASET] test video_indices: [48]
[2024-06-10 18:11:41,831][func.train][INFO] - [DATASET] Sampling video_idx: 48 at 25 fps to 1834 frames
[2024-06-10 18:11:41,832][func.train][INFO] - [DATASET] video 48 label_list: torch.Size([1834])
[2024-06-10 18:11:41,838][func.train][INFO] - [DATASET] number of test videos: 1
[2024-06-10 18:11:41,838][func.train][INFO] - [DATASET] avg video length: 30.57 minutes
[2024-06-10 18:11:43,816][func.train][INFO] - [DATASET] df unique videos: [1 2 3 4 5 6 7 8 9 10 11 12 13 14 15 16 17 18 19 20 21 22 23 24 25 26 27
 28 29 30 31 32 33 34 35 36 37 38 39 40 41 42 43 44 45 46 47 48 49 50 51
 52 53 54 55 56 57 58 59 60 61 62 63 64 65 66 67 68 69 70 71 72 73 74 75
 76 77 78 79 80]
[2024-06-10 18:11:43,817][func.train][INFO] - [DATASET] split: test video_indices: [49]
[2024-06-10 18:11:43,907][func.train][INFO] - [DATASET] test size: 41776
[2024-06-10 18:11:43,908][func.train][INFO] - [DATASET] test video_indices: [49]
[2024-06-10 18:11:43,917][func.train][INFO] - [DATASET] Sampling video_idx: 49 at 25 fps to 1671 frames
[2024-06-10 18:11:43,918][func.train][INFO] - [DATASET] video 49 label_list: torch.Size([1671])
[2024-06-10 18:11:43,922][func.train][INFO] - [DATASET] number of test videos: 1
[2024-06-10 18:11:43,922][func.train][INFO] - [DATASET] avg video length: 27.85 minutes
[2024-06-10 18:11:45,969][func.train][INFO] - [DATASET] df unique videos: [1 2 3 4 5 6 7 8 9 10 11 12 13 14 15 16 17 18 19 20 21 22 23 24 25 26 27
 28 29 30 31 32 33 34 35 36 37 38 39 40 41 42 43 44 45 46 47 48 49 50 51
 52 53 54 55 56 57 58 59 60 61 62 63 64 65 66 67 68 69 70 71 72 73 74 75
 76 77 78 79 80]
[2024-06-10 18:11:45,970][func.train][INFO] - [DATASET] split: test video_indices: [50]
[2024-06-10 18:11:46,055][func.train][INFO] - [DATASET] test size: 27351
[2024-06-10 18:11:46,055][func.train][INFO] - [DATASET] test video_indices: [50]
[2024-06-10 18:11:46,062][func.train][INFO] - [DATASET] Sampling video_idx: 50 at 25 fps to 1094 frames
[2024-06-10 18:11:46,063][func.train][INFO] - [DATASET] video 50 label_list: torch.Size([1094])
[2024-06-10 18:11:46,068][func.train][INFO] - [DATASET] number of test videos: 1
[2024-06-10 18:11:46,068][func.train][INFO] - [DATASET] avg video length: 18.23 minutes
[2024-06-10 18:11:48,095][func.train][INFO] - [DATASET] df unique videos: [1 2 3 4 5 6 7 8 9 10 11 12 13 14 15 16 17 18 19 20 21 22 23 24 25 26 27
 28 29 30 31 32 33 34 35 36 37 38 39 40 41 42 43 44 45 46 47 48 49 50 51
 52 53 54 55 56 57 58 59 60 61 62 63 64 65 66 67 68 69 70 71 72 73 74 75
 76 77 78 79 80]
[2024-06-10 18:11:48,095][func.train][INFO] - [DATASET] split: test video_indices: [51]
[2024-06-10 18:11:48,203][func.train][INFO] - [DATASET] test size: 73601
[2024-06-10 18:11:48,203][func.train][INFO] - [DATASET] test video_indices: [51]
[2024-06-10 18:11:48,221][func.train][INFO] - [DATASET] Sampling video_idx: 51 at 25 fps to 2944 frames
[2024-06-10 18:11:48,222][func.train][INFO] - [DATASET] video 51 label_list: torch.Size([2944])
[2024-06-10 18:11:48,229][func.train][INFO] - [DATASET] number of test videos: 1
[2024-06-10 18:11:48,229][func.train][INFO] - [DATASET] avg video length: 49.07 minutes
[2024-06-10 18:11:50,257][func.train][INFO] - [DATASET] df unique videos: [1 2 3 4 5 6 7 8 9 10 11 12 13 14 15 16 17 18 19 20 21 22 23 24 25 26 27
 28 29 30 31 32 33 34 35 36 37 38 39 40 41 42 43 44 45 46 47 48 49 50 51
 52 53 54 55 56 57 58 59 60 61 62 63 64 65 66 67 68 69 70 71 72 73 74 75
 76 77 78 79 80]
[2024-06-10 18:11:50,258][func.train][INFO] - [DATASET] split: test video_indices: [52]
[2024-06-10 18:11:50,350][func.train][INFO] - [DATASET] test size: 49151
[2024-06-10 18:11:50,351][func.train][INFO] - [DATASET] test video_indices: [52]
[2024-06-10 18:11:50,363][func.train][INFO] - [DATASET] Sampling video_idx: 52 at 25 fps to 1966 frames
[2024-06-10 18:11:50,364][func.train][INFO] - [DATASET] video 52 label_list: torch.Size([1966])
[2024-06-10 18:11:50,370][func.train][INFO] - [DATASET] number of test videos: 1
[2024-06-10 18:11:50,370][func.train][INFO] - [DATASET] avg video length: 32.77 minutes
[2024-06-10 18:11:52,328][func.train][INFO] - [DATASET] df unique videos: [1 2 3 4 5 6 7 8 9 10 11 12 13 14 15 16 17 18 19 20 21 22 23 24 25 26 27
 28 29 30 31 32 33 34 35 36 37 38 39 40 41 42 43 44 45 46 47 48 49 50 51
 52 53 54 55 56 57 58 59 60 61 62 63 64 65 66 67 68 69 70 71 72 73 74 75
 76 77 78 79 80]
[2024-06-10 18:11:52,329][func.train][INFO] - [DATASET] split: test video_indices: [53]
[2024-06-10 18:11:52,436][func.train][INFO] - [DATASET] test size: 82076
[2024-06-10 18:11:52,436][func.train][INFO] - [DATASET] test video_indices: [53]
[2024-06-10 18:11:52,457][func.train][INFO] - [DATASET] Sampling video_idx: 53 at 25 fps to 3283 frames
[2024-06-10 18:11:52,458][func.train][INFO] - [DATASET] video 53 label_list: torch.Size([3283])
[2024-06-10 18:11:52,466][func.train][INFO] - [DATASET] number of test videos: 1
[2024-06-10 18:11:52,467][func.train][INFO] - [DATASET] avg video length: 54.72 minutes
[2024-06-10 18:11:54,469][func.train][INFO] - [DATASET] df unique videos: [1 2 3 4 5 6 7 8 9 10 11 12 13 14 15 16 17 18 19 20 21 22 23 24 25 26 27
 28 29 30 31 32 33 34 35 36 37 38 39 40 41 42 43 44 45 46 47 48 49 50 51
 52 53 54 55 56 57 58 59 60 61 62 63 64 65 66 67 68 69 70 71 72 73 74 75
 76 77 78 79 80]
[2024-06-10 18:11:54,469][func.train][INFO] - [DATASET] split: test video_indices: [54]
[2024-06-10 18:11:54,574][func.train][INFO] - [DATASET] test size: 77501
[2024-06-10 18:11:54,575][func.train][INFO] - [DATASET] test video_indices: [54]
[2024-06-10 18:11:54,593][func.train][INFO] - [DATASET] Sampling video_idx: 54 at 25 fps to 3100 frames
[2024-06-10 18:11:54,594][func.train][INFO] - [DATASET] video 54 label_list: torch.Size([3100])
[2024-06-10 18:11:54,601][func.train][INFO] - [DATASET] number of test videos: 1
[2024-06-10 18:11:54,601][func.train][INFO] - [DATASET] avg video length: 51.67 minutes
[2024-06-10 18:11:56,624][func.train][INFO] - [DATASET] df unique videos: [1 2 3 4 5 6 7 8 9 10 11 12 13 14 15 16 17 18 19 20 21 22 23 24 25 26 27
 28 29 30 31 32 33 34 35 36 37 38 39 40 41 42 43 44 45 46 47 48 49 50 51
 52 53 54 55 56 57 58 59 60 61 62 63 64 65 66 67 68 69 70 71 72 73 74 75
 76 77 78 79 80]
[2024-06-10 18:11:56,624][func.train][INFO] - [DATASET] split: test video_indices: [55]
[2024-06-10 18:11:56,710][func.train][INFO] - [DATASET] test size: 25926
[2024-06-10 18:11:56,710][func.train][INFO] - [DATASET] test video_indices: [55]
[2024-06-10 18:11:56,717][func.train][INFO] - [DATASET] Sampling video_idx: 55 at 25 fps to 1037 frames
[2024-06-10 18:11:56,717][func.train][INFO] - [DATASET] video 55 label_list: torch.Size([1037])
[2024-06-10 18:11:56,720][func.train][INFO] - [DATASET] number of test videos: 1
[2024-06-10 18:11:56,721][func.train][INFO] - [DATASET] avg video length: 17.28 minutes
[2024-06-10 18:11:58,645][func.train][INFO] - [DATASET] df unique videos: [1 2 3 4 5 6 7 8 9 10 11 12 13 14 15 16 17 18 19 20 21 22 23 24 25 26 27
 28 29 30 31 32 33 34 35 36 37 38 39 40 41 42 43 44 45 46 47 48 49 50 51
 52 53 54 55 56 57 58 59 60 61 62 63 64 65 66 67 68 69 70 71 72 73 74 75
 76 77 78 79 80]
[2024-06-10 18:11:58,645][func.train][INFO] - [DATASET] split: test video_indices: [56]
[2024-06-10 18:11:58,734][func.train][INFO] - [DATASET] test size: 45851
[2024-06-10 18:11:58,734][func.train][INFO] - [DATASET] test video_indices: [56]
[2024-06-10 18:11:58,745][func.train][INFO] - [DATASET] Sampling video_idx: 56 at 25 fps to 1834 frames
[2024-06-10 18:11:58,746][func.train][INFO] - [DATASET] video 56 label_list: torch.Size([1834])
[2024-06-10 18:11:58,751][func.train][INFO] - [DATASET] number of test videos: 1
[2024-06-10 18:11:58,751][func.train][INFO] - [DATASET] avg video length: 30.57 minutes
[2024-06-10 18:12:00,647][func.train][INFO] - [DATASET] df unique videos: [1 2 3 4 5 6 7 8 9 10 11 12 13 14 15 16 17 18 19 20 21 22 23 24 25 26 27
 28 29 30 31 32 33 34 35 36 37 38 39 40 41 42 43 44 45 46 47 48 49 50 51
 52 53 54 55 56 57 58 59 60 61 62 63 64 65 66 67 68 69 70 71 72 73 74 75
 76 77 78 79 80]
[2024-06-10 18:12:00,647][func.train][INFO] - [DATASET] split: test video_indices: [57]
[2024-06-10 18:12:00,748][func.train][INFO] - [DATASET] test size: 65801
[2024-06-10 18:12:00,749][func.train][INFO] - [DATASET] test video_indices: [57]
[2024-06-10 18:12:00,765][func.train][INFO] - [DATASET] Sampling video_idx: 57 at 25 fps to 2632 frames
[2024-06-10 18:12:00,766][func.train][INFO] - [DATASET] video 57 label_list: torch.Size([2632])
[2024-06-10 18:12:00,773][func.train][INFO] - [DATASET] number of test videos: 1
[2024-06-10 18:12:00,773][func.train][INFO] - [DATASET] avg video length: 43.87 minutes
[2024-06-10 18:12:02,693][func.train][INFO] - [DATASET] df unique videos: [1 2 3 4 5 6 7 8 9 10 11 12 13 14 15 16 17 18 19 20 21 22 23 24 25 26 27
 28 29 30 31 32 33 34 35 36 37 38 39 40 41 42 43 44 45 46 47 48 49 50 51
 52 53 54 55 56 57 58 59 60 61 62 63 64 65 66 67 68 69 70 71 72 73 74 75
 76 77 78 79 80]
[2024-06-10 18:12:02,694][func.train][INFO] - [DATASET] split: test video_indices: [58]
[2024-06-10 18:12:02,833][func.train][INFO] - [DATASET] test size: 149826
[2024-06-10 18:12:02,833][func.train][INFO] - [DATASET] test video_indices: [58]
[2024-06-10 18:12:02,870][func.train][INFO] - [DATASET] Sampling video_idx: 58 at 25 fps to 5993 frames
[2024-06-10 18:12:02,871][func.train][INFO] - [DATASET] video 58 label_list: torch.Size([5993])
[2024-06-10 18:12:02,897][func.train][INFO] - [DATASET] number of test videos: 1
[2024-06-10 18:12:02,897][func.train][INFO] - [DATASET] avg video length: 99.88 minutes
[2024-06-10 18:12:04,958][func.train][INFO] - [DATASET] df unique videos: [1 2 3 4 5 6 7 8 9 10 11 12 13 14 15 16 17 18 19 20 21 22 23 24 25 26 27
 28 29 30 31 32 33 34 35 36 37 38 39 40 41 42 43 44 45 46 47 48 49 50 51
 52 53 54 55 56 57 58 59 60 61 62 63 64 65 66 67 68 69 70 71 72 73 74 75
 76 77 78 79 80]
[2024-06-10 18:12:04,959][func.train][INFO] - [DATASET] split: test video_indices: [59]
[2024-06-10 18:12:05,063][func.train][INFO] - [DATASET] test size: 26151
[2024-06-10 18:12:05,063][func.train][INFO] - [DATASET] test video_indices: [59]
[2024-06-10 18:12:05,069][func.train][INFO] - [DATASET] Sampling video_idx: 59 at 25 fps to 1046 frames
[2024-06-10 18:12:05,070][func.train][INFO] - [DATASET] video 59 label_list: torch.Size([1046])
[2024-06-10 18:12:05,075][func.train][INFO] - [DATASET] number of test videos: 1
[2024-06-10 18:12:05,075][func.train][INFO] - [DATASET] avg video length: 17.43 minutes
[2024-06-10 18:12:07,086][func.train][INFO] - [DATASET] df unique videos: [1 2 3 4 5 6 7 8 9 10 11 12 13 14 15 16 17 18 19 20 21 22 23 24 25 26 27
 28 29 30 31 32 33 34 35 36 37 38 39 40 41 42 43 44 45 46 47 48 49 50 51
 52 53 54 55 56 57 58 59 60 61 62 63 64 65 66 67 68 69 70 71 72 73 74 75
 76 77 78 79 80]
[2024-06-10 18:12:07,087][func.train][INFO] - [DATASET] split: test video_indices: [60]
[2024-06-10 18:12:07,184][func.train][INFO] - [DATASET] test size: 63301
[2024-06-10 18:12:07,184][func.train][INFO] - [DATASET] test video_indices: [60]
[2024-06-10 18:12:07,199][func.train][INFO] - [DATASET] Sampling video_idx: 60 at 25 fps to 2532 frames
[2024-06-10 18:12:07,200][func.train][INFO] - [DATASET] video 60 label_list: torch.Size([2532])
[2024-06-10 18:12:07,228][func.train][INFO] - [DATASET] number of test videos: 1
[2024-06-10 18:12:07,229][func.train][INFO] - [DATASET] avg video length: 42.20 minutes
[2024-06-10 18:12:09,164][func.train][INFO] - [DATASET] df unique videos: [1 2 3 4 5 6 7 8 9 10 11 12 13 14 15 16 17 18 19 20 21 22 23 24 25 26 27
 28 29 30 31 32 33 34 35 36 37 38 39 40 41 42 43 44 45 46 47 48 49 50 51
 52 53 54 55 56 57 58 59 60 61 62 63 64 65 66 67 68 69 70 71 72 73 74 75
 76 77 78 79 80]
[2024-06-10 18:12:09,165][func.train][INFO] - [DATASET] split: test video_indices: [61]
[2024-06-10 18:12:09,284][func.train][INFO] - [DATASET] test size: 110226
[2024-06-10 18:12:09,285][func.train][INFO] - [DATASET] test video_indices: [61]
[2024-06-10 18:12:09,311][func.train][INFO] - [DATASET] Sampling video_idx: 61 at 25 fps to 4409 frames
[2024-06-10 18:12:09,312][func.train][INFO] - [DATASET] video 61 label_list: torch.Size([4409])
[2024-06-10 18:12:09,346][func.train][INFO] - [DATASET] number of test videos: 1
[2024-06-10 18:12:09,347][func.train][INFO] - [DATASET] avg video length: 73.48 minutes
[2024-06-10 18:12:11,280][func.train][INFO] - [DATASET] df unique videos: [1 2 3 4 5 6 7 8 9 10 11 12 13 14 15 16 17 18 19 20 21 22 23 24 25 26 27
 28 29 30 31 32 33 34 35 36 37 38 39 40 41 42 43 44 45 46 47 48 49 50 51
 52 53 54 55 56 57 58 59 60 61 62 63 64 65 66 67 68 69 70 71 72 73 74 75
 76 77 78 79 80]
[2024-06-10 18:12:11,280][func.train][INFO] - [DATASET] split: test video_indices: [62]
[2024-06-10 18:12:11,372][func.train][INFO] - [DATASET] test size: 50801
[2024-06-10 18:12:11,373][func.train][INFO] - [DATASET] test video_indices: [62]
[2024-06-10 18:12:11,385][func.train][INFO] - [DATASET] Sampling video_idx: 62 at 25 fps to 2032 frames
[2024-06-10 18:12:11,386][func.train][INFO] - [DATASET] video 62 label_list: torch.Size([2032])
[2024-06-10 18:12:11,393][func.train][INFO] - [DATASET] number of test videos: 1
[2024-06-10 18:12:11,393][func.train][INFO] - [DATASET] avg video length: 33.87 minutes
[2024-06-10 18:12:13,325][func.train][INFO] - [DATASET] df unique videos: [1 2 3 4 5 6 7 8 9 10 11 12 13 14 15 16 17 18 19 20 21 22 23 24 25 26 27
 28 29 30 31 32 33 34 35 36 37 38 39 40 41 42 43 44 45 46 47 48 49 50 51
 52 53 54 55 56 57 58 59 60 61 62 63 64 65 66 67 68 69 70 71 72 73 74 75
 76 77 78 79 80]
[2024-06-10 18:12:13,325][func.train][INFO] - [DATASET] split: test video_indices: [63]
[2024-06-10 18:12:13,438][func.train][INFO] - [DATASET] test size: 85826
[2024-06-10 18:12:13,438][func.train][INFO] - [DATASET] test video_indices: [63]
[2024-06-10 18:12:13,459][func.train][INFO] - [DATASET] Sampling video_idx: 63 at 25 fps to 3433 frames
[2024-06-10 18:12:13,460][func.train][INFO] - [DATASET] video 63 label_list: torch.Size([3433])
[2024-06-10 18:12:13,471][func.train][INFO] - [DATASET] number of test videos: 1
[2024-06-10 18:12:13,472][func.train][INFO] - [DATASET] avg video length: 57.22 minutes
[2024-06-10 18:12:15,492][func.train][INFO] - [DATASET] df unique videos: [1 2 3 4 5 6 7 8 9 10 11 12 13 14 15 16 17 18 19 20 21 22 23 24 25 26 27
 28 29 30 31 32 33 34 35 36 37 38 39 40 41 42 43 44 45 46 47 48 49 50 51
 52 53 54 55 56 57 58 59 60 61 62 63 64 65 66 67 68 69 70 71 72 73 74 75
 76 77 78 79 80]
[2024-06-10 18:12:15,492][func.train][INFO] - [DATASET] split: test video_indices: [64]
[2024-06-10 18:12:15,591][func.train][INFO] - [DATASET] test size: 59951
[2024-06-10 18:12:15,592][func.train][INFO] - [DATASET] test video_indices: [64]
[2024-06-10 18:12:15,606][func.train][INFO] - [DATASET] Sampling video_idx: 64 at 25 fps to 2398 frames
[2024-06-10 18:12:15,606][func.train][INFO] - [DATASET] video 64 label_list: torch.Size([2398])
[2024-06-10 18:12:15,612][func.train][INFO] - [DATASET] number of test videos: 1
[2024-06-10 18:12:15,612][func.train][INFO] - [DATASET] avg video length: 39.97 minutes
[2024-06-10 18:12:17,610][func.train][INFO] - [DATASET] df unique videos: [1 2 3 4 5 6 7 8 9 10 11 12 13 14 15 16 17 18 19 20 21 22 23 24 25 26 27
 28 29 30 31 32 33 34 35 36 37 38 39 40 41 42 43 44 45 46 47 48 49 50 51
 52 53 54 55 56 57 58 59 60 61 62 63 64 65 66 67 68 69 70 71 72 73 74 75
 76 77 78 79 80]
[2024-06-10 18:12:17,610][func.train][INFO] - [DATASET] split: test video_indices: [65]
[2024-06-10 18:12:17,702][func.train][INFO] - [DATASET] test size: 46826
[2024-06-10 18:12:17,702][func.train][INFO] - [DATASET] test video_indices: [65]
[2024-06-10 18:12:17,713][func.train][INFO] - [DATASET] Sampling video_idx: 65 at 25 fps to 1873 frames
[2024-06-10 18:12:17,714][func.train][INFO] - [DATASET] video 65 label_list: torch.Size([1873])
[2024-06-10 18:12:17,724][func.train][INFO] - [DATASET] number of test videos: 1
[2024-06-10 18:12:17,724][func.train][INFO] - [DATASET] avg video length: 31.22 minutes
[2024-06-10 18:12:19,694][func.train][INFO] - [DATASET] df unique videos: [1 2 3 4 5 6 7 8 9 10 11 12 13 14 15 16 17 18 19 20 21 22 23 24 25 26 27
 28 29 30 31 32 33 34 35 36 37 38 39 40 41 42 43 44 45 46 47 48 49 50 51
 52 53 54 55 56 57 58 59 60 61 62 63 64 65 66 67 68 69 70 71 72 73 74 75
 76 77 78 79 80]
[2024-06-10 18:12:19,694][func.train][INFO] - [DATASET] split: test video_indices: [66]
[2024-06-10 18:12:19,784][func.train][INFO] - [DATASET] test size: 45601
[2024-06-10 18:12:19,784][func.train][INFO] - [DATASET] test video_indices: [66]
[2024-06-10 18:12:19,795][func.train][INFO] - [DATASET] Sampling video_idx: 66 at 25 fps to 1824 frames
[2024-06-10 18:12:19,796][func.train][INFO] - [DATASET] video 66 label_list: torch.Size([1824])
[2024-06-10 18:12:19,801][func.train][INFO] - [DATASET] number of test videos: 1
[2024-06-10 18:12:19,801][func.train][INFO] - [DATASET] avg video length: 30.40 minutes
[2024-06-10 18:12:21,732][func.train][INFO] - [DATASET] df unique videos: [1 2 3 4 5 6 7 8 9 10 11 12 13 14 15 16 17 18 19 20 21 22 23 24 25 26 27
 28 29 30 31 32 33 34 35 36 37 38 39 40 41 42 43 44 45 46 47 48 49 50 51
 52 53 54 55 56 57 58 59 60 61 62 63 64 65 66 67 68 69 70 71 72 73 74 75
 76 77 78 79 80]
[2024-06-10 18:12:21,733][func.train][INFO] - [DATASET] split: test video_indices: [67]
[2024-06-10 18:12:21,833][func.train][INFO] - [DATASET] test size: 58826
[2024-06-10 18:12:21,833][func.train][INFO] - [DATASET] test video_indices: [67]
[2024-06-10 18:12:21,848][func.train][INFO] - [DATASET] Sampling video_idx: 67 at 25 fps to 2353 frames
[2024-06-10 18:12:21,848][func.train][INFO] - [DATASET] video 67 label_list: torch.Size([2353])
[2024-06-10 18:12:21,858][func.train][INFO] - [DATASET] number of test videos: 1
[2024-06-10 18:12:21,858][func.train][INFO] - [DATASET] avg video length: 39.22 minutes
[2024-06-10 18:12:23,810][func.train][INFO] - [DATASET] df unique videos: [1 2 3 4 5 6 7 8 9 10 11 12 13 14 15 16 17 18 19 20 21 22 23 24 25 26 27
 28 29 30 31 32 33 34 35 36 37 38 39 40 41 42 43 44 45 46 47 48 49 50 51
 52 53 54 55 56 57 58 59 60 61 62 63 64 65 66 67 68 69 70 71 72 73 74 75
 76 77 78 79 80]
[2024-06-10 18:12:23,810][func.train][INFO] - [DATASET] split: test video_indices: [68]
[2024-06-10 18:12:23,902][func.train][INFO] - [DATASET] test size: 49301
[2024-06-10 18:12:23,903][func.train][INFO] - [DATASET] test video_indices: [68]
[2024-06-10 18:12:23,916][func.train][INFO] - [DATASET] Sampling video_idx: 68 at 25 fps to 1972 frames
[2024-06-10 18:12:23,917][func.train][INFO] - [DATASET] video 68 label_list: torch.Size([1972])
[2024-06-10 18:12:23,924][func.train][INFO] - [DATASET] number of test videos: 1
[2024-06-10 18:12:23,924][func.train][INFO] - [DATASET] avg video length: 32.87 minutes
[2024-06-10 18:12:25,880][func.train][INFO] - [DATASET] df unique videos: [1 2 3 4 5 6 7 8 9 10 11 12 13 14 15 16 17 18 19 20 21 22 23 24 25 26 27
 28 29 30 31 32 33 34 35 36 37 38 39 40 41 42 43 44 45 46 47 48 49 50 51
 52 53 54 55 56 57 58 59 60 61 62 63 64 65 66 67 68 69 70 71 72 73 74 75
 76 77 78 79 80]
[2024-06-10 18:12:25,881][func.train][INFO] - [DATASET] split: test video_indices: [69]
[2024-06-10 18:12:26,019][func.train][INFO] - [DATASET] test size: 114376
[2024-06-10 18:12:26,020][func.train][INFO] - [DATASET] test video_indices: [69]
[2024-06-10 18:12:26,047][func.train][INFO] - [DATASET] Sampling video_idx: 69 at 25 fps to 4575 frames
[2024-06-10 18:12:26,049][func.train][INFO] - [DATASET] video 69 label_list: torch.Size([4575])
[2024-06-10 18:12:26,059][func.train][INFO] - [DATASET] number of test videos: 1
[2024-06-10 18:12:26,060][func.train][INFO] - [DATASET] avg video length: 76.25 minutes
[2024-06-10 18:12:28,091][func.train][INFO] - [DATASET] df unique videos: [1 2 3 4 5 6 7 8 9 10 11 12 13 14 15 16 17 18 19 20 21 22 23 24 25 26 27
 28 29 30 31 32 33 34 35 36 37 38 39 40 41 42 43 44 45 46 47 48 49 50 51
 52 53 54 55 56 57 58 59 60 61 62 63 64 65 66 67 68 69 70 71 72 73 74 75
 76 77 78 79 80]
[2024-06-10 18:12:28,091][func.train][INFO] - [DATASET] split: test video_indices: [70]
[2024-06-10 18:12:28,184][func.train][INFO] - [DATASET] test size: 29851
[2024-06-10 18:12:28,184][func.train][INFO] - [DATASET] test video_indices: [70]
[2024-06-10 18:12:28,192][func.train][INFO] - [DATASET] Sampling video_idx: 70 at 25 fps to 1194 frames
[2024-06-10 18:12:28,192][func.train][INFO] - [DATASET] video 70 label_list: torch.Size([1194])
[2024-06-10 18:12:28,196][func.train][INFO] - [DATASET] number of test videos: 1
[2024-06-10 18:12:28,196][func.train][INFO] - [DATASET] avg video length: 19.90 minutes
[2024-06-10 18:12:30,331][func.train][INFO] - [DATASET] df unique videos: [1 2 3 4 5 6 7 8 9 10 11 12 13 14 15 16 17 18 19 20 21 22 23 24 25 26 27
 28 29 30 31 32 33 34 35 36 37 38 39 40 41 42 43 44 45 46 47 48 49 50 51
 52 53 54 55 56 57 58 59 60 61 62 63 64 65 66 67 68 69 70 71 72 73 74 75
 76 77 78 79 80]
[2024-06-10 18:12:30,332][func.train][INFO] - [DATASET] split: test video_indices: [71]
[2024-06-10 18:12:30,446][func.train][INFO] - [DATASET] test size: 62876
[2024-06-10 18:12:30,447][func.train][INFO] - [DATASET] test video_indices: [71]
[2024-06-10 18:12:30,465][func.train][INFO] - [DATASET] Sampling video_idx: 71 at 25 fps to 2515 frames
[2024-06-10 18:12:30,466][func.train][INFO] - [DATASET] video 71 label_list: torch.Size([2515])
[2024-06-10 18:12:30,476][func.train][INFO] - [DATASET] number of test videos: 1
[2024-06-10 18:12:30,477][func.train][INFO] - [DATASET] avg video length: 41.92 minutes
[2024-06-10 18:12:32,586][func.train][INFO] - [DATASET] df unique videos: [1 2 3 4 5 6 7 8 9 10 11 12 13 14 15 16 17 18 19 20 21 22 23 24 25 26 27
 28 29 30 31 32 33 34 35 36 37 38 39 40 41 42 43 44 45 46 47 48 49 50 51
 52 53 54 55 56 57 58 59 60 61 62 63 64 65 66 67 68 69 70 71 72 73 74 75
 76 77 78 79 80]
[2024-06-10 18:12:32,586][func.train][INFO] - [DATASET] split: test video_indices: [72]
[2024-06-10 18:12:32,694][func.train][INFO] - [DATASET] test size: 77651
[2024-06-10 18:12:32,694][func.train][INFO] - [DATASET] test video_indices: [72]
[2024-06-10 18:12:32,714][func.train][INFO] - [DATASET] Sampling video_idx: 72 at 25 fps to 3106 frames
[2024-06-10 18:12:32,715][func.train][INFO] - [DATASET] video 72 label_list: torch.Size([3106])
[2024-06-10 18:12:32,727][func.train][INFO] - [DATASET] number of test videos: 1
[2024-06-10 18:12:32,728][func.train][INFO] - [DATASET] avg video length: 51.77 minutes
[2024-06-10 18:12:34,799][func.train][INFO] - [DATASET] df unique videos: [1 2 3 4 5 6 7 8 9 10 11 12 13 14 15 16 17 18 19 20 21 22 23 24 25 26 27
 28 29 30 31 32 33 34 35 36 37 38 39 40 41 42 43 44 45 46 47 48 49 50 51
 52 53 54 55 56 57 58 59 60 61 62 63 64 65 66 67 68 69 70 71 72 73 74 75
 76 77 78 79 80]
[2024-06-10 18:12:34,800][func.train][INFO] - [DATASET] split: test video_indices: [73]
[2024-06-10 18:12:34,888][func.train][INFO] - [DATASET] test size: 33901
[2024-06-10 18:12:34,888][func.train][INFO] - [DATASET] test video_indices: [73]
[2024-06-10 18:12:34,896][func.train][INFO] - [DATASET] Sampling video_idx: 73 at 25 fps to 1356 frames
[2024-06-10 18:12:34,897][func.train][INFO] - [DATASET] video 73 label_list: torch.Size([1356])
[2024-06-10 18:12:34,901][func.train][INFO] - [DATASET] number of test videos: 1
[2024-06-10 18:12:34,901][func.train][INFO] - [DATASET] avg video length: 22.60 minutes
[2024-06-10 18:12:36,881][func.train][INFO] - [DATASET] df unique videos: [1 2 3 4 5 6 7 8 9 10 11 12 13 14 15 16 17 18 19 20 21 22 23 24 25 26 27
 28 29 30 31 32 33 34 35 36 37 38 39 40 41 42 43 44 45 46 47 48 49 50 51
 52 53 54 55 56 57 58 59 60 61 62 63 64 65 66 67 68 69 70 71 72 73 74 75
 76 77 78 79 80]
[2024-06-10 18:12:36,882][func.train][INFO] - [DATASET] split: test video_indices: [74]
[2024-06-10 18:12:36,970][func.train][INFO] - [DATASET] test size: 40851
[2024-06-10 18:12:36,970][func.train][INFO] - [DATASET] test video_indices: [74]
[2024-06-10 18:12:36,979][func.train][INFO] - [DATASET] Sampling video_idx: 74 at 25 fps to 1634 frames
[2024-06-10 18:12:36,980][func.train][INFO] - [DATASET] video 74 label_list: torch.Size([1634])
[2024-06-10 18:12:36,987][func.train][INFO] - [DATASET] number of test videos: 1
[2024-06-10 18:12:36,987][func.train][INFO] - [DATASET] avg video length: 27.23 minutes
[2024-06-10 18:12:38,944][func.train][INFO] - [DATASET] df unique videos: [1 2 3 4 5 6 7 8 9 10 11 12 13 14 15 16 17 18 19 20 21 22 23 24 25 26 27
 28 29 30 31 32 33 34 35 36 37 38 39 40 41 42 43 44 45 46 47 48 49 50 51
 52 53 54 55 56 57 58 59 60 61 62 63 64 65 66 67 68 69 70 71 72 73 74 75
 76 77 78 79 80]
[2024-06-10 18:12:38,945][func.train][INFO] - [DATASET] split: test video_indices: [75]
[2024-06-10 18:12:39,043][func.train][INFO] - [DATASET] test size: 48076
[2024-06-10 18:12:39,043][func.train][INFO] - [DATASET] test video_indices: [75]
[2024-06-10 18:12:39,058][func.train][INFO] - [DATASET] Sampling video_idx: 75 at 25 fps to 1923 frames
[2024-06-10 18:12:39,059][func.train][INFO] - [DATASET] video 75 label_list: torch.Size([1923])
[2024-06-10 18:12:39,066][func.train][INFO] - [DATASET] number of test videos: 1
[2024-06-10 18:12:39,066][func.train][INFO] - [DATASET] avg video length: 32.05 minutes
[2024-06-10 18:12:41,005][func.train][INFO] - [DATASET] df unique videos: [1 2 3 4 5 6 7 8 9 10 11 12 13 14 15 16 17 18 19 20 21 22 23 24 25 26 27
 28 29 30 31 32 33 34 35 36 37 38 39 40 41 42 43 44 45 46 47 48 49 50 51
 52 53 54 55 56 57 58 59 60 61 62 63 64 65 66 67 68 69 70 71 72 73 74 75
 76 77 78 79 80]
[2024-06-10 18:12:41,005][func.train][INFO] - [DATASET] split: test video_indices: [76]
[2024-06-10 18:12:41,107][func.train][INFO] - [DATASET] test size: 66226
[2024-06-10 18:12:41,107][func.train][INFO] - [DATASET] test video_indices: [76]
[2024-06-10 18:12:41,126][func.train][INFO] - [DATASET] Sampling video_idx: 76 at 25 fps to 2649 frames
[2024-06-10 18:12:41,128][func.train][INFO] - [DATASET] video 76 label_list: torch.Size([2649])
[2024-06-10 18:12:41,137][func.train][INFO] - [DATASET] number of test videos: 1
[2024-06-10 18:12:41,138][func.train][INFO] - [DATASET] avg video length: 44.15 minutes
[2024-06-10 18:12:43,189][func.train][INFO] - [DATASET] df unique videos: [1 2 3 4 5 6 7 8 9 10 11 12 13 14 15 16 17 18 19 20 21 22 23 24 25 26 27
 28 29 30 31 32 33 34 35 36 37 38 39 40 41 42 43 44 45 46 47 48 49 50 51
 52 53 54 55 56 57 58 59 60 61 62 63 64 65 66 67 68 69 70 71 72 73 74 75
 76 77 78 79 80]
[2024-06-10 18:12:43,190][func.train][INFO] - [DATASET] split: test video_indices: [77]
[2024-06-10 18:12:43,289][func.train][INFO] - [DATASET] test size: 62551
[2024-06-10 18:12:43,290][func.train][INFO] - [DATASET] test video_indices: [77]
[2024-06-10 18:12:43,308][func.train][INFO] - [DATASET] Sampling video_idx: 77 at 25 fps to 2502 frames
[2024-06-10 18:12:43,309][func.train][INFO] - [DATASET] video 77 label_list: torch.Size([2502])
[2024-06-10 18:12:43,317][func.train][INFO] - [DATASET] number of test videos: 1
[2024-06-10 18:12:43,318][func.train][INFO] - [DATASET] avg video length: 41.70 minutes
[2024-06-10 18:12:45,375][func.train][INFO] - [DATASET] df unique videos: [1 2 3 4 5 6 7 8 9 10 11 12 13 14 15 16 17 18 19 20 21 22 23 24 25 26 27
 28 29 30 31 32 33 34 35 36 37 38 39 40 41 42 43 44 45 46 47 48 49 50 51
 52 53 54 55 56 57 58 59 60 61 62 63 64 65 66 67 68 69 70 71 72 73 74 75
 76 77 78 79 80]
[2024-06-10 18:12:45,375][func.train][INFO] - [DATASET] split: test video_indices: [78]
[2024-06-10 18:12:45,461][func.train][INFO] - [DATASET] test size: 18476
[2024-06-10 18:12:45,462][func.train][INFO] - [DATASET] test video_indices: [78]
[2024-06-10 18:12:45,470][func.train][INFO] - [DATASET] Sampling video_idx: 78 at 25 fps to 739 frames
[2024-06-10 18:12:45,470][func.train][INFO] - [DATASET] video 78 label_list: torch.Size([739])
[2024-06-10 18:12:45,474][func.train][INFO] - [DATASET] number of test videos: 1
[2024-06-10 18:12:45,475][func.train][INFO] - [DATASET] avg video length: 12.32 minutes
[2024-06-10 18:12:47,614][func.train][INFO] - [DATASET] df unique videos: [1 2 3 4 5 6 7 8 9 10 11 12 13 14 15 16 17 18 19 20 21 22 23 24 25 26 27
 28 29 30 31 32 33 34 35 36 37 38 39 40 41 42 43 44 45 46 47 48 49 50 51
 52 53 54 55 56 57 58 59 60 61 62 63 64 65 66 67 68 69 70 71 72 73 74 75
 76 77 78 79 80]
[2024-06-10 18:12:47,614][func.train][INFO] - [DATASET] split: test video_indices: [79]
[2024-06-10 18:12:47,727][func.train][INFO] - [DATASET] test size: 85351
[2024-06-10 18:12:47,728][func.train][INFO] - [DATASET] test video_indices: [79]
[2024-06-10 18:12:47,750][func.train][INFO] - [DATASET] Sampling video_idx: 79 at 25 fps to 3414 frames
[2024-06-10 18:12:47,751][func.train][INFO] - [DATASET] video 79 label_list: torch.Size([3414])
[2024-06-10 18:12:47,760][func.train][INFO] - [DATASET] number of test videos: 1
[2024-06-10 18:12:47,761][func.train][INFO] - [DATASET] avg video length: 56.90 minutes
[2024-06-10 18:12:49,769][func.train][INFO] - [DATASET] df unique videos: [1 2 3 4 5 6 7 8 9 10 11 12 13 14 15 16 17 18 19 20 21 22 23 24 25 26 27
 28 29 30 31 32 33 34 35 36 37 38 39 40 41 42 43 44 45 46 47 48 49 50 51
 52 53 54 55 56 57 58 59 60 61 62 63 64 65 66 67 68 69 70 71 72 73 74 75
 76 77 78 79 80]
[2024-06-10 18:12:49,769][func.train][INFO] - [DATASET] split: test video_indices: [80]
[2024-06-10 18:12:49,861][func.train][INFO] - [DATASET] test size: 43101
[2024-06-10 18:12:49,861][func.train][INFO] - [DATASET] test video_indices: [80]
[2024-06-10 18:12:49,874][func.train][INFO] - [DATASET] Sampling video_idx: 80 at 25 fps to 1724 frames
[2024-06-10 18:12:49,876][func.train][INFO] - [DATASET] video 80 label_list: torch.Size([1724])
[2024-06-10 18:12:49,887][func.train][INFO] - [DATASET] number of test videos: 1
[2024-06-10 18:12:49,888][func.train][INFO] - [DATASET] avg video length: 28.73 minutes
[2024-06-10 18:12:49,896][func.train][INFO] - Time to load datasets: 1.67 min
[2024-06-10 18:12:49,897][func.train][INFO] - Creating data loaders
[2024-06-10 18:12:49,901][func.train][INFO] - Creating model with {'one': 7} classes
[2024-06-10 18:12:51,239][func.train][INFO] - [MAIN] Number of tokens: 86304
[2024-06-10 18:12:51,239][func.train][INFO] - [MAIN] Number of parameters: 33382614
[2024-06-10 18:12:51,239][func.train][INFO] - [MAIN] Token-to-Parameter Ratio is ideally between [1:1 to 10:1]: 0.002585
[2024-06-10 18:12:51,239][func.train][WARNING] - [MAIN] Data-to-Parameter-Ratio is outside the interval [1:1 to 10:1]
[2024-06-10 18:12:51,241][func.train][INFO] - Using LR 0.000300 WD 0.000010 for parameters
[2024-06-10 18:12:51,241][func.train][INFO] - Using LR 0.000300 WD 0.000010 for parameters
[2024-06-10 18:12:51,251][func.train][INFO] - Wrapping model into DP
[2024-06-10 18:12:51,410][func.train][INFO] - Start training
[2024-06-10 18:12:51,415][func.train][INFO] - Storing checkpoints every 60.00 mins
[2024-06-10 18:12:53,585][func.train][INFO] - [TRAINING] Step 0/1349 | Loss: 1.09 | Acc (curr_frames): 0.14 | time-left: 48.74 min
[2024-06-10 18:14:20,278][func.train][INFO] - [TRAINING] Step 100/1349 | Loss: 1.22 | Acc (curr_frames): 0.23 | time-left: 18.30 min
[2024-06-10 18:15:43,700][func.train][INFO] - [TRAINING] Step 200/1349 | Loss: 1.15 | Acc (curr_frames): 0.17 | time-left: 16.40 min
[2024-06-10 18:17:07,093][func.train][INFO] - [TRAINING] Step 300/1349 | Loss: 0.93 | Acc (curr_frames): 0.17 | time-left: 14.84 min
