[2024-06-07 15:07:30,999][func.train][INFO] - Dist info:
[2024-06-07 15:07:31,000][func.train][INFO] - torch version: 2.2.2+cu121
[2024-06-07 15:07:31,001][func.train][INFO] - torchvision version: 0.17.2+cu121
[2024-06-07 15:07:31,001][func.train][INFO] - hydra version: 1.3.2
[2024-06-07 15:07:31,004][func.train][INFO] - Loading data
[2024-06-07 15:07:31,005][func.train][INFO] - Loading datasets
[2024-06-07 15:07:31,545][func.train][INFO] - [SELECT DATASET] ALL loaded dataframe in 0m 1s
[2024-06-07 15:07:31,545][func.train][INFO] - [SELECT DATASET] ALL loaded dataframe: (83243, 4)
[2024-06-07 15:07:31,553][func.train][INFO] - [SELECT DATASET] labels are already starting from 0
[2024-06-07 15:07:31,561][func.train][INFO] - [SELECT DATASET] ALL unique classes: [0 1 2 3 4 5 6]
[2024-06-07 15:07:31,570][func.train][INFO] - [SELECT DATASET] aLL dataframe (head):                                           image_path  video_idx frame_idx class
0  /nfs/home/yangliu/dataset/AutoLaparo_Task1/Aut...          1         1     1
1  /nfs/home/yangliu/dataset/AutoLaparo_Task1/Aut...          1         2     1
2  /nfs/home/yangliu/dataset/AutoLaparo_Task1/Aut...          1         3     1
3  /nfs/home/yangliu/dataset/AutoLaparo_Task1/Aut...          1         4     1
4  /nfs/home/yangliu/dataset/AutoLaparo_Task1/Aut...          1         5     1
[2024-06-07 15:07:31,579][func.train][INFO] - [SELECT DATASET] ALL dataframe (tail):                                               image_path  ...  class
83238  /nfs/home/yangliu/dataset/AutoLaparo_Task1/Aut...  ...      6
83239  /nfs/home/yangliu/dataset/AutoLaparo_Task1/Aut...  ...      6
83240  /nfs/home/yangliu/dataset/AutoLaparo_Task1/Aut...  ...      6
83241  /nfs/home/yangliu/dataset/AutoLaparo_Task1/Aut...  ...      6
83242  /nfs/home/yangliu/dataset/AutoLaparo_Task1/Aut...  ...      6

[5 rows x 4 columns]
[2024-06-07 15:07:31,579][func.train][INFO] - [DATASET] params: {'debug': False, 'dataset_name': 'autolaparo21', 'reduc_feats_folder': 'train_targets_x_mp/', 'num_classes': 7, 'num_next_labels': 6, 'last_seg_class': 7, 'predict_next_phase': True, 'get_target_feats': False, 'replace_current_with_next_class': False}
[2024-06-07 15:07:31,615][func.train][INFO] - [DATASET] df unique videos: [ 1  2  3  4  5  6  7  8  9 10 11 12 13 14 15 16 17 18 19 20 21]
[2024-06-07 15:07:31,616][func.train][INFO] - [DATASET] split: train video_indices: [1, 2, 3, 4, 5, 6, 7, 8, 9, 10, 11, 12, 13, 14]
[2024-06-07 15:07:31,633][func.train][INFO] - [DATASET] train size: 55183
[2024-06-07 15:07:31,634][func.train][INFO] - [DATASET] train video_indices: [1, 2, 3, 4, 5, 6, 7, 8, 9, 10, 11, 12, 13, 14]
[2024-06-07 15:07:31,636][func.train][INFO] - [DATASET] Sampling video_idx: 1 at 1 fps to 6388 frames
[2024-06-07 15:07:31,652][func.train][INFO] - [DATASET] video 1 label_list: torch.Size([6388])
[2024-06-07 15:07:32,039][func.train][INFO] - [DATASET] Sampling video_idx: 2 at 1 fps to 3620 frames
[2024-06-07 15:07:32,040][func.train][INFO] - [DATASET] video 2 label_list: torch.Size([3620])
[2024-06-07 15:07:32,087][func.train][INFO] - [DATASET] Sampling video_idx: 3 at 1 fps to 3000 frames
[2024-06-07 15:07:32,088][func.train][INFO] - [DATASET] video 3 label_list: torch.Size([3000])
[2024-06-07 15:07:32,128][func.train][INFO] - [DATASET] Sampling video_idx: 4 at 1 fps to 2938 frames
[2024-06-07 15:07:32,129][func.train][INFO] - [DATASET] video 4 label_list: torch.Size([2938])
[2024-06-07 15:07:32,167][func.train][INFO] - [DATASET] Sampling video_idx: 5 at 1 fps to 3220 frames
[2024-06-07 15:07:32,168][func.train][INFO] - [DATASET] video 5 label_list: torch.Size([3220])
[2024-06-07 15:07:32,212][func.train][INFO] - [DATASET] Sampling video_idx: 6 at 1 fps to 3908 frames
[2024-06-07 15:07:32,213][func.train][INFO] - [DATASET] video 6 label_list: torch.Size([3908])
[2024-06-07 15:07:32,255][func.train][INFO] - [DATASET] Sampling video_idx: 7 at 1 fps to 1645 frames
[2024-06-07 15:07:32,256][func.train][INFO] - [DATASET] video 7 label_list: torch.Size([1645])
[2024-06-07 15:07:32,282][func.train][INFO] - [DATASET] Sampling video_idx: 8 at 1 fps to 4692 frames
[2024-06-07 15:07:32,283][func.train][INFO] - [DATASET] video 8 label_list: torch.Size([4692])
[2024-06-07 15:07:32,332][func.train][INFO] - [DATASET] Sampling video_idx: 9 at 1 fps to 5736 frames
[2024-06-07 15:07:32,333][func.train][INFO] - [DATASET] video 9 label_list: torch.Size([5736])
[2024-06-07 15:07:32,391][func.train][INFO] - [DATASET] Sampling video_idx: 10 at 1 fps to 5064 frames
[2024-06-07 15:07:32,392][func.train][INFO] - [DATASET] video 10 label_list: torch.Size([5064])
[2024-06-07 15:07:32,447][func.train][INFO] - [DATASET] Sampling video_idx: 11 at 1 fps to 4720 frames
[2024-06-07 15:07:32,448][func.train][INFO] - [DATASET] video 11 label_list: torch.Size([4720])
[2024-06-07 15:07:32,501][func.train][INFO] - [DATASET] Sampling video_idx: 12 at 1 fps to 2916 frames
[2024-06-07 15:07:32,502][func.train][INFO] - [DATASET] video 12 label_list: torch.Size([2916])
[2024-06-07 15:07:32,537][func.train][INFO] - [DATASET] Sampling video_idx: 13 at 1 fps to 2597 frames
[2024-06-07 15:07:32,537][func.train][INFO] - [DATASET] video 13 label_list: torch.Size([2597])
[2024-06-07 15:07:32,570][func.train][INFO] - [DATASET] Sampling video_idx: 14 at 1 fps to 4739 frames
[2024-06-07 15:07:32,571][func.train][INFO] - [DATASET] video 14 label_list: torch.Size([4739])
[2024-06-07 15:07:32,618][func.train][INFO] - [DATASET] number of train videos: 14
[2024-06-07 15:07:32,618][func.train][INFO] - [DATASET] avg video length: 65.69 minutes
[2024-06-07 15:07:32,656][func.train][INFO] - [DATASET] num classes at 1fps in train: (55183,)
[2024-06-07 15:07:32,657][func.train][INFO] - [DATASET] classes_counts_dict: {0: 1408, 1: 19287, 2: 12545, 3: 7511, 4: 1333, 5: 8184, 6: 4915}
[2024-06-07 15:07:32,677][func.train][INFO] - [DATASET] curr_class_weights: tensor([5.5989, 0.4087, 0.6284, 1.0496, 5.9139, 0.9633, 1.6039])
[2024-06-07 15:07:32,677][func.train][INFO] - [DATASET] eos_weight: count
[2024-06-07 15:07:32,677][func.train][INFO] - [DATASET] num_eos_vals: 840
[2024-06-07 15:07:32,677][func.train][INFO] - [DATASET] classes_counts_dict: {0: 1408, 1: 19287, 2: 12545, 3: 7511, 4: 1333, 5: 8184, 6: 4915, 7: 840}
[2024-06-07 15:07:32,678][func.train][INFO] - [DATASET] next_class_weights: tensor([4.9736, 0.3631, 0.5582, 0.9323, 5.2535, 0.8557, 1.4248, 8.3368])
[2024-06-07 15:07:32,738][func.train][INFO] - [DATASET] df unique videos: [ 1  2  3  4  5  6  7  8  9 10 11 12 13 14 15 16 17 18 19 20 21]
[2024-06-07 15:07:32,738][func.train][INFO] - [DATASET] split: test video_indices: [15]
[2024-06-07 15:07:32,741][func.train][INFO] - [DATASET] test size: 3653
[2024-06-07 15:07:32,741][func.train][INFO] - [DATASET] test video_indices: [15]
[2024-06-07 15:07:32,743][func.train][INFO] - [DATASET] Sampling video_idx: 15 at 1 fps to 3653 frames
[2024-06-07 15:07:32,744][func.train][INFO] - [DATASET] video 15 label_list: torch.Size([3653])
[2024-06-07 15:07:32,790][func.train][INFO] - [DATASET] number of test videos: 1
[2024-06-07 15:07:32,791][func.train][INFO] - [DATASET] avg video length: 60.88 minutes
[2024-06-07 15:07:32,829][func.train][INFO] - [DATASET] df unique videos: [ 1  2  3  4  5  6  7  8  9 10 11 12 13 14 15 16 17 18 19 20 21]
[2024-06-07 15:07:32,830][func.train][INFO] - [DATASET] split: test video_indices: [16]
[2024-06-07 15:07:32,832][func.train][INFO] - [DATASET] test size: 3612
[2024-06-07 15:07:32,833][func.train][INFO] - [DATASET] test video_indices: [16]
[2024-06-07 15:07:32,835][func.train][INFO] - [DATASET] Sampling video_idx: 16 at 1 fps to 3612 frames
[2024-06-07 15:07:32,835][func.train][INFO] - [DATASET] video 16 label_list: torch.Size([3612])
[2024-06-07 15:07:32,879][func.train][INFO] - [DATASET] number of test videos: 1
[2024-06-07 15:07:32,879][func.train][INFO] - [DATASET] avg video length: 60.20 minutes
[2024-06-07 15:07:32,917][func.train][INFO] - [DATASET] df unique videos: [ 1  2  3  4  5  6  7  8  9 10 11 12 13 14 15 16 17 18 19 20 21]
[2024-06-07 15:07:32,917][func.train][INFO] - [DATASET] split: test video_indices: [17]
[2024-06-07 15:07:32,920][func.train][INFO] - [DATASET] test size: 4678
[2024-06-07 15:07:32,920][func.train][INFO] - [DATASET] test video_indices: [17]
[2024-06-07 15:07:32,922][func.train][INFO] - [DATASET] Sampling video_idx: 17 at 1 fps to 4678 frames
[2024-06-07 15:07:32,923][func.train][INFO] - [DATASET] video 17 label_list: torch.Size([4678])
[2024-06-07 15:07:32,972][func.train][INFO] - [DATASET] number of test videos: 1
[2024-06-07 15:07:32,973][func.train][INFO] - [DATASET] avg video length: 77.97 minutes
[2024-06-07 15:07:33,015][func.train][INFO] - [DATASET] df unique videos: [ 1  2  3  4  5  6  7  8  9 10 11 12 13 14 15 16 17 18 19 20 21]
[2024-06-07 15:07:33,015][func.train][INFO] - [DATASET] split: test video_indices: [18]
[2024-06-07 15:07:33,023][func.train][INFO] - [DATASET] test size: 3546
[2024-06-07 15:07:33,024][func.train][INFO] - [DATASET] test video_indices: [18]
[2024-06-07 15:07:33,026][func.train][INFO] - [DATASET] Sampling video_idx: 18 at 1 fps to 3546 frames
[2024-06-07 15:07:33,027][func.train][INFO] - [DATASET] video 18 label_list: torch.Size([3546])
[2024-06-07 15:07:33,069][func.train][INFO] - [DATASET] number of test videos: 1
[2024-06-07 15:07:33,069][func.train][INFO] - [DATASET] avg video length: 59.10 minutes
[2024-06-07 15:07:33,108][func.train][INFO] - [DATASET] df unique videos: [ 1  2  3  4  5  6  7  8  9 10 11 12 13 14 15 16 17 18 19 20 21]
[2024-06-07 15:07:33,108][func.train][INFO] - [DATASET] split: test video_indices: [19]
[2024-06-07 15:07:33,111][func.train][INFO] - [DATASET] test size: 3413
[2024-06-07 15:07:33,111][func.train][INFO] - [DATASET] test video_indices: [19]
[2024-06-07 15:07:33,113][func.train][INFO] - [DATASET] Sampling video_idx: 19 at 1 fps to 3413 frames
[2024-06-07 15:07:33,113][func.train][INFO] - [DATASET] video 19 label_list: torch.Size([3413])
[2024-06-07 15:07:33,162][func.train][INFO] - [DATASET] number of test videos: 1
[2024-06-07 15:07:33,163][func.train][INFO] - [DATASET] avg video length: 56.88 minutes
[2024-06-07 15:07:33,201][func.train][INFO] - [DATASET] df unique videos: [ 1  2  3  4  5  6  7  8  9 10 11 12 13 14 15 16 17 18 19 20 21]
[2024-06-07 15:07:33,201][func.train][INFO] - [DATASET] split: test video_indices: [20]
[2024-06-07 15:07:33,204][func.train][INFO] - [DATASET] test size: 4832
[2024-06-07 15:07:33,204][func.train][INFO] - [DATASET] test video_indices: [20]
[2024-06-07 15:07:33,207][func.train][INFO] - [DATASET] Sampling video_idx: 20 at 1 fps to 4832 frames
[2024-06-07 15:07:33,208][func.train][INFO] - [DATASET] video 20 label_list: torch.Size([4832])
[2024-06-07 15:07:33,262][func.train][INFO] - [DATASET] number of test videos: 1
[2024-06-07 15:07:33,262][func.train][INFO] - [DATASET] avg video length: 80.53 minutes
[2024-06-07 15:07:33,318][func.train][INFO] - [DATASET] df unique videos: [ 1  2  3  4  5  6  7  8  9 10 11 12 13 14 15 16 17 18 19 20 21]
[2024-06-07 15:07:33,319][func.train][INFO] - [DATASET] split: test video_indices: [21]
[2024-06-07 15:07:33,321][func.train][INFO] - [DATASET] test size: 4326
[2024-06-07 15:07:33,321][func.train][INFO] - [DATASET] test video_indices: [21]
[2024-06-07 15:07:33,324][func.train][INFO] - [DATASET] Sampling video_idx: 21 at 1 fps to 4326 frames
[2024-06-07 15:07:33,324][func.train][INFO] - [DATASET] video 21 label_list: torch.Size([4326])
[2024-06-07 15:07:33,381][func.train][INFO] - [DATASET] number of test videos: 1
[2024-06-07 15:07:33,382][func.train][INFO] - [DATASET] avg video length: 72.10 minutes
[2024-06-07 15:07:33,386][func.train][INFO] - Time to load datasets: 0.04 min
[2024-06-07 15:07:33,386][func.train][INFO] - Creating data loaders
[2024-06-07 15:07:33,388][func.train][INFO] - Creating model with {'one': 7} classes
[2024-06-07 15:07:34,125][func.train][INFO] - [MAIN] Number of tokens: 55183
[2024-06-07 15:07:34,125][func.train][INFO] - [MAIN] Number of parameters: 18028758
[2024-06-07 15:07:34,126][func.train][INFO] - [MAIN] Token-to-Parameter Ratio is ideally between [1:1 to 10:1]: 0.003061
[2024-06-07 15:07:34,126][func.train][WARNING] - [MAIN] Data-to-Parameter-Ratio is outside the interval [1:1 to 10:1]
[2024-06-07 15:07:34,127][func.train][INFO] - Using LR 0.000300 WD 0.000010 for parameters
[2024-06-07 15:07:34,127][func.train][INFO] - Using LR 0.000300 WD 0.000010 for parameters
[2024-06-07 15:07:34,134][func.train][INFO] - Wrapping model into DP
[2024-06-07 15:07:34,398][func.train][INFO] - Starting test_only
[2024-06-07 15:07:34,401][func.train][INFO] - [EVAL] Epoch: 1 | Anticipation time (s): 60 | Max anticipation time (m): 18 | Step size (m): 1 | Max auto-reg. steps: 18
[2024-06-07 15:07:34,401][func.train][INFO] - [EVAL] X-axis values: [1, 2, 3, 4, 5, 6, 7, 8, 9, 10, 11, 12, 13, 14, 15, 16, 17, 18]
[2024-06-07 15:07:36,152][func.train][INFO] - [TESTING] video: 15 | frame: 63 / 3653
[2024-06-07 15:07:36,529][func.train][INFO] - [TESTING] video: 15 | frame: 127 / 3653
[2024-06-07 15:07:36,889][func.train][INFO] - [TESTING] video: 15 | frame: 191 / 3653
[2024-06-07 15:07:37,248][func.train][INFO] - [TESTING] video: 15 | frame: 255 / 3653
[2024-06-07 15:07:37,609][func.train][INFO] - [TESTING] video: 15 | frame: 319 / 3653
[2024-06-07 15:07:37,968][func.train][INFO] - [TESTING] video: 15 | frame: 383 / 3653
[2024-06-07 15:07:38,330][func.train][INFO] - [TESTING] video: 15 | frame: 447 / 3653
[2024-06-07 15:07:38,690][func.train][INFO] - [TESTING] video: 15 | frame: 511 / 3653
[2024-06-07 15:07:39,052][func.train][INFO] - [TESTING] video: 15 | frame: 575 / 3653
[2024-06-07 15:07:39,414][func.train][INFO] - [TESTING] video: 15 | frame: 639 / 3653
[2024-06-07 15:07:39,774][func.train][INFO] - [TESTING] video: 15 | frame: 703 / 3653
[2024-06-07 15:07:40,134][func.train][INFO] - [TESTING] video: 15 | frame: 767 / 3653
[2024-06-07 15:07:40,494][func.train][INFO] - [TESTING] video: 15 | frame: 831 / 3653
[2024-06-07 15:07:40,855][func.train][INFO] - [TESTING] video: 15 | frame: 895 / 3653
[2024-06-07 15:07:41,219][func.train][INFO] - [TESTING] video: 15 | frame: 959 / 3653
[2024-06-07 15:07:41,580][func.train][INFO] - [TESTING] video: 15 | frame: 1023 / 3653
[2024-06-07 15:07:41,949][func.train][INFO] - [TESTING] video: 15 | frame: 1087 / 3653
[2024-06-07 15:07:42,308][func.train][INFO] - [TESTING] video: 15 | frame: 1151 / 3653
[2024-06-07 15:07:42,668][func.train][INFO] - [TESTING] video: 15 | frame: 1215 / 3653
[2024-06-07 15:07:43,029][func.train][INFO] - [TESTING] video: 15 | frame: 1279 / 3653
[2024-06-07 15:07:43,391][func.train][INFO] - [TESTING] video: 15 | frame: 1343 / 3653
[2024-06-07 15:07:43,758][func.train][INFO] - [TESTING] video: 15 | frame: 1407 / 3653
[2024-06-07 15:07:44,115][func.train][INFO] - [TESTING] video: 15 | frame: 1471 / 3653
[2024-06-07 15:07:44,470][func.train][INFO] - [TESTING] video: 15 | frame: 1535 / 3653
[2024-06-07 15:07:44,826][func.train][INFO] - [TESTING] video: 15 | frame: 1599 / 3653
[2024-06-07 15:07:45,183][func.train][INFO] - [TESTING] video: 15 | frame: 1663 / 3653
[2024-06-07 15:07:45,540][func.train][INFO] - [TESTING] video: 15 | frame: 1727 / 3653
[2024-06-07 15:07:45,896][func.train][INFO] - [TESTING] video: 15 | frame: 1791 / 3653
[2024-06-07 15:07:46,253][func.train][INFO] - [TESTING] video: 15 | frame: 1855 / 3653
[2024-06-07 15:07:46,609][func.train][INFO] - [TESTING] video: 15 | frame: 1919 / 3653
[2024-06-07 15:07:46,965][func.train][INFO] - [TESTING] video: 15 | frame: 1983 / 3653
[2024-06-07 15:07:47,325][func.train][INFO] - [TESTING] video: 15 | frame: 2047 / 3653
[2024-06-07 15:07:47,681][func.train][INFO] - [TESTING] video: 15 | frame: 2111 / 3653
[2024-06-07 15:07:48,036][func.train][INFO] - [TESTING] video: 15 | frame: 2175 / 3653
[2024-06-07 15:07:48,393][func.train][INFO] - [TESTING] video: 15 | frame: 2239 / 3653
[2024-06-07 15:07:48,749][func.train][INFO] - [TESTING] video: 15 | frame: 2303 / 3653
[2024-06-07 15:07:49,109][func.train][INFO] - [TESTING] video: 15 | frame: 2367 / 3653
[2024-06-07 15:07:49,468][func.train][INFO] - [TESTING] video: 15 | frame: 2431 / 3653
[2024-06-07 15:07:49,825][func.train][INFO] - [TESTING] video: 15 | frame: 2495 / 3653
[2024-06-07 15:07:50,180][func.train][INFO] - [TESTING] video: 15 | frame: 2559 / 3653
[2024-06-07 15:07:50,541][func.train][INFO] - [TESTING] video: 15 | frame: 2623 / 3653
[2024-06-07 15:07:50,904][func.train][INFO] - [TESTING] video: 15 | frame: 2687 / 3653
[2024-06-07 15:07:51,263][func.train][INFO] - [TESTING] video: 15 | frame: 2751 / 3653
[2024-06-07 15:07:51,623][func.train][INFO] - [TESTING] video: 15 | frame: 2815 / 3653
[2024-06-07 15:07:51,984][func.train][INFO] - [TESTING] video: 15 | frame: 2879 / 3653
[2024-06-07 15:07:52,346][func.train][INFO] - [TESTING] video: 15 | frame: 2943 / 3653
[2024-06-07 15:07:52,710][func.train][INFO] - [TESTING] video: 15 | frame: 3007 / 3653
[2024-06-07 15:07:53,067][func.train][INFO] - [TESTING] video: 15 | frame: 3071 / 3653
[2024-06-07 15:07:53,428][func.train][INFO] - [TESTING] video: 15 | frame: 3135 / 3653
[2024-06-07 15:07:53,790][func.train][INFO] - [TESTING] video: 15 | frame: 3199 / 3653
[2024-06-07 15:07:54,150][func.train][INFO] - [TESTING] video: 15 | frame: 3263 / 3653
[2024-06-07 15:07:54,514][func.train][INFO] - [TESTING] video: 15 | frame: 3327 / 3653
[2024-06-07 15:07:54,879][func.train][INFO] - [TESTING] video: 15 | frame: 3391 / 3653
[2024-06-07 15:07:55,237][func.train][INFO] - [TESTING] video: 15 | frame: 3455 / 3653
[2024-06-07 15:07:55,597][func.train][INFO] - [TESTING] video: 15 | frame: 3519 / 3653
[2024-06-07 15:07:55,955][func.train][INFO] - [TESTING] video: 15 | frame: 3583 / 3653
[2024-06-07 15:07:56,309][func.train][INFO] - [TESTING] video: 15 | frame: 3647 / 3653
[2024-06-07 15:07:56,584][func.train][INFO] - [TESTING] video: 15 | frame: 3652 / 3653
[2024-06-07 15:07:56,585][func.train][INFO] - [TESTING] video: 15 | video test time: 0.37 min | total test time: 0.37 min
[2024-06-07 15:07:56,625][func.train][INFO] - [TESTING] video: 15 | video_mean_curr_acc: 0.0706 | mean_acc_future_frames: 0.0706 | video_mean_cum_acc_future: 0.0706
[2024-06-07 15:07:57,013][func.train][INFO] - [TESTING] video: 16 | frame: 63 / 3612
[2024-06-07 15:07:57,375][func.train][INFO] - [TESTING] video: 16 | frame: 127 / 3612
[2024-06-07 15:07:57,738][func.train][INFO] - [TESTING] video: 16 | frame: 191 / 3612
[2024-06-07 15:07:58,097][func.train][INFO] - [TESTING] video: 16 | frame: 255 / 3612
[2024-06-07 15:07:58,458][func.train][INFO] - [TESTING] video: 16 | frame: 319 / 3612
[2024-06-07 15:07:58,821][func.train][INFO] - [TESTING] video: 16 | frame: 383 / 3612
[2024-06-07 15:07:59,186][func.train][INFO] - [TESTING] video: 16 | frame: 447 / 3612
[2024-06-07 15:07:59,549][func.train][INFO] - [TESTING] video: 16 | frame: 511 / 3612
[2024-06-07 15:07:59,909][func.train][INFO] - [TESTING] video: 16 | frame: 575 / 3612
[2024-06-07 15:08:00,270][func.train][INFO] - [TESTING] video: 16 | frame: 639 / 3612
[2024-06-07 15:08:00,631][func.train][INFO] - [TESTING] video: 16 | frame: 703 / 3612
[2024-06-07 15:08:00,993][func.train][INFO] - [TESTING] video: 16 | frame: 767 / 3612
[2024-06-07 15:08:01,356][func.train][INFO] - [TESTING] video: 16 | frame: 831 / 3612
[2024-06-07 15:08:01,719][func.train][INFO] - [TESTING] video: 16 | frame: 895 / 3612
[2024-06-07 15:08:02,085][func.train][INFO] - [TESTING] video: 16 | frame: 959 / 3612
[2024-06-07 15:08:02,448][func.train][INFO] - [TESTING] video: 16 | frame: 1023 / 3612
[2024-06-07 15:08:02,812][func.train][INFO] - [TESTING] video: 16 | frame: 1087 / 3612
[2024-06-07 15:08:03,175][func.train][INFO] - [TESTING] video: 16 | frame: 1151 / 3612
[2024-06-07 15:08:03,541][func.train][INFO] - [TESTING] video: 16 | frame: 1215 / 3612
[2024-06-07 15:08:03,902][func.train][INFO] - [TESTING] video: 16 | frame: 1279 / 3612
[2024-06-07 15:08:04,263][func.train][INFO] - [TESTING] video: 16 | frame: 1343 / 3612
[2024-06-07 15:08:04,626][func.train][INFO] - [TESTING] video: 16 | frame: 1407 / 3612
[2024-06-07 15:08:04,985][func.train][INFO] - [TESTING] video: 16 | frame: 1471 / 3612
[2024-06-07 15:08:05,340][func.train][INFO] - [TESTING] video: 16 | frame: 1535 / 3612
[2024-06-07 15:08:05,696][func.train][INFO] - [TESTING] video: 16 | frame: 1599 / 3612
[2024-06-07 15:08:06,051][func.train][INFO] - [TESTING] video: 16 | frame: 1663 / 3612
[2024-06-07 15:08:06,408][func.train][INFO] - [TESTING] video: 16 | frame: 1727 / 3612
[2024-06-07 15:08:06,764][func.train][INFO] - [TESTING] video: 16 | frame: 1791 / 3612
[2024-06-07 15:08:07,122][func.train][INFO] - [TESTING] video: 16 | frame: 1855 / 3612
[2024-06-07 15:08:07,483][func.train][INFO] - [TESTING] video: 16 | frame: 1919 / 3612
[2024-06-07 15:08:07,843][func.train][INFO] - [TESTING] video: 16 | frame: 1983 / 3612
[2024-06-07 15:08:08,204][func.train][INFO] - [TESTING] video: 16 | frame: 2047 / 3612
[2024-06-07 15:08:08,564][func.train][INFO] - [TESTING] video: 16 | frame: 2111 / 3612
[2024-06-07 15:08:08,924][func.train][INFO] - [TESTING] video: 16 | frame: 2175 / 3612
[2024-06-07 15:08:09,285][func.train][INFO] - [TESTING] video: 16 | frame: 2239 / 3612
[2024-06-07 15:08:09,645][func.train][INFO] - [TESTING] video: 16 | frame: 2303 / 3612
[2024-06-07 15:08:10,006][func.train][INFO] - [TESTING] video: 16 | frame: 2367 / 3612
[2024-06-07 15:08:10,367][func.train][INFO] - [TESTING] video: 16 | frame: 2431 / 3612
[2024-06-07 15:08:10,728][func.train][INFO] - [TESTING] video: 16 | frame: 2495 / 3612
[2024-06-07 15:08:11,090][func.train][INFO] - [TESTING] video: 16 | frame: 2559 / 3612
[2024-06-07 15:08:11,454][func.train][INFO] - [TESTING] video: 16 | frame: 2623 / 3612
[2024-06-07 15:08:11,816][func.train][INFO] - [TESTING] video: 16 | frame: 2687 / 3612
[2024-06-07 15:08:12,179][func.train][INFO] - [TESTING] video: 16 | frame: 2751 / 3612
[2024-06-07 15:08:12,542][func.train][INFO] - [TESTING] video: 16 | frame: 2815 / 3612
[2024-06-07 15:08:12,905][func.train][INFO] - [TESTING] video: 16 | frame: 2879 / 3612
[2024-06-07 15:08:13,268][func.train][INFO] - [TESTING] video: 16 | frame: 2943 / 3612
[2024-06-07 15:08:13,633][func.train][INFO] - [TESTING] video: 16 | frame: 3007 / 3612
[2024-06-07 15:08:13,992][func.train][INFO] - [TESTING] video: 16 | frame: 3071 / 3612
[2024-06-07 15:08:14,351][func.train][INFO] - [TESTING] video: 16 | frame: 3135 / 3612
[2024-06-07 15:08:14,713][func.train][INFO] - [TESTING] video: 16 | frame: 3199 / 3612
[2024-06-07 15:08:15,072][func.train][INFO] - [TESTING] video: 16 | frame: 3263 / 3612
[2024-06-07 15:08:15,433][func.train][INFO] - [TESTING] video: 16 | frame: 3327 / 3612
[2024-06-07 15:08:15,796][func.train][INFO] - [TESTING] video: 16 | frame: 3391 / 3612
[2024-06-07 15:08:16,158][func.train][INFO] - [TESTING] video: 16 | frame: 3455 / 3612
[2024-06-07 15:08:16,521][func.train][INFO] - [TESTING] video: 16 | frame: 3519 / 3612
[2024-06-07 15:08:16,870][func.train][INFO] - [TESTING] video: 16 | frame: 3583 / 3612
[2024-06-07 15:08:18,325][func.train][INFO] - [TESTING] video: 16 | frame: 3611 / 3612
[2024-06-07 15:08:18,325][func.train][INFO] - [TESTING] video: 16 | video test time: 0.36 min | total test time: 0.73 min
[2024-06-07 15:08:18,362][func.train][INFO] - [TESTING] video: 16 | video_mean_curr_acc: 0.1154 | mean_acc_future_frames: 0.1154 | video_mean_cum_acc_future: 0.1154
[2024-06-07 15:08:18,747][func.train][INFO] - [TESTING] video: 17 | frame: 63 / 4678
[2024-06-07 15:08:19,112][func.train][INFO] - [TESTING] video: 17 | frame: 127 / 4678
[2024-06-07 15:08:19,475][func.train][INFO] - [TESTING] video: 17 | frame: 191 / 4678
[2024-06-07 15:08:19,839][func.train][INFO] - [TESTING] video: 17 | frame: 255 / 4678
[2024-06-07 15:08:20,200][func.train][INFO] - [TESTING] video: 17 | frame: 319 / 4678
[2024-06-07 15:08:20,562][func.train][INFO] - [TESTING] video: 17 | frame: 383 / 4678
[2024-06-07 15:08:20,924][func.train][INFO] - [TESTING] video: 17 | frame: 447 / 4678
[2024-06-07 15:08:21,286][func.train][INFO] - [TESTING] video: 17 | frame: 511 / 4678
[2024-06-07 15:08:21,651][func.train][INFO] - [TESTING] video: 17 | frame: 575 / 4678
[2024-06-07 15:08:22,018][func.train][INFO] - [TESTING] video: 17 | frame: 639 / 4678
[2024-06-07 15:08:22,384][func.train][INFO] - [TESTING] video: 17 | frame: 703 / 4678
[2024-06-07 15:08:22,749][func.train][INFO] - [TESTING] video: 17 | frame: 767 / 4678
[2024-06-07 15:08:23,114][func.train][INFO] - [TESTING] video: 17 | frame: 831 / 4678
[2024-06-07 15:08:23,480][func.train][INFO] - [TESTING] video: 17 | frame: 895 / 4678
[2024-06-07 15:08:23,844][func.train][INFO] - [TESTING] video: 17 | frame: 959 / 4678
[2024-06-07 15:08:24,206][func.train][INFO] - [TESTING] video: 17 | frame: 1023 / 4678
[2024-06-07 15:08:24,571][func.train][INFO] - [TESTING] video: 17 | frame: 1087 / 4678
[2024-06-07 15:08:24,934][func.train][INFO] - [TESTING] video: 17 | frame: 1151 / 4678
[2024-06-07 15:08:25,298][func.train][INFO] - [TESTING] video: 17 | frame: 1215 / 4678
[2024-06-07 15:08:25,662][func.train][INFO] - [TESTING] video: 17 | frame: 1279 / 4678
[2024-06-07 15:08:26,028][func.train][INFO] - [TESTING] video: 17 | frame: 1343 / 4678
[2024-06-07 15:08:26,427][func.train][INFO] - [TESTING] video: 17 | frame: 1407 / 4678
[2024-06-07 15:08:26,790][func.train][INFO] - [TESTING] video: 17 | frame: 1471 / 4678
[2024-06-07 15:08:27,147][func.train][INFO] - [TESTING] video: 17 | frame: 1535 / 4678
[2024-06-07 15:08:27,505][func.train][INFO] - [TESTING] video: 17 | frame: 1599 / 4678
[2024-06-07 15:08:27,863][func.train][INFO] - [TESTING] video: 17 | frame: 1663 / 4678
[2024-06-07 15:08:28,219][func.train][INFO] - [TESTING] video: 17 | frame: 1727 / 4678
[2024-06-07 15:08:28,577][func.train][INFO] - [TESTING] video: 17 | frame: 1791 / 4678
[2024-06-07 15:08:28,934][func.train][INFO] - [TESTING] video: 17 | frame: 1855 / 4678
[2024-06-07 15:08:29,292][func.train][INFO] - [TESTING] video: 17 | frame: 1919 / 4678
[2024-06-07 15:08:29,650][func.train][INFO] - [TESTING] video: 17 | frame: 1983 / 4678
[2024-06-07 15:08:30,007][func.train][INFO] - [TESTING] video: 17 | frame: 2047 / 4678
[2024-06-07 15:08:30,367][func.train][INFO] - [TESTING] video: 17 | frame: 2111 / 4678
[2024-06-07 15:08:30,726][func.train][INFO] - [TESTING] video: 17 | frame: 2175 / 4678
[2024-06-07 15:08:31,092][func.train][INFO] - [TESTING] video: 17 | frame: 2239 / 4678
[2024-06-07 15:08:31,466][func.train][INFO] - [TESTING] video: 17 | frame: 2303 / 4678
[2024-06-07 15:08:31,819][func.train][INFO] - [TESTING] video: 17 | frame: 2367 / 4678
[2024-06-07 15:08:32,172][func.train][INFO] - [TESTING] video: 17 | frame: 2431 / 4678
[2024-06-07 15:08:32,528][func.train][INFO] - [TESTING] video: 17 | frame: 2495 / 4678
[2024-06-07 15:08:32,890][func.train][INFO] - [TESTING] video: 17 | frame: 2559 / 4678
[2024-06-07 15:08:33,253][func.train][INFO] - [TESTING] video: 17 | frame: 2623 / 4678
[2024-06-07 15:08:33,612][func.train][INFO] - [TESTING] video: 17 | frame: 2687 / 4678
[2024-06-07 15:08:33,971][func.train][INFO] - [TESTING] video: 17 | frame: 2751 / 4678
[2024-06-07 15:08:34,346][func.train][INFO] - [TESTING] video: 17 | frame: 2815 / 4678
[2024-06-07 15:08:34,706][func.train][INFO] - [TESTING] video: 17 | frame: 2879 / 4678
[2024-06-07 15:08:35,064][func.train][INFO] - [TESTING] video: 17 | frame: 2943 / 4678
[2024-06-07 15:08:35,423][func.train][INFO] - [TESTING] video: 17 | frame: 3007 / 4678
[2024-06-07 15:08:35,790][func.train][INFO] - [TESTING] video: 17 | frame: 3071 / 4678
[2024-06-07 15:08:36,145][func.train][INFO] - [TESTING] video: 17 | frame: 3135 / 4678
[2024-06-07 15:08:36,502][func.train][INFO] - [TESTING] video: 17 | frame: 3199 / 4678
[2024-06-07 15:08:36,858][func.train][INFO] - [TESTING] video: 17 | frame: 3263 / 4678
[2024-06-07 15:08:37,212][func.train][INFO] - [TESTING] video: 17 | frame: 3327 / 4678
[2024-06-07 15:08:37,570][func.train][INFO] - [TESTING] video: 17 | frame: 3391 / 4678
[2024-06-07 15:08:37,927][func.train][INFO] - [TESTING] video: 17 | frame: 3455 / 4678
[2024-06-07 15:08:38,286][func.train][INFO] - [TESTING] video: 17 | frame: 3519 / 4678
[2024-06-07 15:08:38,648][func.train][INFO] - [TESTING] video: 17 | frame: 3583 / 4678
[2024-06-07 15:08:39,009][func.train][INFO] - [TESTING] video: 17 | frame: 3647 / 4678
[2024-06-07 15:08:39,371][func.train][INFO] - [TESTING] video: 17 | frame: 3711 / 4678
[2024-06-07 15:08:39,733][func.train][INFO] - [TESTING] video: 17 | frame: 3775 / 4678
[2024-06-07 15:08:40,097][func.train][INFO] - [TESTING] video: 17 | frame: 3839 / 4678
[2024-06-07 15:08:40,460][func.train][INFO] - [TESTING] video: 17 | frame: 3903 / 4678
[2024-06-07 15:08:40,820][func.train][INFO] - [TESTING] video: 17 | frame: 3967 / 4678
[2024-06-07 15:08:41,180][func.train][INFO] - [TESTING] video: 17 | frame: 4031 / 4678
[2024-06-07 15:08:41,538][func.train][INFO] - [TESTING] video: 17 | frame: 4095 / 4678
[2024-06-07 15:08:41,902][func.train][INFO] - [TESTING] video: 17 | frame: 4159 / 4678
[2024-06-07 15:08:42,261][func.train][INFO] - [TESTING] video: 17 | frame: 4223 / 4678
[2024-06-07 15:08:42,624][func.train][INFO] - [TESTING] video: 17 | frame: 4287 / 4678
[2024-06-07 15:08:42,983][func.train][INFO] - [TESTING] video: 17 | frame: 4351 / 4678
[2024-06-07 15:08:43,341][func.train][INFO] - [TESTING] video: 17 | frame: 4415 / 4678
[2024-06-07 15:08:43,701][func.train][INFO] - [TESTING] video: 17 | frame: 4479 / 4678
[2024-06-07 15:08:44,057][func.train][INFO] - [TESTING] video: 17 | frame: 4543 / 4678
[2024-06-07 15:08:44,414][func.train][INFO] - [TESTING] video: 17 | frame: 4607 / 4678
[2024-06-07 15:08:44,761][func.train][INFO] - [TESTING] video: 17 | frame: 4671 / 4678
[2024-06-07 15:08:45,027][func.train][INFO] - [TESTING] video: 17 | frame: 4677 / 4678
[2024-06-07 15:08:45,027][func.train][INFO] - [TESTING] video: 17 | video test time: 0.44 min | total test time: 1.18 min
[2024-06-07 15:08:45,073][func.train][INFO] - [TESTING] video: 17 | video_mean_curr_acc: 0.1667 | mean_acc_future_frames: 0.1667 | video_mean_cum_acc_future: 0.1667
[2024-06-07 15:08:45,464][func.train][INFO] - [TESTING] video: 18 | frame: 63 / 3546
[2024-06-07 15:08:45,838][func.train][INFO] - [TESTING] video: 18 | frame: 127 / 3546
[2024-06-07 15:08:46,200][func.train][INFO] - [TESTING] video: 18 | frame: 191 / 3546
[2024-06-07 15:08:46,560][func.train][INFO] - [TESTING] video: 18 | frame: 255 / 3546
[2024-06-07 15:08:46,921][func.train][INFO] - [TESTING] video: 18 | frame: 319 / 3546
[2024-06-07 15:08:47,281][func.train][INFO] - [TESTING] video: 18 | frame: 383 / 3546
[2024-06-07 15:08:47,641][func.train][INFO] - [TESTING] video: 18 | frame: 447 / 3546
[2024-06-07 15:08:48,002][func.train][INFO] - [TESTING] video: 18 | frame: 511 / 3546
[2024-06-07 15:08:48,366][func.train][INFO] - [TESTING] video: 18 | frame: 575 / 3546
[2024-06-07 15:08:48,728][func.train][INFO] - [TESTING] video: 18 | frame: 639 / 3546
[2024-06-07 15:08:49,089][func.train][INFO] - [TESTING] video: 18 | frame: 703 / 3546
[2024-06-07 15:08:49,452][func.train][INFO] - [TESTING] video: 18 | frame: 767 / 3546
[2024-06-07 15:08:49,813][func.train][INFO] - [TESTING] video: 18 | frame: 831 / 3546
[2024-06-07 15:08:50,174][func.train][INFO] - [TESTING] video: 18 | frame: 895 / 3546
[2024-06-07 15:08:50,536][func.train][INFO] - [TESTING] video: 18 | frame: 959 / 3546
[2024-06-07 15:08:50,897][func.train][INFO] - [TESTING] video: 18 | frame: 1023 / 3546
[2024-06-07 15:08:51,257][func.train][INFO] - [TESTING] video: 18 | frame: 1087 / 3546
[2024-06-07 15:08:51,617][func.train][INFO] - [TESTING] video: 18 | frame: 1151 / 3546
[2024-06-07 15:08:51,980][func.train][INFO] - [TESTING] video: 18 | frame: 1215 / 3546
[2024-06-07 15:08:52,343][func.train][INFO] - [TESTING] video: 18 | frame: 1279 / 3546
[2024-06-07 15:08:52,704][func.train][INFO] - [TESTING] video: 18 | frame: 1343 / 3546
[2024-06-07 15:08:53,069][func.train][INFO] - [TESTING] video: 18 | frame: 1407 / 3546
[2024-06-07 15:08:53,425][func.train][INFO] - [TESTING] video: 18 | frame: 1471 / 3546
[2024-06-07 15:08:53,781][func.train][INFO] - [TESTING] video: 18 | frame: 1535 / 3546
[2024-06-07 15:08:54,134][func.train][INFO] - [TESTING] video: 18 | frame: 1599 / 3546
[2024-06-07 15:08:54,490][func.train][INFO] - [TESTING] video: 18 | frame: 1663 / 3546
[2024-06-07 15:08:54,847][func.train][INFO] - [TESTING] video: 18 | frame: 1727 / 3546
[2024-06-07 15:08:55,204][func.train][INFO] - [TESTING] video: 18 | frame: 1791 / 3546
[2024-06-07 15:08:55,563][func.train][INFO] - [TESTING] video: 18 | frame: 1855 / 3546
[2024-06-07 15:08:55,920][func.train][INFO] - [TESTING] video: 18 | frame: 1919 / 3546
[2024-06-07 15:08:56,278][func.train][INFO] - [TESTING] video: 18 | frame: 1983 / 3546
[2024-06-07 15:08:56,635][func.train][INFO] - [TESTING] video: 18 | frame: 2047 / 3546
[2024-06-07 15:08:56,989][func.train][INFO] - [TESTING] video: 18 | frame: 2111 / 3546
[2024-06-07 15:08:57,348][func.train][INFO] - [TESTING] video: 18 | frame: 2175 / 3546
[2024-06-07 15:08:57,707][func.train][INFO] - [TESTING] video: 18 | frame: 2239 / 3546
[2024-06-07 15:08:58,067][func.train][INFO] - [TESTING] video: 18 | frame: 2303 / 3546
[2024-06-07 15:08:58,428][func.train][INFO] - [TESTING] video: 18 | frame: 2367 / 3546
[2024-06-07 15:08:58,784][func.train][INFO] - [TESTING] video: 18 | frame: 2431 / 3546
[2024-06-07 15:08:59,143][func.train][INFO] - [TESTING] video: 18 | frame: 2495 / 3546
[2024-06-07 15:08:59,502][func.train][INFO] - [TESTING] video: 18 | frame: 2559 / 3546
[2024-06-07 15:08:59,865][func.train][INFO] - [TESTING] video: 18 | frame: 2623 / 3546
[2024-06-07 15:09:00,226][func.train][INFO] - [TESTING] video: 18 | frame: 2687 / 3546
[2024-06-07 15:09:00,588][func.train][INFO] - [TESTING] video: 18 | frame: 2751 / 3546
[2024-06-07 15:09:00,949][func.train][INFO] - [TESTING] video: 18 | frame: 2815 / 3546
[2024-06-07 15:09:01,310][func.train][INFO] - [TESTING] video: 18 | frame: 2879 / 3546
[2024-06-07 15:09:01,670][func.train][INFO] - [TESTING] video: 18 | frame: 2943 / 3546
[2024-06-07 15:09:02,031][func.train][INFO] - [TESTING] video: 18 | frame: 3007 / 3546
[2024-06-07 15:09:02,392][func.train][INFO] - [TESTING] video: 18 | frame: 3071 / 3546
[2024-06-07 15:09:02,757][func.train][INFO] - [TESTING] video: 18 | frame: 3135 / 3546
[2024-06-07 15:09:03,116][func.train][INFO] - [TESTING] video: 18 | frame: 3199 / 3546
[2024-06-07 15:09:03,476][func.train][INFO] - [TESTING] video: 18 | frame: 3263 / 3546
[2024-06-07 15:09:03,836][func.train][INFO] - [TESTING] video: 18 | frame: 3327 / 3546
[2024-06-07 15:09:04,193][func.train][INFO] - [TESTING] video: 18 | frame: 3391 / 3546
[2024-06-07 15:09:04,551][func.train][INFO] - [TESTING] video: 18 | frame: 3455 / 3546
[2024-06-07 15:09:04,901][func.train][INFO] - [TESTING] video: 18 | frame: 3519 / 3546
[2024-06-07 15:09:06,295][func.train][INFO] - [TESTING] video: 18 | frame: 3545 / 3546
[2024-06-07 15:09:06,295][func.train][INFO] - [TESTING] video: 18 | video test time: 0.35 min | total test time: 1.53 min
[2024-06-07 15:09:06,332][func.train][INFO] - [TESTING] video: 18 | video_mean_curr_acc: 0.1184 | mean_acc_future_frames: 0.1184 | video_mean_cum_acc_future: 0.1184
[2024-06-07 15:09:06,714][func.train][INFO] - [TESTING] video: 19 | frame: 63 / 3413
[2024-06-07 15:09:07,074][func.train][INFO] - [TESTING] video: 19 | frame: 127 / 3413
[2024-06-07 15:09:07,435][func.train][INFO] - [TESTING] video: 19 | frame: 191 / 3413
[2024-06-07 15:09:07,799][func.train][INFO] - [TESTING] video: 19 | frame: 255 / 3413
[2024-06-07 15:09:08,160][func.train][INFO] - [TESTING] video: 19 | frame: 319 / 3413
[2024-06-07 15:09:08,524][func.train][INFO] - [TESTING] video: 19 | frame: 383 / 3413
[2024-06-07 15:09:08,886][func.train][INFO] - [TESTING] video: 19 | frame: 447 / 3413
[2024-06-07 15:09:09,246][func.train][INFO] - [TESTING] video: 19 | frame: 511 / 3413
[2024-06-07 15:09:09,606][func.train][INFO] - [TESTING] video: 19 | frame: 575 / 3413
[2024-06-07 15:09:09,964][func.train][INFO] - [TESTING] video: 19 | frame: 639 / 3413
[2024-06-07 15:09:10,325][func.train][INFO] - [TESTING] video: 19 | frame: 703 / 3413
[2024-06-07 15:09:10,685][func.train][INFO] - [TESTING] video: 19 | frame: 767 / 3413
[2024-06-07 15:09:11,049][func.train][INFO] - [TESTING] video: 19 | frame: 831 / 3413
[2024-06-07 15:09:11,411][func.train][INFO] - [TESTING] video: 19 | frame: 895 / 3413
[2024-06-07 15:09:11,771][func.train][INFO] - [TESTING] video: 19 | frame: 959 / 3413
[2024-06-07 15:09:12,133][func.train][INFO] - [TESTING] video: 19 | frame: 1023 / 3413
[2024-06-07 15:09:12,499][func.train][INFO] - [TESTING] video: 19 | frame: 1087 / 3413
[2024-06-07 15:09:12,861][func.train][INFO] - [TESTING] video: 19 | frame: 1151 / 3413
[2024-06-07 15:09:13,222][func.train][INFO] - [TESTING] video: 19 | frame: 1215 / 3413
[2024-06-07 15:09:13,581][func.train][INFO] - [TESTING] video: 19 | frame: 1279 / 3413
[2024-06-07 15:09:13,943][func.train][INFO] - [TESTING] video: 19 | frame: 1343 / 3413
[2024-06-07 15:09:14,305][func.train][INFO] - [TESTING] video: 19 | frame: 1407 / 3413
[2024-06-07 15:09:14,662][func.train][INFO] - [TESTING] video: 19 | frame: 1471 / 3413
[2024-06-07 15:09:15,016][func.train][INFO] - [TESTING] video: 19 | frame: 1535 / 3413
[2024-06-07 15:09:15,372][func.train][INFO] - [TESTING] video: 19 | frame: 1599 / 3413
[2024-06-07 15:09:15,730][func.train][INFO] - [TESTING] video: 19 | frame: 1663 / 3413
[2024-06-07 15:09:16,090][func.train][INFO] - [TESTING] video: 19 | frame: 1727 / 3413
[2024-06-07 15:09:16,447][func.train][INFO] - [TESTING] video: 19 | frame: 1791 / 3413
[2024-06-07 15:09:16,804][func.train][INFO] - [TESTING] video: 19 | frame: 1855 / 3413
[2024-06-07 15:09:17,161][func.train][INFO] - [TESTING] video: 19 | frame: 1919 / 3413
[2024-06-07 15:09:17,517][func.train][INFO] - [TESTING] video: 19 | frame: 1983 / 3413
[2024-06-07 15:09:17,872][func.train][INFO] - [TESTING] video: 19 | frame: 2047 / 3413
[2024-06-07 15:09:18,228][func.train][INFO] - [TESTING] video: 19 | frame: 2111 / 3413
[2024-06-07 15:09:18,587][func.train][INFO] - [TESTING] video: 19 | frame: 2175 / 3413
[2024-06-07 15:09:18,942][func.train][INFO] - [TESTING] video: 19 | frame: 2239 / 3413
[2024-06-07 15:09:19,298][func.train][INFO] - [TESTING] video: 19 | frame: 2303 / 3413
[2024-06-07 15:09:19,656][func.train][INFO] - [TESTING] video: 19 | frame: 2367 / 3413
[2024-06-07 15:09:20,015][func.train][INFO] - [TESTING] video: 19 | frame: 2431 / 3413
[2024-06-07 15:09:20,378][func.train][INFO] - [TESTING] video: 19 | frame: 2495 / 3413
[2024-06-07 15:09:20,739][func.train][INFO] - [TESTING] video: 19 | frame: 2559 / 3413
[2024-06-07 15:09:21,104][func.train][INFO] - [TESTING] video: 19 | frame: 2623 / 3413
[2024-06-07 15:09:21,465][func.train][INFO] - [TESTING] video: 19 | frame: 2687 / 3413
[2024-06-07 15:09:21,829][func.train][INFO] - [TESTING] video: 19 | frame: 2751 / 3413
[2024-06-07 15:09:22,190][func.train][INFO] - [TESTING] video: 19 | frame: 2815 / 3413
[2024-06-07 15:09:22,549][func.train][INFO] - [TESTING] video: 19 | frame: 2879 / 3413
[2024-06-07 15:09:22,909][func.train][INFO] - [TESTING] video: 19 | frame: 2943 / 3413
[2024-06-07 15:09:23,273][func.train][INFO] - [TESTING] video: 19 | frame: 3007 / 3413
[2024-06-07 15:09:23,632][func.train][INFO] - [TESTING] video: 19 | frame: 3071 / 3413
[2024-06-07 15:09:23,992][func.train][INFO] - [TESTING] video: 19 | frame: 3135 / 3413
[2024-06-07 15:09:24,351][func.train][INFO] - [TESTING] video: 19 | frame: 3199 / 3413
[2024-06-07 15:09:24,709][func.train][INFO] - [TESTING] video: 19 | frame: 3263 / 3413
[2024-06-07 15:09:25,065][func.train][INFO] - [TESTING] video: 19 | frame: 3327 / 3413
[2024-06-07 15:09:25,415][func.train][INFO] - [TESTING] video: 19 | frame: 3391 / 3413
[2024-06-07 15:09:26,608][func.train][INFO] - [TESTING] video: 19 | frame: 3412 / 3413
[2024-06-07 15:09:26,608][func.train][INFO] - [TESTING] video: 19 | video test time: 0.34 min | total test time: 1.87 min
[2024-06-07 15:09:26,644][func.train][INFO] - [TESTING] video: 19 | video_mean_curr_acc: 0.0636 | mean_acc_future_frames: 0.0636 | video_mean_cum_acc_future: 0.0636
[2024-06-07 15:09:27,018][func.train][INFO] - [TESTING] video: 20 | frame: 63 / 4832
[2024-06-07 15:09:27,379][func.train][INFO] - [TESTING] video: 20 | frame: 127 / 4832
[2024-06-07 15:09:27,743][func.train][INFO] - [TESTING] video: 20 | frame: 191 / 4832
[2024-06-07 15:09:28,107][func.train][INFO] - [TESTING] video: 20 | frame: 255 / 4832
[2024-06-07 15:09:28,477][func.train][INFO] - [TESTING] video: 20 | frame: 319 / 4832
[2024-06-07 15:09:28,842][func.train][INFO] - [TESTING] video: 20 | frame: 383 / 4832
[2024-06-07 15:09:29,204][func.train][INFO] - [TESTING] video: 20 | frame: 447 / 4832
[2024-06-07 15:09:29,568][func.train][INFO] - [TESTING] video: 20 | frame: 511 / 4832
[2024-06-07 15:09:29,928][func.train][INFO] - [TESTING] video: 20 | frame: 575 / 4832
[2024-06-07 15:09:30,293][func.train][INFO] - [TESTING] video: 20 | frame: 639 / 4832
[2024-06-07 15:09:30,657][func.train][INFO] - [TESTING] video: 20 | frame: 703 / 4832
[2024-06-07 15:09:31,019][func.train][INFO] - [TESTING] video: 20 | frame: 767 / 4832
[2024-06-07 15:09:31,383][func.train][INFO] - [TESTING] video: 20 | frame: 831 / 4832
[2024-06-07 15:09:31,744][func.train][INFO] - [TESTING] video: 20 | frame: 895 / 4832
[2024-06-07 15:09:32,107][func.train][INFO] - [TESTING] video: 20 | frame: 959 / 4832
[2024-06-07 15:09:32,471][func.train][INFO] - [TESTING] video: 20 | frame: 1023 / 4832
[2024-06-07 15:09:32,835][func.train][INFO] - [TESTING] video: 20 | frame: 1087 / 4832
[2024-06-07 15:09:33,203][func.train][INFO] - [TESTING] video: 20 | frame: 1151 / 4832
[2024-06-07 15:09:33,565][func.train][INFO] - [TESTING] video: 20 | frame: 1215 / 4832
[2024-06-07 15:09:33,927][func.train][INFO] - [TESTING] video: 20 | frame: 1279 / 4832
[2024-06-07 15:09:34,293][func.train][INFO] - [TESTING] video: 20 | frame: 1343 / 4832
[2024-06-07 15:09:34,657][func.train][INFO] - [TESTING] video: 20 | frame: 1407 / 4832
[2024-06-07 15:09:35,017][func.train][INFO] - [TESTING] video: 20 | frame: 1471 / 4832
[2024-06-07 15:09:35,375][func.train][INFO] - [TESTING] video: 20 | frame: 1535 / 4832
[2024-06-07 15:09:35,735][func.train][INFO] - [TESTING] video: 20 | frame: 1599 / 4832
[2024-06-07 15:09:36,092][func.train][INFO] - [TESTING] video: 20 | frame: 1663 / 4832
[2024-06-07 15:09:36,451][func.train][INFO] - [TESTING] video: 20 | frame: 1727 / 4832
[2024-06-07 15:09:36,808][func.train][INFO] - [TESTING] video: 20 | frame: 1791 / 4832
[2024-06-07 15:09:37,166][func.train][INFO] - [TESTING] video: 20 | frame: 1855 / 4832
[2024-06-07 15:09:37,524][func.train][INFO] - [TESTING] video: 20 | frame: 1919 / 4832
[2024-06-07 15:09:37,883][func.train][INFO] - [TESTING] video: 20 | frame: 1983 / 4832
[2024-06-07 15:09:38,243][func.train][INFO] - [TESTING] video: 20 | frame: 2047 / 4832
[2024-06-07 15:09:38,598][func.train][INFO] - [TESTING] video: 20 | frame: 2111 / 4832
[2024-06-07 15:09:38,953][func.train][INFO] - [TESTING] video: 20 | frame: 2175 / 4832
[2024-06-07 15:09:39,309][func.train][INFO] - [TESTING] video: 20 | frame: 2239 / 4832
[2024-06-07 15:09:39,663][func.train][INFO] - [TESTING] video: 20 | frame: 2303 / 4832
[2024-06-07 15:09:40,016][func.train][INFO] - [TESTING] video: 20 | frame: 2367 / 4832
[2024-06-07 15:09:40,380][func.train][INFO] - [TESTING] video: 20 | frame: 2431 / 4832
[2024-06-07 15:09:40,737][func.train][INFO] - [TESTING] video: 20 | frame: 2495 / 4832
[2024-06-07 15:09:41,094][func.train][INFO] - [TESTING] video: 20 | frame: 2559 / 4832
[2024-06-07 15:09:41,449][func.train][INFO] - [TESTING] video: 20 | frame: 2623 / 4832
[2024-06-07 15:09:41,804][func.train][INFO] - [TESTING] video: 20 | frame: 2687 / 4832
[2024-06-07 15:09:42,161][func.train][INFO] - [TESTING] video: 20 | frame: 2751 / 4832
[2024-06-07 15:09:42,515][func.train][INFO] - [TESTING] video: 20 | frame: 2815 / 4832
[2024-06-07 15:09:42,869][func.train][INFO] - [TESTING] video: 20 | frame: 2879 / 4832
[2024-06-07 15:09:43,224][func.train][INFO] - [TESTING] video: 20 | frame: 2943 / 4832
[2024-06-07 15:09:43,581][func.train][INFO] - [TESTING] video: 20 | frame: 3007 / 4832
[2024-06-07 15:09:43,938][func.train][INFO] - [TESTING] video: 20 | frame: 3071 / 4832
[2024-06-07 15:09:44,300][func.train][INFO] - [TESTING] video: 20 | frame: 3135 / 4832
[2024-06-07 15:09:44,652][func.train][INFO] - [TESTING] video: 20 | frame: 3199 / 4832
[2024-06-07 15:09:45,009][func.train][INFO] - [TESTING] video: 20 | frame: 3263 / 4832
[2024-06-07 15:09:45,366][func.train][INFO] - [TESTING] video: 20 | frame: 3327 / 4832
[2024-06-07 15:09:45,722][func.train][INFO] - [TESTING] video: 20 | frame: 3391 / 4832
[2024-06-07 15:09:46,080][func.train][INFO] - [TESTING] video: 20 | frame: 3455 / 4832
[2024-06-07 15:09:46,436][func.train][INFO] - [TESTING] video: 20 | frame: 3519 / 4832
[2024-06-07 15:09:46,796][func.train][INFO] - [TESTING] video: 20 | frame: 3583 / 4832
[2024-06-07 15:09:47,152][func.train][INFO] - [TESTING] video: 20 | frame: 3647 / 4832
[2024-06-07 15:09:47,506][func.train][INFO] - [TESTING] video: 20 | frame: 3711 / 4832
[2024-06-07 15:09:47,865][func.train][INFO] - [TESTING] video: 20 | frame: 3775 / 4832
[2024-06-07 15:09:48,223][func.train][INFO] - [TESTING] video: 20 | frame: 3839 / 4832
[2024-06-07 15:09:48,582][func.train][INFO] - [TESTING] video: 20 | frame: 3903 / 4832
[2024-06-07 15:09:48,944][func.train][INFO] - [TESTING] video: 20 | frame: 3967 / 4832
[2024-06-07 15:09:49,309][func.train][INFO] - [TESTING] video: 20 | frame: 4031 / 4832
[2024-06-07 15:09:49,674][func.train][INFO] - [TESTING] video: 20 | frame: 4095 / 4832
[2024-06-07 15:09:50,032][func.train][INFO] - [TESTING] video: 20 | frame: 4159 / 4832
[2024-06-07 15:09:50,390][func.train][INFO] - [TESTING] video: 20 | frame: 4223 / 4832
[2024-06-07 15:09:50,753][func.train][INFO] - [TESTING] video: 20 | frame: 4287 / 4832
[2024-06-07 15:09:51,115][func.train][INFO] - [TESTING] video: 20 | frame: 4351 / 4832
[2024-06-07 15:09:51,475][func.train][INFO] - [TESTING] video: 20 | frame: 4415 / 4832
[2024-06-07 15:09:51,837][func.train][INFO] - [TESTING] video: 20 | frame: 4479 / 4832
[2024-06-07 15:09:52,206][func.train][INFO] - [TESTING] video: 20 | frame: 4543 / 4832
[2024-06-07 15:09:52,571][func.train][INFO] - [TESTING] video: 20 | frame: 4607 / 4832
[2024-06-07 15:09:52,926][func.train][INFO] - [TESTING] video: 20 | frame: 4671 / 4832
[2024-06-07 15:09:53,288][func.train][INFO] - [TESTING] video: 20 | frame: 4735 / 4832
[2024-06-07 15:09:53,645][func.train][INFO] - [TESTING] video: 20 | frame: 4799 / 4832
[2024-06-07 15:09:55,301][func.train][INFO] - [TESTING] video: 20 | frame: 4831 / 4832
[2024-06-07 15:09:55,301][func.train][INFO] - [TESTING] video: 20 | video test time: 0.48 min | total test time: 2.35 min
[2024-06-07 15:09:55,350][func.train][INFO] - [TESTING] video: 20 | video_mean_curr_acc: 0.1325 | mean_acc_future_frames: 0.1325 | video_mean_cum_acc_future: 0.1325
[2024-06-07 15:09:55,723][func.train][INFO] - [TESTING] video: 21 | frame: 63 / 4326
[2024-06-07 15:09:56,084][func.train][INFO] - [TESTING] video: 21 | frame: 127 / 4326
[2024-06-07 15:09:56,444][func.train][INFO] - [TESTING] video: 21 | frame: 191 / 4326
[2024-06-07 15:09:56,803][func.train][INFO] - [TESTING] video: 21 | frame: 255 / 4326
[2024-06-07 15:09:57,164][func.train][INFO] - [TESTING] video: 21 | frame: 319 / 4326
[2024-06-07 15:09:57,524][func.train][INFO] - [TESTING] video: 21 | frame: 383 / 4326
[2024-06-07 15:09:57,886][func.train][INFO] - [TESTING] video: 21 | frame: 447 / 4326
[2024-06-07 15:09:58,249][func.train][INFO] - [TESTING] video: 21 | frame: 511 / 4326
[2024-06-07 15:09:58,610][func.train][INFO] - [TESTING] video: 21 | frame: 575 / 4326
[2024-06-07 15:09:58,972][func.train][INFO] - [TESTING] video: 21 | frame: 639 / 4326
[2024-06-07 15:09:59,332][func.train][INFO] - [TESTING] video: 21 | frame: 703 / 4326
[2024-06-07 15:09:59,694][func.train][INFO] - [TESTING] video: 21 | frame: 767 / 4326
[2024-06-07 15:10:00,055][func.train][INFO] - [TESTING] video: 21 | frame: 831 / 4326
[2024-06-07 15:10:00,418][func.train][INFO] - [TESTING] video: 21 | frame: 895 / 4326
[2024-06-07 15:10:00,781][func.train][INFO] - [TESTING] video: 21 | frame: 959 / 4326
[2024-06-07 15:10:01,142][func.train][INFO] - [TESTING] video: 21 | frame: 1023 / 4326
[2024-06-07 15:10:01,502][func.train][INFO] - [TESTING] video: 21 | frame: 1087 / 4326
[2024-06-07 15:10:01,862][func.train][INFO] - [TESTING] video: 21 | frame: 1151 / 4326
[2024-06-07 15:10:02,228][func.train][INFO] - [TESTING] video: 21 | frame: 1215 / 4326
[2024-06-07 15:10:02,596][func.train][INFO] - [TESTING] video: 21 | frame: 1279 / 4326
[2024-06-07 15:10:02,958][func.train][INFO] - [TESTING] video: 21 | frame: 1343 / 4326
[2024-06-07 15:10:03,322][func.train][INFO] - [TESTING] video: 21 | frame: 1407 / 4326
[2024-06-07 15:10:03,684][func.train][INFO] - [TESTING] video: 21 | frame: 1471 / 4326
[2024-06-07 15:10:04,042][func.train][INFO] - [TESTING] video: 21 | frame: 1535 / 4326
[2024-06-07 15:10:04,400][func.train][INFO] - [TESTING] video: 21 | frame: 1599 / 4326
[2024-06-07 15:10:04,756][func.train][INFO] - [TESTING] video: 21 | frame: 1663 / 4326
[2024-06-07 15:10:05,111][func.train][INFO] - [TESTING] video: 21 | frame: 1727 / 4326
[2024-06-07 15:10:05,470][func.train][INFO] - [TESTING] video: 21 | frame: 1791 / 4326
[2024-06-07 15:10:05,827][func.train][INFO] - [TESTING] video: 21 | frame: 1855 / 4326
[2024-06-07 15:10:06,182][func.train][INFO] - [TESTING] video: 21 | frame: 1919 / 4326
[2024-06-07 15:10:06,536][func.train][INFO] - [TESTING] video: 21 | frame: 1983 / 4326
[2024-06-07 15:10:06,891][func.train][INFO] - [TESTING] video: 21 | frame: 2047 / 4326
[2024-06-07 15:10:07,246][func.train][INFO] - [TESTING] video: 21 | frame: 2111 / 4326
[2024-06-07 15:10:07,602][func.train][INFO] - [TESTING] video: 21 | frame: 2175 / 4326
[2024-06-07 15:10:07,961][func.train][INFO] - [TESTING] video: 21 | frame: 2239 / 4326
[2024-06-07 15:10:08,319][func.train][INFO] - [TESTING] video: 21 | frame: 2303 / 4326
[2024-06-07 15:10:08,675][func.train][INFO] - [TESTING] video: 21 | frame: 2367 / 4326
[2024-06-07 15:10:09,031][func.train][INFO] - [TESTING] video: 21 | frame: 2431 / 4326
[2024-06-07 15:10:09,390][func.train][INFO] - [TESTING] video: 21 | frame: 2495 / 4326
[2024-06-07 15:10:09,748][func.train][INFO] - [TESTING] video: 21 | frame: 2559 / 4326
[2024-06-07 15:10:10,104][func.train][INFO] - [TESTING] video: 21 | frame: 2623 / 4326
[2024-06-07 15:10:10,462][func.train][INFO] - [TESTING] video: 21 | frame: 2687 / 4326
[2024-06-07 15:10:10,818][func.train][INFO] - [TESTING] video: 21 | frame: 2751 / 4326
[2024-06-07 15:10:11,178][func.train][INFO] - [TESTING] video: 21 | frame: 2815 / 4326
[2024-06-07 15:10:11,537][func.train][INFO] - [TESTING] video: 21 | frame: 2879 / 4326
[2024-06-07 15:10:11,893][func.train][INFO] - [TESTING] video: 21 | frame: 2943 / 4326
[2024-06-07 15:10:12,256][func.train][INFO] - [TESTING] video: 21 | frame: 3007 / 4326
[2024-06-07 15:10:12,614][func.train][INFO] - [TESTING] video: 21 | frame: 3071 / 4326
[2024-06-07 15:10:12,972][func.train][INFO] - [TESTING] video: 21 | frame: 3135 / 4326
[2024-06-07 15:10:13,330][func.train][INFO] - [TESTING] video: 21 | frame: 3199 / 4326
[2024-06-07 15:10:13,690][func.train][INFO] - [TESTING] video: 21 | frame: 3263 / 4326
[2024-06-07 15:10:14,054][func.train][INFO] - [TESTING] video: 21 | frame: 3327 / 4326
[2024-06-07 15:10:14,418][func.train][INFO] - [TESTING] video: 21 | frame: 3391 / 4326
[2024-06-07 15:10:14,778][func.train][INFO] - [TESTING] video: 21 | frame: 3455 / 4326
[2024-06-07 15:10:15,142][func.train][INFO] - [TESTING] video: 21 | frame: 3519 / 4326
[2024-06-07 15:10:15,501][func.train][INFO] - [TESTING] video: 21 | frame: 3583 / 4326
[2024-06-07 15:10:15,861][func.train][INFO] - [TESTING] video: 21 | frame: 3647 / 4326
[2024-06-07 15:10:16,223][func.train][INFO] - [TESTING] video: 21 | frame: 3711 / 4326
[2024-06-07 15:10:16,582][func.train][INFO] - [TESTING] video: 21 | frame: 3775 / 4326
[2024-06-07 15:10:16,941][func.train][INFO] - [TESTING] video: 21 | frame: 3839 / 4326
[2024-06-07 15:10:17,300][func.train][INFO] - [TESTING] video: 21 | frame: 3903 / 4326
[2024-06-07 15:10:17,657][func.train][INFO] - [TESTING] video: 21 | frame: 3967 / 4326
[2024-06-07 15:10:18,019][func.train][INFO] - [TESTING] video: 21 | frame: 4031 / 4326
[2024-06-07 15:10:18,379][func.train][INFO] - [TESTING] video: 21 | frame: 4095 / 4326
[2024-06-07 15:10:18,742][func.train][INFO] - [TESTING] video: 21 | frame: 4159 / 4326
[2024-06-07 15:10:19,106][func.train][INFO] - [TESTING] video: 21 | frame: 4223 / 4326
[2024-06-07 15:10:19,459][func.train][INFO] - [TESTING] video: 21 | frame: 4287 / 4326
[2024-06-07 15:10:21,248][func.train][INFO] - [TESTING] video: 21 | frame: 4325 / 4326
[2024-06-07 15:10:21,248][func.train][INFO] - [TESTING] video: 21 | video test time: 0.43 min | total test time: 2.78 min
[2024-06-07 15:10:21,294][func.train][INFO] - [TESTING] video: 21 | video_mean_curr_acc: 0.1063 | mean_acc_future_frames: 0.1063 | video_mean_cum_acc_future: 0.1063
[2024-06-07 15:21:18,986][func.train][INFO] - Dist info:
[2024-06-07 15:21:18,986][func.train][INFO] - torch version: 2.2.2+cu121
[2024-06-07 15:21:18,987][func.train][INFO] - torchvision version: 0.17.2+cu121
[2024-06-07 15:21:18,987][func.train][INFO] - hydra version: 1.3.2
[2024-06-07 15:21:18,990][func.train][INFO] - Loading data
[2024-06-07 15:21:18,990][func.train][INFO] - Loading datasets
[2024-06-07 15:21:19,182][func.train][INFO] - [SELECT DATASET] ALL loaded dataframe in 0m 0s
[2024-06-07 15:21:19,182][func.train][INFO] - [SELECT DATASET] ALL loaded dataframe: (83243, 4)
[2024-06-07 15:21:19,186][func.train][INFO] - [SELECT DATASET] labels are already starting from 0
[2024-06-07 15:21:19,192][func.train][INFO] - [SELECT DATASET] ALL unique classes: [0 1 2 3 4 5 6]
[2024-06-07 15:21:19,196][func.train][INFO] - [SELECT DATASET] aLL dataframe (head):                                           image_path  video_idx frame_idx class
0  /nfs/home/yangliu/dataset/AutoLaparo_Task1/Aut...          1         1     1
1  /nfs/home/yangliu/dataset/AutoLaparo_Task1/Aut...          1         2     1
2  /nfs/home/yangliu/dataset/AutoLaparo_Task1/Aut...          1         3     1
3  /nfs/home/yangliu/dataset/AutoLaparo_Task1/Aut...          1         4     1
4  /nfs/home/yangliu/dataset/AutoLaparo_Task1/Aut...          1         5     1
[2024-06-07 15:21:19,201][func.train][INFO] - [SELECT DATASET] ALL dataframe (tail):                                               image_path  ...  class
83238  /nfs/home/yangliu/dataset/AutoLaparo_Task1/Aut...  ...      6
83239  /nfs/home/yangliu/dataset/AutoLaparo_Task1/Aut...  ...      6
83240  /nfs/home/yangliu/dataset/AutoLaparo_Task1/Aut...  ...      6
83241  /nfs/home/yangliu/dataset/AutoLaparo_Task1/Aut...  ...      6
83242  /nfs/home/yangliu/dataset/AutoLaparo_Task1/Aut...  ...      6

[5 rows x 4 columns]
[2024-06-07 15:21:19,201][func.train][INFO] - [DATASET] params: {'debug': False, 'dataset_name': 'autolaparo21', 'reduc_feats_folder': 'train_targets_x_mp/', 'num_classes': 7, 'num_next_labels': 6, 'last_seg_class': 7, 'predict_next_phase': True, 'get_target_feats': False, 'replace_current_with_next_class': False}
[2024-06-07 15:21:19,226][func.train][INFO] - [DATASET] df unique videos: [ 1  2  3  4  5  6  7  8  9 10 11 12 13 14 15 16 17 18 19 20 21]
[2024-06-07 15:21:19,226][func.train][INFO] - [DATASET] split: train video_indices: [1, 2, 3, 4, 5, 6, 7, 8, 9, 10, 11, 12, 13, 14]
[2024-06-07 15:21:19,238][func.train][INFO] - [DATASET] train size: 55183
[2024-06-07 15:21:19,238][func.train][INFO] - [DATASET] train video_indices: [1, 2, 3, 4, 5, 6, 7, 8, 9, 10, 11, 12, 13, 14]
[2024-06-07 15:21:19,239][func.train][INFO] - [DATASET] Sampling video_idx: 1 at 1 fps to 6388 frames
[2024-06-07 15:21:19,246][func.train][INFO] - [DATASET] video 1 label_list: torch.Size([6388])
[2024-06-07 15:21:19,457][func.train][INFO] - [DATASET] Sampling video_idx: 2 at 1 fps to 3620 frames
[2024-06-07 15:21:19,458][func.train][INFO] - [DATASET] video 2 label_list: torch.Size([3620])
[2024-06-07 15:21:19,468][func.train][INFO] - [DATASET] Sampling video_idx: 3 at 1 fps to 3000 frames
[2024-06-07 15:21:19,469][func.train][INFO] - [DATASET] video 3 label_list: torch.Size([3000])
[2024-06-07 15:21:19,475][func.train][INFO] - [DATASET] Sampling video_idx: 4 at 1 fps to 2938 frames
[2024-06-07 15:21:19,476][func.train][INFO] - [DATASET] video 4 label_list: torch.Size([2938])
[2024-06-07 15:21:19,482][func.train][INFO] - [DATASET] Sampling video_idx: 5 at 1 fps to 3220 frames
[2024-06-07 15:21:19,482][func.train][INFO] - [DATASET] video 5 label_list: torch.Size([3220])
[2024-06-07 15:21:19,490][func.train][INFO] - [DATASET] Sampling video_idx: 6 at 1 fps to 3908 frames
[2024-06-07 15:21:19,490][func.train][INFO] - [DATASET] video 6 label_list: torch.Size([3908])
[2024-06-07 15:21:19,498][func.train][INFO] - [DATASET] Sampling video_idx: 7 at 1 fps to 1645 frames
[2024-06-07 15:21:19,499][func.train][INFO] - [DATASET] video 7 label_list: torch.Size([1645])
[2024-06-07 15:21:19,503][func.train][INFO] - [DATASET] Sampling video_idx: 8 at 1 fps to 4692 frames
[2024-06-07 15:21:19,504][func.train][INFO] - [DATASET] video 8 label_list: torch.Size([4692])
[2024-06-07 15:21:19,514][func.train][INFO] - [DATASET] Sampling video_idx: 9 at 1 fps to 5736 frames
[2024-06-07 15:21:19,515][func.train][INFO] - [DATASET] video 9 label_list: torch.Size([5736])
[2024-06-07 15:21:19,527][func.train][INFO] - [DATASET] Sampling video_idx: 10 at 1 fps to 5064 frames
[2024-06-07 15:21:19,528][func.train][INFO] - [DATASET] video 10 label_list: torch.Size([5064])
[2024-06-07 15:21:19,538][func.train][INFO] - [DATASET] Sampling video_idx: 11 at 1 fps to 4720 frames
[2024-06-07 15:21:19,539][func.train][INFO] - [DATASET] video 11 label_list: torch.Size([4720])
[2024-06-07 15:21:19,549][func.train][INFO] - [DATASET] Sampling video_idx: 12 at 1 fps to 2916 frames
[2024-06-07 15:21:19,550][func.train][INFO] - [DATASET] video 12 label_list: torch.Size([2916])
[2024-06-07 15:21:19,558][func.train][INFO] - [DATASET] Sampling video_idx: 13 at 1 fps to 2597 frames
[2024-06-07 15:21:19,559][func.train][INFO] - [DATASET] video 13 label_list: torch.Size([2597])
[2024-06-07 15:21:19,564][func.train][INFO] - [DATASET] Sampling video_idx: 14 at 1 fps to 4739 frames
[2024-06-07 15:21:19,565][func.train][INFO] - [DATASET] video 14 label_list: torch.Size([4739])
[2024-06-07 15:21:19,573][func.train][INFO] - [DATASET] number of train videos: 14
[2024-06-07 15:21:19,573][func.train][INFO] - [DATASET] avg video length: 65.69 minutes
[2024-06-07 15:21:19,624][func.train][INFO] - [DATASET] num classes at 1fps in train: (55183,)
[2024-06-07 15:21:19,625][func.train][INFO] - [DATASET] classes_counts_dict: {0: 1408, 1: 19287, 2: 12545, 3: 7511, 4: 1333, 5: 8184, 6: 4915}
[2024-06-07 15:21:19,626][func.train][INFO] - [DATASET] curr_class_weights: tensor([5.5989, 0.4087, 0.6284, 1.0496, 5.9139, 0.9633, 1.6039])
[2024-06-07 15:21:19,626][func.train][INFO] - [DATASET] eos_weight: count
[2024-06-07 15:21:19,627][func.train][INFO] - [DATASET] num_eos_vals: 840
[2024-06-07 15:21:19,627][func.train][INFO] - [DATASET] classes_counts_dict: {0: 1408, 1: 19287, 2: 12545, 3: 7511, 4: 1333, 5: 8184, 6: 4915, 7: 840}
[2024-06-07 15:21:19,627][func.train][INFO] - [DATASET] next_class_weights: tensor([4.9736, 0.3631, 0.5582, 0.9323, 5.2535, 0.8557, 1.4248, 8.3368])
[2024-06-07 15:21:19,673][func.train][INFO] - [DATASET] df unique videos: [ 1  2  3  4  5  6  7  8  9 10 11 12 13 14 15 16 17 18 19 20 21]
[2024-06-07 15:21:19,673][func.train][INFO] - [DATASET] split: test video_indices: [15]
[2024-06-07 15:21:19,675][func.train][INFO] - [DATASET] test size: 3653
[2024-06-07 15:21:19,675][func.train][INFO] - [DATASET] test video_indices: [15]
[2024-06-07 15:21:19,676][func.train][INFO] - [DATASET] Sampling video_idx: 15 at 1 fps to 3653 frames
[2024-06-07 15:21:19,677][func.train][INFO] - [DATASET] video 15 label_list: torch.Size([3653])
[2024-06-07 15:21:19,685][func.train][INFO] - [DATASET] number of test videos: 1
[2024-06-07 15:21:19,686][func.train][INFO] - [DATASET] avg video length: 60.88 minutes
[2024-06-07 15:21:19,726][func.train][INFO] - [DATASET] df unique videos: [ 1  2  3  4  5  6  7  8  9 10 11 12 13 14 15 16 17 18 19 20 21]
[2024-06-07 15:21:19,726][func.train][INFO] - [DATASET] split: test video_indices: [16]
[2024-06-07 15:21:19,728][func.train][INFO] - [DATASET] test size: 3612
[2024-06-07 15:21:19,728][func.train][INFO] - [DATASET] test video_indices: [16]
[2024-06-07 15:21:19,729][func.train][INFO] - [DATASET] Sampling video_idx: 16 at 1 fps to 3612 frames
[2024-06-07 15:21:19,730][func.train][INFO] - [DATASET] video 16 label_list: torch.Size([3612])
[2024-06-07 15:21:19,738][func.train][INFO] - [DATASET] number of test videos: 1
[2024-06-07 15:21:19,738][func.train][INFO] - [DATASET] avg video length: 60.20 minutes
[2024-06-07 15:21:19,772][func.train][INFO] - [DATASET] df unique videos: [ 1  2  3  4  5  6  7  8  9 10 11 12 13 14 15 16 17 18 19 20 21]
[2024-06-07 15:21:19,772][func.train][INFO] - [DATASET] split: test video_indices: [17]
[2024-06-07 15:21:19,774][func.train][INFO] - [DATASET] test size: 4678
[2024-06-07 15:21:19,774][func.train][INFO] - [DATASET] test video_indices: [17]
[2024-06-07 15:21:19,776][func.train][INFO] - [DATASET] Sampling video_idx: 17 at 1 fps to 4678 frames
[2024-06-07 15:21:19,776][func.train][INFO] - [DATASET] video 17 label_list: torch.Size([4678])
[2024-06-07 15:21:19,786][func.train][INFO] - [DATASET] number of test videos: 1
[2024-06-07 15:21:19,787][func.train][INFO] - [DATASET] avg video length: 77.97 minutes
[2024-06-07 15:21:19,830][func.train][INFO] - [DATASET] df unique videos: [ 1  2  3  4  5  6  7  8  9 10 11 12 13 14 15 16 17 18 19 20 21]
[2024-06-07 15:21:19,830][func.train][INFO] - [DATASET] split: test video_indices: [18]
[2024-06-07 15:21:19,832][func.train][INFO] - [DATASET] test size: 3546
[2024-06-07 15:21:19,832][func.train][INFO] - [DATASET] test video_indices: [18]
[2024-06-07 15:21:19,833][func.train][INFO] - [DATASET] Sampling video_idx: 18 at 1 fps to 3546 frames
[2024-06-07 15:21:19,834][func.train][INFO] - [DATASET] video 18 label_list: torch.Size([3546])
[2024-06-07 15:21:19,840][func.train][INFO] - [DATASET] number of test videos: 1
[2024-06-07 15:21:19,841][func.train][INFO] - [DATASET] avg video length: 59.10 minutes
[2024-06-07 15:21:19,886][func.train][INFO] - [DATASET] df unique videos: [ 1  2  3  4  5  6  7  8  9 10 11 12 13 14 15 16 17 18 19 20 21]
[2024-06-07 15:21:19,886][func.train][INFO] - [DATASET] split: test video_indices: [19]
[2024-06-07 15:21:19,888][func.train][INFO] - [DATASET] test size: 3413
[2024-06-07 15:21:19,888][func.train][INFO] - [DATASET] test video_indices: [19]
[2024-06-07 15:21:19,890][func.train][INFO] - [DATASET] Sampling video_idx: 19 at 1 fps to 3413 frames
[2024-06-07 15:21:19,890][func.train][INFO] - [DATASET] video 19 label_list: torch.Size([3413])
[2024-06-07 15:21:19,899][func.train][INFO] - [DATASET] number of test videos: 1
[2024-06-07 15:21:19,899][func.train][INFO] - [DATASET] avg video length: 56.88 minutes
[2024-06-07 15:21:19,934][func.train][INFO] - [DATASET] df unique videos: [ 1  2  3  4  5  6  7  8  9 10 11 12 13 14 15 16 17 18 19 20 21]
[2024-06-07 15:21:19,935][func.train][INFO] - [DATASET] split: test video_indices: [20]
[2024-06-07 15:21:19,937][func.train][INFO] - [DATASET] test size: 4832
[2024-06-07 15:21:19,937][func.train][INFO] - [DATASET] test video_indices: [20]
[2024-06-07 15:21:19,938][func.train][INFO] - [DATASET] Sampling video_idx: 20 at 1 fps to 4832 frames
[2024-06-07 15:21:19,939][func.train][INFO] - [DATASET] video 20 label_list: torch.Size([4832])
[2024-06-07 15:21:19,951][func.train][INFO] - [DATASET] number of test videos: 1
[2024-06-07 15:21:19,952][func.train][INFO] - [DATASET] avg video length: 80.53 minutes
[2024-06-07 15:21:19,987][func.train][INFO] - [DATASET] df unique videos: [ 1  2  3  4  5  6  7  8  9 10 11 12 13 14 15 16 17 18 19 20 21]
[2024-06-07 15:21:19,988][func.train][INFO] - [DATASET] split: test video_indices: [21]
[2024-06-07 15:21:19,990][func.train][INFO] - [DATASET] test size: 4326
[2024-06-07 15:21:19,990][func.train][INFO] - [DATASET] test video_indices: [21]
[2024-06-07 15:21:19,991][func.train][INFO] - [DATASET] Sampling video_idx: 21 at 1 fps to 4326 frames
[2024-06-07 15:21:19,992][func.train][INFO] - [DATASET] video 21 label_list: torch.Size([4326])
[2024-06-07 15:21:20,000][func.train][INFO] - [DATASET] number of test videos: 1
[2024-06-07 15:21:20,001][func.train][INFO] - [DATASET] avg video length: 72.10 minutes
[2024-06-07 15:21:20,004][func.train][INFO] - Time to load datasets: 0.02 min
[2024-06-07 15:21:20,005][func.train][INFO] - Creating data loaders
[2024-06-07 15:21:20,006][func.train][INFO] - Creating model with {'one': 7} classes
[2024-06-07 15:21:20,543][func.train][INFO] - [MAIN] Number of tokens: 55183
[2024-06-07 15:21:20,543][func.train][INFO] - [MAIN] Number of parameters: 18028758
[2024-06-07 15:21:20,543][func.train][INFO] - [MAIN] Token-to-Parameter Ratio is ideally between [1:1 to 10:1]: 0.003061
[2024-06-07 15:21:20,543][func.train][WARNING] - [MAIN] Data-to-Parameter-Ratio is outside the interval [1:1 to 10:1]
[2024-06-07 15:21:20,544][func.train][INFO] - Using LR 0.000300 WD 0.000010 for parameters
[2024-06-07 15:21:20,544][func.train][INFO] - Using LR 0.000300 WD 0.000010 for parameters
[2024-06-07 15:21:20,550][func.train][INFO] - Wrapping model into DP
[2024-06-07 15:21:20,626][func.train][INFO] - Start training
[2024-06-07 15:21:20,630][func.train][INFO] - Storing checkpoints every 60.00 mins
