[2024-06-12 15:47:28,016][func.train][INFO] - Dist info:
[2024-06-12 15:47:28,017][func.train][INFO] - torch version: 2.2.2+cu121
[2024-06-12 15:47:28,017][func.train][INFO] - torchvision version: 0.17.2+cu121
[2024-06-12 15:47:28,017][func.train][INFO] - hydra version: 1.3.2
[2024-06-12 15:47:28,021][func.train][INFO] - Loading data
[2024-06-12 15:47:28,021][func.train][INFO] - Loading datasets
[2024-06-12 15:47:28,241][func.train][INFO] - [SELECT DATASET] ALL loaded dataframe in 0m 0s
[2024-06-12 15:47:28,241][func.train][INFO] - [SELECT DATASET] ALL loaded dataframe: (83243, 4)
[2024-06-12 15:47:28,245][func.train][INFO] - [SELECT DATASET] labels are already starting from 0
[2024-06-12 15:47:28,252][func.train][INFO] - [SELECT DATASET] ALL unique classes: [0 1 2 3 4 5 6]
[2024-06-12 15:47:28,256][func.train][INFO] - [SELECT DATASET] aLL dataframe (head):                                           image_path  video_idx frame_idx class
0  /nfs/home/yangliu/dataset/AutoLaparo_Task1/Aut...          1         1     1
1  /nfs/home/yangliu/dataset/AutoLaparo_Task1/Aut...          1         2     1
2  /nfs/home/yangliu/dataset/AutoLaparo_Task1/Aut...          1         3     1
3  /nfs/home/yangliu/dataset/AutoLaparo_Task1/Aut...          1         4     1
4  /nfs/home/yangliu/dataset/AutoLaparo_Task1/Aut...          1         5     1
[2024-06-12 15:47:28,260][func.train][INFO] - [SELECT DATASET] ALL dataframe (tail):                                               image_path  ...  class
83238  /nfs/home/yangliu/dataset/AutoLaparo_Task1/Aut...  ...      6
83239  /nfs/home/yangliu/dataset/AutoLaparo_Task1/Aut...  ...      6
83240  /nfs/home/yangliu/dataset/AutoLaparo_Task1/Aut...  ...      6
83241  /nfs/home/yangliu/dataset/AutoLaparo_Task1/Aut...  ...      6
83242  /nfs/home/yangliu/dataset/AutoLaparo_Task1/Aut...  ...      6

[5 rows x 4 columns]
[2024-06-12 15:47:28,261][func.train][INFO] - [DATASET] params: {'debug': False, 'dataset_name': 'autolaparo21', 'reduc_feats_folder': 'train_targets_x_mp/', 'num_classes': 7, 'num_next_labels': 6, 'last_seg_class': 7, 'predict_next_phase': True, 'get_target_feats': False, 'replace_current_with_next_class': False}
[2024-06-12 15:47:28,292][func.train][INFO] - [DATASET] df unique videos: [ 1  2  3  4  5  6  7  8  9 10 11 12 13 14 15 16 17 18 19 20 21]
[2024-06-12 15:47:28,292][func.train][INFO] - [DATASET] split: train video_indices: [1, 2, 3, 4, 5, 6, 7, 8, 9, 10, 11, 12, 13, 14]
[2024-06-12 15:47:28,304][func.train][INFO] - [DATASET] train size: 55183
[2024-06-12 15:47:28,305][func.train][INFO] - [DATASET] train video_indices: [1, 2, 3, 4, 5, 6, 7, 8, 9, 10, 11, 12, 13, 14]
[2024-06-12 15:47:28,306][func.train][INFO] - [DATASET] Sampling video_idx: 1 at 1 fps to 6388 frames
[2024-06-12 15:47:28,312][func.train][INFO] - [DATASET] video 1 label_list: torch.Size([6388])
[2024-06-12 15:47:28,616][func.train][INFO] - [DATASET] Sampling video_idx: 2 at 1 fps to 3620 frames
[2024-06-12 15:47:28,617][func.train][INFO] - [DATASET] video 2 label_list: torch.Size([3620])
[2024-06-12 15:47:28,679][func.train][INFO] - [DATASET] Sampling video_idx: 3 at 1 fps to 3000 frames
[2024-06-12 15:47:28,680][func.train][INFO] - [DATASET] video 3 label_list: torch.Size([3000])
[2024-06-12 15:47:28,723][func.train][INFO] - [DATASET] Sampling video_idx: 4 at 1 fps to 2938 frames
[2024-06-12 15:47:28,724][func.train][INFO] - [DATASET] video 4 label_list: torch.Size([2938])
[2024-06-12 15:47:28,776][func.train][INFO] - [DATASET] Sampling video_idx: 5 at 1 fps to 3220 frames
[2024-06-12 15:47:28,777][func.train][INFO] - [DATASET] video 5 label_list: torch.Size([3220])
[2024-06-12 15:47:28,837][func.train][INFO] - [DATASET] Sampling video_idx: 6 at 1 fps to 3908 frames
[2024-06-12 15:47:28,837][func.train][INFO] - [DATASET] video 6 label_list: torch.Size([3908])
[2024-06-12 15:47:28,914][func.train][INFO] - [DATASET] Sampling video_idx: 7 at 1 fps to 1645 frames
[2024-06-12 15:47:28,914][func.train][INFO] - [DATASET] video 7 label_list: torch.Size([1645])
[2024-06-12 15:47:28,946][func.train][INFO] - [DATASET] Sampling video_idx: 8 at 1 fps to 4692 frames
[2024-06-12 15:47:28,947][func.train][INFO] - [DATASET] video 8 label_list: torch.Size([4692])
[2024-06-12 15:47:29,071][func.train][INFO] - [DATASET] Sampling video_idx: 9 at 1 fps to 5736 frames
[2024-06-12 15:47:29,072][func.train][INFO] - [DATASET] video 9 label_list: torch.Size([5736])
[2024-06-12 15:47:29,245][func.train][INFO] - [DATASET] Sampling video_idx: 10 at 1 fps to 5064 frames
[2024-06-12 15:47:29,246][func.train][INFO] - [DATASET] video 10 label_list: torch.Size([5064])
[2024-06-12 15:47:29,443][func.train][INFO] - [DATASET] Sampling video_idx: 11 at 1 fps to 4720 frames
[2024-06-12 15:47:29,444][func.train][INFO] - [DATASET] video 11 label_list: torch.Size([4720])
[2024-06-12 15:47:29,667][func.train][INFO] - [DATASET] Sampling video_idx: 12 at 1 fps to 2916 frames
[2024-06-12 15:47:29,668][func.train][INFO] - [DATASET] video 12 label_list: torch.Size([2916])
[2024-06-12 15:47:29,925][func.train][INFO] - [DATASET] Sampling video_idx: 13 at 1 fps to 2597 frames
[2024-06-12 15:47:29,926][func.train][INFO] - [DATASET] video 13 label_list: torch.Size([2597])
[2024-06-12 15:47:30,001][func.train][INFO] - [DATASET] Sampling video_idx: 14 at 1 fps to 4739 frames
[2024-06-12 15:47:30,002][func.train][INFO] - [DATASET] video 14 label_list: torch.Size([4739])
[2024-06-12 15:47:30,158][func.train][INFO] - [DATASET] number of train videos: 14
[2024-06-12 15:47:30,158][func.train][INFO] - [DATASET] avg video length: 65.69 minutes
[2024-06-12 15:47:30,342][func.train][INFO] - [DATASET] num classes at 1fps in train: (55183,)
[2024-06-12 15:47:30,343][func.train][INFO] - [DATASET] classes_counts_dict: {0: 1408, 1: 19287, 2: 12545, 3: 7511, 4: 1333, 5: 8184, 6: 4915}
[2024-06-12 15:47:30,344][func.train][INFO] - [DATASET] curr_class_weights: tensor([5.5989, 0.4087, 0.6284, 1.0496, 5.9139, 0.9633, 1.6039])
[2024-06-12 15:47:30,345][func.train][INFO] - [DATASET] num_eos_vals: 7883.285714285715
[2024-06-12 15:47:30,345][func.train][INFO] - [DATASET] classes_counts_dict: {0: 1408, 1: 19287, 2: 12545, 3: 7511, 4: 1333, 5: 8184, 6: 4915, 7: 7883}
[2024-06-12 15:47:30,345][func.train][INFO] - [DATASET] next_class_weights: tensor([5.5989, 0.4087, 0.6284, 1.0496, 5.9139, 0.9633, 1.6039, 1.0000])
[2024-06-12 15:47:30,389][func.train][INFO] - [DATASET] df unique videos: [ 1  2  3  4  5  6  7  8  9 10 11 12 13 14 15 16 17 18 19 20 21]
[2024-06-12 15:47:30,390][func.train][INFO] - [DATASET] split: test video_indices: [15]
[2024-06-12 15:47:30,392][func.train][INFO] - [DATASET] test size: 3653
[2024-06-12 15:47:30,392][func.train][INFO] - [DATASET] test video_indices: [15]
[2024-06-12 15:47:30,393][func.train][INFO] - [DATASET] Sampling video_idx: 15 at 1 fps to 3653 frames
[2024-06-12 15:47:30,394][func.train][INFO] - [DATASET] video 15 label_list: torch.Size([3653])
[2024-06-12 15:47:30,641][func.train][INFO] - [DATASET] number of test videos: 1
[2024-06-12 15:47:30,641][func.train][INFO] - [DATASET] avg video length: 60.88 minutes
[2024-06-12 15:47:30,818][func.train][INFO] - [DATASET] df unique videos: [ 1  2  3  4  5  6  7  8  9 10 11 12 13 14 15 16 17 18 19 20 21]
[2024-06-12 15:47:30,819][func.train][INFO] - [DATASET] split: test video_indices: [16]
[2024-06-12 15:47:30,821][func.train][INFO] - [DATASET] test size: 3612
[2024-06-12 15:47:30,821][func.train][INFO] - [DATASET] test video_indices: [16]
[2024-06-12 15:47:30,822][func.train][INFO] - [DATASET] Sampling video_idx: 16 at 1 fps to 3612 frames
[2024-06-12 15:47:30,823][func.train][INFO] - [DATASET] video 16 label_list: torch.Size([3612])
[2024-06-12 15:47:31,088][func.train][INFO] - [DATASET] number of test videos: 1
[2024-06-12 15:47:31,089][func.train][INFO] - [DATASET] avg video length: 60.20 minutes
[2024-06-12 15:47:31,149][func.train][INFO] - [DATASET] df unique videos: [ 1  2  3  4  5  6  7  8  9 10 11 12 13 14 15 16 17 18 19 20 21]
[2024-06-12 15:47:31,149][func.train][INFO] - [DATASET] split: test video_indices: [17]
[2024-06-12 15:47:31,153][func.train][INFO] - [DATASET] test size: 4678
[2024-06-12 15:47:31,153][func.train][INFO] - [DATASET] test video_indices: [17]
[2024-06-12 15:47:31,155][func.train][INFO] - [DATASET] Sampling video_idx: 17 at 1 fps to 4678 frames
[2024-06-12 15:47:31,156][func.train][INFO] - [DATASET] video 17 label_list: torch.Size([4678])
[2024-06-12 15:47:31,394][func.train][INFO] - [DATASET] number of test videos: 1
[2024-06-12 15:47:31,395][func.train][INFO] - [DATASET] avg video length: 77.97 minutes
[2024-06-12 15:47:31,442][func.train][INFO] - [DATASET] df unique videos: [ 1  2  3  4  5  6  7  8  9 10 11 12 13 14 15 16 17 18 19 20 21]
[2024-06-12 15:47:31,442][func.train][INFO] - [DATASET] split: test video_indices: [18]
[2024-06-12 15:47:31,445][func.train][INFO] - [DATASET] test size: 3546
[2024-06-12 15:47:31,445][func.train][INFO] - [DATASET] test video_indices: [18]
[2024-06-12 15:47:31,447][func.train][INFO] - [DATASET] Sampling video_idx: 18 at 1 fps to 3546 frames
[2024-06-12 15:47:31,447][func.train][INFO] - [DATASET] video 18 label_list: torch.Size([3546])
[2024-06-12 15:47:31,563][func.train][INFO] - [DATASET] number of test videos: 1
[2024-06-12 15:47:31,563][func.train][INFO] - [DATASET] avg video length: 59.10 minutes
[2024-06-12 15:47:31,607][func.train][INFO] - [DATASET] df unique videos: [ 1  2  3  4  5  6  7  8  9 10 11 12 13 14 15 16 17 18 19 20 21]
[2024-06-12 15:47:31,607][func.train][INFO] - [DATASET] split: test video_indices: [19]
[2024-06-12 15:47:31,609][func.train][INFO] - [DATASET] test size: 3413
[2024-06-12 15:47:31,609][func.train][INFO] - [DATASET] test video_indices: [19]
[2024-06-12 15:47:31,610][func.train][INFO] - [DATASET] Sampling video_idx: 19 at 1 fps to 3413 frames
[2024-06-12 15:47:31,611][func.train][INFO] - [DATASET] video 19 label_list: torch.Size([3413])
[2024-06-12 15:47:31,792][func.train][INFO] - [DATASET] number of test videos: 1
[2024-06-12 15:47:31,792][func.train][INFO] - [DATASET] avg video length: 56.88 minutes
[2024-06-12 15:47:31,839][func.train][INFO] - [DATASET] df unique videos: [ 1  2  3  4  5  6  7  8  9 10 11 12 13 14 15 16 17 18 19 20 21]
[2024-06-12 15:47:31,839][func.train][INFO] - [DATASET] split: test video_indices: [20]
[2024-06-12 15:47:31,841][func.train][INFO] - [DATASET] test size: 4832
[2024-06-12 15:47:31,842][func.train][INFO] - [DATASET] test video_indices: [20]
[2024-06-12 15:47:31,846][func.train][INFO] - [DATASET] Sampling video_idx: 20 at 1 fps to 4832 frames
[2024-06-12 15:47:31,846][func.train][INFO] - [DATASET] video 20 label_list: torch.Size([4832])
[2024-06-12 15:47:32,060][func.train][INFO] - [DATASET] number of test videos: 1
[2024-06-12 15:47:32,060][func.train][INFO] - [DATASET] avg video length: 80.53 minutes
[2024-06-12 15:47:32,111][func.train][INFO] - [DATASET] df unique videos: [ 1  2  3  4  5  6  7  8  9 10 11 12 13 14 15 16 17 18 19 20 21]
[2024-06-12 15:47:32,111][func.train][INFO] - [DATASET] split: test video_indices: [21]
[2024-06-12 15:47:32,113][func.train][INFO] - [DATASET] test size: 4326
[2024-06-12 15:47:32,113][func.train][INFO] - [DATASET] test video_indices: [21]
[2024-06-12 15:47:32,114][func.train][INFO] - [DATASET] Sampling video_idx: 21 at 1 fps to 4326 frames
[2024-06-12 15:47:32,115][func.train][INFO] - [DATASET] video 21 label_list: torch.Size([4326])
[2024-06-12 15:47:32,313][func.train][INFO] - [DATASET] number of test videos: 1
[2024-06-12 15:47:32,313][func.train][INFO] - [DATASET] avg video length: 72.10 minutes
[2024-06-12 15:47:32,326][func.train][INFO] - Time to load datasets: 0.07 min
[2024-06-12 15:47:32,326][func.train][INFO] - Creating data loaders
[2024-06-12 15:47:32,327][func.train][INFO] - Creating model with {'one': 7} classes
[2024-06-12 15:47:33,175][func.train][INFO] - [MAIN] Number of tokens: 55183
[2024-06-12 15:47:33,176][func.train][INFO] - [MAIN] Number of parameters: 31686870
[2024-06-12 15:47:33,176][func.train][INFO] - [MAIN] Token-to-Parameter Ratio is ideally between [1:1 to 10:1]: 0.001742
[2024-06-12 15:47:33,177][func.train][WARNING] - [MAIN] Data-to-Parameter-Ratio is outside the interval [1:1 to 10:1]
[2024-06-12 15:47:33,178][func.train][INFO] - Using LR 0.000300 WD 0.000010 for parameters
[2024-06-12 15:47:33,178][func.train][INFO] - Using LR 0.000300 WD 0.000010 for parameters
[2024-06-12 15:47:33,994][func.train][WARNING] - Loaded model from checkpoint_best.pth (ep 0.000000)
[2024-06-12 15:47:33,994][func.train][INFO] - Wrapping model into DP
[2024-06-12 15:47:34,080][func.train][INFO] - Starting test_only
[2024-06-12 15:47:34,084][func.train][INFO] - [EVAL] Epoch: 1 | Anticipation time (s): 60 | Max anticipation time (m): 18 | Step size (m): 1 | Max auto-reg. steps: 18
[2024-06-12 15:47:34,084][func.train][INFO] - [EVAL] X-axis values: [1, 2, 3, 4, 5, 6, 7, 8, 9, 10, 11, 12, 13, 14, 15, 16, 17, 18]
[2024-06-12 15:47:34,674][func.train][INFO] - [TESTING] video: 15 | frame: 63 / 3653
[2024-06-12 15:47:34,798][func.train][INFO] - [TESTING] video: 15 | frame: 127 / 3653
[2024-06-12 15:47:34,908][func.train][INFO] - [TESTING] video: 15 | frame: 191 / 3653
[2024-06-12 15:47:35,016][func.train][INFO] - [TESTING] video: 15 | frame: 255 / 3653
[2024-06-12 15:47:35,124][func.train][INFO] - [TESTING] video: 15 | frame: 319 / 3653
[2024-06-12 15:47:35,237][func.train][INFO] - [TESTING] video: 15 | frame: 383 / 3653
[2024-06-12 15:47:35,345][func.train][INFO] - [TESTING] video: 15 | frame: 447 / 3653
[2024-06-12 15:47:35,455][func.train][INFO] - [TESTING] video: 15 | frame: 511 / 3653
[2024-06-12 15:47:35,563][func.train][INFO] - [TESTING] video: 15 | frame: 575 / 3653
[2024-06-12 15:47:35,677][func.train][INFO] - [TESTING] video: 15 | frame: 639 / 3653
[2024-06-12 15:47:35,785][func.train][INFO] - [TESTING] video: 15 | frame: 703 / 3653
[2024-06-12 15:47:35,894][func.train][INFO] - [TESTING] video: 15 | frame: 767 / 3653
[2024-06-12 15:47:36,005][func.train][INFO] - [TESTING] video: 15 | frame: 831 / 3653
[2024-06-12 15:47:36,112][func.train][INFO] - [TESTING] video: 15 | frame: 895 / 3653
[2024-06-12 15:47:36,222][func.train][INFO] - [TESTING] video: 15 | frame: 959 / 3653
[2024-06-12 15:47:36,334][func.train][INFO] - [TESTING] video: 15 | frame: 1023 / 3653
[2024-06-12 15:47:36,444][func.train][INFO] - [TESTING] video: 15 | frame: 1087 / 3653
[2024-06-12 15:47:36,553][func.train][INFO] - [TESTING] video: 15 | frame: 1151 / 3653
[2024-06-12 15:47:36,664][func.train][INFO] - [TESTING] video: 15 | frame: 1215 / 3653
[2024-06-12 15:47:36,781][func.train][INFO] - [TESTING] video: 15 | frame: 1279 / 3653
[2024-06-12 15:47:36,897][func.train][INFO] - [TESTING] video: 15 | frame: 1343 / 3653
[2024-06-12 15:47:37,005][func.train][INFO] - [TESTING] video: 15 | frame: 1407 / 3653
[2024-06-12 15:47:37,114][func.train][INFO] - [TESTING] video: 15 | frame: 1471 / 3653
[2024-06-12 15:47:37,219][func.train][INFO] - [TESTING] video: 15 | frame: 1535 / 3653
[2024-06-12 15:47:37,328][func.train][INFO] - [TESTING] video: 15 | frame: 1599 / 3653
[2024-06-12 15:47:37,434][func.train][INFO] - [TESTING] video: 15 | frame: 1663 / 3653
[2024-06-12 15:47:37,539][func.train][INFO] - [TESTING] video: 15 | frame: 1727 / 3653
[2024-06-12 15:47:37,648][func.train][INFO] - [TESTING] video: 15 | frame: 1791 / 3653
[2024-06-12 15:47:37,752][func.train][INFO] - [TESTING] video: 15 | frame: 1855 / 3653
[2024-06-12 15:47:37,855][func.train][INFO] - [TESTING] video: 15 | frame: 1919 / 3653
[2024-06-12 15:47:37,959][func.train][INFO] - [TESTING] video: 15 | frame: 1983 / 3653
[2024-06-12 15:47:38,065][func.train][INFO] - [TESTING] video: 15 | frame: 2047 / 3653
[2024-06-12 15:47:38,169][func.train][INFO] - [TESTING] video: 15 | frame: 2111 / 3653
[2024-06-12 15:47:38,273][func.train][INFO] - [TESTING] video: 15 | frame: 2175 / 3653
[2024-06-12 15:47:38,376][func.train][INFO] - [TESTING] video: 15 | frame: 2239 / 3653
[2024-06-12 15:47:38,488][func.train][INFO] - [TESTING] video: 15 | frame: 2303 / 3653
[2024-06-12 15:47:38,596][func.train][INFO] - [TESTING] video: 15 | frame: 2367 / 3653
[2024-06-12 15:47:38,701][func.train][INFO] - [TESTING] video: 15 | frame: 2431 / 3653
[2024-06-12 15:47:38,806][func.train][INFO] - [TESTING] video: 15 | frame: 2495 / 3653
[2024-06-12 15:47:38,910][func.train][INFO] - [TESTING] video: 15 | frame: 2559 / 3653
[2024-06-12 15:47:39,022][func.train][INFO] - [TESTING] video: 15 | frame: 2623 / 3653
[2024-06-12 15:47:39,131][func.train][INFO] - [TESTING] video: 15 | frame: 2687 / 3653
[2024-06-12 15:47:39,239][func.train][INFO] - [TESTING] video: 15 | frame: 2751 / 3653
[2024-06-12 15:47:39,347][func.train][INFO] - [TESTING] video: 15 | frame: 2815 / 3653
[2024-06-12 15:47:39,460][func.train][INFO] - [TESTING] video: 15 | frame: 2879 / 3653
[2024-06-12 15:47:39,568][func.train][INFO] - [TESTING] video: 15 | frame: 2943 / 3653
[2024-06-12 15:47:39,676][func.train][INFO] - [TESTING] video: 15 | frame: 3007 / 3653
[2024-06-12 15:47:39,785][func.train][INFO] - [TESTING] video: 15 | frame: 3071 / 3653
[2024-06-12 15:47:39,891][func.train][INFO] - [TESTING] video: 15 | frame: 3135 / 3653
[2024-06-12 15:47:40,000][func.train][INFO] - [TESTING] video: 15 | frame: 3199 / 3653
[2024-06-12 15:47:40,105][func.train][INFO] - [TESTING] video: 15 | frame: 3263 / 3653
[2024-06-12 15:47:40,211][func.train][INFO] - [TESTING] video: 15 | frame: 3327 / 3653
[2024-06-12 15:47:40,317][func.train][INFO] - [TESTING] video: 15 | frame: 3391 / 3653
[2024-06-12 15:47:40,424][func.train][INFO] - [TESTING] video: 15 | frame: 3455 / 3653
[2024-06-12 15:47:40,529][func.train][INFO] - [TESTING] video: 15 | frame: 3519 / 3653
[2024-06-12 15:47:40,631][func.train][INFO] - [TESTING] video: 15 | frame: 3583 / 3653
[2024-06-12 15:47:40,730][func.train][INFO] - [TESTING] video: 15 | frame: 3647 / 3653
[2024-06-12 15:47:41,147][func.train][INFO] - [TESTING] video: 15 | frame: 3652 / 3653
[2024-06-12 15:47:41,148][func.train][INFO] - [TESTING] video: 15 | video test time: 0.12 min | total test time: 0.12 min
[2024-06-12 15:47:41,195][func.train][INFO] - [TESTING] video: 15 | video_mean_curr_acc: 0.7498 | mean_acc_future_frames: 0.4905 | video_mean_cum_acc_future: 0.561
[2024-06-12 15:47:41,455][func.train][INFO] - [TESTING] video: 16 | frame: 63 / 3612
[2024-06-12 15:47:41,563][func.train][INFO] - [TESTING] video: 16 | frame: 127 / 3612
[2024-06-12 15:47:41,670][func.train][INFO] - [TESTING] video: 16 | frame: 191 / 3612
[2024-06-12 15:47:41,778][func.train][INFO] - [TESTING] video: 16 | frame: 255 / 3612
[2024-06-12 15:47:41,889][func.train][INFO] - [TESTING] video: 16 | frame: 319 / 3612
[2024-06-12 15:47:41,998][func.train][INFO] - [TESTING] video: 16 | frame: 383 / 3612
[2024-06-12 15:47:42,110][func.train][INFO] - [TESTING] video: 16 | frame: 447 / 3612
[2024-06-12 15:47:42,219][func.train][INFO] - [TESTING] video: 16 | frame: 511 / 3612
[2024-06-12 15:47:42,331][func.train][INFO] - [TESTING] video: 16 | frame: 575 / 3612
[2024-06-12 15:47:42,441][func.train][INFO] - [TESTING] video: 16 | frame: 639 / 3612
[2024-06-12 15:47:42,554][func.train][INFO] - [TESTING] video: 16 | frame: 703 / 3612
[2024-06-12 15:47:42,665][func.train][INFO] - [TESTING] video: 16 | frame: 767 / 3612
[2024-06-12 15:47:42,775][func.train][INFO] - [TESTING] video: 16 | frame: 831 / 3612
[2024-06-12 15:47:42,886][func.train][INFO] - [TESTING] video: 16 | frame: 895 / 3612
[2024-06-12 15:47:42,995][func.train][INFO] - [TESTING] video: 16 | frame: 959 / 3612
[2024-06-12 15:47:43,108][func.train][INFO] - [TESTING] video: 16 | frame: 1023 / 3612
[2024-06-12 15:47:43,218][func.train][INFO] - [TESTING] video: 16 | frame: 1087 / 3612
[2024-06-12 15:47:43,329][func.train][INFO] - [TESTING] video: 16 | frame: 1151 / 3612
[2024-06-12 15:47:43,439][func.train][INFO] - [TESTING] video: 16 | frame: 1215 / 3612
[2024-06-12 15:47:43,548][func.train][INFO] - [TESTING] video: 16 | frame: 1279 / 3612
[2024-06-12 15:47:43,659][func.train][INFO] - [TESTING] video: 16 | frame: 1343 / 3612
[2024-06-12 15:47:43,772][func.train][INFO] - [TESTING] video: 16 | frame: 1407 / 3612
[2024-06-12 15:47:43,882][func.train][INFO] - [TESTING] video: 16 | frame: 1471 / 3612
[2024-06-12 15:47:43,987][func.train][INFO] - [TESTING] video: 16 | frame: 1535 / 3612
[2024-06-12 15:47:44,091][func.train][INFO] - [TESTING] video: 16 | frame: 1599 / 3612
[2024-06-12 15:47:44,195][func.train][INFO] - [TESTING] video: 16 | frame: 1663 / 3612
[2024-06-12 15:47:44,300][func.train][INFO] - [TESTING] video: 16 | frame: 1727 / 3612
[2024-06-12 15:47:44,413][func.train][INFO] - [TESTING] video: 16 | frame: 1791 / 3612
[2024-06-12 15:47:44,518][func.train][INFO] - [TESTING] video: 16 | frame: 1855 / 3612
[2024-06-12 15:47:44,623][func.train][INFO] - [TESTING] video: 16 | frame: 1919 / 3612
[2024-06-12 15:47:44,730][func.train][INFO] - [TESTING] video: 16 | frame: 1983 / 3612
[2024-06-12 15:47:44,836][func.train][INFO] - [TESTING] video: 16 | frame: 2047 / 3612
[2024-06-12 15:47:44,940][func.train][INFO] - [TESTING] video: 16 | frame: 2111 / 3612
[2024-06-12 15:47:45,044][func.train][INFO] - [TESTING] video: 16 | frame: 2175 / 3612
[2024-06-12 15:47:45,149][func.train][INFO] - [TESTING] video: 16 | frame: 2239 / 3612
[2024-06-12 15:47:45,253][func.train][INFO] - [TESTING] video: 16 | frame: 2303 / 3612
[2024-06-12 15:47:45,357][func.train][INFO] - [TESTING] video: 16 | frame: 2367 / 3612
[2024-06-12 15:47:45,461][func.train][INFO] - [TESTING] video: 16 | frame: 2431 / 3612
[2024-06-12 15:47:45,564][func.train][INFO] - [TESTING] video: 16 | frame: 2495 / 3612
[2024-06-12 15:47:45,669][func.train][INFO] - [TESTING] video: 16 | frame: 2559 / 3612
[2024-06-12 15:47:45,776][func.train][INFO] - [TESTING] video: 16 | frame: 2623 / 3612
[2024-06-12 15:47:45,889][func.train][INFO] - [TESTING] video: 16 | frame: 2687 / 3612
[2024-06-12 15:47:45,998][func.train][INFO] - [TESTING] video: 16 | frame: 2751 / 3612
[2024-06-12 15:47:46,107][func.train][INFO] - [TESTING] video: 16 | frame: 2815 / 3612
[2024-06-12 15:47:46,213][func.train][INFO] - [TESTING] video: 16 | frame: 2879 / 3612
[2024-06-12 15:47:46,318][func.train][INFO] - [TESTING] video: 16 | frame: 2943 / 3612
[2024-06-12 15:47:46,425][func.train][INFO] - [TESTING] video: 16 | frame: 3007 / 3612
[2024-06-12 15:47:46,533][func.train][INFO] - [TESTING] video: 16 | frame: 3071 / 3612
[2024-06-12 15:47:46,639][func.train][INFO] - [TESTING] video: 16 | frame: 3135 / 3612
[2024-06-12 15:47:46,751][func.train][INFO] - [TESTING] video: 16 | frame: 3199 / 3612
[2024-06-12 15:47:46,858][func.train][INFO] - [TESTING] video: 16 | frame: 3263 / 3612
[2024-06-12 15:47:46,965][func.train][INFO] - [TESTING] video: 16 | frame: 3327 / 3612
[2024-06-12 15:47:47,073][func.train][INFO] - [TESTING] video: 16 | frame: 3391 / 3612
[2024-06-12 15:47:47,179][func.train][INFO] - [TESTING] video: 16 | frame: 3455 / 3612
[2024-06-12 15:47:47,287][func.train][INFO] - [TESTING] video: 16 | frame: 3519 / 3612
[2024-06-12 15:47:47,392][func.train][INFO] - [TESTING] video: 16 | frame: 3583 / 3612
[2024-06-12 15:47:48,543][func.train][INFO] - [TESTING] video: 16 | frame: 3611 / 3612
[2024-06-12 15:47:48,543][func.train][INFO] - [TESTING] video: 16 | video test time: 0.12 min | total test time: 0.24 min
[2024-06-12 15:47:48,581][func.train][INFO] - [TESTING] video: 16 | video_mean_curr_acc: 0.8511 | mean_acc_future_frames: 0.567 | video_mean_cum_acc_future: 0.6451
[2024-06-12 15:47:49,450][func.train][INFO] - [TESTING] video: 17 | frame: 63 / 4678
[2024-06-12 15:47:49,559][func.train][INFO] - [TESTING] video: 17 | frame: 127 / 4678
[2024-06-12 15:47:49,667][func.train][INFO] - [TESTING] video: 17 | frame: 191 / 4678
[2024-06-12 15:47:49,775][func.train][INFO] - [TESTING] video: 17 | frame: 255 / 4678
[2024-06-12 15:47:49,882][func.train][INFO] - [TESTING] video: 17 | frame: 319 / 4678
[2024-06-12 15:47:49,990][func.train][INFO] - [TESTING] video: 17 | frame: 383 / 4678
[2024-06-12 15:47:50,105][func.train][INFO] - [TESTING] video: 17 | frame: 447 / 4678
[2024-06-12 15:47:50,213][func.train][INFO] - [TESTING] video: 17 | frame: 511 / 4678
[2024-06-12 15:47:50,323][func.train][INFO] - [TESTING] video: 17 | frame: 575 / 4678
[2024-06-12 15:47:50,433][func.train][INFO] - [TESTING] video: 17 | frame: 639 / 4678
[2024-06-12 15:47:50,541][func.train][INFO] - [TESTING] video: 17 | frame: 703 / 4678
[2024-06-12 15:47:50,650][func.train][INFO] - [TESTING] video: 17 | frame: 767 / 4678
[2024-06-12 15:47:50,764][func.train][INFO] - [TESTING] video: 17 | frame: 831 / 4678
[2024-06-12 15:47:50,873][func.train][INFO] - [TESTING] video: 17 | frame: 895 / 4678
[2024-06-12 15:47:50,983][func.train][INFO] - [TESTING] video: 17 | frame: 959 / 4678
[2024-06-12 15:47:51,097][func.train][INFO] - [TESTING] video: 17 | frame: 1023 / 4678
[2024-06-12 15:47:51,239][func.train][INFO] - [TESTING] video: 17 | frame: 1087 / 4678
[2024-06-12 15:47:51,358][func.train][INFO] - [TESTING] video: 17 | frame: 1151 / 4678
[2024-06-12 15:47:51,484][func.train][INFO] - [TESTING] video: 17 | frame: 1215 / 4678
[2024-06-12 15:47:51,622][func.train][INFO] - [TESTING] video: 17 | frame: 1279 / 4678
[2024-06-12 15:47:51,760][func.train][INFO] - [TESTING] video: 17 | frame: 1343 / 4678
[2024-06-12 15:47:51,887][func.train][INFO] - [TESTING] video: 17 | frame: 1407 / 4678
[2024-06-12 15:47:52,013][func.train][INFO] - [TESTING] video: 17 | frame: 1471 / 4678
[2024-06-12 15:47:52,125][func.train][INFO] - [TESTING] video: 17 | frame: 1535 / 4678
[2024-06-12 15:47:52,232][func.train][INFO] - [TESTING] video: 17 | frame: 1599 / 4678
[2024-06-12 15:47:52,340][func.train][INFO] - [TESTING] video: 17 | frame: 1663 / 4678
[2024-06-12 15:47:52,445][func.train][INFO] - [TESTING] video: 17 | frame: 1727 / 4678
[2024-06-12 15:47:52,551][func.train][INFO] - [TESTING] video: 17 | frame: 1791 / 4678
[2024-06-12 15:47:52,657][func.train][INFO] - [TESTING] video: 17 | frame: 1855 / 4678
[2024-06-12 15:47:52,765][func.train][INFO] - [TESTING] video: 17 | frame: 1919 / 4678
[2024-06-12 15:47:52,873][func.train][INFO] - [TESTING] video: 17 | frame: 1983 / 4678
[2024-06-12 15:47:52,986][func.train][INFO] - [TESTING] video: 17 | frame: 2047 / 4678
[2024-06-12 15:47:53,090][func.train][INFO] - [TESTING] video: 17 | frame: 2111 / 4678
[2024-06-12 15:47:53,194][func.train][INFO] - [TESTING] video: 17 | frame: 2175 / 4678
[2024-06-12 15:47:53,298][func.train][INFO] - [TESTING] video: 17 | frame: 2239 / 4678
[2024-06-12 15:47:53,401][func.train][INFO] - [TESTING] video: 17 | frame: 2303 / 4678
[2024-06-12 15:47:53,505][func.train][INFO] - [TESTING] video: 17 | frame: 2367 / 4678
[2024-06-12 15:47:53,609][func.train][INFO] - [TESTING] video: 17 | frame: 2431 / 4678
[2024-06-12 15:47:53,712][func.train][INFO] - [TESTING] video: 17 | frame: 2495 / 4678
[2024-06-12 15:47:53,815][func.train][INFO] - [TESTING] video: 17 | frame: 2559 / 4678
[2024-06-12 15:47:53,919][func.train][INFO] - [TESTING] video: 17 | frame: 2623 / 4678
[2024-06-12 15:47:54,024][func.train][INFO] - [TESTING] video: 17 | frame: 2687 / 4678
[2024-06-12 15:47:54,129][func.train][INFO] - [TESTING] video: 17 | frame: 2751 / 4678
[2024-06-12 15:47:54,234][func.train][INFO] - [TESTING] video: 17 | frame: 2815 / 4678
[2024-06-12 15:47:54,339][func.train][INFO] - [TESTING] video: 17 | frame: 2879 / 4678
[2024-06-12 15:47:54,445][func.train][INFO] - [TESTING] video: 17 | frame: 2943 / 4678
[2024-06-12 15:47:54,549][func.train][INFO] - [TESTING] video: 17 | frame: 3007 / 4678
[2024-06-12 15:47:54,657][func.train][INFO] - [TESTING] video: 17 | frame: 3071 / 4678
[2024-06-12 15:47:54,764][func.train][INFO] - [TESTING] video: 17 | frame: 3135 / 4678
[2024-06-12 15:47:54,872][func.train][INFO] - [TESTING] video: 17 | frame: 3199 / 4678
[2024-06-12 15:47:54,986][func.train][INFO] - [TESTING] video: 17 | frame: 3263 / 4678
[2024-06-12 15:47:55,092][func.train][INFO] - [TESTING] video: 17 | frame: 3327 / 4678
[2024-06-12 15:47:55,199][func.train][INFO] - [TESTING] video: 17 | frame: 3391 / 4678
[2024-06-12 15:47:55,306][func.train][INFO] - [TESTING] video: 17 | frame: 3455 / 4678
[2024-06-12 15:47:55,410][func.train][INFO] - [TESTING] video: 17 | frame: 3519 / 4678
[2024-06-12 15:47:55,514][func.train][INFO] - [TESTING] video: 17 | frame: 3583 / 4678
[2024-06-12 15:47:55,622][func.train][INFO] - [TESTING] video: 17 | frame: 3647 / 4678
[2024-06-12 15:47:55,730][func.train][INFO] - [TESTING] video: 17 | frame: 3711 / 4678
[2024-06-12 15:47:55,837][func.train][INFO] - [TESTING] video: 17 | frame: 3775 / 4678
[2024-06-12 15:47:55,945][func.train][INFO] - [TESTING] video: 17 | frame: 3839 / 4678
[2024-06-12 15:47:56,054][func.train][INFO] - [TESTING] video: 17 | frame: 3903 / 4678
[2024-06-12 15:47:56,162][func.train][INFO] - [TESTING] video: 17 | frame: 3967 / 4678
[2024-06-12 15:47:56,270][func.train][INFO] - [TESTING] video: 17 | frame: 4031 / 4678
[2024-06-12 15:47:56,377][func.train][INFO] - [TESTING] video: 17 | frame: 4095 / 4678
[2024-06-12 15:47:56,486][func.train][INFO] - [TESTING] video: 17 | frame: 4159 / 4678
[2024-06-12 15:47:56,592][func.train][INFO] - [TESTING] video: 17 | frame: 4223 / 4678
[2024-06-12 15:47:56,698][func.train][INFO] - [TESTING] video: 17 | frame: 4287 / 4678
[2024-06-12 15:47:56,805][func.train][INFO] - [TESTING] video: 17 | frame: 4351 / 4678
[2024-06-12 15:47:56,911][func.train][INFO] - [TESTING] video: 17 | frame: 4415 / 4678
[2024-06-12 15:47:57,015][func.train][INFO] - [TESTING] video: 17 | frame: 4479 / 4678
[2024-06-12 15:47:57,118][func.train][INFO] - [TESTING] video: 17 | frame: 4543 / 4678
[2024-06-12 15:47:57,222][func.train][INFO] - [TESTING] video: 17 | frame: 4607 / 4678
[2024-06-12 15:47:57,325][func.train][INFO] - [TESTING] video: 17 | frame: 4671 / 4678
[2024-06-12 15:47:57,438][func.train][INFO] - [TESTING] video: 17 | frame: 4677 / 4678
[2024-06-12 15:47:57,439][func.train][INFO] - [TESTING] video: 17 | video test time: 0.15 min | total test time: 0.39 min
[2024-06-12 15:47:57,484][func.train][INFO] - [TESTING] video: 17 | video_mean_curr_acc: 0.9348 | mean_acc_future_frames: 0.3712 | video_mean_cum_acc_future: 0.5077
[2024-06-12 15:47:57,610][func.train][INFO] - [TESTING] video: 18 | frame: 63 / 3546
[2024-06-12 15:47:57,720][func.train][INFO] - [TESTING] video: 18 | frame: 127 / 3546
[2024-06-12 15:47:57,829][func.train][INFO] - [TESTING] video: 18 | frame: 191 / 3546
[2024-06-12 15:47:57,938][func.train][INFO] - [TESTING] video: 18 | frame: 255 / 3546
[2024-06-12 15:47:58,046][func.train][INFO] - [TESTING] video: 18 | frame: 319 / 3546
[2024-06-12 15:47:58,154][func.train][INFO] - [TESTING] video: 18 | frame: 383 / 3546
[2024-06-12 15:47:58,262][func.train][INFO] - [TESTING] video: 18 | frame: 447 / 3546
[2024-06-12 15:47:58,372][func.train][INFO] - [TESTING] video: 18 | frame: 511 / 3546
[2024-06-12 15:47:58,484][func.train][INFO] - [TESTING] video: 18 | frame: 575 / 3546
[2024-06-12 15:47:58,596][func.train][INFO] - [TESTING] video: 18 | frame: 639 / 3546
[2024-06-12 15:47:58,706][func.train][INFO] - [TESTING] video: 18 | frame: 703 / 3546
[2024-06-12 15:47:58,817][func.train][INFO] - [TESTING] video: 18 | frame: 767 / 3546
[2024-06-12 15:47:58,925][func.train][INFO] - [TESTING] video: 18 | frame: 831 / 3546
[2024-06-12 15:47:59,035][func.train][INFO] - [TESTING] video: 18 | frame: 895 / 3546
[2024-06-12 15:47:59,146][func.train][INFO] - [TESTING] video: 18 | frame: 959 / 3546
[2024-06-12 15:47:59,257][func.train][INFO] - [TESTING] video: 18 | frame: 1023 / 3546
[2024-06-12 15:47:59,366][func.train][INFO] - [TESTING] video: 18 | frame: 1087 / 3546
[2024-06-12 15:47:59,475][func.train][INFO] - [TESTING] video: 18 | frame: 1151 / 3546
[2024-06-12 15:47:59,586][func.train][INFO] - [TESTING] video: 18 | frame: 1215 / 3546
[2024-06-12 15:47:59,696][func.train][INFO] - [TESTING] video: 18 | frame: 1279 / 3546
[2024-06-12 15:47:59,809][func.train][INFO] - [TESTING] video: 18 | frame: 1343 / 3546
[2024-06-12 15:47:59,918][func.train][INFO] - [TESTING] video: 18 | frame: 1407 / 3546
[2024-06-12 15:48:00,026][func.train][INFO] - [TESTING] video: 18 | frame: 1471 / 3546
[2024-06-12 15:48:00,132][func.train][INFO] - [TESTING] video: 18 | frame: 1535 / 3546
[2024-06-12 15:48:00,239][func.train][INFO] - [TESTING] video: 18 | frame: 1599 / 3546
[2024-06-12 15:48:00,345][func.train][INFO] - [TESTING] video: 18 | frame: 1663 / 3546
[2024-06-12 15:48:00,452][func.train][INFO] - [TESTING] video: 18 | frame: 1727 / 3546
[2024-06-12 15:48:00,558][func.train][INFO] - [TESTING] video: 18 | frame: 1791 / 3546
[2024-06-12 15:48:00,663][func.train][INFO] - [TESTING] video: 18 | frame: 1855 / 3546
[2024-06-12 15:48:00,776][func.train][INFO] - [TESTING] video: 18 | frame: 1919 / 3546
[2024-06-12 15:48:00,884][func.train][INFO] - [TESTING] video: 18 | frame: 1983 / 3546
[2024-06-12 15:48:00,989][func.train][INFO] - [TESTING] video: 18 | frame: 2047 / 3546
[2024-06-12 15:48:01,099][func.train][INFO] - [TESTING] video: 18 | frame: 2111 / 3546
[2024-06-12 15:48:01,206][func.train][INFO] - [TESTING] video: 18 | frame: 2175 / 3546
[2024-06-12 15:48:01,309][func.train][INFO] - [TESTING] video: 18 | frame: 2239 / 3546
[2024-06-12 15:48:01,413][func.train][INFO] - [TESTING] video: 18 | frame: 2303 / 3546
[2024-06-12 15:48:01,516][func.train][INFO] - [TESTING] video: 18 | frame: 2367 / 3546
[2024-06-12 15:48:01,620][func.train][INFO] - [TESTING] video: 18 | frame: 2431 / 3546
[2024-06-12 15:48:01,725][func.train][INFO] - [TESTING] video: 18 | frame: 2495 / 3546
[2024-06-12 15:48:01,833][func.train][INFO] - [TESTING] video: 18 | frame: 2559 / 3546
[2024-06-12 15:48:01,941][func.train][INFO] - [TESTING] video: 18 | frame: 2623 / 3546
[2024-06-12 15:48:02,049][func.train][INFO] - [TESTING] video: 18 | frame: 2687 / 3546
[2024-06-12 15:48:02,156][func.train][INFO] - [TESTING] video: 18 | frame: 2751 / 3546
[2024-06-12 15:48:03,223][func.train][INFO] - [TESTING] video: 18 | frame: 2815 / 3546
[2024-06-12 15:48:03,338][func.train][INFO] - [TESTING] video: 18 | frame: 2879 / 3546
[2024-06-12 15:48:03,452][func.train][INFO] - [TESTING] video: 18 | frame: 2943 / 3546
[2024-06-12 15:48:03,560][func.train][INFO] - [TESTING] video: 18 | frame: 3007 / 3546
[2024-06-12 15:48:03,669][func.train][INFO] - [TESTING] video: 18 | frame: 3071 / 3546
[2024-06-12 15:48:03,776][func.train][INFO] - [TESTING] video: 18 | frame: 3135 / 3546
[2024-06-12 15:48:03,885][func.train][INFO] - [TESTING] video: 18 | frame: 3199 / 3546
[2024-06-12 15:48:03,994][func.train][INFO] - [TESTING] video: 18 | frame: 3263 / 3546
[2024-06-12 15:48:04,102][func.train][INFO] - [TESTING] video: 18 | frame: 3327 / 3546
[2024-06-12 15:48:04,210][func.train][INFO] - [TESTING] video: 18 | frame: 3391 / 3546
[2024-06-12 15:48:04,315][func.train][INFO] - [TESTING] video: 18 | frame: 3455 / 3546
[2024-06-12 15:48:04,416][func.train][INFO] - [TESTING] video: 18 | frame: 3519 / 3546
[2024-06-12 15:48:05,085][func.train][INFO] - [TESTING] video: 18 | frame: 3545 / 3546
[2024-06-12 15:48:05,085][func.train][INFO] - [TESTING] video: 18 | video test time: 0.13 min | total test time: 0.52 min
[2024-06-12 15:48:05,120][func.train][INFO] - [TESTING] video: 18 | video_mean_curr_acc: 0.7496 | mean_acc_future_frames: 0.534 | video_mean_cum_acc_future: 0.5619
[2024-06-12 15:48:05,244][func.train][INFO] - [TESTING] video: 19 | frame: 63 / 3413
[2024-06-12 15:48:05,361][func.train][INFO] - [TESTING] video: 19 | frame: 127 / 3413
[2024-06-12 15:48:05,472][func.train][INFO] - [TESTING] video: 19 | frame: 191 / 3413
[2024-06-12 15:48:05,581][func.train][INFO] - [TESTING] video: 19 | frame: 255 / 3413
[2024-06-12 15:48:05,689][func.train][INFO] - [TESTING] video: 19 | frame: 319 / 3413
[2024-06-12 15:48:05,796][func.train][INFO] - [TESTING] video: 19 | frame: 383 / 3413
[2024-06-12 15:48:05,904][func.train][INFO] - [TESTING] video: 19 | frame: 447 / 3413
[2024-06-12 15:48:06,011][func.train][INFO] - [TESTING] video: 19 | frame: 511 / 3413
[2024-06-12 15:48:06,118][func.train][INFO] - [TESTING] video: 19 | frame: 575 / 3413
[2024-06-12 15:48:06,228][func.train][INFO] - [TESTING] video: 19 | frame: 639 / 3413
[2024-06-12 15:48:06,337][func.train][INFO] - [TESTING] video: 19 | frame: 703 / 3413
[2024-06-12 15:48:06,446][func.train][INFO] - [TESTING] video: 19 | frame: 767 / 3413
[2024-06-12 15:48:06,555][func.train][INFO] - [TESTING] video: 19 | frame: 831 / 3413
[2024-06-12 15:48:06,664][func.train][INFO] - [TESTING] video: 19 | frame: 895 / 3413
[2024-06-12 15:48:06,775][func.train][INFO] - [TESTING] video: 19 | frame: 959 / 3413
[2024-06-12 15:48:06,885][func.train][INFO] - [TESTING] video: 19 | frame: 1023 / 3413
[2024-06-12 15:48:06,998][func.train][INFO] - [TESTING] video: 19 | frame: 1087 / 3413
[2024-06-12 15:48:07,110][func.train][INFO] - [TESTING] video: 19 | frame: 1151 / 3413
[2024-06-12 15:48:07,218][func.train][INFO] - [TESTING] video: 19 | frame: 1215 / 3413
[2024-06-12 15:48:07,327][func.train][INFO] - [TESTING] video: 19 | frame: 1279 / 3413
[2024-06-12 15:48:07,435][func.train][INFO] - [TESTING] video: 19 | frame: 1343 / 3413
[2024-06-12 15:48:07,547][func.train][INFO] - [TESTING] video: 19 | frame: 1407 / 3413
[2024-06-12 15:48:07,655][func.train][INFO] - [TESTING] video: 19 | frame: 1471 / 3413
[2024-06-12 15:48:07,761][func.train][INFO] - [TESTING] video: 19 | frame: 1535 / 3413
[2024-06-12 15:48:07,870][func.train][INFO] - [TESTING] video: 19 | frame: 1599 / 3413
[2024-06-12 15:48:07,975][func.train][INFO] - [TESTING] video: 19 | frame: 1663 / 3413
[2024-06-12 15:48:08,080][func.train][INFO] - [TESTING] video: 19 | frame: 1727 / 3413
[2024-06-12 15:48:08,187][func.train][INFO] - [TESTING] video: 19 | frame: 1791 / 3413
[2024-06-12 15:48:08,295][func.train][INFO] - [TESTING] video: 19 | frame: 1855 / 3413
[2024-06-12 15:48:08,398][func.train][INFO] - [TESTING] video: 19 | frame: 1919 / 3413
[2024-06-12 15:48:08,505][func.train][INFO] - [TESTING] video: 19 | frame: 1983 / 3413
[2024-06-12 15:48:08,609][func.train][INFO] - [TESTING] video: 19 | frame: 2047 / 3413
[2024-06-12 15:48:08,713][func.train][INFO] - [TESTING] video: 19 | frame: 2111 / 3413
[2024-06-12 15:48:08,817][func.train][INFO] - [TESTING] video: 19 | frame: 2175 / 3413
[2024-06-12 15:48:08,922][func.train][INFO] - [TESTING] video: 19 | frame: 2239 / 3413
[2024-06-12 15:48:09,025][func.train][INFO] - [TESTING] video: 19 | frame: 2303 / 3413
[2024-06-12 15:48:09,132][func.train][INFO] - [TESTING] video: 19 | frame: 2367 / 3413
[2024-06-12 15:48:09,240][func.train][INFO] - [TESTING] video: 19 | frame: 2431 / 3413
[2024-06-12 15:48:09,349][func.train][INFO] - [TESTING] video: 19 | frame: 2495 / 3413
[2024-06-12 15:48:09,455][func.train][INFO] - [TESTING] video: 19 | frame: 2559 / 3413
[2024-06-12 15:48:09,561][func.train][INFO] - [TESTING] video: 19 | frame: 2623 / 3413
[2024-06-12 15:48:09,668][func.train][INFO] - [TESTING] video: 19 | frame: 2687 / 3413
[2024-06-12 15:48:09,775][func.train][INFO] - [TESTING] video: 19 | frame: 2751 / 3413
[2024-06-12 15:48:09,881][func.train][INFO] - [TESTING] video: 19 | frame: 2815 / 3413
[2024-06-12 15:48:09,994][func.train][INFO] - [TESTING] video: 19 | frame: 2879 / 3413
[2024-06-12 15:48:10,100][func.train][INFO] - [TESTING] video: 19 | frame: 2943 / 3413
[2024-06-12 15:48:10,206][func.train][INFO] - [TESTING] video: 19 | frame: 3007 / 3413
[2024-06-12 15:48:10,315][func.train][INFO] - [TESTING] video: 19 | frame: 3071 / 3413
[2024-06-12 15:48:10,421][func.train][INFO] - [TESTING] video: 19 | frame: 3135 / 3413
[2024-06-12 15:48:10,525][func.train][INFO] - [TESTING] video: 19 | frame: 3199 / 3413
[2024-06-12 15:48:10,631][func.train][INFO] - [TESTING] video: 19 | frame: 3263 / 3413
[2024-06-12 15:48:10,736][func.train][INFO] - [TESTING] video: 19 | frame: 3327 / 3413
[2024-06-12 15:48:10,836][func.train][INFO] - [TESTING] video: 19 | frame: 3391 / 3413
[2024-06-12 15:48:11,408][func.train][INFO] - [TESTING] video: 19 | frame: 3412 / 3413
[2024-06-12 15:48:11,408][func.train][INFO] - [TESTING] video: 19 | video test time: 0.10 min | total test time: 0.62 min
[2024-06-12 15:48:11,442][func.train][INFO] - [TESTING] video: 19 | video_mean_curr_acc: 0.6724 | mean_acc_future_frames: 0.447 | video_mean_cum_acc_future: 0.4875
[2024-06-12 15:48:11,570][func.train][INFO] - [TESTING] video: 20 | frame: 63 / 4832
[2024-06-12 15:48:11,682][func.train][INFO] - [TESTING] video: 20 | frame: 127 / 4832
[2024-06-12 15:48:11,792][func.train][INFO] - [TESTING] video: 20 | frame: 191 / 4832
[2024-06-12 15:48:11,902][func.train][INFO] - [TESTING] video: 20 | frame: 255 / 4832
[2024-06-12 15:48:12,015][func.train][INFO] - [TESTING] video: 20 | frame: 319 / 4832
[2024-06-12 15:48:12,124][func.train][INFO] - [TESTING] video: 20 | frame: 383 / 4832
[2024-06-12 15:48:12,232][func.train][INFO] - [TESTING] video: 20 | frame: 447 / 4832
[2024-06-12 15:48:12,342][func.train][INFO] - [TESTING] video: 20 | frame: 511 / 4832
[2024-06-12 15:48:12,450][func.train][INFO] - [TESTING] video: 20 | frame: 575 / 4832
[2024-06-12 15:48:12,558][func.train][INFO] - [TESTING] video: 20 | frame: 639 / 4832
[2024-06-12 15:48:12,666][func.train][INFO] - [TESTING] video: 20 | frame: 703 / 4832
[2024-06-12 15:48:12,775][func.train][INFO] - [TESTING] video: 20 | frame: 767 / 4832
[2024-06-12 15:48:12,883][func.train][INFO] - [TESTING] video: 20 | frame: 831 / 4832
[2024-06-12 15:48:12,992][func.train][INFO] - [TESTING] video: 20 | frame: 895 / 4832
[2024-06-12 15:48:13,099][func.train][INFO] - [TESTING] video: 20 | frame: 959 / 4832
[2024-06-12 15:48:13,207][func.train][INFO] - [TESTING] video: 20 | frame: 1023 / 4832
[2024-06-12 15:48:13,316][func.train][INFO] - [TESTING] video: 20 | frame: 1087 / 4832
[2024-06-12 15:48:13,427][func.train][INFO] - [TESTING] video: 20 | frame: 1151 / 4832
[2024-06-12 15:48:13,535][func.train][INFO] - [TESTING] video: 20 | frame: 1215 / 4832
[2024-06-12 15:48:13,644][func.train][INFO] - [TESTING] video: 20 | frame: 1279 / 4832
[2024-06-12 15:48:13,752][func.train][INFO] - [TESTING] video: 20 | frame: 1343 / 4832
[2024-06-12 15:48:13,867][func.train][INFO] - [TESTING] video: 20 | frame: 1407 / 4832
[2024-06-12 15:48:13,974][func.train][INFO] - [TESTING] video: 20 | frame: 1471 / 4832
[2024-06-12 15:48:14,080][func.train][INFO] - [TESTING] video: 20 | frame: 1535 / 4832
[2024-06-12 15:48:14,184][func.train][INFO] - [TESTING] video: 20 | frame: 1599 / 4832
[2024-06-12 15:48:14,288][func.train][INFO] - [TESTING] video: 20 | frame: 1663 / 4832
[2024-06-12 15:48:14,393][func.train][INFO] - [TESTING] video: 20 | frame: 1727 / 4832
[2024-06-12 15:48:14,498][func.train][INFO] - [TESTING] video: 20 | frame: 1791 / 4832
[2024-06-12 15:48:14,605][func.train][INFO] - [TESTING] video: 20 | frame: 1855 / 4832
[2024-06-12 15:48:14,711][func.train][INFO] - [TESTING] video: 20 | frame: 1919 / 4832
[2024-06-12 15:48:14,816][func.train][INFO] - [TESTING] video: 20 | frame: 1983 / 4832
[2024-06-12 15:48:14,922][func.train][INFO] - [TESTING] video: 20 | frame: 2047 / 4832
[2024-06-12 15:48:15,028][func.train][INFO] - [TESTING] video: 20 | frame: 2111 / 4832
[2024-06-12 15:48:15,131][func.train][INFO] - [TESTING] video: 20 | frame: 2175 / 4832
[2024-06-12 15:48:15,236][func.train][INFO] - [TESTING] video: 20 | frame: 2239 / 4832
[2024-06-12 15:48:15,342][func.train][INFO] - [TESTING] video: 20 | frame: 2303 / 4832
[2024-06-12 15:48:15,447][func.train][INFO] - [TESTING] video: 20 | frame: 2367 / 4832
[2024-06-12 15:48:15,554][func.train][INFO] - [TESTING] video: 20 | frame: 2431 / 4832
[2024-06-12 15:48:15,661][func.train][INFO] - [TESTING] video: 20 | frame: 2495 / 4832
[2024-06-12 15:48:15,771][func.train][INFO] - [TESTING] video: 20 | frame: 2559 / 4832
[2024-06-12 15:48:15,878][func.train][INFO] - [TESTING] video: 20 | frame: 2623 / 4832
[2024-06-12 15:48:15,982][func.train][INFO] - [TESTING] video: 20 | frame: 2687 / 4832
[2024-06-12 15:48:16,088][func.train][INFO] - [TESTING] video: 20 | frame: 2751 / 4832
[2024-06-12 15:48:16,193][func.train][INFO] - [TESTING] video: 20 | frame: 2815 / 4832
[2024-06-12 15:48:16,297][func.train][INFO] - [TESTING] video: 20 | frame: 2879 / 4832
[2024-06-12 15:48:16,401][func.train][INFO] - [TESTING] video: 20 | frame: 2943 / 4832
[2024-06-12 15:48:16,505][func.train][INFO] - [TESTING] video: 20 | frame: 3007 / 4832
[2024-06-12 15:48:16,608][func.train][INFO] - [TESTING] video: 20 | frame: 3071 / 4832
[2024-06-12 15:48:16,711][func.train][INFO] - [TESTING] video: 20 | frame: 3135 / 4832
[2024-06-12 15:48:16,815][func.train][INFO] - [TESTING] video: 20 | frame: 3199 / 4832
[2024-06-12 15:48:16,918][func.train][INFO] - [TESTING] video: 20 | frame: 3263 / 4832
[2024-06-12 15:48:17,022][func.train][INFO] - [TESTING] video: 20 | frame: 3327 / 4832
[2024-06-12 15:48:17,125][func.train][INFO] - [TESTING] video: 20 | frame: 3391 / 4832
[2024-06-12 15:48:17,229][func.train][INFO] - [TESTING] video: 20 | frame: 3455 / 4832
[2024-06-12 15:48:17,333][func.train][INFO] - [TESTING] video: 20 | frame: 3519 / 4832
[2024-06-12 15:48:17,438][func.train][INFO] - [TESTING] video: 20 | frame: 3583 / 4832
[2024-06-12 15:48:17,549][func.train][INFO] - [TESTING] video: 20 | frame: 3647 / 4832
[2024-06-12 15:48:17,655][func.train][INFO] - [TESTING] video: 20 | frame: 3711 / 4832
[2024-06-12 15:48:17,760][func.train][INFO] - [TESTING] video: 20 | frame: 3775 / 4832
[2024-06-12 15:48:17,869][func.train][INFO] - [TESTING] video: 20 | frame: 3839 / 4832
[2024-06-12 15:48:17,978][func.train][INFO] - [TESTING] video: 20 | frame: 3903 / 4832
[2024-06-12 15:48:18,087][func.train][INFO] - [TESTING] video: 20 | frame: 3967 / 4832
[2024-06-12 15:48:18,197][func.train][INFO] - [TESTING] video: 20 | frame: 4031 / 4832
[2024-06-12 15:48:18,306][func.train][INFO] - [TESTING] video: 20 | frame: 4095 / 4832
[2024-06-12 15:48:18,412][func.train][INFO] - [TESTING] video: 20 | frame: 4159 / 4832
[2024-06-12 15:48:18,518][func.train][INFO] - [TESTING] video: 20 | frame: 4223 / 4832
[2024-06-12 15:48:18,625][func.train][INFO] - [TESTING] video: 20 | frame: 4287 / 4832
[2024-06-12 15:48:18,731][func.train][INFO] - [TESTING] video: 20 | frame: 4351 / 4832
[2024-06-12 15:48:18,836][func.train][INFO] - [TESTING] video: 20 | frame: 4415 / 4832
[2024-06-12 15:48:18,943][func.train][INFO] - [TESTING] video: 20 | frame: 4479 / 4832
[2024-06-12 15:48:19,051][func.train][INFO] - [TESTING] video: 20 | frame: 4543 / 4832
[2024-06-12 15:48:19,155][func.train][INFO] - [TESTING] video: 20 | frame: 4607 / 4832
[2024-06-12 15:48:19,260][func.train][INFO] - [TESTING] video: 20 | frame: 4671 / 4832
[2024-06-12 15:48:19,365][func.train][INFO] - [TESTING] video: 20 | frame: 4735 / 4832
[2024-06-12 15:48:19,472][func.train][INFO] - [TESTING] video: 20 | frame: 4799 / 4832
[2024-06-12 15:48:20,829][func.train][INFO] - [TESTING] video: 20 | frame: 4831 / 4832
[2024-06-12 15:48:20,829][func.train][INFO] - [TESTING] video: 20 | video test time: 0.16 min | total test time: 0.78 min
[2024-06-12 15:48:20,877][func.train][INFO] - [TESTING] video: 20 | video_mean_curr_acc: 0.799 | mean_acc_future_frames: 0.6737 | video_mean_cum_acc_future: 0.7242
[2024-06-12 15:48:20,998][func.train][INFO] - [TESTING] video: 21 | frame: 63 / 4326
[2024-06-12 15:48:21,107][func.train][INFO] - [TESTING] video: 21 | frame: 127 / 4326
[2024-06-12 15:48:21,216][func.train][INFO] - [TESTING] video: 21 | frame: 191 / 4326
[2024-06-12 15:48:21,325][func.train][INFO] - [TESTING] video: 21 | frame: 255 / 4326
[2024-06-12 15:48:21,436][func.train][INFO] - [TESTING] video: 21 | frame: 319 / 4326
[2024-06-12 15:48:21,546][func.train][INFO] - [TESTING] video: 21 | frame: 383 / 4326
[2024-06-12 15:48:21,656][func.train][INFO] - [TESTING] video: 21 | frame: 447 / 4326
[2024-06-12 15:48:21,763][func.train][INFO] - [TESTING] video: 21 | frame: 511 / 4326
[2024-06-12 15:48:21,871][func.train][INFO] - [TESTING] video: 21 | frame: 575 / 4326
[2024-06-12 15:48:21,980][func.train][INFO] - [TESTING] video: 21 | frame: 639 / 4326
[2024-06-12 15:48:22,089][func.train][INFO] - [TESTING] video: 21 | frame: 703 / 4326
[2024-06-12 15:48:22,198][func.train][INFO] - [TESTING] video: 21 | frame: 767 / 4326
[2024-06-12 15:48:22,311][func.train][INFO] - [TESTING] video: 21 | frame: 831 / 4326
[2024-06-12 15:48:22,420][func.train][INFO] - [TESTING] video: 21 | frame: 895 / 4326
[2024-06-12 15:48:22,530][func.train][INFO] - [TESTING] video: 21 | frame: 959 / 4326
[2024-06-12 15:48:22,639][func.train][INFO] - [TESTING] video: 21 | frame: 1023 / 4326
[2024-06-12 15:48:22,748][func.train][INFO] - [TESTING] video: 21 | frame: 1087 / 4326
[2024-06-12 15:48:22,858][func.train][INFO] - [TESTING] video: 21 | frame: 1151 / 4326
[2024-06-12 15:48:22,967][func.train][INFO] - [TESTING] video: 21 | frame: 1215 / 4326
[2024-06-12 15:48:23,076][func.train][INFO] - [TESTING] video: 21 | frame: 1279 / 4326
[2024-06-12 15:48:23,187][func.train][INFO] - [TESTING] video: 21 | frame: 1343 / 4326
[2024-06-12 15:48:23,297][func.train][INFO] - [TESTING] video: 21 | frame: 1407 / 4326
[2024-06-12 15:48:23,404][func.train][INFO] - [TESTING] video: 21 | frame: 1471 / 4326
[2024-06-12 15:48:23,511][func.train][INFO] - [TESTING] video: 21 | frame: 1535 / 4326
[2024-06-12 15:48:23,618][func.train][INFO] - [TESTING] video: 21 | frame: 1599 / 4326
[2024-06-12 15:48:23,723][func.train][INFO] - [TESTING] video: 21 | frame: 1663 / 4326
[2024-06-12 15:48:23,830][func.train][INFO] - [TESTING] video: 21 | frame: 1727 / 4326
[2024-06-12 15:48:23,934][func.train][INFO] - [TESTING] video: 21 | frame: 1791 / 4326
[2024-06-12 15:48:24,039][func.train][INFO] - [TESTING] video: 21 | frame: 1855 / 4326
[2024-06-12 15:48:24,161][func.train][INFO] - [TESTING] video: 21 | frame: 1919 / 4326
[2024-06-12 15:48:24,269][func.train][INFO] - [TESTING] video: 21 | frame: 1983 / 4326
[2024-06-12 15:48:24,373][func.train][INFO] - [TESTING] video: 21 | frame: 2047 / 4326
[2024-06-12 15:48:24,479][func.train][INFO] - [TESTING] video: 21 | frame: 2111 / 4326
[2024-06-12 15:48:24,591][func.train][INFO] - [TESTING] video: 21 | frame: 2175 / 4326
[2024-06-12 15:48:24,697][func.train][INFO] - [TESTING] video: 21 | frame: 2239 / 4326
[2024-06-12 15:48:24,801][func.train][INFO] - [TESTING] video: 21 | frame: 2303 / 4326
[2024-06-12 15:48:24,905][func.train][INFO] - [TESTING] video: 21 | frame: 2367 / 4326
[2024-06-12 15:48:25,012][func.train][INFO] - [TESTING] video: 21 | frame: 2431 / 4326
[2024-06-12 15:48:25,120][func.train][INFO] - [TESTING] video: 21 | frame: 2495 / 4326
[2024-06-12 15:48:25,225][func.train][INFO] - [TESTING] video: 21 | frame: 2559 / 4326
[2024-06-12 15:48:25,328][func.train][INFO] - [TESTING] video: 21 | frame: 2623 / 4326
[2024-06-12 15:48:25,433][func.train][INFO] - [TESTING] video: 21 | frame: 2687 / 4326
[2024-06-12 15:48:25,538][func.train][INFO] - [TESTING] video: 21 | frame: 2751 / 4326
[2024-06-12 15:48:25,643][func.train][INFO] - [TESTING] video: 21 | frame: 2815 / 4326
[2024-06-12 15:48:25,747][func.train][INFO] - [TESTING] video: 21 | frame: 2879 / 4326
[2024-06-12 15:48:25,850][func.train][INFO] - [TESTING] video: 21 | frame: 2943 / 4326
[2024-06-12 15:48:25,956][func.train][INFO] - [TESTING] video: 21 | frame: 3007 / 4326
[2024-06-12 15:48:26,063][func.train][INFO] - [TESTING] video: 21 | frame: 3071 / 4326
[2024-06-12 15:48:26,170][func.train][INFO] - [TESTING] video: 21 | frame: 3135 / 4326
[2024-06-12 15:48:26,276][func.train][INFO] - [TESTING] video: 21 | frame: 3199 / 4326
[2024-06-12 15:48:26,382][func.train][INFO] - [TESTING] video: 21 | frame: 3263 / 4326
[2024-06-12 15:48:26,493][func.train][INFO] - [TESTING] video: 21 | frame: 3327 / 4326
[2024-06-12 15:48:26,600][func.train][INFO] - [TESTING] video: 21 | frame: 3391 / 4326
[2024-06-12 15:48:26,707][func.train][INFO] - [TESTING] video: 21 | frame: 3455 / 4326
[2024-06-12 15:48:26,814][func.train][INFO] - [TESTING] video: 21 | frame: 3519 / 4326
[2024-06-12 15:48:26,921][func.train][INFO] - [TESTING] video: 21 | frame: 3583 / 4326
[2024-06-12 15:48:27,030][func.train][INFO] - [TESTING] video: 21 | frame: 3647 / 4326
[2024-06-12 15:48:27,138][func.train][INFO] - [TESTING] video: 21 | frame: 3711 / 4326
[2024-06-12 15:48:27,246][func.train][INFO] - [TESTING] video: 21 | frame: 3775 / 4326
[2024-06-12 15:48:27,356][func.train][INFO] - [TESTING] video: 21 | frame: 3839 / 4326
[2024-06-12 15:48:27,464][func.train][INFO] - [TESTING] video: 21 | frame: 3903 / 4326
[2024-06-12 15:48:27,570][func.train][INFO] - [TESTING] video: 21 | frame: 3967 / 4326
[2024-06-12 15:48:27,678][func.train][INFO] - [TESTING] video: 21 | frame: 4031 / 4326
[2024-06-12 15:48:27,786][func.train][INFO] - [TESTING] video: 21 | frame: 4095 / 4326
[2024-06-12 15:48:27,892][func.train][INFO] - [TESTING] video: 21 | frame: 4159 / 4326
[2024-06-12 15:48:28,018][func.train][INFO] - [TESTING] video: 21 | frame: 4223 / 4326
[2024-06-12 15:48:28,133][func.train][INFO] - [TESTING] video: 21 | frame: 4287 / 4326
[2024-06-12 15:48:29,161][func.train][INFO] - [TESTING] video: 21 | frame: 4325 / 4326
[2024-06-12 15:48:29,161][func.train][INFO] - [TESTING] video: 21 | video test time: 0.14 min | total test time: 0.92 min
[2024-06-12 15:48:29,205][func.train][INFO] - [TESTING] video: 21 | video_mean_curr_acc: 0.4877 | mean_acc_future_frames: 0.4321 | video_mean_cum_acc_future: 0.4077
[2024-06-12 15:48:42,091][func.train][INFO] - [TESTING] Best epoch: 1 | Best cum_acc_future: 0.4
[2025-03-12 15:34:25,959][func.train][INFO] - Dist info:
[2025-03-12 15:34:25,960][func.train][INFO] - torch version: 2.4.1+cu121
[2025-03-12 15:34:25,962][func.train][INFO] - torchvision version: 0.19.1+cu121
[2025-03-12 15:34:25,962][func.train][INFO] - hydra version: 1.3.2
[2025-03-12 15:34:25,969][func.train][INFO] - [MAIN] eval horizons for regression: [5, 10, 15, 30, 60]
[2025-03-12 15:34:25,969][func.train][INFO] - Loading data
[2025-03-12 15:34:25,969][func.train][INFO] - Loading datasets
[2025-03-12 15:34:25,973][func.train][INFO] - Train videos: [1, 2, 3, 4, 5, 6, 7, 8, 9, 10]
[2025-03-12 15:34:25,973][func.train][INFO] - Test videos: [15, 16, 17, 18, 19, 20, 21]
[2025-03-12 15:34:26,085][func.train][INFO] - [SELECT DATASET] ALL loaded dataframe in 0m 0s
[2025-03-12 15:34:26,085][func.train][INFO] - [SELECT DATASET] ALL loaded dataframe: (83243, 4)
[2025-03-12 15:34:26,092][func.train][INFO] - [SELECT DATASET] labels are already starting from 0
[2025-03-12 15:34:26,100][func.train][INFO] - [SELECT DATASET] ALL unique classes: [0 1 2 3 4 5 6]
[2025-03-12 15:34:26,109][func.train][INFO] - [SELECT DATASET] aLL dataframe (head):                                           image_path  video_idx frame_idx class
0  /nfs/home/yangliu/dataset/AutoLaparo_Task1/Aut...          1         1     1
1  /nfs/home/yangliu/dataset/AutoLaparo_Task1/Aut...          1         2     1
2  /nfs/home/yangliu/dataset/AutoLaparo_Task1/Aut...          1         3     1
3  /nfs/home/yangliu/dataset/AutoLaparo_Task1/Aut...          1         4     1
4  /nfs/home/yangliu/dataset/AutoLaparo_Task1/Aut...          1         5     1
[2025-03-12 15:34:26,118][func.train][INFO] - [SELECT DATASET] ALL dataframe (tail):                                               image_path  ...  class
83238  /nfs/home/yangliu/dataset/AutoLaparo_Task1/Aut...  ...      6
83239  /nfs/home/yangliu/dataset/AutoLaparo_Task1/Aut...  ...      6
83240  /nfs/home/yangliu/dataset/AutoLaparo_Task1/Aut...  ...      6
83241  /nfs/home/yangliu/dataset/AutoLaparo_Task1/Aut...  ...      6
83242  /nfs/home/yangliu/dataset/AutoLaparo_Task1/Aut...  ...      6

[5 rows x 4 columns]
[2025-03-12 15:34:26,119][func.train][INFO] - [DATASET] params: {'debug': False, 'dataset_name': 'autolaparo21', 'reduc_feats_folder': 'train_targets_x_mp/', 'num_classes': 7, 'num_next_labels': 6, 'last_seg_class': 7, 'predict_next_phase': True, 'get_target_feats': False, 'replace_current_with_next_class': False}
[2025-03-12 15:34:26,153][func.train][INFO] - [DATASET] df unique videos: [ 1  2  3  4  5  6  7  8  9 10 11 12 13 14 15 16 17 18 19 20 21]
[2025-03-12 15:34:26,153][func.train][INFO] - [DATASET] split: train video_indices: [1, 2, 3, 4, 5, 6, 7, 8, 9, 10]
[2025-03-12 15:34:26,176][func.train][INFO] - [DATASET] train size: 40211
[2025-03-12 15:34:26,176][func.train][INFO] - [DATASET] train video_indices: [1, 2, 3, 4, 5, 6, 7, 8, 9, 10]
[2025-03-12 15:34:26,176][func.train][INFO] - [DATASET] video_idx: 1
[2025-03-12 15:34:26,179][func.train][INFO] - [DATASET] Sampled video_idx: 1 at 1 fps to 6388 frames
[2025-03-12 15:34:26,183][func.train][INFO] - [DATASET] video 1 phase_labels: torch.Size([6388])
[2025-03-12 15:34:28,043][func.train][INFO] - [DATASET] gt_remaining_time h=60: torch.Size([6388, 8])
[2025-03-12 15:34:28,043][func.train][INFO] - 

[2025-03-12 15:34:28,126][func.train][INFO] - [DATASET] Saved gt_remaining_time for video 1
[2025-03-12 15:34:28,131][func.train][INFO] - [DATASET] video_idx: 2
[2025-03-12 15:34:28,134][func.train][INFO] - [DATASET] Sampled video_idx: 2 at 1 fps to 3620 frames
[2025-03-12 15:34:28,135][func.train][INFO] - [DATASET] video 2 phase_labels: torch.Size([3620])
[2025-03-12 15:34:28,955][func.train][INFO] - [DATASET] gt_remaining_time h=60: torch.Size([3620, 8])
[2025-03-12 15:34:28,959][func.train][INFO] - 

[2025-03-12 15:34:29,009][func.train][INFO] - [DATASET] Saved gt_remaining_time for video 2
[2025-03-12 15:34:29,011][func.train][INFO] - [DATASET] video_idx: 3
[2025-03-12 15:34:29,014][func.train][INFO] - [DATASET] Sampled video_idx: 3 at 1 fps to 3000 frames
[2025-03-12 15:34:29,016][func.train][INFO] - [DATASET] video 3 phase_labels: torch.Size([3000])
[2025-03-12 15:34:29,621][func.train][INFO] - [DATASET] gt_remaining_time h=60: torch.Size([3000, 8])
[2025-03-12 15:34:29,623][func.train][INFO] - 

[2025-03-12 15:34:29,664][func.train][INFO] - [DATASET] Saved gt_remaining_time for video 3
[2025-03-12 15:34:29,667][func.train][INFO] - [DATASET] video_idx: 4
[2025-03-12 15:34:29,677][func.train][INFO] - [DATASET] Sampled video_idx: 4 at 1 fps to 2938 frames
[2025-03-12 15:34:29,679][func.train][INFO] - [DATASET] video 4 phase_labels: torch.Size([2938])
[2025-03-12 15:34:30,388][func.train][INFO] - [DATASET] gt_remaining_time h=60: torch.Size([2938, 8])
[2025-03-12 15:34:30,391][func.train][INFO] - 

[2025-03-12 15:34:30,429][func.train][INFO] - [DATASET] Saved gt_remaining_time for video 4
[2025-03-12 15:34:30,437][func.train][INFO] - [DATASET] video_idx: 5
[2025-03-12 15:34:30,441][func.train][INFO] - [DATASET] Sampled video_idx: 5 at 1 fps to 3220 frames
[2025-03-12 15:34:30,442][func.train][INFO] - [DATASET] video 5 phase_labels: torch.Size([3220])
[2025-03-12 15:34:31,282][func.train][INFO] - [DATASET] gt_remaining_time h=60: torch.Size([3220, 8])
[2025-03-12 15:34:31,282][func.train][INFO] - 

[2025-03-12 15:34:31,332][func.train][INFO] - [DATASET] Saved gt_remaining_time for video 5
[2025-03-12 15:34:31,334][func.train][INFO] - [DATASET] video_idx: 6
[2025-03-12 15:34:31,337][func.train][INFO] - [DATASET] Sampled video_idx: 6 at 1 fps to 3908 frames
[2025-03-12 15:34:31,338][func.train][INFO] - [DATASET] video 6 phase_labels: torch.Size([3908])
[2025-03-12 15:34:32,233][func.train][INFO] - [DATASET] gt_remaining_time h=60: torch.Size([3908, 8])
[2025-03-12 15:34:32,233][func.train][INFO] - 

[2025-03-12 15:34:32,298][func.train][INFO] - [DATASET] Saved gt_remaining_time for video 6
[2025-03-12 15:34:32,300][func.train][INFO] - [DATASET] video_idx: 7
[2025-03-12 15:34:32,306][func.train][INFO] - [DATASET] Sampled video_idx: 7 at 1 fps to 1645 frames
[2025-03-12 15:34:32,308][func.train][INFO] - [DATASET] video 7 phase_labels: torch.Size([1645])
[2025-03-12 15:34:32,673][func.train][INFO] - [DATASET] gt_remaining_time h=60: torch.Size([1645, 8])
[2025-03-12 15:34:32,674][func.train][INFO] - 

[2025-03-12 15:34:32,707][func.train][INFO] - [DATASET] Saved gt_remaining_time for video 7
[2025-03-12 15:34:32,708][func.train][INFO] - [DATASET] video_idx: 8
[2025-03-12 15:34:32,712][func.train][INFO] - [DATASET] Sampled video_idx: 8 at 1 fps to 4692 frames
[2025-03-12 15:34:32,714][func.train][INFO] - [DATASET] video 8 phase_labels: torch.Size([4692])
[2025-03-12 15:34:33,833][func.train][INFO] - [DATASET] gt_remaining_time h=60: torch.Size([4692, 8])
[2025-03-12 15:34:33,839][func.train][INFO] - 

[2025-03-12 15:34:33,920][func.train][INFO] - [DATASET] Saved gt_remaining_time for video 8
[2025-03-12 15:34:33,927][func.train][INFO] - [DATASET] video_idx: 9
[2025-03-12 15:34:33,930][func.train][INFO] - [DATASET] Sampled video_idx: 9 at 1 fps to 5736 frames
[2025-03-12 15:34:33,932][func.train][INFO] - [DATASET] video 9 phase_labels: torch.Size([5736])
[2025-03-12 15:34:35,068][func.train][INFO] - [DATASET] gt_remaining_time h=60: torch.Size([5736, 8])
[2025-03-12 15:34:35,087][func.train][INFO] - 

[2025-03-12 15:34:35,170][func.train][INFO] - [DATASET] Saved gt_remaining_time for video 9
[2025-03-12 15:34:35,173][func.train][INFO] - [DATASET] video_idx: 10
[2025-03-12 15:34:35,178][func.train][INFO] - [DATASET] Sampled video_idx: 10 at 1 fps to 5064 frames
[2025-03-12 15:34:35,181][func.train][INFO] - [DATASET] video 10 phase_labels: torch.Size([5064])
[2025-03-12 15:34:36,339][func.train][INFO] - [DATASET] gt_remaining_time h=60: torch.Size([5064, 8])
[2025-03-12 15:34:36,344][func.train][INFO] - 

[2025-03-12 15:34:36,434][func.train][INFO] - [DATASET] Saved gt_remaining_time for video 10
[2025-03-12 15:34:36,445][func.train][INFO] - [DATASET] Saved video durations
[2025-03-12 15:34:36,449][func.train][INFO] - [DATASET] number of train videos: 10
[2025-03-12 15:34:36,449][func.train][INFO] - [DATASET] avg video length: 67.02 minutes
[2025-03-12 15:34:36,472][func.train][INFO] - [DATASET] num classes at 1fps in train: (40211,)
[2025-03-12 15:34:36,473][func.train][INFO] - [DATASET] classes_counts_dict: {0: 739, 1: 12957, 2: 9841, 3: 5814, 4: 296, 5: 6808, 6: 3756}
[2025-03-12 15:34:36,476][func.train][INFO] - [DATASET] curr_class_weights: tensor([ 7.7732,  0.4433,  0.5837,  0.9880, 19.4069,  0.8438,  1.5294])
[2025-03-12 15:34:36,477][func.train][INFO] - [DATASET] num_eos_vals: 5744.428571428572
[2025-03-12 15:34:36,477][func.train][INFO] - [DATASET] classes_counts_dict: {0: 739, 1: 12957, 2: 9841, 3: 5814, 4: 296, 5: 6808, 6: 3756, 7: 5744}
[2025-03-12 15:34:36,478][func.train][INFO] - [DATASET] next_class_weights: tensor([ 7.7732,  0.4433,  0.5837,  0.9880, 19.4067,  0.8438,  1.5294,  1.0001])
[2025-03-12 15:34:36,568][func.train][INFO] - [DATASET] df unique videos: [ 1  2  3  4  5  6  7  8  9 10 11 12 13 14 15 16 17 18 19 20 21]
[2025-03-12 15:34:36,569][func.train][INFO] - [DATASET] split: test video_indices: [15]
[2025-03-12 15:34:36,573][func.train][INFO] - [DATASET] test size: 3653
[2025-03-12 15:34:36,574][func.train][INFO] - [DATASET] test video_indices: [15]
[2025-03-12 15:34:36,574][func.train][INFO] - [DATASET] video_idx: 15
[2025-03-12 15:34:36,578][func.train][INFO] - [DATASET] Sampled video_idx: 15 at 1 fps to 3653 frames
[2025-03-12 15:34:36,580][func.train][INFO] - [DATASET] video 15 phase_labels: torch.Size([3653])
[2025-03-12 15:34:37,346][func.train][INFO] - [DATASET] gt_remaining_time h=60: torch.Size([3653, 8])
[2025-03-12 15:34:37,351][func.train][INFO] - 

[2025-03-12 15:34:37,706][func.train][INFO] - [DATASET] Saved gt_remaining_time for video 15
[2025-03-12 15:34:37,712][func.train][INFO] - [DATASET] Saved video durations
[2025-03-12 15:34:37,716][func.train][INFO] - [DATASET] number of test videos: 1
[2025-03-12 15:34:37,716][func.train][INFO] - [DATASET] avg video length: 60.88 minutes
[2025-03-12 15:34:37,786][func.train][INFO] - [DATASET] df unique videos: [ 1  2  3  4  5  6  7  8  9 10 11 12 13 14 15 16 17 18 19 20 21]
[2025-03-12 15:34:37,787][func.train][INFO] - [DATASET] split: test video_indices: [16]
[2025-03-12 15:34:37,793][func.train][INFO] - [DATASET] test size: 3612
[2025-03-12 15:34:37,793][func.train][INFO] - [DATASET] test video_indices: [16]
[2025-03-12 15:34:37,793][func.train][INFO] - [DATASET] video_idx: 16
[2025-03-12 15:34:37,797][func.train][INFO] - [DATASET] Sampled video_idx: 16 at 1 fps to 3612 frames
[2025-03-12 15:34:37,798][func.train][INFO] - [DATASET] video 16 phase_labels: torch.Size([3612])
[2025-03-12 15:34:38,791][func.train][INFO] - [DATASET] gt_remaining_time h=60: torch.Size([3612, 8])
[2025-03-12 15:34:38,796][func.train][INFO] - 

[2025-03-12 15:34:38,839][func.train][INFO] - [DATASET] Saved gt_remaining_time for video 16
[2025-03-12 15:34:38,883][func.train][INFO] - [DATASET] Saved video durations
[2025-03-12 15:34:38,888][func.train][INFO] - [DATASET] number of test videos: 1
[2025-03-12 15:34:38,888][func.train][INFO] - [DATASET] avg video length: 60.20 minutes
[2025-03-12 15:34:38,932][func.train][INFO] - [DATASET] df unique videos: [ 1  2  3  4  5  6  7  8  9 10 11 12 13 14 15 16 17 18 19 20 21]
[2025-03-12 15:34:38,932][func.train][INFO] - [DATASET] split: test video_indices: [17]
[2025-03-12 15:34:38,935][func.train][INFO] - [DATASET] test size: 4678
[2025-03-12 15:34:38,935][func.train][INFO] - [DATASET] test video_indices: [17]
[2025-03-12 15:34:38,935][func.train][INFO] - [DATASET] video_idx: 17
[2025-03-12 15:34:38,938][func.train][INFO] - [DATASET] Sampled video_idx: 17 at 1 fps to 4678 frames
[2025-03-12 15:34:38,939][func.train][INFO] - [DATASET] video 17 phase_labels: torch.Size([4678])
[2025-03-12 15:34:39,902][func.train][INFO] - [DATASET] gt_remaining_time h=60: torch.Size([4678, 8])
[2025-03-12 15:34:39,906][func.train][INFO] - 

[2025-03-12 15:34:39,980][func.train][INFO] - [DATASET] Saved gt_remaining_time for video 17
[2025-03-12 15:34:40,008][func.train][INFO] - [DATASET] Saved video durations
[2025-03-12 15:34:40,012][func.train][INFO] - [DATASET] number of test videos: 1
[2025-03-12 15:34:40,013][func.train][INFO] - [DATASET] avg video length: 77.97 minutes
[2025-03-12 15:34:40,053][func.train][INFO] - [DATASET] df unique videos: [ 1  2  3  4  5  6  7  8  9 10 11 12 13 14 15 16 17 18 19 20 21]
[2025-03-12 15:34:40,053][func.train][INFO] - [DATASET] split: test video_indices: [18]
[2025-03-12 15:34:40,056][func.train][INFO] - [DATASET] test size: 3546
[2025-03-12 15:34:40,056][func.train][INFO] - [DATASET] test video_indices: [18]
[2025-03-12 15:34:40,057][func.train][INFO] - [DATASET] video_idx: 18
[2025-03-12 15:34:40,059][func.train][INFO] - [DATASET] Sampled video_idx: 18 at 1 fps to 3546 frames
[2025-03-12 15:34:40,060][func.train][INFO] - [DATASET] video 18 phase_labels: torch.Size([3546])
[2025-03-12 15:34:40,933][func.train][INFO] - [DATASET] gt_remaining_time h=60: torch.Size([3546, 8])
[2025-03-12 15:34:40,937][func.train][INFO] - 

[2025-03-12 15:34:40,993][func.train][INFO] - [DATASET] Saved gt_remaining_time for video 18
[2025-03-12 15:34:41,013][func.train][INFO] - [DATASET] Saved video durations
[2025-03-12 15:34:41,016][func.train][INFO] - [DATASET] number of test videos: 1
[2025-03-12 15:34:41,017][func.train][INFO] - [DATASET] avg video length: 59.10 minutes
[2025-03-12 15:34:41,062][func.train][INFO] - [DATASET] df unique videos: [ 1  2  3  4  5  6  7  8  9 10 11 12 13 14 15 16 17 18 19 20 21]
[2025-03-12 15:34:41,063][func.train][INFO] - [DATASET] split: test video_indices: [19]
[2025-03-12 15:34:41,068][func.train][INFO] - [DATASET] test size: 3413
[2025-03-12 15:34:41,068][func.train][INFO] - [DATASET] test video_indices: [19]
[2025-03-12 15:34:41,068][func.train][INFO] - [DATASET] video_idx: 19
[2025-03-12 15:34:41,072][func.train][INFO] - [DATASET] Sampled video_idx: 19 at 1 fps to 3413 frames
[2025-03-12 15:34:41,075][func.train][INFO] - [DATASET] video 19 phase_labels: torch.Size([3413])
[2025-03-12 15:34:41,864][func.train][INFO] - [DATASET] gt_remaining_time h=60: torch.Size([3413, 8])
[2025-03-12 15:34:41,868][func.train][INFO] - 

[2025-03-12 15:34:41,915][func.train][INFO] - [DATASET] Saved gt_remaining_time for video 19
[2025-03-12 15:34:41,928][func.train][INFO] - [DATASET] Saved video durations
[2025-03-12 15:34:41,933][func.train][INFO] - [DATASET] number of test videos: 1
[2025-03-12 15:34:41,933][func.train][INFO] - [DATASET] avg video length: 56.88 minutes
[2025-03-12 15:34:42,015][func.train][INFO] - [DATASET] df unique videos: [ 1  2  3  4  5  6  7  8  9 10 11 12 13 14 15 16 17 18 19 20 21]
[2025-03-12 15:34:42,015][func.train][INFO] - [DATASET] split: test video_indices: [20]
[2025-03-12 15:34:42,021][func.train][INFO] - [DATASET] test size: 4832
[2025-03-12 15:34:42,021][func.train][INFO] - [DATASET] test video_indices: [20]
[2025-03-12 15:34:42,021][func.train][INFO] - [DATASET] video_idx: 20
[2025-03-12 15:34:42,026][func.train][INFO] - [DATASET] Sampled video_idx: 20 at 1 fps to 4832 frames
[2025-03-12 15:34:42,028][func.train][INFO] - [DATASET] video 20 phase_labels: torch.Size([4832])
[2025-03-12 15:34:43,323][func.train][INFO] - [DATASET] gt_remaining_time h=60: torch.Size([4832, 8])
[2025-03-12 15:34:43,331][func.train][INFO] - 

[2025-03-12 15:34:43,405][func.train][INFO] - [DATASET] Saved gt_remaining_time for video 20
[2025-03-12 15:34:43,419][func.train][INFO] - [DATASET] Saved video durations
[2025-03-12 15:34:43,421][func.train][INFO] - [DATASET] number of test videos: 1
[2025-03-12 15:34:43,422][func.train][INFO] - [DATASET] avg video length: 80.53 minutes
[2025-03-12 15:34:43,464][func.train][INFO] - [DATASET] df unique videos: [ 1  2  3  4  5  6  7  8  9 10 11 12 13 14 15 16 17 18 19 20 21]
[2025-03-12 15:34:43,465][func.train][INFO] - [DATASET] split: test video_indices: [21]
[2025-03-12 15:34:43,470][func.train][INFO] - [DATASET] test size: 4326
[2025-03-12 15:34:43,470][func.train][INFO] - [DATASET] test video_indices: [21]
[2025-03-12 15:34:43,471][func.train][INFO] - [DATASET] video_idx: 21
[2025-03-12 15:34:43,475][func.train][INFO] - [DATASET] Sampled video_idx: 21 at 1 fps to 4326 frames
[2025-03-12 15:34:43,477][func.train][INFO] - [DATASET] video 21 phase_labels: torch.Size([4326])
[2025-03-12 15:34:44,871][func.train][INFO] - [DATASET] gt_remaining_time h=60: torch.Size([4326, 8])
[2025-03-12 15:34:44,887][func.train][INFO] - 

[2025-03-12 15:34:44,955][func.train][INFO] - [DATASET] Saved gt_remaining_time for video 21
[2025-03-12 15:34:44,964][func.train][INFO] - [DATASET] Saved video durations
[2025-03-12 15:34:44,966][func.train][INFO] - [DATASET] number of test videos: 1
[2025-03-12 15:34:44,966][func.train][INFO] - [DATASET] avg video length: 72.10 minutes
[2025-03-12 15:34:44,974][func.train][INFO] - Time to load datasets: 0.32 min
[2025-03-12 15:34:44,975][func.train][INFO] - Creating data loaders
[2025-03-12 15:34:44,977][func.train][INFO] - Creating model with {'one': 7} classes
[2025-03-12 15:34:46,824][func.train][INFO] - [MAIN] Number of tokens: 40211
[2025-03-12 15:34:46,825][func.train][INFO] - [MAIN] Number of parameters: 31183601
[2025-03-12 15:34:46,825][func.train][INFO] - [MAIN] Token-to-Parameter Ratio is ideally between [1:1 to 10:1]: 0.001289
[2025-03-12 15:34:46,826][func.train][WARNING] - [MAIN] Data-to-Parameter-Ratio is outside the interval [1:1 to 10:1]
[2025-03-12 15:34:46,828][func.train][INFO] - Using LR 0.000300 WD 0.000010 for parameters
[2025-03-12 15:34:46,828][func.train][INFO] - Using LR 0.000300 WD 0.000010 for parameters
[2025-03-12 15:43:42,413][func.train][INFO] - Dist info:
[2025-03-12 15:43:42,414][func.train][INFO] - torch version: 2.4.1+cu121
[2025-03-12 15:43:42,415][func.train][INFO] - torchvision version: 0.19.1+cu121
[2025-03-12 15:43:42,416][func.train][INFO] - hydra version: 1.3.2
[2025-03-12 15:43:42,425][func.train][INFO] - [MAIN] eval horizons for regression: [5, 10, 15, 30, 60]
[2025-03-12 15:43:42,425][func.train][INFO] - Loading data
[2025-03-12 15:43:42,425][func.train][INFO] - Loading datasets
[2025-03-12 15:43:42,428][func.train][INFO] - Train videos: [1, 2, 3, 4, 5, 6, 7, 8, 9, 10]
[2025-03-12 15:43:42,428][func.train][INFO] - Test videos: [15, 16, 17, 18, 19, 20, 21]
[2025-03-12 15:43:42,484][func.train][INFO] - [SELECT DATASET] ALL loaded dataframe in 0m 0s
[2025-03-12 15:43:42,485][func.train][INFO] - [SELECT DATASET] ALL loaded dataframe: (83243, 4)
[2025-03-12 15:43:42,494][func.train][INFO] - [SELECT DATASET] labels are already starting from 0
[2025-03-12 15:43:42,503][func.train][INFO] - [SELECT DATASET] ALL unique classes: [0 1 2 3 4 5 6]
[2025-03-12 15:43:42,512][func.train][INFO] - [SELECT DATASET] aLL dataframe (head):                                           image_path  video_idx frame_idx class
0  /nfs/home/yangliu/dataset/AutoLaparo_Task1/Aut...          1         1     1
1  /nfs/home/yangliu/dataset/AutoLaparo_Task1/Aut...          1         2     1
2  /nfs/home/yangliu/dataset/AutoLaparo_Task1/Aut...          1         3     1
3  /nfs/home/yangliu/dataset/AutoLaparo_Task1/Aut...          1         4     1
4  /nfs/home/yangliu/dataset/AutoLaparo_Task1/Aut...          1         5     1
[2025-03-12 15:43:42,521][func.train][INFO] - [SELECT DATASET] ALL dataframe (tail):                                               image_path  ...  class
83238  /nfs/home/yangliu/dataset/AutoLaparo_Task1/Aut...  ...      6
83239  /nfs/home/yangliu/dataset/AutoLaparo_Task1/Aut...  ...      6
83240  /nfs/home/yangliu/dataset/AutoLaparo_Task1/Aut...  ...      6
83241  /nfs/home/yangliu/dataset/AutoLaparo_Task1/Aut...  ...      6
83242  /nfs/home/yangliu/dataset/AutoLaparo_Task1/Aut...  ...      6

[5 rows x 4 columns]
[2025-03-12 15:43:42,523][func.train][INFO] - [DATASET] params: {'debug': False, 'dataset_name': 'autolaparo21', 'reduc_feats_folder': 'train_targets_x_mp/', 'num_classes': 7, 'num_next_labels': 6, 'last_seg_class': 7, 'predict_next_phase': True, 'get_target_feats': False, 'replace_current_with_next_class': False}
[2025-03-12 15:43:42,561][func.train][INFO] - [DATASET] df unique videos: [ 1  2  3  4  5  6  7  8  9 10 11 12 13 14 15 16 17 18 19 20 21]
[2025-03-12 15:43:42,561][func.train][INFO] - [DATASET] split: train video_indices: [1, 2, 3, 4, 5, 6, 7, 8, 9, 10]
[2025-03-12 15:43:42,586][func.train][INFO] - [DATASET] train size: 40211
[2025-03-12 15:43:42,586][func.train][INFO] - [DATASET] train video_indices: [1, 2, 3, 4, 5, 6, 7, 8, 9, 10]
[2025-03-12 15:43:42,587][func.train][INFO] - [DATASET] video_idx: 1
[2025-03-12 15:43:42,590][func.train][INFO] - [DATASET] Sampled video_idx: 1 at 1 fps to 6388 frames
[2025-03-12 15:43:42,593][func.train][INFO] - [DATASET] video 1 phase_labels: torch.Size([6388])
[2025-03-12 15:43:44,040][func.train][INFO] - [DATASET] gt_remaining_time h=60: torch.Size([6388, 8])
[2025-03-12 15:43:44,040][func.train][INFO] - 

[2025-03-12 15:43:44,146][func.train][INFO] - [DATASET] Saved gt_remaining_time for video 1
[2025-03-12 15:43:44,154][func.train][INFO] - [DATASET] video_idx: 2
[2025-03-12 15:43:44,157][func.train][INFO] - [DATASET] Sampled video_idx: 2 at 1 fps to 3620 frames
[2025-03-12 15:43:44,158][func.train][INFO] - [DATASET] video 2 phase_labels: torch.Size([3620])
[2025-03-12 15:43:44,853][func.train][INFO] - [DATASET] gt_remaining_time h=60: torch.Size([3620, 8])
[2025-03-12 15:43:44,855][func.train][INFO] - 

[2025-03-12 15:43:44,927][func.train][INFO] - [DATASET] Saved gt_remaining_time for video 2
[2025-03-12 15:43:44,933][func.train][INFO] - [DATASET] video_idx: 3
[2025-03-12 15:43:44,936][func.train][INFO] - [DATASET] Sampled video_idx: 3 at 1 fps to 3000 frames
[2025-03-12 15:43:44,936][func.train][INFO] - [DATASET] video 3 phase_labels: torch.Size([3000])
[2025-03-12 15:43:45,451][func.train][INFO] - [DATASET] gt_remaining_time h=60: torch.Size([3000, 8])
[2025-03-12 15:43:45,453][func.train][INFO] - 

[2025-03-12 15:43:45,501][func.train][INFO] - [DATASET] Saved gt_remaining_time for video 3
[2025-03-12 15:43:45,503][func.train][INFO] - [DATASET] video_idx: 4
[2025-03-12 15:43:45,505][func.train][INFO] - [DATASET] Sampled video_idx: 4 at 1 fps to 2938 frames
[2025-03-12 15:43:45,506][func.train][INFO] - [DATASET] video 4 phase_labels: torch.Size([2938])
[2025-03-12 15:43:46,054][func.train][INFO] - [DATASET] gt_remaining_time h=60: torch.Size([2938, 8])
[2025-03-12 15:43:46,055][func.train][INFO] - 

[2025-03-12 15:43:46,130][func.train][INFO] - [DATASET] Saved gt_remaining_time for video 4
[2025-03-12 15:43:46,136][func.train][INFO] - [DATASET] video_idx: 5
[2025-03-12 15:43:46,139][func.train][INFO] - [DATASET] Sampled video_idx: 5 at 1 fps to 3220 frames
[2025-03-12 15:43:46,140][func.train][INFO] - [DATASET] video 5 phase_labels: torch.Size([3220])
[2025-03-12 15:43:46,698][func.train][INFO] - [DATASET] gt_remaining_time h=60: torch.Size([3220, 8])
[2025-03-12 15:43:46,698][func.train][INFO] - 

[2025-03-12 15:43:46,737][func.train][INFO] - [DATASET] Saved gt_remaining_time for video 5
[2025-03-12 15:43:46,743][func.train][INFO] - [DATASET] video_idx: 6
[2025-03-12 15:43:46,751][func.train][INFO] - [DATASET] Sampled video_idx: 6 at 1 fps to 3908 frames
[2025-03-12 15:43:46,752][func.train][INFO] - [DATASET] video 6 phase_labels: torch.Size([3908])
[2025-03-12 15:43:47,471][func.train][INFO] - [DATASET] gt_remaining_time h=60: torch.Size([3908, 8])
[2025-03-12 15:43:47,472][func.train][INFO] - 

[2025-03-12 15:43:47,527][func.train][INFO] - [DATASET] Saved gt_remaining_time for video 6
[2025-03-12 15:43:47,529][func.train][INFO] - [DATASET] video_idx: 7
[2025-03-12 15:43:47,532][func.train][INFO] - [DATASET] Sampled video_idx: 7 at 1 fps to 1645 frames
[2025-03-12 15:43:47,534][func.train][INFO] - [DATASET] video 7 phase_labels: torch.Size([1645])
[2025-03-12 15:43:47,825][func.train][INFO] - [DATASET] gt_remaining_time h=60: torch.Size([1645, 8])
[2025-03-12 15:43:47,826][func.train][INFO] - 

[2025-03-12 15:43:47,844][func.train][INFO] - [DATASET] Saved gt_remaining_time for video 7
[2025-03-12 15:43:47,845][func.train][INFO] - [DATASET] video_idx: 8
[2025-03-12 15:43:47,849][func.train][INFO] - [DATASET] Sampled video_idx: 8 at 1 fps to 4692 frames
[2025-03-12 15:43:47,850][func.train][INFO] - [DATASET] video 8 phase_labels: torch.Size([4692])
[2025-03-12 15:43:48,843][func.train][INFO] - [DATASET] gt_remaining_time h=60: torch.Size([4692, 8])
[2025-03-12 15:43:48,850][func.train][INFO] - 

[2025-03-12 15:43:49,238][func.train][INFO] - [DATASET] Saved gt_remaining_time for video 8
[2025-03-12 15:43:49,244][func.train][INFO] - [DATASET] video_idx: 9
[2025-03-12 15:43:49,247][func.train][INFO] - [DATASET] Sampled video_idx: 9 at 1 fps to 5736 frames
[2025-03-12 15:43:49,248][func.train][INFO] - [DATASET] video 9 phase_labels: torch.Size([5736])
[2025-03-12 15:43:50,267][func.train][INFO] - [DATASET] gt_remaining_time h=60: torch.Size([5736, 8])
[2025-03-12 15:43:50,278][func.train][INFO] - 

[2025-03-12 15:43:50,361][func.train][INFO] - [DATASET] Saved gt_remaining_time for video 9
[2025-03-12 15:43:50,364][func.train][INFO] - [DATASET] video_idx: 10
[2025-03-12 15:43:50,372][func.train][INFO] - [DATASET] Sampled video_idx: 10 at 1 fps to 5064 frames
[2025-03-12 15:43:50,375][func.train][INFO] - [DATASET] video 10 phase_labels: torch.Size([5064])
[2025-03-12 15:43:51,464][func.train][INFO] - [DATASET] gt_remaining_time h=60: torch.Size([5064, 8])
[2025-03-12 15:43:51,482][func.train][INFO] - 

[2025-03-12 15:43:51,545][func.train][INFO] - [DATASET] Saved gt_remaining_time for video 10
[2025-03-12 15:43:51,553][func.train][INFO] - [DATASET] Saved video durations
[2025-03-12 15:43:51,554][func.train][INFO] - [DATASET] number of train videos: 10
[2025-03-12 15:43:51,554][func.train][INFO] - [DATASET] avg video length: 67.02 minutes
[2025-03-12 15:43:51,591][func.train][INFO] - [DATASET] num classes at 1fps in train: (40211,)
[2025-03-12 15:43:51,592][func.train][INFO] - [DATASET] classes_counts_dict: {0: 739, 1: 12957, 2: 9841, 3: 5814, 4: 296, 5: 6808, 6: 3756}
[2025-03-12 15:43:51,595][func.train][INFO] - [DATASET] curr_class_weights: tensor([ 7.7732,  0.4433,  0.5837,  0.9880, 19.4069,  0.8438,  1.5294])
[2025-03-12 15:43:51,596][func.train][INFO] - [DATASET] num_eos_vals: 5744.428571428572
[2025-03-12 15:43:51,596][func.train][INFO] - [DATASET] classes_counts_dict: {0: 739, 1: 12957, 2: 9841, 3: 5814, 4: 296, 5: 6808, 6: 3756, 7: 5744}
[2025-03-12 15:43:51,598][func.train][INFO] - [DATASET] next_class_weights: tensor([ 7.7732,  0.4433,  0.5837,  0.9880, 19.4067,  0.8438,  1.5294,  1.0001])
[2025-03-12 15:43:51,673][func.train][INFO] - [DATASET] df unique videos: [ 1  2  3  4  5  6  7  8  9 10 11 12 13 14 15 16 17 18 19 20 21]
[2025-03-12 15:43:51,673][func.train][INFO] - [DATASET] split: test video_indices: [15]
[2025-03-12 15:43:51,679][func.train][INFO] - [DATASET] test size: 3653
[2025-03-12 15:43:51,679][func.train][INFO] - [DATASET] test video_indices: [15]
[2025-03-12 15:43:51,679][func.train][INFO] - [DATASET] video_idx: 15
[2025-03-12 15:43:51,684][func.train][INFO] - [DATASET] Sampled video_idx: 15 at 1 fps to 3653 frames
[2025-03-12 15:43:51,686][func.train][INFO] - [DATASET] video 15 phase_labels: torch.Size([3653])
[2025-03-12 15:43:52,340][func.train][INFO] - [DATASET] gt_remaining_time h=60: torch.Size([3653, 8])
[2025-03-12 15:43:52,343][func.train][INFO] - 

[2025-03-12 15:43:52,417][func.train][INFO] - [DATASET] Saved gt_remaining_time for video 15
[2025-03-12 15:43:52,421][func.train][INFO] - [DATASET] Saved video durations
[2025-03-12 15:43:52,424][func.train][INFO] - [DATASET] number of test videos: 1
[2025-03-12 15:43:52,424][func.train][INFO] - [DATASET] avg video length: 60.88 minutes
[2025-03-12 15:43:52,494][func.train][INFO] - [DATASET] df unique videos: [ 1  2  3  4  5  6  7  8  9 10 11 12 13 14 15 16 17 18 19 20 21]
[2025-03-12 15:43:52,494][func.train][INFO] - [DATASET] split: test video_indices: [16]
[2025-03-12 15:43:52,499][func.train][INFO] - [DATASET] test size: 3612
[2025-03-12 15:43:52,499][func.train][INFO] - [DATASET] test video_indices: [16]
[2025-03-12 15:43:52,500][func.train][INFO] - [DATASET] video_idx: 16
[2025-03-12 15:43:52,502][func.train][INFO] - [DATASET] Sampled video_idx: 16 at 1 fps to 3612 frames
[2025-03-12 15:43:52,503][func.train][INFO] - [DATASET] video 16 phase_labels: torch.Size([3612])
[2025-03-12 15:43:53,354][func.train][INFO] - [DATASET] gt_remaining_time h=60: torch.Size([3612, 8])
[2025-03-12 15:43:53,360][func.train][INFO] - 

[2025-03-12 15:43:53,445][func.train][INFO] - [DATASET] Saved gt_remaining_time for video 16
[2025-03-12 15:43:53,450][func.train][INFO] - [DATASET] Saved video durations
[2025-03-12 15:43:53,453][func.train][INFO] - [DATASET] number of test videos: 1
[2025-03-12 15:43:53,453][func.train][INFO] - [DATASET] avg video length: 60.20 minutes
[2025-03-12 15:43:53,535][func.train][INFO] - [DATASET] df unique videos: [ 1  2  3  4  5  6  7  8  9 10 11 12 13 14 15 16 17 18 19 20 21]
[2025-03-12 15:43:53,535][func.train][INFO] - [DATASET] split: test video_indices: [17]
[2025-03-12 15:43:53,539][func.train][INFO] - [DATASET] test size: 4678
[2025-03-12 15:43:53,539][func.train][INFO] - [DATASET] test video_indices: [17]
[2025-03-12 15:43:53,539][func.train][INFO] - [DATASET] video_idx: 17
[2025-03-12 15:43:53,542][func.train][INFO] - [DATASET] Sampled video_idx: 17 at 1 fps to 4678 frames
[2025-03-12 15:43:53,543][func.train][INFO] - [DATASET] video 17 phase_labels: torch.Size([4678])
[2025-03-12 15:43:54,395][func.train][INFO] - [DATASET] gt_remaining_time h=60: torch.Size([4678, 8])
[2025-03-12 15:43:54,398][func.train][INFO] - 

[2025-03-12 15:43:54,452][func.train][INFO] - [DATASET] Saved gt_remaining_time for video 17
[2025-03-12 15:43:54,456][func.train][INFO] - [DATASET] Saved video durations
[2025-03-12 15:43:54,457][func.train][INFO] - [DATASET] number of test videos: 1
[2025-03-12 15:43:54,458][func.train][INFO] - [DATASET] avg video length: 77.97 minutes
[2025-03-12 15:43:54,509][func.train][INFO] - [DATASET] df unique videos: [ 1  2  3  4  5  6  7  8  9 10 11 12 13 14 15 16 17 18 19 20 21]
[2025-03-12 15:43:54,509][func.train][INFO] - [DATASET] split: test video_indices: [18]
[2025-03-12 15:43:54,512][func.train][INFO] - [DATASET] test size: 3546
[2025-03-12 15:43:54,512][func.train][INFO] - [DATASET] test video_indices: [18]
[2025-03-12 15:43:54,513][func.train][INFO] - [DATASET] video_idx: 18
[2025-03-12 15:43:54,517][func.train][INFO] - [DATASET] Sampled video_idx: 18 at 1 fps to 3546 frames
[2025-03-12 15:43:54,519][func.train][INFO] - [DATASET] video 18 phase_labels: torch.Size([3546])
[2025-03-12 15:43:55,220][func.train][INFO] - [DATASET] gt_remaining_time h=60: torch.Size([3546, 8])
[2025-03-12 15:43:55,224][func.train][INFO] - 

[2025-03-12 15:43:55,285][func.train][INFO] - [DATASET] Saved gt_remaining_time for video 18
[2025-03-12 15:43:55,292][func.train][INFO] - [DATASET] Saved video durations
[2025-03-12 15:43:55,293][func.train][INFO] - [DATASET] number of test videos: 1
[2025-03-12 15:43:55,293][func.train][INFO] - [DATASET] avg video length: 59.10 minutes
[2025-03-12 15:43:55,337][func.train][INFO] - [DATASET] df unique videos: [ 1  2  3  4  5  6  7  8  9 10 11 12 13 14 15 16 17 18 19 20 21]
[2025-03-12 15:43:55,338][func.train][INFO] - [DATASET] split: test video_indices: [19]
[2025-03-12 15:43:55,340][func.train][INFO] - [DATASET] test size: 3413
[2025-03-12 15:43:55,340][func.train][INFO] - [DATASET] test video_indices: [19]
[2025-03-12 15:43:55,341][func.train][INFO] - [DATASET] video_idx: 19
[2025-03-12 15:43:55,343][func.train][INFO] - [DATASET] Sampled video_idx: 19 at 1 fps to 3413 frames
[2025-03-12 15:43:55,343][func.train][INFO] - [DATASET] video 19 phase_labels: torch.Size([3413])
[2025-03-12 15:43:56,077][func.train][INFO] - [DATASET] gt_remaining_time h=60: torch.Size([3413, 8])
[2025-03-12 15:43:56,084][func.train][INFO] - 

[2025-03-12 15:43:56,155][func.train][INFO] - [DATASET] Saved gt_remaining_time for video 19
[2025-03-12 15:43:56,161][func.train][INFO] - [DATASET] Saved video durations
[2025-03-12 15:43:56,163][func.train][INFO] - [DATASET] number of test videos: 1
[2025-03-12 15:43:56,163][func.train][INFO] - [DATASET] avg video length: 56.88 minutes
[2025-03-12 15:43:56,256][func.train][INFO] - [DATASET] df unique videos: [ 1  2  3  4  5  6  7  8  9 10 11 12 13 14 15 16 17 18 19 20 21]
[2025-03-12 15:43:56,256][func.train][INFO] - [DATASET] split: test video_indices: [20]
[2025-03-12 15:43:56,262][func.train][INFO] - [DATASET] test size: 4832
[2025-03-12 15:43:56,262][func.train][INFO] - [DATASET] test video_indices: [20]
[2025-03-12 15:43:56,263][func.train][INFO] - [DATASET] video_idx: 20
[2025-03-12 15:43:56,267][func.train][INFO] - [DATASET] Sampled video_idx: 20 at 1 fps to 4832 frames
[2025-03-12 15:43:56,268][func.train][INFO] - [DATASET] video 20 phase_labels: torch.Size([4832])
[2025-03-12 15:43:57,862][func.train][INFO] - [DATASET] gt_remaining_time h=60: torch.Size([4832, 8])
[2025-03-12 15:43:57,873][func.train][INFO] - 

[2025-03-12 15:43:57,969][func.train][INFO] - [DATASET] Saved gt_remaining_time for video 20
[2025-03-12 15:43:57,982][func.train][INFO] - [DATASET] Saved video durations
[2025-03-12 15:43:57,987][func.train][INFO] - [DATASET] number of test videos: 1
[2025-03-12 15:43:57,988][func.train][INFO] - [DATASET] avg video length: 80.53 minutes
[2025-03-12 15:43:58,042][func.train][INFO] - [DATASET] df unique videos: [ 1  2  3  4  5  6  7  8  9 10 11 12 13 14 15 16 17 18 19 20 21]
[2025-03-12 15:43:58,043][func.train][INFO] - [DATASET] split: test video_indices: [21]
[2025-03-12 15:43:58,046][func.train][INFO] - [DATASET] test size: 4326
[2025-03-12 15:43:58,046][func.train][INFO] - [DATASET] test video_indices: [21]
[2025-03-12 15:43:58,046][func.train][INFO] - [DATASET] video_idx: 21
[2025-03-12 15:43:58,048][func.train][INFO] - [DATASET] Sampled video_idx: 21 at 1 fps to 4326 frames
[2025-03-12 15:43:58,049][func.train][INFO] - [DATASET] video 21 phase_labels: torch.Size([4326])
[2025-03-12 15:43:59,333][func.train][INFO] - [DATASET] gt_remaining_time h=60: torch.Size([4326, 8])
[2025-03-12 15:43:59,337][func.train][INFO] - 

[2025-03-12 15:43:59,405][func.train][INFO] - [DATASET] Saved gt_remaining_time for video 21
[2025-03-12 15:43:59,412][func.train][INFO] - [DATASET] Saved video durations
[2025-03-12 15:43:59,414][func.train][INFO] - [DATASET] number of test videos: 1
[2025-03-12 15:43:59,415][func.train][INFO] - [DATASET] avg video length: 72.10 minutes
[2025-03-12 15:43:59,423][func.train][INFO] - Time to load datasets: 0.28 min
[2025-03-12 15:43:59,423][func.train][INFO] - Creating data loaders
[2025-03-12 15:43:59,424][func.train][INFO] - Creating model with {'one': 7} classes
[2025-03-12 15:44:00,952][func.train][INFO] - [MAIN] Number of tokens: 40211
[2025-03-12 15:44:00,952][func.train][INFO] - [MAIN] Number of parameters: 31183601
[2025-03-12 15:44:00,953][func.train][INFO] - [MAIN] Token-to-Parameter Ratio is ideally between [1:1 to 10:1]: 0.001289
[2025-03-12 15:44:00,953][func.train][WARNING] - [MAIN] Data-to-Parameter-Ratio is outside the interval [1:1 to 10:1]
[2025-03-12 15:44:00,955][func.train][INFO] - Using LR 0.000300 WD 0.000010 for parameters
[2025-03-12 15:44:00,955][func.train][INFO] - Using LR 0.000300 WD 0.000010 for parameters
