[2024-04-22 22:48:57,641][func.train][INFO] - Dist info:
[2024-04-22 22:48:57,641][func.train][INFO] - torch version: 2.2.2+cu121
[2024-04-22 22:48:57,641][func.train][INFO] - torchvision version: 0.17.2+cu121
[2024-04-22 22:48:57,641][func.train][INFO] - hydra version: 1.3.2
[2024-04-22 22:48:57,651][func.train][INFO] - Loading data
[2024-04-22 22:48:57,651][func.train][INFO] - Loading datasets
[2024-04-23 05:44:54,356][func.train][INFO] - [DATASET] ALL loaded dataframe in 415m 57s
[2024-04-23 05:44:54,356][func.train][INFO] - [DATASET] ALL loaded dataframe: (4612530, 11)
[2024-04-23 05:45:35,997][func.train][INFO] - [DATASET] params: {'debug': False, 'dataset_name': 'cholec80', 'reduc_feats_folder': 'train_targets_x_mp/', 'num_classes': 7, 'num_next_labels': 6, 'last_seg_class': 7, 'predict_next_phase': True, 'get_target_feats': False, 'replace_current_with_next_class': False}
[2024-04-23 05:46:25,605][func.train][INFO] - [DATASET] train size: 2157640
[2024-04-23 05:46:25,606][func.train][INFO] - [DATASET] train video_indices: [1, 2, 3, 4, 5, 6, 7, 8, 9, 10, 11, 12, 13, 14, 15, 16, 17, 18, 19, 20, 21, 22, 23, 24, 25, 26, 27, 28, 29, 30, 31, 32, 33, 34, 35, 36, 37, 38, 39, 40]
[2024-04-23 05:46:25,710][func.train][INFO] - [DATASET] Sampling video_idx: 1 at 25 fps to 1733 frames
[2024-04-23 05:46:26,171][func.train][INFO] - [DATASET] Sampling video_idx: 2 at 25 fps to 2839 frames
[2024-04-23 05:46:26,318][func.train][INFO] - [DATASET] Sampling video_idx: 3 at 25 fps to 5828 frames
[2024-04-23 05:46:26,475][func.train][INFO] - [DATASET] Sampling video_idx: 4 at 25 fps to 1522 frames
[2024-04-23 05:46:26,595][func.train][INFO] - [DATASET] Sampling video_idx: 5 at 25 fps to 2344 frames
[2024-04-23 05:46:26,723][func.train][INFO] - [DATASET] Sampling video_idx: 6 at 25 fps to 2153 frames
[2024-04-23 05:46:26,862][func.train][INFO] - [DATASET] Sampling video_idx: 7 at 25 fps to 4557 frames
[2024-04-23 05:46:26,998][func.train][INFO] - [DATASET] Sampling video_idx: 8 at 25 fps to 1519 frames
[2024-04-23 05:46:27,116][func.train][INFO] - [DATASET] Sampling video_idx: 9 at 25 fps to 2702 frames
[2024-04-23 05:46:27,255][func.train][INFO] - [DATASET] Sampling video_idx: 10 at 25 fps to 1749 frames
[2024-04-23 05:46:27,380][func.train][INFO] - [DATASET] Sampling video_idx: 11 at 25 fps to 3220 frames
[2024-04-23 05:46:27,507][func.train][INFO] - [DATASET] Sampling video_idx: 12 at 25 fps to 1090 frames
[2024-04-23 05:46:27,615][func.train][INFO] - [DATASET] Sampling video_idx: 13 at 25 fps to 981 frames
[2024-04-23 05:46:27,726][func.train][INFO] - [DATASET] Sampling video_idx: 14 at 25 fps to 1708 frames
[2024-04-23 05:46:27,850][func.train][INFO] - [DATASET] Sampling video_idx: 15 at 25 fps to 2058 frames
[2024-04-23 05:46:27,989][func.train][INFO] - [DATASET] Sampling video_idx: 16 at 25 fps to 2957 frames
[2024-04-23 05:46:28,118][func.train][INFO] - [DATASET] Sampling video_idx: 17 at 25 fps to 1304 frames
[2024-04-23 05:46:28,233][func.train][INFO] - [DATASET] Sampling video_idx: 18 at 25 fps to 1942 frames
[2024-04-23 05:46:28,354][func.train][INFO] - [DATASET] Sampling video_idx: 19 at 25 fps to 2424 frames
[2024-04-23 05:46:28,478][func.train][INFO] - [DATASET] Sampling video_idx: 20 at 25 fps to 1449 frames
[2024-04-23 05:46:28,590][func.train][INFO] - [DATASET] Sampling video_idx: 21 at 25 fps to 1258 frames
[2024-04-23 05:46:28,705][func.train][INFO] - [DATASET] Sampling video_idx: 22 at 25 fps to 1532 frames
[2024-04-23 05:46:28,832][func.train][INFO] - [DATASET] Sampling video_idx: 23 at 25 fps to 1635 frames
[2024-04-23 05:46:28,949][func.train][INFO] - [DATASET] Sampling video_idx: 24 at 25 fps to 1975 frames
[2024-04-23 05:46:29,072][func.train][INFO] - [DATASET] Sampling video_idx: 25 at 25 fps to 2129 frames
[2024-04-23 05:46:29,199][func.train][INFO] - [DATASET] Sampling video_idx: 26 at 25 fps to 1773 frames
[2024-04-23 05:46:29,323][func.train][INFO] - [DATASET] Sampling video_idx: 27 at 25 fps to 2084 frames
[2024-04-23 05:46:29,442][func.train][INFO] - [DATASET] Sampling video_idx: 28 at 25 fps to 1199 frames
[2024-04-23 05:46:29,560][func.train][INFO] - [DATASET] Sampling video_idx: 29 at 25 fps to 2350 frames
[2024-04-23 05:46:29,700][func.train][INFO] - [DATASET] Sampling video_idx: 30 at 25 fps to 2925 frames
[2024-04-23 05:46:29,843][func.train][INFO] - [DATASET] Sampling video_idx: 31 at 25 fps to 3945 frames
[2024-04-23 05:46:29,982][func.train][INFO] - [DATASET] Sampling video_idx: 32 at 25 fps to 2116 frames
[2024-04-23 05:46:30,104][func.train][INFO] - [DATASET] Sampling video_idx: 33 at 25 fps to 1307 frames
[2024-04-23 05:46:30,219][func.train][INFO] - [DATASET] Sampling video_idx: 34 at 25 fps to 1323 frames
[2024-04-23 05:46:30,338][func.train][INFO] - [DATASET] Sampling video_idx: 35 at 25 fps to 2106 frames
[2024-04-23 05:46:30,467][func.train][INFO] - [DATASET] Sampling video_idx: 36 at 25 fps to 2387 frames
[2024-04-23 05:46:30,589][func.train][INFO] - [DATASET] Sampling video_idx: 37 at 25 fps to 1232 frames
[2024-04-23 05:46:30,717][func.train][INFO] - [DATASET] Sampling video_idx: 38 at 25 fps to 3080 frames
[2024-04-23 05:46:30,848][func.train][INFO] - [DATASET] Sampling video_idx: 39 at 25 fps to 1647 frames
[2024-04-23 05:46:30,968][func.train][INFO] - [DATASET] Sampling video_idx: 40 at 25 fps to 2222 frames
[2024-04-23 05:46:35,107][func.train][INFO] - [DATASET] classes_counts: {0: 93902, 1: 922150, 2: 183225, 3: 602975, 4: 92900, 5: 180478, 6: 82010}
[2024-04-23 05:46:35,120][func.train][INFO] - [DATASET] class_weights: tensor([0.3342, 1.6821, 0.5112, 3.3171, 1.7077, 3.7575, 3.2818])
[2024-04-23 05:48:13,716][func.train][INFO] - [DATASET] test size: 77576
[2024-04-23 05:48:13,717][func.train][INFO] - [DATASET] test video_indices: [41]
[2024-04-23 05:48:13,730][func.train][INFO] - [DATASET] Sampling video_idx: 41 at 25 fps to 3103 frames
[2024-04-23 05:50:29,369][func.train][INFO] - [DATASET] test size: 92801
[2024-04-23 05:50:29,370][func.train][INFO] - [DATASET] test video_indices: [42]
[2024-04-23 05:50:29,385][func.train][INFO] - [DATASET] Sampling video_idx: 42 at 25 fps to 3712 frames
[2024-04-23 08:17:46,276][func.train][INFO] - [DATASET] test size: 59051
[2024-04-23 08:17:46,277][func.train][INFO] - [DATASET] test video_indices: [43]
[2024-04-23 08:17:46,289][func.train][INFO] - [DATASET] Sampling video_idx: 43 at 25 fps to 2362 frames
[2024-04-23 08:20:21,499][func.train][INFO] - [DATASET] test size: 78176
[2024-04-23 08:20:21,500][func.train][INFO] - [DATASET] test video_indices: [44]
[2024-04-23 08:20:21,513][func.train][INFO] - [DATASET] Sampling video_idx: 44 at 25 fps to 3127 frames
[2024-04-23 12:20:26,443][func.train][INFO] - [DATASET] test size: 84676
[2024-04-23 12:20:26,443][func.train][INFO] - [DATASET] test video_indices: [45]
[2024-04-23 12:20:26,457][func.train][INFO] - [DATASET] Sampling video_idx: 45 at 25 fps to 3387 frames
