[2024-11-07 13:10:54,064][func.train][INFO] - Dist info:
[2024-11-07 13:10:54,065][func.train][INFO] - torch version: 2.2.2+cu121
[2024-11-07 13:10:54,066][func.train][INFO] - torchvision version: 0.17.2+cu121
[2024-11-07 13:10:54,066][func.train][INFO] - hydra version: 1.3.2
[2024-11-07 13:10:54,073][func.train][INFO] - [MAIN] eval horizons for regression: [60]
[2024-11-07 13:10:54,073][func.train][INFO] - Loading data
[2024-11-07 13:10:54,073][func.train][INFO] - Loading datasets
[2024-11-07 13:10:57,553][func.train][INFO] - [SELECT DATASET] ALL loaded dataframe in 0m 3s
[2024-11-07 13:10:57,557][func.train][INFO] - [SELECT DATASET] ALL loaded dataframe: (4612530, 11)
[2024-11-07 13:10:57,747][func.train][INFO] - [SELECT DATASET] labels are already starting from 0
[2024-11-07 13:10:58,094][func.train][INFO] - [SELECT DATASET] ALL unique classes: [0 1 2 3 4 5 6]
[2024-11-07 13:10:58,111][func.train][INFO] - [SELECT DATASET] aLL dataframe (head):                    image_path class  ... tool_Irrigator tool_SpecimenBag
0  video01/video01_000001.png     0  ...              0                0
1  video01/video01_000002.png     0  ...              0                0
2  video01/video01_000003.png     0  ...              0                0
3  video01/video01_000004.png     0  ...              0                0
4  video01/video01_000005.png     0  ...              0                0

[5 rows x 11 columns]
[2024-11-07 13:10:58,119][func.train][INFO] - [SELECT DATASET] ALL dataframe (tail):                          image_path class  ... tool_Irrigator tool_SpecimenBag
4612525  video80/video80_043097.png     6  ...              0                0
4612526  video80/video80_043098.png     6  ...              0                0
4612527  video80/video80_043099.png     6  ...              0                0
4612528  video80/video80_043100.png     6  ...              0                0
4612529  video80/video80_043101.png     6  ...              0                0

[5 rows x 11 columns]
[2024-11-07 13:10:58,120][func.train][INFO] - [DATASET] params: {'debug': False, 'dataset_name': 'cholec80', 'reduc_feats_folder': 'train_targets_x_mp/', 'num_classes': 7, 'num_next_labels': 6, 'last_seg_class': 7, 'predict_next_phase': True, 'get_target_feats': False, 'replace_current_with_next_class': False}
[2024-11-07 13:10:59,628][func.train][INFO] - [DATASET] df unique videos: [1 2 3 4 5 6 7 8 9 10 11 12 13 14 15 16 17 18 19 20 21 22 23 24 25 26 27
 28 29 30 31 32 33 34 35 36 37 38 39 40 41 42 43 44 45 46 47 48 49 50 51
 52 53 54 55 56 57 58 59 60 61 62 63 64 65 66 67 68 69 70 71 72 73 74 75
 76 77 78 79 80]
[2024-11-07 13:10:59,629][func.train][INFO] - [DATASET] split: train video_indices: [1, 2, 3, 4, 5, 6, 7, 8, 9, 10, 11, 12, 13, 14, 15, 16, 17, 18, 19, 20, 21, 22, 23, 24, 25, 26, 27, 28, 29, 30, 31, 32, 33, 34, 35, 36, 37, 38, 39, 40, 41, 42, 43, 44, 45, 46, 47, 48, 49, 50, 51, 52, 53, 54, 55, 56, 57, 58, 59, 60]
[2024-11-07 13:11:01,688][func.train][INFO] - [DATASET] train size: 3421885
[2024-11-07 13:11:01,688][func.train][INFO] - [DATASET] train video_indices: [1, 2, 3, 4, 5, 6, 7, 8, 9, 10, 11, 12, 13, 14, 15, 16, 17, 18, 19, 20, 21, 22, 23, 24, 25, 26, 27, 28, 29, 30, 31, 32, 33, 34, 35, 36, 37, 38, 39, 40, 41, 42, 43, 44, 45, 46, 47, 48, 49, 50, 51, 52, 53, 54, 55, 56, 57, 58, 59, 60]
[2024-11-07 13:11:01,688][func.train][INFO] - [DATASET] video_idx: 1
[2024-11-07 13:11:01,844][func.train][INFO] - [DATASET] Sampled video_idx: 1 at 25 fps to 1733 frames
[2024-11-07 13:11:01,868][func.train][INFO] - [DATASET] video 1 phase_labels: torch.Size([1733])
[2024-11-07 13:11:02,500][func.train][INFO] - [DATASET] gt_remaining_time h=60: torch.Size([1733, 8])
[2024-11-07 13:11:02,502][func.train][INFO] - 

[2024-11-07 13:11:02,517][func.train][INFO] - [DATASET] Saved gt_remaining_time for video 1
[2024-11-07 13:11:02,519][func.train][INFO] - [DATASET] video_idx: 2
[2024-11-07 13:11:02,677][func.train][INFO] - [DATASET] Sampled video_idx: 2 at 25 fps to 2839 frames
[2024-11-07 13:11:02,678][func.train][INFO] - [DATASET] video 2 phase_labels: torch.Size([2839])
[2024-11-07 13:11:03,038][func.train][INFO] - [DATASET] gt_remaining_time h=60: torch.Size([2839, 8])
[2024-11-07 13:11:03,039][func.train][INFO] - 

[2024-11-07 13:11:03,063][func.train][INFO] - [DATASET] Saved gt_remaining_time for video 2
[2024-11-07 13:11:03,066][func.train][INFO] - [DATASET] video_idx: 3
[2024-11-07 13:11:03,237][func.train][INFO] - [DATASET] Sampled video_idx: 3 at 25 fps to 5828 frames
[2024-11-07 13:11:03,239][func.train][INFO] - [DATASET] video 3 phase_labels: torch.Size([5828])
[2024-11-07 13:11:04,061][func.train][INFO] - [DATASET] gt_remaining_time h=60: torch.Size([5828, 8])
[2024-11-07 13:11:04,063][func.train][INFO] - 

[2024-11-07 13:11:04,110][func.train][INFO] - [DATASET] Saved gt_remaining_time for video 3
[2024-11-07 13:11:04,112][func.train][INFO] - [DATASET] video_idx: 4
[2024-11-07 13:11:04,265][func.train][INFO] - [DATASET] Sampled video_idx: 4 at 25 fps to 1522 frames
[2024-11-07 13:11:04,266][func.train][INFO] - [DATASET] video 4 phase_labels: torch.Size([1522])
[2024-11-07 13:11:04,464][func.train][INFO] - [DATASET] gt_remaining_time h=60: torch.Size([1522, 8])
[2024-11-07 13:11:04,465][func.train][INFO] - 

[2024-11-07 13:11:04,480][func.train][INFO] - [DATASET] Saved gt_remaining_time for video 4
[2024-11-07 13:11:04,481][func.train][INFO] - [DATASET] video_idx: 5
[2024-11-07 13:11:04,635][func.train][INFO] - [DATASET] Sampled video_idx: 5 at 25 fps to 2344 frames
[2024-11-07 13:11:04,636][func.train][INFO] - [DATASET] video 5 phase_labels: torch.Size([2344])
[2024-11-07 13:11:04,886][func.train][INFO] - [DATASET] gt_remaining_time h=60: torch.Size([2344, 8])
[2024-11-07 13:11:04,886][func.train][INFO] - 

[2024-11-07 13:11:04,910][func.train][INFO] - [DATASET] Saved gt_remaining_time for video 5
[2024-11-07 13:11:04,911][func.train][INFO] - [DATASET] video_idx: 6
[2024-11-07 13:11:05,060][func.train][INFO] - [DATASET] Sampled video_idx: 6 at 25 fps to 2153 frames
[2024-11-07 13:11:05,060][func.train][INFO] - [DATASET] video 6 phase_labels: torch.Size([2153])
[2024-11-07 13:11:05,329][func.train][INFO] - [DATASET] gt_remaining_time h=60: torch.Size([2153, 8])
[2024-11-07 13:11:05,329][func.train][INFO] - 

[2024-11-07 13:11:05,348][func.train][INFO] - [DATASET] Saved gt_remaining_time for video 6
[2024-11-07 13:11:05,352][func.train][INFO] - [DATASET] video_idx: 7
[2024-11-07 13:11:05,517][func.train][INFO] - [DATASET] Sampled video_idx: 7 at 25 fps to 4557 frames
[2024-11-07 13:11:05,518][func.train][INFO] - [DATASET] video 7 phase_labels: torch.Size([4557])
[2024-11-07 13:11:05,978][func.train][INFO] - [DATASET] gt_remaining_time h=60: torch.Size([4557, 8])
[2024-11-07 13:11:05,979][func.train][INFO] - 

[2024-11-07 13:11:06,015][func.train][INFO] - [DATASET] Saved gt_remaining_time for video 7
[2024-11-07 13:11:06,019][func.train][INFO] - [DATASET] video_idx: 8
[2024-11-07 13:11:06,172][func.train][INFO] - [DATASET] Sampled video_idx: 8 at 25 fps to 1519 frames
[2024-11-07 13:11:06,173][func.train][INFO] - [DATASET] video 8 phase_labels: torch.Size([1519])
[2024-11-07 13:11:06,350][func.train][INFO] - [DATASET] gt_remaining_time h=60: torch.Size([1519, 8])
[2024-11-07 13:11:06,351][func.train][INFO] - 

[2024-11-07 13:11:06,365][func.train][INFO] - [DATASET] Saved gt_remaining_time for video 8
[2024-11-07 13:11:06,367][func.train][INFO] - [DATASET] video_idx: 9
[2024-11-07 13:11:06,525][func.train][INFO] - [DATASET] Sampled video_idx: 9 at 25 fps to 2702 frames
[2024-11-07 13:11:06,526][func.train][INFO] - [DATASET] video 9 phase_labels: torch.Size([2702])
[2024-11-07 13:11:06,844][func.train][INFO] - [DATASET] gt_remaining_time h=60: torch.Size([2702, 8])
[2024-11-07 13:11:06,845][func.train][INFO] - 

[2024-11-07 13:11:06,870][func.train][INFO] - [DATASET] Saved gt_remaining_time for video 9
[2024-11-07 13:11:06,871][func.train][INFO] - [DATASET] video_idx: 10
[2024-11-07 13:11:07,024][func.train][INFO] - [DATASET] Sampled video_idx: 10 at 25 fps to 1749 frames
[2024-11-07 13:11:07,025][func.train][INFO] - [DATASET] video 10 phase_labels: torch.Size([1749])
[2024-11-07 13:11:07,226][func.train][INFO] - [DATASET] gt_remaining_time h=60: torch.Size([1749, 8])
[2024-11-07 13:11:07,227][func.train][INFO] - 

[2024-11-07 13:11:07,241][func.train][INFO] - [DATASET] Saved gt_remaining_time for video 10
[2024-11-07 13:11:07,244][func.train][INFO] - [DATASET] video_idx: 11
[2024-11-07 13:11:07,404][func.train][INFO] - [DATASET] Sampled video_idx: 11 at 25 fps to 3220 frames
[2024-11-07 13:11:07,405][func.train][INFO] - [DATASET] video 11 phase_labels: torch.Size([3220])
[2024-11-07 13:11:07,836][func.train][INFO] - [DATASET] gt_remaining_time h=60: torch.Size([3220, 8])
[2024-11-07 13:11:07,837][func.train][INFO] - 

[2024-11-07 13:11:07,864][func.train][INFO] - [DATASET] Saved gt_remaining_time for video 11
[2024-11-07 13:11:07,867][func.train][INFO] - [DATASET] video_idx: 12
[2024-11-07 13:11:08,017][func.train][INFO] - [DATASET] Sampled video_idx: 12 at 25 fps to 1090 frames
[2024-11-07 13:11:08,018][func.train][INFO] - [DATASET] video 12 phase_labels: torch.Size([1090])
[2024-11-07 13:11:08,158][func.train][INFO] - [DATASET] gt_remaining_time h=60: torch.Size([1090, 8])
[2024-11-07 13:11:08,159][func.train][INFO] - 

[2024-11-07 13:11:08,171][func.train][INFO] - [DATASET] Saved gt_remaining_time for video 12
[2024-11-07 13:11:08,173][func.train][INFO] - [DATASET] video_idx: 13
[2024-11-07 13:11:08,328][func.train][INFO] - [DATASET] Sampled video_idx: 13 at 25 fps to 981 frames
[2024-11-07 13:11:08,328][func.train][INFO] - [DATASET] video 13 phase_labels: torch.Size([981])
[2024-11-07 13:11:08,442][func.train][INFO] - [DATASET] gt_remaining_time h=60: torch.Size([981, 8])
[2024-11-07 13:11:08,442][func.train][INFO] - 

[2024-11-07 13:11:08,453][func.train][INFO] - [DATASET] Saved gt_remaining_time for video 13
[2024-11-07 13:11:08,455][func.train][INFO] - [DATASET] video_idx: 14
[2024-11-07 13:11:08,615][func.train][INFO] - [DATASET] Sampled video_idx: 14 at 25 fps to 1708 frames
[2024-11-07 13:11:08,616][func.train][INFO] - [DATASET] video 14 phase_labels: torch.Size([1708])
[2024-11-07 13:11:08,814][func.train][INFO] - [DATASET] gt_remaining_time h=60: torch.Size([1708, 8])
[2024-11-07 13:11:08,815][func.train][INFO] - 

[2024-11-07 13:11:08,830][func.train][INFO] - [DATASET] Saved gt_remaining_time for video 14
[2024-11-07 13:11:08,834][func.train][INFO] - [DATASET] video_idx: 15
[2024-11-07 13:11:08,989][func.train][INFO] - [DATASET] Sampled video_idx: 15 at 25 fps to 2058 frames
[2024-11-07 13:11:08,989][func.train][INFO] - [DATASET] video 15 phase_labels: torch.Size([2058])
[2024-11-07 13:11:09,222][func.train][INFO] - [DATASET] gt_remaining_time h=60: torch.Size([2058, 8])
[2024-11-07 13:11:09,223][func.train][INFO] - 

[2024-11-07 13:11:09,240][func.train][INFO] - [DATASET] Saved gt_remaining_time for video 15
[2024-11-07 13:11:09,242][func.train][INFO] - [DATASET] video_idx: 16
[2024-11-07 13:11:09,399][func.train][INFO] - [DATASET] Sampled video_idx: 16 at 25 fps to 2957 frames
[2024-11-07 13:11:09,400][func.train][INFO] - [DATASET] video 16 phase_labels: torch.Size([2957])
[2024-11-07 13:11:09,759][func.train][INFO] - [DATASET] gt_remaining_time h=60: torch.Size([2957, 8])
[2024-11-07 13:11:09,760][func.train][INFO] - 

[2024-11-07 13:11:09,785][func.train][INFO] - [DATASET] Saved gt_remaining_time for video 16
[2024-11-07 13:11:09,787][func.train][INFO] - [DATASET] video_idx: 17
[2024-11-07 13:11:09,935][func.train][INFO] - [DATASET] Sampled video_idx: 17 at 25 fps to 1304 frames
[2024-11-07 13:11:09,936][func.train][INFO] - [DATASET] video 17 phase_labels: torch.Size([1304])
[2024-11-07 13:11:10,093][func.train][INFO] - [DATASET] gt_remaining_time h=60: torch.Size([1304, 8])
[2024-11-07 13:11:10,094][func.train][INFO] - 

[2024-11-07 13:11:10,109][func.train][INFO] - [DATASET] Saved gt_remaining_time for video 17
[2024-11-07 13:11:10,110][func.train][INFO] - [DATASET] video_idx: 18
[2024-11-07 13:11:10,263][func.train][INFO] - [DATASET] Sampled video_idx: 18 at 25 fps to 1942 frames
[2024-11-07 13:11:10,264][func.train][INFO] - [DATASET] video 18 phase_labels: torch.Size([1942])
[2024-11-07 13:11:10,494][func.train][INFO] - [DATASET] gt_remaining_time h=60: torch.Size([1942, 8])
[2024-11-07 13:11:10,494][func.train][INFO] - 

[2024-11-07 13:11:10,515][func.train][INFO] - [DATASET] Saved gt_remaining_time for video 18
[2024-11-07 13:11:10,518][func.train][INFO] - [DATASET] video_idx: 19
[2024-11-07 13:11:10,664][func.train][INFO] - [DATASET] Sampled video_idx: 19 at 25 fps to 2424 frames
[2024-11-07 13:11:10,665][func.train][INFO] - [DATASET] video 19 phase_labels: torch.Size([2424])
[2024-11-07 13:11:10,985][func.train][INFO] - [DATASET] gt_remaining_time h=60: torch.Size([2424, 8])
[2024-11-07 13:11:10,986][func.train][INFO] - 

[2024-11-07 13:11:11,007][func.train][INFO] - [DATASET] Saved gt_remaining_time for video 19
[2024-11-07 13:11:11,009][func.train][INFO] - [DATASET] video_idx: 20
[2024-11-07 13:11:11,173][func.train][INFO] - [DATASET] Sampled video_idx: 20 at 25 fps to 1449 frames
[2024-11-07 13:11:11,173][func.train][INFO] - [DATASET] video 20 phase_labels: torch.Size([1449])
[2024-11-07 13:11:11,340][func.train][INFO] - [DATASET] gt_remaining_time h=60: torch.Size([1449, 8])
[2024-11-07 13:11:11,341][func.train][INFO] - 

[2024-11-07 13:11:11,354][func.train][INFO] - [DATASET] Saved gt_remaining_time for video 20
[2024-11-07 13:11:11,355][func.train][INFO] - [DATASET] video_idx: 21
[2024-11-07 13:11:11,505][func.train][INFO] - [DATASET] Sampled video_idx: 21 at 25 fps to 1258 frames
[2024-11-07 13:11:11,505][func.train][INFO] - [DATASET] video 21 phase_labels: torch.Size([1258])
[2024-11-07 13:11:11,645][func.train][INFO] - [DATASET] gt_remaining_time h=60: torch.Size([1258, 8])
[2024-11-07 13:11:11,645][func.train][INFO] - 

[2024-11-07 13:11:11,657][func.train][INFO] - [DATASET] Saved gt_remaining_time for video 21
[2024-11-07 13:11:11,659][func.train][INFO] - [DATASET] video_idx: 22
[2024-11-07 13:11:11,819][func.train][INFO] - [DATASET] Sampled video_idx: 22 at 25 fps to 1532 frames
[2024-11-07 13:11:11,820][func.train][INFO] - [DATASET] video 22 phase_labels: torch.Size([1532])
[2024-11-07 13:11:11,992][func.train][INFO] - [DATASET] gt_remaining_time h=60: torch.Size([1532, 8])
[2024-11-07 13:11:11,994][func.train][INFO] - 

[2024-11-07 13:11:12,008][func.train][INFO] - [DATASET] Saved gt_remaining_time for video 22
[2024-11-07 13:11:12,012][func.train][INFO] - [DATASET] video_idx: 23
[2024-11-07 13:11:12,165][func.train][INFO] - [DATASET] Sampled video_idx: 23 at 25 fps to 1635 frames
[2024-11-07 13:11:12,166][func.train][INFO] - [DATASET] video 23 phase_labels: torch.Size([1635])
[2024-11-07 13:11:12,338][func.train][INFO] - [DATASET] gt_remaining_time h=60: torch.Size([1635, 8])
[2024-11-07 13:11:12,339][func.train][INFO] - 

[2024-11-07 13:11:12,364][func.train][INFO] - [DATASET] Saved gt_remaining_time for video 23
[2024-11-07 13:11:12,368][func.train][INFO] - [DATASET] video_idx: 24
[2024-11-07 13:11:12,523][func.train][INFO] - [DATASET] Sampled video_idx: 24 at 25 fps to 1975 frames
[2024-11-07 13:11:12,524][func.train][INFO] - [DATASET] video 24 phase_labels: torch.Size([1975])
[2024-11-07 13:11:12,759][func.train][INFO] - [DATASET] gt_remaining_time h=60: torch.Size([1975, 8])
[2024-11-07 13:11:12,760][func.train][INFO] - 

[2024-11-07 13:11:12,777][func.train][INFO] - [DATASET] Saved gt_remaining_time for video 24
[2024-11-07 13:11:12,779][func.train][INFO] - [DATASET] video_idx: 25
[2024-11-07 13:11:12,934][func.train][INFO] - [DATASET] Sampled video_idx: 25 at 25 fps to 2129 frames
[2024-11-07 13:11:12,935][func.train][INFO] - [DATASET] video 25 phase_labels: torch.Size([2129])
[2024-11-07 13:11:13,181][func.train][INFO] - [DATASET] gt_remaining_time h=60: torch.Size([2129, 8])
[2024-11-07 13:11:13,183][func.train][INFO] - 

[2024-11-07 13:11:13,201][func.train][INFO] - [DATASET] Saved gt_remaining_time for video 25
[2024-11-07 13:11:13,203][func.train][INFO] - [DATASET] video_idx: 26
[2024-11-07 13:11:13,346][func.train][INFO] - [DATASET] Sampled video_idx: 26 at 25 fps to 1773 frames
[2024-11-07 13:11:13,347][func.train][INFO] - [DATASET] video 26 phase_labels: torch.Size([1773])
[2024-11-07 13:11:13,571][func.train][INFO] - [DATASET] gt_remaining_time h=60: torch.Size([1773, 8])
[2024-11-07 13:11:13,572][func.train][INFO] - 

[2024-11-07 13:11:13,587][func.train][INFO] - [DATASET] Saved gt_remaining_time for video 26
[2024-11-07 13:11:13,588][func.train][INFO] - [DATASET] video_idx: 27
[2024-11-07 13:11:13,748][func.train][INFO] - [DATASET] Sampled video_idx: 27 at 25 fps to 2084 frames
[2024-11-07 13:11:13,749][func.train][INFO] - [DATASET] video 27 phase_labels: torch.Size([2084])
[2024-11-07 13:11:14,003][func.train][INFO] - [DATASET] gt_remaining_time h=60: torch.Size([2084, 8])
[2024-11-07 13:11:14,004][func.train][INFO] - 

[2024-11-07 13:11:14,022][func.train][INFO] - [DATASET] Saved gt_remaining_time for video 27
[2024-11-07 13:11:14,024][func.train][INFO] - [DATASET] video_idx: 28
[2024-11-07 13:11:14,174][func.train][INFO] - [DATASET] Sampled video_idx: 28 at 25 fps to 1199 frames
[2024-11-07 13:11:14,174][func.train][INFO] - [DATASET] video 28 phase_labels: torch.Size([1199])
[2024-11-07 13:11:14,329][func.train][INFO] - [DATASET] gt_remaining_time h=60: torch.Size([1199, 8])
[2024-11-07 13:11:14,330][func.train][INFO] - 

[2024-11-07 13:11:14,342][func.train][INFO] - [DATASET] Saved gt_remaining_time for video 28
[2024-11-07 13:11:14,345][func.train][INFO] - [DATASET] video_idx: 29
[2024-11-07 13:11:14,498][func.train][INFO] - [DATASET] Sampled video_idx: 29 at 25 fps to 2350 frames
[2024-11-07 13:11:14,499][func.train][INFO] - [DATASET] video 29 phase_labels: torch.Size([2350])
[2024-11-07 13:11:14,741][func.train][INFO] - [DATASET] gt_remaining_time h=60: torch.Size([2350, 8])
[2024-11-07 13:11:14,742][func.train][INFO] - 

[2024-11-07 13:11:14,764][func.train][INFO] - [DATASET] Saved gt_remaining_time for video 29
[2024-11-07 13:11:14,765][func.train][INFO] - [DATASET] video_idx: 30
[2024-11-07 13:11:14,924][func.train][INFO] - [DATASET] Sampled video_idx: 30 at 25 fps to 2925 frames
[2024-11-07 13:11:14,925][func.train][INFO] - [DATASET] video 30 phase_labels: torch.Size([2925])
[2024-11-07 13:11:15,241][func.train][INFO] - [DATASET] gt_remaining_time h=60: torch.Size([2925, 8])
[2024-11-07 13:11:15,242][func.train][INFO] - 

[2024-11-07 13:11:15,268][func.train][INFO] - [DATASET] Saved gt_remaining_time for video 30
[2024-11-07 13:11:15,272][func.train][INFO] - [DATASET] video_idx: 31
[2024-11-07 13:11:15,434][func.train][INFO] - [DATASET] Sampled video_idx: 31 at 25 fps to 3945 frames
[2024-11-07 13:11:15,436][func.train][INFO] - [DATASET] video 31 phase_labels: torch.Size([3945])
[2024-11-07 13:11:15,998][func.train][INFO] - [DATASET] gt_remaining_time h=60: torch.Size([3945, 8])
[2024-11-07 13:11:15,999][func.train][INFO] - 

[2024-11-07 13:11:16,033][func.train][INFO] - [DATASET] Saved gt_remaining_time for video 31
[2024-11-07 13:11:16,035][func.train][INFO] - [DATASET] video_idx: 32
[2024-11-07 13:11:16,180][func.train][INFO] - [DATASET] Sampled video_idx: 32 at 25 fps to 2116 frames
[2024-11-07 13:11:16,181][func.train][INFO] - [DATASET] video 32 phase_labels: torch.Size([2116])
[2024-11-07 13:11:16,436][func.train][INFO] - [DATASET] gt_remaining_time h=60: torch.Size([2116, 8])
[2024-11-07 13:11:16,437][func.train][INFO] - 

[2024-11-07 13:11:16,455][func.train][INFO] - [DATASET] Saved gt_remaining_time for video 32
[2024-11-07 13:11:16,457][func.train][INFO] - [DATASET] video_idx: 33
[2024-11-07 13:11:16,602][func.train][INFO] - [DATASET] Sampled video_idx: 33 at 25 fps to 1307 frames
[2024-11-07 13:11:16,603][func.train][INFO] - [DATASET] video 33 phase_labels: torch.Size([1307])
[2024-11-07 13:11:16,740][func.train][INFO] - [DATASET] gt_remaining_time h=60: torch.Size([1307, 8])
[2024-11-07 13:11:16,741][func.train][INFO] - 

[2024-11-07 13:11:16,754][func.train][INFO] - [DATASET] Saved gt_remaining_time for video 33
[2024-11-07 13:11:16,755][func.train][INFO] - [DATASET] video_idx: 34
[2024-11-07 13:11:16,903][func.train][INFO] - [DATASET] Sampled video_idx: 34 at 25 fps to 1323 frames
[2024-11-07 13:11:16,903][func.train][INFO] - [DATASET] video 34 phase_labels: torch.Size([1323])
[2024-11-07 13:11:17,050][func.train][INFO] - [DATASET] gt_remaining_time h=60: torch.Size([1323, 8])
[2024-11-07 13:11:17,051][func.train][INFO] - 

[2024-11-07 13:11:17,063][func.train][INFO] - [DATASET] Saved gt_remaining_time for video 34
[2024-11-07 13:11:17,065][func.train][INFO] - [DATASET] video_idx: 35
[2024-11-07 13:11:17,210][func.train][INFO] - [DATASET] Sampled video_idx: 35 at 25 fps to 2106 frames
[2024-11-07 13:11:17,211][func.train][INFO] - [DATASET] video 35 phase_labels: torch.Size([2106])
[2024-11-07 13:11:17,480][func.train][INFO] - [DATASET] gt_remaining_time h=60: torch.Size([2106, 8])
[2024-11-07 13:11:17,480][func.train][INFO] - 

[2024-11-07 13:11:17,498][func.train][INFO] - [DATASET] Saved gt_remaining_time for video 35
[2024-11-07 13:11:17,499][func.train][INFO] - [DATASET] video_idx: 36
[2024-11-07 13:11:17,661][func.train][INFO] - [DATASET] Sampled video_idx: 36 at 25 fps to 2387 frames
[2024-11-07 13:11:17,662][func.train][INFO] - [DATASET] video 36 phase_labels: torch.Size([2387])
[2024-11-07 13:11:17,963][func.train][INFO] - [DATASET] gt_remaining_time h=60: torch.Size([2387, 8])
[2024-11-07 13:11:17,964][func.train][INFO] - 

[2024-11-07 13:11:17,984][func.train][INFO] - [DATASET] Saved gt_remaining_time for video 36
[2024-11-07 13:11:17,988][func.train][INFO] - [DATASET] video_idx: 37
[2024-11-07 13:11:18,134][func.train][INFO] - [DATASET] Sampled video_idx: 37 at 25 fps to 1232 frames
[2024-11-07 13:11:18,134][func.train][INFO] - [DATASET] video 37 phase_labels: torch.Size([1232])
[2024-11-07 13:11:18,295][func.train][INFO] - [DATASET] gt_remaining_time h=60: torch.Size([1232, 8])
[2024-11-07 13:11:18,296][func.train][INFO] - 

[2024-11-07 13:11:18,307][func.train][INFO] - [DATASET] Saved gt_remaining_time for video 37
[2024-11-07 13:11:18,309][func.train][INFO] - [DATASET] video_idx: 38
[2024-11-07 13:11:18,466][func.train][INFO] - [DATASET] Sampled video_idx: 38 at 25 fps to 3080 frames
[2024-11-07 13:11:18,468][func.train][INFO] - [DATASET] video 38 phase_labels: torch.Size([3080])
[2024-11-07 13:11:18,860][func.train][INFO] - [DATASET] gt_remaining_time h=60: torch.Size([3080, 8])
[2024-11-07 13:11:18,862][func.train][INFO] - 

[2024-11-07 13:11:18,887][func.train][INFO] - [DATASET] Saved gt_remaining_time for video 38
[2024-11-07 13:11:18,888][func.train][INFO] - [DATASET] video_idx: 39
[2024-11-07 13:11:19,039][func.train][INFO] - [DATASET] Sampled video_idx: 39 at 25 fps to 1647 frames
[2024-11-07 13:11:19,040][func.train][INFO] - [DATASET] video 39 phase_labels: torch.Size([1647])
[2024-11-07 13:11:19,246][func.train][INFO] - [DATASET] gt_remaining_time h=60: torch.Size([1647, 8])
[2024-11-07 13:11:19,246][func.train][INFO] - 

[2024-11-07 13:11:19,262][func.train][INFO] - [DATASET] Saved gt_remaining_time for video 39
[2024-11-07 13:11:19,264][func.train][INFO] - [DATASET] video_idx: 40
[2024-11-07 13:11:19,423][func.train][INFO] - [DATASET] Sampled video_idx: 40 at 25 fps to 2222 frames
[2024-11-07 13:11:19,424][func.train][INFO] - [DATASET] video 40 phase_labels: torch.Size([2222])
[2024-11-07 13:11:19,723][func.train][INFO] - [DATASET] gt_remaining_time h=60: torch.Size([2222, 8])
[2024-11-07 13:11:19,724][func.train][INFO] - 

[2024-11-07 13:11:19,743][func.train][INFO] - [DATASET] Saved gt_remaining_time for video 40
[2024-11-07 13:11:19,744][func.train][INFO] - [DATASET] video_idx: 41
[2024-11-07 13:11:19,902][func.train][INFO] - [DATASET] Sampled video_idx: 41 at 25 fps to 3103 frames
[2024-11-07 13:11:19,903][func.train][INFO] - [DATASET] video 41 phase_labels: torch.Size([3103])
[2024-11-07 13:11:20,290][func.train][INFO] - [DATASET] gt_remaining_time h=60: torch.Size([3103, 8])
[2024-11-07 13:11:20,291][func.train][INFO] - 

[2024-11-07 13:11:20,317][func.train][INFO] - [DATASET] Saved gt_remaining_time for video 41
[2024-11-07 13:11:20,320][func.train][INFO] - [DATASET] video_idx: 42
[2024-11-07 13:11:20,479][func.train][INFO] - [DATASET] Sampled video_idx: 42 at 25 fps to 3712 frames
[2024-11-07 13:11:20,480][func.train][INFO] - [DATASET] video 42 phase_labels: torch.Size([3712])
[2024-11-07 13:11:20,957][func.train][INFO] - [DATASET] gt_remaining_time h=60: torch.Size([3712, 8])
[2024-11-07 13:11:20,958][func.train][INFO] - 

[2024-11-07 13:11:20,989][func.train][INFO] - [DATASET] Saved gt_remaining_time for video 42
[2024-11-07 13:11:20,990][func.train][INFO] - [DATASET] video_idx: 43
[2024-11-07 13:11:21,145][func.train][INFO] - [DATASET] Sampled video_idx: 43 at 25 fps to 2362 frames
[2024-11-07 13:11:21,146][func.train][INFO] - [DATASET] video 43 phase_labels: torch.Size([2362])
[2024-11-07 13:11:21,419][func.train][INFO] - [DATASET] gt_remaining_time h=60: torch.Size([2362, 8])
[2024-11-07 13:11:21,420][func.train][INFO] - 

[2024-11-07 13:11:21,439][func.train][INFO] - [DATASET] Saved gt_remaining_time for video 43
[2024-11-07 13:11:21,440][func.train][INFO] - [DATASET] video_idx: 44
[2024-11-07 13:11:21,600][func.train][INFO] - [DATASET] Sampled video_idx: 44 at 25 fps to 3127 frames
[2024-11-07 13:11:21,601][func.train][INFO] - [DATASET] video 44 phase_labels: torch.Size([3127])
[2024-11-07 13:11:21,974][func.train][INFO] - [DATASET] gt_remaining_time h=60: torch.Size([3127, 8])
[2024-11-07 13:11:21,975][func.train][INFO] - 

[2024-11-07 13:11:22,001][func.train][INFO] - [DATASET] Saved gt_remaining_time for video 44
[2024-11-07 13:11:22,004][func.train][INFO] - [DATASET] video_idx: 45
[2024-11-07 13:11:22,163][func.train][INFO] - [DATASET] Sampled video_idx: 45 at 25 fps to 3387 frames
[2024-11-07 13:11:22,164][func.train][INFO] - [DATASET] video 45 phase_labels: torch.Size([3387])
[2024-11-07 13:11:22,506][func.train][INFO] - [DATASET] gt_remaining_time h=60: torch.Size([3387, 8])
[2024-11-07 13:11:22,507][func.train][INFO] - 

[2024-11-07 13:11:22,534][func.train][INFO] - [DATASET] Saved gt_remaining_time for video 45
[2024-11-07 13:11:22,535][func.train][INFO] - [DATASET] video_idx: 46
[2024-11-07 13:11:22,684][func.train][INFO] - [DATASET] Sampled video_idx: 46 at 25 fps to 1653 frames
[2024-11-07 13:11:22,685][func.train][INFO] - [DATASET] video 46 phase_labels: torch.Size([1653])
[2024-11-07 13:11:22,876][func.train][INFO] - [DATASET] gt_remaining_time h=60: torch.Size([1653, 8])
[2024-11-07 13:11:22,877][func.train][INFO] - 

[2024-11-07 13:11:22,893][func.train][INFO] - [DATASET] Saved gt_remaining_time for video 46
[2024-11-07 13:11:22,896][func.train][INFO] - [DATASET] video_idx: 47
[2024-11-07 13:11:23,052][func.train][INFO] - [DATASET] Sampled video_idx: 47 at 25 fps to 2259 frames
[2024-11-07 13:11:23,053][func.train][INFO] - [DATASET] video 47 phase_labels: torch.Size([2259])
[2024-11-07 13:11:23,311][func.train][INFO] - [DATASET] gt_remaining_time h=60: torch.Size([2259, 8])
[2024-11-07 13:11:23,312][func.train][INFO] - 

[2024-11-07 13:11:23,332][func.train][INFO] - [DATASET] Saved gt_remaining_time for video 47
[2024-11-07 13:11:23,333][func.train][INFO] - [DATASET] video_idx: 48
[2024-11-07 13:11:23,483][func.train][INFO] - [DATASET] Sampled video_idx: 48 at 25 fps to 1834 frames
[2024-11-07 13:11:23,484][func.train][INFO] - [DATASET] video 48 phase_labels: torch.Size([1834])
[2024-11-07 13:11:23,721][func.train][INFO] - [DATASET] gt_remaining_time h=60: torch.Size([1834, 8])
[2024-11-07 13:11:23,722][func.train][INFO] - 

[2024-11-07 13:11:23,737][func.train][INFO] - [DATASET] Saved gt_remaining_time for video 48
[2024-11-07 13:11:23,738][func.train][INFO] - [DATASET] video_idx: 49
[2024-11-07 13:11:23,891][func.train][INFO] - [DATASET] Sampled video_idx: 49 at 25 fps to 1671 frames
[2024-11-07 13:11:23,893][func.train][INFO] - [DATASET] video 49 phase_labels: torch.Size([1671])
[2024-11-07 13:11:24,073][func.train][INFO] - [DATASET] gt_remaining_time h=60: torch.Size([1671, 8])
[2024-11-07 13:11:24,074][func.train][INFO] - 

[2024-11-07 13:11:24,088][func.train][INFO] - [DATASET] Saved gt_remaining_time for video 49
[2024-11-07 13:11:24,089][func.train][INFO] - [DATASET] video_idx: 50
[2024-11-07 13:11:24,229][func.train][INFO] - [DATASET] Sampled video_idx: 50 at 25 fps to 1094 frames
[2024-11-07 13:11:24,230][func.train][INFO] - [DATASET] video 50 phase_labels: torch.Size([1094])
[2024-11-07 13:11:24,347][func.train][INFO] - [DATASET] gt_remaining_time h=60: torch.Size([1094, 8])
[2024-11-07 13:11:24,347][func.train][INFO] - 

[2024-11-07 13:11:24,357][func.train][INFO] - [DATASET] Saved gt_remaining_time for video 50
[2024-11-07 13:11:24,359][func.train][INFO] - [DATASET] video_idx: 51
[2024-11-07 13:11:24,511][func.train][INFO] - [DATASET] Sampled video_idx: 51 at 25 fps to 2944 frames
[2024-11-07 13:11:24,513][func.train][INFO] - [DATASET] video 51 phase_labels: torch.Size([2944])
[2024-11-07 13:11:24,956][func.train][INFO] - [DATASET] gt_remaining_time h=60: torch.Size([2944, 8])
[2024-11-07 13:11:24,957][func.train][INFO] - 

[2024-11-07 13:11:24,991][func.train][INFO] - [DATASET] Saved gt_remaining_time for video 51
[2024-11-07 13:11:24,993][func.train][INFO] - [DATASET] video_idx: 52
[2024-11-07 13:11:25,235][func.train][INFO] - [DATASET] Sampled video_idx: 52 at 25 fps to 1966 frames
[2024-11-07 13:11:25,236][func.train][INFO] - [DATASET] video 52 phase_labels: torch.Size([1966])
[2024-11-07 13:11:25,476][func.train][INFO] - [DATASET] gt_remaining_time h=60: torch.Size([1966, 8])
[2024-11-07 13:11:25,477][func.train][INFO] - 

[2024-11-07 13:11:25,493][func.train][INFO] - [DATASET] Saved gt_remaining_time for video 52
[2024-11-07 13:11:25,494][func.train][INFO] - [DATASET] video_idx: 53
[2024-11-07 13:11:25,645][func.train][INFO] - [DATASET] Sampled video_idx: 53 at 25 fps to 3283 frames
[2024-11-07 13:11:25,646][func.train][INFO] - [DATASET] video 53 phase_labels: torch.Size([3283])
[2024-11-07 13:11:26,006][func.train][INFO] - [DATASET] gt_remaining_time h=60: torch.Size([3283, 8])
[2024-11-07 13:11:26,007][func.train][INFO] - 

[2024-11-07 13:11:26,035][func.train][INFO] - [DATASET] Saved gt_remaining_time for video 53
[2024-11-07 13:11:26,038][func.train][INFO] - [DATASET] video_idx: 54
[2024-11-07 13:11:26,191][func.train][INFO] - [DATASET] Sampled video_idx: 54 at 25 fps to 3100 frames
[2024-11-07 13:11:26,192][func.train][INFO] - [DATASET] video 54 phase_labels: torch.Size([3100])
[2024-11-07 13:11:26,548][func.train][INFO] - [DATASET] gt_remaining_time h=60: torch.Size([3100, 8])
[2024-11-07 13:11:26,549][func.train][INFO] - 

[2024-11-07 13:11:26,576][func.train][INFO] - [DATASET] Saved gt_remaining_time for video 54
[2024-11-07 13:11:26,579][func.train][INFO] - [DATASET] video_idx: 55
[2024-11-07 13:11:26,719][func.train][INFO] - [DATASET] Sampled video_idx: 55 at 25 fps to 1037 frames
[2024-11-07 13:11:26,720][func.train][INFO] - [DATASET] video 55 phase_labels: torch.Size([1037])
[2024-11-07 13:11:26,847][func.train][INFO] - [DATASET] gt_remaining_time h=60: torch.Size([1037, 8])
[2024-11-07 13:11:26,847][func.train][INFO] - 

[2024-11-07 13:11:26,860][func.train][INFO] - [DATASET] Saved gt_remaining_time for video 55
[2024-11-07 13:11:26,863][func.train][INFO] - [DATASET] video_idx: 56
[2024-11-07 13:11:27,011][func.train][INFO] - [DATASET] Sampled video_idx: 56 at 25 fps to 1834 frames
[2024-11-07 13:11:27,012][func.train][INFO] - [DATASET] video 56 phase_labels: torch.Size([1834])
[2024-11-07 13:11:27,250][func.train][INFO] - [DATASET] gt_remaining_time h=60: torch.Size([1834, 8])
[2024-11-07 13:11:27,251][func.train][INFO] - 

[2024-11-07 13:11:27,270][func.train][INFO] - [DATASET] Saved gt_remaining_time for video 56
[2024-11-07 13:11:27,274][func.train][INFO] - [DATASET] video_idx: 57
[2024-11-07 13:11:27,444][func.train][INFO] - [DATASET] Sampled video_idx: 57 at 25 fps to 2632 frames
[2024-11-07 13:11:27,445][func.train][INFO] - [DATASET] video 57 phase_labels: torch.Size([2632])
[2024-11-07 13:11:27,766][func.train][INFO] - [DATASET] gt_remaining_time h=60: torch.Size([2632, 8])
[2024-11-07 13:11:27,767][func.train][INFO] - 

[2024-11-07 13:11:27,801][func.train][INFO] - [DATASET] Saved gt_remaining_time for video 57
[2024-11-07 13:11:27,803][func.train][INFO] - [DATASET] video_idx: 58
[2024-11-07 13:11:27,976][func.train][INFO] - [DATASET] Sampled video_idx: 58 at 25 fps to 5993 frames
[2024-11-07 13:11:27,977][func.train][INFO] - [DATASET] video 58 phase_labels: torch.Size([5993])
[2024-11-07 13:11:28,602][func.train][INFO] - [DATASET] gt_remaining_time h=60: torch.Size([5993, 8])
[2024-11-07 13:11:28,603][func.train][INFO] - 

[2024-11-07 13:11:28,650][func.train][INFO] - [DATASET] Saved gt_remaining_time for video 58
[2024-11-07 13:11:28,651][func.train][INFO] - [DATASET] video_idx: 59
[2024-11-07 13:11:28,792][func.train][INFO] - [DATASET] Sampled video_idx: 59 at 25 fps to 1046 frames
[2024-11-07 13:11:28,793][func.train][INFO] - [DATASET] video 59 phase_labels: torch.Size([1046])
[2024-11-07 13:11:28,923][func.train][INFO] - [DATASET] gt_remaining_time h=60: torch.Size([1046, 8])
[2024-11-07 13:11:28,924][func.train][INFO] - 

[2024-11-07 13:11:28,935][func.train][INFO] - [DATASET] Saved gt_remaining_time for video 59
[2024-11-07 13:11:28,939][func.train][INFO] - [DATASET] video_idx: 60
[2024-11-07 13:11:29,083][func.train][INFO] - [DATASET] Sampled video_idx: 60 at 25 fps to 2532 frames
[2024-11-07 13:11:29,084][func.train][INFO] - [DATASET] video 60 phase_labels: torch.Size([2532])
[2024-11-07 13:11:29,453][func.train][INFO] - [DATASET] gt_remaining_time h=60: torch.Size([2532, 8])
[2024-11-07 13:11:29,454][func.train][INFO] - 

[2024-11-07 13:11:29,479][func.train][INFO] - [DATASET] Saved gt_remaining_time for video 60
[2024-11-07 13:11:29,482][func.train][INFO] - [DATASET] Saved video durations
[2024-11-07 13:11:29,483][func.train][INFO] - [DATASET] number of train videos: 60
[2024-11-07 13:11:29,483][func.train][INFO] - [DATASET] avg video length: 38.02 minutes
[2024-11-07 13:11:29,640][func.train][INFO] - [DATASET] num classes at 1fps in train: (136873,)
[2024-11-07 13:11:29,642][func.train][INFO] - [DATASET] classes_counts_dict: {0: 6410, 1: 57370, 2: 11129, 3: 39289, 4: 5529, 5: 12039, 6: 5107}
[2024-11-07 13:11:29,648][func.train][INFO] - [DATASET] curr_class_weights: tensor([3.0504, 0.3408, 1.7570, 0.4977, 3.5365, 1.6242, 3.8287])
[2024-11-07 13:11:29,649][func.train][INFO] - [DATASET] num_eos_vals: 19553.285714285714
[2024-11-07 13:11:29,649][func.train][INFO] - [DATASET] classes_counts_dict: {0: 6410, 1: 57370, 2: 11129, 3: 39289, 4: 5529, 5: 12039, 6: 5107, 7: 19553}
[2024-11-07 13:11:29,649][func.train][INFO] - [DATASET] next_class_weights: tensor([3.0504, 0.3408, 1.7570, 0.4977, 3.5365, 1.6242, 3.8287, 1.0000])
[2024-11-07 13:11:31,389][func.train][INFO] - [DATASET] df unique videos: [1 2 3 4 5 6 7 8 9 10 11 12 13 14 15 16 17 18 19 20 21 22 23 24 25 26 27
 28 29 30 31 32 33 34 35 36 37 38 39 40 41 42 43 44 45 46 47 48 49 50 51
 52 53 54 55 56 57 58 59 60 61 62 63 64 65 66 67 68 69 70 71 72 73 74 75
 76 77 78 79 80]
[2024-11-07 13:11:31,389][func.train][INFO] - [DATASET] split: test video_indices: [61]
[2024-11-07 13:11:31,476][func.train][INFO] - [DATASET] test size: 110226
[2024-11-07 13:11:31,476][func.train][INFO] - [DATASET] test video_indices: [61]
[2024-11-07 13:11:31,476][func.train][INFO] - [DATASET] video_idx: 61
[2024-11-07 13:11:31,497][func.train][INFO] - [DATASET] Sampled video_idx: 61 at 25 fps to 4409 frames
[2024-11-07 13:11:31,498][func.train][INFO] - [DATASET] video 61 phase_labels: torch.Size([4409])
[2024-11-07 13:11:32,111][func.train][INFO] - [DATASET] gt_remaining_time h=60: torch.Size([4409, 8])
[2024-11-07 13:11:32,112][func.train][INFO] - 

[2024-11-07 13:11:32,153][func.train][INFO] - [DATASET] Saved gt_remaining_time for video 61
[2024-11-07 13:11:32,159][func.train][INFO] - [DATASET] Saved video durations
[2024-11-07 13:11:32,160][func.train][INFO] - [DATASET] number of test videos: 1
[2024-11-07 13:11:32,160][func.train][INFO] - [DATASET] avg video length: 73.48 minutes
[2024-11-07 13:11:33,767][func.train][INFO] - [DATASET] df unique videos: [1 2 3 4 5 6 7 8 9 10 11 12 13 14 15 16 17 18 19 20 21 22 23 24 25 26 27
 28 29 30 31 32 33 34 35 36 37 38 39 40 41 42 43 44 45 46 47 48 49 50 51
 52 53 54 55 56 57 58 59 60 61 62 63 64 65 66 67 68 69 70 71 72 73 74 75
 76 77 78 79 80]
[2024-11-07 13:11:33,768][func.train][INFO] - [DATASET] split: test video_indices: [62]
[2024-11-07 13:11:33,832][func.train][INFO] - [DATASET] test size: 50801
[2024-11-07 13:11:33,832][func.train][INFO] - [DATASET] test video_indices: [62]
[2024-11-07 13:11:33,832][func.train][INFO] - [DATASET] video_idx: 62
[2024-11-07 13:11:33,841][func.train][INFO] - [DATASET] Sampled video_idx: 62 at 25 fps to 2032 frames
[2024-11-07 13:11:33,842][func.train][INFO] - [DATASET] video 62 phase_labels: torch.Size([2032])
[2024-11-07 13:11:34,128][func.train][INFO] - [DATASET] gt_remaining_time h=60: torch.Size([2032, 8])
[2024-11-07 13:11:34,129][func.train][INFO] - 

[2024-11-07 13:11:34,152][func.train][INFO] - [DATASET] Saved gt_remaining_time for video 62
[2024-11-07 13:11:34,157][func.train][INFO] - [DATASET] Saved video durations
[2024-11-07 13:11:34,158][func.train][INFO] - [DATASET] number of test videos: 1
[2024-11-07 13:11:34,158][func.train][INFO] - [DATASET] avg video length: 33.87 minutes
[2024-11-07 13:11:35,710][func.train][INFO] - [DATASET] df unique videos: [1 2 3 4 5 6 7 8 9 10 11 12 13 14 15 16 17 18 19 20 21 22 23 24 25 26 27
 28 29 30 31 32 33 34 35 36 37 38 39 40 41 42 43 44 45 46 47 48 49 50 51
 52 53 54 55 56 57 58 59 60 61 62 63 64 65 66 67 68 69 70 71 72 73 74 75
 76 77 78 79 80]
[2024-11-07 13:11:35,711][func.train][INFO] - [DATASET] split: test video_indices: [63]
[2024-11-07 13:11:35,785][func.train][INFO] - [DATASET] test size: 85826
[2024-11-07 13:11:35,785][func.train][INFO] - [DATASET] test video_indices: [63]
[2024-11-07 13:11:35,786][func.train][INFO] - [DATASET] video_idx: 63
[2024-11-07 13:11:35,800][func.train][INFO] - [DATASET] Sampled video_idx: 63 at 25 fps to 3433 frames
[2024-11-07 13:11:35,801][func.train][INFO] - [DATASET] video 63 phase_labels: torch.Size([3433])
[2024-11-07 13:11:36,206][func.train][INFO] - [DATASET] gt_remaining_time h=60: torch.Size([3433, 8])
[2024-11-07 13:11:36,207][func.train][INFO] - 

[2024-11-07 13:11:36,250][func.train][INFO] - [DATASET] Saved gt_remaining_time for video 63
[2024-11-07 13:11:36,252][func.train][INFO] - [DATASET] Saved video durations
[2024-11-07 13:11:36,252][func.train][INFO] - [DATASET] number of test videos: 1
[2024-11-07 13:11:36,252][func.train][INFO] - [DATASET] avg video length: 57.22 minutes
[2024-11-07 13:11:37,751][func.train][INFO] - [DATASET] df unique videos: [1 2 3 4 5 6 7 8 9 10 11 12 13 14 15 16 17 18 19 20 21 22 23 24 25 26 27
 28 29 30 31 32 33 34 35 36 37 38 39 40 41 42 43 44 45 46 47 48 49 50 51
 52 53 54 55 56 57 58 59 60 61 62 63 64 65 66 67 68 69 70 71 72 73 74 75
 76 77 78 79 80]
[2024-11-07 13:11:37,751][func.train][INFO] - [DATASET] split: test video_indices: [64]
[2024-11-07 13:11:37,816][func.train][INFO] - [DATASET] test size: 59951
[2024-11-07 13:11:37,816][func.train][INFO] - [DATASET] test video_indices: [64]
[2024-11-07 13:11:37,816][func.train][INFO] - [DATASET] video_idx: 64
[2024-11-07 13:11:37,827][func.train][INFO] - [DATASET] Sampled video_idx: 64 at 25 fps to 2398 frames
[2024-11-07 13:11:37,827][func.train][INFO] - [DATASET] video 64 phase_labels: torch.Size([2398])
[2024-11-07 13:11:38,155][func.train][INFO] - [DATASET] gt_remaining_time h=60: torch.Size([2398, 8])
[2024-11-07 13:11:38,156][func.train][INFO] - 

[2024-11-07 13:11:38,179][func.train][INFO] - [DATASET] Saved gt_remaining_time for video 64
[2024-11-07 13:11:38,182][func.train][INFO] - [DATASET] Saved video durations
[2024-11-07 13:11:38,183][func.train][INFO] - [DATASET] number of test videos: 1
[2024-11-07 13:11:38,183][func.train][INFO] - [DATASET] avg video length: 39.97 minutes
[2024-11-07 13:11:39,675][func.train][INFO] - [DATASET] df unique videos: [1 2 3 4 5 6 7 8 9 10 11 12 13 14 15 16 17 18 19 20 21 22 23 24 25 26 27
 28 29 30 31 32 33 34 35 36 37 38 39 40 41 42 43 44 45 46 47 48 49 50 51
 52 53 54 55 56 57 58 59 60 61 62 63 64 65 66 67 68 69 70 71 72 73 74 75
 76 77 78 79 80]
[2024-11-07 13:11:39,676][func.train][INFO] - [DATASET] split: test video_indices: [65]
[2024-11-07 13:11:39,745][func.train][INFO] - [DATASET] test size: 46826
[2024-11-07 13:11:39,745][func.train][INFO] - [DATASET] test video_indices: [65]
[2024-11-07 13:11:39,745][func.train][INFO] - [DATASET] video_idx: 65
[2024-11-07 13:11:39,754][func.train][INFO] - [DATASET] Sampled video_idx: 65 at 25 fps to 1873 frames
[2024-11-07 13:11:39,755][func.train][INFO] - [DATASET] video 65 phase_labels: torch.Size([1873])
[2024-11-07 13:11:39,982][func.train][INFO] - [DATASET] gt_remaining_time h=60: torch.Size([1873, 8])
[2024-11-07 13:11:39,982][func.train][INFO] - 

[2024-11-07 13:11:40,001][func.train][INFO] - [DATASET] Saved gt_remaining_time for video 65
[2024-11-07 13:11:40,003][func.train][INFO] - [DATASET] Saved video durations
[2024-11-07 13:11:40,003][func.train][INFO] - [DATASET] number of test videos: 1
[2024-11-07 13:11:40,003][func.train][INFO] - [DATASET] avg video length: 31.22 minutes
[2024-11-07 13:11:41,455][func.train][INFO] - [DATASET] df unique videos: [1 2 3 4 5 6 7 8 9 10 11 12 13 14 15 16 17 18 19 20 21 22 23 24 25 26 27
 28 29 30 31 32 33 34 35 36 37 38 39 40 41 42 43 44 45 46 47 48 49 50 51
 52 53 54 55 56 57 58 59 60 61 62 63 64 65 66 67 68 69 70 71 72 73 74 75
 76 77 78 79 80]
[2024-11-07 13:11:41,456][func.train][INFO] - [DATASET] split: test video_indices: [66]
[2024-11-07 13:11:41,518][func.train][INFO] - [DATASET] test size: 45601
[2024-11-07 13:11:41,518][func.train][INFO] - [DATASET] test video_indices: [66]
[2024-11-07 13:11:41,518][func.train][INFO] - [DATASET] video_idx: 66
[2024-11-07 13:11:41,527][func.train][INFO] - [DATASET] Sampled video_idx: 66 at 25 fps to 1824 frames
[2024-11-07 13:11:41,528][func.train][INFO] - [DATASET] video 66 phase_labels: torch.Size([1824])
[2024-11-07 13:11:41,755][func.train][INFO] - [DATASET] gt_remaining_time h=60: torch.Size([1824, 8])
[2024-11-07 13:11:41,755][func.train][INFO] - 

[2024-11-07 13:11:41,773][func.train][INFO] - [DATASET] Saved gt_remaining_time for video 66
[2024-11-07 13:11:41,778][func.train][INFO] - [DATASET] Saved video durations
[2024-11-07 13:11:41,778][func.train][INFO] - [DATASET] number of test videos: 1
[2024-11-07 13:11:41,778][func.train][INFO] - [DATASET] avg video length: 30.40 minutes
[2024-11-07 13:11:43,241][func.train][INFO] - [DATASET] df unique videos: [1 2 3 4 5 6 7 8 9 10 11 12 13 14 15 16 17 18 19 20 21 22 23 24 25 26 27
 28 29 30 31 32 33 34 35 36 37 38 39 40 41 42 43 44 45 46 47 48 49 50 51
 52 53 54 55 56 57 58 59 60 61 62 63 64 65 66 67 68 69 70 71 72 73 74 75
 76 77 78 79 80]
[2024-11-07 13:11:43,241][func.train][INFO] - [DATASET] split: test video_indices: [67]
[2024-11-07 13:11:43,309][func.train][INFO] - [DATASET] test size: 58826
[2024-11-07 13:11:43,310][func.train][INFO] - [DATASET] test video_indices: [67]
[2024-11-07 13:11:43,310][func.train][INFO] - [DATASET] video_idx: 67
[2024-11-07 13:11:43,320][func.train][INFO] - [DATASET] Sampled video_idx: 67 at 25 fps to 2353 frames
[2024-11-07 13:11:43,321][func.train][INFO] - [DATASET] video 67 phase_labels: torch.Size([2353])
[2024-11-07 13:11:43,631][func.train][INFO] - [DATASET] gt_remaining_time h=60: torch.Size([2353, 8])
[2024-11-07 13:11:43,633][func.train][INFO] - 

[2024-11-07 13:11:43,656][func.train][INFO] - [DATASET] Saved gt_remaining_time for video 67
[2024-11-07 13:11:43,658][func.train][INFO] - [DATASET] Saved video durations
[2024-11-07 13:11:43,658][func.train][INFO] - [DATASET] number of test videos: 1
[2024-11-07 13:11:43,658][func.train][INFO] - [DATASET] avg video length: 39.22 minutes
[2024-11-07 13:11:45,109][func.train][INFO] - [DATASET] df unique videos: [1 2 3 4 5 6 7 8 9 10 11 12 13 14 15 16 17 18 19 20 21 22 23 24 25 26 27
 28 29 30 31 32 33 34 35 36 37 38 39 40 41 42 43 44 45 46 47 48 49 50 51
 52 53 54 55 56 57 58 59 60 61 62 63 64 65 66 67 68 69 70 71 72 73 74 75
 76 77 78 79 80]
[2024-11-07 13:11:45,109][func.train][INFO] - [DATASET] split: test video_indices: [68]
[2024-11-07 13:11:45,170][func.train][INFO] - [DATASET] test size: 49301
[2024-11-07 13:11:45,171][func.train][INFO] - [DATASET] test video_indices: [68]
[2024-11-07 13:11:45,171][func.train][INFO] - [DATASET] video_idx: 68
[2024-11-07 13:11:45,179][func.train][INFO] - [DATASET] Sampled video_idx: 68 at 25 fps to 1972 frames
[2024-11-07 13:11:45,179][func.train][INFO] - [DATASET] video 68 phase_labels: torch.Size([1972])
[2024-11-07 13:11:45,436][func.train][INFO] - [DATASET] gt_remaining_time h=60: torch.Size([1972, 8])
[2024-11-07 13:11:45,436][func.train][INFO] - 

[2024-11-07 13:11:45,457][func.train][INFO] - [DATASET] Saved gt_remaining_time for video 68
[2024-11-07 13:11:45,460][func.train][INFO] - [DATASET] Saved video durations
[2024-11-07 13:11:45,461][func.train][INFO] - [DATASET] number of test videos: 1
[2024-11-07 13:11:45,461][func.train][INFO] - [DATASET] avg video length: 32.87 minutes
[2024-11-07 13:11:46,911][func.train][INFO] - [DATASET] df unique videos: [1 2 3 4 5 6 7 8 9 10 11 12 13 14 15 16 17 18 19 20 21 22 23 24 25 26 27
 28 29 30 31 32 33 34 35 36 37 38 39 40 41 42 43 44 45 46 47 48 49 50 51
 52 53 54 55 56 57 58 59 60 61 62 63 64 65 66 67 68 69 70 71 72 73 74 75
 76 77 78 79 80]
[2024-11-07 13:11:46,911][func.train][INFO] - [DATASET] split: test video_indices: [69]
[2024-11-07 13:11:46,995][func.train][INFO] - [DATASET] test size: 114376
[2024-11-07 13:11:46,995][func.train][INFO] - [DATASET] test video_indices: [69]
[2024-11-07 13:11:46,996][func.train][INFO] - [DATASET] video_idx: 69
[2024-11-07 13:11:47,016][func.train][INFO] - [DATASET] Sampled video_idx: 69 at 25 fps to 4575 frames
[2024-11-07 13:11:47,017][func.train][INFO] - [DATASET] video 69 phase_labels: torch.Size([4575])
[2024-11-07 13:11:47,482][func.train][INFO] - [DATASET] gt_remaining_time h=60: torch.Size([4575, 8])
[2024-11-07 13:11:47,483][func.train][INFO] - 

[2024-11-07 13:11:47,521][func.train][INFO] - [DATASET] Saved gt_remaining_time for video 69
[2024-11-07 13:11:47,524][func.train][INFO] - [DATASET] Saved video durations
[2024-11-07 13:11:47,524][func.train][INFO] - [DATASET] number of test videos: 1
[2024-11-07 13:11:47,524][func.train][INFO] - [DATASET] avg video length: 76.25 minutes
[2024-11-07 13:11:48,975][func.train][INFO] - [DATASET] df unique videos: [1 2 3 4 5 6 7 8 9 10 11 12 13 14 15 16 17 18 19 20 21 22 23 24 25 26 27
 28 29 30 31 32 33 34 35 36 37 38 39 40 41 42 43 44 45 46 47 48 49 50 51
 52 53 54 55 56 57 58 59 60 61 62 63 64 65 66 67 68 69 70 71 72 73 74 75
 76 77 78 79 80]
[2024-11-07 13:11:48,976][func.train][INFO] - [DATASET] split: test video_indices: [70]
[2024-11-07 13:11:49,035][func.train][INFO] - [DATASET] test size: 29851
[2024-11-07 13:11:49,035][func.train][INFO] - [DATASET] test video_indices: [70]
[2024-11-07 13:11:49,035][func.train][INFO] - [DATASET] video_idx: 70
[2024-11-07 13:11:49,041][func.train][INFO] - [DATASET] Sampled video_idx: 70 at 25 fps to 1194 frames
[2024-11-07 13:11:49,041][func.train][INFO] - [DATASET] video 70 phase_labels: torch.Size([1194])
[2024-11-07 13:11:49,204][func.train][INFO] - [DATASET] gt_remaining_time h=60: torch.Size([1194, 8])
[2024-11-07 13:11:49,204][func.train][INFO] - 

[2024-11-07 13:11:49,220][func.train][INFO] - [DATASET] Saved gt_remaining_time for video 70
[2024-11-07 13:11:49,223][func.train][INFO] - [DATASET] Saved video durations
[2024-11-07 13:11:49,224][func.train][INFO] - [DATASET] number of test videos: 1
[2024-11-07 13:11:49,224][func.train][INFO] - [DATASET] avg video length: 19.90 minutes
[2024-11-07 13:11:50,725][func.train][INFO] - [DATASET] df unique videos: [1 2 3 4 5 6 7 8 9 10 11 12 13 14 15 16 17 18 19 20 21 22 23 24 25 26 27
 28 29 30 31 32 33 34 35 36 37 38 39 40 41 42 43 44 45 46 47 48 49 50 51
 52 53 54 55 56 57 58 59 60 61 62 63 64 65 66 67 68 69 70 71 72 73 74 75
 76 77 78 79 80]
[2024-11-07 13:11:50,725][func.train][INFO] - [DATASET] split: test video_indices: [71]
[2024-11-07 13:11:50,808][func.train][INFO] - [DATASET] test size: 62876
[2024-11-07 13:11:50,808][func.train][INFO] - [DATASET] test video_indices: [71]
[2024-11-07 13:11:50,808][func.train][INFO] - [DATASET] video_idx: 71
[2024-11-07 13:11:50,820][func.train][INFO] - [DATASET] Sampled video_idx: 71 at 25 fps to 2515 frames
[2024-11-07 13:11:50,820][func.train][INFO] - [DATASET] video 71 phase_labels: torch.Size([2515])
[2024-11-07 13:11:51,096][func.train][INFO] - [DATASET] gt_remaining_time h=60: torch.Size([2515, 8])
[2024-11-07 13:11:51,097][func.train][INFO] - 

[2024-11-07 13:11:51,119][func.train][INFO] - [DATASET] Saved gt_remaining_time for video 71
[2024-11-07 13:11:51,121][func.train][INFO] - [DATASET] Saved video durations
[2024-11-07 13:11:51,122][func.train][INFO] - [DATASET] number of test videos: 1
[2024-11-07 13:11:51,122][func.train][INFO] - [DATASET] avg video length: 41.92 minutes
[2024-11-07 13:11:52,597][func.train][INFO] - [DATASET] df unique videos: [1 2 3 4 5 6 7 8 9 10 11 12 13 14 15 16 17 18 19 20 21 22 23 24 25 26 27
 28 29 30 31 32 33 34 35 36 37 38 39 40 41 42 43 44 45 46 47 48 49 50 51
 52 53 54 55 56 57 58 59 60 61 62 63 64 65 66 67 68 69 70 71 72 73 74 75
 76 77 78 79 80]
[2024-11-07 13:11:52,597][func.train][INFO] - [DATASET] split: test video_indices: [72]
[2024-11-07 13:11:52,666][func.train][INFO] - [DATASET] test size: 77651
[2024-11-07 13:11:52,667][func.train][INFO] - [DATASET] test video_indices: [72]
[2024-11-07 13:11:52,667][func.train][INFO] - [DATASET] video_idx: 72
[2024-11-07 13:11:52,680][func.train][INFO] - [DATASET] Sampled video_idx: 72 at 25 fps to 3106 frames
[2024-11-07 13:11:52,681][func.train][INFO] - [DATASET] video 72 phase_labels: torch.Size([3106])
[2024-11-07 13:11:53,079][func.train][INFO] - [DATASET] gt_remaining_time h=60: torch.Size([3106, 8])
[2024-11-07 13:11:53,081][func.train][INFO] - 

[2024-11-07 13:11:53,110][func.train][INFO] - [DATASET] Saved gt_remaining_time for video 72
[2024-11-07 13:11:53,112][func.train][INFO] - [DATASET] Saved video durations
[2024-11-07 13:11:53,112][func.train][INFO] - [DATASET] number of test videos: 1
[2024-11-07 13:11:53,112][func.train][INFO] - [DATASET] avg video length: 51.77 minutes
[2024-11-07 13:11:54,614][func.train][INFO] - [DATASET] df unique videos: [1 2 3 4 5 6 7 8 9 10 11 12 13 14 15 16 17 18 19 20 21 22 23 24 25 26 27
 28 29 30 31 32 33 34 35 36 37 38 39 40 41 42 43 44 45 46 47 48 49 50 51
 52 53 54 55 56 57 58 59 60 61 62 63 64 65 66 67 68 69 70 71 72 73 74 75
 76 77 78 79 80]
[2024-11-07 13:11:54,615][func.train][INFO] - [DATASET] split: test video_indices: [73]
[2024-11-07 13:11:54,674][func.train][INFO] - [DATASET] test size: 33901
[2024-11-07 13:11:54,674][func.train][INFO] - [DATASET] test video_indices: [73]
[2024-11-07 13:11:54,674][func.train][INFO] - [DATASET] video_idx: 73
[2024-11-07 13:11:54,680][func.train][INFO] - [DATASET] Sampled video_idx: 73 at 25 fps to 1356 frames
[2024-11-07 13:11:54,680][func.train][INFO] - [DATASET] video 73 phase_labels: torch.Size([1356])
[2024-11-07 13:11:54,861][func.train][INFO] - [DATASET] gt_remaining_time h=60: torch.Size([1356, 8])
[2024-11-07 13:11:54,861][func.train][INFO] - 

[2024-11-07 13:11:54,875][func.train][INFO] - [DATASET] Saved gt_remaining_time for video 73
[2024-11-07 13:11:54,878][func.train][INFO] - [DATASET] Saved video durations
[2024-11-07 13:11:54,878][func.train][INFO] - [DATASET] number of test videos: 1
[2024-11-07 13:11:54,878][func.train][INFO] - [DATASET] avg video length: 22.60 minutes
[2024-11-07 13:11:56,362][func.train][INFO] - [DATASET] df unique videos: [1 2 3 4 5 6 7 8 9 10 11 12 13 14 15 16 17 18 19 20 21 22 23 24 25 26 27
 28 29 30 31 32 33 34 35 36 37 38 39 40 41 42 43 44 45 46 47 48 49 50 51
 52 53 54 55 56 57 58 59 60 61 62 63 64 65 66 67 68 69 70 71 72 73 74 75
 76 77 78 79 80]
[2024-11-07 13:11:56,363][func.train][INFO] - [DATASET] split: test video_indices: [74]
[2024-11-07 13:11:56,423][func.train][INFO] - [DATASET] test size: 40851
[2024-11-07 13:11:56,423][func.train][INFO] - [DATASET] test video_indices: [74]
[2024-11-07 13:11:56,423][func.train][INFO] - [DATASET] video_idx: 74
[2024-11-07 13:11:56,432][func.train][INFO] - [DATASET] Sampled video_idx: 74 at 25 fps to 1634 frames
[2024-11-07 13:11:56,432][func.train][INFO] - [DATASET] video 74 phase_labels: torch.Size([1634])
[2024-11-07 13:11:56,632][func.train][INFO] - [DATASET] gt_remaining_time h=60: torch.Size([1634, 8])
[2024-11-07 13:11:56,633][func.train][INFO] - 

[2024-11-07 13:11:56,648][func.train][INFO] - [DATASET] Saved gt_remaining_time for video 74
[2024-11-07 13:11:56,649][func.train][INFO] - [DATASET] Saved video durations
[2024-11-07 13:11:56,650][func.train][INFO] - [DATASET] number of test videos: 1
[2024-11-07 13:11:56,650][func.train][INFO] - [DATASET] avg video length: 27.23 minutes
[2024-11-07 13:11:58,145][func.train][INFO] - [DATASET] df unique videos: [1 2 3 4 5 6 7 8 9 10 11 12 13 14 15 16 17 18 19 20 21 22 23 24 25 26 27
 28 29 30 31 32 33 34 35 36 37 38 39 40 41 42 43 44 45 46 47 48 49 50 51
 52 53 54 55 56 57 58 59 60 61 62 63 64 65 66 67 68 69 70 71 72 73 74 75
 76 77 78 79 80]
[2024-11-07 13:11:58,145][func.train][INFO] - [DATASET] split: test video_indices: [75]
[2024-11-07 13:11:58,209][func.train][INFO] - [DATASET] test size: 48076
[2024-11-07 13:11:58,209][func.train][INFO] - [DATASET] test video_indices: [75]
[2024-11-07 13:11:58,210][func.train][INFO] - [DATASET] video_idx: 75
[2024-11-07 13:11:58,218][func.train][INFO] - [DATASET] Sampled video_idx: 75 at 25 fps to 1923 frames
[2024-11-07 13:11:58,219][func.train][INFO] - [DATASET] video 75 phase_labels: torch.Size([1923])
[2024-11-07 13:11:58,408][func.train][INFO] - [DATASET] gt_remaining_time h=60: torch.Size([1923, 8])
[2024-11-07 13:11:58,408][func.train][INFO] - 

[2024-11-07 13:11:58,427][func.train][INFO] - [DATASET] Saved gt_remaining_time for video 75
[2024-11-07 13:11:58,429][func.train][INFO] - [DATASET] Saved video durations
[2024-11-07 13:11:58,430][func.train][INFO] - [DATASET] number of test videos: 1
[2024-11-07 13:11:58,430][func.train][INFO] - [DATASET] avg video length: 32.05 minutes
[2024-11-07 13:11:59,895][func.train][INFO] - [DATASET] df unique videos: [1 2 3 4 5 6 7 8 9 10 11 12 13 14 15 16 17 18 19 20 21 22 23 24 25 26 27
 28 29 30 31 32 33 34 35 36 37 38 39 40 41 42 43 44 45 46 47 48 49 50 51
 52 53 54 55 56 57 58 59 60 61 62 63 64 65 66 67 68 69 70 71 72 73 74 75
 76 77 78 79 80]
[2024-11-07 13:11:59,895][func.train][INFO] - [DATASET] split: test video_indices: [76]
[2024-11-07 13:11:59,963][func.train][INFO] - [DATASET] test size: 66226
[2024-11-07 13:11:59,964][func.train][INFO] - [DATASET] test video_indices: [76]
[2024-11-07 13:11:59,964][func.train][INFO] - [DATASET] video_idx: 76
[2024-11-07 13:11:59,976][func.train][INFO] - [DATASET] Sampled video_idx: 76 at 25 fps to 2649 frames
[2024-11-07 13:11:59,977][func.train][INFO] - [DATASET] video 76 phase_labels: torch.Size([2649])
[2024-11-07 13:12:00,320][func.train][INFO] - [DATASET] gt_remaining_time h=60: torch.Size([2649, 8])
[2024-11-07 13:12:00,321][func.train][INFO] - 

[2024-11-07 13:12:00,345][func.train][INFO] - [DATASET] Saved gt_remaining_time for video 76
[2024-11-07 13:12:00,347][func.train][INFO] - [DATASET] Saved video durations
[2024-11-07 13:12:00,348][func.train][INFO] - [DATASET] number of test videos: 1
[2024-11-07 13:12:00,348][func.train][INFO] - [DATASET] avg video length: 44.15 minutes
[2024-11-07 13:12:01,812][func.train][INFO] - [DATASET] df unique videos: [1 2 3 4 5 6 7 8 9 10 11 12 13 14 15 16 17 18 19 20 21 22 23 24 25 26 27
 28 29 30 31 32 33 34 35 36 37 38 39 40 41 42 43 44 45 46 47 48 49 50 51
 52 53 54 55 56 57 58 59 60 61 62 63 64 65 66 67 68 69 70 71 72 73 74 75
 76 77 78 79 80]
[2024-11-07 13:12:01,813][func.train][INFO] - [DATASET] split: test video_indices: [77]
[2024-11-07 13:12:01,880][func.train][INFO] - [DATASET] test size: 62551
[2024-11-07 13:12:01,880][func.train][INFO] - [DATASET] test video_indices: [77]
[2024-11-07 13:12:01,881][func.train][INFO] - [DATASET] video_idx: 77
[2024-11-07 13:12:01,893][func.train][INFO] - [DATASET] Sampled video_idx: 77 at 25 fps to 2502 frames
[2024-11-07 13:12:01,894][func.train][INFO] - [DATASET] video 77 phase_labels: torch.Size([2502])
[2024-11-07 13:12:02,195][func.train][INFO] - [DATASET] gt_remaining_time h=60: torch.Size([2502, 8])
[2024-11-07 13:12:02,195][func.train][INFO] - 

[2024-11-07 13:12:02,223][func.train][INFO] - [DATASET] Saved gt_remaining_time for video 77
[2024-11-07 13:12:02,225][func.train][INFO] - [DATASET] Saved video durations
[2024-11-07 13:12:02,226][func.train][INFO] - [DATASET] number of test videos: 1
[2024-11-07 13:12:02,226][func.train][INFO] - [DATASET] avg video length: 41.70 minutes
[2024-11-07 13:12:03,892][func.train][INFO] - [DATASET] df unique videos: [1 2 3 4 5 6 7 8 9 10 11 12 13 14 15 16 17 18 19 20 21 22 23 24 25 26 27
 28 29 30 31 32 33 34 35 36 37 38 39 40 41 42 43 44 45 46 47 48 49 50 51
 52 53 54 55 56 57 58 59 60 61 62 63 64 65 66 67 68 69 70 71 72 73 74 75
 76 77 78 79 80]
[2024-11-07 13:12:03,893][func.train][INFO] - [DATASET] split: test video_indices: [78]
[2024-11-07 13:12:03,947][func.train][INFO] - [DATASET] test size: 18476
[2024-11-07 13:12:03,947][func.train][INFO] - [DATASET] test video_indices: [78]
[2024-11-07 13:12:03,947][func.train][INFO] - [DATASET] video_idx: 78
[2024-11-07 13:12:03,951][func.train][INFO] - [DATASET] Sampled video_idx: 78 at 25 fps to 739 frames
[2024-11-07 13:12:03,951][func.train][INFO] - [DATASET] video 78 phase_labels: torch.Size([739])
[2024-11-07 13:12:04,051][func.train][INFO] - [DATASET] gt_remaining_time h=60: torch.Size([739, 8])
[2024-11-07 13:12:04,051][func.train][INFO] - 

[2024-11-07 13:12:04,061][func.train][INFO] - [DATASET] Saved gt_remaining_time for video 78
[2024-11-07 13:12:04,063][func.train][INFO] - [DATASET] Saved video durations
[2024-11-07 13:12:04,064][func.train][INFO] - [DATASET] number of test videos: 1
[2024-11-07 13:12:04,064][func.train][INFO] - [DATASET] avg video length: 12.32 minutes
[2024-11-07 13:12:05,565][func.train][INFO] - [DATASET] df unique videos: [1 2 3 4 5 6 7 8 9 10 11 12 13 14 15 16 17 18 19 20 21 22 23 24 25 26 27
 28 29 30 31 32 33 34 35 36 37 38 39 40 41 42 43 44 45 46 47 48 49 50 51
 52 53 54 55 56 57 58 59 60 61 62 63 64 65 66 67 68 69 70 71 72 73 74 75
 76 77 78 79 80]
[2024-11-07 13:12:05,565][func.train][INFO] - [DATASET] split: test video_indices: [79]
[2024-11-07 13:12:05,640][func.train][INFO] - [DATASET] test size: 85351
[2024-11-07 13:12:05,640][func.train][INFO] - [DATASET] test video_indices: [79]
[2024-11-07 13:12:05,641][func.train][INFO] - [DATASET] video_idx: 79
[2024-11-07 13:12:05,657][func.train][INFO] - [DATASET] Sampled video_idx: 79 at 25 fps to 3414 frames
[2024-11-07 13:12:05,658][func.train][INFO] - [DATASET] video 79 phase_labels: torch.Size([3414])
[2024-11-07 13:12:06,097][func.train][INFO] - [DATASET] gt_remaining_time h=60: torch.Size([3414, 8])
[2024-11-07 13:12:06,098][func.train][INFO] - 

[2024-11-07 13:12:06,130][func.train][INFO] - [DATASET] Saved gt_remaining_time for video 79
[2024-11-07 13:12:06,134][func.train][INFO] - [DATASET] Saved video durations
[2024-11-07 13:12:06,134][func.train][INFO] - [DATASET] number of test videos: 1
[2024-11-07 13:12:06,134][func.train][INFO] - [DATASET] avg video length: 56.90 minutes
[2024-11-07 13:12:07,623][func.train][INFO] - [DATASET] df unique videos: [1 2 3 4 5 6 7 8 9 10 11 12 13 14 15 16 17 18 19 20 21 22 23 24 25 26 27
 28 29 30 31 32 33 34 35 36 37 38 39 40 41 42 43 44 45 46 47 48 49 50 51
 52 53 54 55 56 57 58 59 60 61 62 63 64 65 66 67 68 69 70 71 72 73 74 75
 76 77 78 79 80]
[2024-11-07 13:12:07,624][func.train][INFO] - [DATASET] split: test video_indices: [80]
[2024-11-07 13:12:07,690][func.train][INFO] - [DATASET] test size: 43101
[2024-11-07 13:12:07,691][func.train][INFO] - [DATASET] test video_indices: [80]
[2024-11-07 13:12:07,691][func.train][INFO] - [DATASET] video_idx: 80
[2024-11-07 13:12:07,698][func.train][INFO] - [DATASET] Sampled video_idx: 80 at 25 fps to 1724 frames
[2024-11-07 13:12:07,699][func.train][INFO] - [DATASET] video 80 phase_labels: torch.Size([1724])
[2024-11-07 13:12:07,951][func.train][INFO] - [DATASET] gt_remaining_time h=60: torch.Size([1724, 8])
[2024-11-07 13:12:07,952][func.train][INFO] - 

[2024-11-07 13:12:07,972][func.train][INFO] - [DATASET] Saved gt_remaining_time for video 80
[2024-11-07 13:12:07,974][func.train][INFO] - [DATASET] Saved video durations
[2024-11-07 13:12:07,974][func.train][INFO] - [DATASET] number of test videos: 1
[2024-11-07 13:12:07,974][func.train][INFO] - [DATASET] avg video length: 28.73 minutes
[2024-11-07 13:12:08,024][func.train][INFO] - Time to load datasets: 1.23 min
[2024-11-07 13:12:08,024][func.train][INFO] - Creating data loaders
[2024-11-07 13:12:11,095][func.train][INFO] - Saved video durations to test_video_durations.json
[2024-11-07 13:12:11,095][func.train][INFO] - Creating model with {'one': 7} classes
[2024-11-07 13:12:12,972][func.train][INFO] - [MAIN] Number of tokens: 136873
[2024-11-07 13:12:12,972][func.train][INFO] - [MAIN] Number of parameters: 22766816
[2024-11-07 13:12:12,972][func.train][INFO] - [MAIN] Token-to-Parameter Ratio is ideally between [1:1 to 10:1]: 0.006012
[2024-11-07 13:12:12,972][func.train][WARNING] - [MAIN] Data-to-Parameter-Ratio is outside the interval [1:1 to 10:1]
[2024-11-07 13:12:12,973][func.train][INFO] - Using LR 0.000300 WD 0.000010 for parameters
[2024-11-07 13:12:12,973][func.train][INFO] - Using LR 0.000300 WD 0.000010 for parameters
[2024-11-07 13:12:12,981][func.train][WARNING] - No checkpoint found at checkpoint_best.pth
[2024-11-07 13:12:12,981][func.train][INFO] - Wrapping model into DP
[2024-11-07 13:12:13,164][func.train][INFO] - Start training
[2024-11-07 13:12:13,167][func.train][INFO] - Storing checkpoints every 60.00 mins
[2024-11-07 13:12:14,522][func.train][INFO] - [TRAINING] Step 0/2139 | Loss: 155.50 | Acc (curr_frames): 0.05 | time-left: 48.28 min
[2024-11-07 13:12:55,541][func.train][INFO] - [TRAINING] Step 100/2139 | Loss: 169.19 | Acc (curr_frames): 0.09 | time-left: 14.25 min
[2024-11-07 13:13:35,623][func.train][INFO] - [TRAINING] Step 200/2139 | Loss: 156.34 | Acc (curr_frames): 0.05 | time-left: 13.25 min
[2024-11-07 13:14:14,840][func.train][INFO] - [TRAINING] Step 300/2139 | Loss: 150.45 | Acc (curr_frames): 0.09 | time-left: 12.38 min
[2024-11-07 13:14:54,078][func.train][INFO] - [TRAINING] Step 400/2139 | Loss: 131.87 | Acc (curr_frames): 0.05 | time-left: 11.62 min
[2024-11-07 13:15:33,767][func.train][INFO] - [TRAINING] Step 500/2139 | Loss: 92.78 | Acc (curr_frames): 0.09 | time-left: 10.93 min
[2024-11-07 13:16:13,391][func.train][INFO] - [TRAINING] Step 600/2139 | Loss: 66.45 | Acc (curr_frames): 0.15 | time-left: 10.25 min
[2024-11-07 13:16:52,525][func.train][INFO] - [TRAINING] Step 700/2139 | Loss: 65.84 | Acc (curr_frames): 0.13 | time-left: 9.55 min
[2024-11-07 13:17:31,608][func.train][INFO] - [TRAINING] Step 800/2139 | Loss: 73.94 | Acc (curr_frames): 0.14 | time-left: 8.87 min
[2024-11-07 13:18:12,007][func.train][INFO] - [TRAINING] Step 900/2139 | Loss: 60.21 | Acc (curr_frames): 0.11 | time-left: 8.22 min
[2024-11-07 13:18:50,877][func.train][INFO] - [TRAINING] Step 1000/2139 | Loss: 64.51 | Acc (curr_frames): 0.19 | time-left: 7.54 min
[2024-11-07 13:19:30,157][func.train][INFO] - [TRAINING] Step 1100/2139 | Loss: 65.82 | Acc (curr_frames): 0.21 | time-left: 6.87 min
[2024-11-07 13:20:09,887][func.train][INFO] - [TRAINING] Step 1200/2139 | Loss: 64.40 | Acc (curr_frames): 0.18 | time-left: 6.21 min
[2024-11-07 13:20:48,635][func.train][INFO] - [TRAINING] Step 1300/2139 | Loss: 59.61 | Acc (curr_frames): 0.21 | time-left: 5.53 min
[2024-11-07 13:21:27,736][func.train][INFO] - [TRAINING] Step 1400/2139 | Loss: 65.56 | Acc (curr_frames): 0.11 | time-left: 4.87 min
[2024-11-07 13:22:07,778][func.train][INFO] - [TRAINING] Step 1500/2139 | Loss: 68.01 | Acc (curr_frames): 0.21 | time-left: 4.21 min
[2024-11-07 13:22:46,992][func.train][INFO] - [TRAINING] Step 1600/2139 | Loss: 70.19 | Acc (curr_frames): 0.24 | time-left: 3.55 min
[2024-11-07 13:23:24,542][func.train][INFO] - [TRAINING] Step 1700/2139 | Loss: 76.64 | Acc (curr_frames): 0.26 | time-left: 2.88 min
[2024-11-07 13:24:01,681][func.train][INFO] - [TRAINING] Step 1800/2139 | Loss: 72.44 | Acc (curr_frames): 0.26 | time-left: 2.22 min
[2024-11-07 13:24:39,689][func.train][INFO] - [TRAINING] Step 1900/2139 | Loss: 63.32 | Acc (curr_frames): 0.23 | time-left: 1.56 min
[2024-11-07 13:25:17,973][func.train][INFO] - [TRAINING] Step 2000/2139 | Loss: 60.89 | Acc (curr_frames): 0.21 | time-left: 0.90 min
[2024-11-07 13:25:55,535][func.train][INFO] - [TRAINING] Step 2100/2139 | Loss: 62.83 | Acc (curr_frames): 0.27 | time-left: 0.25 min
[2024-11-07 13:26:14,083][root][INFO] - Storing ckpt at epoch 1.000000 to checkpoint.pth
[2024-11-07 13:26:14,386][func.train][INFO] - [EVAL] Epoch: 1 | Anticipation time (s): 60 | Max anticipation time (m): 60 | Step size (m): 1 | Max auto-reg. steps: 60
