[2024-05-10 18:58:37,430][func.train][INFO] - Dist info:
[2024-05-10 18:58:37,431][func.train][INFO] - torch version: 2.2.2+cu121
[2024-05-10 18:58:37,432][func.train][INFO] - torchvision version: 0.17.2+cu121
[2024-05-10 18:58:37,432][func.train][INFO] - hydra version: 1.3.2
[2024-05-10 18:58:37,435][func.train][INFO] - Loading data
[2024-05-10 18:58:37,436][func.train][INFO] - Loading datasets
[2024-05-10 18:58:38,030][func.train][INFO] - [SELECT DATASET] ALL loaded dataframe in 0m 1s
[2024-05-10 18:58:38,031][func.train][INFO] - [SELECT DATASET] ALL loaded dataframe: (83243, 4)
[2024-05-10 18:58:38,041][func.train][INFO] - [SELECT DATASET] labels are already starting from 0
[2024-05-10 18:58:38,050][func.train][INFO] - [SELECT DATASET] ALL unique classes: [0 1 2 3 4 5 6]
[2024-05-10 18:58:38,057][func.train][INFO] - [SELECT DATASET] aLL dataframe (head):                                           image_path  video_idx frame_idx class
0  /nfs/home/yangliu/dataset/AutoLaparo_Task1/Aut...          1         1     1
1  /nfs/home/yangliu/dataset/AutoLaparo_Task1/Aut...          1         2     1
2  /nfs/home/yangliu/dataset/AutoLaparo_Task1/Aut...          1         3     1
3  /nfs/home/yangliu/dataset/AutoLaparo_Task1/Aut...          1         4     1
4  /nfs/home/yangliu/dataset/AutoLaparo_Task1/Aut...          1         5     1
[2024-05-10 18:58:38,064][func.train][INFO] - [SELECT DATASET] ALL dataframe (tail):                                               image_path  ...  class
83238  /nfs/home/yangliu/dataset/AutoLaparo_Task1/Aut...  ...      6
83239  /nfs/home/yangliu/dataset/AutoLaparo_Task1/Aut...  ...      6
83240  /nfs/home/yangliu/dataset/AutoLaparo_Task1/Aut...  ...      6
83241  /nfs/home/yangliu/dataset/AutoLaparo_Task1/Aut...  ...      6
83242  /nfs/home/yangliu/dataset/AutoLaparo_Task1/Aut...  ...      6

[5 rows x 4 columns]
[2024-05-10 18:58:38,065][func.train][INFO] - [DATASET] params: {'debug': False, 'dataset_name': 'autolaparo21', 'reduc_feats_folder': 'train_targets_x_mp/', 'num_classes': 7, 'num_next_labels': 6, 'last_seg_class': 7, 'predict_next_phase': True, 'get_target_feats': False, 'replace_current_with_next_class': False}
[2024-05-10 18:58:38,104][func.train][INFO] - [DATASET] df unique videos: [ 1  2  3  4  5  6  7  8  9 10 11 12 13 14 15 16 17 18 19 20 21]
[2024-05-10 18:58:38,104][func.train][INFO] - [DATASET] split: train video_indices: [1, 2, 3, 4, 5, 6, 7, 8, 9, 10, 11, 12, 13, 14]
[2024-05-10 18:58:38,123][func.train][INFO] - [DATASET] train size: 55183
[2024-05-10 18:58:38,123][func.train][INFO] - [DATASET] train video_indices: [1, 2, 3, 4, 5, 6, 7, 8, 9, 10, 11, 12, 13, 14]
[2024-05-10 18:58:38,126][func.train][INFO] - [DATASET] Sampling video_idx: 1 at 1 fps to 6388 frames
[2024-05-10 18:58:38,136][func.train][INFO] - [DATASET] video 1 label_list: torch.Size([6388])
[2024-05-10 18:58:38,388][func.train][INFO] - [DATASET] Sampling video_idx: 2 at 1 fps to 3620 frames
[2024-05-10 18:58:38,389][func.train][INFO] - [DATASET] video 2 label_list: torch.Size([3620])
[2024-05-10 18:58:38,441][func.train][INFO] - [DATASET] Sampling video_idx: 3 at 1 fps to 3000 frames
[2024-05-10 18:58:38,442][func.train][INFO] - [DATASET] video 3 label_list: torch.Size([3000])
[2024-05-10 18:58:38,483][func.train][INFO] - [DATASET] Sampling video_idx: 4 at 1 fps to 2938 frames
[2024-05-10 18:58:38,484][func.train][INFO] - [DATASET] video 4 label_list: torch.Size([2938])
[2024-05-10 18:58:38,520][func.train][INFO] - [DATASET] Sampling video_idx: 5 at 1 fps to 3220 frames
[2024-05-10 18:58:38,521][func.train][INFO] - [DATASET] video 5 label_list: torch.Size([3220])
[2024-05-10 18:58:38,561][func.train][INFO] - [DATASET] Sampling video_idx: 6 at 1 fps to 3908 frames
[2024-05-10 18:58:38,562][func.train][INFO] - [DATASET] video 6 label_list: torch.Size([3908])
[2024-05-10 18:58:38,607][func.train][INFO] - [DATASET] Sampling video_idx: 7 at 1 fps to 1645 frames
[2024-05-10 18:58:38,608][func.train][INFO] - [DATASET] video 7 label_list: torch.Size([1645])
[2024-05-10 18:58:38,632][func.train][INFO] - [DATASET] Sampling video_idx: 8 at 1 fps to 4692 frames
[2024-05-10 18:58:38,633][func.train][INFO] - [DATASET] video 8 label_list: torch.Size([4692])
[2024-05-10 18:58:38,685][func.train][INFO] - [DATASET] Sampling video_idx: 9 at 1 fps to 5736 frames
[2024-05-10 18:58:38,687][func.train][INFO] - [DATASET] video 9 label_list: torch.Size([5736])
[2024-05-10 18:58:38,744][func.train][INFO] - [DATASET] Sampling video_idx: 10 at 1 fps to 5064 frames
[2024-05-10 18:58:38,745][func.train][INFO] - [DATASET] video 10 label_list: torch.Size([5064])
[2024-05-10 18:58:38,808][func.train][INFO] - [DATASET] Sampling video_idx: 11 at 1 fps to 4720 frames
[2024-05-10 18:58:38,809][func.train][INFO] - [DATASET] video 11 label_list: torch.Size([4720])
[2024-05-10 18:58:38,858][func.train][INFO] - [DATASET] Sampling video_idx: 12 at 1 fps to 2916 frames
[2024-05-10 18:58:38,859][func.train][INFO] - [DATASET] video 12 label_list: torch.Size([2916])
[2024-05-10 18:58:38,899][func.train][INFO] - [DATASET] Sampling video_idx: 13 at 1 fps to 2597 frames
[2024-05-10 18:58:38,900][func.train][INFO] - [DATASET] video 13 label_list: torch.Size([2597])
[2024-05-10 18:58:38,932][func.train][INFO] - [DATASET] Sampling video_idx: 14 at 1 fps to 4739 frames
[2024-05-10 18:58:38,933][func.train][INFO] - [DATASET] video 14 label_list: torch.Size([4739])
[2024-05-10 18:58:38,988][func.train][INFO] - [DATASET] number of train videos: 14
[2024-05-10 18:58:38,988][func.train][INFO] - [DATASET] avg video length: 65.69 minutes
[2024-05-10 18:58:39,123][func.train][INFO] - [DATASET] curr_class_weights: tensor([5.5989, 0.4087, 0.6284, 1.0496, 5.9139, 0.9633, 1.6039])
[2024-05-10 18:58:39,124][func.train][INFO] - [DATASET] next_class_weights: tensor([7.1736, 0.5237, 0.8051, 1.3447, 7.5772, 1.2342, 2.0550, 0.3942])
[2024-05-10 18:58:39,164][func.train][INFO] - [DATASET] df unique videos: [ 1  2  3  4  5  6  7  8  9 10 11 12 13 14 15 16 17 18 19 20 21]
[2024-05-10 18:58:39,165][func.train][INFO] - [DATASET] split: test video_indices: [15]
[2024-05-10 18:58:39,167][func.train][INFO] - [DATASET] test size: 3653
[2024-05-10 18:58:39,167][func.train][INFO] - [DATASET] test video_indices: [15]
[2024-05-10 18:58:39,169][func.train][INFO] - [DATASET] Sampling video_idx: 15 at 1 fps to 3653 frames
[2024-05-10 18:58:39,170][func.train][INFO] - [DATASET] video 15 label_list: torch.Size([3653])
[2024-05-10 18:58:39,216][func.train][INFO] - [DATASET] number of test videos: 1
[2024-05-10 18:58:39,217][func.train][INFO] - [DATASET] avg video length: 60.88 minutes
[2024-05-10 18:58:39,253][func.train][INFO] - [DATASET] df unique videos: [ 1  2  3  4  5  6  7  8  9 10 11 12 13 14 15 16 17 18 19 20 21]
[2024-05-10 18:58:39,253][func.train][INFO] - [DATASET] split: test video_indices: [16]
[2024-05-10 18:58:39,255][func.train][INFO] - [DATASET] test size: 3612
[2024-05-10 18:58:39,256][func.train][INFO] - [DATASET] test video_indices: [16]
[2024-05-10 18:58:39,257][func.train][INFO] - [DATASET] Sampling video_idx: 16 at 1 fps to 3612 frames
[2024-05-10 18:58:39,258][func.train][INFO] - [DATASET] video 16 label_list: torch.Size([3612])
[2024-05-10 18:58:39,296][func.train][INFO] - [DATASET] number of test videos: 1
[2024-05-10 18:58:39,297][func.train][INFO] - [DATASET] avg video length: 60.20 minutes
[2024-05-10 18:58:39,348][func.train][INFO] - [DATASET] df unique videos: [ 1  2  3  4  5  6  7  8  9 10 11 12 13 14 15 16 17 18 19 20 21]
[2024-05-10 18:58:39,348][func.train][INFO] - [DATASET] split: test video_indices: [17]
[2024-05-10 18:58:39,350][func.train][INFO] - [DATASET] test size: 4678
[2024-05-10 18:58:39,351][func.train][INFO] - [DATASET] test video_indices: [17]
[2024-05-10 18:58:39,352][func.train][INFO] - [DATASET] Sampling video_idx: 17 at 1 fps to 4678 frames
[2024-05-10 18:58:39,353][func.train][INFO] - [DATASET] video 17 label_list: torch.Size([4678])
[2024-05-10 18:58:39,403][func.train][INFO] - [DATASET] number of test videos: 1
[2024-05-10 18:58:39,403][func.train][INFO] - [DATASET] avg video length: 77.97 minutes
[2024-05-10 18:58:39,444][func.train][INFO] - [DATASET] df unique videos: [ 1  2  3  4  5  6  7  8  9 10 11 12 13 14 15 16 17 18 19 20 21]
[2024-05-10 18:58:39,444][func.train][INFO] - [DATASET] split: test video_indices: [18]
[2024-05-10 18:58:39,447][func.train][INFO] - [DATASET] test size: 3546
[2024-05-10 18:58:39,447][func.train][INFO] - [DATASET] test video_indices: [18]
[2024-05-10 18:58:39,448][func.train][INFO] - [DATASET] Sampling video_idx: 18 at 1 fps to 3546 frames
[2024-05-10 18:58:39,449][func.train][INFO] - [DATASET] video 18 label_list: torch.Size([3546])
[2024-05-10 18:58:39,487][func.train][INFO] - [DATASET] number of test videos: 1
[2024-05-10 18:58:39,488][func.train][INFO] - [DATASET] avg video length: 59.10 minutes
[2024-05-10 18:58:39,546][func.train][INFO] - [DATASET] df unique videos: [ 1  2  3  4  5  6  7  8  9 10 11 12 13 14 15 16 17 18 19 20 21]
[2024-05-10 18:58:39,546][func.train][INFO] - [DATASET] split: test video_indices: [19]
[2024-05-10 18:58:39,549][func.train][INFO] - [DATASET] test size: 3413
[2024-05-10 18:58:39,549][func.train][INFO] - [DATASET] test video_indices: [19]
[2024-05-10 18:58:39,551][func.train][INFO] - [DATASET] Sampling video_idx: 19 at 1 fps to 3413 frames
[2024-05-10 18:58:39,552][func.train][INFO] - [DATASET] video 19 label_list: torch.Size([3413])
[2024-05-10 18:58:39,593][func.train][INFO] - [DATASET] number of test videos: 1
[2024-05-10 18:58:39,593][func.train][INFO] - [DATASET] avg video length: 56.88 minutes
[2024-05-10 18:58:39,645][func.train][INFO] - [DATASET] df unique videos: [ 1  2  3  4  5  6  7  8  9 10 11 12 13 14 15 16 17 18 19 20 21]
[2024-05-10 18:58:39,645][func.train][INFO] - [DATASET] split: test video_indices: [20]
[2024-05-10 18:58:39,650][func.train][INFO] - [DATASET] test size: 4832
[2024-05-10 18:58:39,650][func.train][INFO] - [DATASET] test video_indices: [20]
[2024-05-10 18:58:39,654][func.train][INFO] - [DATASET] Sampling video_idx: 20 at 1 fps to 4832 frames
[2024-05-10 18:58:39,655][func.train][INFO] - [DATASET] video 20 label_list: torch.Size([4832])
[2024-05-10 18:58:39,709][func.train][INFO] - [DATASET] number of test videos: 1
[2024-05-10 18:58:39,710][func.train][INFO] - [DATASET] avg video length: 80.53 minutes
[2024-05-10 18:58:39,757][func.train][INFO] - [DATASET] df unique videos: [ 1  2  3  4  5  6  7  8  9 10 11 12 13 14 15 16 17 18 19 20 21]
[2024-05-10 18:58:39,757][func.train][INFO] - [DATASET] split: test video_indices: [21]
[2024-05-10 18:58:39,760][func.train][INFO] - [DATASET] test size: 4326
[2024-05-10 18:58:39,760][func.train][INFO] - [DATASET] test video_indices: [21]
[2024-05-10 18:58:39,762][func.train][INFO] - [DATASET] Sampling video_idx: 21 at 1 fps to 4326 frames
[2024-05-10 18:58:39,763][func.train][INFO] - [DATASET] video 21 label_list: torch.Size([4326])
[2024-05-10 18:58:39,810][func.train][INFO] - [DATASET] number of test videos: 1
[2024-05-10 18:58:39,811][func.train][INFO] - [DATASET] avg video length: 72.10 minutes
[2024-05-10 18:58:39,835][func.train][INFO] - Time to load datasets: 0.04 min
[2024-05-10 18:58:39,835][func.train][INFO] - Creating data loaders
[2024-05-10 18:58:39,837][func.train][INFO] - Creating model with {'one': 7} classes
[2024-05-10 18:58:40,770][func.train][INFO] - [MAIN] Number of tokens: 55183
[2024-05-10 18:58:40,770][func.train][INFO] - [MAIN] Number of parameters: 14776534
[2024-05-10 18:58:40,770][func.train][INFO] - [MAIN] Token-to-Parameter Ratio is ideally between [1:1 to 10:1]: 0.003735
[2024-05-10 18:58:40,771][func.train][WARNING] - [MAIN] Data-to-Parameter-Ratio is outside the interval [1:1 to 10:1]
[2024-05-10 18:58:40,772][func.train][INFO] - Using LR 0.000300 WD 0.000010 for parameters
[2024-05-10 18:58:40,772][func.train][INFO] - Using LR 0.000300 WD 0.000010 for parameters
[2024-05-10 18:58:40,779][func.train][INFO] - Wrapping model into DP
[2024-05-10 18:58:40,925][func.train][INFO] - Start training
[2024-05-10 18:58:40,929][func.train][INFO] - Storing checkpoints every 60.00 mins
[2024-05-10 18:58:43,468][func.train][INFO] - [TRAINING] Step 0/1725 | Loss: 1.63 | Acc (curr_frames): 0.02 | Acc (next_frames): 0.11 | time-left: 72.95 min
[2024-05-10 18:59:30,506][func.train][INFO] - [TRAINING] Step 100/1725 | Loss: 1.55 | Acc (curr_frames): 0.02 | Acc (next_frames): 0.12 | time-left: 13.29 min
[2024-05-10 19:00:13,831][func.train][INFO] - [TRAINING] Step 200/1725 | Loss: 1.51 | Acc (curr_frames): 0.01 | Acc (next_frames): 0.12 | time-left: 11.74 min
[2024-05-10 19:00:57,338][func.train][INFO] - [TRAINING] Step 300/1725 | Loss: 1.60 | Acc (curr_frames): 0.11 | Acc (next_frames): 0.16 | time-left: 10.76 min
[2024-05-10 19:01:41,024][func.train][INFO] - [TRAINING] Step 400/1725 | Loss: 1.38 | Acc (curr_frames): 0.20 | Acc (next_frames): 0.16 | time-left: 9.91 min
[2024-05-10 19:02:24,850][func.train][INFO] - [TRAINING] Step 500/1725 | Loss: 1.47 | Acc (curr_frames): 0.22 | Acc (next_frames): 0.16 | time-left: 9.12 min
[2024-05-10 19:03:08,750][func.train][INFO] - [TRAINING] Step 600/1725 | Loss: 1.33 | Acc (curr_frames): 0.18 | Acc (next_frames): 0.16 | time-left: 8.35 min
[2024-05-10 19:03:52,626][func.train][INFO] - [TRAINING] Step 700/1725 | Loss: 1.89 | Acc (curr_frames): 0.15 | Acc (next_frames): 0.14 | time-left: 7.59 min
[2024-05-10 19:04:36,687][func.train][INFO] - [TRAINING] Step 800/1725 | Loss: 1.27 | Acc (curr_frames): 0.21 | Acc (next_frames): 0.18 | time-left: 6.84 min
[2024-05-10 19:05:22,077][func.train][INFO] - [TRAINING] Step 900/1725 | Loss: 1.56 | Acc (curr_frames): 0.08 | Acc (next_frames): 0.10 | time-left: 6.11 min
[2024-05-10 19:06:05,791][func.train][INFO] - [TRAINING] Step 1000/1725 | Loss: 1.28 | Acc (curr_frames): 0.24 | Acc (next_frames): 0.16 | time-left: 5.36 min
[2024-05-10 19:06:49,245][func.train][INFO] - [TRAINING] Step 1100/1725 | Loss: 1.63 | Acc (curr_frames): 0.24 | Acc (next_frames): 0.10 | time-left: 4.61 min
[2024-05-10 19:07:32,474][func.train][INFO] - [TRAINING] Step 1200/1725 | Loss: 1.44 | Acc (curr_frames): 0.22 | Acc (next_frames): 0.16 | time-left: 3.87 min
[2024-05-10 19:08:15,708][func.train][INFO] - [TRAINING] Step 1300/1725 | Loss: 2.09 | Acc (curr_frames): 0.16 | Acc (next_frames): 0.13 | time-left: 3.12 min
[2024-05-10 19:08:59,140][func.train][INFO] - [TRAINING] Step 1400/1725 | Loss: 1.54 | Acc (curr_frames): 0.18 | Acc (next_frames): 0.17 | time-left: 2.38 min
[2024-05-10 19:09:42,482][func.train][INFO] - [TRAINING] Step 1500/1725 | Loss: 1.24 | Acc (curr_frames): 0.21 | Acc (next_frames): 0.24 | time-left: 1.65 min
[2024-05-10 19:10:26,356][func.train][INFO] - [TRAINING] Step 1600/1725 | Loss: 1.37 | Acc (curr_frames): 0.31 | Acc (next_frames): 0.23 | time-left: 0.91 min
[2024-05-10 19:11:10,256][func.train][INFO] - [TRAINING] Step 1700/1725 | Loss: 1.36 | Acc (curr_frames): 0.10 | Acc (next_frames): 0.20 | time-left: 0.18 min
[2024-05-10 19:11:25,119][root][INFO] - Storing ckpt at epoch 1.000000 to checkpoint.pth
[2024-05-10 19:11:25,481][func.train][INFO] - [EVAL] Epoch: 1 | Anticipation time (s): 60 | Max anticipation time (m): 18 | Step size (m): 1 | Max auto-reg. steps: 18
[2024-05-10 19:11:25,481][func.train][INFO] - [EVAL] X-axis values: [1, 2, 3, 4, 5, 6, 7, 8, 9, 10, 11, 12, 13, 14, 15, 16, 17, 18]
[2024-05-10 19:11:26,764][func.train][INFO] - [TESTING] video: 15 | frame: 63 / 3653
[2024-05-10 19:11:27,178][func.train][INFO] - [TESTING] video: 15 | frame: 127 / 3653
[2024-05-10 19:11:27,624][func.train][INFO] - [TESTING] video: 15 | frame: 191 / 3653
[2024-05-10 19:11:28,036][func.train][INFO] - [TESTING] video: 15 | frame: 255 / 3653
[2024-05-10 19:11:28,429][func.train][INFO] - [TESTING] video: 15 | frame: 319 / 3653
[2024-05-10 19:11:28,819][func.train][INFO] - [TESTING] video: 15 | frame: 383 / 3653
[2024-05-10 19:11:29,211][func.train][INFO] - [TESTING] video: 15 | frame: 447 / 3653
[2024-05-10 19:11:29,606][func.train][INFO] - [TESTING] video: 15 | frame: 511 / 3653
[2024-05-10 19:11:29,991][func.train][INFO] - [TESTING] video: 15 | frame: 575 / 3653
[2024-05-10 19:11:30,376][func.train][INFO] - [TESTING] video: 15 | frame: 639 / 3653
[2024-05-10 19:11:30,761][func.train][INFO] - [TESTING] video: 15 | frame: 703 / 3653
[2024-05-10 19:11:31,156][func.train][INFO] - [TESTING] video: 15 | frame: 767 / 3653
[2024-05-10 19:11:31,616][func.train][INFO] - [TESTING] video: 15 | frame: 831 / 3653
[2024-05-10 19:11:32,006][func.train][INFO] - [TESTING] video: 15 | frame: 895 / 3653
[2024-05-10 19:11:32,418][func.train][INFO] - [TESTING] video: 15 | frame: 959 / 3653
[2024-05-10 19:11:32,873][func.train][INFO] - [TESTING] video: 15 | frame: 1023 / 3653
[2024-05-10 19:11:33,287][func.train][INFO] - [TESTING] video: 15 | frame: 1087 / 3653
[2024-05-10 19:11:33,697][func.train][INFO] - [TESTING] video: 15 | frame: 1151 / 3653
[2024-05-10 19:11:34,098][func.train][INFO] - [TESTING] video: 15 | frame: 1215 / 3653
[2024-05-10 19:11:34,491][func.train][INFO] - [TESTING] video: 15 | frame: 1279 / 3653
[2024-05-10 19:11:34,883][func.train][INFO] - [TESTING] video: 15 | frame: 1343 / 3653
[2024-05-10 19:11:35,269][func.train][INFO] - [TESTING] video: 15 | frame: 1407 / 3653
[2024-05-10 19:11:35,651][func.train][INFO] - [TESTING] video: 15 | frame: 1471 / 3653
[2024-05-10 19:11:36,032][func.train][INFO] - [TESTING] video: 15 | frame: 1535 / 3653
[2024-05-10 19:11:36,423][func.train][INFO] - [TESTING] video: 15 | frame: 1599 / 3653
[2024-05-10 19:11:36,810][func.train][INFO] - [TESTING] video: 15 | frame: 1663 / 3653
[2024-05-10 19:11:37,216][func.train][INFO] - [TESTING] video: 15 | frame: 1727 / 3653
[2024-05-10 19:11:37,617][func.train][INFO] - [TESTING] video: 15 | frame: 1791 / 3653
[2024-05-10 19:11:38,003][func.train][INFO] - [TESTING] video: 15 | frame: 1855 / 3653
[2024-05-10 19:11:38,383][func.train][INFO] - [TESTING] video: 15 | frame: 1919 / 3653
[2024-05-10 19:11:38,802][func.train][INFO] - [TESTING] video: 15 | frame: 1983 / 3653
[2024-05-10 19:11:39,200][func.train][INFO] - [TESTING] video: 15 | frame: 2047 / 3653
[2024-05-10 19:11:39,582][func.train][INFO] - [TESTING] video: 15 | frame: 2111 / 3653
[2024-05-10 19:11:39,962][func.train][INFO] - [TESTING] video: 15 | frame: 2175 / 3653
[2024-05-10 19:11:40,344][func.train][INFO] - [TESTING] video: 15 | frame: 2239 / 3653
[2024-05-10 19:11:40,725][func.train][INFO] - [TESTING] video: 15 | frame: 2303 / 3653
[2024-05-10 19:11:41,129][func.train][INFO] - [TESTING] video: 15 | frame: 2367 / 3653
[2024-05-10 19:11:41,516][func.train][INFO] - [TESTING] video: 15 | frame: 2431 / 3653
[2024-05-10 19:11:41,895][func.train][INFO] - [TESTING] video: 15 | frame: 2495 / 3653
[2024-05-10 19:11:42,273][func.train][INFO] - [TESTING] video: 15 | frame: 2559 / 3653
[2024-05-10 19:11:42,657][func.train][INFO] - [TESTING] video: 15 | frame: 2623 / 3653
[2024-05-10 19:11:43,062][func.train][INFO] - [TESTING] video: 15 | frame: 2687 / 3653
[2024-05-10 19:11:43,454][func.train][INFO] - [TESTING] video: 15 | frame: 2751 / 3653
[2024-05-10 19:11:43,842][func.train][INFO] - [TESTING] video: 15 | frame: 2815 / 3653
[2024-05-10 19:11:44,231][func.train][INFO] - [TESTING] video: 15 | frame: 2879 / 3653
[2024-05-10 19:11:44,613][func.train][INFO] - [TESTING] video: 15 | frame: 2943 / 3653
[2024-05-10 19:11:44,994][func.train][INFO] - [TESTING] video: 15 | frame: 3007 / 3653
[2024-05-10 19:11:45,372][func.train][INFO] - [TESTING] video: 15 | frame: 3071 / 3653
[2024-05-10 19:11:45,752][func.train][INFO] - [TESTING] video: 15 | frame: 3135 / 3653
[2024-05-10 19:11:46,136][func.train][INFO] - [TESTING] video: 15 | frame: 3199 / 3653
[2024-05-10 19:11:46,516][func.train][INFO] - [TESTING] video: 15 | frame: 3263 / 3653
[2024-05-10 19:11:46,923][func.train][INFO] - [TESTING] video: 15 | frame: 3327 / 3653
[2024-05-10 19:11:47,325][func.train][INFO] - [TESTING] video: 15 | frame: 3391 / 3653
[2024-05-10 19:11:47,712][func.train][INFO] - [TESTING] video: 15 | frame: 3455 / 3653
[2024-05-10 19:11:48,096][func.train][INFO] - [TESTING] video: 15 | frame: 3519 / 3653
[2024-05-10 19:11:48,480][func.train][INFO] - [TESTING] video: 15 | frame: 3583 / 3653
[2024-05-10 19:11:48,867][func.train][INFO] - [TESTING] video: 15 | frame: 3647 / 3653
[2024-05-10 19:11:49,347][func.train][INFO] - [TESTING] video: 15 | frame: 3652 / 3653
[2024-05-10 19:11:49,348][func.train][INFO] - [TESTING] video: 15 | video test time: 0.40 min | total test time: 0.40 min
[2024-05-10 19:11:49,355][func.train][INFO] - [TESTING] video: 15 | mean_acc_curr_frames: 0.2368 | mean_acc_future_frames: 0.0804 | mean_cum_acc_future_frames: 0.1061
[2024-05-10 19:11:51,789][func.train][INFO] - [TESTING] video: 16 | frame: 63 / 3612
[2024-05-10 19:11:52,199][func.train][INFO] - [TESTING] video: 16 | frame: 127 / 3612
[2024-05-10 19:11:52,592][func.train][INFO] - [TESTING] video: 16 | frame: 191 / 3612
[2024-05-10 19:11:52,989][func.train][INFO] - [TESTING] video: 16 | frame: 255 / 3612
[2024-05-10 19:11:53,374][func.train][INFO] - [TESTING] video: 16 | frame: 319 / 3612
[2024-05-10 19:11:53,765][func.train][INFO] - [TESTING] video: 16 | frame: 383 / 3612
[2024-05-10 19:11:54,153][func.train][INFO] - [TESTING] video: 16 | frame: 447 / 3612
[2024-05-10 19:11:54,554][func.train][INFO] - [TESTING] video: 16 | frame: 511 / 3612
[2024-05-10 19:11:54,957][func.train][INFO] - [TESTING] video: 16 | frame: 575 / 3612
[2024-05-10 19:11:55,346][func.train][INFO] - [TESTING] video: 16 | frame: 639 / 3612
[2024-05-10 19:11:55,732][func.train][INFO] - [TESTING] video: 16 | frame: 703 / 3612
[2024-05-10 19:11:56,126][func.train][INFO] - [TESTING] video: 16 | frame: 767 / 3612
[2024-05-10 19:11:56,523][func.train][INFO] - [TESTING] video: 16 | frame: 831 / 3612
[2024-05-10 19:11:56,916][func.train][INFO] - [TESTING] video: 16 | frame: 895 / 3612
[2024-05-10 19:11:57,310][func.train][INFO] - [TESTING] video: 16 | frame: 959 / 3612
[2024-05-10 19:11:57,706][func.train][INFO] - [TESTING] video: 16 | frame: 1023 / 3612
[2024-05-10 19:11:58,110][func.train][INFO] - [TESTING] video: 16 | frame: 1087 / 3612
[2024-05-10 19:11:58,523][func.train][INFO] - [TESTING] video: 16 | frame: 1151 / 3612
[2024-05-10 19:11:58,965][func.train][INFO] - [TESTING] video: 16 | frame: 1215 / 3612
[2024-05-10 19:11:59,368][func.train][INFO] - [TESTING] video: 16 | frame: 1279 / 3612
[2024-05-10 19:11:59,772][func.train][INFO] - [TESTING] video: 16 | frame: 1343 / 3612
[2024-05-10 19:12:00,172][func.train][INFO] - [TESTING] video: 16 | frame: 1407 / 3612
[2024-05-10 19:12:00,569][func.train][INFO] - [TESTING] video: 16 | frame: 1471 / 3612
[2024-05-10 19:12:00,970][func.train][INFO] - [TESTING] video: 16 | frame: 1535 / 3612
[2024-05-10 19:12:01,361][func.train][INFO] - [TESTING] video: 16 | frame: 1599 / 3612
[2024-05-10 19:12:01,748][func.train][INFO] - [TESTING] video: 16 | frame: 1663 / 3612
[2024-05-10 19:12:02,138][func.train][INFO] - [TESTING] video: 16 | frame: 1727 / 3612
[2024-05-10 19:12:02,527][func.train][INFO] - [TESTING] video: 16 | frame: 1791 / 3612
[2024-05-10 19:12:02,917][func.train][INFO] - [TESTING] video: 16 | frame: 1855 / 3612
[2024-05-10 19:12:03,318][func.train][INFO] - [TESTING] video: 16 | frame: 1919 / 3612
[2024-05-10 19:12:03,706][func.train][INFO] - [TESTING] video: 16 | frame: 1983 / 3612
[2024-05-10 19:12:04,116][func.train][INFO] - [TESTING] video: 16 | frame: 2047 / 3612
[2024-05-10 19:12:04,525][func.train][INFO] - [TESTING] video: 16 | frame: 2111 / 3612
[2024-05-10 19:12:04,919][func.train][INFO] - [TESTING] video: 16 | frame: 2175 / 3612
[2024-05-10 19:12:05,317][func.train][INFO] - [TESTING] video: 16 | frame: 2239 / 3612
[2024-05-10 19:12:05,700][func.train][INFO] - [TESTING] video: 16 | frame: 2303 / 3612
[2024-05-10 19:12:06,093][func.train][INFO] - [TESTING] video: 16 | frame: 2367 / 3612
[2024-05-10 19:12:06,493][func.train][INFO] - [TESTING] video: 16 | frame: 2431 / 3612
[2024-05-10 19:12:06,891][func.train][INFO] - [TESTING] video: 16 | frame: 2495 / 3612
[2024-05-10 19:12:07,299][func.train][INFO] - [TESTING] video: 16 | frame: 2559 / 3612
[2024-05-10 19:12:07,727][func.train][INFO] - [TESTING] video: 16 | frame: 2623 / 3612
[2024-05-10 19:12:08,140][func.train][INFO] - [TESTING] video: 16 | frame: 2687 / 3612
[2024-05-10 19:12:08,548][func.train][INFO] - [TESTING] video: 16 | frame: 2751 / 3612
[2024-05-10 19:12:08,971][func.train][INFO] - [TESTING] video: 16 | frame: 2815 / 3612
[2024-05-10 19:12:09,365][func.train][INFO] - [TESTING] video: 16 | frame: 2879 / 3612
[2024-05-10 19:12:09,767][func.train][INFO] - [TESTING] video: 16 | frame: 2943 / 3612
[2024-05-10 19:12:10,150][func.train][INFO] - [TESTING] video: 16 | frame: 3007 / 3612
[2024-05-10 19:12:10,529][func.train][INFO] - [TESTING] video: 16 | frame: 3071 / 3612
[2024-05-10 19:12:10,909][func.train][INFO] - [TESTING] video: 16 | frame: 3135 / 3612
[2024-05-10 19:12:11,292][func.train][INFO] - [TESTING] video: 16 | frame: 3199 / 3612
[2024-05-10 19:12:11,676][func.train][INFO] - [TESTING] video: 16 | frame: 3263 / 3612
[2024-05-10 19:12:12,056][func.train][INFO] - [TESTING] video: 16 | frame: 3327 / 3612
[2024-05-10 19:12:12,440][func.train][INFO] - [TESTING] video: 16 | frame: 3391 / 3612
[2024-05-10 19:12:12,820][func.train][INFO] - [TESTING] video: 16 | frame: 3455 / 3612
[2024-05-10 19:12:13,229][func.train][INFO] - [TESTING] video: 16 | frame: 3519 / 3612
[2024-05-10 19:12:13,611][func.train][INFO] - [TESTING] video: 16 | frame: 3583 / 3612
[2024-05-10 19:12:15,016][func.train][INFO] - [TESTING] video: 16 | frame: 3611 / 3612
[2024-05-10 19:12:15,016][func.train][INFO] - [TESTING] video: 16 | video test time: 0.39 min | total test time: 0.83 min
[2024-05-10 19:12:15,021][func.train][INFO] - [TESTING] video: 16 | mean_acc_curr_frames: 0.2051 | mean_acc_future_frames: 0.0679 | mean_cum_acc_future_frames: 0.101
[2024-05-10 19:12:17,628][func.train][INFO] - [TESTING] video: 17 | frame: 63 / 4678
[2024-05-10 19:12:18,043][func.train][INFO] - [TESTING] video: 17 | frame: 127 / 4678
[2024-05-10 19:12:18,451][func.train][INFO] - [TESTING] video: 17 | frame: 191 / 4678
[2024-05-10 19:12:18,850][func.train][INFO] - [TESTING] video: 17 | frame: 255 / 4678
[2024-05-10 19:12:19,242][func.train][INFO] - [TESTING] video: 17 | frame: 319 / 4678
[2024-05-10 19:12:19,638][func.train][INFO] - [TESTING] video: 17 | frame: 383 / 4678
[2024-05-10 19:12:20,054][func.train][INFO] - [TESTING] video: 17 | frame: 447 / 4678
[2024-05-10 19:12:20,452][func.train][INFO] - [TESTING] video: 17 | frame: 511 / 4678
[2024-05-10 19:12:20,841][func.train][INFO] - [TESTING] video: 17 | frame: 575 / 4678
[2024-05-10 19:12:21,301][func.train][INFO] - [TESTING] video: 17 | frame: 639 / 4678
[2024-05-10 19:12:21,755][func.train][INFO] - [TESTING] video: 17 | frame: 703 / 4678
[2024-05-10 19:12:22,149][func.train][INFO] - [TESTING] video: 17 | frame: 767 / 4678
[2024-05-10 19:12:22,542][func.train][INFO] - [TESTING] video: 17 | frame: 831 / 4678
[2024-05-10 19:12:22,954][func.train][INFO] - [TESTING] video: 17 | frame: 895 / 4678
[2024-05-10 19:12:23,368][func.train][INFO] - [TESTING] video: 17 | frame: 959 / 4678
[2024-05-10 19:12:23,757][func.train][INFO] - [TESTING] video: 17 | frame: 1023 / 4678
[2024-05-10 19:12:24,146][func.train][INFO] - [TESTING] video: 17 | frame: 1087 / 4678
[2024-05-10 19:12:24,543][func.train][INFO] - [TESTING] video: 17 | frame: 1151 / 4678
[2024-05-10 19:12:24,973][func.train][INFO] - [TESTING] video: 17 | frame: 1215 / 4678
[2024-05-10 19:12:25,382][func.train][INFO] - [TESTING] video: 17 | frame: 1279 / 4678
[2024-05-10 19:12:25,791][func.train][INFO] - [TESTING] video: 17 | frame: 1343 / 4678
[2024-05-10 19:12:26,200][func.train][INFO] - [TESTING] video: 17 | frame: 1407 / 4678
[2024-05-10 19:12:26,589][func.train][INFO] - [TESTING] video: 17 | frame: 1471 / 4678
[2024-05-10 19:12:27,000][func.train][INFO] - [TESTING] video: 17 | frame: 1535 / 4678
[2024-05-10 19:12:27,403][func.train][INFO] - [TESTING] video: 17 | frame: 1599 / 4678
[2024-05-10 19:12:27,792][func.train][INFO] - [TESTING] video: 17 | frame: 1663 / 4678
[2024-05-10 19:12:28,174][func.train][INFO] - [TESTING] video: 17 | frame: 1727 / 4678
[2024-05-10 19:12:28,564][func.train][INFO] - [TESTING] video: 17 | frame: 1791 / 4678
[2024-05-10 19:12:28,980][func.train][INFO] - [TESTING] video: 17 | frame: 1855 / 4678
[2024-05-10 19:12:29,368][func.train][INFO] - [TESTING] video: 17 | frame: 1919 / 4678
[2024-05-10 19:12:29,780][func.train][INFO] - [TESTING] video: 17 | frame: 1983 / 4678
[2024-05-10 19:12:30,169][func.train][INFO] - [TESTING] video: 17 | frame: 2047 / 4678
[2024-05-10 19:12:30,567][func.train][INFO] - [TESTING] video: 17 | frame: 2111 / 4678
[2024-05-10 19:12:30,957][func.train][INFO] - [TESTING] video: 17 | frame: 2175 / 4678
[2024-05-10 19:12:31,339][func.train][INFO] - [TESTING] video: 17 | frame: 2239 / 4678
[2024-05-10 19:12:31,729][func.train][INFO] - [TESTING] video: 17 | frame: 2303 / 4678
[2024-05-10 19:12:32,123][func.train][INFO] - [TESTING] video: 17 | frame: 2367 / 4678
[2024-05-10 19:12:32,508][func.train][INFO] - [TESTING] video: 17 | frame: 2431 / 4678
[2024-05-10 19:12:32,892][func.train][INFO] - [TESTING] video: 17 | frame: 2495 / 4678
[2024-05-10 19:12:33,315][func.train][INFO] - [TESTING] video: 17 | frame: 2559 / 4678
[2024-05-10 19:12:33,700][func.train][INFO] - [TESTING] video: 17 | frame: 2623 / 4678
[2024-05-10 19:12:34,093][func.train][INFO] - [TESTING] video: 17 | frame: 2687 / 4678
[2024-05-10 19:12:34,481][func.train][INFO] - [TESTING] video: 17 | frame: 2751 / 4678
[2024-05-10 19:12:34,867][func.train][INFO] - [TESTING] video: 17 | frame: 2815 / 4678
[2024-05-10 19:12:35,249][func.train][INFO] - [TESTING] video: 17 | frame: 2879 / 4678
[2024-05-10 19:12:35,636][func.train][INFO] - [TESTING] video: 17 | frame: 2943 / 4678
[2024-05-10 19:12:36,020][func.train][INFO] - [TESTING] video: 17 | frame: 3007 / 4678
[2024-05-10 19:12:36,404][func.train][INFO] - [TESTING] video: 17 | frame: 3071 / 4678
[2024-05-10 19:12:36,787][func.train][INFO] - [TESTING] video: 17 | frame: 3135 / 4678
[2024-05-10 19:12:37,173][func.train][INFO] - [TESTING] video: 17 | frame: 3199 / 4678
[2024-05-10 19:12:37,557][func.train][INFO] - [TESTING] video: 17 | frame: 3263 / 4678
[2024-05-10 19:12:37,953][func.train][INFO] - [TESTING] video: 17 | frame: 3327 / 4678
[2024-05-10 19:12:38,358][func.train][INFO] - [TESTING] video: 17 | frame: 3391 / 4678
[2024-05-10 19:12:38,745][func.train][INFO] - [TESTING] video: 17 | frame: 3455 / 4678
[2024-05-10 19:12:39,148][func.train][INFO] - [TESTING] video: 17 | frame: 3519 / 4678
[2024-05-10 19:12:39,535][func.train][INFO] - [TESTING] video: 17 | frame: 3583 / 4678
[2024-05-10 19:12:39,923][func.train][INFO] - [TESTING] video: 17 | frame: 3647 / 4678
[2024-05-10 19:12:40,308][func.train][INFO] - [TESTING] video: 17 | frame: 3711 / 4678
[2024-05-10 19:12:40,693][func.train][INFO] - [TESTING] video: 17 | frame: 3775 / 4678
[2024-05-10 19:12:41,119][func.train][INFO] - [TESTING] video: 17 | frame: 3839 / 4678
[2024-05-10 19:12:41,525][func.train][INFO] - [TESTING] video: 17 | frame: 3903 / 4678
[2024-05-10 19:12:41,906][func.train][INFO] - [TESTING] video: 17 | frame: 3967 / 4678
[2024-05-10 19:12:42,290][func.train][INFO] - [TESTING] video: 17 | frame: 4031 / 4678
[2024-05-10 19:12:42,677][func.train][INFO] - [TESTING] video: 17 | frame: 4095 / 4678
[2024-05-10 19:12:43,058][func.train][INFO] - [TESTING] video: 17 | frame: 4159 / 4678
[2024-05-10 19:12:43,441][func.train][INFO] - [TESTING] video: 17 | frame: 4223 / 4678
[2024-05-10 19:12:43,822][func.train][INFO] - [TESTING] video: 17 | frame: 4287 / 4678
[2024-05-10 19:12:44,205][func.train][INFO] - [TESTING] video: 17 | frame: 4351 / 4678
[2024-05-10 19:12:44,587][func.train][INFO] - [TESTING] video: 17 | frame: 4415 / 4678
[2024-05-10 19:12:44,967][func.train][INFO] - [TESTING] video: 17 | frame: 4479 / 4678
[2024-05-10 19:12:45,347][func.train][INFO] - [TESTING] video: 17 | frame: 4543 / 4678
[2024-05-10 19:12:45,737][func.train][INFO] - [TESTING] video: 17 | frame: 4607 / 4678
[2024-05-10 19:12:46,119][func.train][INFO] - [TESTING] video: 17 | frame: 4671 / 4678
[2024-05-10 19:12:46,518][func.train][INFO] - [TESTING] video: 17 | frame: 4677 / 4678
[2024-05-10 19:12:46,519][func.train][INFO] - [TESTING] video: 17 | video test time: 0.49 min | total test time: 1.35 min
[2024-05-10 19:12:46,523][func.train][INFO] - [TESTING] video: 17 | mean_acc_curr_frames: 0.3365 | mean_acc_future_frames: 0.186 | mean_cum_acc_future_frames: 0.1872
[2024-05-10 19:12:49,114][func.train][INFO] - [TESTING] video: 18 | frame: 63 / 3546
[2024-05-10 19:12:49,534][func.train][INFO] - [TESTING] video: 18 | frame: 127 / 3546
[2024-05-10 19:12:49,923][func.train][INFO] - [TESTING] video: 18 | frame: 191 / 3546
[2024-05-10 19:12:50,318][func.train][INFO] - [TESTING] video: 18 | frame: 255 / 3546
[2024-05-10 19:12:50,702][func.train][INFO] - [TESTING] video: 18 | frame: 319 / 3546
[2024-05-10 19:12:51,087][func.train][INFO] - [TESTING] video: 18 | frame: 383 / 3546
[2024-05-10 19:12:51,475][func.train][INFO] - [TESTING] video: 18 | frame: 447 / 3546
[2024-05-10 19:12:51,866][func.train][INFO] - [TESTING] video: 18 | frame: 511 / 3546
[2024-05-10 19:12:52,250][func.train][INFO] - [TESTING] video: 18 | frame: 575 / 3546
[2024-05-10 19:12:52,642][func.train][INFO] - [TESTING] video: 18 | frame: 639 / 3546
[2024-05-10 19:12:53,035][func.train][INFO] - [TESTING] video: 18 | frame: 703 / 3546
[2024-05-10 19:12:53,437][func.train][INFO] - [TESTING] video: 18 | frame: 767 / 3546
[2024-05-10 19:12:53,832][func.train][INFO] - [TESTING] video: 18 | frame: 831 / 3546
[2024-05-10 19:12:54,219][func.train][INFO] - [TESTING] video: 18 | frame: 895 / 3546
[2024-05-10 19:12:54,610][func.train][INFO] - [TESTING] video: 18 | frame: 959 / 3546
[2024-05-10 19:12:55,003][func.train][INFO] - [TESTING] video: 18 | frame: 1023 / 3546
[2024-05-10 19:12:55,397][func.train][INFO] - [TESTING] video: 18 | frame: 1087 / 3546
[2024-05-10 19:12:55,791][func.train][INFO] - [TESTING] video: 18 | frame: 1151 / 3546
[2024-05-10 19:12:56,179][func.train][INFO] - [TESTING] video: 18 | frame: 1215 / 3546
[2024-05-10 19:12:56,571][func.train][INFO] - [TESTING] video: 18 | frame: 1279 / 3546
[2024-05-10 19:12:56,961][func.train][INFO] - [TESTING] video: 18 | frame: 1343 / 3546
[2024-05-10 19:12:57,399][func.train][INFO] - [TESTING] video: 18 | frame: 1407 / 3546
[2024-05-10 19:12:57,800][func.train][INFO] - [TESTING] video: 18 | frame: 1471 / 3546
[2024-05-10 19:12:58,204][func.train][INFO] - [TESTING] video: 18 | frame: 1535 / 3546
[2024-05-10 19:12:58,634][func.train][INFO] - [TESTING] video: 18 | frame: 1599 / 3546
[2024-05-10 19:12:59,036][func.train][INFO] - [TESTING] video: 18 | frame: 1663 / 3546
[2024-05-10 19:12:59,432][func.train][INFO] - [TESTING] video: 18 | frame: 1727 / 3546
[2024-05-10 19:12:59,809][func.train][INFO] - [TESTING] video: 18 | frame: 1791 / 3546
[2024-05-10 19:13:00,192][func.train][INFO] - [TESTING] video: 18 | frame: 1855 / 3546
[2024-05-10 19:13:00,581][func.train][INFO] - [TESTING] video: 18 | frame: 1919 / 3546
[2024-05-10 19:13:00,970][func.train][INFO] - [TESTING] video: 18 | frame: 1983 / 3546
[2024-05-10 19:13:01,367][func.train][INFO] - [TESTING] video: 18 | frame: 2047 / 3546
[2024-05-10 19:13:01,753][func.train][INFO] - [TESTING] video: 18 | frame: 2111 / 3546
[2024-05-10 19:13:02,136][func.train][INFO] - [TESTING] video: 18 | frame: 2175 / 3546
[2024-05-10 19:13:02,535][func.train][INFO] - [TESTING] video: 18 | frame: 2239 / 3546
[2024-05-10 19:13:02,914][func.train][INFO] - [TESTING] video: 18 | frame: 2303 / 3546
[2024-05-10 19:13:03,316][func.train][INFO] - [TESTING] video: 18 | frame: 2367 / 3546
[2024-05-10 19:13:03,715][func.train][INFO] - [TESTING] video: 18 | frame: 2431 / 3546
[2024-05-10 19:13:04,126][func.train][INFO] - [TESTING] video: 18 | frame: 2495 / 3546
[2024-05-10 19:13:04,534][func.train][INFO] - [TESTING] video: 18 | frame: 2559 / 3546
[2024-05-10 19:13:04,932][func.train][INFO] - [TESTING] video: 18 | frame: 2623 / 3546
[2024-05-10 19:13:05,334][func.train][INFO] - [TESTING] video: 18 | frame: 2687 / 3546
[2024-05-10 19:13:05,749][func.train][INFO] - [TESTING] video: 18 | frame: 2751 / 3546
[2024-05-10 19:13:06,141][func.train][INFO] - [TESTING] video: 18 | frame: 2815 / 3546
[2024-05-10 19:13:06,526][func.train][INFO] - [TESTING] video: 18 | frame: 2879 / 3546
[2024-05-10 19:13:06,912][func.train][INFO] - [TESTING] video: 18 | frame: 2943 / 3546
[2024-05-10 19:13:07,298][func.train][INFO] - [TESTING] video: 18 | frame: 3007 / 3546
[2024-05-10 19:13:07,686][func.train][INFO] - [TESTING] video: 18 | frame: 3071 / 3546
[2024-05-10 19:13:08,077][func.train][INFO] - [TESTING] video: 18 | frame: 3135 / 3546
[2024-05-10 19:13:08,470][func.train][INFO] - [TESTING] video: 18 | frame: 3199 / 3546
[2024-05-10 19:13:08,878][func.train][INFO] - [TESTING] video: 18 | frame: 3263 / 3546
[2024-05-10 19:13:09,268][func.train][INFO] - [TESTING] video: 18 | frame: 3327 / 3546
[2024-05-10 19:13:09,649][func.train][INFO] - [TESTING] video: 18 | frame: 3391 / 3546
[2024-05-10 19:13:10,042][func.train][INFO] - [TESTING] video: 18 | frame: 3455 / 3546
[2024-05-10 19:13:10,455][func.train][INFO] - [TESTING] video: 18 | frame: 3519 / 3546
[2024-05-10 19:13:11,841][func.train][INFO] - [TESTING] video: 18 | frame: 3545 / 3546
[2024-05-10 19:13:11,842][func.train][INFO] - [TESTING] video: 18 | video test time: 0.39 min | total test time: 1.77 min
[2024-05-10 19:13:11,846][func.train][INFO] - [TESTING] video: 18 | mean_acc_curr_frames: 0.3268 | mean_acc_future_frames: 0.1452 | mean_cum_acc_future_frames: 0.133
[2024-05-10 19:13:14,515][func.train][INFO] - [TESTING] video: 19 | frame: 63 / 3413
[2024-05-10 19:13:14,948][func.train][INFO] - [TESTING] video: 19 | frame: 127 / 3413
[2024-05-10 19:13:15,351][func.train][INFO] - [TESTING] video: 19 | frame: 191 / 3413
[2024-05-10 19:13:15,778][func.train][INFO] - [TESTING] video: 19 | frame: 255 / 3413
[2024-05-10 19:13:16,203][func.train][INFO] - [TESTING] video: 19 | frame: 319 / 3413
[2024-05-10 19:13:16,624][func.train][INFO] - [TESTING] video: 19 | frame: 383 / 3413
[2024-05-10 19:13:17,018][func.train][INFO] - [TESTING] video: 19 | frame: 447 / 3413
[2024-05-10 19:13:17,424][func.train][INFO] - [TESTING] video: 19 | frame: 511 / 3413
[2024-05-10 19:13:17,845][func.train][INFO] - [TESTING] video: 19 | frame: 575 / 3413
[2024-05-10 19:13:18,267][func.train][INFO] - [TESTING] video: 19 | frame: 639 / 3413
[2024-05-10 19:13:18,681][func.train][INFO] - [TESTING] video: 19 | frame: 703 / 3413
[2024-05-10 19:13:19,089][func.train][INFO] - [TESTING] video: 19 | frame: 767 / 3413
[2024-05-10 19:13:19,540][func.train][INFO] - [TESTING] video: 19 | frame: 831 / 3413
[2024-05-10 19:13:19,948][func.train][INFO] - [TESTING] video: 19 | frame: 895 / 3413
[2024-05-10 19:13:20,344][func.train][INFO] - [TESTING] video: 19 | frame: 959 / 3413
[2024-05-10 19:13:20,738][func.train][INFO] - [TESTING] video: 19 | frame: 1023 / 3413
[2024-05-10 19:13:21,188][func.train][INFO] - [TESTING] video: 19 | frame: 1087 / 3413
[2024-05-10 19:13:21,581][func.train][INFO] - [TESTING] video: 19 | frame: 1151 / 3413
[2024-05-10 19:13:21,968][func.train][INFO] - [TESTING] video: 19 | frame: 1215 / 3413
[2024-05-10 19:13:22,357][func.train][INFO] - [TESTING] video: 19 | frame: 1279 / 3413
[2024-05-10 19:13:22,742][func.train][INFO] - [TESTING] video: 19 | frame: 1343 / 3413
[2024-05-10 19:13:23,138][func.train][INFO] - [TESTING] video: 19 | frame: 1407 / 3413
[2024-05-10 19:13:23,526][func.train][INFO] - [TESTING] video: 19 | frame: 1471 / 3413
[2024-05-10 19:13:23,912][func.train][INFO] - [TESTING] video: 19 | frame: 1535 / 3413
[2024-05-10 19:13:24,316][func.train][INFO] - [TESTING] video: 19 | frame: 1599 / 3413
[2024-05-10 19:13:24,723][func.train][INFO] - [TESTING] video: 19 | frame: 1663 / 3413
[2024-05-10 19:13:25,102][func.train][INFO] - [TESTING] video: 19 | frame: 1727 / 3413
[2024-05-10 19:13:25,482][func.train][INFO] - [TESTING] video: 19 | frame: 1791 / 3413
[2024-05-10 19:13:25,861][func.train][INFO] - [TESTING] video: 19 | frame: 1855 / 3413
[2024-05-10 19:13:26,241][func.train][INFO] - [TESTING] video: 19 | frame: 1919 / 3413
[2024-05-10 19:13:26,616][func.train][INFO] - [TESTING] video: 19 | frame: 1983 / 3413
[2024-05-10 19:13:26,999][func.train][INFO] - [TESTING] video: 19 | frame: 2047 / 3413
[2024-05-10 19:13:27,400][func.train][INFO] - [TESTING] video: 19 | frame: 2111 / 3413
[2024-05-10 19:13:27,793][func.train][INFO] - [TESTING] video: 19 | frame: 2175 / 3413
[2024-05-10 19:13:28,248][func.train][INFO] - [TESTING] video: 19 | frame: 2239 / 3413
[2024-05-10 19:13:28,662][func.train][INFO] - [TESTING] video: 19 | frame: 2303 / 3413
[2024-05-10 19:13:29,075][func.train][INFO] - [TESTING] video: 19 | frame: 2367 / 3413
[2024-05-10 19:13:29,459][func.train][INFO] - [TESTING] video: 19 | frame: 2431 / 3413
[2024-05-10 19:13:29,848][func.train][INFO] - [TESTING] video: 19 | frame: 2495 / 3413
[2024-05-10 19:13:30,252][func.train][INFO] - [TESTING] video: 19 | frame: 2559 / 3413
[2024-05-10 19:13:30,633][func.train][INFO] - [TESTING] video: 19 | frame: 2623 / 3413
[2024-05-10 19:13:31,084][func.train][INFO] - [TESTING] video: 19 | frame: 2687 / 3413
[2024-05-10 19:13:31,481][func.train][INFO] - [TESTING] video: 19 | frame: 2751 / 3413
[2024-05-10 19:13:31,877][func.train][INFO] - [TESTING] video: 19 | frame: 2815 / 3413
[2024-05-10 19:13:32,259][func.train][INFO] - [TESTING] video: 19 | frame: 2879 / 3413
[2024-05-10 19:13:32,641][func.train][INFO] - [TESTING] video: 19 | frame: 2943 / 3413
[2024-05-10 19:13:33,028][func.train][INFO] - [TESTING] video: 19 | frame: 3007 / 3413
[2024-05-10 19:13:33,411][func.train][INFO] - [TESTING] video: 19 | frame: 3071 / 3413
[2024-05-10 19:13:33,799][func.train][INFO] - [TESTING] video: 19 | frame: 3135 / 3413
[2024-05-10 19:13:34,181][func.train][INFO] - [TESTING] video: 19 | frame: 3199 / 3413
[2024-05-10 19:13:34,562][func.train][INFO] - [TESTING] video: 19 | frame: 3263 / 3413
[2024-05-10 19:13:34,943][func.train][INFO] - [TESTING] video: 19 | frame: 3327 / 3413
[2024-05-10 19:13:35,326][func.train][INFO] - [TESTING] video: 19 | frame: 3391 / 3413
[2024-05-10 19:13:36,571][func.train][INFO] - [TESTING] video: 19 | frame: 3412 / 3413
[2024-05-10 19:13:36,572][func.train][INFO] - [TESTING] video: 19 | video test time: 0.38 min | total test time: 2.18 min
[2024-05-10 19:13:36,577][func.train][INFO] - [TESTING] video: 19 | mean_acc_curr_frames: 0.2863 | mean_acc_future_frames: 0.2093 | mean_cum_acc_future_frames: 0.2056
[2024-05-10 19:13:39,408][func.train][INFO] - [TESTING] video: 20 | frame: 63 / 4832
[2024-05-10 19:13:39,789][func.train][INFO] - [TESTING] video: 20 | frame: 127 / 4832
[2024-05-10 19:13:40,170][func.train][INFO] - [TESTING] video: 20 | frame: 191 / 4832
[2024-05-10 19:13:40,550][func.train][INFO] - [TESTING] video: 20 | frame: 255 / 4832
[2024-05-10 19:13:40,933][func.train][INFO] - [TESTING] video: 20 | frame: 319 / 4832
[2024-05-10 19:13:41,331][func.train][INFO] - [TESTING] video: 20 | frame: 383 / 4832
[2024-05-10 19:13:41,729][func.train][INFO] - [TESTING] video: 20 | frame: 447 / 4832
[2024-05-10 19:13:42,110][func.train][INFO] - [TESTING] video: 20 | frame: 511 / 4832
[2024-05-10 19:13:42,492][func.train][INFO] - [TESTING] video: 20 | frame: 575 / 4832
[2024-05-10 19:13:42,876][func.train][INFO] - [TESTING] video: 20 | frame: 639 / 4832
[2024-05-10 19:13:43,262][func.train][INFO] - [TESTING] video: 20 | frame: 703 / 4832
[2024-05-10 19:13:43,646][func.train][INFO] - [TESTING] video: 20 | frame: 767 / 4832
[2024-05-10 19:13:44,032][func.train][INFO] - [TESTING] video: 20 | frame: 831 / 4832
[2024-05-10 19:13:44,419][func.train][INFO] - [TESTING] video: 20 | frame: 895 / 4832
[2024-05-10 19:13:44,800][func.train][INFO] - [TESTING] video: 20 | frame: 959 / 4832
[2024-05-10 19:13:45,184][func.train][INFO] - [TESTING] video: 20 | frame: 1023 / 4832
[2024-05-10 19:13:45,566][func.train][INFO] - [TESTING] video: 20 | frame: 1087 / 4832
[2024-05-10 19:13:45,949][func.train][INFO] - [TESTING] video: 20 | frame: 1151 / 4832
[2024-05-10 19:13:46,345][func.train][INFO] - [TESTING] video: 20 | frame: 1215 / 4832
[2024-05-10 19:13:46,730][func.train][INFO] - [TESTING] video: 20 | frame: 1279 / 4832
[2024-05-10 19:13:47,114][func.train][INFO] - [TESTING] video: 20 | frame: 1343 / 4832
[2024-05-10 19:13:47,494][func.train][INFO] - [TESTING] video: 20 | frame: 1407 / 4832
[2024-05-10 19:13:47,876][func.train][INFO] - [TESTING] video: 20 | frame: 1471 / 4832
[2024-05-10 19:13:48,254][func.train][INFO] - [TESTING] video: 20 | frame: 1535 / 4832
[2024-05-10 19:13:48,632][func.train][INFO] - [TESTING] video: 20 | frame: 1599 / 4832
[2024-05-10 19:13:49,003][func.train][INFO] - [TESTING] video: 20 | frame: 1663 / 4832
[2024-05-10 19:13:49,378][func.train][INFO] - [TESTING] video: 20 | frame: 1727 / 4832
[2024-05-10 19:13:49,753][func.train][INFO] - [TESTING] video: 20 | frame: 1791 / 4832
[2024-05-10 19:13:50,127][func.train][INFO] - [TESTING] video: 20 | frame: 1855 / 4832
[2024-05-10 19:13:50,500][func.train][INFO] - [TESTING] video: 20 | frame: 1919 / 4832
[2024-05-10 19:13:50,880][func.train][INFO] - [TESTING] video: 20 | frame: 1983 / 4832
[2024-05-10 19:13:51,261][func.train][INFO] - [TESTING] video: 20 | frame: 2047 / 4832
[2024-05-10 19:13:51,639][func.train][INFO] - [TESTING] video: 20 | frame: 2111 / 4832
[2024-05-10 19:13:52,018][func.train][INFO] - [TESTING] video: 20 | frame: 2175 / 4832
[2024-05-10 19:13:52,402][func.train][INFO] - [TESTING] video: 20 | frame: 2239 / 4832
[2024-05-10 19:13:52,780][func.train][INFO] - [TESTING] video: 20 | frame: 2303 / 4832
[2024-05-10 19:13:53,159][func.train][INFO] - [TESTING] video: 20 | frame: 2367 / 4832
[2024-05-10 19:13:53,540][func.train][INFO] - [TESTING] video: 20 | frame: 2431 / 4832
[2024-05-10 19:13:53,920][func.train][INFO] - [TESTING] video: 20 | frame: 2495 / 4832
[2024-05-10 19:13:54,293][func.train][INFO] - [TESTING] video: 20 | frame: 2559 / 4832
[2024-05-10 19:13:54,685][func.train][INFO] - [TESTING] video: 20 | frame: 2623 / 4832
[2024-05-10 19:13:55,063][func.train][INFO] - [TESTING] video: 20 | frame: 2687 / 4832
[2024-05-10 19:13:55,463][func.train][INFO] - [TESTING] video: 20 | frame: 2751 / 4832
[2024-05-10 19:13:55,874][func.train][INFO] - [TESTING] video: 20 | frame: 2815 / 4832
[2024-05-10 19:13:56,255][func.train][INFO] - [TESTING] video: 20 | frame: 2879 / 4832
[2024-05-10 19:13:56,642][func.train][INFO] - [TESTING] video: 20 | frame: 2943 / 4832
[2024-05-10 19:13:57,017][func.train][INFO] - [TESTING] video: 20 | frame: 3007 / 4832
[2024-05-10 19:13:57,401][func.train][INFO] - [TESTING] video: 20 | frame: 3071 / 4832
[2024-05-10 19:13:57,799][func.train][INFO] - [TESTING] video: 20 | frame: 3135 / 4832
[2024-05-10 19:13:58,192][func.train][INFO] - [TESTING] video: 20 | frame: 3199 / 4832
[2024-05-10 19:13:58,590][func.train][INFO] - [TESTING] video: 20 | frame: 3263 / 4832
[2024-05-10 19:13:58,964][func.train][INFO] - [TESTING] video: 20 | frame: 3327 / 4832
[2024-05-10 19:13:59,620][func.train][INFO] - [TESTING] video: 20 | frame: 3391 / 4832
[2024-05-10 19:14:00,005][func.train][INFO] - [TESTING] video: 20 | frame: 3455 / 4832
[2024-05-10 19:14:00,406][func.train][INFO] - [TESTING] video: 20 | frame: 3519 / 4832
[2024-05-10 19:14:00,805][func.train][INFO] - [TESTING] video: 20 | frame: 3583 / 4832
[2024-05-10 19:14:01,188][func.train][INFO] - [TESTING] video: 20 | frame: 3647 / 4832
[2024-05-10 19:14:01,599][func.train][INFO] - [TESTING] video: 20 | frame: 3711 / 4832
[2024-05-10 19:14:01,994][func.train][INFO] - [TESTING] video: 20 | frame: 3775 / 4832
[2024-05-10 19:14:02,387][func.train][INFO] - [TESTING] video: 20 | frame: 3839 / 4832
[2024-05-10 19:14:02,762][func.train][INFO] - [TESTING] video: 20 | frame: 3903 / 4832
[2024-05-10 19:14:03,154][func.train][INFO] - [TESTING] video: 20 | frame: 3967 / 4832
[2024-05-10 19:14:03,556][func.train][INFO] - [TESTING] video: 20 | frame: 4031 / 4832
[2024-05-10 19:14:03,943][func.train][INFO] - [TESTING] video: 20 | frame: 4095 / 4832
[2024-05-10 19:14:04,319][func.train][INFO] - [TESTING] video: 20 | frame: 4159 / 4832
[2024-05-10 19:14:04,693][func.train][INFO] - [TESTING] video: 20 | frame: 4223 / 4832
[2024-05-10 19:14:05,070][func.train][INFO] - [TESTING] video: 20 | frame: 4287 / 4832
[2024-05-10 19:14:05,455][func.train][INFO] - [TESTING] video: 20 | frame: 4351 / 4832
[2024-05-10 19:14:05,841][func.train][INFO] - [TESTING] video: 20 | frame: 4415 / 4832
[2024-05-10 19:14:06,219][func.train][INFO] - [TESTING] video: 20 | frame: 4479 / 4832
[2024-05-10 19:14:07,461][func.train][INFO] - [TESTING] video: 20 | frame: 4543 / 4832
[2024-05-10 19:14:07,874][func.train][INFO] - [TESTING] video: 20 | frame: 4607 / 4832
[2024-05-10 19:14:08,255][func.train][INFO] - [TESTING] video: 20 | frame: 4671 / 4832
[2024-05-10 19:14:08,631][func.train][INFO] - [TESTING] video: 20 | frame: 4735 / 4832
[2024-05-10 19:14:09,002][func.train][INFO] - [TESTING] video: 20 | frame: 4799 / 4832
[2024-05-10 19:14:09,245][func.train][INFO] - [TESTING] video: 20 | frame: 4831 / 4832
[2024-05-10 19:14:09,246][func.train][INFO] - [TESTING] video: 20 | video test time: 0.51 min | total test time: 2.73 min
[2024-05-10 19:14:09,251][func.train][INFO] - [TESTING] video: 20 | mean_acc_curr_frames: 0.2879 | mean_acc_future_frames: 0.1552 | mean_cum_acc_future_frames: 0.1553
[2024-05-10 19:14:11,908][func.train][INFO] - [TESTING] video: 21 | frame: 63 / 4326
[2024-05-10 19:14:12,290][func.train][INFO] - [TESTING] video: 21 | frame: 127 / 4326
[2024-05-10 19:14:12,667][func.train][INFO] - [TESTING] video: 21 | frame: 191 / 4326
[2024-05-10 19:14:13,072][func.train][INFO] - [TESTING] video: 21 | frame: 255 / 4326
[2024-05-10 19:14:13,456][func.train][INFO] - [TESTING] video: 21 | frame: 319 / 4326
[2024-05-10 19:14:14,568][func.train][INFO] - [TESTING] video: 21 | frame: 383 / 4326
[2024-05-10 19:14:14,957][func.train][INFO] - [TESTING] video: 21 | frame: 447 / 4326
[2024-05-10 19:14:15,344][func.train][INFO] - [TESTING] video: 21 | frame: 511 / 4326
[2024-05-10 19:14:15,726][func.train][INFO] - [TESTING] video: 21 | frame: 575 / 4326
[2024-05-10 19:14:16,110][func.train][INFO] - [TESTING] video: 21 | frame: 639 / 4326
[2024-05-10 19:14:16,809][func.train][INFO] - [TESTING] video: 21 | frame: 703 / 4326
[2024-05-10 19:14:17,197][func.train][INFO] - [TESTING] video: 21 | frame: 767 / 4326
[2024-05-10 19:14:17,589][func.train][INFO] - [TESTING] video: 21 | frame: 831 / 4326
[2024-05-10 19:14:17,971][func.train][INFO] - [TESTING] video: 21 | frame: 895 / 4326
[2024-05-10 19:14:18,355][func.train][INFO] - [TESTING] video: 21 | frame: 959 / 4326
[2024-05-10 19:14:18,741][func.train][INFO] - [TESTING] video: 21 | frame: 1023 / 4326
[2024-05-10 19:14:19,132][func.train][INFO] - [TESTING] video: 21 | frame: 1087 / 4326
[2024-05-10 19:14:19,520][func.train][INFO] - [TESTING] video: 21 | frame: 1151 / 4326
[2024-05-10 19:14:19,907][func.train][INFO] - [TESTING] video: 21 | frame: 1215 / 4326
[2024-05-10 19:14:20,292][func.train][INFO] - [TESTING] video: 21 | frame: 1279 / 4326
[2024-05-10 19:14:21,763][func.train][INFO] - [TESTING] video: 21 | frame: 1343 / 4326
[2024-05-10 19:14:22,190][func.train][INFO] - [TESTING] video: 21 | frame: 1407 / 4326
[2024-05-10 19:14:22,573][func.train][INFO] - [TESTING] video: 21 | frame: 1471 / 4326
[2024-05-10 19:14:23,002][func.train][INFO] - [TESTING] video: 21 | frame: 1535 / 4326
[2024-05-10 19:14:23,393][func.train][INFO] - [TESTING] video: 21 | frame: 1599 / 4326
[2024-05-10 19:14:23,770][func.train][INFO] - [TESTING] video: 21 | frame: 1663 / 4326
[2024-05-10 19:14:24,151][func.train][INFO] - [TESTING] video: 21 | frame: 1727 / 4326
[2024-05-10 19:14:24,527][func.train][INFO] - [TESTING] video: 21 | frame: 1791 / 4326
[2024-05-10 19:14:24,903][func.train][INFO] - [TESTING] video: 21 | frame: 1855 / 4326
[2024-05-10 19:14:25,279][func.train][INFO] - [TESTING] video: 21 | frame: 1919 / 4326
[2024-05-10 19:14:25,661][func.train][INFO] - [TESTING] video: 21 | frame: 1983 / 4326
[2024-05-10 19:14:26,037][func.train][INFO] - [TESTING] video: 21 | frame: 2047 / 4326
[2024-05-10 19:14:26,414][func.train][INFO] - [TESTING] video: 21 | frame: 2111 / 4326
[2024-05-10 19:14:26,790][func.train][INFO] - [TESTING] video: 21 | frame: 2175 / 4326
[2024-05-10 19:14:27,196][func.train][INFO] - [TESTING] video: 21 | frame: 2239 / 4326
[2024-05-10 19:14:27,572][func.train][INFO] - [TESTING] video: 21 | frame: 2303 / 4326
[2024-05-10 19:14:27,951][func.train][INFO] - [TESTING] video: 21 | frame: 2367 / 4326
[2024-05-10 19:14:28,329][func.train][INFO] - [TESTING] video: 21 | frame: 2431 / 4326
[2024-05-10 19:14:28,703][func.train][INFO] - [TESTING] video: 21 | frame: 2495 / 4326
[2024-05-10 19:14:29,081][func.train][INFO] - [TESTING] video: 21 | frame: 2559 / 4326
[2024-05-10 19:14:29,456][func.train][INFO] - [TESTING] video: 21 | frame: 2623 / 4326
[2024-05-10 19:14:29,889][func.train][INFO] - [TESTING] video: 21 | frame: 2687 / 4326
[2024-05-10 19:14:30,270][func.train][INFO] - [TESTING] video: 21 | frame: 2751 / 4326
[2024-05-10 19:14:30,644][func.train][INFO] - [TESTING] video: 21 | frame: 2815 / 4326
[2024-05-10 19:14:31,028][func.train][INFO] - [TESTING] video: 21 | frame: 2879 / 4326
[2024-05-10 19:14:31,409][func.train][INFO] - [TESTING] video: 21 | frame: 2943 / 4326
[2024-05-10 19:14:31,785][func.train][INFO] - [TESTING] video: 21 | frame: 3007 / 4326
[2024-05-10 19:14:32,167][func.train][INFO] - [TESTING] video: 21 | frame: 3071 / 4326
[2024-05-10 19:14:32,555][func.train][INFO] - [TESTING] video: 21 | frame: 3135 / 4326
[2024-05-10 19:14:32,932][func.train][INFO] - [TESTING] video: 21 | frame: 3199 / 4326
[2024-05-10 19:14:33,309][func.train][INFO] - [TESTING] video: 21 | frame: 3263 / 4326
[2024-05-10 19:14:33,691][func.train][INFO] - [TESTING] video: 21 | frame: 3327 / 4326
[2024-05-10 19:14:34,066][func.train][INFO] - [TESTING] video: 21 | frame: 3391 / 4326
[2024-05-10 19:14:34,467][func.train][INFO] - [TESTING] video: 21 | frame: 3455 / 4326
[2024-05-10 19:14:34,862][func.train][INFO] - [TESTING] video: 21 | frame: 3519 / 4326
[2024-05-10 19:14:35,244][func.train][INFO] - [TESTING] video: 21 | frame: 3583 / 4326
[2024-05-10 19:14:35,622][func.train][INFO] - [TESTING] video: 21 | frame: 3647 / 4326
[2024-05-10 19:14:35,997][func.train][INFO] - [TESTING] video: 21 | frame: 3711 / 4326
[2024-05-10 19:14:36,790][func.train][INFO] - [TESTING] video: 21 | frame: 3775 / 4326
[2024-05-10 19:14:37,174][func.train][INFO] - [TESTING] video: 21 | frame: 3839 / 4326
[2024-05-10 19:14:37,560][func.train][INFO] - [TESTING] video: 21 | frame: 3903 / 4326
[2024-05-10 19:14:37,943][func.train][INFO] - [TESTING] video: 21 | frame: 3967 / 4326
[2024-05-10 19:14:38,319][func.train][INFO] - [TESTING] video: 21 | frame: 4031 / 4326
[2024-05-10 19:14:38,695][func.train][INFO] - [TESTING] video: 21 | frame: 4095 / 4326
[2024-05-10 19:14:39,072][func.train][INFO] - [TESTING] video: 21 | frame: 4159 / 4326
[2024-05-10 19:14:39,453][func.train][INFO] - [TESTING] video: 21 | frame: 4223 / 4326
[2024-05-10 19:14:39,826][func.train][INFO] - [TESTING] video: 21 | frame: 4287 / 4326
[2024-05-10 19:14:41,559][func.train][INFO] - [TESTING] video: 21 | frame: 4325 / 4326
[2024-05-10 19:14:41,559][func.train][INFO] - [TESTING] video: 21 | video test time: 0.50 min | total test time: 3.27 min
[2024-05-10 19:14:41,565][func.train][INFO] - [TESTING] video: 21 | mean_acc_curr_frames: 0.2106 | mean_acc_future_frames: 0.1484 | mean_cum_acc_future_frames: 0.1544
[2024-05-10 19:14:43,487][func.train][INFO] - Logging: resseting all meters
[2024-05-10 19:14:43,487][func.train][INFO] - Logging: resseting all meters done, updating epoch to %d
[2024-05-10 19:14:43,487][func.train][INFO] - Logging: resseting all meters
[2024-05-10 19:14:43,487][func.train][INFO] - Logging: resseting all meters done, updating epoch to %d
[2024-05-10 19:14:43,492][func.train][INFO] - Storing checkpoints every 60.00 mins
[2024-05-10 19:14:43,746][func.train][INFO] - [TRAINING] Step 0/1725 | Loss: 1.59 | Acc (curr_frames): 0.30 | Acc (next_frames): 0.21 | time-left: 7.31 min
[2024-05-10 19:15:26,386][func.train][INFO] - [TRAINING] Step 100/1725 | Loss: 1.32 | Acc (curr_frames): 0.28 | Acc (next_frames): 0.30 | time-left: 11.50 min
[2024-05-10 19:16:09,189][func.train][INFO] - [TRAINING] Step 200/1725 | Loss: 1.65 | Acc (curr_frames): 0.19 | Acc (next_frames): 0.24 | time-left: 10.83 min
[2024-05-10 19:16:51,651][func.train][INFO] - [TRAINING] Step 300/1725 | Loss: 1.54 | Acc (curr_frames): 0.18 | Acc (next_frames): 0.19 | time-left: 10.11 min
[2024-05-10 19:17:34,132][func.train][INFO] - [TRAINING] Step 400/1725 | Loss: 1.55 | Acc (curr_frames): 0.30 | Acc (next_frames): 0.25 | time-left: 9.39 min
[2024-05-10 19:18:16,902][func.train][INFO] - [TRAINING] Step 500/1725 | Loss: 1.48 | Acc (curr_frames): 0.25 | Acc (next_frames): 0.23 | time-left: 8.69 min
[2024-05-10 19:18:59,893][func.train][INFO] - [TRAINING] Step 600/1725 | Loss: 1.43 | Acc (curr_frames): 0.31 | Acc (next_frames): 0.19 | time-left: 7.99 min
[2024-05-10 19:19:43,318][func.train][INFO] - [TRAINING] Step 700/1725 | Loss: 1.62 | Acc (curr_frames): 0.32 | Acc (next_frames): 0.21 | time-left: 7.30 min
[2024-05-10 19:20:28,327][func.train][INFO] - [TRAINING] Step 800/1725 | Loss: 1.11 | Acc (curr_frames): 0.38 | Acc (next_frames): 0.22 | time-left: 6.63 min
[2024-05-10 19:21:12,104][func.train][INFO] - [TRAINING] Step 900/1725 | Loss: 1.47 | Acc (curr_frames): 0.26 | Acc (next_frames): 0.30 | time-left: 5.92 min
[2024-05-10 19:21:55,870][func.train][INFO] - [TRAINING] Step 1000/1725 | Loss: 1.16 | Acc (curr_frames): 0.41 | Acc (next_frames): 0.36 | time-left: 5.21 min
[2024-05-10 19:22:39,475][func.train][INFO] - [TRAINING] Step 1100/1725 | Loss: 1.42 | Acc (curr_frames): 0.47 | Acc (next_frames): 0.43 | time-left: 4.50 min
[2024-05-10 19:23:22,658][func.train][INFO] - [TRAINING] Step 1200/1725 | Loss: 1.26 | Acc (curr_frames): 0.47 | Acc (next_frames): 0.30 | time-left: 3.78 min
[2024-05-10 19:24:06,118][func.train][INFO] - [TRAINING] Step 1300/1725 | Loss: 1.85 | Acc (curr_frames): 0.48 | Acc (next_frames): 0.27 | time-left: 3.06 min
[2024-05-10 19:24:49,292][func.train][INFO] - [TRAINING] Step 1400/1725 | Loss: 1.15 | Acc (curr_frames): 0.53 | Acc (next_frames): 0.25 | time-left: 2.33 min
[2024-05-10 19:25:32,376][func.train][INFO] - [TRAINING] Step 1500/1725 | Loss: 0.91 | Acc (curr_frames): 0.57 | Acc (next_frames): 0.41 | time-left: 1.61 min
[2024-05-10 19:26:15,493][func.train][INFO] - [TRAINING] Step 1600/1725 | Loss: 1.10 | Acc (curr_frames): 0.60 | Acc (next_frames): 0.39 | time-left: 0.89 min
[2024-05-10 19:26:58,966][func.train][INFO] - [TRAINING] Step 1700/1725 | Loss: 0.97 | Acc (curr_frames): 0.68 | Acc (next_frames): 0.47 | time-left: 0.17 min
[2024-05-10 19:27:11,263][root][INFO] - Storing ckpt at epoch 2.000000 to checkpoint.pth
[2024-05-10 19:27:11,595][func.train][INFO] - [EVAL] Epoch: 2 | Anticipation time (s): 60 | Max anticipation time (m): 18 | Step size (m): 1 | Max auto-reg. steps: 18
[2024-05-10 19:27:11,595][func.train][INFO] - [EVAL] X-axis values: [1, 2, 3, 4, 5, 6, 7, 8, 9, 10, 11, 12, 13, 14, 15, 16, 17, 18]
[2024-05-10 19:27:12,008][func.train][INFO] - [TESTING] video: 15 | frame: 63 / 3653
[2024-05-10 19:27:12,389][func.train][INFO] - [TESTING] video: 15 | frame: 127 / 3653
[2024-05-10 19:27:12,776][func.train][INFO] - [TESTING] video: 15 | frame: 191 / 3653
[2024-05-10 19:27:13,168][func.train][INFO] - [TESTING] video: 15 | frame: 255 / 3653
[2024-05-10 19:27:13,558][func.train][INFO] - [TESTING] video: 15 | frame: 319 / 3653
[2024-05-10 19:27:13,962][func.train][INFO] - [TESTING] video: 15 | frame: 383 / 3653
[2024-05-10 19:27:14,368][func.train][INFO] - [TESTING] video: 15 | frame: 447 / 3653
[2024-05-10 19:27:14,770][func.train][INFO] - [TESTING] video: 15 | frame: 511 / 3653
[2024-05-10 19:27:15,213][func.train][INFO] - [TESTING] video: 15 | frame: 575 / 3653
[2024-05-10 19:27:15,680][func.train][INFO] - [TESTING] video: 15 | frame: 639 / 3653
[2024-05-10 19:27:16,066][func.train][INFO] - [TESTING] video: 15 | frame: 703 / 3653
[2024-05-10 19:27:16,460][func.train][INFO] - [TESTING] video: 15 | frame: 767 / 3653
[2024-05-10 19:27:16,879][func.train][INFO] - [TESTING] video: 15 | frame: 831 / 3653
[2024-05-10 19:27:17,324][func.train][INFO] - [TESTING] video: 15 | frame: 895 / 3653
[2024-05-10 19:27:17,730][func.train][INFO] - [TESTING] video: 15 | frame: 959 / 3653
[2024-05-10 19:27:18,120][func.train][INFO] - [TESTING] video: 15 | frame: 1023 / 3653
[2024-05-10 19:27:18,515][func.train][INFO] - [TESTING] video: 15 | frame: 1087 / 3653
[2024-05-10 19:27:18,940][func.train][INFO] - [TESTING] video: 15 | frame: 1151 / 3653
[2024-05-10 19:27:19,397][func.train][INFO] - [TESTING] video: 15 | frame: 1215 / 3653
[2024-05-10 19:27:19,801][func.train][INFO] - [TESTING] video: 15 | frame: 1279 / 3653
[2024-05-10 19:27:20,192][func.train][INFO] - [TESTING] video: 15 | frame: 1343 / 3653
[2024-05-10 19:27:20,580][func.train][INFO] - [TESTING] video: 15 | frame: 1407 / 3653
[2024-05-10 19:27:20,967][func.train][INFO] - [TESTING] video: 15 | frame: 1471 / 3653
[2024-05-10 19:27:21,364][func.train][INFO] - [TESTING] video: 15 | frame: 1535 / 3653
[2024-05-10 19:27:21,741][func.train][INFO] - [TESTING] video: 15 | frame: 1599 / 3653
[2024-05-10 19:27:22,118][func.train][INFO] - [TESTING] video: 15 | frame: 1663 / 3653
[2024-05-10 19:27:22,508][func.train][INFO] - [TESTING] video: 15 | frame: 1727 / 3653
[2024-05-10 19:27:22,891][func.train][INFO] - [TESTING] video: 15 | frame: 1791 / 3653
[2024-05-10 19:27:23,268][func.train][INFO] - [TESTING] video: 15 | frame: 1855 / 3653
[2024-05-10 19:27:23,649][func.train][INFO] - [TESTING] video: 15 | frame: 1919 / 3653
[2024-05-10 19:27:24,032][func.train][INFO] - [TESTING] video: 15 | frame: 1983 / 3653
[2024-05-10 19:27:24,412][func.train][INFO] - [TESTING] video: 15 | frame: 2047 / 3653
[2024-05-10 19:27:24,807][func.train][INFO] - [TESTING] video: 15 | frame: 2111 / 3653
[2024-05-10 19:27:25,219][func.train][INFO] - [TESTING] video: 15 | frame: 2175 / 3653
[2024-05-10 19:27:25,610][func.train][INFO] - [TESTING] video: 15 | frame: 2239 / 3653
[2024-05-10 19:27:25,989][func.train][INFO] - [TESTING] video: 15 | frame: 2303 / 3653
[2024-05-10 19:27:26,371][func.train][INFO] - [TESTING] video: 15 | frame: 2367 / 3653
[2024-05-10 19:27:26,756][func.train][INFO] - [TESTING] video: 15 | frame: 2431 / 3653
[2024-05-10 19:27:27,183][func.train][INFO] - [TESTING] video: 15 | frame: 2495 / 3653
[2024-05-10 19:27:27,584][func.train][INFO] - [TESTING] video: 15 | frame: 2559 / 3653
[2024-05-10 19:27:27,998][func.train][INFO] - [TESTING] video: 15 | frame: 2623 / 3653
[2024-05-10 19:27:28,400][func.train][INFO] - [TESTING] video: 15 | frame: 2687 / 3653
[2024-05-10 19:27:28,795][func.train][INFO] - [TESTING] video: 15 | frame: 2751 / 3653
[2024-05-10 19:27:29,181][func.train][INFO] - [TESTING] video: 15 | frame: 2815 / 3653
[2024-05-10 19:27:29,567][func.train][INFO] - [TESTING] video: 15 | frame: 2879 / 3653
[2024-05-10 19:27:29,947][func.train][INFO] - [TESTING] video: 15 | frame: 2943 / 3653
[2024-05-10 19:27:30,331][func.train][INFO] - [TESTING] video: 15 | frame: 3007 / 3653
[2024-05-10 19:27:30,718][func.train][INFO] - [TESTING] video: 15 | frame: 3071 / 3653
[2024-05-10 19:27:31,106][func.train][INFO] - [TESTING] video: 15 | frame: 3135 / 3653
[2024-05-10 19:27:31,514][func.train][INFO] - [TESTING] video: 15 | frame: 3199 / 3653
[2024-05-10 19:27:31,909][func.train][INFO] - [TESTING] video: 15 | frame: 3263 / 3653
[2024-05-10 19:27:32,288][func.train][INFO] - [TESTING] video: 15 | frame: 3327 / 3653
[2024-05-10 19:27:32,666][func.train][INFO] - [TESTING] video: 15 | frame: 3391 / 3653
[2024-05-10 19:27:33,047][func.train][INFO] - [TESTING] video: 15 | frame: 3455 / 3653
[2024-05-10 19:27:33,445][func.train][INFO] - [TESTING] video: 15 | frame: 3519 / 3653
[2024-05-10 19:27:33,834][func.train][INFO] - [TESTING] video: 15 | frame: 3583 / 3653
[2024-05-10 19:27:34,211][func.train][INFO] - [TESTING] video: 15 | frame: 3647 / 3653
[2024-05-10 19:27:34,340][func.train][INFO] - [TESTING] video: 15 | frame: 3652 / 3653
[2024-05-10 19:27:34,341][func.train][INFO] - [TESTING] video: 15 | video test time: 0.38 min | total test time: 0.38 min
[2024-05-10 19:27:34,348][func.train][INFO] - [TESTING] video: 15 | mean_acc_curr_frames: 0.297 | mean_acc_future_frames: 0.016 | mean_cum_acc_future_frames: 0.0315
[2024-05-10 19:27:36,705][func.train][INFO] - [TESTING] video: 16 | frame: 63 / 3612
[2024-05-10 19:27:37,150][func.train][INFO] - [TESTING] video: 16 | frame: 127 / 3612
[2024-05-10 19:27:37,553][func.train][INFO] - [TESTING] video: 16 | frame: 191 / 3612
[2024-05-10 19:27:37,946][func.train][INFO] - [TESTING] video: 16 | frame: 255 / 3612
[2024-05-10 19:27:38,339][func.train][INFO] - [TESTING] video: 16 | frame: 319 / 3612
[2024-05-10 19:27:38,727][func.train][INFO] - [TESTING] video: 16 | frame: 383 / 3612
[2024-05-10 19:27:39,112][func.train][INFO] - [TESTING] video: 16 | frame: 447 / 3612
[2024-05-10 19:27:39,496][func.train][INFO] - [TESTING] video: 16 | frame: 511 / 3612
[2024-05-10 19:27:39,881][func.train][INFO] - [TESTING] video: 16 | frame: 575 / 3612
[2024-05-10 19:27:40,285][func.train][INFO] - [TESTING] video: 16 | frame: 639 / 3612
[2024-05-10 19:27:40,667][func.train][INFO] - [TESTING] video: 16 | frame: 703 / 3612
[2024-05-10 19:27:41,048][func.train][INFO] - [TESTING] video: 16 | frame: 767 / 3612
[2024-05-10 19:27:41,434][func.train][INFO] - [TESTING] video: 16 | frame: 831 / 3612
[2024-05-10 19:27:41,820][func.train][INFO] - [TESTING] video: 16 | frame: 895 / 3612
[2024-05-10 19:27:42,202][func.train][INFO] - [TESTING] video: 16 | frame: 959 / 3612
[2024-05-10 19:27:42,593][func.train][INFO] - [TESTING] video: 16 | frame: 1023 / 3612
[2024-05-10 19:27:42,989][func.train][INFO] - [TESTING] video: 16 | frame: 1087 / 3612
[2024-05-10 19:27:43,384][func.train][INFO] - [TESTING] video: 16 | frame: 1151 / 3612
[2024-05-10 19:27:43,785][func.train][INFO] - [TESTING] video: 16 | frame: 1215 / 3612
[2024-05-10 19:27:44,175][func.train][INFO] - [TESTING] video: 16 | frame: 1279 / 3612
[2024-05-10 19:27:44,563][func.train][INFO] - [TESTING] video: 16 | frame: 1343 / 3612
[2024-05-10 19:27:44,954][func.train][INFO] - [TESTING] video: 16 | frame: 1407 / 3612
[2024-05-10 19:27:45,335][func.train][INFO] - [TESTING] video: 16 | frame: 1471 / 3612
[2024-05-10 19:27:45,710][func.train][INFO] - [TESTING] video: 16 | frame: 1535 / 3612
[2024-05-10 19:27:46,087][func.train][INFO] - [TESTING] video: 16 | frame: 1599 / 3612
[2024-05-10 19:27:46,467][func.train][INFO] - [TESTING] video: 16 | frame: 1663 / 3612
[2024-05-10 19:27:46,848][func.train][INFO] - [TESTING] video: 16 | frame: 1727 / 3612
[2024-05-10 19:27:47,227][func.train][INFO] - [TESTING] video: 16 | frame: 1791 / 3612
[2024-05-10 19:27:47,615][func.train][INFO] - [TESTING] video: 16 | frame: 1855 / 3612
[2024-05-10 19:27:48,000][func.train][INFO] - [TESTING] video: 16 | frame: 1919 / 3612
[2024-05-10 19:27:48,386][func.train][INFO] - [TESTING] video: 16 | frame: 1983 / 3612
[2024-05-10 19:27:48,762][func.train][INFO] - [TESTING] video: 16 | frame: 2047 / 3612
[2024-05-10 19:27:49,144][func.train][INFO] - [TESTING] video: 16 | frame: 2111 / 3612
[2024-05-10 19:27:49,523][func.train][INFO] - [TESTING] video: 16 | frame: 2175 / 3612
[2024-05-10 19:27:49,900][func.train][INFO] - [TESTING] video: 16 | frame: 2239 / 3612
[2024-05-10 19:27:50,284][func.train][INFO] - [TESTING] video: 16 | frame: 2303 / 3612
[2024-05-10 19:27:50,665][func.train][INFO] - [TESTING] video: 16 | frame: 2367 / 3612
[2024-05-10 19:27:51,042][func.train][INFO] - [TESTING] video: 16 | frame: 2431 / 3612
[2024-05-10 19:27:51,421][func.train][INFO] - [TESTING] video: 16 | frame: 2495 / 3612
[2024-05-10 19:27:51,806][func.train][INFO] - [TESTING] video: 16 | frame: 2559 / 3612
