[2024-04-30 17:28:26,417][func.train][INFO] - Dist info:
[2024-04-30 17:28:26,418][func.train][INFO] - torch version: 2.2.2+cu121
[2024-04-30 17:28:26,418][func.train][INFO] - torchvision version: 0.17.2+cu121
[2024-04-30 17:28:26,418][func.train][INFO] - hydra version: 1.3.2
[2024-04-30 17:28:26,421][func.train][INFO] - Loading data
[2024-04-30 17:28:26,421][func.train][INFO] - Loading datasets
[2024-04-30 18:06:31,857][func.train][INFO] - Dist info:
[2024-04-30 18:06:31,857][func.train][INFO] - torch version: 2.2.2+cu121
[2024-04-30 18:06:31,858][func.train][INFO] - torchvision version: 0.17.2+cu121
[2024-04-30 18:06:31,858][func.train][INFO] - hydra version: 1.3.2
[2024-04-30 18:06:31,862][func.train][INFO] - Loading data
[2024-04-30 18:06:31,863][func.train][INFO] - Loading datasets
[2024-04-30 18:06:38,419][func.train][INFO] - [DATASET] ALL loaded dataframe in 0m 7s
[2024-04-30 18:06:38,420][func.train][INFO] - [DATASET] ALL loaded dataframe: (4612530, 11)
[2024-04-30 18:06:39,300][func.train][INFO] - [DATASET] params: {'debug': False, 'dataset_name': 'cholec80', 'reduc_feats_folder': 'train_targets_x_mp/', 'num_classes': 7, 'num_next_labels': 6, 'last_seg_class': 7, 'predict_next_phase': True, 'get_target_feats': False, 'replace_current_with_next_class': False}
[2024-04-30 18:06:44,499][func.train][INFO] - [DATASET] train size: 2157640
[2024-04-30 18:06:44,500][func.train][INFO] - [DATASET] train video_indices: [1, 2, 3, 4, 5, 6, 7, 8, 9, 10, 11, 12, 13, 14, 15, 16, 17, 18, 19, 20, 21, 22, 23, 24, 25, 26, 27, 28, 29, 30, 31, 32, 33, 34, 35, 36, 37, 38, 39, 40]
[2024-04-30 18:06:44,627][func.train][INFO] - [DATASET] Sampling video_idx: 1 at 25 fps to 1733 frames
[2024-04-30 18:06:44,656][func.train][INFO] - [DATASET] video 1 label_list: torch.Size([1733])
[2024-04-30 18:06:45,248][func.train][INFO] - [DATASET] Sampling video_idx: 2 at 25 fps to 2839 frames
[2024-04-30 18:06:45,250][func.train][INFO] - [DATASET] video 2 label_list: torch.Size([2839])
[2024-04-30 18:06:45,434][func.train][INFO] - [DATASET] Sampling video_idx: 3 at 25 fps to 5828 frames
[2024-04-30 18:06:45,436][func.train][INFO] - [DATASET] video 3 label_list: torch.Size([5828])
[2024-04-30 18:06:45,679][func.train][INFO] - [DATASET] Sampling video_idx: 4 at 25 fps to 1522 frames
[2024-04-30 18:06:45,680][func.train][INFO] - [DATASET] video 4 label_list: torch.Size([1522])
[2024-04-30 18:06:45,823][func.train][INFO] - [DATASET] Sampling video_idx: 5 at 25 fps to 2344 frames
[2024-04-30 18:06:45,824][func.train][INFO] - [DATASET] video 5 label_list: torch.Size([2344])
[2024-04-30 18:06:46,019][func.train][INFO] - [DATASET] Sampling video_idx: 6 at 25 fps to 2153 frames
[2024-04-30 18:06:46,019][func.train][INFO] - [DATASET] video 6 label_list: torch.Size([2153])
[2024-04-30 18:06:46,199][func.train][INFO] - [DATASET] Sampling video_idx: 7 at 25 fps to 4557 frames
[2024-04-30 18:06:46,201][func.train][INFO] - [DATASET] video 7 label_list: torch.Size([4557])
[2024-04-30 18:06:46,458][func.train][INFO] - [DATASET] Sampling video_idx: 8 at 25 fps to 1519 frames
[2024-04-30 18:06:46,460][func.train][INFO] - [DATASET] video 8 label_list: torch.Size([1519])
[2024-04-30 18:06:46,604][func.train][INFO] - [DATASET] Sampling video_idx: 9 at 25 fps to 2702 frames
[2024-04-30 18:06:46,605][func.train][INFO] - [DATASET] video 9 label_list: torch.Size([2702])
[2024-04-30 18:06:46,823][func.train][INFO] - [DATASET] Sampling video_idx: 10 at 25 fps to 1749 frames
[2024-04-30 18:06:46,824][func.train][INFO] - [DATASET] video 10 label_list: torch.Size([1749])
[2024-04-30 18:06:47,008][func.train][INFO] - [DATASET] Sampling video_idx: 11 at 25 fps to 3220 frames
[2024-04-30 18:06:47,010][func.train][INFO] - [DATASET] video 11 label_list: torch.Size([3220])
[2024-04-30 18:06:47,198][func.train][INFO] - [DATASET] Sampling video_idx: 12 at 25 fps to 1090 frames
[2024-04-30 18:06:47,199][func.train][INFO] - [DATASET] video 12 label_list: torch.Size([1090])
[2024-04-30 18:06:47,357][func.train][INFO] - [DATASET] Sampling video_idx: 13 at 25 fps to 981 frames
[2024-04-30 18:06:47,358][func.train][INFO] - [DATASET] video 13 label_list: torch.Size([981])
[2024-04-30 18:06:47,481][func.train][INFO] - [DATASET] Sampling video_idx: 14 at 25 fps to 1708 frames
[2024-04-30 18:06:47,482][func.train][INFO] - [DATASET] video 14 label_list: torch.Size([1708])
[2024-04-30 18:06:47,648][func.train][INFO] - [DATASET] Sampling video_idx: 15 at 25 fps to 2058 frames
[2024-04-30 18:06:47,650][func.train][INFO] - [DATASET] video 15 label_list: torch.Size([2058])
[2024-04-30 18:06:47,816][func.train][INFO] - [DATASET] Sampling video_idx: 16 at 25 fps to 2957 frames
[2024-04-30 18:06:47,817][func.train][INFO] - [DATASET] video 16 label_list: torch.Size([2957])
[2024-04-30 18:06:48,010][func.train][INFO] - [DATASET] Sampling video_idx: 17 at 25 fps to 1304 frames
[2024-04-30 18:06:48,011][func.train][INFO] - [DATASET] video 17 label_list: torch.Size([1304])
[2024-04-30 18:06:48,173][func.train][INFO] - [DATASET] Sampling video_idx: 18 at 25 fps to 1942 frames
[2024-04-30 18:06:48,174][func.train][INFO] - [DATASET] video 18 label_list: torch.Size([1942])
[2024-04-30 18:06:48,369][func.train][INFO] - [DATASET] Sampling video_idx: 19 at 25 fps to 2424 frames
[2024-04-30 18:06:48,370][func.train][INFO] - [DATASET] video 19 label_list: torch.Size([2424])
[2024-04-30 18:06:48,623][func.train][INFO] - [DATASET] Sampling video_idx: 20 at 25 fps to 1449 frames
[2024-04-30 18:06:48,624][func.train][INFO] - [DATASET] video 20 label_list: torch.Size([1449])
[2024-04-30 18:06:48,788][func.train][INFO] - [DATASET] Sampling video_idx: 21 at 25 fps to 1258 frames
[2024-04-30 18:06:48,789][func.train][INFO] - [DATASET] video 21 label_list: torch.Size([1258])
[2024-04-30 18:06:48,954][func.train][INFO] - [DATASET] Sampling video_idx: 22 at 25 fps to 1532 frames
[2024-04-30 18:06:48,955][func.train][INFO] - [DATASET] video 22 label_list: torch.Size([1532])
[2024-04-30 18:06:49,132][func.train][INFO] - [DATASET] Sampling video_idx: 23 at 25 fps to 1635 frames
[2024-04-30 18:06:49,133][func.train][INFO] - [DATASET] video 23 label_list: torch.Size([1635])
[2024-04-30 18:06:49,311][func.train][INFO] - [DATASET] Sampling video_idx: 24 at 25 fps to 1975 frames
[2024-04-30 18:06:49,312][func.train][INFO] - [DATASET] video 24 label_list: torch.Size([1975])
[2024-04-30 18:06:49,507][func.train][INFO] - [DATASET] Sampling video_idx: 25 at 25 fps to 2129 frames
[2024-04-30 18:06:49,508][func.train][INFO] - [DATASET] video 25 label_list: torch.Size([2129])
[2024-04-30 18:06:49,679][func.train][INFO] - [DATASET] Sampling video_idx: 26 at 25 fps to 1773 frames
[2024-04-30 18:06:49,680][func.train][INFO] - [DATASET] video 26 label_list: torch.Size([1773])
[2024-04-30 18:06:49,864][func.train][INFO] - [DATASET] Sampling video_idx: 27 at 25 fps to 2084 frames
[2024-04-30 18:06:49,866][func.train][INFO] - [DATASET] video 27 label_list: torch.Size([2084])
[2024-04-30 18:06:50,020][func.train][INFO] - [DATASET] Sampling video_idx: 28 at 25 fps to 1199 frames
[2024-04-30 18:06:50,021][func.train][INFO] - [DATASET] video 28 label_list: torch.Size([1199])
[2024-04-30 18:06:50,222][func.train][INFO] - [DATASET] Sampling video_idx: 29 at 25 fps to 2350 frames
[2024-04-30 18:06:50,225][func.train][INFO] - [DATASET] video 29 label_list: torch.Size([2350])
[2024-04-30 18:06:50,407][func.train][INFO] - [DATASET] Sampling video_idx: 30 at 25 fps to 2925 frames
[2024-04-30 18:06:50,408][func.train][INFO] - [DATASET] video 30 label_list: torch.Size([2925])
[2024-04-30 18:06:50,634][func.train][INFO] - [DATASET] Sampling video_idx: 31 at 25 fps to 3945 frames
[2024-04-30 18:06:50,636][func.train][INFO] - [DATASET] video 31 label_list: torch.Size([3945])
[2024-04-30 18:06:50,879][func.train][INFO] - [DATASET] Sampling video_idx: 32 at 25 fps to 2116 frames
[2024-04-30 18:06:50,880][func.train][INFO] - [DATASET] video 32 label_list: torch.Size([2116])
[2024-04-30 18:06:51,029][func.train][INFO] - [DATASET] Sampling video_idx: 33 at 25 fps to 1307 frames
[2024-04-30 18:06:51,030][func.train][INFO] - [DATASET] video 33 label_list: torch.Size([1307])
[2024-04-30 18:06:51,234][func.train][INFO] - [DATASET] Sampling video_idx: 34 at 25 fps to 1323 frames
[2024-04-30 18:06:51,234][func.train][INFO] - [DATASET] video 34 label_list: torch.Size([1323])
[2024-04-30 18:06:51,370][func.train][INFO] - [DATASET] Sampling video_idx: 35 at 25 fps to 2106 frames
[2024-04-30 18:06:51,371][func.train][INFO] - [DATASET] video 35 label_list: torch.Size([2106])
[2024-04-30 18:06:51,613][func.train][INFO] - [DATASET] Sampling video_idx: 36 at 25 fps to 2387 frames
[2024-04-30 18:06:51,615][func.train][INFO] - [DATASET] video 36 label_list: torch.Size([2387])
[2024-04-30 18:06:51,831][func.train][INFO] - [DATASET] Sampling video_idx: 37 at 25 fps to 1232 frames
[2024-04-30 18:06:51,834][func.train][INFO] - [DATASET] video 37 label_list: torch.Size([1232])
[2024-04-30 18:06:51,971][func.train][INFO] - [DATASET] Sampling video_idx: 38 at 25 fps to 3080 frames
[2024-04-30 18:06:51,973][func.train][INFO] - [DATASET] video 38 label_list: torch.Size([3080])
[2024-04-30 18:06:52,132][func.train][INFO] - [DATASET] Sampling video_idx: 39 at 25 fps to 1647 frames
[2024-04-30 18:06:52,133][func.train][INFO] - [DATASET] video 39 label_list: torch.Size([1647])
[2024-04-30 18:06:52,296][func.train][INFO] - [DATASET] Sampling video_idx: 40 at 25 fps to 2222 frames
[2024-04-30 18:06:52,297][func.train][INFO] - [DATASET] video 40 label_list: torch.Size([2222])
[2024-04-30 18:06:52,330][func.train][INFO] - [DATASET] number of train videos: 40
[2024-04-30 18:06:52,330][func.train][INFO] - [DATASET] avg video length: 35.96 minutes
[2024-04-30 18:06:52,667][func.train][INFO] - [DATASET] classes_counts: {0: 93902, 1: 922150, 2: 183225, 3: 602975, 4: 92900, 5: 180478, 6: 82010}
[2024-04-30 18:06:52,668][func.train][INFO] - [DATASET] num_eos_values: 651600.0 in 40 videos
[2024-04-30 18:06:52,671][func.train][INFO] - [DATASET] curr_class_weights: tensor([2.8722e+00, 2.9248e-01, 1.4720e+00, 4.4729e-01, 2.9032e+00, 1.4944e+00,
        3.2887e+00, 3.8529e+04])
[2024-04-30 18:06:55,120][func.train][INFO] - [DATASET] test size: 77576
[2024-04-30 18:06:55,120][func.train][INFO] - [DATASET] test video_indices: [41]
[2024-04-30 18:06:55,140][func.train][INFO] - [DATASET] Sampling video_idx: 41 at 25 fps to 3103 frames
[2024-04-30 18:06:55,141][func.train][INFO] - [DATASET] video 41 label_list: torch.Size([3103])
[2024-04-30 18:06:55,298][func.train][INFO] - [DATASET] number of test videos: 1
[2024-04-30 18:06:55,298][func.train][INFO] - [DATASET] avg video length: 51.72 minutes
[2024-04-30 18:06:58,713][func.train][INFO] - [DATASET] test size: 92801
[2024-04-30 18:06:58,714][func.train][INFO] - [DATASET] test video_indices: [42]
[2024-04-30 18:06:58,737][func.train][INFO] - [DATASET] Sampling video_idx: 42 at 25 fps to 3712 frames
[2024-04-30 18:06:58,739][func.train][INFO] - [DATASET] video 42 label_list: torch.Size([3712])
[2024-04-30 18:06:58,782][func.train][INFO] - [DATASET] number of test videos: 1
[2024-04-30 18:06:58,783][func.train][INFO] - [DATASET] avg video length: 61.87 minutes
[2024-04-30 18:07:00,804][func.train][INFO] - [DATASET] test size: 59051
[2024-04-30 18:07:00,804][func.train][INFO] - [DATASET] test video_indices: [43]
[2024-04-30 18:07:00,819][func.train][INFO] - [DATASET] Sampling video_idx: 43 at 25 fps to 2362 frames
[2024-04-30 18:07:00,820][func.train][INFO] - [DATASET] video 43 label_list: torch.Size([2362])
[2024-04-30 18:07:00,862][func.train][INFO] - [DATASET] number of test videos: 1
[2024-04-30 18:07:00,862][func.train][INFO] - [DATASET] avg video length: 39.37 minutes
[2024-04-30 18:07:02,853][func.train][INFO] - [DATASET] test size: 78176
[2024-04-30 18:07:02,853][func.train][INFO] - [DATASET] test video_indices: [44]
[2024-04-30 18:07:02,873][func.train][INFO] - [DATASET] Sampling video_idx: 44 at 25 fps to 3127 frames
[2024-04-30 18:07:02,874][func.train][INFO] - [DATASET] video 44 label_list: torch.Size([3127])
[2024-04-30 18:07:02,975][func.train][INFO] - [DATASET] number of test videos: 1
[2024-04-30 18:07:02,976][func.train][INFO] - [DATASET] avg video length: 52.12 minutes
[2024-04-30 18:07:05,317][func.train][INFO] - [DATASET] test size: 84676
[2024-04-30 18:07:05,317][func.train][INFO] - [DATASET] test video_indices: [45]
[2024-04-30 18:07:05,339][func.train][INFO] - [DATASET] Sampling video_idx: 45 at 25 fps to 3387 frames
[2024-04-30 18:07:05,341][func.train][INFO] - [DATASET] video 45 label_list: torch.Size([3387])
[2024-04-30 18:07:05,382][func.train][INFO] - [DATASET] number of test videos: 1
[2024-04-30 18:07:05,382][func.train][INFO] - [DATASET] avg video length: 56.45 minutes
[2024-04-30 18:07:08,269][func.train][INFO] - [DATASET] test size: 41326
[2024-04-30 18:07:08,270][func.train][INFO] - [DATASET] test video_indices: [46]
[2024-04-30 18:07:08,286][func.train][INFO] - [DATASET] Sampling video_idx: 46 at 25 fps to 1653 frames
[2024-04-30 18:07:08,288][func.train][INFO] - [DATASET] video 46 label_list: torch.Size([1653])
[2024-04-30 18:07:08,330][func.train][INFO] - [DATASET] number of test videos: 1
[2024-04-30 18:07:08,331][func.train][INFO] - [DATASET] avg video length: 27.55 minutes
[2024-04-30 18:07:11,374][func.train][INFO] - [DATASET] test size: 56476
[2024-04-30 18:07:11,375][func.train][INFO] - [DATASET] test video_indices: [47]
[2024-04-30 18:07:11,399][func.train][INFO] - [DATASET] Sampling video_idx: 47 at 25 fps to 2259 frames
[2024-04-30 18:07:11,402][func.train][INFO] - [DATASET] video 47 label_list: torch.Size([2259])
[2024-04-30 18:07:11,480][func.train][INFO] - [DATASET] number of test videos: 1
[2024-04-30 18:07:11,481][func.train][INFO] - [DATASET] avg video length: 37.65 minutes
[2024-04-30 18:07:14,499][func.train][INFO] - [DATASET] test size: 45851
[2024-04-30 18:07:14,500][func.train][INFO] - [DATASET] test video_indices: [48]
[2024-04-30 18:07:14,513][func.train][INFO] - [DATASET] Sampling video_idx: 48 at 25 fps to 1834 frames
[2024-04-30 18:07:14,514][func.train][INFO] - [DATASET] video 48 label_list: torch.Size([1834])
[2024-04-30 18:07:14,550][func.train][INFO] - [DATASET] number of test videos: 1
[2024-04-30 18:07:14,551][func.train][INFO] - [DATASET] avg video length: 30.57 minutes
[2024-04-30 18:07:17,763][func.train][INFO] - [DATASET] test size: 41776
[2024-04-30 18:07:17,764][func.train][INFO] - [DATASET] test video_indices: [49]
[2024-04-30 18:07:17,779][func.train][INFO] - [DATASET] Sampling video_idx: 49 at 25 fps to 1671 frames
[2024-04-30 18:07:17,781][func.train][INFO] - [DATASET] video 49 label_list: torch.Size([1671])
[2024-04-30 18:07:17,891][func.train][INFO] - [DATASET] number of test videos: 1
[2024-04-30 18:07:17,892][func.train][INFO] - [DATASET] avg video length: 27.85 minutes
[2024-04-30 18:07:20,586][func.train][INFO] - [DATASET] test size: 27351
[2024-04-30 18:07:20,587][func.train][INFO] - [DATASET] test video_indices: [50]
[2024-04-30 18:07:20,595][func.train][INFO] - [DATASET] Sampling video_idx: 50 at 25 fps to 1094 frames
[2024-04-30 18:07:20,595][func.train][INFO] - [DATASET] video 50 label_list: torch.Size([1094])
[2024-04-30 18:07:20,619][func.train][INFO] - [DATASET] number of test videos: 1
[2024-04-30 18:07:20,619][func.train][INFO] - [DATASET] avg video length: 18.23 minutes
[2024-04-30 18:07:23,141][func.train][INFO] - [DATASET] test size: 73601
[2024-04-30 18:07:23,144][func.train][INFO] - [DATASET] test video_indices: [51]
[2024-04-30 18:07:23,168][func.train][INFO] - [DATASET] Sampling video_idx: 51 at 25 fps to 2944 frames
[2024-04-30 18:07:23,170][func.train][INFO] - [DATASET] video 51 label_list: torch.Size([2944])
[2024-04-30 18:07:23,250][func.train][INFO] - [DATASET] number of test videos: 1
[2024-04-30 18:07:23,251][func.train][INFO] - [DATASET] avg video length: 49.07 minutes
[2024-04-30 18:07:25,614][func.train][INFO] - [DATASET] test size: 49151
[2024-04-30 18:07:25,614][func.train][INFO] - [DATASET] test video_indices: [52]
[2024-04-30 18:07:25,628][func.train][INFO] - [DATASET] Sampling video_idx: 52 at 25 fps to 1966 frames
[2024-04-30 18:07:25,628][func.train][INFO] - [DATASET] video 52 label_list: torch.Size([1966])
[2024-04-30 18:07:25,673][func.train][INFO] - [DATASET] number of test videos: 1
[2024-04-30 18:07:25,673][func.train][INFO] - [DATASET] avg video length: 32.77 minutes
[2024-04-30 18:07:28,202][func.train][INFO] - [DATASET] test size: 82076
[2024-04-30 18:07:28,203][func.train][INFO] - [DATASET] test video_indices: [53]
[2024-04-30 18:07:28,236][func.train][INFO] - [DATASET] Sampling video_idx: 53 at 25 fps to 3283 frames
[2024-04-30 18:07:28,239][func.train][INFO] - [DATASET] video 53 label_list: torch.Size([3283])
[2024-04-30 18:07:28,321][func.train][INFO] - [DATASET] number of test videos: 1
[2024-04-30 18:07:28,321][func.train][INFO] - [DATASET] avg video length: 54.72 minutes
[2024-04-30 18:07:31,287][func.train][INFO] - [DATASET] test size: 77501
[2024-04-30 18:07:31,288][func.train][INFO] - [DATASET] test video_indices: [54]
[2024-04-30 18:07:31,319][func.train][INFO] - [DATASET] Sampling video_idx: 54 at 25 fps to 3100 frames
[2024-04-30 18:07:31,321][func.train][INFO] - [DATASET] video 54 label_list: torch.Size([3100])
[2024-04-30 18:07:31,458][func.train][INFO] - [DATASET] number of test videos: 1
[2024-04-30 18:07:31,459][func.train][INFO] - [DATASET] avg video length: 51.67 minutes
[2024-04-30 18:07:34,400][func.train][INFO] - [DATASET] test size: 25926
[2024-04-30 18:07:34,400][func.train][INFO] - [DATASET] test video_indices: [55]
[2024-04-30 18:07:34,408][func.train][INFO] - [DATASET] Sampling video_idx: 55 at 25 fps to 1037 frames
[2024-04-30 18:07:34,409][func.train][INFO] - [DATASET] video 55 label_list: torch.Size([1037])
[2024-04-30 18:07:34,458][func.train][INFO] - [DATASET] number of test videos: 1
[2024-04-30 18:07:34,459][func.train][INFO] - [DATASET] avg video length: 17.28 minutes
[2024-04-30 18:07:37,034][func.train][INFO] - [DATASET] test size: 45851
[2024-04-30 18:07:37,037][func.train][INFO] - [DATASET] test video_indices: [56]
[2024-04-30 18:07:37,053][func.train][INFO] - [DATASET] Sampling video_idx: 56 at 25 fps to 1834 frames
[2024-04-30 18:07:37,054][func.train][INFO] - [DATASET] video 56 label_list: torch.Size([1834])
[2024-04-30 18:07:37,090][func.train][INFO] - [DATASET] number of test videos: 1
[2024-04-30 18:07:37,091][func.train][INFO] - [DATASET] avg video length: 30.57 minutes
[2024-04-30 18:07:40,470][func.train][INFO] - [DATASET] test size: 65801
[2024-04-30 18:07:40,471][func.train][INFO] - [DATASET] test video_indices: [57]
[2024-04-30 18:07:40,493][func.train][INFO] - [DATASET] Sampling video_idx: 57 at 25 fps to 2632 frames
[2024-04-30 18:07:40,495][func.train][INFO] - [DATASET] video 57 label_list: torch.Size([2632])
[2024-04-30 18:07:40,795][func.train][INFO] - [DATASET] number of test videos: 1
[2024-04-30 18:07:40,795][func.train][INFO] - [DATASET] avg video length: 43.87 minutes
[2024-04-30 18:07:43,412][func.train][INFO] - [DATASET] test size: 149826
[2024-04-30 18:07:43,413][func.train][INFO] - [DATASET] test video_indices: [58]
[2024-04-30 18:07:43,455][func.train][INFO] - [DATASET] Sampling video_idx: 58 at 25 fps to 5993 frames
[2024-04-30 18:07:43,457][func.train][INFO] - [DATASET] video 58 label_list: torch.Size([5993])
[2024-04-30 18:07:43,601][func.train][INFO] - [DATASET] number of test videos: 1
[2024-04-30 18:07:43,602][func.train][INFO] - [DATASET] avg video length: 99.88 minutes
[2024-04-30 18:07:45,889][func.train][INFO] - [DATASET] test size: 26151
[2024-04-30 18:07:45,890][func.train][INFO] - [DATASET] test video_indices: [59]
[2024-04-30 18:07:45,897][func.train][INFO] - [DATASET] Sampling video_idx: 59 at 25 fps to 1046 frames
[2024-04-30 18:07:45,897][func.train][INFO] - [DATASET] video 59 label_list: torch.Size([1046])
[2024-04-30 18:07:45,960][func.train][INFO] - [DATASET] number of test videos: 1
[2024-04-30 18:07:45,961][func.train][INFO] - [DATASET] avg video length: 17.43 minutes
[2024-04-30 18:07:48,785][func.train][INFO] - [DATASET] test size: 63301
[2024-04-30 18:07:48,785][func.train][INFO] - [DATASET] test video_indices: [60]
[2024-04-30 18:07:48,802][func.train][INFO] - [DATASET] Sampling video_idx: 60 at 25 fps to 2532 frames
[2024-04-30 18:07:48,803][func.train][INFO] - [DATASET] video 60 label_list: torch.Size([2532])
[2024-04-30 18:07:48,925][func.train][INFO] - [DATASET] number of test videos: 1
[2024-04-30 18:07:48,926][func.train][INFO] - [DATASET] avg video length: 42.20 minutes
[2024-04-30 18:07:51,834][func.train][INFO] - [DATASET] test size: 110226
[2024-04-30 18:07:51,835][func.train][INFO] - [DATASET] test video_indices: [61]
[2024-04-30 18:07:51,875][func.train][INFO] - [DATASET] Sampling video_idx: 61 at 25 fps to 4409 frames
[2024-04-30 18:07:51,877][func.train][INFO] - [DATASET] video 61 label_list: torch.Size([4409])
[2024-04-30 18:07:51,975][func.train][INFO] - [DATASET] number of test videos: 1
[2024-04-30 18:07:51,976][func.train][INFO] - [DATASET] avg video length: 73.48 minutes
[2024-04-30 18:07:55,073][func.train][INFO] - [DATASET] test size: 50801
[2024-04-30 18:07:55,074][func.train][INFO] - [DATASET] test video_indices: [62]
[2024-04-30 18:07:55,095][func.train][INFO] - [DATASET] Sampling video_idx: 62 at 25 fps to 2032 frames
[2024-04-30 18:07:55,096][func.train][INFO] - [DATASET] video 62 label_list: torch.Size([2032])
[2024-04-30 18:07:55,154][func.train][INFO] - [DATASET] number of test videos: 1
[2024-04-30 18:07:55,155][func.train][INFO] - [DATASET] avg video length: 33.87 minutes
[2024-04-30 18:07:57,975][func.train][INFO] - [DATASET] test size: 85826
[2024-04-30 18:07:57,976][func.train][INFO] - [DATASET] test video_indices: [63]
[2024-04-30 18:07:58,006][func.train][INFO] - [DATASET] Sampling video_idx: 63 at 25 fps to 3433 frames
[2024-04-30 18:07:58,008][func.train][INFO] - [DATASET] video 63 label_list: torch.Size([3433])
[2024-04-30 18:07:58,168][func.train][INFO] - [DATASET] number of test videos: 1
[2024-04-30 18:07:58,169][func.train][INFO] - [DATASET] avg video length: 57.22 minutes
[2024-04-30 18:08:01,222][func.train][INFO] - [DATASET] test size: 59951
[2024-04-30 18:08:01,223][func.train][INFO] - [DATASET] test video_indices: [64]
[2024-04-30 18:08:01,246][func.train][INFO] - [DATASET] Sampling video_idx: 64 at 25 fps to 2398 frames
[2024-04-30 18:08:01,248][func.train][INFO] - [DATASET] video 64 label_list: torch.Size([2398])
[2024-04-30 18:08:01,428][func.train][INFO] - [DATASET] number of test videos: 1
[2024-04-30 18:08:01,429][func.train][INFO] - [DATASET] avg video length: 39.97 minutes
[2024-04-30 18:08:04,149][func.train][INFO] - [DATASET] test size: 46826
[2024-04-30 18:08:04,150][func.train][INFO] - [DATASET] test video_indices: [65]
[2024-04-30 18:08:04,163][func.train][INFO] - [DATASET] Sampling video_idx: 65 at 25 fps to 1873 frames
[2024-04-30 18:08:04,164][func.train][INFO] - [DATASET] video 65 label_list: torch.Size([1873])
[2024-04-30 18:08:04,210][func.train][INFO] - [DATASET] number of test videos: 1
[2024-04-30 18:08:04,210][func.train][INFO] - [DATASET] avg video length: 31.22 minutes
[2024-04-30 18:08:06,601][func.train][INFO] - [DATASET] test size: 45601
[2024-04-30 18:08:06,602][func.train][INFO] - [DATASET] test video_indices: [66]
[2024-04-30 18:08:06,615][func.train][INFO] - [DATASET] Sampling video_idx: 66 at 25 fps to 1824 frames
[2024-04-30 18:08:06,616][func.train][INFO] - [DATASET] video 66 label_list: torch.Size([1824])
[2024-04-30 18:08:06,666][func.train][INFO] - [DATASET] number of test videos: 1
[2024-04-30 18:08:06,667][func.train][INFO] - [DATASET] avg video length: 30.40 minutes
[2024-04-30 18:08:08,829][func.train][INFO] - [DATASET] test size: 58826
[2024-04-30 18:08:08,829][func.train][INFO] - [DATASET] test video_indices: [67]
[2024-04-30 18:08:08,852][func.train][INFO] - [DATASET] Sampling video_idx: 67 at 25 fps to 2353 frames
[2024-04-30 18:08:08,854][func.train][INFO] - [DATASET] video 67 label_list: torch.Size([2353])
[2024-04-30 18:08:08,898][func.train][INFO] - [DATASET] number of test videos: 1
[2024-04-30 18:08:08,899][func.train][INFO] - [DATASET] avg video length: 39.22 minutes
[2024-04-30 18:08:11,035][func.train][INFO] - [DATASET] test size: 49301
[2024-04-30 18:08:11,036][func.train][INFO] - [DATASET] test video_indices: [68]
[2024-04-30 18:08:11,050][func.train][INFO] - [DATASET] Sampling video_idx: 68 at 25 fps to 1972 frames
[2024-04-30 18:08:11,051][func.train][INFO] - [DATASET] video 68 label_list: torch.Size([1972])
[2024-04-30 18:08:11,114][func.train][INFO] - [DATASET] number of test videos: 1
[2024-04-30 18:08:11,115][func.train][INFO] - [DATASET] avg video length: 32.87 minutes
[2024-04-30 18:08:13,348][func.train][INFO] - [DATASET] test size: 114376
[2024-04-30 18:08:13,348][func.train][INFO] - [DATASET] test video_indices: [69]
[2024-04-30 18:08:13,384][func.train][INFO] - [DATASET] Sampling video_idx: 69 at 25 fps to 4575 frames
[2024-04-30 18:08:13,385][func.train][INFO] - [DATASET] video 69 label_list: torch.Size([4575])
[2024-04-30 18:08:13,483][func.train][INFO] - [DATASET] number of test videos: 1
[2024-04-30 18:08:13,484][func.train][INFO] - [DATASET] avg video length: 76.25 minutes
[2024-04-30 18:08:15,698][func.train][INFO] - [DATASET] test size: 29851
[2024-04-30 18:08:15,699][func.train][INFO] - [DATASET] test video_indices: [70]
[2024-04-30 18:08:15,709][func.train][INFO] - [DATASET] Sampling video_idx: 70 at 25 fps to 1194 frames
[2024-04-30 18:08:15,710][func.train][INFO] - [DATASET] video 70 label_list: torch.Size([1194])
[2024-04-30 18:08:15,746][func.train][INFO] - [DATASET] number of test videos: 1
[2024-04-30 18:08:15,746][func.train][INFO] - [DATASET] avg video length: 19.90 minutes
[2024-04-30 18:08:18,289][func.train][INFO] - [DATASET] test size: 62876
[2024-04-30 18:08:18,290][func.train][INFO] - [DATASET] test video_indices: [71]
[2024-04-30 18:08:18,309][func.train][INFO] - [DATASET] Sampling video_idx: 71 at 25 fps to 2515 frames
[2024-04-30 18:08:18,310][func.train][INFO] - [DATASET] video 71 label_list: torch.Size([2515])
[2024-04-30 18:08:18,359][func.train][INFO] - [DATASET] number of test videos: 1
[2024-04-30 18:08:18,359][func.train][INFO] - [DATASET] avg video length: 41.92 minutes
[2024-04-30 18:08:20,866][func.train][INFO] - [DATASET] test size: 77651
[2024-04-30 18:08:20,867][func.train][INFO] - [DATASET] test video_indices: [72]
[2024-04-30 18:08:20,906][func.train][INFO] - [DATASET] Sampling video_idx: 72 at 25 fps to 3106 frames
[2024-04-30 18:08:20,908][func.train][INFO] - [DATASET] video 72 label_list: torch.Size([3106])
[2024-04-30 18:08:21,082][func.train][INFO] - [DATASET] number of test videos: 1
[2024-04-30 18:08:21,083][func.train][INFO] - [DATASET] avg video length: 51.77 minutes
[2024-04-30 18:08:24,440][func.train][INFO] - [DATASET] test size: 33901
[2024-04-30 18:08:24,441][func.train][INFO] - [DATASET] test video_indices: [73]
[2024-04-30 18:08:24,450][func.train][INFO] - [DATASET] Sampling video_idx: 73 at 25 fps to 1356 frames
[2024-04-30 18:08:24,451][func.train][INFO] - [DATASET] video 73 label_list: torch.Size([1356])
[2024-04-30 18:08:24,539][func.train][INFO] - [DATASET] number of test videos: 1
[2024-04-30 18:08:24,540][func.train][INFO] - [DATASET] avg video length: 22.60 minutes
[2024-04-30 18:08:26,459][func.train][INFO] - [DATASET] test size: 40851
[2024-04-30 18:08:26,460][func.train][INFO] - [DATASET] test video_indices: [74]
[2024-04-30 18:08:26,470][func.train][INFO] - [DATASET] Sampling video_idx: 74 at 25 fps to 1634 frames
[2024-04-30 18:08:26,471][func.train][INFO] - [DATASET] video 74 label_list: torch.Size([1634])
[2024-04-30 18:08:26,512][func.train][INFO] - [DATASET] number of test videos: 1
[2024-04-30 18:08:26,512][func.train][INFO] - [DATASET] avg video length: 27.23 minutes
[2024-04-30 18:08:28,382][func.train][INFO] - [DATASET] test size: 48076
[2024-04-30 18:08:28,383][func.train][INFO] - [DATASET] test video_indices: [75]
[2024-04-30 18:08:28,400][func.train][INFO] - [DATASET] Sampling video_idx: 75 at 25 fps to 1923 frames
[2024-04-30 18:08:28,401][func.train][INFO] - [DATASET] video 75 label_list: torch.Size([1923])
[2024-04-30 18:08:28,457][func.train][INFO] - [DATASET] number of test videos: 1
[2024-04-30 18:08:28,457][func.train][INFO] - [DATASET] avg video length: 32.05 minutes
[2024-04-30 18:08:31,485][func.train][INFO] - [DATASET] test size: 66226
[2024-04-30 18:08:31,486][func.train][INFO] - [DATASET] test video_indices: [76]
[2024-04-30 18:08:31,506][func.train][INFO] - [DATASET] Sampling video_idx: 76 at 25 fps to 2649 frames
[2024-04-30 18:08:31,508][func.train][INFO] - [DATASET] video 76 label_list: torch.Size([2649])
[2024-04-30 18:08:31,587][func.train][INFO] - [DATASET] number of test videos: 1
[2024-04-30 18:08:31,587][func.train][INFO] - [DATASET] avg video length: 44.15 minutes
[2024-04-30 18:08:34,459][func.train][INFO] - [DATASET] test size: 62551
[2024-04-30 18:08:34,461][func.train][INFO] - [DATASET] test video_indices: [77]
[2024-04-30 18:08:34,488][func.train][INFO] - [DATASET] Sampling video_idx: 77 at 25 fps to 2502 frames
[2024-04-30 18:08:34,490][func.train][INFO] - [DATASET] video 77 label_list: torch.Size([2502])
[2024-04-30 18:08:34,649][func.train][INFO] - [DATASET] number of test videos: 1
[2024-04-30 18:08:34,650][func.train][INFO] - [DATASET] avg video length: 41.70 minutes
[2024-04-30 18:08:38,236][func.train][INFO] - [DATASET] test size: 18476
[2024-04-30 18:08:38,239][func.train][INFO] - [DATASET] test video_indices: [78]
[2024-04-30 18:08:38,256][func.train][INFO] - [DATASET] Sampling video_idx: 78 at 25 fps to 739 frames
[2024-04-30 18:08:38,258][func.train][INFO] - [DATASET] video 78 label_list: torch.Size([739])
[2024-04-30 18:08:38,290][func.train][INFO] - [DATASET] number of test videos: 1
[2024-04-30 18:08:38,291][func.train][INFO] - [DATASET] avg video length: 12.32 minutes
[2024-04-30 18:08:41,360][func.train][INFO] - [DATASET] test size: 85351
[2024-04-30 18:08:41,361][func.train][INFO] - [DATASET] test video_indices: [79]
[2024-04-30 18:08:41,395][func.train][INFO] - [DATASET] Sampling video_idx: 79 at 25 fps to 3414 frames
[2024-04-30 18:08:41,397][func.train][INFO] - [DATASET] video 79 label_list: torch.Size([3414])
[2024-04-30 18:08:41,478][func.train][INFO] - [DATASET] number of test videos: 1
[2024-04-30 18:08:41,479][func.train][INFO] - [DATASET] avg video length: 56.90 minutes
[2024-04-30 18:08:44,609][func.train][INFO] - [DATASET] test size: 43101
[2024-04-30 18:08:44,610][func.train][INFO] - [DATASET] test video_indices: [80]
[2024-04-30 18:08:44,622][func.train][INFO] - [DATASET] Sampling video_idx: 80 at 25 fps to 1724 frames
[2024-04-30 18:08:44,623][func.train][INFO] - [DATASET] video 80 label_list: torch.Size([1724])
[2024-04-30 18:08:44,715][func.train][INFO] - [DATASET] number of test videos: 1
[2024-04-30 18:08:44,716][func.train][INFO] - [DATASET] avg video length: 28.73 minutes
[2024-04-30 18:08:44,723][func.train][INFO] - Time to load datasets: 2.21 min
[2024-04-30 18:08:44,723][func.train][INFO] - Creating data loaders
[2024-04-30 18:08:44,738][func.train][INFO] - Creating model with {'one': 7} classes
[2024-04-30 18:08:46,924][func.train][INFO] - [MAIN] Number of tokens: 86304
[2024-04-30 18:08:46,924][func.train][INFO] - [MAIN] Number of parameters: 17790039
[2024-04-30 18:08:46,924][func.train][INFO] - [MAIN] Token-to-Parameter Ratio is ideally between [1:1 to 10:1]: 0.004851
[2024-04-30 18:08:46,925][func.train][WARNING] - [MAIN] Data-to-Parameter-Ratio is outside the interval [1:1 to 10:1]
[2024-04-30 18:08:46,926][func.train][INFO] - Using LR 0.000300 WD 0.000010 for parameters
[2024-04-30 18:08:46,926][func.train][INFO] - Using LR 0.000300 WD 0.000010 for parameters
[2024-04-30 18:08:46,940][func.train][INFO] - Wrapping model into DP
[2024-04-30 18:08:47,094][func.train][INFO] - Start training
[2024-04-30 18:08:47,098][func.train][INFO] - Storing checkpoints every 60.00 mins
[2024-04-30 18:08:47,580][func.train][INFO] - [DATASET] EOS padding on next frames: 34
