[2024-04-26 13:55:30,137][func.train][INFO] - Dist info:
[2024-04-26 13:55:30,137][func.train][INFO] - torch version: 2.2.2+cu121
[2024-04-26 13:55:30,138][func.train][INFO] - torchvision version: 0.17.2+cu121
[2024-04-26 13:55:30,138][func.train][INFO] - hydra version: 1.3.2
[2024-04-26 13:55:30,302][func.train][INFO] - Loading data
[2024-04-26 13:55:30,303][func.train][INFO] - Loading datasets
[2024-04-26 13:56:10,229][func.train][INFO] - [DATASET] ALL loaded dataframe in 0m 40s
[2024-04-26 13:56:10,231][func.train][INFO] - [DATASET] ALL loaded dataframe: (4612530, 11)
[2024-04-26 13:56:58,349][func.train][INFO] - [DATASET] params: {'debug': False, 'dataset_name': 'cholec80', 'reduc_feats_folder': 'train_targets_x_mp/', 'num_classes': 7, 'num_next_labels': 6, 'last_seg_class': 7, 'predict_next_phase': True, 'get_target_feats': False, 'replace_current_with_next_class': False}
[2024-04-26 13:57:33,605][func.train][INFO] - [DATASET] train size: 2157640
[2024-04-26 13:57:33,606][func.train][INFO] - [DATASET] train video_indices: [1, 2, 3, 4, 5, 6, 7, 8, 9, 10, 11, 12, 13, 14, 15, 16, 17, 18, 19, 20, 21, 22, 23, 24, 25, 26, 27, 28, 29, 30, 31, 32, 33, 34, 35, 36, 37, 38, 39, 40]
[2024-04-26 13:57:33,716][func.train][INFO] - [DATASET] Sampling video_idx: 1 at 25 fps to 1733 frames
[2024-04-26 13:57:33,720][func.train][INFO] - [DATASET] video 1 label_list: torch.Size([1733])
[2024-04-26 13:57:34,526][func.train][INFO] - [DATASET] Sampling video_idx: 2 at 25 fps to 2839 frames
[2024-04-26 13:57:34,527][func.train][INFO] - [DATASET] video 2 label_list: torch.Size([2839])
[2024-04-26 13:57:34,762][func.train][INFO] - [DATASET] Sampling video_idx: 3 at 25 fps to 5828 frames
[2024-04-26 13:57:34,763][func.train][INFO] - [DATASET] video 3 label_list: torch.Size([5828])
[2024-04-26 13:57:35,012][func.train][INFO] - [DATASET] Sampling video_idx: 4 at 25 fps to 1522 frames
[2024-04-26 13:57:35,013][func.train][INFO] - [DATASET] video 4 label_list: torch.Size([1522])
[2024-04-26 13:57:35,246][func.train][INFO] - [DATASET] Sampling video_idx: 5 at 25 fps to 2344 frames
[2024-04-26 13:57:35,247][func.train][INFO] - [DATASET] video 5 label_list: torch.Size([2344])
[2024-04-26 13:57:35,452][func.train][INFO] - [DATASET] Sampling video_idx: 6 at 25 fps to 2153 frames
[2024-04-26 13:57:35,453][func.train][INFO] - [DATASET] video 6 label_list: torch.Size([2153])
[2024-04-26 13:57:35,617][func.train][INFO] - [DATASET] Sampling video_idx: 7 at 25 fps to 4557 frames
[2024-04-26 13:57:35,618][func.train][INFO] - [DATASET] video 7 label_list: torch.Size([4557])
[2024-04-26 13:57:35,835][func.train][INFO] - [DATASET] Sampling video_idx: 8 at 25 fps to 1519 frames
[2024-04-26 13:57:35,836][func.train][INFO] - [DATASET] video 8 label_list: torch.Size([1519])
[2024-04-26 13:57:36,015][func.train][INFO] - [DATASET] Sampling video_idx: 9 at 25 fps to 2702 frames
[2024-04-26 13:57:36,015][func.train][INFO] - [DATASET] video 9 label_list: torch.Size([2702])
[2024-04-26 13:57:36,216][func.train][INFO] - [DATASET] Sampling video_idx: 10 at 25 fps to 1749 frames
[2024-04-26 13:57:36,217][func.train][INFO] - [DATASET] video 10 label_list: torch.Size([1749])
[2024-04-26 13:57:36,524][func.train][INFO] - [DATASET] Sampling video_idx: 11 at 25 fps to 3220 frames
[2024-04-26 13:57:36,526][func.train][INFO] - [DATASET] video 11 label_list: torch.Size([3220])
[2024-04-26 13:57:36,712][func.train][INFO] - [DATASET] Sampling video_idx: 12 at 25 fps to 1090 frames
[2024-04-26 13:57:36,713][func.train][INFO] - [DATASET] video 12 label_list: torch.Size([1090])
[2024-04-26 13:57:36,852][func.train][INFO] - [DATASET] Sampling video_idx: 13 at 25 fps to 981 frames
[2024-04-26 13:57:36,852][func.train][INFO] - [DATASET] video 13 label_list: torch.Size([981])
[2024-04-26 13:57:36,999][func.train][INFO] - [DATASET] Sampling video_idx: 14 at 25 fps to 1708 frames
[2024-04-26 13:57:36,999][func.train][INFO] - [DATASET] video 14 label_list: torch.Size([1708])
[2024-04-26 13:57:37,148][func.train][INFO] - [DATASET] Sampling video_idx: 15 at 25 fps to 2058 frames
[2024-04-26 13:57:37,149][func.train][INFO] - [DATASET] video 15 label_list: torch.Size([2058])
[2024-04-26 13:57:37,326][func.train][INFO] - [DATASET] Sampling video_idx: 16 at 25 fps to 2957 frames
[2024-04-26 13:57:37,328][func.train][INFO] - [DATASET] video 16 label_list: torch.Size([2957])
[2024-04-26 13:57:37,607][func.train][INFO] - [DATASET] Sampling video_idx: 17 at 25 fps to 1304 frames
[2024-04-26 13:57:37,609][func.train][INFO] - [DATASET] video 17 label_list: torch.Size([1304])
[2024-04-26 13:57:37,764][func.train][INFO] - [DATASET] Sampling video_idx: 18 at 25 fps to 1942 frames
[2024-04-26 13:57:37,765][func.train][INFO] - [DATASET] video 18 label_list: torch.Size([1942])
[2024-04-26 13:57:37,939][func.train][INFO] - [DATASET] Sampling video_idx: 19 at 25 fps to 2424 frames
[2024-04-26 13:57:37,940][func.train][INFO] - [DATASET] video 19 label_list: torch.Size([2424])
[2024-04-26 13:57:38,125][func.train][INFO] - [DATASET] Sampling video_idx: 20 at 25 fps to 1449 frames
[2024-04-26 13:57:38,126][func.train][INFO] - [DATASET] video 20 label_list: torch.Size([1449])
[2024-04-26 13:57:38,259][func.train][INFO] - [DATASET] Sampling video_idx: 21 at 25 fps to 1258 frames
[2024-04-26 13:57:38,260][func.train][INFO] - [DATASET] video 21 label_list: torch.Size([1258])
[2024-04-26 13:57:38,406][func.train][INFO] - [DATASET] Sampling video_idx: 22 at 25 fps to 1532 frames
[2024-04-26 13:57:38,407][func.train][INFO] - [DATASET] video 22 label_list: torch.Size([1532])
[2024-04-26 13:57:38,609][func.train][INFO] - [DATASET] Sampling video_idx: 23 at 25 fps to 1635 frames
[2024-04-26 13:57:38,611][func.train][INFO] - [DATASET] video 23 label_list: torch.Size([1635])
[2024-04-26 13:57:38,770][func.train][INFO] - [DATASET] Sampling video_idx: 24 at 25 fps to 1975 frames
[2024-04-26 13:57:38,771][func.train][INFO] - [DATASET] video 24 label_list: torch.Size([1975])
[2024-04-26 13:57:38,935][func.train][INFO] - [DATASET] Sampling video_idx: 25 at 25 fps to 2129 frames
[2024-04-26 13:57:38,936][func.train][INFO] - [DATASET] video 25 label_list: torch.Size([2129])
[2024-04-26 13:57:39,129][func.train][INFO] - [DATASET] Sampling video_idx: 26 at 25 fps to 1773 frames
[2024-04-26 13:57:39,130][func.train][INFO] - [DATASET] video 26 label_list: torch.Size([1773])
[2024-04-26 13:57:39,330][func.train][INFO] - [DATASET] Sampling video_idx: 27 at 25 fps to 2084 frames
[2024-04-26 13:57:39,331][func.train][INFO] - [DATASET] video 27 label_list: torch.Size([2084])
[2024-04-26 13:57:39,537][func.train][INFO] - [DATASET] Sampling video_idx: 28 at 25 fps to 1199 frames
[2024-04-26 13:57:39,539][func.train][INFO] - [DATASET] video 28 label_list: torch.Size([1199])
[2024-04-26 13:57:39,712][func.train][INFO] - [DATASET] Sampling video_idx: 29 at 25 fps to 2350 frames
[2024-04-26 13:57:39,713][func.train][INFO] - [DATASET] video 29 label_list: torch.Size([2350])
[2024-04-26 13:57:39,878][func.train][INFO] - [DATASET] Sampling video_idx: 30 at 25 fps to 2925 frames
[2024-04-26 13:57:39,879][func.train][INFO] - [DATASET] video 30 label_list: torch.Size([2925])
[2024-04-26 13:57:40,081][func.train][INFO] - [DATASET] Sampling video_idx: 31 at 25 fps to 3945 frames
[2024-04-26 13:57:40,083][func.train][INFO] - [DATASET] video 31 label_list: torch.Size([3945])
[2024-04-26 13:57:40,362][func.train][INFO] - [DATASET] Sampling video_idx: 32 at 25 fps to 2116 frames
[2024-04-26 13:57:40,363][func.train][INFO] - [DATASET] video 32 label_list: torch.Size([2116])
[2024-04-26 13:57:40,621][func.train][INFO] - [DATASET] Sampling video_idx: 33 at 25 fps to 1307 frames
[2024-04-26 13:57:40,623][func.train][INFO] - [DATASET] video 33 label_list: torch.Size([1307])
[2024-04-26 13:57:40,819][func.train][INFO] - [DATASET] Sampling video_idx: 34 at 25 fps to 1323 frames
[2024-04-26 13:57:40,820][func.train][INFO] - [DATASET] video 34 label_list: torch.Size([1323])
[2024-04-26 13:57:41,087][func.train][INFO] - [DATASET] Sampling video_idx: 35 at 25 fps to 2106 frames
[2024-04-26 13:57:41,089][func.train][INFO] - [DATASET] video 35 label_list: torch.Size([2106])
[2024-04-26 13:57:41,334][func.train][INFO] - [DATASET] Sampling video_idx: 36 at 25 fps to 2387 frames
[2024-04-26 13:57:41,336][func.train][INFO] - [DATASET] video 36 label_list: torch.Size([2387])
[2024-04-26 13:57:41,580][func.train][INFO] - [DATASET] Sampling video_idx: 37 at 25 fps to 1232 frames
[2024-04-26 13:57:41,581][func.train][INFO] - [DATASET] video 37 label_list: torch.Size([1232])
[2024-04-26 13:57:41,811][func.train][INFO] - [DATASET] Sampling video_idx: 38 at 25 fps to 3080 frames
[2024-04-26 13:57:41,813][func.train][INFO] - [DATASET] video 38 label_list: torch.Size([3080])
[2024-04-26 13:57:41,986][func.train][INFO] - [DATASET] Sampling video_idx: 39 at 25 fps to 1647 frames
[2024-04-26 13:57:41,987][func.train][INFO] - [DATASET] video 39 label_list: torch.Size([1647])
[2024-04-26 13:57:42,135][func.train][INFO] - [DATASET] Sampling video_idx: 40 at 25 fps to 2222 frames
[2024-04-26 13:57:42,136][func.train][INFO] - [DATASET] video 40 label_list: torch.Size([2222])
[2024-04-26 13:57:42,185][func.train][INFO] - [DATASET] number of train videos: 40
[2024-04-26 13:57:42,186][func.train][INFO] - [DATASET] avg video length: 2157.6
[2024-04-26 13:57:42,977][func.train][INFO] - [DATASET] classes_counts: {0: 93902, 1: 922150, 2: 183225, 3: 602975, 4: 92900, 5: 180478, 6: 82010}
[2024-04-26 13:57:42,995][func.train][INFO] - [DATASET] curr_class_weights: tensor([0.3342, 1.6821, 0.5112, 3.3171, 1.7077, 3.7575, 3.2818])
[2024-04-26 13:57:59,577][func.train][INFO] - [DATASET] test size: 77576
[2024-04-26 13:57:59,577][func.train][INFO] - [DATASET] test video_indices: [41]
[2024-04-26 13:57:59,598][func.train][INFO] - [DATASET] Sampling video_idx: 41 at 25 fps to 3103 frames
[2024-04-26 13:57:59,600][func.train][INFO] - [DATASET] video 41 label_list: torch.Size([3103])
[2024-04-26 13:57:59,656][func.train][INFO] - [DATASET] number of test videos: 1
[2024-04-26 13:57:59,656][func.train][INFO] - [DATASET] avg video length: 3103.0
[2024-04-26 13:58:07,578][func.train][INFO] - [DATASET] test size: 92801
[2024-04-26 13:58:07,579][func.train][INFO] - [DATASET] test video_indices: [42]
[2024-04-26 13:58:07,623][func.train][INFO] - [DATASET] Sampling video_idx: 42 at 25 fps to 3712 frames
[2024-04-26 13:58:07,626][func.train][INFO] - [DATASET] video 42 label_list: torch.Size([3712])
[2024-04-26 13:58:07,826][func.train][INFO] - [DATASET] number of test videos: 1
[2024-04-26 13:58:07,827][func.train][INFO] - [DATASET] avg video length: 3712.0
[2024-04-26 13:58:12,576][func.train][INFO] - [DATASET] test size: 59051
[2024-04-26 13:58:12,577][func.train][INFO] - [DATASET] test video_indices: [43]
[2024-04-26 13:58:12,595][func.train][INFO] - [DATASET] Sampling video_idx: 43 at 25 fps to 2362 frames
[2024-04-26 13:58:12,596][func.train][INFO] - [DATASET] video 43 label_list: torch.Size([2362])
[2024-04-26 13:58:12,653][func.train][INFO] - [DATASET] number of test videos: 1
[2024-04-26 13:58:12,653][func.train][INFO] - [DATASET] avg video length: 2362.0
[2024-04-26 13:58:17,582][func.train][INFO] - [DATASET] test size: 78176
[2024-04-26 13:58:17,582][func.train][INFO] - [DATASET] test video_indices: [44]
[2024-04-26 13:58:17,604][func.train][INFO] - [DATASET] Sampling video_idx: 44 at 25 fps to 3127 frames
[2024-04-26 13:58:17,605][func.train][INFO] - [DATASET] video 44 label_list: torch.Size([3127])
[2024-04-26 13:58:17,622][func.train][INFO] - [DATASET] number of test videos: 1
[2024-04-26 13:58:17,622][func.train][INFO] - [DATASET] avg video length: 3127.0
[2024-04-26 13:58:56,254][func.train][INFO] - [DATASET] test size: 84676
[2024-04-26 13:58:56,255][func.train][INFO] - [DATASET] test video_indices: [45]
[2024-04-26 13:58:56,280][func.train][INFO] - [DATASET] Sampling video_idx: 45 at 25 fps to 3387 frames
[2024-04-26 13:58:56,281][func.train][INFO] - [DATASET] video 45 label_list: torch.Size([3387])
[2024-04-26 13:58:56,326][func.train][INFO] - [DATASET] number of test videos: 1
[2024-04-26 13:58:56,327][func.train][INFO] - [DATASET] avg video length: 3387.0
[2024-04-26 13:59:07,171][func.train][INFO] - [DATASET] test size: 41326
[2024-04-26 13:59:07,173][func.train][INFO] - [DATASET] test video_indices: [46]
[2024-04-26 13:59:07,189][func.train][INFO] - [DATASET] Sampling video_idx: 46 at 25 fps to 1653 frames
[2024-04-26 13:59:07,191][func.train][INFO] - [DATASET] video 46 label_list: torch.Size([1653])
[2024-04-26 13:59:07,204][func.train][INFO] - [DATASET] number of test videos: 1
[2024-04-26 13:59:07,204][func.train][INFO] - [DATASET] avg video length: 1653.0
[2024-04-26 13:59:13,868][func.train][INFO] - [DATASET] test size: 56476
[2024-04-26 13:59:13,870][func.train][INFO] - [DATASET] test video_indices: [47]
[2024-04-26 13:59:13,891][func.train][INFO] - [DATASET] Sampling video_idx: 47 at 25 fps to 2259 frames
[2024-04-26 13:59:13,892][func.train][INFO] - [DATASET] video 47 label_list: torch.Size([2259])
[2024-04-26 13:59:13,899][func.train][INFO] - [DATASET] number of test videos: 1
[2024-04-26 13:59:13,900][func.train][INFO] - [DATASET] avg video length: 2259.0
[2024-04-26 13:59:20,654][func.train][INFO] - [DATASET] test size: 45851
[2024-04-26 13:59:20,654][func.train][INFO] - [DATASET] test video_indices: [48]
[2024-04-26 13:59:20,666][func.train][INFO] - [DATASET] Sampling video_idx: 48 at 25 fps to 1834 frames
[2024-04-26 13:59:20,666][func.train][INFO] - [DATASET] video 48 label_list: torch.Size([1834])
[2024-04-26 13:59:20,696][func.train][INFO] - [DATASET] number of test videos: 1
[2024-04-26 13:59:20,696][func.train][INFO] - [DATASET] avg video length: 1834.0
[2024-04-26 13:59:29,156][func.train][INFO] - [DATASET] test size: 41776
[2024-04-26 13:59:29,157][func.train][INFO] - [DATASET] test video_indices: [49]
[2024-04-26 13:59:29,166][func.train][INFO] - [DATASET] Sampling video_idx: 49 at 25 fps to 1671 frames
[2024-04-26 13:59:29,167][func.train][INFO] - [DATASET] video 49 label_list: torch.Size([1671])
[2024-04-26 13:59:29,196][func.train][INFO] - [DATASET] number of test videos: 1
[2024-04-26 13:59:29,196][func.train][INFO] - [DATASET] avg video length: 1671.0
[2024-04-26 13:59:50,034][func.train][INFO] - [DATASET] test size: 27351
[2024-04-26 13:59:50,034][func.train][INFO] - [DATASET] test video_indices: [50]
[2024-04-26 13:59:50,040][func.train][INFO] - [DATASET] Sampling video_idx: 50 at 25 fps to 1094 frames
[2024-04-26 13:59:50,041][func.train][INFO] - [DATASET] video 50 label_list: torch.Size([1094])
[2024-04-26 13:59:50,046][func.train][INFO] - [DATASET] number of test videos: 1
[2024-04-26 13:59:50,046][func.train][INFO] - [DATASET] avg video length: 1094.0
[2024-04-26 13:59:54,853][func.train][INFO] - [DATASET] test size: 73601
[2024-04-26 13:59:54,854][func.train][INFO] - [DATASET] test video_indices: [51]
[2024-04-26 13:59:54,913][func.train][INFO] - [DATASET] Sampling video_idx: 51 at 25 fps to 2944 frames
[2024-04-26 13:59:54,915][func.train][INFO] - [DATASET] video 51 label_list: torch.Size([2944])
[2024-04-26 13:59:54,974][func.train][INFO] - [DATASET] number of test videos: 1
[2024-04-26 13:59:54,975][func.train][INFO] - [DATASET] avg video length: 2944.0
[2024-04-26 14:00:02,876][func.train][INFO] - [DATASET] test size: 49151
[2024-04-26 14:00:02,879][func.train][INFO] - [DATASET] test video_indices: [52]
[2024-04-26 14:00:02,892][func.train][INFO] - [DATASET] Sampling video_idx: 52 at 25 fps to 1966 frames
[2024-04-26 14:00:02,893][func.train][INFO] - [DATASET] video 52 label_list: torch.Size([1966])
[2024-04-26 14:00:02,930][func.train][INFO] - [DATASET] number of test videos: 1
[2024-04-26 14:00:02,931][func.train][INFO] - [DATASET] avg video length: 1966.0
[2024-04-26 14:00:05,843][func.train][INFO] - [DATASET] test size: 82076
[2024-04-26 14:00:05,844][func.train][INFO] - [DATASET] test video_indices: [53]
[2024-04-26 14:00:05,861][func.train][INFO] - [DATASET] Sampling video_idx: 53 at 25 fps to 3283 frames
[2024-04-26 14:00:05,861][func.train][INFO] - [DATASET] video 53 label_list: torch.Size([3283])
[2024-04-26 14:00:05,941][func.train][INFO] - [DATASET] number of test videos: 1
[2024-04-26 14:00:05,941][func.train][INFO] - [DATASET] avg video length: 3283.0
[2024-04-26 14:00:09,038][func.train][INFO] - [DATASET] test size: 77501
[2024-04-26 14:00:09,038][func.train][INFO] - [DATASET] test video_indices: [54]
[2024-04-26 14:00:09,051][func.train][INFO] - [DATASET] Sampling video_idx: 54 at 25 fps to 3100 frames
[2024-04-26 14:00:09,052][func.train][INFO] - [DATASET] video 54 label_list: torch.Size([3100])
[2024-04-26 14:00:09,101][func.train][INFO] - [DATASET] number of test videos: 1
[2024-04-26 14:00:09,101][func.train][INFO] - [DATASET] avg video length: 3100.0
[2024-04-26 14:00:51,028][func.train][INFO] - [DATASET] test size: 25926
[2024-04-26 14:00:51,029][func.train][INFO] - [DATASET] test video_indices: [55]
[2024-04-26 14:00:51,043][func.train][INFO] - [DATASET] Sampling video_idx: 55 at 25 fps to 1037 frames
[2024-04-26 14:00:51,044][func.train][INFO] - [DATASET] video 55 label_list: torch.Size([1037])
[2024-04-26 14:00:51,156][func.train][INFO] - [DATASET] number of test videos: 1
[2024-04-26 14:00:51,160][func.train][INFO] - [DATASET] avg video length: 1037.0
[2024-04-26 14:01:07,359][func.train][INFO] - [DATASET] test size: 45851
[2024-04-26 14:01:07,359][func.train][INFO] - [DATASET] test video_indices: [56]
[2024-04-26 14:01:07,373][func.train][INFO] - [DATASET] Sampling video_idx: 56 at 25 fps to 1834 frames
[2024-04-26 14:01:07,374][func.train][INFO] - [DATASET] video 56 label_list: torch.Size([1834])
[2024-04-26 14:01:07,416][func.train][INFO] - [DATASET] number of test videos: 1
[2024-04-26 14:01:07,417][func.train][INFO] - [DATASET] avg video length: 1834.0
[2024-04-26 14:01:28,025][func.train][INFO] - [DATASET] test size: 65801
[2024-04-26 14:01:28,026][func.train][INFO] - [DATASET] test video_indices: [57]
[2024-04-26 14:01:28,045][func.train][INFO] - [DATASET] Sampling video_idx: 57 at 25 fps to 2632 frames
[2024-04-26 14:01:28,046][func.train][INFO] - [DATASET] video 57 label_list: torch.Size([2632])
[2024-04-26 14:01:28,105][func.train][INFO] - [DATASET] number of test videos: 1
[2024-04-26 14:01:28,106][func.train][INFO] - [DATASET] avg video length: 2632.0
[2024-04-26 14:01:39,803][func.train][INFO] - [DATASET] test size: 149826
[2024-04-26 14:01:39,804][func.train][INFO] - [DATASET] test video_indices: [58]
[2024-04-26 14:01:39,841][func.train][INFO] - [DATASET] Sampling video_idx: 58 at 25 fps to 5993 frames
[2024-04-26 14:01:39,843][func.train][INFO] - [DATASET] video 58 label_list: torch.Size([5993])
[2024-04-26 14:01:39,947][func.train][INFO] - [DATASET] number of test videos: 1
[2024-04-26 14:01:39,948][func.train][INFO] - [DATASET] avg video length: 5993.0
[2024-04-26 14:01:47,822][func.train][INFO] - [DATASET] test size: 26151
[2024-04-26 14:01:47,822][func.train][INFO] - [DATASET] test video_indices: [59]
[2024-04-26 14:01:47,829][func.train][INFO] - [DATASET] Sampling video_idx: 59 at 25 fps to 1046 frames
[2024-04-26 14:01:47,830][func.train][INFO] - [DATASET] video 59 label_list: torch.Size([1046])
[2024-04-26 14:01:47,853][func.train][INFO] - [DATASET] number of test videos: 1
[2024-04-26 14:01:47,853][func.train][INFO] - [DATASET] avg video length: 1046.0
[2024-04-26 14:01:52,960][func.train][INFO] - [DATASET] test size: 63301
[2024-04-26 14:01:52,962][func.train][INFO] - [DATASET] test video_indices: [60]
[2024-04-26 14:01:52,993][func.train][INFO] - [DATASET] Sampling video_idx: 60 at 25 fps to 2532 frames
[2024-04-26 14:01:52,995][func.train][INFO] - [DATASET] video 60 label_list: torch.Size([2532])
[2024-04-26 14:01:53,076][func.train][INFO] - [DATASET] number of test videos: 1
[2024-04-26 14:01:53,076][func.train][INFO] - [DATASET] avg video length: 2532.0
[2024-04-26 14:02:10,841][func.train][INFO] - [DATASET] test size: 110226
[2024-04-26 14:02:10,842][func.train][INFO] - [DATASET] test video_indices: [61]
[2024-04-26 14:02:10,894][func.train][INFO] - [DATASET] Sampling video_idx: 61 at 25 fps to 4409 frames
[2024-04-26 14:02:10,897][func.train][INFO] - [DATASET] video 61 label_list: torch.Size([4409])
[2024-04-26 14:02:10,970][func.train][INFO] - [DATASET] number of test videos: 1
[2024-04-26 14:02:10,971][func.train][INFO] - [DATASET] avg video length: 4409.0
[2024-04-26 14:02:33,442][func.train][INFO] - [DATASET] test size: 50801
[2024-04-26 14:02:33,443][func.train][INFO] - [DATASET] test video_indices: [62]
[2024-04-26 14:02:33,457][func.train][INFO] - [DATASET] Sampling video_idx: 62 at 25 fps to 2032 frames
[2024-04-26 14:02:33,458][func.train][INFO] - [DATASET] video 62 label_list: torch.Size([2032])
[2024-04-26 14:02:33,508][func.train][INFO] - [DATASET] number of test videos: 1
[2024-04-26 14:02:33,509][func.train][INFO] - [DATASET] avg video length: 2032.0
[2024-04-26 14:02:42,662][func.train][INFO] - [DATASET] test size: 85826
[2024-04-26 14:02:42,662][func.train][INFO] - [DATASET] test video_indices: [63]
[2024-04-26 14:02:42,693][func.train][INFO] - [DATASET] Sampling video_idx: 63 at 25 fps to 3433 frames
[2024-04-26 14:02:42,695][func.train][INFO] - [DATASET] video 63 label_list: torch.Size([3433])
[2024-04-26 14:02:42,745][func.train][INFO] - [DATASET] number of test videos: 1
[2024-04-26 14:02:42,746][func.train][INFO] - [DATASET] avg video length: 3433.0
[2024-04-26 14:02:47,310][func.train][INFO] - [DATASET] test size: 59951
[2024-04-26 14:02:47,311][func.train][INFO] - [DATASET] test video_indices: [64]
[2024-04-26 14:02:47,328][func.train][INFO] - [DATASET] Sampling video_idx: 64 at 25 fps to 2398 frames
[2024-04-26 14:02:47,329][func.train][INFO] - [DATASET] video 64 label_list: torch.Size([2398])
[2024-04-26 14:02:47,377][func.train][INFO] - [DATASET] number of test videos: 1
[2024-04-26 14:02:47,377][func.train][INFO] - [DATASET] avg video length: 2398.0
[2024-04-26 14:02:56,133][func.train][INFO] - [DATASET] test size: 46826
[2024-04-26 14:02:56,133][func.train][INFO] - [DATASET] test video_indices: [65]
[2024-04-26 14:02:56,146][func.train][INFO] - [DATASET] Sampling video_idx: 65 at 25 fps to 1873 frames
[2024-04-26 14:02:56,147][func.train][INFO] - [DATASET] video 65 label_list: torch.Size([1873])
[2024-04-26 14:02:56,180][func.train][INFO] - [DATASET] number of test videos: 1
[2024-04-26 14:02:56,181][func.train][INFO] - [DATASET] avg video length: 1873.0
[2024-04-26 14:03:00,829][func.train][INFO] - [DATASET] test size: 45601
[2024-04-26 14:03:00,830][func.train][INFO] - [DATASET] test video_indices: [66]
[2024-04-26 14:03:00,848][func.train][INFO] - [DATASET] Sampling video_idx: 66 at 25 fps to 1824 frames
[2024-04-26 14:03:00,849][func.train][INFO] - [DATASET] video 66 label_list: torch.Size([1824])
[2024-04-26 14:03:00,891][func.train][INFO] - [DATASET] number of test videos: 1
[2024-04-26 14:03:00,892][func.train][INFO] - [DATASET] avg video length: 1824.0
[2024-04-26 14:03:05,439][func.train][INFO] - [DATASET] test size: 58826
[2024-04-26 14:03:05,439][func.train][INFO] - [DATASET] test video_indices: [67]
[2024-04-26 14:03:05,457][func.train][INFO] - [DATASET] Sampling video_idx: 67 at 25 fps to 2353 frames
[2024-04-26 14:03:05,458][func.train][INFO] - [DATASET] video 67 label_list: torch.Size([2353])
[2024-04-26 14:03:05,505][func.train][INFO] - [DATASET] number of test videos: 1
[2024-04-26 14:03:05,506][func.train][INFO] - [DATASET] avg video length: 2353.0
[2024-04-26 14:03:15,172][func.train][INFO] - [DATASET] test size: 49301
[2024-04-26 14:03:15,174][func.train][INFO] - [DATASET] test video_indices: [68]
[2024-04-26 14:03:15,199][func.train][INFO] - [DATASET] Sampling video_idx: 68 at 25 fps to 1972 frames
[2024-04-26 14:03:15,201][func.train][INFO] - [DATASET] video 68 label_list: torch.Size([1972])
[2024-04-26 14:03:15,387][func.train][INFO] - [DATASET] number of test videos: 1
[2024-04-26 14:03:15,387][func.train][INFO] - [DATASET] avg video length: 1972.0
[2024-04-26 14:03:19,891][func.train][INFO] - [DATASET] test size: 114376
[2024-04-26 14:03:19,891][func.train][INFO] - [DATASET] test video_indices: [69]
[2024-04-26 14:03:19,919][func.train][INFO] - [DATASET] Sampling video_idx: 69 at 25 fps to 4575 frames
[2024-04-26 14:03:19,920][func.train][INFO] - [DATASET] video 69 label_list: torch.Size([4575])
[2024-04-26 14:03:20,001][func.train][INFO] - [DATASET] number of test videos: 1
[2024-04-26 14:03:20,001][func.train][INFO] - [DATASET] avg video length: 4575.0
[2024-04-26 14:03:24,275][func.train][INFO] - [DATASET] test size: 29851
[2024-04-26 14:03:24,277][func.train][INFO] - [DATASET] test video_indices: [70]
[2024-04-26 14:03:24,290][func.train][INFO] - [DATASET] Sampling video_idx: 70 at 25 fps to 1194 frames
[2024-04-26 14:03:24,291][func.train][INFO] - [DATASET] video 70 label_list: torch.Size([1194])
[2024-04-26 14:03:24,325][func.train][INFO] - [DATASET] number of test videos: 1
[2024-04-26 14:03:24,326][func.train][INFO] - [DATASET] avg video length: 1194.0
[2024-04-26 14:03:31,301][func.train][INFO] - [DATASET] test size: 62876
[2024-04-26 14:03:31,301][func.train][INFO] - [DATASET] test video_indices: [71]
[2024-04-26 14:03:31,319][func.train][INFO] - [DATASET] Sampling video_idx: 71 at 25 fps to 2515 frames
[2024-04-26 14:03:31,320][func.train][INFO] - [DATASET] video 71 label_list: torch.Size([2515])
[2024-04-26 14:03:31,365][func.train][INFO] - [DATASET] number of test videos: 1
[2024-04-26 14:03:31,366][func.train][INFO] - [DATASET] avg video length: 2515.0
[2024-04-26 14:03:36,452][func.train][INFO] - [DATASET] test size: 77651
[2024-04-26 14:03:36,452][func.train][INFO] - [DATASET] test video_indices: [72]
[2024-04-26 14:03:36,498][func.train][INFO] - [DATASET] Sampling video_idx: 72 at 25 fps to 3106 frames
[2024-04-26 14:03:36,500][func.train][INFO] - [DATASET] video 72 label_list: torch.Size([3106])
[2024-04-26 14:03:36,576][func.train][INFO] - [DATASET] number of test videos: 1
[2024-04-26 14:03:36,584][func.train][INFO] - [DATASET] avg video length: 3106.0
[2024-04-26 14:03:43,312][func.train][INFO] - [DATASET] test size: 33901
[2024-04-26 14:03:43,313][func.train][INFO] - [DATASET] test video_indices: [73]
[2024-04-26 14:03:43,331][func.train][INFO] - [DATASET] Sampling video_idx: 73 at 25 fps to 1356 frames
[2024-04-26 14:03:43,332][func.train][INFO] - [DATASET] video 73 label_list: torch.Size([1356])
[2024-04-26 14:03:44,123][func.train][INFO] - [DATASET] number of test videos: 1
[2024-04-26 14:03:44,124][func.train][INFO] - [DATASET] avg video length: 1356.0
[2024-04-26 14:03:50,756][func.train][INFO] - [DATASET] test size: 40851
[2024-04-26 14:03:50,757][func.train][INFO] - [DATASET] test video_indices: [74]
[2024-04-26 14:03:50,773][func.train][INFO] - [DATASET] Sampling video_idx: 74 at 25 fps to 1634 frames
[2024-04-26 14:03:50,774][func.train][INFO] - [DATASET] video 74 label_list: torch.Size([1634])
[2024-04-26 14:03:50,815][func.train][INFO] - [DATASET] number of test videos: 1
[2024-04-26 14:03:50,815][func.train][INFO] - [DATASET] avg video length: 1634.0
[2024-04-26 14:03:55,815][func.train][INFO] - [DATASET] test size: 48076
[2024-04-26 14:03:55,815][func.train][INFO] - [DATASET] test video_indices: [75]
[2024-04-26 14:03:55,829][func.train][INFO] - [DATASET] Sampling video_idx: 75 at 25 fps to 1923 frames
[2024-04-26 14:03:55,830][func.train][INFO] - [DATASET] video 75 label_list: torch.Size([1923])
[2024-04-26 14:03:55,888][func.train][INFO] - [DATASET] number of test videos: 1
[2024-04-26 14:03:55,888][func.train][INFO] - [DATASET] avg video length: 1923.0
[2024-04-26 14:04:03,529][func.train][INFO] - [DATASET] test size: 66226
[2024-04-26 14:04:03,530][func.train][INFO] - [DATASET] test video_indices: [76]
[2024-04-26 14:04:03,548][func.train][INFO] - [DATASET] Sampling video_idx: 76 at 25 fps to 2649 frames
[2024-04-26 14:04:03,549][func.train][INFO] - [DATASET] video 76 label_list: torch.Size([2649])
[2024-04-26 14:04:03,585][func.train][INFO] - [DATASET] number of test videos: 1
[2024-04-26 14:04:03,586][func.train][INFO] - [DATASET] avg video length: 2649.0
[2024-04-26 14:04:09,715][func.train][INFO] - [DATASET] test size: 62551
[2024-04-26 14:04:09,716][func.train][INFO] - [DATASET] test video_indices: [77]
[2024-04-26 14:04:09,735][func.train][INFO] - [DATASET] Sampling video_idx: 77 at 25 fps to 2502 frames
[2024-04-26 14:04:09,736][func.train][INFO] - [DATASET] video 77 label_list: torch.Size([2502])
[2024-04-26 14:04:09,781][func.train][INFO] - [DATASET] number of test videos: 1
[2024-04-26 14:04:09,781][func.train][INFO] - [DATASET] avg video length: 2502.0
[2024-04-26 14:04:26,730][func.train][INFO] - [DATASET] test size: 18476
[2024-04-26 14:04:26,730][func.train][INFO] - [DATASET] test video_indices: [78]
[2024-04-26 14:04:26,736][func.train][INFO] - [DATASET] Sampling video_idx: 78 at 25 fps to 739 frames
[2024-04-26 14:04:26,737][func.train][INFO] - [DATASET] video 78 label_list: torch.Size([739])
[2024-04-26 14:04:26,760][func.train][INFO] - [DATASET] number of test videos: 1
[2024-04-26 14:04:26,760][func.train][INFO] - [DATASET] avg video length: 739.0
[2024-04-26 14:04:40,319][func.train][INFO] - [DATASET] test size: 85351
[2024-04-26 14:04:40,319][func.train][INFO] - [DATASET] test video_indices: [79]
[2024-04-26 14:04:40,344][func.train][INFO] - [DATASET] Sampling video_idx: 79 at 25 fps to 3414 frames
[2024-04-26 14:04:40,345][func.train][INFO] - [DATASET] video 79 label_list: torch.Size([3414])
[2024-04-26 14:04:40,407][func.train][INFO] - [DATASET] number of test videos: 1
[2024-04-26 14:04:40,408][func.train][INFO] - [DATASET] avg video length: 3414.0
[2024-04-26 14:04:47,029][func.train][INFO] - [DATASET] test size: 43101
[2024-04-26 14:04:47,029][func.train][INFO] - [DATASET] test video_indices: [80]
[2024-04-26 14:04:47,039][func.train][INFO] - [DATASET] Sampling video_idx: 80 at 25 fps to 1724 frames
[2024-04-26 14:04:47,039][func.train][INFO] - [DATASET] video 80 label_list: torch.Size([1724])
[2024-04-26 14:04:47,078][func.train][INFO] - [DATASET] number of test videos: 1
[2024-04-26 14:04:47,078][func.train][INFO] - [DATASET] avg video length: 1724.0
[2024-04-26 14:04:47,144][func.train][INFO] - Time to load datasets: 9.28 min
[2024-04-26 14:04:47,144][func.train][INFO] - Creating data loaders
[2024-04-26 14:04:47,148][func.train][INFO] - Creating model with {'one': 7} classes
[2024-04-26 14:04:49,073][func.train][INFO] - [MAIN] Number of tokens: 86304
[2024-04-26 14:04:49,074][func.train][INFO] - [MAIN] Number of parameters: 17789141
[2024-04-26 14:04:49,074][func.train][INFO] - [MAIN] Token-to-Parameter Ratio is ideally between [1:1 to 10:1]: 0.004851
[2024-04-26 14:04:49,074][func.train][WARNING] - [MAIN] Data-to-Parameter-Ratio is outside the interval [1:1 to 10:1]
[2024-04-26 14:04:49,075][func.train][INFO] - Using LR 0.000300 WD 0.000010 for parameters
[2024-04-26 14:04:49,076][func.train][INFO] - Using LR 0.000300 WD 0.000010 for parameters
[2024-04-26 14:04:49,084][func.train][INFO] - Wrapping model into DP
[2024-04-26 14:04:49,542][func.train][INFO] - Start training
[2024-04-26 14:04:49,551][func.train][INFO] - Storing checkpoints every 60.00 mins
[2024-04-26 14:04:51,369][func.train][INFO] - [TRAINING] Step 0/10788 | Loss: 1.72 | Acc (curr_frames): 0.03 | Acc (next_frames): 0.30 | time-left: 326.77 min
[2024-04-26 14:05:16,128][func.train][INFO] - [TRAINING] Step 100/10788 | Loss: 2.24 | Acc (curr_frames): 0.04 | Acc (next_frames): 0.53 | time-left: 46.87 min
[2024-04-26 14:05:38,970][func.train][INFO] - [TRAINING] Step 200/10788 | Loss: 2.14 | Acc (curr_frames): 0.15 | Acc (next_frames): 0.60 | time-left: 43.38 min
[2024-04-26 14:06:02,463][func.train][INFO] - [TRAINING] Step 300/10788 | Loss: 1.51 | Acc (curr_frames): 0.53 | Acc (next_frames): 0.66 | time-left: 42.34 min
[2024-04-26 14:06:25,468][func.train][INFO] - [TRAINING] Step 400/10788 | Loss: 1.43 | Acc (curr_frames): 0.65 | Acc (next_frames): 0.66 | time-left: 41.41 min
[2024-04-26 14:06:47,838][func.train][INFO] - [TRAINING] Step 500/10788 | Loss: 1.34 | Acc (curr_frames): 0.66 | Acc (next_frames): 0.64 | time-left: 40.48 min
[2024-04-26 14:07:11,911][func.train][INFO] - [TRAINING] Step 600/10788 | Loss: 1.12 | Acc (curr_frames): 0.69 | Acc (next_frames): 0.70 | time-left: 40.22 min
[2024-04-26 14:07:37,666][func.train][INFO] - [TRAINING] Step 700/10788 | Loss: 1.30 | Acc (curr_frames): 0.58 | Acc (next_frames): 0.57 | time-left: 40.32 min
[2024-04-26 14:07:59,110][func.train][INFO] - [TRAINING] Step 800/10788 | Loss: 0.70 | Acc (curr_frames): 0.78 | Acc (next_frames): 0.76 | time-left: 39.39 min
[2024-04-26 14:08:20,871][func.train][INFO] - [TRAINING] Step 900/10788 | Loss: 0.77 | Acc (curr_frames): 0.58 | Acc (next_frames): 0.57 | time-left: 38.65 min
[2024-04-26 14:08:43,297][func.train][INFO] - [TRAINING] Step 1000/10788 | Loss: 0.91 | Acc (curr_frames): 0.76 | Acc (next_frames): 0.72 | time-left: 38.09 min
[2024-04-26 14:09:06,965][func.train][INFO] - [TRAINING] Step 1100/10788 | Loss: 1.40 | Acc (curr_frames): 0.45 | Acc (next_frames): 0.45 | time-left: 37.75 min
[2024-04-26 14:09:29,760][func.train][INFO] - [TRAINING] Step 1200/10788 | Loss: 0.51 | Acc (curr_frames): 0.89 | Acc (next_frames): 0.87 | time-left: 37.28 min
[2024-04-26 14:09:52,987][func.train][INFO] - [TRAINING] Step 1300/10788 | Loss: 1.59 | Acc (curr_frames): 0.38 | Acc (next_frames): 0.35 | time-left: 36.88 min
[2024-04-26 14:10:13,776][func.train][INFO] - [TRAINING] Step 1400/10788 | Loss: 1.10 | Acc (curr_frames): 0.71 | Acc (next_frames): 0.67 | time-left: 36.21 min
[2024-04-26 14:10:36,279][func.train][INFO] - [TRAINING] Step 1500/10788 | Loss: 0.57 | Acc (curr_frames): 0.52 | Acc (next_frames): 0.52 | time-left: 35.75 min
[2024-04-26 14:11:00,030][func.train][INFO] - [TRAINING] Step 1600/10788 | Loss: 1.32 | Acc (curr_frames): 0.49 | Acc (next_frames): 0.48 | time-left: 35.43 min
[2024-04-26 14:11:22,851][func.train][INFO] - [TRAINING] Step 1700/10788 | Loss: 1.03 | Acc (curr_frames): 0.49 | Acc (next_frames): 0.49 | time-left: 35.02 min
[2024-04-26 14:11:46,823][func.train][INFO] - [TRAINING] Step 1800/10788 | Loss: 0.80 | Acc (curr_frames): 0.74 | Acc (next_frames): 0.74 | time-left: 34.70 min
[2024-04-26 14:12:10,832][func.train][INFO] - [TRAINING] Step 1900/10788 | Loss: 1.11 | Acc (curr_frames): 0.69 | Acc (next_frames): 0.67 | time-left: 34.38 min
[2024-04-26 14:12:33,945][func.train][INFO] - [TRAINING] Step 2000/10788 | Loss: 0.78 | Acc (curr_frames): 0.57 | Acc (next_frames): 0.55 | time-left: 33.99 min
[2024-04-26 14:12:59,705][func.train][INFO] - [TRAINING] Step 2100/10788 | Loss: 0.71 | Acc (curr_frames): 0.82 | Acc (next_frames): 0.76 | time-left: 33.78 min
[2024-04-26 14:13:21,407][func.train][INFO] - [TRAINING] Step 2200/10788 | Loss: 0.74 | Acc (curr_frames): 0.68 | Acc (next_frames): 0.68 | time-left: 33.28 min
[2024-04-26 14:13:43,275][func.train][INFO] - [TRAINING] Step 2300/10788 | Loss: 1.62 | Acc (curr_frames): 0.62 | Acc (next_frames): 0.60 | time-left: 32.81 min
[2024-04-26 14:14:04,790][func.train][INFO] - [TRAINING] Step 2400/10788 | Loss: 1.07 | Acc (curr_frames): 0.60 | Acc (next_frames): 0.59 | time-left: 32.33 min
[2024-04-26 14:14:27,054][func.train][INFO] - [TRAINING] Step 2500/10788 | Loss: 1.33 | Acc (curr_frames): 0.55 | Acc (next_frames): 0.53 | time-left: 31.89 min
[2024-04-26 14:14:48,369][func.train][INFO] - [TRAINING] Step 2600/10788 | Loss: 1.55 | Acc (curr_frames): 0.72 | Acc (next_frames): 0.70 | time-left: 31.41 min
[2024-04-26 14:15:09,299][func.train][INFO] - [TRAINING] Step 2700/10788 | Loss: 0.78 | Acc (curr_frames): 0.76 | Acc (next_frames): 0.74 | time-left: 30.93 min
[2024-04-26 14:15:32,320][func.train][INFO] - [TRAINING] Step 2800/10788 | Loss: 0.81 | Acc (curr_frames): 0.73 | Acc (next_frames): 0.74 | time-left: 30.55 min
[2024-04-26 14:15:54,702][func.train][INFO] - [TRAINING] Step 2900/10788 | Loss: 1.15 | Acc (curr_frames): 0.74 | Acc (next_frames): 0.70 | time-left: 30.14 min
[2024-04-26 14:16:16,737][func.train][INFO] - [TRAINING] Step 3000/10788 | Loss: 0.91 | Acc (curr_frames): 0.74 | Acc (next_frames): 0.73 | time-left: 29.72 min
[2024-04-26 14:16:37,125][func.train][INFO] - [TRAINING] Step 3100/10788 | Loss: 0.29 | Acc (curr_frames): 0.89 | Acc (next_frames): 0.85 | time-left: 29.23 min
[2024-04-26 14:17:00,723][func.train][INFO] - [TRAINING] Step 3200/10788 | Loss: 0.54 | Acc (curr_frames): 0.70 | Acc (next_frames): 0.72 | time-left: 28.88 min
[2024-04-26 14:17:20,057][func.train][INFO] - [TRAINING] Step 3300/10788 | Loss: 0.48 | Acc (curr_frames): 0.86 | Acc (next_frames): 0.84 | time-left: 28.37 min
[2024-04-26 14:17:39,407][func.train][INFO] - [TRAINING] Step 3400/10788 | Loss: 0.48 | Acc (curr_frames): 0.81 | Acc (next_frames): 0.80 | time-left: 27.87 min
[2024-04-26 14:17:58,869][func.train][INFO] - [TRAINING] Step 3500/10788 | Loss: 1.08 | Acc (curr_frames): 0.73 | Acc (next_frames): 0.72 | time-left: 27.38 min
[2024-04-26 14:18:19,254][func.train][INFO] - [TRAINING] Step 3600/10788 | Loss: 0.45 | Acc (curr_frames): 0.84 | Acc (next_frames): 0.83 | time-left: 26.93 min
[2024-04-26 14:18:40,409][func.train][INFO] - [TRAINING] Step 3700/10788 | Loss: 0.33 | Acc (curr_frames): 0.79 | Acc (next_frames): 0.78 | time-left: 26.52 min
[2024-04-26 14:19:00,438][func.train][INFO] - [TRAINING] Step 3800/10788 | Loss: 0.83 | Acc (curr_frames): 0.80 | Acc (next_frames): 0.78 | time-left: 26.07 min
[2024-04-26 14:19:21,301][func.train][INFO] - [TRAINING] Step 3900/10788 | Loss: 0.36 | Acc (curr_frames): 0.79 | Acc (next_frames): 0.78 | time-left: 25.65 min
[2024-04-26 14:19:40,624][func.train][INFO] - [TRAINING] Step 4000/10788 | Loss: 0.24 | Acc (curr_frames): 0.86 | Acc (next_frames): 0.85 | time-left: 25.19 min
[2024-04-26 14:20:03,282][func.train][INFO] - [TRAINING] Step 4100/10788 | Loss: 0.65 | Acc (curr_frames): 0.84 | Acc (next_frames): 0.84 | time-left: 24.83 min
[2024-04-26 14:20:25,675][func.train][INFO] - [TRAINING] Step 4200/10788 | Loss: 0.50 | Acc (curr_frames): 0.87 | Acc (next_frames): 0.87 | time-left: 24.46 min
[2024-04-26 14:20:48,034][func.train][INFO] - [TRAINING] Step 4300/10788 | Loss: 0.27 | Acc (curr_frames): 0.87 | Acc (next_frames): 0.85 | time-left: 24.09 min
[2024-04-26 14:21:09,279][func.train][INFO] - [TRAINING] Step 4400/10788 | Loss: 0.58 | Acc (curr_frames): 0.78 | Acc (next_frames): 0.79 | time-left: 23.70 min
[2024-04-26 14:21:29,122][func.train][INFO] - [TRAINING] Step 4500/10788 | Loss: 0.17 | Acc (curr_frames): 0.89 | Acc (next_frames): 0.88 | time-left: 23.27 min
[2024-04-26 14:21:50,853][func.train][INFO] - [TRAINING] Step 4600/10788 | Loss: 0.37 | Acc (curr_frames): 0.83 | Acc (next_frames): 0.83 | time-left: 22.89 min
[2024-04-26 14:22:12,413][func.train][INFO] - [TRAINING] Step 4700/10788 | Loss: 0.26 | Acc (curr_frames): 0.79 | Acc (next_frames): 0.79 | time-left: 22.51 min
[2024-04-26 14:22:32,445][func.train][INFO] - [TRAINING] Step 4800/10788 | Loss: 0.48 | Acc (curr_frames): 0.84 | Acc (next_frames): 0.82 | time-left: 22.09 min
[2024-04-26 14:22:55,694][func.train][INFO] - [TRAINING] Step 4900/10788 | Loss: 0.27 | Acc (curr_frames): 0.86 | Acc (next_frames): 0.86 | time-left: 21.74 min
[2024-04-26 14:23:19,024][func.train][INFO] - [TRAINING] Step 5000/10788 | Loss: 0.21 | Acc (curr_frames): 0.90 | Acc (next_frames): 0.89 | time-left: 21.40 min
[2024-04-26 14:23:40,397][func.train][INFO] - [TRAINING] Step 5100/10788 | Loss: 0.23 | Acc (curr_frames): 0.90 | Acc (next_frames): 0.88 | time-left: 21.01 min
[2024-04-26 14:24:00,259][func.train][INFO] - [TRAINING] Step 5200/10788 | Loss: 0.25 | Acc (curr_frames): 0.84 | Acc (next_frames): 0.81 | time-left: 20.60 min
[2024-04-26 14:24:19,736][func.train][INFO] - [TRAINING] Step 5300/10788 | Loss: 0.18 | Acc (curr_frames): 0.87 | Acc (next_frames): 0.88 | time-left: 20.19 min
[2024-04-26 14:24:38,876][func.train][INFO] - [TRAINING] Step 5400/10788 | Loss: 0.31 | Acc (curr_frames): 0.78 | Acc (next_frames): 0.76 | time-left: 19.77 min
[2024-04-26 14:24:57,522][func.train][INFO] - [TRAINING] Step 5500/10788 | Loss: 0.31 | Acc (curr_frames): 0.80 | Acc (next_frames): 0.79 | time-left: 19.35 min
[2024-04-26 14:25:16,984][func.train][INFO] - [TRAINING] Step 5600/10788 | Loss: 0.23 | Acc (curr_frames): 0.86 | Acc (next_frames): 0.84 | time-left: 18.95 min
[2024-04-26 14:25:36,844][func.train][INFO] - [TRAINING] Step 5700/10788 | Loss: 0.30 | Acc (curr_frames): 0.86 | Acc (next_frames): 0.85 | time-left: 18.55 min
[2024-04-26 14:25:57,260][func.train][INFO] - [TRAINING] Step 5800/10788 | Loss: 0.27 | Acc (curr_frames): 0.73 | Acc (next_frames): 0.70 | time-left: 18.16 min
[2024-04-26 14:26:19,241][func.train][INFO] - [TRAINING] Step 5900/10788 | Loss: 0.19 | Acc (curr_frames): 0.92 | Acc (next_frames): 0.92 | time-left: 17.80 min
[2024-04-26 14:26:43,659][func.train][INFO] - [TRAINING] Step 6000/10788 | Loss: 0.12 | Acc (curr_frames): 0.81 | Acc (next_frames): 0.82 | time-left: 17.47 min
[2024-04-26 14:27:03,159][func.train][INFO] - [TRAINING] Step 6100/10788 | Loss: 0.31 | Acc (curr_frames): 0.85 | Acc (next_frames): 0.85 | time-left: 17.08 min
[2024-04-26 14:27:22,055][func.train][INFO] - [TRAINING] Step 6200/10788 | Loss: 0.26 | Acc (curr_frames): 0.82 | Acc (next_frames): 0.79 | time-left: 16.67 min
[2024-04-26 14:27:40,942][func.train][INFO] - [TRAINING] Step 6300/10788 | Loss: 0.40 | Acc (curr_frames): 0.84 | Acc (next_frames): 0.81 | time-left: 16.28 min
[2024-04-26 14:27:59,495][func.train][INFO] - [TRAINING] Step 6400/10788 | Loss: 0.28 | Acc (curr_frames): 0.87 | Acc (next_frames): 0.85 | time-left: 15.88 min
[2024-04-26 14:28:18,645][func.train][INFO] - [TRAINING] Step 6500/10788 | Loss: 0.28 | Acc (curr_frames): 0.77 | Acc (next_frames): 0.73 | time-left: 15.49 min
[2024-04-26 14:28:38,895][func.train][INFO] - [TRAINING] Step 6600/10788 | Loss: 0.49 | Acc (curr_frames): 0.75 | Acc (next_frames): 0.70 | time-left: 15.11 min
[2024-04-26 14:29:00,595][func.train][INFO] - [TRAINING] Step 6700/10788 | Loss: 0.28 | Acc (curr_frames): 0.84 | Acc (next_frames): 0.81 | time-left: 14.75 min
[2024-04-26 14:29:22,727][func.train][INFO] - [TRAINING] Step 6800/10788 | Loss: 0.23 | Acc (curr_frames): 0.91 | Acc (next_frames): 0.87 | time-left: 14.39 min
[2024-04-26 14:29:44,176][func.train][INFO] - [TRAINING] Step 6900/10788 | Loss: 0.19 | Acc (curr_frames): 0.89 | Acc (next_frames): 0.85 | time-left: 14.03 min
[2024-04-26 14:30:04,168][func.train][INFO] - [TRAINING] Step 7000/10788 | Loss: 0.16 | Acc (curr_frames): 0.68 | Acc (next_frames): 0.66 | time-left: 13.65 min
[2024-04-26 14:30:26,125][func.train][INFO] - [TRAINING] Step 7100/10788 | Loss: 0.27 | Acc (curr_frames): 0.81 | Acc (next_frames): 0.81 | time-left: 13.30 min
[2024-04-26 14:30:46,519][func.train][INFO] - [TRAINING] Step 7200/10788 | Loss: 0.13 | Acc (curr_frames): 0.93 | Acc (next_frames): 0.88 | time-left: 12.93 min
[2024-04-26 14:31:07,408][func.train][INFO] - [TRAINING] Step 7300/10788 | Loss: 0.10 | Acc (curr_frames): 0.95 | Acc (next_frames): 0.91 | time-left: 12.56 min
[2024-04-26 14:31:29,042][func.train][INFO] - [TRAINING] Step 7400/10788 | Loss: 0.25 | Acc (curr_frames): 0.90 | Acc (next_frames): 0.87 | time-left: 12.20 min
[2024-04-26 14:31:53,697][func.train][INFO] - [TRAINING] Step 7500/10788 | Loss: 0.28 | Acc (curr_frames): 0.85 | Acc (next_frames): 0.83 | time-left: 11.86 min
[2024-04-26 14:32:15,339][func.train][INFO] - [TRAINING] Step 7600/10788 | Loss: 0.16 | Acc (curr_frames): 0.90 | Acc (next_frames): 0.89 | time-left: 11.50 min
[2024-04-26 14:32:38,653][func.train][INFO] - [TRAINING] Step 7700/10788 | Loss: 0.18 | Acc (curr_frames): 0.88 | Acc (next_frames): 0.82 | time-left: 11.15 min
[2024-04-26 14:33:01,114][func.train][INFO] - [TRAINING] Step 7800/10788 | Loss: 0.23 | Acc (curr_frames): 0.89 | Acc (next_frames): 0.87 | time-left: 10.79 min
[2024-04-26 14:33:22,040][func.train][INFO] - [TRAINING] Step 7900/10788 | Loss: 0.05 | Acc (curr_frames): 0.97 | Acc (next_frames): 0.96 | time-left: 10.43 min
[2024-04-26 14:33:44,002][func.train][INFO] - [TRAINING] Step 8000/10788 | Loss: 0.11 | Acc (curr_frames): 0.90 | Acc (next_frames): 0.90 | time-left: 10.07 min
[2024-04-26 14:34:05,085][func.train][INFO] - [TRAINING] Step 8100/10788 | Loss: 0.12 | Acc (curr_frames): 0.92 | Acc (next_frames): 0.87 | time-left: 9.70 min
[2024-04-26 14:34:28,446][func.train][INFO] - [TRAINING] Step 8200/10788 | Loss: 0.19 | Acc (curr_frames): 0.86 | Acc (next_frames): 0.84 | time-left: 9.35 min
[2024-04-26 14:34:51,155][func.train][INFO] - [TRAINING] Step 8300/10788 | Loss: 0.13 | Acc (curr_frames): 0.95 | Acc (next_frames): 0.91 | time-left: 9.00 min
[2024-04-26 14:35:12,778][func.train][INFO] - [TRAINING] Step 8400/10788 | Loss: 0.07 | Acc (curr_frames): 0.94 | Acc (next_frames): 0.90 | time-left: 8.63 min
[2024-04-26 14:35:33,379][func.train][INFO] - [TRAINING] Step 8500/10788 | Loss: 0.17 | Acc (curr_frames): 0.94 | Acc (next_frames): 0.89 | time-left: 8.27 min
[2024-04-26 14:35:53,721][func.train][INFO] - [TRAINING] Step 8600/10788 | Loss: 0.30 | Acc (curr_frames): 0.92 | Acc (next_frames): 0.86 | time-left: 7.90 min
[2024-04-26 14:36:16,834][func.train][INFO] - [TRAINING] Step 8700/10788 | Loss: 0.12 | Acc (curr_frames): 0.97 | Acc (next_frames): 0.95 | time-left: 7.54 min
[2024-04-26 14:36:39,156][func.train][INFO] - [TRAINING] Step 8800/10788 | Loss: 0.08 | Acc (curr_frames): 0.93 | Acc (next_frames): 0.92 | time-left: 7.19 min
[2024-04-26 14:37:00,678][func.train][INFO] - [TRAINING] Step 8900/10788 | Loss: 0.13 | Acc (curr_frames): 0.93 | Acc (next_frames): 0.88 | time-left: 6.82 min
[2024-04-26 14:37:21,877][func.train][INFO] - [TRAINING] Step 9000/10788 | Loss: 0.12 | Acc (curr_frames): 0.93 | Acc (next_frames): 0.90 | time-left: 6.46 min
[2024-04-26 14:37:41,356][func.train][INFO] - [TRAINING] Step 9100/10788 | Loss: 0.15 | Acc (curr_frames): 0.95 | Acc (next_frames): 0.88 | time-left: 6.09 min
[2024-04-26 14:38:00,524][func.train][INFO] - [TRAINING] Step 9200/10788 | Loss: 0.21 | Acc (curr_frames): 0.94 | Acc (next_frames): 0.92 | time-left: 5.72 min
[2024-04-26 14:38:20,670][func.train][INFO] - [TRAINING] Step 9300/10788 | Loss: 0.08 | Acc (curr_frames): 0.89 | Acc (next_frames): 0.82 | time-left: 5.36 min
[2024-04-26 14:38:39,916][func.train][INFO] - [TRAINING] Step 9400/10788 | Loss: 0.17 | Acc (curr_frames): 0.92 | Acc (next_frames): 0.88 | time-left: 4.99 min
[2024-04-26 14:39:01,205][func.train][INFO] - [TRAINING] Step 9500/10788 | Loss: 0.21 | Acc (curr_frames): 0.91 | Acc (next_frames): 0.86 | time-left: 4.63 min
[2024-04-26 14:39:20,938][func.train][INFO] - [TRAINING] Step 9600/10788 | Loss: 0.07 | Acc (curr_frames): 0.98 | Acc (next_frames): 0.95 | time-left: 4.27 min
[2024-04-26 14:39:41,473][func.train][INFO] - [TRAINING] Step 9700/10788 | Loss: 0.21 | Acc (curr_frames): 0.92 | Acc (next_frames): 0.88 | time-left: 3.91 min
[2024-04-26 14:40:03,701][func.train][INFO] - [TRAINING] Step 9800/10788 | Loss: 0.13 | Acc (curr_frames): 0.90 | Acc (next_frames): 0.82 | time-left: 3.55 min
[2024-04-26 14:40:25,318][func.train][INFO] - [TRAINING] Step 9900/10788 | Loss: 0.05 | Acc (curr_frames): 0.98 | Acc (next_frames): 0.95 | time-left: 3.19 min
[2024-04-26 14:40:45,816][func.train][INFO] - [TRAINING] Step 10000/10788 | Loss: 0.09 | Acc (curr_frames): 0.94 | Acc (next_frames): 0.89 | time-left: 2.83 min
[2024-04-26 14:41:05,646][func.train][INFO] - [TRAINING] Step 10100/10788 | Loss: 0.15 | Acc (curr_frames): 0.93 | Acc (next_frames): 0.87 | time-left: 2.47 min
[2024-04-26 14:41:25,082][func.train][INFO] - [TRAINING] Step 10200/10788 | Loss: 0.18 | Acc (curr_frames): 0.94 | Acc (next_frames): 0.90 | time-left: 2.11 min
[2024-04-26 14:41:44,344][func.train][INFO] - [TRAINING] Step 10300/10788 | Loss: 0.10 | Acc (curr_frames): 0.95 | Acc (next_frames): 0.88 | time-left: 1.75 min
[2024-04-26 14:42:03,088][func.train][INFO] - [TRAINING] Step 10400/10788 | Loss: 0.04 | Acc (curr_frames): 0.96 | Acc (next_frames): 0.91 | time-left: 1.39 min
[2024-04-26 14:42:25,570][func.train][INFO] - [TRAINING] Step 10500/10788 | Loss: 0.09 | Acc (curr_frames): 0.94 | Acc (next_frames): 0.94 | time-left: 1.03 min
[2024-04-26 14:42:45,598][func.train][INFO] - [TRAINING] Step 10600/10788 | Loss: 0.13 | Acc (curr_frames): 0.96 | Acc (next_frames): 0.93 | time-left: 0.67 min
[2024-04-26 14:43:09,211][func.train][INFO] - [TRAINING] Step 10700/10788 | Loss: 0.03 | Acc (curr_frames): 0.97 | Acc (next_frames): 0.96 | time-left: 0.31 min
[2024-04-26 14:43:28,958][root][INFO] - Storing ckpt at epoch 1.000000 to checkpoint.pth
[2024-04-26 15:03:46,028][func.train][INFO] - Dist info:
[2024-04-26 15:03:46,029][func.train][INFO] - torch version: 2.2.2+cu121
[2024-04-26 15:03:46,030][func.train][INFO] - torchvision version: 0.17.2+cu121
[2024-04-26 15:03:46,030][func.train][INFO] - hydra version: 1.3.2
[2024-04-26 15:03:46,046][func.train][INFO] - Loading data
[2024-04-26 15:03:46,047][func.train][INFO] - Loading datasets
[2024-04-26 15:05:11,342][func.train][INFO] - [DATASET] ALL loaded dataframe in 1m 25s
[2024-04-26 15:05:11,346][func.train][INFO] - [DATASET] ALL loaded dataframe: (4612530, 11)
[2024-04-26 15:05:53,598][func.train][INFO] - [DATASET] params: {'debug': False, 'dataset_name': 'cholec80', 'reduc_feats_folder': 'train_targets_x_mp/', 'num_classes': 7, 'num_next_labels': 6, 'last_seg_class': 7, 'predict_next_phase': True, 'get_target_feats': False, 'replace_current_with_next_class': False}
[2024-04-26 15:07:35,196][func.train][INFO] - [DATASET] train size: 2157640
[2024-04-26 15:07:35,200][func.train][INFO] - [DATASET] train video_indices: [1, 2, 3, 4, 5, 6, 7, 8, 9, 10, 11, 12, 13, 14, 15, 16, 17, 18, 19, 20, 21, 22, 23, 24, 25, 26, 27, 28, 29, 30, 31, 32, 33, 34, 35, 36, 37, 38, 39, 40]
[2024-04-26 15:07:35,434][func.train][INFO] - [DATASET] Sampling video_idx: 1 at 25 fps to 1733 frames
[2024-04-26 15:07:35,884][func.train][INFO] - [DATASET] video 1 label_list: torch.Size([1733])
[2024-04-26 15:07:36,978][func.train][INFO] - [DATASET] Sampling video_idx: 2 at 25 fps to 2839 frames
[2024-04-26 15:07:36,979][func.train][INFO] - [DATASET] video 2 label_list: torch.Size([2839])
[2024-04-26 15:07:37,159][func.train][INFO] - [DATASET] Sampling video_idx: 3 at 25 fps to 5828 frames
[2024-04-26 15:07:37,161][func.train][INFO] - [DATASET] video 3 label_list: torch.Size([5828])
[2024-04-26 15:07:37,430][func.train][INFO] - [DATASET] Sampling video_idx: 4 at 25 fps to 1522 frames
[2024-04-26 15:07:37,432][func.train][INFO] - [DATASET] video 4 label_list: torch.Size([1522])
[2024-04-26 15:07:37,624][func.train][INFO] - [DATASET] Sampling video_idx: 5 at 25 fps to 2344 frames
[2024-04-26 15:07:37,625][func.train][INFO] - [DATASET] video 5 label_list: torch.Size([2344])
[2024-04-26 15:07:37,750][func.train][INFO] - [DATASET] Sampling video_idx: 6 at 25 fps to 2153 frames
[2024-04-26 15:07:37,751][func.train][INFO] - [DATASET] video 6 label_list: torch.Size([2153])
[2024-04-26 15:07:37,909][func.train][INFO] - [DATASET] Sampling video_idx: 7 at 25 fps to 4557 frames
[2024-04-26 15:07:37,910][func.train][INFO] - [DATASET] video 7 label_list: torch.Size([4557])
[2024-04-26 15:07:38,138][func.train][INFO] - [DATASET] Sampling video_idx: 8 at 25 fps to 1519 frames
[2024-04-26 15:07:38,139][func.train][INFO] - [DATASET] video 8 label_list: torch.Size([1519])
[2024-04-26 15:07:38,282][func.train][INFO] - [DATASET] Sampling video_idx: 9 at 25 fps to 2702 frames
[2024-04-26 15:07:38,283][func.train][INFO] - [DATASET] video 9 label_list: torch.Size([2702])
[2024-04-26 15:07:38,528][func.train][INFO] - [DATASET] Sampling video_idx: 10 at 25 fps to 1749 frames
[2024-04-26 15:07:38,530][func.train][INFO] - [DATASET] video 10 label_list: torch.Size([1749])
[2024-04-26 15:07:38,745][func.train][INFO] - [DATASET] Sampling video_idx: 11 at 25 fps to 3220 frames
[2024-04-26 15:07:38,746][func.train][INFO] - [DATASET] video 11 label_list: torch.Size([3220])
[2024-04-26 15:07:38,966][func.train][INFO] - [DATASET] Sampling video_idx: 12 at 25 fps to 1090 frames
[2024-04-26 15:07:38,967][func.train][INFO] - [DATASET] video 12 label_list: torch.Size([1090])
[2024-04-26 15:07:39,165][func.train][INFO] - [DATASET] Sampling video_idx: 13 at 25 fps to 981 frames
[2024-04-26 15:07:39,166][func.train][INFO] - [DATASET] video 13 label_list: torch.Size([981])
[2024-04-26 15:07:39,366][func.train][INFO] - [DATASET] Sampling video_idx: 14 at 25 fps to 1708 frames
[2024-04-26 15:07:39,367][func.train][INFO] - [DATASET] video 14 label_list: torch.Size([1708])
[2024-04-26 15:07:39,580][func.train][INFO] - [DATASET] Sampling video_idx: 15 at 25 fps to 2058 frames
[2024-04-26 15:07:39,581][func.train][INFO] - [DATASET] video 15 label_list: torch.Size([2058])
[2024-04-26 15:07:39,805][func.train][INFO] - [DATASET] Sampling video_idx: 16 at 25 fps to 2957 frames
[2024-04-26 15:07:39,807][func.train][INFO] - [DATASET] video 16 label_list: torch.Size([2957])
[2024-04-26 15:07:40,035][func.train][INFO] - [DATASET] Sampling video_idx: 17 at 25 fps to 1304 frames
[2024-04-26 15:07:40,036][func.train][INFO] - [DATASET] video 17 label_list: torch.Size([1304])
[2024-04-26 15:07:40,244][func.train][INFO] - [DATASET] Sampling video_idx: 18 at 25 fps to 1942 frames
[2024-04-26 15:07:40,245][func.train][INFO] - [DATASET] video 18 label_list: torch.Size([1942])
[2024-04-26 15:07:40,494][func.train][INFO] - [DATASET] Sampling video_idx: 19 at 25 fps to 2424 frames
[2024-04-26 15:07:40,496][func.train][INFO] - [DATASET] video 19 label_list: torch.Size([2424])
[2024-04-26 15:07:40,720][func.train][INFO] - [DATASET] Sampling video_idx: 20 at 25 fps to 1449 frames
[2024-04-26 15:07:40,722][func.train][INFO] - [DATASET] video 20 label_list: torch.Size([1449])
[2024-04-26 15:07:40,924][func.train][INFO] - [DATASET] Sampling video_idx: 21 at 25 fps to 1258 frames
[2024-04-26 15:07:40,926][func.train][INFO] - [DATASET] video 21 label_list: torch.Size([1258])
[2024-04-26 15:07:41,137][func.train][INFO] - [DATASET] Sampling video_idx: 22 at 25 fps to 1532 frames
[2024-04-26 15:07:41,139][func.train][INFO] - [DATASET] video 22 label_list: torch.Size([1532])
[2024-04-26 15:07:41,367][func.train][INFO] - [DATASET] Sampling video_idx: 23 at 25 fps to 1635 frames
[2024-04-26 15:07:41,369][func.train][INFO] - [DATASET] video 23 label_list: torch.Size([1635])
[2024-04-26 15:07:41,576][func.train][INFO] - [DATASET] Sampling video_idx: 24 at 25 fps to 1975 frames
[2024-04-26 15:07:41,577][func.train][INFO] - [DATASET] video 24 label_list: torch.Size([1975])
[2024-04-26 15:07:41,793][func.train][INFO] - [DATASET] Sampling video_idx: 25 at 25 fps to 2129 frames
[2024-04-26 15:07:41,795][func.train][INFO] - [DATASET] video 25 label_list: torch.Size([2129])
[2024-04-26 15:07:42,020][func.train][INFO] - [DATASET] Sampling video_idx: 26 at 25 fps to 1773 frames
[2024-04-26 15:07:42,021][func.train][INFO] - [DATASET] video 26 label_list: torch.Size([1773])
[2024-04-26 15:07:42,243][func.train][INFO] - [DATASET] Sampling video_idx: 27 at 25 fps to 2084 frames
[2024-04-26 15:07:42,245][func.train][INFO] - [DATASET] video 27 label_list: torch.Size([2084])
[2024-04-26 15:07:42,448][func.train][INFO] - [DATASET] Sampling video_idx: 28 at 25 fps to 1199 frames
[2024-04-26 15:07:42,449][func.train][INFO] - [DATASET] video 28 label_list: torch.Size([1199])
[2024-04-26 15:07:42,675][func.train][INFO] - [DATASET] Sampling video_idx: 29 at 25 fps to 2350 frames
[2024-04-26 15:07:42,676][func.train][INFO] - [DATASET] video 29 label_list: torch.Size([2350])
[2024-04-26 15:07:42,902][func.train][INFO] - [DATASET] Sampling video_idx: 30 at 25 fps to 2925 frames
[2024-04-26 15:07:42,903][func.train][INFO] - [DATASET] video 30 label_list: torch.Size([2925])
[2024-04-26 15:07:43,130][func.train][INFO] - [DATASET] Sampling video_idx: 31 at 25 fps to 3945 frames
[2024-04-26 15:07:43,132][func.train][INFO] - [DATASET] video 31 label_list: torch.Size([3945])
[2024-04-26 15:07:43,336][func.train][INFO] - [DATASET] Sampling video_idx: 32 at 25 fps to 2116 frames
[2024-04-26 15:07:43,337][func.train][INFO] - [DATASET] video 32 label_list: torch.Size([2116])
[2024-04-26 15:07:43,491][func.train][INFO] - [DATASET] Sampling video_idx: 33 at 25 fps to 1307 frames
[2024-04-26 15:07:43,492][func.train][INFO] - [DATASET] video 33 label_list: torch.Size([1307])
[2024-04-26 15:07:43,629][func.train][INFO] - [DATASET] Sampling video_idx: 34 at 25 fps to 1323 frames
[2024-04-26 15:07:43,630][func.train][INFO] - [DATASET] video 34 label_list: torch.Size([1323])
[2024-04-26 15:07:43,846][func.train][INFO] - [DATASET] Sampling video_idx: 35 at 25 fps to 2106 frames
[2024-04-26 15:07:43,848][func.train][INFO] - [DATASET] video 35 label_list: torch.Size([2106])
[2024-04-26 15:07:44,048][func.train][INFO] - [DATASET] Sampling video_idx: 36 at 25 fps to 2387 frames
[2024-04-26 15:07:44,050][func.train][INFO] - [DATASET] video 36 label_list: torch.Size([2387])
[2024-04-26 15:07:44,257][func.train][INFO] - [DATASET] Sampling video_idx: 37 at 25 fps to 1232 frames
[2024-04-26 15:07:44,258][func.train][INFO] - [DATASET] video 37 label_list: torch.Size([1232])
[2024-04-26 15:07:44,485][func.train][INFO] - [DATASET] Sampling video_idx: 38 at 25 fps to 3080 frames
[2024-04-26 15:07:44,487][func.train][INFO] - [DATASET] video 38 label_list: torch.Size([3080])
[2024-04-26 15:07:44,700][func.train][INFO] - [DATASET] Sampling video_idx: 39 at 25 fps to 1647 frames
[2024-04-26 15:07:44,702][func.train][INFO] - [DATASET] video 39 label_list: torch.Size([1647])
[2024-04-26 15:07:44,922][func.train][INFO] - [DATASET] Sampling video_idx: 40 at 25 fps to 2222 frames
[2024-04-26 15:07:44,924][func.train][INFO] - [DATASET] video 40 label_list: torch.Size([2222])
[2024-04-26 15:07:45,005][func.train][INFO] - [DATASET] number of train videos: 40
[2024-04-26 15:07:45,005][func.train][INFO] - [DATASET] avg video length: 35.96 minutes
[2024-04-26 15:07:52,742][func.train][INFO] - [DATASET] classes_counts: {0: 93902, 1: 922150, 2: 183225, 3: 602975, 4: 92900, 5: 180478, 6: 82010}
[2024-04-26 15:07:52,746][func.train][INFO] - [DATASET] curr_class_weights: tensor([0.3342, 1.6821, 0.5112, 3.3171, 1.7077, 3.7575, 3.2818])
[2024-04-26 15:08:58,054][func.train][INFO] - [DATASET] test size: 77576
[2024-04-26 15:08:58,055][func.train][INFO] - [DATASET] test video_indices: [41]
[2024-04-26 15:08:58,085][func.train][INFO] - [DATASET] Sampling video_idx: 41 at 25 fps to 3103 frames
[2024-04-26 15:08:58,087][func.train][INFO] - [DATASET] video 41 label_list: torch.Size([3103])
[2024-04-26 15:08:58,223][func.train][INFO] - [DATASET] number of test videos: 1
[2024-04-26 15:08:58,224][func.train][INFO] - [DATASET] avg video length: 51.72 minutes
[2024-04-26 15:10:34,330][func.train][INFO] - [DATASET] test size: 92801
[2024-04-26 15:10:34,332][func.train][INFO] - [DATASET] test video_indices: [42]
[2024-04-26 15:10:34,365][func.train][INFO] - [DATASET] Sampling video_idx: 42 at 25 fps to 3712 frames
[2024-04-26 15:10:34,368][func.train][INFO] - [DATASET] video 42 label_list: torch.Size([3712])
[2024-04-26 15:10:34,420][func.train][INFO] - [DATASET] number of test videos: 1
[2024-04-26 15:10:34,421][func.train][INFO] - [DATASET] avg video length: 61.87 minutes
[2024-04-26 15:11:26,401][func.train][INFO] - [DATASET] test size: 59051
[2024-04-26 15:11:26,402][func.train][INFO] - [DATASET] test video_indices: [43]
[2024-04-26 15:11:26,432][func.train][INFO] - [DATASET] Sampling video_idx: 43 at 25 fps to 2362 frames
[2024-04-26 15:11:26,434][func.train][INFO] - [DATASET] video 43 label_list: torch.Size([2362])
[2024-04-26 15:11:26,451][func.train][INFO] - [DATASET] number of test videos: 1
[2024-04-26 15:11:26,452][func.train][INFO] - [DATASET] avg video length: 39.37 minutes
[2024-04-26 15:11:45,806][func.train][INFO] - [DATASET] test size: 78176
[2024-04-26 15:11:45,807][func.train][INFO] - [DATASET] test video_indices: [44]
[2024-04-26 15:11:45,851][func.train][INFO] - [DATASET] Sampling video_idx: 44 at 25 fps to 3127 frames
[2024-04-26 15:11:45,853][func.train][INFO] - [DATASET] video 44 label_list: torch.Size([3127])
[2024-04-26 15:11:45,880][func.train][INFO] - [DATASET] number of test videos: 1
[2024-04-26 15:11:45,880][func.train][INFO] - [DATASET] avg video length: 52.12 minutes
[2024-04-26 15:12:18,608][func.train][INFO] - [DATASET] test size: 84676
[2024-04-26 15:12:18,609][func.train][INFO] - [DATASET] test video_indices: [45]
[2024-04-26 15:12:18,641][func.train][INFO] - [DATASET] Sampling video_idx: 45 at 25 fps to 3387 frames
[2024-04-26 15:12:18,643][func.train][INFO] - [DATASET] video 45 label_list: torch.Size([3387])
[2024-04-26 15:12:18,666][func.train][INFO] - [DATASET] number of test videos: 1
[2024-04-26 15:12:18,667][func.train][INFO] - [DATASET] avg video length: 56.45 minutes
[2024-04-26 15:13:50,159][func.train][INFO] - [DATASET] test size: 41326
[2024-04-26 15:13:50,164][func.train][INFO] - [DATASET] test video_indices: [46]
[2024-04-26 15:13:50,189][func.train][INFO] - [DATASET] Sampling video_idx: 46 at 25 fps to 1653 frames
[2024-04-26 15:13:50,191][func.train][INFO] - [DATASET] video 46 label_list: torch.Size([1653])
[2024-04-26 15:13:50,236][func.train][INFO] - [DATASET] number of test videos: 1
[2024-04-26 15:13:50,237][func.train][INFO] - [DATASET] avg video length: 27.55 minutes
