[2024-08-13 11:05:28,154][func.train][INFO] - Dist info:
[2024-08-13 11:05:28,155][func.train][INFO] - torch version: 2.2.2+cu121
[2024-08-13 11:05:28,156][func.train][INFO] - torchvision version: 0.17.2+cu121
[2024-08-13 11:05:28,156][func.train][INFO] - hydra version: 1.3.2
[2024-08-13 11:05:28,162][func.train][INFO] - [MAIN] eval horizons for regression: [2, 3, 5, 18]
[2024-08-13 11:05:28,162][func.train][INFO] - Loading data
[2024-08-13 11:05:28,162][func.train][INFO] - Loading datasets
[2024-08-13 11:05:36,262][func.train][INFO] - [SELECT DATASET] ALL loaded dataframe in 0m 8s
[2024-08-13 11:05:36,262][func.train][INFO] - [SELECT DATASET] ALL loaded dataframe: (4612530, 11)
[2024-08-13 11:05:36,526][func.train][INFO] - [SELECT DATASET] labels are already starting from 0
[2024-08-13 11:05:37,804][func.train][INFO] - [SELECT DATASET] ALL unique classes: [0 1 2 3 4 5 6]
[2024-08-13 11:05:37,833][func.train][INFO] - [SELECT DATASET] aLL dataframe (head):                    image_path class  ... tool_Irrigator tool_SpecimenBag
0  video01/video01_000001.png     0  ...              0                0
1  video01/video01_000002.png     0  ...              0                0
2  video01/video01_000003.png     0  ...              0                0
3  video01/video01_000004.png     0  ...              0                0
4  video01/video01_000005.png     0  ...              0                0

[5 rows x 11 columns]
[2024-08-13 11:05:37,854][func.train][INFO] - [SELECT DATASET] ALL dataframe (tail):                          image_path class  ... tool_Irrigator tool_SpecimenBag
4612525  video80/video80_043097.png     6  ...              0                0
4612526  video80/video80_043098.png     6  ...              0                0
4612527  video80/video80_043099.png     6  ...              0                0
4612528  video80/video80_043100.png     6  ...              0                0
4612529  video80/video80_043101.png     6  ...              0                0

[5 rows x 11 columns]
[2024-08-13 11:05:37,855][func.train][INFO] - [DATASET] params: {'debug': False, 'dataset_name': 'cholec80', 'reduc_feats_folder': 'train_targets_x_mp/', 'num_classes': 7, 'num_next_labels': 6, 'last_seg_class': 7, 'predict_next_phase': True, 'get_target_feats': False, 'replace_current_with_next_class': False}
[2024-08-13 11:05:41,519][func.train][INFO] - [DATASET] df unique videos: [1 2 3 4 5 6 7 8 9 10 11 12 13 14 15 16 17 18 19 20 21 22 23 24 25 26 27
 28 29 30 31 32 33 34 35 36 37 38 39 40 41 42 43 44 45 46 47 48 49 50 51
 52 53 54 55 56 57 58 59 60 61 62 63 64 65 66 67 68 69 70 71 72 73 74 75
 76 77 78 79 80]
[2024-08-13 11:05:41,519][func.train][INFO] - [DATASET] split: train video_indices: [1, 2, 3, 4, 5, 6, 7, 8, 9, 10, 11, 12, 13, 14, 15, 16, 17, 18, 19, 20, 21, 22, 23, 24, 25, 26, 27, 28, 29, 30, 31, 32, 33, 34, 35, 36, 37, 38, 39, 40]
[2024-08-13 11:05:44,222][func.train][INFO] - [DATASET] train size: 2157640
[2024-08-13 11:05:44,223][func.train][INFO] - [DATASET] train video_indices: [1, 2, 3, 4, 5, 6, 7, 8, 9, 10, 11, 12, 13, 14, 15, 16, 17, 18, 19, 20, 21, 22, 23, 24, 25, 26, 27, 28, 29, 30, 31, 32, 33, 34, 35, 36, 37, 38, 39, 40]
[2024-08-13 11:05:44,223][func.train][INFO] - [DATASET] video_idx: 1
[2024-08-13 11:05:44,330][func.train][INFO] - [DATASET] Sampled video_idx: 1 at 25 fps to 1733 frames
[2024-08-13 11:05:44,333][func.train][INFO] - [DATASET] video 1 phase_labels: torch.Size([1733])
[2024-08-13 11:05:44,848][func.train][INFO] - [DATASET] gt_remaining_time h=2: torch.Size([1733, 8])
[2024-08-13 11:05:44,958][func.train][INFO] - [DATASET] gt_remaining_time h=3: torch.Size([1733, 8])
[2024-08-13 11:05:45,095][func.train][INFO] - [DATASET] gt_remaining_time h=5: torch.Size([1733, 8])
[2024-08-13 11:05:45,357][func.train][INFO] - [DATASET] gt_remaining_time h=18: torch.Size([1733, 8])
[2024-08-13 11:05:45,359][func.train][INFO] - 

[2024-08-13 11:05:45,359][func.train][INFO] - [DATASET] video_idx: 2
[2024-08-13 11:05:45,521][func.train][INFO] - [DATASET] Sampled video_idx: 2 at 25 fps to 2839 frames
[2024-08-13 11:05:45,522][func.train][INFO] - [DATASET] video 2 phase_labels: torch.Size([2839])
[2024-08-13 11:05:45,606][func.train][INFO] - [DATASET] gt_remaining_time h=2: torch.Size([2839, 8])
[2024-08-13 11:05:45,694][func.train][INFO] - [DATASET] gt_remaining_time h=3: torch.Size([2839, 8])
[2024-08-13 11:05:45,828][func.train][INFO] - [DATASET] gt_remaining_time h=5: torch.Size([2839, 8])
[2024-08-13 11:05:46,133][func.train][INFO] - [DATASET] gt_remaining_time h=18: torch.Size([2839, 8])
[2024-08-13 11:05:46,134][func.train][INFO] - 

[2024-08-13 11:05:46,134][func.train][INFO] - [DATASET] video_idx: 3
[2024-08-13 11:05:46,275][func.train][INFO] - [DATASET] Sampled video_idx: 3 at 25 fps to 5828 frames
[2024-08-13 11:05:46,276][func.train][INFO] - [DATASET] video 3 phase_labels: torch.Size([5828])
[2024-08-13 11:05:46,440][func.train][INFO] - [DATASET] gt_remaining_time h=2: torch.Size([5828, 8])
[2024-08-13 11:05:46,673][func.train][INFO] - [DATASET] gt_remaining_time h=3: torch.Size([5828, 8])
[2024-08-13 11:05:46,869][func.train][INFO] - [DATASET] gt_remaining_time h=5: torch.Size([5828, 8])
[2024-08-13 11:05:47,295][func.train][INFO] - [DATASET] gt_remaining_time h=18: torch.Size([5828, 8])
[2024-08-13 11:05:47,295][func.train][INFO] - 

[2024-08-13 11:05:47,295][func.train][INFO] - [DATASET] video_idx: 4
[2024-08-13 11:05:47,414][func.train][INFO] - [DATASET] Sampled video_idx: 4 at 25 fps to 1522 frames
[2024-08-13 11:05:47,415][func.train][INFO] - [DATASET] video 4 phase_labels: torch.Size([1522])
[2024-08-13 11:05:47,485][func.train][INFO] - [DATASET] gt_remaining_time h=2: torch.Size([1522, 8])
[2024-08-13 11:05:47,558][func.train][INFO] - [DATASET] gt_remaining_time h=3: torch.Size([1522, 8])
[2024-08-13 11:05:47,657][func.train][INFO] - [DATASET] gt_remaining_time h=5: torch.Size([1522, 8])
[2024-08-13 11:05:47,913][func.train][INFO] - [DATASET] gt_remaining_time h=18: torch.Size([1522, 8])
[2024-08-13 11:05:47,914][func.train][INFO] - 

[2024-08-13 11:05:47,914][func.train][INFO] - [DATASET] video_idx: 5
[2024-08-13 11:05:48,036][func.train][INFO] - [DATASET] Sampled video_idx: 5 at 25 fps to 2344 frames
[2024-08-13 11:05:48,037][func.train][INFO] - [DATASET] video 5 phase_labels: torch.Size([2344])
[2024-08-13 11:05:48,111][func.train][INFO] - [DATASET] gt_remaining_time h=2: torch.Size([2344, 8])
[2024-08-13 11:05:48,196][func.train][INFO] - [DATASET] gt_remaining_time h=3: torch.Size([2344, 8])
[2024-08-13 11:05:48,305][func.train][INFO] - [DATASET] gt_remaining_time h=5: torch.Size([2344, 8])
[2024-08-13 11:05:48,598][func.train][INFO] - [DATASET] gt_remaining_time h=18: torch.Size([2344, 8])
[2024-08-13 11:05:48,599][func.train][INFO] - 

[2024-08-13 11:05:48,600][func.train][INFO] - [DATASET] video_idx: 6
[2024-08-13 11:05:48,718][func.train][INFO] - [DATASET] Sampled video_idx: 6 at 25 fps to 2153 frames
[2024-08-13 11:05:48,719][func.train][INFO] - [DATASET] video 6 phase_labels: torch.Size([2153])
[2024-08-13 11:05:48,789][func.train][INFO] - [DATASET] gt_remaining_time h=2: torch.Size([2153, 8])
[2024-08-13 11:05:48,863][func.train][INFO] - [DATASET] gt_remaining_time h=3: torch.Size([2153, 8])
[2024-08-13 11:05:48,983][func.train][INFO] - [DATASET] gt_remaining_time h=5: torch.Size([2153, 8])
[2024-08-13 11:05:49,245][func.train][INFO] - [DATASET] gt_remaining_time h=18: torch.Size([2153, 8])
[2024-08-13 11:05:49,246][func.train][INFO] - 

[2024-08-13 11:05:49,247][func.train][INFO] - [DATASET] video_idx: 7
[2024-08-13 11:05:49,367][func.train][INFO] - [DATASET] Sampled video_idx: 7 at 25 fps to 4557 frames
[2024-08-13 11:05:49,368][func.train][INFO] - [DATASET] video 7 phase_labels: torch.Size([4557])
[2024-08-13 11:05:49,490][func.train][INFO] - [DATASET] gt_remaining_time h=2: torch.Size([4557, 8])
[2024-08-13 11:05:49,715][func.train][INFO] - [DATASET] gt_remaining_time h=3: torch.Size([4557, 8])
[2024-08-13 11:05:49,933][func.train][INFO] - [DATASET] gt_remaining_time h=5: torch.Size([4557, 8])
[2024-08-13 11:05:50,238][func.train][INFO] - [DATASET] gt_remaining_time h=18: torch.Size([4557, 8])
[2024-08-13 11:05:50,239][func.train][INFO] - 

[2024-08-13 11:05:50,239][func.train][INFO] - [DATASET] video_idx: 8
[2024-08-13 11:05:50,349][func.train][INFO] - [DATASET] Sampled video_idx: 8 at 25 fps to 1519 frames
[2024-08-13 11:05:50,350][func.train][INFO] - [DATASET] video 8 phase_labels: torch.Size([1519])
[2024-08-13 11:05:50,411][func.train][INFO] - [DATASET] gt_remaining_time h=2: torch.Size([1519, 8])
[2024-08-13 11:05:50,491][func.train][INFO] - [DATASET] gt_remaining_time h=3: torch.Size([1519, 8])
[2024-08-13 11:05:50,672][func.train][INFO] - [DATASET] gt_remaining_time h=5: torch.Size([1519, 8])
[2024-08-13 11:05:50,923][func.train][INFO] - [DATASET] gt_remaining_time h=18: torch.Size([1519, 8])
[2024-08-13 11:05:50,924][func.train][INFO] - 

[2024-08-13 11:05:50,925][func.train][INFO] - [DATASET] video_idx: 9
[2024-08-13 11:05:51,045][func.train][INFO] - [DATASET] Sampled video_idx: 9 at 25 fps to 2702 frames
[2024-08-13 11:05:51,047][func.train][INFO] - [DATASET] video 9 phase_labels: torch.Size([2702])
[2024-08-13 11:05:51,157][func.train][INFO] - [DATASET] gt_remaining_time h=2: torch.Size([2702, 8])
[2024-08-13 11:05:51,249][func.train][INFO] - [DATASET] gt_remaining_time h=3: torch.Size([2702, 8])
[2024-08-13 11:05:51,367][func.train][INFO] - [DATASET] gt_remaining_time h=5: torch.Size([2702, 8])
[2024-08-13 11:05:51,705][func.train][INFO] - [DATASET] gt_remaining_time h=18: torch.Size([2702, 8])
[2024-08-13 11:05:51,706][func.train][INFO] - 

[2024-08-13 11:05:51,706][func.train][INFO] - [DATASET] video_idx: 10
[2024-08-13 11:05:51,816][func.train][INFO] - [DATASET] Sampled video_idx: 10 at 25 fps to 1749 frames
[2024-08-13 11:05:51,817][func.train][INFO] - [DATASET] video 10 phase_labels: torch.Size([1749])
[2024-08-13 11:05:51,875][func.train][INFO] - [DATASET] gt_remaining_time h=2: torch.Size([1749, 8])
[2024-08-13 11:05:51,945][func.train][INFO] - [DATASET] gt_remaining_time h=3: torch.Size([1749, 8])
[2024-08-13 11:05:52,035][func.train][INFO] - [DATASET] gt_remaining_time h=5: torch.Size([1749, 8])
[2024-08-13 11:05:52,278][func.train][INFO] - [DATASET] gt_remaining_time h=18: torch.Size([1749, 8])
[2024-08-13 11:05:52,279][func.train][INFO] - 

[2024-08-13 11:05:52,279][func.train][INFO] - [DATASET] video_idx: 11
[2024-08-13 11:05:52,405][func.train][INFO] - [DATASET] Sampled video_idx: 11 at 25 fps to 3220 frames
[2024-08-13 11:05:52,406][func.train][INFO] - [DATASET] video 11 phase_labels: torch.Size([3220])
[2024-08-13 11:05:52,493][func.train][INFO] - [DATASET] gt_remaining_time h=2: torch.Size([3220, 8])
[2024-08-13 11:05:52,598][func.train][INFO] - [DATASET] gt_remaining_time h=3: torch.Size([3220, 8])
[2024-08-13 11:05:52,716][func.train][INFO] - [DATASET] gt_remaining_time h=5: torch.Size([3220, 8])
[2024-08-13 11:05:53,066][func.train][INFO] - [DATASET] gt_remaining_time h=18: torch.Size([3220, 8])
[2024-08-13 11:05:53,067][func.train][INFO] - 

[2024-08-13 11:05:53,067][func.train][INFO] - [DATASET] video_idx: 12
[2024-08-13 11:05:53,174][func.train][INFO] - [DATASET] Sampled video_idx: 12 at 25 fps to 1090 frames
[2024-08-13 11:05:53,175][func.train][INFO] - [DATASET] video 12 phase_labels: torch.Size([1090])
[2024-08-13 11:05:53,227][func.train][INFO] - [DATASET] gt_remaining_time h=2: torch.Size([1090, 8])
[2024-08-13 11:05:53,301][func.train][INFO] - [DATASET] gt_remaining_time h=3: torch.Size([1090, 8])
[2024-08-13 11:05:53,402][func.train][INFO] - [DATASET] gt_remaining_time h=5: torch.Size([1090, 8])
[2024-08-13 11:05:53,605][func.train][INFO] - [DATASET] gt_remaining_time h=18: torch.Size([1090, 8])
[2024-08-13 11:05:53,607][func.train][INFO] - 

[2024-08-13 11:05:53,607][func.train][INFO] - [DATASET] video_idx: 13
[2024-08-13 11:05:53,759][func.train][INFO] - [DATASET] Sampled video_idx: 13 at 25 fps to 981 frames
[2024-08-13 11:05:53,760][func.train][INFO] - [DATASET] video 13 phase_labels: torch.Size([981])
[2024-08-13 11:05:53,805][func.train][INFO] - [DATASET] gt_remaining_time h=2: torch.Size([981, 8])
[2024-08-13 11:05:53,860][func.train][INFO] - [DATASET] gt_remaining_time h=3: torch.Size([981, 8])
[2024-08-13 11:05:53,939][func.train][INFO] - [DATASET] gt_remaining_time h=5: torch.Size([981, 8])
[2024-08-13 11:05:54,107][func.train][INFO] - [DATASET] gt_remaining_time h=18: torch.Size([981, 8])
[2024-08-13 11:05:54,108][func.train][INFO] - 

[2024-08-13 11:05:54,108][func.train][INFO] - [DATASET] video_idx: 14
[2024-08-13 11:05:54,224][func.train][INFO] - [DATASET] Sampled video_idx: 14 at 25 fps to 1708 frames
[2024-08-13 11:05:54,226][func.train][INFO] - [DATASET] video 14 phase_labels: torch.Size([1708])
[2024-08-13 11:05:54,337][func.train][INFO] - [DATASET] gt_remaining_time h=2: torch.Size([1708, 8])
[2024-08-13 11:05:54,429][func.train][INFO] - [DATASET] gt_remaining_time h=3: torch.Size([1708, 8])
[2024-08-13 11:05:54,515][func.train][INFO] - [DATASET] gt_remaining_time h=5: torch.Size([1708, 8])
[2024-08-13 11:05:54,717][func.train][INFO] - [DATASET] gt_remaining_time h=18: torch.Size([1708, 8])
[2024-08-13 11:05:54,718][func.train][INFO] - 

[2024-08-13 11:05:54,718][func.train][INFO] - [DATASET] video_idx: 15
[2024-08-13 11:05:54,825][func.train][INFO] - [DATASET] Sampled video_idx: 15 at 25 fps to 2058 frames
[2024-08-13 11:05:54,826][func.train][INFO] - [DATASET] video 15 phase_labels: torch.Size([2058])
[2024-08-13 11:05:54,892][func.train][INFO] - [DATASET] gt_remaining_time h=2: torch.Size([2058, 8])
[2024-08-13 11:05:54,962][func.train][INFO] - [DATASET] gt_remaining_time h=3: torch.Size([2058, 8])
[2024-08-13 11:05:55,056][func.train][INFO] - [DATASET] gt_remaining_time h=5: torch.Size([2058, 8])
[2024-08-13 11:05:55,265][func.train][INFO] - [DATASET] gt_remaining_time h=18: torch.Size([2058, 8])
[2024-08-13 11:05:55,266][func.train][INFO] - 

[2024-08-13 11:05:55,266][func.train][INFO] - [DATASET] video_idx: 16
[2024-08-13 11:05:55,379][func.train][INFO] - [DATASET] Sampled video_idx: 16 at 25 fps to 2957 frames
[2024-08-13 11:05:55,380][func.train][INFO] - [DATASET] video 16 phase_labels: torch.Size([2957])
[2024-08-13 11:05:55,460][func.train][INFO] - [DATASET] gt_remaining_time h=2: torch.Size([2957, 8])
[2024-08-13 11:05:55,541][func.train][INFO] - [DATASET] gt_remaining_time h=3: torch.Size([2957, 8])
[2024-08-13 11:05:55,649][func.train][INFO] - [DATASET] gt_remaining_time h=5: torch.Size([2957, 8])
[2024-08-13 11:05:55,905][func.train][INFO] - [DATASET] gt_remaining_time h=18: torch.Size([2957, 8])
[2024-08-13 11:05:55,906][func.train][INFO] - 

[2024-08-13 11:05:55,906][func.train][INFO] - [DATASET] video_idx: 17
[2024-08-13 11:05:56,010][func.train][INFO] - [DATASET] Sampled video_idx: 17 at 25 fps to 1304 frames
[2024-08-13 11:05:56,010][func.train][INFO] - [DATASET] video 17 phase_labels: torch.Size([1304])
[2024-08-13 11:05:56,063][func.train][INFO] - [DATASET] gt_remaining_time h=2: torch.Size([1304, 8])
[2024-08-13 11:05:56,122][func.train][INFO] - [DATASET] gt_remaining_time h=3: torch.Size([1304, 8])
[2024-08-13 11:05:56,204][func.train][INFO] - [DATASET] gt_remaining_time h=5: torch.Size([1304, 8])
[2024-08-13 11:05:56,404][func.train][INFO] - [DATASET] gt_remaining_time h=18: torch.Size([1304, 8])
[2024-08-13 11:05:56,405][func.train][INFO] - 

[2024-08-13 11:05:56,405][func.train][INFO] - [DATASET] video_idx: 18
[2024-08-13 11:05:56,514][func.train][INFO] - [DATASET] Sampled video_idx: 18 at 25 fps to 1942 frames
[2024-08-13 11:05:56,514][func.train][INFO] - [DATASET] video 18 phase_labels: torch.Size([1942])
[2024-08-13 11:05:56,575][func.train][INFO] - [DATASET] gt_remaining_time h=2: torch.Size([1942, 8])
[2024-08-13 11:05:56,641][func.train][INFO] - [DATASET] gt_remaining_time h=3: torch.Size([1942, 8])
[2024-08-13 11:05:56,735][func.train][INFO] - [DATASET] gt_remaining_time h=5: torch.Size([1942, 8])
[2024-08-13 11:05:56,981][func.train][INFO] - [DATASET] gt_remaining_time h=18: torch.Size([1942, 8])
[2024-08-13 11:05:56,982][func.train][INFO] - 

[2024-08-13 11:05:56,983][func.train][INFO] - [DATASET] video_idx: 19
[2024-08-13 11:05:57,161][func.train][INFO] - [DATASET] Sampled video_idx: 19 at 25 fps to 2424 frames
[2024-08-13 11:05:57,162][func.train][INFO] - [DATASET] video 19 phase_labels: torch.Size([2424])
[2024-08-13 11:05:57,267][func.train][INFO] - [DATASET] gt_remaining_time h=2: torch.Size([2424, 8])
[2024-08-13 11:05:57,342][func.train][INFO] - [DATASET] gt_remaining_time h=3: torch.Size([2424, 8])
[2024-08-13 11:05:57,441][func.train][INFO] - [DATASET] gt_remaining_time h=5: torch.Size([2424, 8])
[2024-08-13 11:05:57,706][func.train][INFO] - [DATASET] gt_remaining_time h=18: torch.Size([2424, 8])
[2024-08-13 11:05:57,707][func.train][INFO] - 

[2024-08-13 11:05:57,707][func.train][INFO] - [DATASET] video_idx: 20
[2024-08-13 11:05:57,822][func.train][INFO] - [DATASET] Sampled video_idx: 20 at 25 fps to 1449 frames
[2024-08-13 11:05:57,823][func.train][INFO] - [DATASET] video 20 phase_labels: torch.Size([1449])
[2024-08-13 11:05:57,884][func.train][INFO] - [DATASET] gt_remaining_time h=2: torch.Size([1449, 8])
[2024-08-13 11:05:57,949][func.train][INFO] - [DATASET] gt_remaining_time h=3: torch.Size([1449, 8])
[2024-08-13 11:05:58,036][func.train][INFO] - [DATASET] gt_remaining_time h=5: torch.Size([1449, 8])
[2024-08-13 11:05:58,327][func.train][INFO] - [DATASET] gt_remaining_time h=18: torch.Size([1449, 8])
[2024-08-13 11:05:58,328][func.train][INFO] - 

[2024-08-13 11:05:58,329][func.train][INFO] - [DATASET] video_idx: 21
[2024-08-13 11:05:58,437][func.train][INFO] - [DATASET] Sampled video_idx: 21 at 25 fps to 1258 frames
[2024-08-13 11:05:58,437][func.train][INFO] - [DATASET] video 21 phase_labels: torch.Size([1258])
[2024-08-13 11:05:58,489][func.train][INFO] - [DATASET] gt_remaining_time h=2: torch.Size([1258, 8])
[2024-08-13 11:05:58,546][func.train][INFO] - [DATASET] gt_remaining_time h=3: torch.Size([1258, 8])
[2024-08-13 11:05:58,624][func.train][INFO] - [DATASET] gt_remaining_time h=5: torch.Size([1258, 8])
[2024-08-13 11:05:58,875][func.train][INFO] - [DATASET] gt_remaining_time h=18: torch.Size([1258, 8])
[2024-08-13 11:05:58,877][func.train][INFO] - 

[2024-08-13 11:05:58,877][func.train][INFO] - [DATASET] video_idx: 22
[2024-08-13 11:05:58,988][func.train][INFO] - [DATASET] Sampled video_idx: 22 at 25 fps to 1532 frames
[2024-08-13 11:05:58,989][func.train][INFO] - [DATASET] video 22 phase_labels: torch.Size([1532])
[2024-08-13 11:05:59,072][func.train][INFO] - [DATASET] gt_remaining_time h=2: torch.Size([1532, 8])
[2024-08-13 11:05:59,155][func.train][INFO] - [DATASET] gt_remaining_time h=3: torch.Size([1532, 8])
[2024-08-13 11:05:59,251][func.train][INFO] - [DATASET] gt_remaining_time h=5: torch.Size([1532, 8])
[2024-08-13 11:05:59,472][func.train][INFO] - [DATASET] gt_remaining_time h=18: torch.Size([1532, 8])
[2024-08-13 11:05:59,473][func.train][INFO] - 

[2024-08-13 11:05:59,473][func.train][INFO] - [DATASET] video_idx: 23
[2024-08-13 11:05:59,588][func.train][INFO] - [DATASET] Sampled video_idx: 23 at 25 fps to 1635 frames
[2024-08-13 11:05:59,589][func.train][INFO] - [DATASET] video 23 phase_labels: torch.Size([1635])
[2024-08-13 11:05:59,762][func.train][INFO] - [DATASET] gt_remaining_time h=2: torch.Size([1635, 8])
[2024-08-13 11:05:59,872][func.train][INFO] - [DATASET] gt_remaining_time h=3: torch.Size([1635, 8])
[2024-08-13 11:05:59,961][func.train][INFO] - [DATASET] gt_remaining_time h=5: torch.Size([1635, 8])
[2024-08-13 11:06:00,182][func.train][INFO] - [DATASET] gt_remaining_time h=18: torch.Size([1635, 8])
[2024-08-13 11:06:00,183][func.train][INFO] - 

[2024-08-13 11:06:00,183][func.train][INFO] - [DATASET] video_idx: 24
[2024-08-13 11:06:00,295][func.train][INFO] - [DATASET] Sampled video_idx: 24 at 25 fps to 1975 frames
[2024-08-13 11:06:00,296][func.train][INFO] - [DATASET] video 24 phase_labels: torch.Size([1975])
[2024-08-13 11:06:00,383][func.train][INFO] - [DATASET] gt_remaining_time h=2: torch.Size([1975, 8])
[2024-08-13 11:06:00,459][func.train][INFO] - [DATASET] gt_remaining_time h=3: torch.Size([1975, 8])
[2024-08-13 11:06:00,562][func.train][INFO] - [DATASET] gt_remaining_time h=5: torch.Size([1975, 8])
[2024-08-13 11:06:00,815][func.train][INFO] - [DATASET] gt_remaining_time h=18: torch.Size([1975, 8])
[2024-08-13 11:06:00,816][func.train][INFO] - 

[2024-08-13 11:06:00,816][func.train][INFO] - [DATASET] video_idx: 25
[2024-08-13 11:06:00,930][func.train][INFO] - [DATASET] Sampled video_idx: 25 at 25 fps to 2129 frames
[2024-08-13 11:06:00,931][func.train][INFO] - [DATASET] video 25 phase_labels: torch.Size([2129])
[2024-08-13 11:06:01,016][func.train][INFO] - [DATASET] gt_remaining_time h=2: torch.Size([2129, 8])
[2024-08-13 11:06:01,132][func.train][INFO] - [DATASET] gt_remaining_time h=3: torch.Size([2129, 8])
[2024-08-13 11:06:01,237][func.train][INFO] - [DATASET] gt_remaining_time h=5: torch.Size([2129, 8])
[2024-08-13 11:06:01,476][func.train][INFO] - [DATASET] gt_remaining_time h=18: torch.Size([2129, 8])
[2024-08-13 11:06:01,477][func.train][INFO] - 

[2024-08-13 11:06:01,477][func.train][INFO] - [DATASET] video_idx: 26
[2024-08-13 11:06:01,586][func.train][INFO] - [DATASET] Sampled video_idx: 26 at 25 fps to 1773 frames
[2024-08-13 11:06:01,587][func.train][INFO] - [DATASET] video 26 phase_labels: torch.Size([1773])
[2024-08-13 11:06:01,658][func.train][INFO] - [DATASET] gt_remaining_time h=2: torch.Size([1773, 8])
[2024-08-13 11:06:01,727][func.train][INFO] - [DATASET] gt_remaining_time h=3: torch.Size([1773, 8])
[2024-08-13 11:06:01,831][func.train][INFO] - [DATASET] gt_remaining_time h=5: torch.Size([1773, 8])
[2024-08-13 11:06:02,096][func.train][INFO] - [DATASET] gt_remaining_time h=18: torch.Size([1773, 8])
[2024-08-13 11:06:02,097][func.train][INFO] - 

[2024-08-13 11:06:02,097][func.train][INFO] - [DATASET] video_idx: 27
[2024-08-13 11:06:02,214][func.train][INFO] - [DATASET] Sampled video_idx: 27 at 25 fps to 2084 frames
[2024-08-13 11:06:02,214][func.train][INFO] - [DATASET] video 27 phase_labels: torch.Size([2084])
[2024-08-13 11:06:02,301][func.train][INFO] - [DATASET] gt_remaining_time h=2: torch.Size([2084, 8])
[2024-08-13 11:06:02,383][func.train][INFO] - [DATASET] gt_remaining_time h=3: torch.Size([2084, 8])
[2024-08-13 11:06:02,479][func.train][INFO] - [DATASET] gt_remaining_time h=5: torch.Size([2084, 8])
[2024-08-13 11:06:02,730][func.train][INFO] - [DATASET] gt_remaining_time h=18: torch.Size([2084, 8])
[2024-08-13 11:06:02,731][func.train][INFO] - 

[2024-08-13 11:06:02,732][func.train][INFO] - [DATASET] video_idx: 28
[2024-08-13 11:06:02,850][func.train][INFO] - [DATASET] Sampled video_idx: 28 at 25 fps to 1199 frames
[2024-08-13 11:06:02,851][func.train][INFO] - [DATASET] video 28 phase_labels: torch.Size([1199])
[2024-08-13 11:06:02,915][func.train][INFO] - [DATASET] gt_remaining_time h=2: torch.Size([1199, 8])
[2024-08-13 11:06:02,982][func.train][INFO] - [DATASET] gt_remaining_time h=3: torch.Size([1199, 8])
[2024-08-13 11:06:03,083][func.train][INFO] - [DATASET] gt_remaining_time h=5: torch.Size([1199, 8])
[2024-08-13 11:06:03,333][func.train][INFO] - [DATASET] gt_remaining_time h=18: torch.Size([1199, 8])
[2024-08-13 11:06:03,335][func.train][INFO] - 

[2024-08-13 11:06:03,335][func.train][INFO] - [DATASET] video_idx: 29
[2024-08-13 11:06:03,459][func.train][INFO] - [DATASET] Sampled video_idx: 29 at 25 fps to 2350 frames
[2024-08-13 11:06:03,461][func.train][INFO] - [DATASET] video 29 phase_labels: torch.Size([2350])
[2024-08-13 11:06:03,546][func.train][INFO] - [DATASET] gt_remaining_time h=2: torch.Size([2350, 8])
[2024-08-13 11:06:03,620][func.train][INFO] - [DATASET] gt_remaining_time h=3: torch.Size([2350, 8])
[2024-08-13 11:06:03,730][func.train][INFO] - [DATASET] gt_remaining_time h=5: torch.Size([2350, 8])
[2024-08-13 11:06:03,968][func.train][INFO] - [DATASET] gt_remaining_time h=18: torch.Size([2350, 8])
[2024-08-13 11:06:03,969][func.train][INFO] - 

[2024-08-13 11:06:03,969][func.train][INFO] - [DATASET] video_idx: 30
[2024-08-13 11:06:04,085][func.train][INFO] - [DATASET] Sampled video_idx: 30 at 25 fps to 2925 frames
[2024-08-13 11:06:04,086][func.train][INFO] - [DATASET] video 30 phase_labels: torch.Size([2925])
[2024-08-13 11:06:04,186][func.train][INFO] - [DATASET] gt_remaining_time h=2: torch.Size([2925, 8])
[2024-08-13 11:06:04,275][func.train][INFO] - [DATASET] gt_remaining_time h=3: torch.Size([2925, 8])
[2024-08-13 11:06:04,388][func.train][INFO] - [DATASET] gt_remaining_time h=5: torch.Size([2925, 8])
[2024-08-13 11:06:04,650][func.train][INFO] - [DATASET] gt_remaining_time h=18: torch.Size([2925, 8])
[2024-08-13 11:06:04,651][func.train][INFO] - 

[2024-08-13 11:06:04,651][func.train][INFO] - [DATASET] video_idx: 31
[2024-08-13 11:06:04,777][func.train][INFO] - [DATASET] Sampled video_idx: 31 at 25 fps to 3945 frames
[2024-08-13 11:06:04,778][func.train][INFO] - [DATASET] video 31 phase_labels: torch.Size([3945])
[2024-08-13 11:06:04,881][func.train][INFO] - [DATASET] gt_remaining_time h=2: torch.Size([3945, 8])
[2024-08-13 11:06:04,985][func.train][INFO] - [DATASET] gt_remaining_time h=3: torch.Size([3945, 8])
[2024-08-13 11:06:05,111][func.train][INFO] - [DATASET] gt_remaining_time h=5: torch.Size([3945, 8])
[2024-08-13 11:06:05,429][func.train][INFO] - [DATASET] gt_remaining_time h=18: torch.Size([3945, 8])
[2024-08-13 11:06:05,430][func.train][INFO] - 

[2024-08-13 11:06:05,431][func.train][INFO] - [DATASET] video_idx: 32
[2024-08-13 11:06:05,538][func.train][INFO] - [DATASET] Sampled video_idx: 32 at 25 fps to 2116 frames
[2024-08-13 11:06:05,539][func.train][INFO] - [DATASET] video 32 phase_labels: torch.Size([2116])
[2024-08-13 11:06:05,602][func.train][INFO] - [DATASET] gt_remaining_time h=2: torch.Size([2116, 8])
[2024-08-13 11:06:05,668][func.train][INFO] - [DATASET] gt_remaining_time h=3: torch.Size([2116, 8])
[2024-08-13 11:06:05,758][func.train][INFO] - [DATASET] gt_remaining_time h=5: torch.Size([2116, 8])
[2024-08-13 11:06:05,996][func.train][INFO] - [DATASET] gt_remaining_time h=18: torch.Size([2116, 8])
[2024-08-13 11:06:05,997][func.train][INFO] - 

[2024-08-13 11:06:05,997][func.train][INFO] - [DATASET] video_idx: 33
[2024-08-13 11:06:06,100][func.train][INFO] - [DATASET] Sampled video_idx: 33 at 25 fps to 1307 frames
[2024-08-13 11:06:06,101][func.train][INFO] - [DATASET] video 33 phase_labels: torch.Size([1307])
[2024-08-13 11:06:06,149][func.train][INFO] - [DATASET] gt_remaining_time h=2: torch.Size([1307, 8])
[2024-08-13 11:06:06,204][func.train][INFO] - [DATASET] gt_remaining_time h=3: torch.Size([1307, 8])
[2024-08-13 11:06:06,284][func.train][INFO] - [DATASET] gt_remaining_time h=5: torch.Size([1307, 8])
[2024-08-13 11:06:06,461][func.train][INFO] - [DATASET] gt_remaining_time h=18: torch.Size([1307, 8])
[2024-08-13 11:06:06,462][func.train][INFO] - 

[2024-08-13 11:06:06,463][func.train][INFO] - [DATASET] video_idx: 34
[2024-08-13 11:06:06,594][func.train][INFO] - [DATASET] Sampled video_idx: 34 at 25 fps to 1323 frames
[2024-08-13 11:06:06,595][func.train][INFO] - [DATASET] video 34 phase_labels: torch.Size([1323])
[2024-08-13 11:06:06,668][func.train][INFO] - [DATASET] gt_remaining_time h=2: torch.Size([1323, 8])
[2024-08-13 11:06:06,740][func.train][INFO] - [DATASET] gt_remaining_time h=3: torch.Size([1323, 8])
[2024-08-13 11:06:06,825][func.train][INFO] - [DATASET] gt_remaining_time h=5: torch.Size([1323, 8])
[2024-08-13 11:06:07,021][func.train][INFO] - [DATASET] gt_remaining_time h=18: torch.Size([1323, 8])
[2024-08-13 11:06:07,022][func.train][INFO] - 

[2024-08-13 11:06:07,022][func.train][INFO] - [DATASET] video_idx: 35
[2024-08-13 11:06:07,145][func.train][INFO] - [DATASET] Sampled video_idx: 35 at 25 fps to 2106 frames
[2024-08-13 11:06:07,146][func.train][INFO] - [DATASET] video 35 phase_labels: torch.Size([2106])
[2024-08-13 11:06:07,248][func.train][INFO] - [DATASET] gt_remaining_time h=2: torch.Size([2106, 8])
[2024-08-13 11:06:07,319][func.train][INFO] - [DATASET] gt_remaining_time h=3: torch.Size([2106, 8])
[2024-08-13 11:06:07,426][func.train][INFO] - [DATASET] gt_remaining_time h=5: torch.Size([2106, 8])
[2024-08-13 11:06:07,694][func.train][INFO] - [DATASET] gt_remaining_time h=18: torch.Size([2106, 8])
[2024-08-13 11:06:07,695][func.train][INFO] - 

[2024-08-13 11:06:07,695][func.train][INFO] - [DATASET] video_idx: 36
[2024-08-13 11:06:07,804][func.train][INFO] - [DATASET] Sampled video_idx: 36 at 25 fps to 2387 frames
[2024-08-13 11:06:07,805][func.train][INFO] - [DATASET] video 36 phase_labels: torch.Size([2387])
[2024-08-13 11:06:07,900][func.train][INFO] - [DATASET] gt_remaining_time h=2: torch.Size([2387, 8])
[2024-08-13 11:06:07,979][func.train][INFO] - [DATASET] gt_remaining_time h=3: torch.Size([2387, 8])
[2024-08-13 11:06:08,087][func.train][INFO] - [DATASET] gt_remaining_time h=5: torch.Size([2387, 8])
[2024-08-13 11:06:08,356][func.train][INFO] - [DATASET] gt_remaining_time h=18: torch.Size([2387, 8])
[2024-08-13 11:06:08,357][func.train][INFO] - 

[2024-08-13 11:06:08,357][func.train][INFO] - [DATASET] video_idx: 37
[2024-08-13 11:06:08,461][func.train][INFO] - [DATASET] Sampled video_idx: 37 at 25 fps to 1232 frames
[2024-08-13 11:06:08,461][func.train][INFO] - [DATASET] video 37 phase_labels: torch.Size([1232])
[2024-08-13 11:06:08,528][func.train][INFO] - [DATASET] gt_remaining_time h=2: torch.Size([1232, 8])
[2024-08-13 11:06:08,588][func.train][INFO] - [DATASET] gt_remaining_time h=3: torch.Size([1232, 8])
[2024-08-13 11:06:08,674][func.train][INFO] - [DATASET] gt_remaining_time h=5: torch.Size([1232, 8])
[2024-08-13 11:06:08,895][func.train][INFO] - [DATASET] gt_remaining_time h=18: torch.Size([1232, 8])
[2024-08-13 11:06:08,896][func.train][INFO] - 

[2024-08-13 11:06:08,896][func.train][INFO] - [DATASET] video_idx: 38
[2024-08-13 11:06:09,015][func.train][INFO] - [DATASET] Sampled video_idx: 38 at 25 fps to 3080 frames
[2024-08-13 11:06:09,016][func.train][INFO] - [DATASET] video 38 phase_labels: torch.Size([3080])
[2024-08-13 11:06:09,148][func.train][INFO] - [DATASET] gt_remaining_time h=2: torch.Size([3080, 8])
[2024-08-13 11:06:09,230][func.train][INFO] - [DATASET] gt_remaining_time h=3: torch.Size([3080, 8])
[2024-08-13 11:06:09,339][func.train][INFO] - [DATASET] gt_remaining_time h=5: torch.Size([3080, 8])
[2024-08-13 11:06:09,606][func.train][INFO] - [DATASET] gt_remaining_time h=18: torch.Size([3080, 8])
[2024-08-13 11:06:09,607][func.train][INFO] - 

[2024-08-13 11:06:09,607][func.train][INFO] - [DATASET] video_idx: 39
[2024-08-13 11:06:09,715][func.train][INFO] - [DATASET] Sampled video_idx: 39 at 25 fps to 1647 frames
[2024-08-13 11:06:09,716][func.train][INFO] - [DATASET] video 39 phase_labels: torch.Size([1647])
[2024-08-13 11:06:09,778][func.train][INFO] - [DATASET] gt_remaining_time h=2: torch.Size([1647, 8])
[2024-08-13 11:06:09,844][func.train][INFO] - [DATASET] gt_remaining_time h=3: torch.Size([1647, 8])
[2024-08-13 11:06:09,933][func.train][INFO] - [DATASET] gt_remaining_time h=5: torch.Size([1647, 8])
[2024-08-13 11:06:10,178][func.train][INFO] - [DATASET] gt_remaining_time h=18: torch.Size([1647, 8])
[2024-08-13 11:06:10,179][func.train][INFO] - 

[2024-08-13 11:06:10,179][func.train][INFO] - [DATASET] video_idx: 40
[2024-08-13 11:06:10,293][func.train][INFO] - [DATASET] Sampled video_idx: 40 at 25 fps to 2222 frames
[2024-08-13 11:06:10,294][func.train][INFO] - [DATASET] video 40 phase_labels: torch.Size([2222])
[2024-08-13 11:06:10,372][func.train][INFO] - [DATASET] gt_remaining_time h=2: torch.Size([2222, 8])
[2024-08-13 11:06:10,456][func.train][INFO] - [DATASET] gt_remaining_time h=3: torch.Size([2222, 8])
[2024-08-13 11:06:10,569][func.train][INFO] - [DATASET] gt_remaining_time h=5: torch.Size([2222, 8])
[2024-08-13 11:06:10,842][func.train][INFO] - [DATASET] gt_remaining_time h=18: torch.Size([2222, 8])
[2024-08-13 11:06:10,843][func.train][INFO] - 

[2024-08-13 11:06:10,844][func.train][INFO] - [DATASET] number of train videos: 40
[2024-08-13 11:06:10,844][func.train][INFO] - [DATASET] avg video length: 35.96 minutes
[2024-08-13 11:06:10,863][func.train][INFO] - [DATASET] num classes at 1fps in train: (86304,)
[2024-08-13 11:06:10,866][func.train][INFO] - [DATASET] classes_counts_dict: {0: 3756, 1: 36886, 2: 7329, 3: 24119, 4: 3716, 5: 7219, 6: 3279}
[2024-08-13 11:06:10,868][func.train][INFO] - [DATASET] curr_class_weights: tensor([3.2825, 0.3342, 1.6822, 0.5112, 3.3179, 1.7079, 3.7600])
[2024-08-13 11:06:10,868][func.train][INFO] - [DATASET] num_eos_vals: 12329.142857142857
[2024-08-13 11:06:10,869][func.train][INFO] - [DATASET] classes_counts_dict: {0: 3756, 1: 36886, 2: 7329, 3: 24119, 4: 3716, 5: 7219, 6: 3279, 7: 12329}
[2024-08-13 11:06:10,869][func.train][INFO] - [DATASET] next_class_weights: tensor([3.2825, 0.3342, 1.6822, 0.5112, 3.3178, 1.7079, 3.7600, 1.0000])
[2024-08-13 11:06:31,487][func.train][INFO] - [DATASET] df unique videos: [1 2 3 4 5 6 7 8 9 10 11 12 13 14 15 16 17 18 19 20 21 22 23 24 25 26 27
 28 29 30 31 32 33 34 35 36 37 38 39 40 41 42 43 44 45 46 47 48 49 50 51
 52 53 54 55 56 57 58 59 60 61 62 63 64 65 66 67 68 69 70 71 72 73 74 75
 76 77 78 79 80]
[2024-08-13 11:06:31,488][func.train][INFO] - [DATASET] split: test video_indices: [41]
[2024-08-13 11:06:31,610][func.train][INFO] - [DATASET] test size: 77576
[2024-08-13 11:06:31,610][func.train][INFO] - [DATASET] test video_indices: [41]
[2024-08-13 11:06:31,611][func.train][INFO] - [DATASET] video_idx: 41
[2024-08-13 11:06:31,632][func.train][INFO] - [DATASET] Sampled video_idx: 41 at 25 fps to 3103 frames
[2024-08-13 11:06:31,633][func.train][INFO] - [DATASET] video 41 phase_labels: torch.Size([3103])
[2024-08-13 11:06:31,724][func.train][INFO] - [DATASET] gt_remaining_time h=2: torch.Size([3103, 8])
[2024-08-13 11:06:31,815][func.train][INFO] - [DATASET] gt_remaining_time h=3: torch.Size([3103, 8])
[2024-08-13 11:06:31,952][func.train][INFO] - [DATASET] gt_remaining_time h=5: torch.Size([3103, 8])
[2024-08-13 11:06:32,246][func.train][INFO] - [DATASET] gt_remaining_time h=18: torch.Size([3103, 8])
[2024-08-13 11:06:32,247][func.train][INFO] - 

[2024-08-13 11:06:32,247][func.train][INFO] - [DATASET] number of test videos: 1
[2024-08-13 11:06:32,247][func.train][INFO] - [DATASET] avg video length: 51.72 minutes
[2024-08-13 11:06:58,414][func.train][INFO] - [DATASET] df unique videos: [1 2 3 4 5 6 7 8 9 10 11 12 13 14 15 16 17 18 19 20 21 22 23 24 25 26 27
 28 29 30 31 32 33 34 35 36 37 38 39 40 41 42 43 44 45 46 47 48 49 50 51
 52 53 54 55 56 57 58 59 60 61 62 63 64 65 66 67 68 69 70 71 72 73 74 75
 76 77 78 79 80]
[2024-08-13 11:06:58,414][func.train][INFO] - [DATASET] split: test video_indices: [42]
[2024-08-13 11:06:58,549][func.train][INFO] - [DATASET] test size: 92801
[2024-08-13 11:06:58,549][func.train][INFO] - [DATASET] test video_indices: [42]
[2024-08-13 11:06:58,549][func.train][INFO] - [DATASET] video_idx: 42
[2024-08-13 11:06:58,579][func.train][INFO] - [DATASET] Sampled video_idx: 42 at 25 fps to 3712 frames
[2024-08-13 11:06:58,581][func.train][INFO] - [DATASET] video 42 phase_labels: torch.Size([3712])
[2024-08-13 11:06:58,742][func.train][INFO] - [DATASET] gt_remaining_time h=2: torch.Size([3712, 8])
[2024-08-13 11:06:58,871][func.train][INFO] - [DATASET] gt_remaining_time h=3: torch.Size([3712, 8])
[2024-08-13 11:06:59,099][func.train][INFO] - [DATASET] gt_remaining_time h=5: torch.Size([3712, 8])
[2024-08-13 11:06:59,533][func.train][INFO] - [DATASET] gt_remaining_time h=18: torch.Size([3712, 8])
[2024-08-13 11:06:59,535][func.train][INFO] - 

[2024-08-13 11:06:59,535][func.train][INFO] - [DATASET] number of test videos: 1
[2024-08-13 11:06:59,536][func.train][INFO] - [DATASET] avg video length: 61.87 minutes
[2024-08-13 11:07:16,428][func.train][INFO] - [DATASET] df unique videos: [1 2 3 4 5 6 7 8 9 10 11 12 13 14 15 16 17 18 19 20 21 22 23 24 25 26 27
 28 29 30 31 32 33 34 35 36 37 38 39 40 41 42 43 44 45 46 47 48 49 50 51
 52 53 54 55 56 57 58 59 60 61 62 63 64 65 66 67 68 69 70 71 72 73 74 75
 76 77 78 79 80]
[2024-08-13 11:07:16,428][func.train][INFO] - [DATASET] split: test video_indices: [43]
[2024-08-13 11:07:16,528][func.train][INFO] - [DATASET] test size: 59051
[2024-08-13 11:07:16,529][func.train][INFO] - [DATASET] test video_indices: [43]
[2024-08-13 11:07:16,529][func.train][INFO] - [DATASET] video_idx: 43
[2024-08-13 11:07:16,543][func.train][INFO] - [DATASET] Sampled video_idx: 43 at 25 fps to 2362 frames
[2024-08-13 11:07:16,544][func.train][INFO] - [DATASET] video 43 phase_labels: torch.Size([2362])
[2024-08-13 11:07:16,620][func.train][INFO] - [DATASET] gt_remaining_time h=2: torch.Size([2362, 8])
[2024-08-13 11:07:16,717][func.train][INFO] - [DATASET] gt_remaining_time h=3: torch.Size([2362, 8])
[2024-08-13 11:07:16,813][func.train][INFO] - [DATASET] gt_remaining_time h=5: torch.Size([2362, 8])
[2024-08-13 11:07:17,078][func.train][INFO] - [DATASET] gt_remaining_time h=18: torch.Size([2362, 8])
[2024-08-13 11:07:17,080][func.train][INFO] - 

[2024-08-13 11:07:17,080][func.train][INFO] - [DATASET] number of test videos: 1
[2024-08-13 11:07:17,080][func.train][INFO] - [DATASET] avg video length: 39.37 minutes
[2024-08-13 11:07:29,399][func.train][INFO] - [DATASET] df unique videos: [1 2 3 4 5 6 7 8 9 10 11 12 13 14 15 16 17 18 19 20 21 22 23 24 25 26 27
 28 29 30 31 32 33 34 35 36 37 38 39 40 41 42 43 44 45 46 47 48 49 50 51
 52 53 54 55 56 57 58 59 60 61 62 63 64 65 66 67 68 69 70 71 72 73 74 75
 76 77 78 79 80]
[2024-08-13 11:07:29,399][func.train][INFO] - [DATASET] split: test video_indices: [44]
[2024-08-13 11:07:29,503][func.train][INFO] - [DATASET] test size: 78176
[2024-08-13 11:07:29,503][func.train][INFO] - [DATASET] test video_indices: [44]
[2024-08-13 11:07:29,504][func.train][INFO] - [DATASET] video_idx: 44
[2024-08-13 11:07:29,523][func.train][INFO] - [DATASET] Sampled video_idx: 44 at 25 fps to 3127 frames
[2024-08-13 11:07:29,524][func.train][INFO] - [DATASET] video 44 phase_labels: torch.Size([3127])
[2024-08-13 11:07:29,612][func.train][INFO] - [DATASET] gt_remaining_time h=2: torch.Size([3127, 8])
[2024-08-13 11:07:29,703][func.train][INFO] - [DATASET] gt_remaining_time h=3: torch.Size([3127, 8])
[2024-08-13 11:07:29,818][func.train][INFO] - [DATASET] gt_remaining_time h=5: torch.Size([3127, 8])
[2024-08-13 11:07:30,089][func.train][INFO] - [DATASET] gt_remaining_time h=18: torch.Size([3127, 8])
[2024-08-13 11:07:30,091][func.train][INFO] - 

[2024-08-13 11:07:30,091][func.train][INFO] - [DATASET] number of test videos: 1
[2024-08-13 11:07:30,091][func.train][INFO] - [DATASET] avg video length: 52.12 minutes
[2024-08-13 11:07:56,345][func.train][INFO] - [DATASET] df unique videos: [1 2 3 4 5 6 7 8 9 10 11 12 13 14 15 16 17 18 19 20 21 22 23 24 25 26 27
 28 29 30 31 32 33 34 35 36 37 38 39 40 41 42 43 44 45 46 47 48 49 50 51
 52 53 54 55 56 57 58 59 60 61 62 63 64 65 66 67 68 69 70 71 72 73 74 75
 76 77 78 79 80]
[2024-08-13 11:07:56,346][func.train][INFO] - [DATASET] split: test video_indices: [45]
[2024-08-13 11:07:56,645][func.train][INFO] - [DATASET] test size: 84676
[2024-08-13 11:07:56,645][func.train][INFO] - [DATASET] test video_indices: [45]
[2024-08-13 11:07:56,646][func.train][INFO] - [DATASET] video_idx: 45
[2024-08-13 11:07:56,672][func.train][INFO] - [DATASET] Sampled video_idx: 45 at 25 fps to 3387 frames
[2024-08-13 11:07:56,673][func.train][INFO] - [DATASET] video 45 phase_labels: torch.Size([3387])
[2024-08-13 11:07:56,775][func.train][INFO] - [DATASET] gt_remaining_time h=2: torch.Size([3387, 8])
[2024-08-13 11:07:56,879][func.train][INFO] - [DATASET] gt_remaining_time h=3: torch.Size([3387, 8])
[2024-08-13 11:07:56,994][func.train][INFO] - [DATASET] gt_remaining_time h=5: torch.Size([3387, 8])
[2024-08-13 11:07:57,274][func.train][INFO] - [DATASET] gt_remaining_time h=18: torch.Size([3387, 8])
[2024-08-13 11:07:57,275][func.train][INFO] - 

[2024-08-13 11:07:57,275][func.train][INFO] - [DATASET] number of test videos: 1
[2024-08-13 11:07:57,275][func.train][INFO] - [DATASET] avg video length: 56.45 minutes
[2024-08-13 11:08:24,894][func.train][INFO] - [DATASET] df unique videos: [1 2 3 4 5 6 7 8 9 10 11 12 13 14 15 16 17 18 19 20 21 22 23 24 25 26 27
 28 29 30 31 32 33 34 35 36 37 38 39 40 41 42 43 44 45 46 47 48 49 50 51
 52 53 54 55 56 57 58 59 60 61 62 63 64 65 66 67 68 69 70 71 72 73 74 75
 76 77 78 79 80]
[2024-08-13 11:08:24,895][func.train][INFO] - [DATASET] split: test video_indices: [46]
[2024-08-13 11:08:25,004][func.train][INFO] - [DATASET] test size: 41326
[2024-08-13 11:08:25,005][func.train][INFO] - [DATASET] test video_indices: [46]
[2024-08-13 11:08:25,005][func.train][INFO] - [DATASET] video_idx: 46
[2024-08-13 11:08:25,018][func.train][INFO] - [DATASET] Sampled video_idx: 46 at 25 fps to 1653 frames
[2024-08-13 11:08:25,019][func.train][INFO] - [DATASET] video 46 phase_labels: torch.Size([1653])
[2024-08-13 11:08:25,130][func.train][INFO] - [DATASET] gt_remaining_time h=2: torch.Size([1653, 8])
[2024-08-13 11:08:25,195][func.train][INFO] - [DATASET] gt_remaining_time h=3: torch.Size([1653, 8])
[2024-08-13 11:08:25,282][func.train][INFO] - [DATASET] gt_remaining_time h=5: torch.Size([1653, 8])
[2024-08-13 11:08:25,489][func.train][INFO] - [DATASET] gt_remaining_time h=18: torch.Size([1653, 8])
[2024-08-13 11:08:25,490][func.train][INFO] - 

[2024-08-13 11:08:25,490][func.train][INFO] - [DATASET] number of test videos: 1
[2024-08-13 11:08:25,490][func.train][INFO] - [DATASET] avg video length: 27.55 minutes
[2024-08-13 11:09:32,138][func.train][INFO] - [DATASET] df unique videos: [1 2 3 4 5 6 7 8 9 10 11 12 13 14 15 16 17 18 19 20 21 22 23 24 25 26 27
 28 29 30 31 32 33 34 35 36 37 38 39 40 41 42 43 44 45 46 47 48 49 50 51
 52 53 54 55 56 57 58 59 60 61 62 63 64 65 66 67 68 69 70 71 72 73 74 75
 76 77 78 79 80]
[2024-08-13 11:09:32,139][func.train][INFO] - [DATASET] split: test video_indices: [47]
[2024-08-13 11:09:42,191][func.train][INFO] - [DATASET] test size: 56476
[2024-08-13 11:09:42,191][func.train][INFO] - [DATASET] test video_indices: [47]
[2024-08-13 11:09:42,192][func.train][INFO] - [DATASET] video_idx: 47
[2024-08-13 11:09:42,208][func.train][INFO] - [DATASET] Sampled video_idx: 47 at 25 fps to 2259 frames
[2024-08-13 11:09:42,209][func.train][INFO] - [DATASET] video 47 phase_labels: torch.Size([2259])
[2024-08-13 11:09:42,347][func.train][INFO] - [DATASET] gt_remaining_time h=2: torch.Size([2259, 8])
[2024-08-13 11:09:42,454][func.train][INFO] - [DATASET] gt_remaining_time h=3: torch.Size([2259, 8])
[2024-08-13 11:09:42,583][func.train][INFO] - [DATASET] gt_remaining_time h=5: torch.Size([2259, 8])
[2024-08-13 11:09:42,901][func.train][INFO] - [DATASET] gt_remaining_time h=18: torch.Size([2259, 8])
[2024-08-13 11:09:42,902][func.train][INFO] - 

[2024-08-13 11:09:42,902][func.train][INFO] - [DATASET] number of test videos: 1
[2024-08-13 11:09:42,903][func.train][INFO] - [DATASET] avg video length: 37.65 minutes
[2024-08-13 11:09:55,884][func.train][INFO] - [DATASET] df unique videos: [1 2 3 4 5 6 7 8 9 10 11 12 13 14 15 16 17 18 19 20 21 22 23 24 25 26 27
 28 29 30 31 32 33 34 35 36 37 38 39 40 41 42 43 44 45 46 47 48 49 50 51
 52 53 54 55 56 57 58 59 60 61 62 63 64 65 66 67 68 69 70 71 72 73 74 75
 76 77 78 79 80]
[2024-08-13 11:09:55,885][func.train][INFO] - [DATASET] split: test video_indices: [48]
[2024-08-13 11:09:55,983][func.train][INFO] - [DATASET] test size: 45851
[2024-08-13 11:09:55,984][func.train][INFO] - [DATASET] test video_indices: [48]
[2024-08-13 11:09:55,984][func.train][INFO] - [DATASET] video_idx: 48
[2024-08-13 11:09:55,996][func.train][INFO] - [DATASET] Sampled video_idx: 48 at 25 fps to 1834 frames
[2024-08-13 11:09:55,997][func.train][INFO] - [DATASET] video 48 phase_labels: torch.Size([1834])
[2024-08-13 11:09:56,084][func.train][INFO] - [DATASET] gt_remaining_time h=2: torch.Size([1834, 8])
[2024-08-13 11:09:56,156][func.train][INFO] - [DATASET] gt_remaining_time h=3: torch.Size([1834, 8])
[2024-08-13 11:09:56,255][func.train][INFO] - [DATASET] gt_remaining_time h=5: torch.Size([1834, 8])
[2024-08-13 11:09:56,575][func.train][INFO] - [DATASET] gt_remaining_time h=18: torch.Size([1834, 8])
[2024-08-13 11:09:56,576][func.train][INFO] - 

[2024-08-13 11:09:56,576][func.train][INFO] - [DATASET] number of test videos: 1
[2024-08-13 11:09:56,576][func.train][INFO] - [DATASET] avg video length: 30.57 minutes
[2024-08-13 11:10:22,780][func.train][INFO] - [DATASET] df unique videos: [1 2 3 4 5 6 7 8 9 10 11 12 13 14 15 16 17 18 19 20 21 22 23 24 25 26 27
 28 29 30 31 32 33 34 35 36 37 38 39 40 41 42 43 44 45 46 47 48 49 50 51
 52 53 54 55 56 57 58 59 60 61 62 63 64 65 66 67 68 69 70 71 72 73 74 75
 76 77 78 79 80]
[2024-08-13 11:10:22,781][func.train][INFO] - [DATASET] split: test video_indices: [49]
[2024-08-13 11:10:22,885][func.train][INFO] - [DATASET] test size: 41776
[2024-08-13 11:10:22,886][func.train][INFO] - [DATASET] test video_indices: [49]
[2024-08-13 11:10:22,886][func.train][INFO] - [DATASET] video_idx: 49
[2024-08-13 11:10:22,902][func.train][INFO] - [DATASET] Sampled video_idx: 49 at 25 fps to 1671 frames
[2024-08-13 11:10:22,903][func.train][INFO] - [DATASET] video 49 phase_labels: torch.Size([1671])
[2024-08-13 11:10:22,989][func.train][INFO] - [DATASET] gt_remaining_time h=2: torch.Size([1671, 8])
[2024-08-13 11:10:23,063][func.train][INFO] - [DATASET] gt_remaining_time h=3: torch.Size([1671, 8])
[2024-08-13 11:10:23,160][func.train][INFO] - [DATASET] gt_remaining_time h=5: torch.Size([1671, 8])
[2024-08-13 11:10:23,427][func.train][INFO] - [DATASET] gt_remaining_time h=18: torch.Size([1671, 8])
[2024-08-13 11:10:23,428][func.train][INFO] - 

[2024-08-13 11:10:23,429][func.train][INFO] - [DATASET] number of test videos: 1
[2024-08-13 11:10:23,429][func.train][INFO] - [DATASET] avg video length: 27.85 minutes
[2024-08-13 11:10:39,593][func.train][INFO] - [DATASET] df unique videos: [1 2 3 4 5 6 7 8 9 10 11 12 13 14 15 16 17 18 19 20 21 22 23 24 25 26 27
 28 29 30 31 32 33 34 35 36 37 38 39 40 41 42 43 44 45 46 47 48 49 50 51
 52 53 54 55 56 57 58 59 60 61 62 63 64 65 66 67 68 69 70 71 72 73 74 75
 76 77 78 79 80]
[2024-08-13 11:10:39,594][func.train][INFO] - [DATASET] split: test video_indices: [50]
[2024-08-13 11:10:39,694][func.train][INFO] - [DATASET] test size: 27351
[2024-08-13 11:10:39,694][func.train][INFO] - [DATASET] test video_indices: [50]
[2024-08-13 11:10:39,694][func.train][INFO] - [DATASET] video_idx: 50
[2024-08-13 11:10:39,703][func.train][INFO] - [DATASET] Sampled video_idx: 50 at 25 fps to 1094 frames
[2024-08-13 11:10:39,704][func.train][INFO] - [DATASET] video 50 phase_labels: torch.Size([1094])
[2024-08-13 11:10:39,771][func.train][INFO] - [DATASET] gt_remaining_time h=2: torch.Size([1094, 8])
[2024-08-13 11:10:39,849][func.train][INFO] - [DATASET] gt_remaining_time h=3: torch.Size([1094, 8])
[2024-08-13 11:10:39,942][func.train][INFO] - [DATASET] gt_remaining_time h=5: torch.Size([1094, 8])
[2024-08-13 11:10:40,099][func.train][INFO] - [DATASET] gt_remaining_time h=18: torch.Size([1094, 8])
[2024-08-13 11:10:40,099][func.train][INFO] - 

[2024-08-13 11:10:40,100][func.train][INFO] - [DATASET] number of test videos: 1
[2024-08-13 11:10:40,100][func.train][INFO] - [DATASET] avg video length: 18.23 minutes
[2024-08-13 11:10:57,881][func.train][INFO] - [DATASET] df unique videos: [1 2 3 4 5 6 7 8 9 10 11 12 13 14 15 16 17 18 19 20 21 22 23 24 25 26 27
 28 29 30 31 32 33 34 35 36 37 38 39 40 41 42 43 44 45 46 47 48 49 50 51
 52 53 54 55 56 57 58 59 60 61 62 63 64 65 66 67 68 69 70 71 72 73 74 75
 76 77 78 79 80]
[2024-08-13 11:10:57,882][func.train][INFO] - [DATASET] split: test video_indices: [51]
[2024-08-13 11:10:58,020][func.train][INFO] - [DATASET] test size: 73601
[2024-08-13 11:10:58,020][func.train][INFO] - [DATASET] test video_indices: [51]
[2024-08-13 11:10:58,020][func.train][INFO] - [DATASET] video_idx: 51
[2024-08-13 11:10:58,040][func.train][INFO] - [DATASET] Sampled video_idx: 51 at 25 fps to 2944 frames
[2024-08-13 11:10:58,041][func.train][INFO] - [DATASET] video 51 phase_labels: torch.Size([2944])
[2024-08-13 11:10:58,229][func.train][INFO] - [DATASET] gt_remaining_time h=2: torch.Size([2944, 8])
[2024-08-13 11:10:58,337][func.train][INFO] - [DATASET] gt_remaining_time h=3: torch.Size([2944, 8])
[2024-08-13 11:10:58,467][func.train][INFO] - [DATASET] gt_remaining_time h=5: torch.Size([2944, 8])
[2024-08-13 11:10:58,751][func.train][INFO] - [DATASET] gt_remaining_time h=18: torch.Size([2944, 8])
[2024-08-13 11:10:58,752][func.train][INFO] - 

[2024-08-13 11:10:58,753][func.train][INFO] - [DATASET] number of test videos: 1
[2024-08-13 11:10:58,753][func.train][INFO] - [DATASET] avg video length: 49.07 minutes
[2024-08-13 11:11:17,735][func.train][INFO] - [DATASET] df unique videos: [1 2 3 4 5 6 7 8 9 10 11 12 13 14 15 16 17 18 19 20 21 22 23 24 25 26 27
 28 29 30 31 32 33 34 35 36 37 38 39 40 41 42 43 44 45 46 47 48 49 50 51
 52 53 54 55 56 57 58 59 60 61 62 63 64 65 66 67 68 69 70 71 72 73 74 75
 76 77 78 79 80]
[2024-08-13 11:11:17,735][func.train][INFO] - [DATASET] split: test video_indices: [52]
[2024-08-13 11:11:17,844][func.train][INFO] - [DATASET] test size: 49151
[2024-08-13 11:11:17,844][func.train][INFO] - [DATASET] test video_indices: [52]
[2024-08-13 11:11:17,844][func.train][INFO] - [DATASET] video_idx: 52
[2024-08-13 11:11:17,858][func.train][INFO] - [DATASET] Sampled video_idx: 52 at 25 fps to 1966 frames
[2024-08-13 11:11:17,859][func.train][INFO] - [DATASET] video 52 phase_labels: torch.Size([1966])
[2024-08-13 11:11:17,948][func.train][INFO] - [DATASET] gt_remaining_time h=2: torch.Size([1966, 8])
[2024-08-13 11:11:18,021][func.train][INFO] - [DATASET] gt_remaining_time h=3: torch.Size([1966, 8])
[2024-08-13 11:11:18,118][func.train][INFO] - [DATASET] gt_remaining_time h=5: torch.Size([1966, 8])
[2024-08-13 11:11:18,347][func.train][INFO] - [DATASET] gt_remaining_time h=18: torch.Size([1966, 8])
[2024-08-13 11:11:18,348][func.train][INFO] - 

[2024-08-13 11:11:18,349][func.train][INFO] - [DATASET] number of test videos: 1
[2024-08-13 11:11:18,349][func.train][INFO] - [DATASET] avg video length: 32.77 minutes
[2024-08-13 11:11:45,011][func.train][INFO] - [DATASET] df unique videos: [1 2 3 4 5 6 7 8 9 10 11 12 13 14 15 16 17 18 19 20 21 22 23 24 25 26 27
 28 29 30 31 32 33 34 35 36 37 38 39 40 41 42 43 44 45 46 47 48 49 50 51
 52 53 54 55 56 57 58 59 60 61 62 63 64 65 66 67 68 69 70 71 72 73 74 75
 76 77 78 79 80]
[2024-08-13 11:11:45,012][func.train][INFO] - [DATASET] split: test video_indices: [53]
[2024-08-13 11:11:45,127][func.train][INFO] - [DATASET] test size: 82076
[2024-08-13 11:11:45,127][func.train][INFO] - [DATASET] test video_indices: [53]
[2024-08-13 11:11:45,128][func.train][INFO] - [DATASET] video_idx: 53
[2024-08-13 11:11:45,154][func.train][INFO] - [DATASET] Sampled video_idx: 53 at 25 fps to 3283 frames
[2024-08-13 11:11:45,156][func.train][INFO] - [DATASET] video 53 phase_labels: torch.Size([3283])
[2024-08-13 11:11:45,292][func.train][INFO] - [DATASET] gt_remaining_time h=2: torch.Size([3283, 8])
[2024-08-13 11:11:45,382][func.train][INFO] - [DATASET] gt_remaining_time h=3: torch.Size([3283, 8])
[2024-08-13 11:11:45,494][func.train][INFO] - [DATASET] gt_remaining_time h=5: torch.Size([3283, 8])
[2024-08-13 11:11:45,761][func.train][INFO] - [DATASET] gt_remaining_time h=18: torch.Size([3283, 8])
[2024-08-13 11:11:45,762][func.train][INFO] - 

[2024-08-13 11:11:45,762][func.train][INFO] - [DATASET] number of test videos: 1
[2024-08-13 11:11:45,762][func.train][INFO] - [DATASET] avg video length: 54.72 minutes
[2024-08-13 11:12:16,216][func.train][INFO] - [DATASET] df unique videos: [1 2 3 4 5 6 7 8 9 10 11 12 13 14 15 16 17 18 19 20 21 22 23 24 25 26 27
 28 29 30 31 32 33 34 35 36 37 38 39 40 41 42 43 44 45 46 47 48 49 50 51
 52 53 54 55 56 57 58 59 60 61 62 63 64 65 66 67 68 69 70 71 72 73 74 75
 76 77 78 79 80]
[2024-08-13 11:12:16,216][func.train][INFO] - [DATASET] split: test video_indices: [54]
[2024-08-13 11:12:16,329][func.train][INFO] - [DATASET] test size: 77501
[2024-08-13 11:12:16,330][func.train][INFO] - [DATASET] test video_indices: [54]
[2024-08-13 11:12:16,330][func.train][INFO] - [DATASET] video_idx: 54
[2024-08-13 11:12:16,356][func.train][INFO] - [DATASET] Sampled video_idx: 54 at 25 fps to 3100 frames
[2024-08-13 11:12:16,358][func.train][INFO] - [DATASET] video 54 phase_labels: torch.Size([3100])
[2024-08-13 11:12:16,516][func.train][INFO] - [DATASET] gt_remaining_time h=2: torch.Size([3100, 8])
[2024-08-13 11:12:16,694][func.train][INFO] - [DATASET] gt_remaining_time h=3: torch.Size([3100, 8])
[2024-08-13 11:12:16,830][func.train][INFO] - [DATASET] gt_remaining_time h=5: torch.Size([3100, 8])
[2024-08-13 11:12:17,154][func.train][INFO] - [DATASET] gt_remaining_time h=18: torch.Size([3100, 8])
[2024-08-13 11:12:17,155][func.train][INFO] - 

[2024-08-13 11:12:17,155][func.train][INFO] - [DATASET] number of test videos: 1
[2024-08-13 11:12:17,156][func.train][INFO] - [DATASET] avg video length: 51.67 minutes
[2024-08-13 11:12:21,635][func.train][INFO] - [DATASET] df unique videos: [1 2 3 4 5 6 7 8 9 10 11 12 13 14 15 16 17 18 19 20 21 22 23 24 25 26 27
 28 29 30 31 32 33 34 35 36 37 38 39 40 41 42 43 44 45 46 47 48 49 50 51
 52 53 54 55 56 57 58 59 60 61 62 63 64 65 66 67 68 69 70 71 72 73 74 75
 76 77 78 79 80]
[2024-08-13 11:12:21,635][func.train][INFO] - [DATASET] split: test video_indices: [55]
[2024-08-13 11:12:21,750][func.train][INFO] - [DATASET] test size: 25926
[2024-08-13 11:12:21,750][func.train][INFO] - [DATASET] test video_indices: [55]
[2024-08-13 11:12:21,751][func.train][INFO] - [DATASET] video_idx: 55
[2024-08-13 11:12:21,758][func.train][INFO] - [DATASET] Sampled video_idx: 55 at 25 fps to 1037 frames
[2024-08-13 11:12:21,759][func.train][INFO] - [DATASET] video 55 phase_labels: torch.Size([1037])
[2024-08-13 11:12:21,823][func.train][INFO] - [DATASET] gt_remaining_time h=2: torch.Size([1037, 8])
[2024-08-13 11:12:21,876][func.train][INFO] - [DATASET] gt_remaining_time h=3: torch.Size([1037, 8])
[2024-08-13 11:12:21,982][func.train][INFO] - [DATASET] gt_remaining_time h=5: torch.Size([1037, 8])
[2024-08-13 11:12:22,162][func.train][INFO] - [DATASET] gt_remaining_time h=18: torch.Size([1037, 8])
[2024-08-13 11:12:22,163][func.train][INFO] - 

[2024-08-13 11:12:22,164][func.train][INFO] - [DATASET] number of test videos: 1
[2024-08-13 11:12:22,164][func.train][INFO] - [DATASET] avg video length: 17.28 minutes
[2024-08-13 11:12:51,882][func.train][INFO] - [DATASET] df unique videos: [1 2 3 4 5 6 7 8 9 10 11 12 13 14 15 16 17 18 19 20 21 22 23 24 25 26 27
 28 29 30 31 32 33 34 35 36 37 38 39 40 41 42 43 44 45 46 47 48 49 50 51
 52 53 54 55 56 57 58 59 60 61 62 63 64 65 66 67 68 69 70 71 72 73 74 75
 76 77 78 79 80]
[2024-08-13 11:12:51,882][func.train][INFO] - [DATASET] split: test video_indices: [56]
[2024-08-13 11:12:51,978][func.train][INFO] - [DATASET] test size: 45851
[2024-08-13 11:12:51,978][func.train][INFO] - [DATASET] test video_indices: [56]
[2024-08-13 11:12:51,979][func.train][INFO] - [DATASET] video_idx: 56
[2024-08-13 11:12:51,991][func.train][INFO] - [DATASET] Sampled video_idx: 56 at 25 fps to 1834 frames
[2024-08-13 11:12:51,992][func.train][INFO] - [DATASET] video 56 phase_labels: torch.Size([1834])
[2024-08-13 11:12:52,058][func.train][INFO] - [DATASET] gt_remaining_time h=2: torch.Size([1834, 8])
[2024-08-13 11:12:52,129][func.train][INFO] - [DATASET] gt_remaining_time h=3: torch.Size([1834, 8])
[2024-08-13 11:12:52,220][func.train][INFO] - [DATASET] gt_remaining_time h=5: torch.Size([1834, 8])
[2024-08-13 11:12:52,461][func.train][INFO] - [DATASET] gt_remaining_time h=18: torch.Size([1834, 8])
[2024-08-13 11:12:52,462][func.train][INFO] - 

[2024-08-13 11:12:52,463][func.train][INFO] - [DATASET] number of test videos: 1
[2024-08-13 11:12:52,463][func.train][INFO] - [DATASET] avg video length: 30.57 minutes
[2024-08-13 11:13:17,614][func.train][INFO] - [DATASET] df unique videos: [1 2 3 4 5 6 7 8 9 10 11 12 13 14 15 16 17 18 19 20 21 22 23 24 25 26 27
 28 29 30 31 32 33 34 35 36 37 38 39 40 41 42 43 44 45 46 47 48 49 50 51
 52 53 54 55 56 57 58 59 60 61 62 63 64 65 66 67 68 69 70 71 72 73 74 75
 76 77 78 79 80]
[2024-08-13 11:13:17,614][func.train][INFO] - [DATASET] split: test video_indices: [57]
[2024-08-13 11:13:17,729][func.train][INFO] - [DATASET] test size: 65801
[2024-08-13 11:13:17,729][func.train][INFO] - [DATASET] test video_indices: [57]
[2024-08-13 11:13:17,729][func.train][INFO] - [DATASET] video_idx: 57
[2024-08-13 11:13:17,749][func.train][INFO] - [DATASET] Sampled video_idx: 57 at 25 fps to 2632 frames
[2024-08-13 11:13:17,750][func.train][INFO] - [DATASET] video 57 phase_labels: torch.Size([2632])
[2024-08-13 11:13:17,949][func.train][INFO] - [DATASET] gt_remaining_time h=2: torch.Size([2632, 8])
[2024-08-13 11:13:18,069][func.train][INFO] - [DATASET] gt_remaining_time h=3: torch.Size([2632, 8])
[2024-08-13 11:13:18,175][func.train][INFO] - [DATASET] gt_remaining_time h=5: torch.Size([2632, 8])
[2024-08-13 11:13:18,567][func.train][INFO] - [DATASET] gt_remaining_time h=18: torch.Size([2632, 8])
[2024-08-13 11:13:18,568][func.train][INFO] - 

[2024-08-13 11:13:18,569][func.train][INFO] - [DATASET] number of test videos: 1
[2024-08-13 11:13:18,569][func.train][INFO] - [DATASET] avg video length: 43.87 minutes
[2024-08-13 11:14:03,540][func.train][INFO] - [DATASET] df unique videos: [1 2 3 4 5 6 7 8 9 10 11 12 13 14 15 16 17 18 19 20 21 22 23 24 25 26 27
 28 29 30 31 32 33 34 35 36 37 38 39 40 41 42 43 44 45 46 47 48 49 50 51
 52 53 54 55 56 57 58 59 60 61 62 63 64 65 66 67 68 69 70 71 72 73 74 75
 76 77 78 79 80]
[2024-08-13 11:14:03,541][func.train][INFO] - [DATASET] split: test video_indices: [58]
[2024-08-13 11:14:03,715][func.train][INFO] - [DATASET] test size: 149826
[2024-08-13 11:14:03,716][func.train][INFO] - [DATASET] test video_indices: [58]
[2024-08-13 11:14:03,716][func.train][INFO] - [DATASET] video_idx: 58
[2024-08-13 11:14:03,757][func.train][INFO] - [DATASET] Sampled video_idx: 58 at 25 fps to 5993 frames
[2024-08-13 11:14:03,762][func.train][INFO] - [DATASET] video 58 phase_labels: torch.Size([5993])
[2024-08-13 11:14:03,997][func.train][INFO] - [DATASET] gt_remaining_time h=2: torch.Size([5993, 8])
[2024-08-13 11:14:04,177][func.train][INFO] - [DATASET] gt_remaining_time h=3: torch.Size([5993, 8])
[2024-08-13 11:14:04,367][func.train][INFO] - [DATASET] gt_remaining_time h=5: torch.Size([5993, 8])
[2024-08-13 11:14:04,729][func.train][INFO] - [DATASET] gt_remaining_time h=18: torch.Size([5993, 8])
[2024-08-13 11:14:04,730][func.train][INFO] - 

[2024-08-13 11:14:04,731][func.train][INFO] - [DATASET] number of test videos: 1
[2024-08-13 11:14:04,731][func.train][INFO] - [DATASET] avg video length: 99.88 minutes
[2024-08-13 11:14:39,248][func.train][INFO] - [DATASET] df unique videos: [1 2 3 4 5 6 7 8 9 10 11 12 13 14 15 16 17 18 19 20 21 22 23 24 25 26 27
 28 29 30 31 32 33 34 35 36 37 38 39 40 41 42 43 44 45 46 47 48 49 50 51
 52 53 54 55 56 57 58 59 60 61 62 63 64 65 66 67 68 69 70 71 72 73 74 75
 76 77 78 79 80]
[2024-08-13 11:14:39,249][func.train][INFO] - [DATASET] split: test video_indices: [59]
[2024-08-13 11:14:39,347][func.train][INFO] - [DATASET] test size: 26151
[2024-08-13 11:14:39,347][func.train][INFO] - [DATASET] test video_indices: [59]
[2024-08-13 11:14:39,347][func.train][INFO] - [DATASET] video_idx: 59
[2024-08-13 11:14:39,359][func.train][INFO] - [DATASET] Sampled video_idx: 59 at 25 fps to 1046 frames
[2024-08-13 11:14:39,360][func.train][INFO] - [DATASET] video 59 phase_labels: torch.Size([1046])
[2024-08-13 11:14:39,428][func.train][INFO] - [DATASET] gt_remaining_time h=2: torch.Size([1046, 8])
[2024-08-13 11:14:39,485][func.train][INFO] - [DATASET] gt_remaining_time h=3: torch.Size([1046, 8])
[2024-08-13 11:14:39,594][func.train][INFO] - [DATASET] gt_remaining_time h=5: torch.Size([1046, 8])
[2024-08-13 11:14:39,812][func.train][INFO] - [DATASET] gt_remaining_time h=18: torch.Size([1046, 8])
[2024-08-13 11:14:39,813][func.train][INFO] - 

[2024-08-13 11:14:39,814][func.train][INFO] - [DATASET] number of test videos: 1
[2024-08-13 11:14:39,814][func.train][INFO] - [DATASET] avg video length: 17.43 minutes
[2024-08-13 11:15:08,407][func.train][INFO] - [DATASET] df unique videos: [1 2 3 4 5 6 7 8 9 10 11 12 13 14 15 16 17 18 19 20 21 22 23 24 25 26 27
 28 29 30 31 32 33 34 35 36 37 38 39 40 41 42 43 44 45 46 47 48 49 50 51
 52 53 54 55 56 57 58 59 60 61 62 63 64 65 66 67 68 69 70 71 72 73 74 75
 76 77 78 79 80]
[2024-08-13 11:15:08,408][func.train][INFO] - [DATASET] split: test video_indices: [60]
[2024-08-13 11:15:08,527][func.train][INFO] - [DATASET] test size: 63301
[2024-08-13 11:15:08,527][func.train][INFO] - [DATASET] test video_indices: [60]
[2024-08-13 11:15:08,527][func.train][INFO] - [DATASET] video_idx: 60
[2024-08-13 11:15:08,551][func.train][INFO] - [DATASET] Sampled video_idx: 60 at 25 fps to 2532 frames
[2024-08-13 11:15:08,552][func.train][INFO] - [DATASET] video 60 phase_labels: torch.Size([2532])
[2024-08-13 11:15:08,668][func.train][INFO] - [DATASET] gt_remaining_time h=2: torch.Size([2532, 8])
[2024-08-13 11:15:08,759][func.train][INFO] - [DATASET] gt_remaining_time h=3: torch.Size([2532, 8])
[2024-08-13 11:15:08,877][func.train][INFO] - [DATASET] gt_remaining_time h=5: torch.Size([2532, 8])
[2024-08-13 11:15:09,150][func.train][INFO] - [DATASET] gt_remaining_time h=18: torch.Size([2532, 8])
[2024-08-13 11:15:09,151][func.train][INFO] - 

[2024-08-13 11:15:09,151][func.train][INFO] - [DATASET] number of test videos: 1
[2024-08-13 11:15:09,151][func.train][INFO] - [DATASET] avg video length: 42.20 minutes
[2024-08-13 11:15:44,104][func.train][INFO] - [DATASET] df unique videos: [1 2 3 4 5 6 7 8 9 10 11 12 13 14 15 16 17 18 19 20 21 22 23 24 25 26 27
 28 29 30 31 32 33 34 35 36 37 38 39 40 41 42 43 44 45 46 47 48 49 50 51
 52 53 54 55 56 57 58 59 60 61 62 63 64 65 66 67 68 69 70 71 72 73 74 75
 76 77 78 79 80]
[2024-08-13 11:15:44,105][func.train][INFO] - [DATASET] split: test video_indices: [61]
[2024-08-13 11:15:44,267][func.train][INFO] - [DATASET] test size: 110226
[2024-08-13 11:15:44,267][func.train][INFO] - [DATASET] test video_indices: [61]
[2024-08-13 11:15:44,268][func.train][INFO] - [DATASET] video_idx: 61
[2024-08-13 11:15:44,300][func.train][INFO] - [DATASET] Sampled video_idx: 61 at 25 fps to 4409 frames
[2024-08-13 11:15:44,301][func.train][INFO] - [DATASET] video 61 phase_labels: torch.Size([4409])
[2024-08-13 11:15:44,460][func.train][INFO] - [DATASET] gt_remaining_time h=2: torch.Size([4409, 8])
[2024-08-13 11:15:44,666][func.train][INFO] - [DATASET] gt_remaining_time h=3: torch.Size([4409, 8])
[2024-08-13 11:15:44,938][func.train][INFO] - [DATASET] gt_remaining_time h=5: torch.Size([4409, 8])
[2024-08-13 11:15:45,348][func.train][INFO] - [DATASET] gt_remaining_time h=18: torch.Size([4409, 8])
[2024-08-13 11:15:45,350][func.train][INFO] - 

[2024-08-13 11:15:45,355][func.train][INFO] - [DATASET] number of test videos: 1
[2024-08-13 11:15:45,355][func.train][INFO] - [DATASET] avg video length: 73.48 minutes
[2024-08-13 11:16:03,541][func.train][INFO] - [DATASET] df unique videos: [1 2 3 4 5 6 7 8 9 10 11 12 13 14 15 16 17 18 19 20 21 22 23 24 25 26 27
 28 29 30 31 32 33 34 35 36 37 38 39 40 41 42 43 44 45 46 47 48 49 50 51
 52 53 54 55 56 57 58 59 60 61 62 63 64 65 66 67 68 69 70 71 72 73 74 75
 76 77 78 79 80]
[2024-08-13 11:16:03,541][func.train][INFO] - [DATASET] split: test video_indices: [62]
[2024-08-13 11:16:03,642][func.train][INFO] - [DATASET] test size: 50801
[2024-08-13 11:16:03,643][func.train][INFO] - [DATASET] test video_indices: [62]
[2024-08-13 11:16:03,643][func.train][INFO] - [DATASET] video_idx: 62
[2024-08-13 11:16:03,658][func.train][INFO] - [DATASET] Sampled video_idx: 62 at 25 fps to 2032 frames
[2024-08-13 11:16:03,659][func.train][INFO] - [DATASET] video 62 phase_labels: torch.Size([2032])
[2024-08-13 11:16:03,732][func.train][INFO] - [DATASET] gt_remaining_time h=2: torch.Size([2032, 8])
[2024-08-13 11:16:03,804][func.train][INFO] - [DATASET] gt_remaining_time h=3: torch.Size([2032, 8])
[2024-08-13 11:16:03,901][func.train][INFO] - [DATASET] gt_remaining_time h=5: torch.Size([2032, 8])
[2024-08-13 11:16:04,159][func.train][INFO] - [DATASET] gt_remaining_time h=18: torch.Size([2032, 8])
[2024-08-13 11:16:04,160][func.train][INFO] - 

[2024-08-13 11:16:04,161][func.train][INFO] - [DATASET] number of test videos: 1
[2024-08-13 11:16:04,161][func.train][INFO] - [DATASET] avg video length: 33.87 minutes
[2024-08-13 11:16:29,038][func.train][INFO] - [DATASET] df unique videos: [1 2 3 4 5 6 7 8 9 10 11 12 13 14 15 16 17 18 19 20 21 22 23 24 25 26 27
 28 29 30 31 32 33 34 35 36 37 38 39 40 41 42 43 44 45 46 47 48 49 50 51
 52 53 54 55 56 57 58 59 60 61 62 63 64 65 66 67 68 69 70 71 72 73 74 75
 76 77 78 79 80]
[2024-08-13 11:16:29,038][func.train][INFO] - [DATASET] split: test video_indices: [63]
[2024-08-13 11:16:29,159][func.train][INFO] - [DATASET] test size: 85826
[2024-08-13 11:16:29,159][func.train][INFO] - [DATASET] test video_indices: [63]
[2024-08-13 11:16:29,159][func.train][INFO] - [DATASET] video_idx: 63
[2024-08-13 11:16:29,182][func.train][INFO] - [DATASET] Sampled video_idx: 63 at 25 fps to 3433 frames
[2024-08-13 11:16:29,183][func.train][INFO] - [DATASET] video 63 phase_labels: torch.Size([3433])
[2024-08-13 11:16:29,335][func.train][INFO] - [DATASET] gt_remaining_time h=2: torch.Size([3433, 8])
[2024-08-13 11:16:29,488][func.train][INFO] - [DATASET] gt_remaining_time h=3: torch.Size([3433, 8])
[2024-08-13 11:16:29,605][func.train][INFO] - [DATASET] gt_remaining_time h=5: torch.Size([3433, 8])
[2024-08-13 11:16:29,849][func.train][INFO] - [DATASET] gt_remaining_time h=18: torch.Size([3433, 8])
[2024-08-13 11:16:29,850][func.train][INFO] - 

[2024-08-13 11:16:29,850][func.train][INFO] - [DATASET] number of test videos: 1
[2024-08-13 11:16:29,851][func.train][INFO] - [DATASET] avg video length: 57.22 minutes
[2024-08-13 11:16:32,137][func.train][INFO] - [DATASET] df unique videos: [1 2 3 4 5 6 7 8 9 10 11 12 13 14 15 16 17 18 19 20 21 22 23 24 25 26 27
 28 29 30 31 32 33 34 35 36 37 38 39 40 41 42 43 44 45 46 47 48 49 50 51
 52 53 54 55 56 57 58 59 60 61 62 63 64 65 66 67 68 69 70 71 72 73 74 75
 76 77 78 79 80]
[2024-08-13 11:16:32,138][func.train][INFO] - [DATASET] split: test video_indices: [64]
[2024-08-13 11:16:32,281][func.train][INFO] - [DATASET] test size: 59951
[2024-08-13 11:16:32,282][func.train][INFO] - [DATASET] test video_indices: [64]
[2024-08-13 11:16:32,282][func.train][INFO] - [DATASET] video_idx: 64
[2024-08-13 11:16:32,308][func.train][INFO] - [DATASET] Sampled video_idx: 64 at 25 fps to 2398 frames
[2024-08-13 11:16:32,309][func.train][INFO] - [DATASET] video 64 phase_labels: torch.Size([2398])
[2024-08-13 11:16:32,435][func.train][INFO] - [DATASET] gt_remaining_time h=2: torch.Size([2398, 8])
[2024-08-13 11:16:32,509][func.train][INFO] - [DATASET] gt_remaining_time h=3: torch.Size([2398, 8])
[2024-08-13 11:16:32,605][func.train][INFO] - [DATASET] gt_remaining_time h=5: torch.Size([2398, 8])
[2024-08-13 11:16:32,856][func.train][INFO] - [DATASET] gt_remaining_time h=18: torch.Size([2398, 8])
[2024-08-13 11:16:32,857][func.train][INFO] - 

[2024-08-13 11:16:32,857][func.train][INFO] - [DATASET] number of test videos: 1
[2024-08-13 11:16:32,858][func.train][INFO] - [DATASET] avg video length: 39.97 minutes
[2024-08-13 11:17:50,706][func.train][INFO] - [DATASET] df unique videos: [1 2 3 4 5 6 7 8 9 10 11 12 13 14 15 16 17 18 19 20 21 22 23 24 25 26 27
 28 29 30 31 32 33 34 35 36 37 38 39 40 41 42 43 44 45 46 47 48 49 50 51
 52 53 54 55 56 57 58 59 60 61 62 63 64 65 66 67 68 69 70 71 72 73 74 75
 76 77 78 79 80]
[2024-08-13 11:17:50,708][func.train][INFO] - [DATASET] split: test video_indices: [65]
[2024-08-13 11:17:50,813][func.train][INFO] - [DATASET] test size: 46826
[2024-08-13 11:17:50,814][func.train][INFO] - [DATASET] test video_indices: [65]
[2024-08-13 11:17:50,814][func.train][INFO] - [DATASET] video_idx: 65
[2024-08-13 11:17:50,848][func.train][INFO] - [DATASET] Sampled video_idx: 65 at 25 fps to 1873 frames
[2024-08-13 11:17:50,849][func.train][INFO] - [DATASET] video 65 phase_labels: torch.Size([1873])
[2024-08-13 11:17:50,950][func.train][INFO] - [DATASET] gt_remaining_time h=2: torch.Size([1873, 8])
[2024-08-13 11:17:51,019][func.train][INFO] - [DATASET] gt_remaining_time h=3: torch.Size([1873, 8])
[2024-08-13 11:17:51,109][func.train][INFO] - [DATASET] gt_remaining_time h=5: torch.Size([1873, 8])
[2024-08-13 11:17:51,329][func.train][INFO] - [DATASET] gt_remaining_time h=18: torch.Size([1873, 8])
[2024-08-13 11:17:51,330][func.train][INFO] - 

[2024-08-13 11:17:51,330][func.train][INFO] - [DATASET] number of test videos: 1
[2024-08-13 11:17:51,331][func.train][INFO] - [DATASET] avg video length: 31.22 minutes
[2024-08-13 11:18:17,711][func.train][INFO] - [DATASET] df unique videos: [1 2 3 4 5 6 7 8 9 10 11 12 13 14 15 16 17 18 19 20 21 22 23 24 25 26 27
 28 29 30 31 32 33 34 35 36 37 38 39 40 41 42 43 44 45 46 47 48 49 50 51
 52 53 54 55 56 57 58 59 60 61 62 63 64 65 66 67 68 69 70 71 72 73 74 75
 76 77 78 79 80]
[2024-08-13 11:18:17,712][func.train][INFO] - [DATASET] split: test video_indices: [66]
[2024-08-13 11:18:17,815][func.train][INFO] - [DATASET] test size: 45601
[2024-08-13 11:18:17,815][func.train][INFO] - [DATASET] test video_indices: [66]
[2024-08-13 11:18:17,815][func.train][INFO] - [DATASET] video_idx: 66
[2024-08-13 11:18:17,828][func.train][INFO] - [DATASET] Sampled video_idx: 66 at 25 fps to 1824 frames
[2024-08-13 11:18:17,830][func.train][INFO] - [DATASET] video 66 phase_labels: torch.Size([1824])
[2024-08-13 11:18:17,917][func.train][INFO] - [DATASET] gt_remaining_time h=2: torch.Size([1824, 8])
[2024-08-13 11:18:17,985][func.train][INFO] - [DATASET] gt_remaining_time h=3: torch.Size([1824, 8])
[2024-08-13 11:18:18,074][func.train][INFO] - [DATASET] gt_remaining_time h=5: torch.Size([1824, 8])
[2024-08-13 11:18:18,346][func.train][INFO] - [DATASET] gt_remaining_time h=18: torch.Size([1824, 8])
[2024-08-13 11:18:18,347][func.train][INFO] - 

[2024-08-13 11:18:18,347][func.train][INFO] - [DATASET] number of test videos: 1
[2024-08-13 11:18:18,347][func.train][INFO] - [DATASET] avg video length: 30.40 minutes
