[2024-08-07 17:34:26,105][func.train][INFO] - Dist info:
[2024-08-07 17:34:26,105][func.train][INFO] - torch version: 2.2.2+cu121
[2024-08-07 17:34:26,106][func.train][INFO] - torchvision version: 0.17.2+cu121
[2024-08-07 17:34:26,106][func.train][INFO] - hydra version: 1.3.2
[2024-08-07 17:34:26,113][func.train][INFO] - [MAIN] eval horizons for regression: [5]
[2024-08-07 17:34:26,113][func.train][INFO] - Loading data
[2024-08-07 17:34:26,114][func.train][INFO] - Loading datasets
[2024-08-07 17:34:28,903][func.train][INFO] - [SELECT DATASET] ALL loaded dataframe in 0m 3s
[2024-08-07 17:34:28,904][func.train][INFO] - [SELECT DATASET] ALL loaded dataframe: (4612530, 11)
[2024-08-07 17:34:29,126][func.train][INFO] - [SELECT DATASET] labels are already starting from 0
[2024-08-07 17:34:29,503][func.train][INFO] - [SELECT DATASET] ALL unique classes: [0 1 2 3 4 5 6]
[2024-08-07 17:34:29,521][func.train][INFO] - [SELECT DATASET] aLL dataframe (head):                    image_path class  ... tool_Irrigator tool_SpecimenBag
0  video01/video01_000001.png     0  ...              0                0
1  video01/video01_000002.png     0  ...              0                0
2  video01/video01_000003.png     0  ...              0                0
3  video01/video01_000004.png     0  ...              0                0
4  video01/video01_000005.png     0  ...              0                0

[5 rows x 11 columns]
[2024-08-07 17:34:29,535][func.train][INFO] - [SELECT DATASET] ALL dataframe (tail):                          image_path class  ... tool_Irrigator tool_SpecimenBag
4612525  video80/video80_043097.png     6  ...              0                0
4612526  video80/video80_043098.png     6  ...              0                0
4612527  video80/video80_043099.png     6  ...              0                0
4612528  video80/video80_043100.png     6  ...              0                0
4612529  video80/video80_043101.png     6  ...              0                0

[5 rows x 11 columns]
[2024-08-07 17:34:29,536][func.train][INFO] - [DATASET] params: {'debug': False, 'dataset_name': 'cholec80', 'reduc_feats_folder': 'train_targets_x_mp/', 'num_classes': 7, 'num_next_labels': 6, 'last_seg_class': 7, 'predict_next_phase': True, 'get_target_feats': False, 'replace_current_with_next_class': False}
[2024-08-07 17:34:31,592][func.train][INFO] - [DATASET] df unique videos: [1 2 3 4 5 6 7 8 9 10 11 12 13 14 15 16 17 18 19 20 21 22 23 24 25 26 27
 28 29 30 31 32 33 34 35 36 37 38 39 40 41 42 43 44 45 46 47 48 49 50 51
 52 53 54 55 56 57 58 59 60 61 62 63 64 65 66 67 68 69 70 71 72 73 74 75
 76 77 78 79 80]
[2024-08-07 17:34:31,595][func.train][INFO] - [DATASET] split: train video_indices: [1, 2, 3, 4, 5, 6, 7, 8, 9, 10, 11, 12, 13, 14, 15, 16, 17, 18, 19, 20, 21, 22, 23, 24, 25, 26, 27, 28, 29, 30, 31, 32, 33, 34, 35, 36, 37, 38, 39, 40, 41, 42, 43, 44, 45, 46, 47, 48, 49, 50, 51, 52, 53, 54, 55, 56, 57, 58, 59, 60]
[2024-08-07 17:34:33,806][func.train][INFO] - [DATASET] train size: 3421885
[2024-08-07 17:34:33,807][func.train][INFO] - [DATASET] train video_indices: [1, 2, 3, 4, 5, 6, 7, 8, 9, 10, 11, 12, 13, 14, 15, 16, 17, 18, 19, 20, 21, 22, 23, 24, 25, 26, 27, 28, 29, 30, 31, 32, 33, 34, 35, 36, 37, 38, 39, 40, 41, 42, 43, 44, 45, 46, 47, 48, 49, 50, 51, 52, 53, 54, 55, 56, 57, 58, 59, 60]
[2024-08-07 17:34:33,807][func.train][INFO] - [DATASET] video_idx: 1
[2024-08-07 17:34:33,946][func.train][INFO] - [DATASET] Sampled video_idx: 1 at 25 fps to 1733 frames
[2024-08-07 17:34:33,976][func.train][INFO] - [DATASET] video 1 phase_labels: torch.Size([1733])
[2024-08-07 17:34:34,431][func.train][INFO] - [DATASET] gt_remaining_time h=5: torch.Size([1733, 8])
[2024-08-07 17:34:34,431][func.train][INFO] - 

[2024-08-07 17:34:34,431][func.train][INFO] - [DATASET] video_idx: 2
[2024-08-07 17:34:34,664][func.train][INFO] - [DATASET] Sampled video_idx: 2 at 25 fps to 2839 frames
[2024-08-07 17:34:34,665][func.train][INFO] - [DATASET] video 2 phase_labels: torch.Size([2839])
[2024-08-07 17:34:34,786][func.train][INFO] - [DATASET] gt_remaining_time h=5: torch.Size([2839, 8])
[2024-08-07 17:34:34,787][func.train][INFO] - 

[2024-08-07 17:34:34,787][func.train][INFO] - [DATASET] video_idx: 3
[2024-08-07 17:34:34,976][func.train][INFO] - [DATASET] Sampled video_idx: 3 at 25 fps to 5828 frames
[2024-08-07 17:34:34,978][func.train][INFO] - [DATASET] video 3 phase_labels: torch.Size([5828])
[2024-08-07 17:34:35,147][func.train][INFO] - [DATASET] gt_remaining_time h=5: torch.Size([5828, 8])
[2024-08-07 17:34:35,147][func.train][INFO] - 

[2024-08-07 17:34:35,147][func.train][INFO] - [DATASET] video_idx: 4
[2024-08-07 17:34:35,285][func.train][INFO] - [DATASET] Sampled video_idx: 4 at 25 fps to 1522 frames
[2024-08-07 17:34:35,285][func.train][INFO] - [DATASET] video 4 phase_labels: torch.Size([1522])
[2024-08-07 17:34:35,379][func.train][INFO] - [DATASET] gt_remaining_time h=5: torch.Size([1522, 8])
[2024-08-07 17:34:35,379][func.train][INFO] - 

[2024-08-07 17:34:35,379][func.train][INFO] - [DATASET] video_idx: 5
[2024-08-07 17:34:35,522][func.train][INFO] - [DATASET] Sampled video_idx: 5 at 25 fps to 2344 frames
[2024-08-07 17:34:35,522][func.train][INFO] - [DATASET] video 5 phase_labels: torch.Size([2344])
[2024-08-07 17:34:35,618][func.train][INFO] - [DATASET] gt_remaining_time h=5: torch.Size([2344, 8])
[2024-08-07 17:34:35,618][func.train][INFO] - 

[2024-08-07 17:34:35,618][func.train][INFO] - [DATASET] video_idx: 6
[2024-08-07 17:34:35,762][func.train][INFO] - [DATASET] Sampled video_idx: 6 at 25 fps to 2153 frames
[2024-08-07 17:34:35,762][func.train][INFO] - [DATASET] video 6 phase_labels: torch.Size([2153])
[2024-08-07 17:34:35,847][func.train][INFO] - [DATASET] gt_remaining_time h=5: torch.Size([2153, 8])
[2024-08-07 17:34:35,848][func.train][INFO] - 

[2024-08-07 17:34:35,848][func.train][INFO] - [DATASET] video_idx: 7
[2024-08-07 17:34:35,996][func.train][INFO] - [DATASET] Sampled video_idx: 7 at 25 fps to 4557 frames
[2024-08-07 17:34:35,997][func.train][INFO] - [DATASET] video 7 phase_labels: torch.Size([4557])
[2024-08-07 17:34:36,142][func.train][INFO] - [DATASET] gt_remaining_time h=5: torch.Size([4557, 8])
[2024-08-07 17:34:36,143][func.train][INFO] - 

[2024-08-07 17:34:36,143][func.train][INFO] - [DATASET] video_idx: 8
[2024-08-07 17:34:36,299][func.train][INFO] - [DATASET] Sampled video_idx: 8 at 25 fps to 1519 frames
[2024-08-07 17:34:36,299][func.train][INFO] - [DATASET] video 8 phase_labels: torch.Size([1519])
[2024-08-07 17:34:36,385][func.train][INFO] - [DATASET] gt_remaining_time h=5: torch.Size([1519, 8])
[2024-08-07 17:34:36,385][func.train][INFO] - 

[2024-08-07 17:34:36,385][func.train][INFO] - [DATASET] video_idx: 9
[2024-08-07 17:34:36,527][func.train][INFO] - [DATASET] Sampled video_idx: 9 at 25 fps to 2702 frames
[2024-08-07 17:34:36,528][func.train][INFO] - [DATASET] video 9 phase_labels: torch.Size([2702])
[2024-08-07 17:34:36,632][func.train][INFO] - [DATASET] gt_remaining_time h=5: torch.Size([2702, 8])
[2024-08-07 17:34:36,633][func.train][INFO] - 

[2024-08-07 17:34:36,633][func.train][INFO] - [DATASET] video_idx: 10
[2024-08-07 17:34:36,771][func.train][INFO] - [DATASET] Sampled video_idx: 10 at 25 fps to 1749 frames
[2024-08-07 17:34:36,772][func.train][INFO] - [DATASET] video 10 phase_labels: torch.Size([1749])
[2024-08-07 17:34:36,851][func.train][INFO] - [DATASET] gt_remaining_time h=5: torch.Size([1749, 8])
[2024-08-07 17:34:36,851][func.train][INFO] - 

[2024-08-07 17:34:36,851][func.train][INFO] - [DATASET] video_idx: 11
[2024-08-07 17:34:36,993][func.train][INFO] - [DATASET] Sampled video_idx: 11 at 25 fps to 3220 frames
[2024-08-07 17:34:36,994][func.train][INFO] - [DATASET] video 11 phase_labels: torch.Size([3220])
[2024-08-07 17:34:37,106][func.train][INFO] - [DATASET] gt_remaining_time h=5: torch.Size([3220, 8])
[2024-08-07 17:34:37,107][func.train][INFO] - 

[2024-08-07 17:34:37,107][func.train][INFO] - [DATASET] video_idx: 12
[2024-08-07 17:34:37,245][func.train][INFO] - [DATASET] Sampled video_idx: 12 at 25 fps to 1090 frames
[2024-08-07 17:34:37,246][func.train][INFO] - [DATASET] video 12 phase_labels: torch.Size([1090])
[2024-08-07 17:34:37,322][func.train][INFO] - [DATASET] gt_remaining_time h=5: torch.Size([1090, 8])
[2024-08-07 17:34:37,323][func.train][INFO] - 

[2024-08-07 17:34:37,323][func.train][INFO] - [DATASET] video_idx: 13
[2024-08-07 17:34:37,458][func.train][INFO] - [DATASET] Sampled video_idx: 13 at 25 fps to 981 frames
[2024-08-07 17:34:37,459][func.train][INFO] - [DATASET] video 13 phase_labels: torch.Size([981])
[2024-08-07 17:34:37,525][func.train][INFO] - [DATASET] gt_remaining_time h=5: torch.Size([981, 8])
[2024-08-07 17:34:37,525][func.train][INFO] - 

[2024-08-07 17:34:37,525][func.train][INFO] - [DATASET] video_idx: 14
[2024-08-07 17:34:37,666][func.train][INFO] - [DATASET] Sampled video_idx: 14 at 25 fps to 1708 frames
[2024-08-07 17:34:37,667][func.train][INFO] - [DATASET] video 14 phase_labels: torch.Size([1708])
[2024-08-07 17:34:37,745][func.train][INFO] - [DATASET] gt_remaining_time h=5: torch.Size([1708, 8])
[2024-08-07 17:34:37,745][func.train][INFO] - 

[2024-08-07 17:34:37,745][func.train][INFO] - [DATASET] video_idx: 15
[2024-08-07 17:34:37,884][func.train][INFO] - [DATASET] Sampled video_idx: 15 at 25 fps to 2058 frames
[2024-08-07 17:34:37,885][func.train][INFO] - [DATASET] video 15 phase_labels: torch.Size([2058])
[2024-08-07 17:34:37,971][func.train][INFO] - [DATASET] gt_remaining_time h=5: torch.Size([2058, 8])
[2024-08-07 17:34:37,971][func.train][INFO] - 

[2024-08-07 17:34:37,971][func.train][INFO] - [DATASET] video_idx: 16
[2024-08-07 17:34:38,125][func.train][INFO] - [DATASET] Sampled video_idx: 16 at 25 fps to 2957 frames
[2024-08-07 17:34:38,126][func.train][INFO] - [DATASET] video 16 phase_labels: torch.Size([2957])
[2024-08-07 17:34:38,242][func.train][INFO] - [DATASET] gt_remaining_time h=5: torch.Size([2957, 8])
[2024-08-07 17:34:38,242][func.train][INFO] - 

[2024-08-07 17:34:38,242][func.train][INFO] - [DATASET] video_idx: 17
[2024-08-07 17:34:38,383][func.train][INFO] - [DATASET] Sampled video_idx: 17 at 25 fps to 1304 frames
[2024-08-07 17:34:38,384][func.train][INFO] - [DATASET] video 17 phase_labels: torch.Size([1304])
[2024-08-07 17:34:38,460][func.train][INFO] - [DATASET] gt_remaining_time h=5: torch.Size([1304, 8])
[2024-08-07 17:34:38,461][func.train][INFO] - 

[2024-08-07 17:34:38,461][func.train][INFO] - [DATASET] video_idx: 18
[2024-08-07 17:34:38,600][func.train][INFO] - [DATASET] Sampled video_idx: 18 at 25 fps to 1942 frames
[2024-08-07 17:34:38,601][func.train][INFO] - [DATASET] video 18 phase_labels: torch.Size([1942])
[2024-08-07 17:34:38,685][func.train][INFO] - [DATASET] gt_remaining_time h=5: torch.Size([1942, 8])
[2024-08-07 17:34:38,685][func.train][INFO] - 

[2024-08-07 17:34:38,685][func.train][INFO] - [DATASET] video_idx: 19
[2024-08-07 17:34:38,825][func.train][INFO] - [DATASET] Sampled video_idx: 19 at 25 fps to 2424 frames
[2024-08-07 17:34:38,826][func.train][INFO] - [DATASET] video 19 phase_labels: torch.Size([2424])
[2024-08-07 17:34:38,919][func.train][INFO] - [DATASET] gt_remaining_time h=5: torch.Size([2424, 8])
[2024-08-07 17:34:38,919][func.train][INFO] - 

[2024-08-07 17:34:38,919][func.train][INFO] - [DATASET] video_idx: 20
[2024-08-07 17:34:39,058][func.train][INFO] - [DATASET] Sampled video_idx: 20 at 25 fps to 1449 frames
[2024-08-07 17:34:39,059][func.train][INFO] - [DATASET] video 20 phase_labels: torch.Size([1449])
[2024-08-07 17:34:39,136][func.train][INFO] - [DATASET] gt_remaining_time h=5: torch.Size([1449, 8])
[2024-08-07 17:34:39,137][func.train][INFO] - 

[2024-08-07 17:34:39,137][func.train][INFO] - [DATASET] video_idx: 21
[2024-08-07 17:34:39,274][func.train][INFO] - [DATASET] Sampled video_idx: 21 at 25 fps to 1258 frames
[2024-08-07 17:34:39,274][func.train][INFO] - [DATASET] video 21 phase_labels: torch.Size([1258])
[2024-08-07 17:34:39,343][func.train][INFO] - [DATASET] gt_remaining_time h=5: torch.Size([1258, 8])
[2024-08-07 17:34:39,343][func.train][INFO] - 

[2024-08-07 17:34:39,343][func.train][INFO] - [DATASET] video_idx: 22
[2024-08-07 17:34:39,480][func.train][INFO] - [DATASET] Sampled video_idx: 22 at 25 fps to 1532 frames
[2024-08-07 17:34:39,481][func.train][INFO] - [DATASET] video 22 phase_labels: torch.Size([1532])
[2024-08-07 17:34:39,562][func.train][INFO] - [DATASET] gt_remaining_time h=5: torch.Size([1532, 8])
[2024-08-07 17:34:39,562][func.train][INFO] - 

[2024-08-07 17:34:39,563][func.train][INFO] - [DATASET] video_idx: 23
[2024-08-07 17:34:39,705][func.train][INFO] - [DATASET] Sampled video_idx: 23 at 25 fps to 1635 frames
[2024-08-07 17:34:39,705][func.train][INFO] - [DATASET] video 23 phase_labels: torch.Size([1635])
[2024-08-07 17:34:39,782][func.train][INFO] - [DATASET] gt_remaining_time h=5: torch.Size([1635, 8])
[2024-08-07 17:34:39,783][func.train][INFO] - 

[2024-08-07 17:34:39,783][func.train][INFO] - [DATASET] video_idx: 24
[2024-08-07 17:34:39,920][func.train][INFO] - [DATASET] Sampled video_idx: 24 at 25 fps to 1975 frames
[2024-08-07 17:34:39,921][func.train][INFO] - [DATASET] video 24 phase_labels: torch.Size([1975])
[2024-08-07 17:34:40,013][func.train][INFO] - [DATASET] gt_remaining_time h=5: torch.Size([1975, 8])
[2024-08-07 17:34:40,014][func.train][INFO] - 

[2024-08-07 17:34:40,014][func.train][INFO] - [DATASET] video_idx: 25
[2024-08-07 17:34:40,153][func.train][INFO] - [DATASET] Sampled video_idx: 25 at 25 fps to 2129 frames
[2024-08-07 17:34:40,154][func.train][INFO] - [DATASET] video 25 phase_labels: torch.Size([2129])
[2024-08-07 17:34:40,236][func.train][INFO] - [DATASET] gt_remaining_time h=5: torch.Size([2129, 8])
[2024-08-07 17:34:40,237][func.train][INFO] - 

[2024-08-07 17:34:40,237][func.train][INFO] - [DATASET] video_idx: 26
[2024-08-07 17:34:40,379][func.train][INFO] - [DATASET] Sampled video_idx: 26 at 25 fps to 1773 frames
[2024-08-07 17:34:40,380][func.train][INFO] - [DATASET] video 26 phase_labels: torch.Size([1773])
[2024-08-07 17:34:40,462][func.train][INFO] - [DATASET] gt_remaining_time h=5: torch.Size([1773, 8])
[2024-08-07 17:34:40,463][func.train][INFO] - 

[2024-08-07 17:34:40,463][func.train][INFO] - [DATASET] video_idx: 27
[2024-08-07 17:34:40,604][func.train][INFO] - [DATASET] Sampled video_idx: 27 at 25 fps to 2084 frames
[2024-08-07 17:34:40,605][func.train][INFO] - [DATASET] video 27 phase_labels: torch.Size([2084])
[2024-08-07 17:34:40,690][func.train][INFO] - [DATASET] gt_remaining_time h=5: torch.Size([2084, 8])
[2024-08-07 17:34:40,691][func.train][INFO] - 

[2024-08-07 17:34:40,691][func.train][INFO] - [DATASET] video_idx: 28
[2024-08-07 17:34:40,824][func.train][INFO] - [DATASET] Sampled video_idx: 28 at 25 fps to 1199 frames
[2024-08-07 17:34:40,825][func.train][INFO] - [DATASET] video 28 phase_labels: torch.Size([1199])
[2024-08-07 17:34:40,898][func.train][INFO] - [DATASET] gt_remaining_time h=5: torch.Size([1199, 8])
[2024-08-07 17:34:40,898][func.train][INFO] - 

[2024-08-07 17:34:40,898][func.train][INFO] - [DATASET] video_idx: 29
[2024-08-07 17:34:41,039][func.train][INFO] - [DATASET] Sampled video_idx: 29 at 25 fps to 2350 frames
[2024-08-07 17:34:41,039][func.train][INFO] - [DATASET] video 29 phase_labels: torch.Size([2350])
[2024-08-07 17:34:41,132][func.train][INFO] - [DATASET] gt_remaining_time h=5: torch.Size([2350, 8])
[2024-08-07 17:34:41,132][func.train][INFO] - 

[2024-08-07 17:34:41,133][func.train][INFO] - [DATASET] video_idx: 30
[2024-08-07 17:34:41,294][func.train][INFO] - [DATASET] Sampled video_idx: 30 at 25 fps to 2925 frames
[2024-08-07 17:34:41,295][func.train][INFO] - [DATASET] video 30 phase_labels: torch.Size([2925])
[2024-08-07 17:34:41,413][func.train][INFO] - [DATASET] gt_remaining_time h=5: torch.Size([2925, 8])
[2024-08-07 17:34:41,414][func.train][INFO] - 

[2024-08-07 17:34:41,414][func.train][INFO] - [DATASET] video_idx: 31
[2024-08-07 17:34:41,581][func.train][INFO] - [DATASET] Sampled video_idx: 31 at 25 fps to 3945 frames
[2024-08-07 17:34:41,582][func.train][INFO] - [DATASET] video 31 phase_labels: torch.Size([3945])
[2024-08-07 17:34:41,754][func.train][INFO] - [DATASET] gt_remaining_time h=5: torch.Size([3945, 8])
[2024-08-07 17:34:41,755][func.train][INFO] - 

[2024-08-07 17:34:41,755][func.train][INFO] - [DATASET] video_idx: 32
[2024-08-07 17:34:41,963][func.train][INFO] - [DATASET] Sampled video_idx: 32 at 25 fps to 2116 frames
[2024-08-07 17:34:41,964][func.train][INFO] - [DATASET] video 32 phase_labels: torch.Size([2116])
[2024-08-07 17:34:42,117][func.train][INFO] - [DATASET] gt_remaining_time h=5: torch.Size([2116, 8])
[2024-08-07 17:34:42,117][func.train][INFO] - 

[2024-08-07 17:34:42,117][func.train][INFO] - [DATASET] video_idx: 33
[2024-08-07 17:34:42,321][func.train][INFO] - [DATASET] Sampled video_idx: 33 at 25 fps to 1307 frames
[2024-08-07 17:34:42,322][func.train][INFO] - [DATASET] video 33 phase_labels: torch.Size([1307])
[2024-08-07 17:34:42,406][func.train][INFO] - [DATASET] gt_remaining_time h=5: torch.Size([1307, 8])
[2024-08-07 17:34:42,406][func.train][INFO] - 

[2024-08-07 17:34:42,407][func.train][INFO] - [DATASET] video_idx: 34
[2024-08-07 17:34:42,614][func.train][INFO] - [DATASET] Sampled video_idx: 34 at 25 fps to 1323 frames
[2024-08-07 17:34:42,615][func.train][INFO] - [DATASET] video 34 phase_labels: torch.Size([1323])
[2024-08-07 17:34:42,713][func.train][INFO] - [DATASET] gt_remaining_time h=5: torch.Size([1323, 8])
[2024-08-07 17:34:42,714][func.train][INFO] - 

[2024-08-07 17:34:42,714][func.train][INFO] - [DATASET] video_idx: 35
[2024-08-07 17:34:42,861][func.train][INFO] - [DATASET] Sampled video_idx: 35 at 25 fps to 2106 frames
[2024-08-07 17:34:42,862][func.train][INFO] - [DATASET] video 35 phase_labels: torch.Size([2106])
[2024-08-07 17:34:42,955][func.train][INFO] - [DATASET] gt_remaining_time h=5: torch.Size([2106, 8])
[2024-08-07 17:34:42,955][func.train][INFO] - 

[2024-08-07 17:34:42,955][func.train][INFO] - [DATASET] video_idx: 36
[2024-08-07 17:34:43,099][func.train][INFO] - [DATASET] Sampled video_idx: 36 at 25 fps to 2387 frames
[2024-08-07 17:34:43,100][func.train][INFO] - [DATASET] video 36 phase_labels: torch.Size([2387])
[2024-08-07 17:34:43,208][func.train][INFO] - [DATASET] gt_remaining_time h=5: torch.Size([2387, 8])
[2024-08-07 17:34:43,208][func.train][INFO] - 

[2024-08-07 17:34:43,208][func.train][INFO] - [DATASET] video_idx: 37
[2024-08-07 17:34:43,350][func.train][INFO] - [DATASET] Sampled video_idx: 37 at 25 fps to 1232 frames
[2024-08-07 17:34:43,351][func.train][INFO] - [DATASET] video 37 phase_labels: torch.Size([1232])
[2024-08-07 17:34:43,426][func.train][INFO] - [DATASET] gt_remaining_time h=5: torch.Size([1232, 8])
[2024-08-07 17:34:43,426][func.train][INFO] - 

[2024-08-07 17:34:43,426][func.train][INFO] - [DATASET] video_idx: 38
[2024-08-07 17:34:43,577][func.train][INFO] - [DATASET] Sampled video_idx: 38 at 25 fps to 3080 frames
[2024-08-07 17:34:43,578][func.train][INFO] - [DATASET] video 38 phase_labels: torch.Size([3080])
[2024-08-07 17:34:43,682][func.train][INFO] - [DATASET] gt_remaining_time h=5: torch.Size([3080, 8])
[2024-08-07 17:34:43,682][func.train][INFO] - 

[2024-08-07 17:34:43,682][func.train][INFO] - [DATASET] video_idx: 39
[2024-08-07 17:34:43,825][func.train][INFO] - [DATASET] Sampled video_idx: 39 at 25 fps to 1647 frames
[2024-08-07 17:34:43,826][func.train][INFO] - [DATASET] video 39 phase_labels: torch.Size([1647])
[2024-08-07 17:34:43,915][func.train][INFO] - [DATASET] gt_remaining_time h=5: torch.Size([1647, 8])
[2024-08-07 17:34:43,916][func.train][INFO] - 

[2024-08-07 17:34:43,916][func.train][INFO] - [DATASET] video_idx: 40
[2024-08-07 17:34:44,061][func.train][INFO] - [DATASET] Sampled video_idx: 40 at 25 fps to 2222 frames
[2024-08-07 17:34:44,062][func.train][INFO] - [DATASET] video 40 phase_labels: torch.Size([2222])
[2024-08-07 17:34:44,173][func.train][INFO] - [DATASET] gt_remaining_time h=5: torch.Size([2222, 8])
[2024-08-07 17:34:44,173][func.train][INFO] - 

[2024-08-07 17:34:44,174][func.train][INFO] - [DATASET] video_idx: 41
[2024-08-07 17:34:44,326][func.train][INFO] - [DATASET] Sampled video_idx: 41 at 25 fps to 3103 frames
[2024-08-07 17:34:44,327][func.train][INFO] - [DATASET] video 41 phase_labels: torch.Size([3103])
[2024-08-07 17:34:44,450][func.train][INFO] - [DATASET] gt_remaining_time h=5: torch.Size([3103, 8])
[2024-08-07 17:34:44,451][func.train][INFO] - 

[2024-08-07 17:34:44,451][func.train][INFO] - [DATASET] video_idx: 42
[2024-08-07 17:34:44,603][func.train][INFO] - [DATASET] Sampled video_idx: 42 at 25 fps to 3712 frames
[2024-08-07 17:34:44,604][func.train][INFO] - [DATASET] video 42 phase_labels: torch.Size([3712])
[2024-08-07 17:34:44,719][func.train][INFO] - [DATASET] gt_remaining_time h=5: torch.Size([3712, 8])
[2024-08-07 17:34:44,719][func.train][INFO] - 

[2024-08-07 17:34:44,719][func.train][INFO] - [DATASET] video_idx: 43
[2024-08-07 17:34:44,866][func.train][INFO] - [DATASET] Sampled video_idx: 43 at 25 fps to 2362 frames
[2024-08-07 17:34:44,867][func.train][INFO] - [DATASET] video 43 phase_labels: torch.Size([2362])
[2024-08-07 17:34:44,958][func.train][INFO] - [DATASET] gt_remaining_time h=5: torch.Size([2362, 8])
[2024-08-07 17:34:44,958][func.train][INFO] - 

[2024-08-07 17:34:44,959][func.train][INFO] - [DATASET] video_idx: 44
[2024-08-07 17:34:45,107][func.train][INFO] - [DATASET] Sampled video_idx: 44 at 25 fps to 3127 frames
[2024-08-07 17:34:45,108][func.train][INFO] - [DATASET] video 44 phase_labels: torch.Size([3127])
[2024-08-07 17:34:45,214][func.train][INFO] - [DATASET] gt_remaining_time h=5: torch.Size([3127, 8])
[2024-08-07 17:34:45,215][func.train][INFO] - 

[2024-08-07 17:34:45,215][func.train][INFO] - [DATASET] video_idx: 45
[2024-08-07 17:34:45,365][func.train][INFO] - [DATASET] Sampled video_idx: 45 at 25 fps to 3387 frames
[2024-08-07 17:34:45,366][func.train][INFO] - [DATASET] video 45 phase_labels: torch.Size([3387])
[2024-08-07 17:34:45,475][func.train][INFO] - [DATASET] gt_remaining_time h=5: torch.Size([3387, 8])
[2024-08-07 17:34:45,476][func.train][INFO] - 

[2024-08-07 17:34:45,476][func.train][INFO] - [DATASET] video_idx: 46
[2024-08-07 17:34:45,617][func.train][INFO] - [DATASET] Sampled video_idx: 46 at 25 fps to 1653 frames
[2024-08-07 17:34:45,618][func.train][INFO] - [DATASET] video 46 phase_labels: torch.Size([1653])
[2024-08-07 17:34:45,703][func.train][INFO] - [DATASET] gt_remaining_time h=5: torch.Size([1653, 8])
[2024-08-07 17:34:45,704][func.train][INFO] - 

[2024-08-07 17:34:45,704][func.train][INFO] - [DATASET] video_idx: 47
[2024-08-07 17:34:45,847][func.train][INFO] - [DATASET] Sampled video_idx: 47 at 25 fps to 2259 frames
[2024-08-07 17:34:45,847][func.train][INFO] - [DATASET] video 47 phase_labels: torch.Size([2259])
[2024-08-07 17:34:45,938][func.train][INFO] - [DATASET] gt_remaining_time h=5: torch.Size([2259, 8])
[2024-08-07 17:34:45,939][func.train][INFO] - 

[2024-08-07 17:34:45,939][func.train][INFO] - [DATASET] video_idx: 48
[2024-08-07 17:34:46,084][func.train][INFO] - [DATASET] Sampled video_idx: 48 at 25 fps to 1834 frames
[2024-08-07 17:34:46,085][func.train][INFO] - [DATASET] video 48 phase_labels: torch.Size([1834])
[2024-08-07 17:34:46,183][func.train][INFO] - [DATASET] gt_remaining_time h=5: torch.Size([1834, 8])
[2024-08-07 17:34:46,184][func.train][INFO] - 

[2024-08-07 17:34:46,184][func.train][INFO] - [DATASET] video_idx: 49
[2024-08-07 17:34:46,340][func.train][INFO] - [DATASET] Sampled video_idx: 49 at 25 fps to 1671 frames
[2024-08-07 17:34:46,341][func.train][INFO] - [DATASET] video 49 phase_labels: torch.Size([1671])
[2024-08-07 17:34:46,433][func.train][INFO] - [DATASET] gt_remaining_time h=5: torch.Size([1671, 8])
[2024-08-07 17:34:46,434][func.train][INFO] - 

[2024-08-07 17:34:46,434][func.train][INFO] - [DATASET] video_idx: 50
[2024-08-07 17:34:46,582][func.train][INFO] - [DATASET] Sampled video_idx: 50 at 25 fps to 1094 frames
[2024-08-07 17:34:46,582][func.train][INFO] - [DATASET] video 50 phase_labels: torch.Size([1094])
[2024-08-07 17:34:46,653][func.train][INFO] - [DATASET] gt_remaining_time h=5: torch.Size([1094, 8])
[2024-08-07 17:34:46,654][func.train][INFO] - 

[2024-08-07 17:34:46,654][func.train][INFO] - [DATASET] video_idx: 51
[2024-08-07 17:34:46,802][func.train][INFO] - [DATASET] Sampled video_idx: 51 at 25 fps to 2944 frames
[2024-08-07 17:34:46,803][func.train][INFO] - [DATASET] video 51 phase_labels: torch.Size([2944])
[2024-08-07 17:34:46,925][func.train][INFO] - [DATASET] gt_remaining_time h=5: torch.Size([2944, 8])
[2024-08-07 17:34:46,925][func.train][INFO] - 

[2024-08-07 17:34:46,925][func.train][INFO] - [DATASET] video_idx: 52
[2024-08-07 17:34:47,065][func.train][INFO] - [DATASET] Sampled video_idx: 52 at 25 fps to 1966 frames
[2024-08-07 17:34:47,066][func.train][INFO] - [DATASET] video 52 phase_labels: torch.Size([1966])
[2024-08-07 17:34:47,155][func.train][INFO] - [DATASET] gt_remaining_time h=5: torch.Size([1966, 8])
[2024-08-07 17:34:47,156][func.train][INFO] - 

[2024-08-07 17:34:47,156][func.train][INFO] - [DATASET] video_idx: 53
[2024-08-07 17:34:47,304][func.train][INFO] - [DATASET] Sampled video_idx: 53 at 25 fps to 3283 frames
[2024-08-07 17:34:47,305][func.train][INFO] - [DATASET] video 53 phase_labels: torch.Size([3283])
[2024-08-07 17:34:47,424][func.train][INFO] - [DATASET] gt_remaining_time h=5: torch.Size([3283, 8])
[2024-08-07 17:34:47,425][func.train][INFO] - 

[2024-08-07 17:34:47,425][func.train][INFO] - [DATASET] video_idx: 54
[2024-08-07 17:34:47,572][func.train][INFO] - [DATASET] Sampled video_idx: 54 at 25 fps to 3100 frames
[2024-08-07 17:34:47,573][func.train][INFO] - [DATASET] video 54 phase_labels: torch.Size([3100])
[2024-08-07 17:34:47,695][func.train][INFO] - [DATASET] gt_remaining_time h=5: torch.Size([3100, 8])
[2024-08-07 17:34:47,695][func.train][INFO] - 

[2024-08-07 17:34:47,695][func.train][INFO] - [DATASET] video_idx: 55
[2024-08-07 17:34:47,832][func.train][INFO] - [DATASET] Sampled video_idx: 55 at 25 fps to 1037 frames
[2024-08-07 17:34:47,832][func.train][INFO] - [DATASET] video 55 phase_labels: torch.Size([1037])
[2024-08-07 17:34:47,902][func.train][INFO] - [DATASET] gt_remaining_time h=5: torch.Size([1037, 8])
[2024-08-07 17:34:47,903][func.train][INFO] - 

[2024-08-07 17:34:47,903][func.train][INFO] - [DATASET] video_idx: 56
[2024-08-07 17:34:48,043][func.train][INFO] - [DATASET] Sampled video_idx: 56 at 25 fps to 1834 frames
[2024-08-07 17:34:48,044][func.train][INFO] - [DATASET] video 56 phase_labels: torch.Size([1834])
[2024-08-07 17:34:48,129][func.train][INFO] - [DATASET] gt_remaining_time h=5: torch.Size([1834, 8])
[2024-08-07 17:34:48,129][func.train][INFO] - 

[2024-08-07 17:34:48,129][func.train][INFO] - [DATASET] video_idx: 57
[2024-08-07 17:34:48,273][func.train][INFO] - [DATASET] Sampled video_idx: 57 at 25 fps to 2632 frames
[2024-08-07 17:34:48,274][func.train][INFO] - [DATASET] video 57 phase_labels: torch.Size([2632])
[2024-08-07 17:34:48,377][func.train][INFO] - [DATASET] gt_remaining_time h=5: torch.Size([2632, 8])
[2024-08-07 17:34:48,378][func.train][INFO] - 

[2024-08-07 17:34:48,378][func.train][INFO] - [DATASET] video_idx: 58
[2024-08-07 17:34:48,547][func.train][INFO] - [DATASET] Sampled video_idx: 58 at 25 fps to 5993 frames
[2024-08-07 17:34:48,548][func.train][INFO] - [DATASET] video 58 phase_labels: torch.Size([5993])
[2024-08-07 17:34:48,727][func.train][INFO] - [DATASET] gt_remaining_time h=5: torch.Size([5993, 8])
[2024-08-07 17:34:48,727][func.train][INFO] - 

[2024-08-07 17:34:48,727][func.train][INFO] - [DATASET] video_idx: 59
[2024-08-07 17:34:48,866][func.train][INFO] - [DATASET] Sampled video_idx: 59 at 25 fps to 1046 frames
[2024-08-07 17:34:48,866][func.train][INFO] - [DATASET] video 59 phase_labels: torch.Size([1046])
[2024-08-07 17:34:48,938][func.train][INFO] - [DATASET] gt_remaining_time h=5: torch.Size([1046, 8])
[2024-08-07 17:34:48,938][func.train][INFO] - 

[2024-08-07 17:34:48,938][func.train][INFO] - [DATASET] video_idx: 60
[2024-08-07 17:34:49,082][func.train][INFO] - [DATASET] Sampled video_idx: 60 at 25 fps to 2532 frames
[2024-08-07 17:34:49,082][func.train][INFO] - [DATASET] video 60 phase_labels: torch.Size([2532])
[2024-08-07 17:34:49,190][func.train][INFO] - [DATASET] gt_remaining_time h=5: torch.Size([2532, 8])
[2024-08-07 17:34:49,191][func.train][INFO] - 

[2024-08-07 17:34:49,191][func.train][INFO] - [DATASET] number of train videos: 60
[2024-08-07 17:34:49,191][func.train][INFO] - [DATASET] avg video length: 38.02 minutes
[2024-08-07 17:34:49,207][func.train][INFO] - [DATASET] num classes at 1fps in train: (136873,)
[2024-08-07 17:34:49,210][func.train][INFO] - [DATASET] classes_counts_dict: {0: 6410, 1: 57370, 2: 11129, 3: 39289, 4: 5529, 5: 12039, 6: 5107}
[2024-08-07 17:34:49,212][func.train][INFO] - [DATASET] curr_class_weights: tensor([3.0504, 0.3408, 1.7570, 0.4977, 3.5365, 1.6242, 3.8287])
[2024-08-07 17:34:49,212][func.train][INFO] - [DATASET] num_eos_vals: 19553.285714285714
[2024-08-07 17:34:49,212][func.train][INFO] - [DATASET] classes_counts_dict: {0: 6410, 1: 57370, 2: 11129, 3: 39289, 4: 5529, 5: 12039, 6: 5107, 7: 19553}
[2024-08-07 17:34:49,213][func.train][INFO] - [DATASET] next_class_weights: tensor([3.0504, 0.3408, 1.7570, 0.4977, 3.5365, 1.6242, 3.8287, 1.0000])
[2024-08-07 17:34:51,202][func.train][INFO] - [DATASET] df unique videos: [1 2 3 4 5 6 7 8 9 10 11 12 13 14 15 16 17 18 19 20 21 22 23 24 25 26 27
 28 29 30 31 32 33 34 35 36 37 38 39 40 41 42 43 44 45 46 47 48 49 50 51
 52 53 54 55 56 57 58 59 60 61 62 63 64 65 66 67 68 69 70 71 72 73 74 75
 76 77 78 79 80]
[2024-08-07 17:34:51,203][func.train][INFO] - [DATASET] split: test video_indices: [61]
[2024-08-07 17:34:51,305][func.train][INFO] - [DATASET] test size: 110226
[2024-08-07 17:34:51,306][func.train][INFO] - [DATASET] test video_indices: [61]
[2024-08-07 17:34:51,306][func.train][INFO] - [DATASET] video_idx: 61
[2024-08-07 17:34:51,335][func.train][INFO] - [DATASET] Sampled video_idx: 61 at 25 fps to 4409 frames
[2024-08-07 17:34:51,336][func.train][INFO] - [DATASET] video 61 phase_labels: torch.Size([4409])
[2024-08-07 17:34:51,491][func.train][INFO] - [DATASET] gt_remaining_time h=5: torch.Size([4409, 8])
[2024-08-07 17:34:51,492][func.train][INFO] - 

[2024-08-07 17:34:51,492][func.train][INFO] - [DATASET] number of test videos: 1
[2024-08-07 17:34:51,492][func.train][INFO] - [DATASET] avg video length: 73.48 minutes
[2024-08-07 17:34:53,151][func.train][INFO] - [DATASET] df unique videos: [1 2 3 4 5 6 7 8 9 10 11 12 13 14 15 16 17 18 19 20 21 22 23 24 25 26 27
 28 29 30 31 32 33 34 35 36 37 38 39 40 41 42 43 44 45 46 47 48 49 50 51
 52 53 54 55 56 57 58 59 60 61 62 63 64 65 66 67 68 69 70 71 72 73 74 75
 76 77 78 79 80]
[2024-08-07 17:34:53,152][func.train][INFO] - [DATASET] split: test video_indices: [62]
[2024-08-07 17:34:53,229][func.train][INFO] - [DATASET] test size: 50801
[2024-08-07 17:34:53,229][func.train][INFO] - [DATASET] test video_indices: [62]
[2024-08-07 17:34:53,230][func.train][INFO] - [DATASET] video_idx: 62
[2024-08-07 17:34:53,240][func.train][INFO] - [DATASET] Sampled video_idx: 62 at 25 fps to 2032 frames
[2024-08-07 17:34:53,241][func.train][INFO] - [DATASET] video 62 phase_labels: torch.Size([2032])
[2024-08-07 17:34:53,324][func.train][INFO] - [DATASET] gt_remaining_time h=5: torch.Size([2032, 8])
[2024-08-07 17:34:53,324][func.train][INFO] - 

[2024-08-07 17:34:53,324][func.train][INFO] - [DATASET] number of test videos: 1
[2024-08-07 17:34:53,325][func.train][INFO] - [DATASET] avg video length: 33.87 minutes
[2024-08-07 17:34:55,060][func.train][INFO] - [DATASET] df unique videos: [1 2 3 4 5 6 7 8 9 10 11 12 13 14 15 16 17 18 19 20 21 22 23 24 25 26 27
 28 29 30 31 32 33 34 35 36 37 38 39 40 41 42 43 44 45 46 47 48 49 50 51
 52 53 54 55 56 57 58 59 60 61 62 63 64 65 66 67 68 69 70 71 72 73 74 75
 76 77 78 79 80]
[2024-08-07 17:34:55,061][func.train][INFO] - [DATASET] split: test video_indices: [63]
[2024-08-07 17:34:55,159][func.train][INFO] - [DATASET] test size: 85826
[2024-08-07 17:34:55,159][func.train][INFO] - [DATASET] test video_indices: [63]
[2024-08-07 17:34:55,160][func.train][INFO] - [DATASET] video_idx: 63
[2024-08-07 17:34:55,186][func.train][INFO] - [DATASET] Sampled video_idx: 63 at 25 fps to 3433 frames
[2024-08-07 17:34:55,188][func.train][INFO] - [DATASET] video 63 phase_labels: torch.Size([3433])
[2024-08-07 17:34:55,349][func.train][INFO] - [DATASET] gt_remaining_time h=5: torch.Size([3433, 8])
[2024-08-07 17:34:55,349][func.train][INFO] - 

[2024-08-07 17:34:55,349][func.train][INFO] - [DATASET] number of test videos: 1
[2024-08-07 17:34:55,349][func.train][INFO] - [DATASET] avg video length: 57.22 minutes
[2024-08-07 17:34:57,064][func.train][INFO] - [DATASET] df unique videos: [1 2 3 4 5 6 7 8 9 10 11 12 13 14 15 16 17 18 19 20 21 22 23 24 25 26 27
 28 29 30 31 32 33 34 35 36 37 38 39 40 41 42 43 44 45 46 47 48 49 50 51
 52 53 54 55 56 57 58 59 60 61 62 63 64 65 66 67 68 69 70 71 72 73 74 75
 76 77 78 79 80]
[2024-08-07 17:34:57,064][func.train][INFO] - [DATASET] split: test video_indices: [64]
[2024-08-07 17:34:57,151][func.train][INFO] - [DATASET] test size: 59951
[2024-08-07 17:34:57,151][func.train][INFO] - [DATASET] test video_indices: [64]
[2024-08-07 17:34:57,151][func.train][INFO] - [DATASET] video_idx: 64
[2024-08-07 17:34:57,166][func.train][INFO] - [DATASET] Sampled video_idx: 64 at 25 fps to 2398 frames
[2024-08-07 17:34:57,167][func.train][INFO] - [DATASET] video 64 phase_labels: torch.Size([2398])
[2024-08-07 17:34:57,263][func.train][INFO] - [DATASET] gt_remaining_time h=5: torch.Size([2398, 8])
[2024-08-07 17:34:57,263][func.train][INFO] - 

[2024-08-07 17:34:57,264][func.train][INFO] - [DATASET] number of test videos: 1
[2024-08-07 17:34:57,264][func.train][INFO] - [DATASET] avg video length: 39.97 minutes
[2024-08-07 17:34:58,997][func.train][INFO] - [DATASET] df unique videos: [1 2 3 4 5 6 7 8 9 10 11 12 13 14 15 16 17 18 19 20 21 22 23 24 25 26 27
 28 29 30 31 32 33 34 35 36 37 38 39 40 41 42 43 44 45 46 47 48 49 50 51
 52 53 54 55 56 57 58 59 60 61 62 63 64 65 66 67 68 69 70 71 72 73 74 75
 76 77 78 79 80]
[2024-08-07 17:34:58,997][func.train][INFO] - [DATASET] split: test video_indices: [65]
[2024-08-07 17:34:59,089][func.train][INFO] - [DATASET] test size: 46826
[2024-08-07 17:34:59,090][func.train][INFO] - [DATASET] test video_indices: [65]
[2024-08-07 17:34:59,090][func.train][INFO] - [DATASET] video_idx: 65
[2024-08-07 17:34:59,102][func.train][INFO] - [DATASET] Sampled video_idx: 65 at 25 fps to 1873 frames
[2024-08-07 17:34:59,103][func.train][INFO] - [DATASET] video 65 phase_labels: torch.Size([1873])
[2024-08-07 17:34:59,189][func.train][INFO] - [DATASET] gt_remaining_time h=5: torch.Size([1873, 8])
[2024-08-07 17:34:59,189][func.train][INFO] - 

[2024-08-07 17:34:59,189][func.train][INFO] - [DATASET] number of test videos: 1
[2024-08-07 17:34:59,189][func.train][INFO] - [DATASET] avg video length: 31.22 minutes
[2024-08-07 17:35:01,035][func.train][INFO] - [DATASET] df unique videos: [1 2 3 4 5 6 7 8 9 10 11 12 13 14 15 16 17 18 19 20 21 22 23 24 25 26 27
 28 29 30 31 32 33 34 35 36 37 38 39 40 41 42 43 44 45 46 47 48 49 50 51
 52 53 54 55 56 57 58 59 60 61 62 63 64 65 66 67 68 69 70 71 72 73 74 75
 76 77 78 79 80]
[2024-08-07 17:35:01,036][func.train][INFO] - [DATASET] split: test video_indices: [66]
[2024-08-07 17:35:01,125][func.train][INFO] - [DATASET] test size: 45601
[2024-08-07 17:35:01,125][func.train][INFO] - [DATASET] test video_indices: [66]
[2024-08-07 17:35:01,125][func.train][INFO] - [DATASET] video_idx: 66
[2024-08-07 17:35:01,134][func.train][INFO] - [DATASET] Sampled video_idx: 66 at 25 fps to 1824 frames
[2024-08-07 17:35:01,135][func.train][INFO] - [DATASET] video 66 phase_labels: torch.Size([1824])
[2024-08-07 17:35:01,218][func.train][INFO] - [DATASET] gt_remaining_time h=5: torch.Size([1824, 8])
[2024-08-07 17:35:01,219][func.train][INFO] - 

[2024-08-07 17:35:01,219][func.train][INFO] - [DATASET] number of test videos: 1
[2024-08-07 17:35:01,219][func.train][INFO] - [DATASET] avg video length: 30.40 minutes
[2024-08-07 17:35:03,063][func.train][INFO] - [DATASET] df unique videos: [1 2 3 4 5 6 7 8 9 10 11 12 13 14 15 16 17 18 19 20 21 22 23 24 25 26 27
 28 29 30 31 32 33 34 35 36 37 38 39 40 41 42 43 44 45 46 47 48 49 50 51
 52 53 54 55 56 57 58 59 60 61 62 63 64 65 66 67 68 69 70 71 72 73 74 75
 76 77 78 79 80]
[2024-08-07 17:35:03,063][func.train][INFO] - [DATASET] split: test video_indices: [67]
[2024-08-07 17:35:03,149][func.train][INFO] - [DATASET] test size: 58826
[2024-08-07 17:35:03,149][func.train][INFO] - [DATASET] test video_indices: [67]
[2024-08-07 17:35:03,149][func.train][INFO] - [DATASET] video_idx: 67
[2024-08-07 17:35:03,162][func.train][INFO] - [DATASET] Sampled video_idx: 67 at 25 fps to 2353 frames
[2024-08-07 17:35:03,162][func.train][INFO] - [DATASET] video 67 phase_labels: torch.Size([2353])
[2024-08-07 17:35:03,275][func.train][INFO] - [DATASET] gt_remaining_time h=5: torch.Size([2353, 8])
[2024-08-07 17:35:03,275][func.train][INFO] - 

[2024-08-07 17:35:03,276][func.train][INFO] - [DATASET] number of test videos: 1
[2024-08-07 17:35:03,276][func.train][INFO] - [DATASET] avg video length: 39.22 minutes
[2024-08-07 17:35:05,110][func.train][INFO] - [DATASET] df unique videos: [1 2 3 4 5 6 7 8 9 10 11 12 13 14 15 16 17 18 19 20 21 22 23 24 25 26 27
 28 29 30 31 32 33 34 35 36 37 38 39 40 41 42 43 44 45 46 47 48 49 50 51
 52 53 54 55 56 57 58 59 60 61 62 63 64 65 66 67 68 69 70 71 72 73 74 75
 76 77 78 79 80]
[2024-08-07 17:35:05,111][func.train][INFO] - [DATASET] split: test video_indices: [68]
[2024-08-07 17:35:05,192][func.train][INFO] - [DATASET] test size: 49301
[2024-08-07 17:35:05,193][func.train][INFO] - [DATASET] test video_indices: [68]
[2024-08-07 17:35:05,193][func.train][INFO] - [DATASET] video_idx: 68
[2024-08-07 17:35:05,203][func.train][INFO] - [DATASET] Sampled video_idx: 68 at 25 fps to 1972 frames
[2024-08-07 17:35:05,204][func.train][INFO] - [DATASET] video 68 phase_labels: torch.Size([1972])
[2024-08-07 17:35:05,293][func.train][INFO] - [DATASET] gt_remaining_time h=5: torch.Size([1972, 8])
[2024-08-07 17:35:05,293][func.train][INFO] - 

[2024-08-07 17:35:05,293][func.train][INFO] - [DATASET] number of test videos: 1
[2024-08-07 17:35:05,293][func.train][INFO] - [DATASET] avg video length: 32.87 minutes
[2024-08-07 17:35:07,085][func.train][INFO] - [DATASET] df unique videos: [1 2 3 4 5 6 7 8 9 10 11 12 13 14 15 16 17 18 19 20 21 22 23 24 25 26 27
 28 29 30 31 32 33 34 35 36 37 38 39 40 41 42 43 44 45 46 47 48 49 50 51
 52 53 54 55 56 57 58 59 60 61 62 63 64 65 66 67 68 69 70 71 72 73 74 75
 76 77 78 79 80]
[2024-08-07 17:35:07,086][func.train][INFO] - [DATASET] split: test video_indices: [69]
[2024-08-07 17:35:07,203][func.train][INFO] - [DATASET] test size: 114376
[2024-08-07 17:35:07,203][func.train][INFO] - [DATASET] test video_indices: [69]
[2024-08-07 17:35:07,203][func.train][INFO] - [DATASET] video_idx: 69
[2024-08-07 17:35:07,232][func.train][INFO] - [DATASET] Sampled video_idx: 69 at 25 fps to 4575 frames
[2024-08-07 17:35:07,233][func.train][INFO] - [DATASET] video 69 phase_labels: torch.Size([4575])
[2024-08-07 17:35:07,371][func.train][INFO] - [DATASET] gt_remaining_time h=5: torch.Size([4575, 8])
[2024-08-07 17:35:07,372][func.train][INFO] - 

[2024-08-07 17:35:07,372][func.train][INFO] - [DATASET] number of test videos: 1
[2024-08-07 17:35:07,372][func.train][INFO] - [DATASET] avg video length: 76.25 minutes
[2024-08-07 17:35:09,388][func.train][INFO] - [DATASET] df unique videos: [1 2 3 4 5 6 7 8 9 10 11 12 13 14 15 16 17 18 19 20 21 22 23 24 25 26 27
 28 29 30 31 32 33 34 35 36 37 38 39 40 41 42 43 44 45 46 47 48 49 50 51
 52 53 54 55 56 57 58 59 60 61 62 63 64 65 66 67 68 69 70 71 72 73 74 75
 76 77 78 79 80]
[2024-08-07 17:35:09,389][func.train][INFO] - [DATASET] split: test video_indices: [70]
[2024-08-07 17:35:09,468][func.train][INFO] - [DATASET] test size: 29851
[2024-08-07 17:35:09,468][func.train][INFO] - [DATASET] test video_indices: [70]
[2024-08-07 17:35:09,468][func.train][INFO] - [DATASET] video_idx: 70
[2024-08-07 17:35:09,475][func.train][INFO] - [DATASET] Sampled video_idx: 70 at 25 fps to 1194 frames
[2024-08-07 17:35:09,476][func.train][INFO] - [DATASET] video 70 phase_labels: torch.Size([1194])
[2024-08-07 17:35:09,598][func.train][INFO] - [DATASET] gt_remaining_time h=5: torch.Size([1194, 8])
[2024-08-07 17:35:09,600][func.train][INFO] - 

[2024-08-07 17:35:09,600][func.train][INFO] - [DATASET] number of test videos: 1
[2024-08-07 17:35:09,601][func.train][INFO] - [DATASET] avg video length: 19.90 minutes
[2024-08-07 17:35:11,687][func.train][INFO] - [DATASET] df unique videos: [1 2 3 4 5 6 7 8 9 10 11 12 13 14 15 16 17 18 19 20 21 22 23 24 25 26 27
 28 29 30 31 32 33 34 35 36 37 38 39 40 41 42 43 44 45 46 47 48 49 50 51
 52 53 54 55 56 57 58 59 60 61 62 63 64 65 66 67 68 69 70 71 72 73 74 75
 76 77 78 79 80]
[2024-08-07 17:35:11,691][func.train][INFO] - [DATASET] split: test video_indices: [71]
[2024-08-07 17:35:11,790][func.train][INFO] - [DATASET] test size: 62876
[2024-08-07 17:35:11,790][func.train][INFO] - [DATASET] test video_indices: [71]
[2024-08-07 17:35:11,791][func.train][INFO] - [DATASET] video_idx: 71
[2024-08-07 17:35:11,804][func.train][INFO] - [DATASET] Sampled video_idx: 71 at 25 fps to 2515 frames
[2024-08-07 17:35:11,806][func.train][INFO] - [DATASET] video 71 phase_labels: torch.Size([2515])
[2024-08-07 17:35:11,932][func.train][INFO] - [DATASET] gt_remaining_time h=5: torch.Size([2515, 8])
[2024-08-07 17:35:11,933][func.train][INFO] - 

[2024-08-07 17:35:11,933][func.train][INFO] - [DATASET] number of test videos: 1
[2024-08-07 17:35:11,933][func.train][INFO] - [DATASET] avg video length: 41.92 minutes
[2024-08-07 17:35:13,822][func.train][INFO] - [DATASET] df unique videos: [1 2 3 4 5 6 7 8 9 10 11 12 13 14 15 16 17 18 19 20 21 22 23 24 25 26 27
 28 29 30 31 32 33 34 35 36 37 38 39 40 41 42 43 44 45 46 47 48 49 50 51
 52 53 54 55 56 57 58 59 60 61 62 63 64 65 66 67 68 69 70 71 72 73 74 75
 76 77 78 79 80]
[2024-08-07 17:35:13,822][func.train][INFO] - [DATASET] split: test video_indices: [72]
[2024-08-07 17:35:13,915][func.train][INFO] - [DATASET] test size: 77651
[2024-08-07 17:35:13,916][func.train][INFO] - [DATASET] test video_indices: [72]
[2024-08-07 17:35:13,916][func.train][INFO] - [DATASET] video_idx: 72
[2024-08-07 17:35:13,929][func.train][INFO] - [DATASET] Sampled video_idx: 72 at 25 fps to 3106 frames
[2024-08-07 17:35:13,930][func.train][INFO] - [DATASET] video 72 phase_labels: torch.Size([3106])
[2024-08-07 17:35:14,087][func.train][INFO] - [DATASET] gt_remaining_time h=5: torch.Size([3106, 8])
[2024-08-07 17:35:14,087][func.train][INFO] - 

[2024-08-07 17:35:14,087][func.train][INFO] - [DATASET] number of test videos: 1
[2024-08-07 17:35:14,088][func.train][INFO] - [DATASET] avg video length: 51.77 minutes
[2024-08-07 17:35:15,911][func.train][INFO] - [DATASET] df unique videos: [1 2 3 4 5 6 7 8 9 10 11 12 13 14 15 16 17 18 19 20 21 22 23 24 25 26 27
 28 29 30 31 32 33 34 35 36 37 38 39 40 41 42 43 44 45 46 47 48 49 50 51
 52 53 54 55 56 57 58 59 60 61 62 63 64 65 66 67 68 69 70 71 72 73 74 75
 76 77 78 79 80]
[2024-08-07 17:35:15,912][func.train][INFO] - [DATASET] split: test video_indices: [73]
[2024-08-07 17:35:15,995][func.train][INFO] - [DATASET] test size: 33901
[2024-08-07 17:35:15,995][func.train][INFO] - [DATASET] test video_indices: [73]
[2024-08-07 17:35:15,995][func.train][INFO] - [DATASET] video_idx: 73
[2024-08-07 17:35:16,003][func.train][INFO] - [DATASET] Sampled video_idx: 73 at 25 fps to 1356 frames
[2024-08-07 17:35:16,004][func.train][INFO] - [DATASET] video 73 phase_labels: torch.Size([1356])
[2024-08-07 17:35:16,081][func.train][INFO] - [DATASET] gt_remaining_time h=5: torch.Size([1356, 8])
[2024-08-07 17:35:16,081][func.train][INFO] - 

[2024-08-07 17:35:16,082][func.train][INFO] - [DATASET] number of test videos: 1
[2024-08-07 17:35:16,082][func.train][INFO] - [DATASET] avg video length: 22.60 minutes
[2024-08-07 17:35:17,781][func.train][INFO] - [DATASET] df unique videos: [1 2 3 4 5 6 7 8 9 10 11 12 13 14 15 16 17 18 19 20 21 22 23 24 25 26 27
 28 29 30 31 32 33 34 35 36 37 38 39 40 41 42 43 44 45 46 47 48 49 50 51
 52 53 54 55 56 57 58 59 60 61 62 63 64 65 66 67 68 69 70 71 72 73 74 75
 76 77 78 79 80]
[2024-08-07 17:35:17,781][func.train][INFO] - [DATASET] split: test video_indices: [74]
[2024-08-07 17:35:17,853][func.train][INFO] - [DATASET] test size: 40851
[2024-08-07 17:35:17,853][func.train][INFO] - [DATASET] test video_indices: [74]
[2024-08-07 17:35:17,853][func.train][INFO] - [DATASET] video_idx: 74
[2024-08-07 17:35:17,861][func.train][INFO] - [DATASET] Sampled video_idx: 74 at 25 fps to 1634 frames
[2024-08-07 17:35:17,862][func.train][INFO] - [DATASET] video 74 phase_labels: torch.Size([1634])
[2024-08-07 17:35:17,940][func.train][INFO] - [DATASET] gt_remaining_time h=5: torch.Size([1634, 8])
[2024-08-07 17:35:17,941][func.train][INFO] - 

[2024-08-07 17:35:17,941][func.train][INFO] - [DATASET] number of test videos: 1
[2024-08-07 17:35:17,941][func.train][INFO] - [DATASET] avg video length: 27.23 minutes
[2024-08-07 17:35:19,552][func.train][INFO] - [DATASET] df unique videos: [1 2 3 4 5 6 7 8 9 10 11 12 13 14 15 16 17 18 19 20 21 22 23 24 25 26 27
 28 29 30 31 32 33 34 35 36 37 38 39 40 41 42 43 44 45 46 47 48 49 50 51
 52 53 54 55 56 57 58 59 60 61 62 63 64 65 66 67 68 69 70 71 72 73 74 75
 76 77 78 79 80]
[2024-08-07 17:35:19,553][func.train][INFO] - [DATASET] split: test video_indices: [75]
[2024-08-07 17:35:19,631][func.train][INFO] - [DATASET] test size: 48076
[2024-08-07 17:35:19,631][func.train][INFO] - [DATASET] test video_indices: [75]
[2024-08-07 17:35:19,631][func.train][INFO] - [DATASET] video_idx: 75
[2024-08-07 17:35:19,640][func.train][INFO] - [DATASET] Sampled video_idx: 75 at 25 fps to 1923 frames
[2024-08-07 17:35:19,641][func.train][INFO] - [DATASET] video 75 phase_labels: torch.Size([1923])
[2024-08-07 17:35:19,716][func.train][INFO] - [DATASET] gt_remaining_time h=5: torch.Size([1923, 8])
[2024-08-07 17:35:19,716][func.train][INFO] - 

[2024-08-07 17:35:19,717][func.train][INFO] - [DATASET] number of test videos: 1
[2024-08-07 17:35:19,717][func.train][INFO] - [DATASET] avg video length: 32.05 minutes
[2024-08-07 17:35:21,430][func.train][INFO] - [DATASET] df unique videos: [1 2 3 4 5 6 7 8 9 10 11 12 13 14 15 16 17 18 19 20 21 22 23 24 25 26 27
 28 29 30 31 32 33 34 35 36 37 38 39 40 41 42 43 44 45 46 47 48 49 50 51
 52 53 54 55 56 57 58 59 60 61 62 63 64 65 66 67 68 69 70 71 72 73 74 75
 76 77 78 79 80]
[2024-08-07 17:35:21,430][func.train][INFO] - [DATASET] split: test video_indices: [76]
[2024-08-07 17:35:21,514][func.train][INFO] - [DATASET] test size: 66226
[2024-08-07 17:35:21,514][func.train][INFO] - [DATASET] test video_indices: [76]
[2024-08-07 17:35:21,514][func.train][INFO] - [DATASET] video_idx: 76
[2024-08-07 17:35:21,529][func.train][INFO] - [DATASET] Sampled video_idx: 76 at 25 fps to 2649 frames
[2024-08-07 17:35:21,530][func.train][INFO] - [DATASET] video 76 phase_labels: torch.Size([2649])
[2024-08-07 17:35:21,622][func.train][INFO] - [DATASET] gt_remaining_time h=5: torch.Size([2649, 8])
[2024-08-07 17:35:21,622][func.train][INFO] - 

[2024-08-07 17:35:21,623][func.train][INFO] - [DATASET] number of test videos: 1
[2024-08-07 17:35:21,623][func.train][INFO] - [DATASET] avg video length: 44.15 minutes
[2024-08-07 17:35:23,312][func.train][INFO] - [DATASET] df unique videos: [1 2 3 4 5 6 7 8 9 10 11 12 13 14 15 16 17 18 19 20 21 22 23 24 25 26 27
 28 29 30 31 32 33 34 35 36 37 38 39 40 41 42 43 44 45 46 47 48 49 50 51
 52 53 54 55 56 57 58 59 60 61 62 63 64 65 66 67 68 69 70 71 72 73 74 75
 76 77 78 79 80]
[2024-08-07 17:35:23,312][func.train][INFO] - [DATASET] split: test video_indices: [77]
[2024-08-07 17:35:23,403][func.train][INFO] - [DATASET] test size: 62551
[2024-08-07 17:35:23,404][func.train][INFO] - [DATASET] test video_indices: [77]
[2024-08-07 17:35:23,404][func.train][INFO] - [DATASET] video_idx: 77
[2024-08-07 17:35:23,414][func.train][INFO] - [DATASET] Sampled video_idx: 77 at 25 fps to 2502 frames
[2024-08-07 17:35:23,415][func.train][INFO] - [DATASET] video 77 phase_labels: torch.Size([2502])
[2024-08-07 17:35:23,508][func.train][INFO] - [DATASET] gt_remaining_time h=5: torch.Size([2502, 8])
[2024-08-07 17:35:23,509][func.train][INFO] - 

[2024-08-07 17:35:23,509][func.train][INFO] - [DATASET] number of test videos: 1
[2024-08-07 17:35:23,509][func.train][INFO] - [DATASET] avg video length: 41.70 minutes
[2024-08-07 17:35:25,162][func.train][INFO] - [DATASET] df unique videos: [1 2 3 4 5 6 7 8 9 10 11 12 13 14 15 16 17 18 19 20 21 22 23 24 25 26 27
 28 29 30 31 32 33 34 35 36 37 38 39 40 41 42 43 44 45 46 47 48 49 50 51
 52 53 54 55 56 57 58 59 60 61 62 63 64 65 66 67 68 69 70 71 72 73 74 75
 76 77 78 79 80]
[2024-08-07 17:35:25,162][func.train][INFO] - [DATASET] split: test video_indices: [78]
[2024-08-07 17:35:25,231][func.train][INFO] - [DATASET] test size: 18476
[2024-08-07 17:35:25,232][func.train][INFO] - [DATASET] test video_indices: [78]
[2024-08-07 17:35:25,232][func.train][INFO] - [DATASET] video_idx: 78
[2024-08-07 17:35:25,236][func.train][INFO] - [DATASET] Sampled video_idx: 78 at 25 fps to 739 frames
[2024-08-07 17:35:25,237][func.train][INFO] - [DATASET] video 78 phase_labels: torch.Size([739])
[2024-08-07 17:35:25,301][func.train][INFO] - [DATASET] gt_remaining_time h=5: torch.Size([739, 8])
[2024-08-07 17:35:25,302][func.train][INFO] - 

[2024-08-07 17:35:25,302][func.train][INFO] - [DATASET] number of test videos: 1
[2024-08-07 17:35:25,302][func.train][INFO] - [DATASET] avg video length: 12.32 minutes
