[2024-04-26 16:21:10,122][func.train][INFO] - Dist info:
[2024-04-26 16:21:10,123][func.train][INFO] - torch version: 2.2.2+cu121
[2024-04-26 16:21:10,124][func.train][INFO] - torchvision version: 0.17.2+cu121
[2024-04-26 16:21:10,124][func.train][INFO] - hydra version: 1.3.2
[2024-04-26 16:21:10,130][func.train][INFO] - Loading data
[2024-04-26 16:21:10,131][func.train][INFO] - Loading datasets
[2024-04-26 16:22:46,676][func.train][INFO] - [DATASET] ALL loaded dataframe in 1m 37s
[2024-04-26 16:22:46,679][func.train][INFO] - [DATASET] ALL loaded dataframe: (4612530, 11)
[2024-04-26 16:23:20,889][func.train][INFO] - [DATASET] params: {'debug': False, 'dataset_name': 'cholec80', 'reduc_feats_folder': 'train_targets_x_mp/', 'num_classes': 7, 'num_next_labels': 6, 'last_seg_class': 7, 'predict_next_phase': True, 'get_target_feats': False, 'replace_current_with_next_class': False}
[2024-04-26 16:24:54,189][func.train][INFO] - [DATASET] train size: 2157640
[2024-04-26 16:24:54,191][func.train][INFO] - [DATASET] train video_indices: [1, 2, 3, 4, 5, 6, 7, 8, 9, 10, 11, 12, 13, 14, 15, 16, 17, 18, 19, 20, 21, 22, 23, 24, 25, 26, 27, 28, 29, 30, 31, 32, 33, 34, 35, 36, 37, 38, 39, 40]
[2024-04-26 16:24:54,491][func.train][INFO] - [DATASET] Sampling video_idx: 1 at 25 fps to 1733 frames
[2024-04-26 16:24:55,126][func.train][INFO] - [DATASET] video 1 label_list: torch.Size([1733])
[2024-04-26 16:24:55,651][func.train][INFO] - [DATASET] Sampling video_idx: 2 at 25 fps to 2839 frames
[2024-04-26 16:24:55,653][func.train][INFO] - [DATASET] video 2 label_list: torch.Size([2839])
[2024-04-26 16:24:55,911][func.train][INFO] - [DATASET] Sampling video_idx: 3 at 25 fps to 5828 frames
[2024-04-26 16:24:55,917][func.train][INFO] - [DATASET] video 3 label_list: torch.Size([5828])
[2024-04-26 16:24:56,170][func.train][INFO] - [DATASET] Sampling video_idx: 4 at 25 fps to 1522 frames
[2024-04-26 16:24:56,174][func.train][INFO] - [DATASET] video 4 label_list: torch.Size([1522])
[2024-04-26 16:24:56,413][func.train][INFO] - [DATASET] Sampling video_idx: 5 at 25 fps to 2344 frames
[2024-04-26 16:24:56,417][func.train][INFO] - [DATASET] video 5 label_list: torch.Size([2344])
[2024-04-26 16:24:56,623][func.train][INFO] - [DATASET] Sampling video_idx: 6 at 25 fps to 2153 frames
[2024-04-26 16:24:56,627][func.train][INFO] - [DATASET] video 6 label_list: torch.Size([2153])
[2024-04-26 16:24:56,897][func.train][INFO] - [DATASET] Sampling video_idx: 7 at 25 fps to 4557 frames
[2024-04-26 16:24:56,902][func.train][INFO] - [DATASET] video 7 label_list: torch.Size([4557])
[2024-04-26 16:24:57,138][func.train][INFO] - [DATASET] Sampling video_idx: 8 at 25 fps to 1519 frames
[2024-04-26 16:24:57,141][func.train][INFO] - [DATASET] video 8 label_list: torch.Size([1519])
[2024-04-26 16:24:57,378][func.train][INFO] - [DATASET] Sampling video_idx: 9 at 25 fps to 2702 frames
[2024-04-26 16:24:57,382][func.train][INFO] - [DATASET] video 9 label_list: torch.Size([2702])
[2024-04-26 16:24:57,698][func.train][INFO] - [DATASET] Sampling video_idx: 10 at 25 fps to 1749 frames
[2024-04-26 16:24:57,702][func.train][INFO] - [DATASET] video 10 label_list: torch.Size([1749])
[2024-04-26 16:24:57,955][func.train][INFO] - [DATASET] Sampling video_idx: 11 at 25 fps to 3220 frames
[2024-04-26 16:24:57,959][func.train][INFO] - [DATASET] video 11 label_list: torch.Size([3220])
[2024-04-26 16:24:58,167][func.train][INFO] - [DATASET] Sampling video_idx: 12 at 25 fps to 1090 frames
[2024-04-26 16:24:58,170][func.train][INFO] - [DATASET] video 12 label_list: torch.Size([1090])
[2024-04-26 16:24:58,403][func.train][INFO] - [DATASET] Sampling video_idx: 13 at 25 fps to 981 frames
[2024-04-26 16:24:58,408][func.train][INFO] - [DATASET] video 13 label_list: torch.Size([981])
[2024-04-26 16:24:58,727][func.train][INFO] - [DATASET] Sampling video_idx: 14 at 25 fps to 1708 frames
[2024-04-26 16:24:58,730][func.train][INFO] - [DATASET] video 14 label_list: torch.Size([1708])
[2024-04-26 16:24:58,949][func.train][INFO] - [DATASET] Sampling video_idx: 15 at 25 fps to 2058 frames
[2024-04-26 16:24:58,952][func.train][INFO] - [DATASET] video 15 label_list: torch.Size([2058])
[2024-04-26 16:24:59,200][func.train][INFO] - [DATASET] Sampling video_idx: 16 at 25 fps to 2957 frames
[2024-04-26 16:24:59,204][func.train][INFO] - [DATASET] video 16 label_list: torch.Size([2957])
[2024-04-26 16:24:59,416][func.train][INFO] - [DATASET] Sampling video_idx: 17 at 25 fps to 1304 frames
[2024-04-26 16:24:59,418][func.train][INFO] - [DATASET] video 17 label_list: torch.Size([1304])
[2024-04-26 16:24:59,612][func.train][INFO] - [DATASET] Sampling video_idx: 18 at 25 fps to 1942 frames
[2024-04-26 16:24:59,614][func.train][INFO] - [DATASET] video 18 label_list: torch.Size([1942])
[2024-04-26 16:24:59,829][func.train][INFO] - [DATASET] Sampling video_idx: 19 at 25 fps to 2424 frames
[2024-04-26 16:24:59,832][func.train][INFO] - [DATASET] video 19 label_list: torch.Size([2424])
[2024-04-26 16:25:00,030][func.train][INFO] - [DATASET] Sampling video_idx: 20 at 25 fps to 1449 frames
[2024-04-26 16:25:00,033][func.train][INFO] - [DATASET] video 20 label_list: torch.Size([1449])
[2024-04-26 16:25:00,248][func.train][INFO] - [DATASET] Sampling video_idx: 21 at 25 fps to 1258 frames
[2024-04-26 16:25:00,251][func.train][INFO] - [DATASET] video 21 label_list: torch.Size([1258])
[2024-04-26 16:25:00,453][func.train][INFO] - [DATASET] Sampling video_idx: 22 at 25 fps to 1532 frames
[2024-04-26 16:25:00,455][func.train][INFO] - [DATASET] video 22 label_list: torch.Size([1532])
[2024-04-26 16:25:00,650][func.train][INFO] - [DATASET] Sampling video_idx: 23 at 25 fps to 1635 frames
[2024-04-26 16:25:00,653][func.train][INFO] - [DATASET] video 23 label_list: torch.Size([1635])
[2024-04-26 16:25:00,871][func.train][INFO] - [DATASET] Sampling video_idx: 24 at 25 fps to 1975 frames
[2024-04-26 16:25:00,874][func.train][INFO] - [DATASET] video 24 label_list: torch.Size([1975])
[2024-04-26 16:25:01,083][func.train][INFO] - [DATASET] Sampling video_idx: 25 at 25 fps to 2129 frames
[2024-04-26 16:25:01,086][func.train][INFO] - [DATASET] video 25 label_list: torch.Size([2129])
[2024-04-26 16:25:01,284][func.train][INFO] - [DATASET] Sampling video_idx: 26 at 25 fps to 1773 frames
[2024-04-26 16:25:01,287][func.train][INFO] - [DATASET] video 26 label_list: torch.Size([1773])
[2024-04-26 16:25:01,524][func.train][INFO] - [DATASET] Sampling video_idx: 27 at 25 fps to 2084 frames
[2024-04-26 16:25:01,528][func.train][INFO] - [DATASET] video 27 label_list: torch.Size([2084])
[2024-04-26 16:25:01,740][func.train][INFO] - [DATASET] Sampling video_idx: 28 at 25 fps to 1199 frames
[2024-04-26 16:25:01,743][func.train][INFO] - [DATASET] video 28 label_list: torch.Size([1199])
[2024-04-26 16:25:01,964][func.train][INFO] - [DATASET] Sampling video_idx: 29 at 25 fps to 2350 frames
[2024-04-26 16:25:01,966][func.train][INFO] - [DATASET] video 29 label_list: torch.Size([2350])
[2024-04-26 16:25:02,214][func.train][INFO] - [DATASET] Sampling video_idx: 30 at 25 fps to 2925 frames
[2024-04-26 16:25:02,218][func.train][INFO] - [DATASET] video 30 label_list: torch.Size([2925])
[2024-04-26 16:25:02,513][func.train][INFO] - [DATASET] Sampling video_idx: 31 at 25 fps to 3945 frames
[2024-04-26 16:25:02,517][func.train][INFO] - [DATASET] video 31 label_list: torch.Size([3945])
[2024-04-26 16:25:02,748][func.train][INFO] - [DATASET] Sampling video_idx: 32 at 25 fps to 2116 frames
[2024-04-26 16:25:02,753][func.train][INFO] - [DATASET] video 32 label_list: torch.Size([2116])
[2024-04-26 16:25:02,938][func.train][INFO] - [DATASET] Sampling video_idx: 33 at 25 fps to 1307 frames
[2024-04-26 16:25:02,940][func.train][INFO] - [DATASET] video 33 label_list: torch.Size([1307])
[2024-04-26 16:25:03,157][func.train][INFO] - [DATASET] Sampling video_idx: 34 at 25 fps to 1323 frames
[2024-04-26 16:25:03,160][func.train][INFO] - [DATASET] video 34 label_list: torch.Size([1323])
[2024-04-26 16:25:03,372][func.train][INFO] - [DATASET] Sampling video_idx: 35 at 25 fps to 2106 frames
[2024-04-26 16:25:03,375][func.train][INFO] - [DATASET] video 35 label_list: torch.Size([2106])
[2024-04-26 16:25:03,577][func.train][INFO] - [DATASET] Sampling video_idx: 36 at 25 fps to 2387 frames
[2024-04-26 16:25:03,581][func.train][INFO] - [DATASET] video 36 label_list: torch.Size([2387])
[2024-04-26 16:25:03,806][func.train][INFO] - [DATASET] Sampling video_idx: 37 at 25 fps to 1232 frames
[2024-04-26 16:25:03,808][func.train][INFO] - [DATASET] video 37 label_list: torch.Size([1232])
[2024-04-26 16:25:04,091][func.train][INFO] - [DATASET] Sampling video_idx: 38 at 25 fps to 3080 frames
[2024-04-26 16:25:04,094][func.train][INFO] - [DATASET] video 38 label_list: torch.Size([3080])
[2024-04-26 16:25:04,381][func.train][INFO] - [DATASET] Sampling video_idx: 39 at 25 fps to 1647 frames
[2024-04-26 16:25:04,384][func.train][INFO] - [DATASET] video 39 label_list: torch.Size([1647])
[2024-04-26 16:25:04,610][func.train][INFO] - [DATASET] Sampling video_idx: 40 at 25 fps to 2222 frames
[2024-04-26 16:25:04,613][func.train][INFO] - [DATASET] video 40 label_list: torch.Size([2222])
[2024-04-26 16:25:04,626][func.train][INFO] - [DATASET] number of train videos: 40
[2024-04-26 16:25:04,627][func.train][INFO] - [DATASET] avg video length: 35.96 minutes
[2024-04-26 16:25:12,526][func.train][INFO] - [DATASET] classes_counts: {0: 93902, 1: 922150, 2: 183225, 3: 602975, 4: 92900, 5: 180478, 6: 82010}
[2024-04-26 16:25:12,531][func.train][INFO] - [DATASET] curr_class_weights: tensor([0.3342, 1.6821, 0.5112, 3.3171, 1.7077, 3.7575, 3.2818])
[2024-04-26 16:26:28,197][func.train][INFO] - [DATASET] test size: 77576
[2024-04-26 16:26:28,199][func.train][INFO] - [DATASET] test video_indices: [41]
[2024-04-26 16:26:28,224][func.train][INFO] - [DATASET] Sampling video_idx: 41 at 25 fps to 3103 frames
[2024-04-26 16:26:28,227][func.train][INFO] - [DATASET] video 41 label_list: torch.Size([3103])
[2024-04-26 16:26:28,250][func.train][INFO] - [DATASET] number of test videos: 1
[2024-04-26 16:26:28,251][func.train][INFO] - [DATASET] avg video length: 51.72 minutes
[2024-04-26 16:27:28,540][func.train][INFO] - [DATASET] test size: 92801
[2024-04-26 16:27:28,541][func.train][INFO] - [DATASET] test video_indices: [42]
[2024-04-26 16:27:28,571][func.train][INFO] - [DATASET] Sampling video_idx: 42 at 25 fps to 3712 frames
[2024-04-26 16:27:28,575][func.train][INFO] - [DATASET] video 42 label_list: torch.Size([3712])
[2024-04-26 16:27:28,622][func.train][INFO] - [DATASET] number of test videos: 1
[2024-04-26 16:27:28,623][func.train][INFO] - [DATASET] avg video length: 61.87 minutes
[2024-04-26 16:29:59,866][func.train][INFO] - [DATASET] test size: 59051
[2024-04-26 16:29:59,868][func.train][INFO] - [DATASET] test video_indices: [43]
[2024-04-26 16:29:59,884][func.train][INFO] - [DATASET] Sampling video_idx: 43 at 25 fps to 2362 frames
[2024-04-26 16:29:59,886][func.train][INFO] - [DATASET] video 43 label_list: torch.Size([2362])
[2024-04-26 16:29:59,962][func.train][INFO] - [DATASET] number of test videos: 1
[2024-04-26 16:29:59,962][func.train][INFO] - [DATASET] avg video length: 39.37 minutes
[2024-04-26 16:30:38,865][func.train][INFO] - [DATASET] test size: 78176
[2024-04-26 16:30:38,865][func.train][INFO] - [DATASET] test video_indices: [44]
[2024-04-26 16:30:38,885][func.train][INFO] - [DATASET] Sampling video_idx: 44 at 25 fps to 3127 frames
[2024-04-26 16:30:38,887][func.train][INFO] - [DATASET] video 44 label_list: torch.Size([3127])
[2024-04-26 16:30:38,911][func.train][INFO] - [DATASET] number of test videos: 1
[2024-04-26 16:30:38,912][func.train][INFO] - [DATASET] avg video length: 52.12 minutes
[2024-04-26 16:30:59,914][func.train][INFO] - [DATASET] test size: 84676
[2024-04-26 16:30:59,915][func.train][INFO] - [DATASET] test video_indices: [45]
[2024-04-26 16:30:59,940][func.train][INFO] - [DATASET] Sampling video_idx: 45 at 25 fps to 3387 frames
[2024-04-26 16:30:59,942][func.train][INFO] - [DATASET] video 45 label_list: torch.Size([3387])
[2024-04-26 16:30:59,989][func.train][INFO] - [DATASET] number of test videos: 1
[2024-04-26 16:30:59,989][func.train][INFO] - [DATASET] avg video length: 56.45 minutes
[2024-04-26 16:31:36,227][func.train][INFO] - [DATASET] test size: 41326
[2024-04-26 16:31:36,229][func.train][INFO] - [DATASET] test video_indices: [46]
[2024-04-26 16:31:36,279][func.train][INFO] - [DATASET] Sampling video_idx: 46 at 25 fps to 1653 frames
[2024-04-26 16:31:36,281][func.train][INFO] - [DATASET] video 46 label_list: torch.Size([1653])
[2024-04-26 16:31:36,289][func.train][INFO] - [DATASET] number of test videos: 1
[2024-04-26 16:31:36,290][func.train][INFO] - [DATASET] avg video length: 27.55 minutes
[2024-04-26 16:31:41,787][func.train][INFO] - [DATASET] test size: 56476
[2024-04-26 16:31:41,788][func.train][INFO] - [DATASET] test video_indices: [47]
[2024-04-26 16:31:41,827][func.train][INFO] - [DATASET] Sampling video_idx: 47 at 25 fps to 2259 frames
[2024-04-26 16:31:41,832][func.train][INFO] - [DATASET] video 47 label_list: torch.Size([2259])
[2024-04-26 16:31:41,851][func.train][INFO] - [DATASET] number of test videos: 1
[2024-04-26 16:31:41,855][func.train][INFO] - [DATASET] avg video length: 37.65 minutes
[2024-04-26 16:32:59,225][func.train][INFO] - [DATASET] test size: 45851
[2024-04-26 16:32:59,226][func.train][INFO] - [DATASET] test video_indices: [48]
[2024-04-26 16:32:59,241][func.train][INFO] - [DATASET] Sampling video_idx: 48 at 25 fps to 1834 frames
[2024-04-26 16:32:59,242][func.train][INFO] - [DATASET] video 48 label_list: torch.Size([1834])
[2024-04-26 16:32:59,268][func.train][INFO] - [DATASET] number of test videos: 1
[2024-04-26 16:32:59,268][func.train][INFO] - [DATASET] avg video length: 30.57 minutes
[2024-04-26 16:33:47,366][func.train][INFO] - [DATASET] test size: 41776
[2024-04-26 16:33:47,367][func.train][INFO] - [DATASET] test video_indices: [49]
[2024-04-26 16:33:47,388][func.train][INFO] - [DATASET] Sampling video_idx: 49 at 25 fps to 1671 frames
[2024-04-26 16:33:47,391][func.train][INFO] - [DATASET] video 49 label_list: torch.Size([1671])
[2024-04-26 16:33:47,402][func.train][INFO] - [DATASET] number of test videos: 1
[2024-04-26 16:33:47,402][func.train][INFO] - [DATASET] avg video length: 27.85 minutes
[2024-04-26 16:34:29,800][func.train][INFO] - [DATASET] test size: 27351
[2024-04-26 16:34:29,801][func.train][INFO] - [DATASET] test video_indices: [50]
[2024-04-26 16:34:29,816][func.train][INFO] - [DATASET] Sampling video_idx: 50 at 25 fps to 1094 frames
[2024-04-26 16:34:29,820][func.train][INFO] - [DATASET] video 50 label_list: torch.Size([1094])
[2024-04-26 16:34:29,840][func.train][INFO] - [DATASET] number of test videos: 1
[2024-04-26 16:34:29,841][func.train][INFO] - [DATASET] avg video length: 18.23 minutes
[2024-04-26 16:35:41,293][func.train][INFO] - [DATASET] test size: 73601
[2024-04-26 16:35:41,294][func.train][INFO] - [DATASET] test video_indices: [51]
[2024-04-26 16:35:41,322][func.train][INFO] - [DATASET] Sampling video_idx: 51 at 25 fps to 2944 frames
[2024-04-26 16:35:41,324][func.train][INFO] - [DATASET] video 51 label_list: torch.Size([2944])
[2024-04-26 16:35:41,341][func.train][INFO] - [DATASET] number of test videos: 1
[2024-04-26 16:35:41,341][func.train][INFO] - [DATASET] avg video length: 49.07 minutes
[2024-04-26 16:36:29,634][func.train][INFO] - [DATASET] test size: 49151
[2024-04-26 16:36:29,636][func.train][INFO] - [DATASET] test video_indices: [52]
[2024-04-26 16:36:29,669][func.train][INFO] - [DATASET] Sampling video_idx: 52 at 25 fps to 1966 frames
[2024-04-26 16:36:29,673][func.train][INFO] - [DATASET] video 52 label_list: torch.Size([1966])
[2024-04-26 16:36:29,685][func.train][INFO] - [DATASET] number of test videos: 1
[2024-04-26 16:36:29,686][func.train][INFO] - [DATASET] avg video length: 32.77 minutes
[2024-04-26 16:37:27,325][func.train][INFO] - [DATASET] test size: 82076
[2024-04-26 16:37:27,326][func.train][INFO] - [DATASET] test video_indices: [53]
[2024-04-26 16:37:27,375][func.train][INFO] - [DATASET] Sampling video_idx: 53 at 25 fps to 3283 frames
[2024-04-26 16:37:27,380][func.train][INFO] - [DATASET] video 53 label_list: torch.Size([3283])
[2024-04-26 16:37:27,485][func.train][INFO] - [DATASET] number of test videos: 1
[2024-04-26 16:37:27,486][func.train][INFO] - [DATASET] avg video length: 54.72 minutes
[2024-04-26 16:37:33,710][func.train][INFO] - [DATASET] test size: 77501
[2024-04-26 16:37:33,711][func.train][INFO] - [DATASET] test video_indices: [54]
[2024-04-26 16:37:33,775][func.train][INFO] - [DATASET] Sampling video_idx: 54 at 25 fps to 3100 frames
[2024-04-26 16:37:33,787][func.train][INFO] - [DATASET] video 54 label_list: torch.Size([3100])
[2024-04-26 16:37:33,908][func.train][INFO] - [DATASET] number of test videos: 1
[2024-04-26 16:37:33,909][func.train][INFO] - [DATASET] avg video length: 51.67 minutes
[2024-04-26 16:37:44,388][func.train][INFO] - [DATASET] test size: 25926
[2024-04-26 16:37:44,390][func.train][INFO] - [DATASET] test video_indices: [55]
[2024-04-26 16:37:44,408][func.train][INFO] - [DATASET] Sampling video_idx: 55 at 25 fps to 1037 frames
[2024-04-26 16:37:44,411][func.train][INFO] - [DATASET] video 55 label_list: torch.Size([1037])
[2024-04-26 16:37:44,421][func.train][INFO] - [DATASET] number of test videos: 1
[2024-04-26 16:37:44,423][func.train][INFO] - [DATASET] avg video length: 17.28 minutes
[2024-04-26 16:37:59,394][func.train][INFO] - [DATASET] test size: 45851
[2024-04-26 16:37:59,396][func.train][INFO] - [DATASET] test video_indices: [56]
[2024-04-26 16:37:59,422][func.train][INFO] - [DATASET] Sampling video_idx: 56 at 25 fps to 1834 frames
[2024-04-26 16:37:59,425][func.train][INFO] - [DATASET] video 56 label_list: torch.Size([1834])
[2024-04-26 16:37:59,440][func.train][INFO] - [DATASET] number of test videos: 1
[2024-04-26 16:37:59,443][func.train][INFO] - [DATASET] avg video length: 30.57 minutes
[2024-04-26 16:38:13,558][func.train][INFO] - [DATASET] test size: 65801
[2024-04-26 16:38:13,560][func.train][INFO] - [DATASET] test video_indices: [57]
[2024-04-26 16:38:13,593][func.train][INFO] - [DATASET] Sampling video_idx: 57 at 25 fps to 2632 frames
[2024-04-26 16:38:13,598][func.train][INFO] - [DATASET] video 57 label_list: torch.Size([2632])
[2024-04-26 16:38:13,631][func.train][INFO] - [DATASET] number of test videos: 1
[2024-04-26 16:38:13,632][func.train][INFO] - [DATASET] avg video length: 43.87 minutes
[2024-04-26 16:38:42,981][func.train][INFO] - [DATASET] test size: 149826
[2024-04-26 16:38:42,982][func.train][INFO] - [DATASET] test video_indices: [58]
[2024-04-26 16:38:43,048][func.train][INFO] - [DATASET] Sampling video_idx: 58 at 25 fps to 5993 frames
[2024-04-26 16:38:43,055][func.train][INFO] - [DATASET] video 58 label_list: torch.Size([5993])
[2024-04-26 16:38:43,126][func.train][INFO] - [DATASET] number of test videos: 1
[2024-04-26 16:38:43,127][func.train][INFO] - [DATASET] avg video length: 99.88 minutes
[2024-04-26 16:39:17,563][func.train][INFO] - [DATASET] test size: 26151
[2024-04-26 16:39:17,564][func.train][INFO] - [DATASET] test video_indices: [59]
[2024-04-26 16:39:17,577][func.train][INFO] - [DATASET] Sampling video_idx: 59 at 25 fps to 1046 frames
[2024-04-26 16:39:17,579][func.train][INFO] - [DATASET] video 59 label_list: torch.Size([1046])
[2024-04-26 16:39:17,585][func.train][INFO] - [DATASET] number of test videos: 1
[2024-04-26 16:39:17,586][func.train][INFO] - [DATASET] avg video length: 17.43 minutes
[2024-04-26 16:39:43,644][func.train][INFO] - [DATASET] test size: 63301
[2024-04-26 16:39:43,645][func.train][INFO] - [DATASET] test video_indices: [60]
[2024-04-26 16:39:43,670][func.train][INFO] - [DATASET] Sampling video_idx: 60 at 25 fps to 2532 frames
[2024-04-26 16:39:43,673][func.train][INFO] - [DATASET] video 60 label_list: torch.Size([2532])
[2024-04-26 16:39:43,689][func.train][INFO] - [DATASET] number of test videos: 1
[2024-04-26 16:39:43,689][func.train][INFO] - [DATASET] avg video length: 42.20 minutes
[2024-04-26 16:40:21,625][func.train][INFO] - [DATASET] test size: 110226
[2024-04-26 16:40:21,626][func.train][INFO] - [DATASET] test video_indices: [61]
[2024-04-26 16:40:21,666][func.train][INFO] - [DATASET] Sampling video_idx: 61 at 25 fps to 4409 frames
[2024-04-26 16:40:21,669][func.train][INFO] - [DATASET] video 61 label_list: torch.Size([4409])
[2024-04-26 16:40:21,692][func.train][INFO] - [DATASET] number of test videos: 1
[2024-04-26 16:40:21,692][func.train][INFO] - [DATASET] avg video length: 73.48 minutes
[2024-04-26 16:40:49,313][func.train][INFO] - [DATASET] test size: 50801
[2024-04-26 16:40:49,314][func.train][INFO] - [DATASET] test video_indices: [62]
[2024-04-26 16:40:49,331][func.train][INFO] - [DATASET] Sampling video_idx: 62 at 25 fps to 2032 frames
[2024-04-26 16:40:49,333][func.train][INFO] - [DATASET] video 62 label_list: torch.Size([2032])
[2024-04-26 16:40:49,358][func.train][INFO] - [DATASET] number of test videos: 1
[2024-04-26 16:40:49,359][func.train][INFO] - [DATASET] avg video length: 33.87 minutes
[2024-04-26 16:42:49,004][func.train][INFO] - [DATASET] test size: 85826
[2024-04-26 16:42:49,006][func.train][INFO] - [DATASET] test video_indices: [63]
[2024-04-26 16:42:49,027][func.train][INFO] - [DATASET] Sampling video_idx: 63 at 25 fps to 3433 frames
[2024-04-26 16:42:49,030][func.train][INFO] - [DATASET] video 63 label_list: torch.Size([3433])
[2024-04-26 16:42:49,052][func.train][INFO] - [DATASET] number of test videos: 1
[2024-04-26 16:42:49,052][func.train][INFO] - [DATASET] avg video length: 57.22 minutes
[2024-04-26 16:43:09,705][func.train][INFO] - [DATASET] test size: 59951
[2024-04-26 16:43:09,706][func.train][INFO] - [DATASET] test video_indices: [64]
[2024-04-26 16:43:09,718][func.train][INFO] - [DATASET] Sampling video_idx: 64 at 25 fps to 2398 frames
[2024-04-26 16:43:09,720][func.train][INFO] - [DATASET] video 64 label_list: torch.Size([2398])
[2024-04-26 16:43:09,726][func.train][INFO] - [DATASET] number of test videos: 1
[2024-04-26 16:43:09,727][func.train][INFO] - [DATASET] avg video length: 39.97 minutes
[2024-04-26 16:43:42,995][func.train][INFO] - [DATASET] test size: 46826
[2024-04-26 16:43:42,996][func.train][INFO] - [DATASET] test video_indices: [65]
[2024-04-26 16:43:43,010][func.train][INFO] - [DATASET] Sampling video_idx: 65 at 25 fps to 1873 frames
[2024-04-26 16:43:43,011][func.train][INFO] - [DATASET] video 65 label_list: torch.Size([1873])
[2024-04-26 16:43:43,020][func.train][INFO] - [DATASET] number of test videos: 1
[2024-04-26 16:43:43,021][func.train][INFO] - [DATASET] avg video length: 31.22 minutes
[2024-04-26 16:44:07,798][func.train][INFO] - [DATASET] test size: 45601
[2024-04-26 16:44:07,799][func.train][INFO] - [DATASET] test video_indices: [66]
[2024-04-26 16:44:07,823][func.train][INFO] - [DATASET] Sampling video_idx: 66 at 25 fps to 1824 frames
[2024-04-26 16:44:07,826][func.train][INFO] - [DATASET] video 66 label_list: torch.Size([1824])
[2024-04-26 16:44:07,841][func.train][INFO] - [DATASET] number of test videos: 1
[2024-04-26 16:44:07,842][func.train][INFO] - [DATASET] avg video length: 30.40 minutes
[2024-04-26 16:45:10,309][func.train][INFO] - [DATASET] test size: 58826
[2024-04-26 16:45:10,310][func.train][INFO] - [DATASET] test video_indices: [67]
[2024-04-26 16:45:10,334][func.train][INFO] - [DATASET] Sampling video_idx: 67 at 25 fps to 2353 frames
[2024-04-26 16:45:10,337][func.train][INFO] - [DATASET] video 67 label_list: torch.Size([2353])
[2024-04-26 16:45:10,372][func.train][INFO] - [DATASET] number of test videos: 1
[2024-04-26 16:45:10,373][func.train][INFO] - [DATASET] avg video length: 39.22 minutes
[2024-04-26 16:46:13,297][func.train][INFO] - [DATASET] test size: 49301
[2024-04-26 16:46:13,297][func.train][INFO] - [DATASET] test video_indices: [68]
[2024-04-26 16:46:13,311][func.train][INFO] - [DATASET] Sampling video_idx: 68 at 25 fps to 1972 frames
[2024-04-26 16:46:13,313][func.train][INFO] - [DATASET] video 68 label_list: torch.Size([1972])
[2024-04-26 16:46:13,338][func.train][INFO] - [DATASET] number of test videos: 1
[2024-04-26 16:46:13,339][func.train][INFO] - [DATASET] avg video length: 32.87 minutes
[2024-04-26 16:47:03,939][func.train][INFO] - [DATASET] test size: 114376
[2024-04-26 16:47:03,940][func.train][INFO] - [DATASET] test video_indices: [69]
[2024-04-26 16:47:03,991][func.train][INFO] - [DATASET] Sampling video_idx: 69 at 25 fps to 4575 frames
[2024-04-26 16:47:03,997][func.train][INFO] - [DATASET] video 69 label_list: torch.Size([4575])
[2024-04-26 16:47:04,023][func.train][INFO] - [DATASET] number of test videos: 1
[2024-04-26 16:47:04,024][func.train][INFO] - [DATASET] avg video length: 76.25 minutes
[2024-04-26 16:47:38,768][func.train][INFO] - [DATASET] test size: 29851
[2024-04-26 16:47:38,769][func.train][INFO] - [DATASET] test video_indices: [70]
[2024-04-26 16:47:38,780][func.train][INFO] - [DATASET] Sampling video_idx: 70 at 25 fps to 1194 frames
[2024-04-26 16:47:38,782][func.train][INFO] - [DATASET] video 70 label_list: torch.Size([1194])
[2024-04-26 16:47:38,797][func.train][INFO] - [DATASET] number of test videos: 1
[2024-04-26 16:47:38,797][func.train][INFO] - [DATASET] avg video length: 19.90 minutes
[2024-04-26 16:48:44,431][func.train][INFO] - [DATASET] test size: 62876
[2024-04-26 16:48:44,432][func.train][INFO] - [DATASET] test video_indices: [71]
[2024-04-26 16:48:44,450][func.train][INFO] - [DATASET] Sampling video_idx: 71 at 25 fps to 2515 frames
[2024-04-26 16:48:44,452][func.train][INFO] - [DATASET] video 71 label_list: torch.Size([2515])
[2024-04-26 16:48:44,465][func.train][INFO] - [DATASET] number of test videos: 1
[2024-04-26 16:48:44,465][func.train][INFO] - [DATASET] avg video length: 41.92 minutes
[2024-04-26 16:50:54,813][func.train][INFO] - [DATASET] test size: 77651
[2024-04-26 16:50:54,815][func.train][INFO] - [DATASET] test video_indices: [72]
[2024-04-26 16:50:54,850][func.train][INFO] - [DATASET] Sampling video_idx: 72 at 25 fps to 3106 frames
[2024-04-26 16:50:54,855][func.train][INFO] - [DATASET] video 72 label_list: torch.Size([3106])
[2024-04-26 16:50:54,881][func.train][INFO] - [DATASET] number of test videos: 1
[2024-04-26 16:50:54,882][func.train][INFO] - [DATASET] avg video length: 51.77 minutes
[2024-04-26 16:51:17,287][func.train][INFO] - [DATASET] test size: 33901
[2024-04-26 16:51:17,288][func.train][INFO] - [DATASET] test video_indices: [73]
[2024-04-26 16:51:17,300][func.train][INFO] - [DATASET] Sampling video_idx: 73 at 25 fps to 1356 frames
[2024-04-26 16:51:17,303][func.train][INFO] - [DATASET] video 73 label_list: torch.Size([1356])
[2024-04-26 16:51:17,311][func.train][INFO] - [DATASET] number of test videos: 1
[2024-04-26 16:51:17,312][func.train][INFO] - [DATASET] avg video length: 22.60 minutes
[2024-04-26 16:52:36,865][func.train][INFO] - [DATASET] test size: 40851
[2024-04-26 16:52:36,896][func.train][INFO] - [DATASET] test video_indices: [74]
[2024-04-26 16:52:36,909][func.train][INFO] - [DATASET] Sampling video_idx: 74 at 25 fps to 1634 frames
[2024-04-26 16:52:36,911][func.train][INFO] - [DATASET] video 74 label_list: torch.Size([1634])
[2024-04-26 16:52:36,918][func.train][INFO] - [DATASET] number of test videos: 1
[2024-04-26 16:52:36,918][func.train][INFO] - [DATASET] avg video length: 27.23 minutes
[2024-04-26 16:54:32,985][func.train][INFO] - [DATASET] test size: 48076
[2024-04-26 16:54:32,987][func.train][INFO] - [DATASET] test video_indices: [75]
[2024-04-26 16:54:33,003][func.train][INFO] - [DATASET] Sampling video_idx: 75 at 25 fps to 1923 frames
[2024-04-26 16:54:33,005][func.train][INFO] - [DATASET] video 75 label_list: torch.Size([1923])
[2024-04-26 16:54:33,027][func.train][INFO] - [DATASET] number of test videos: 1
[2024-04-26 16:54:33,028][func.train][INFO] - [DATASET] avg video length: 32.05 minutes
[2024-04-26 16:56:10,326][func.train][INFO] - [DATASET] test size: 66226
[2024-04-26 16:56:10,329][func.train][INFO] - [DATASET] test video_indices: [76]
[2024-04-26 16:56:10,369][func.train][INFO] - [DATASET] Sampling video_idx: 76 at 25 fps to 2649 frames
[2024-04-26 16:56:10,373][func.train][INFO] - [DATASET] video 76 label_list: torch.Size([2649])
[2024-04-26 16:56:10,389][func.train][INFO] - [DATASET] number of test videos: 1
[2024-04-26 16:56:10,391][func.train][INFO] - [DATASET] avg video length: 44.15 minutes
[2024-04-26 16:56:53,131][func.train][INFO] - [DATASET] test size: 62551
[2024-04-26 16:56:53,132][func.train][INFO] - [DATASET] test video_indices: [77]
[2024-04-26 16:56:53,164][func.train][INFO] - [DATASET] Sampling video_idx: 77 at 25 fps to 2502 frames
[2024-04-26 16:56:53,168][func.train][INFO] - [DATASET] video 77 label_list: torch.Size([2502])
[2024-04-26 16:56:53,179][func.train][INFO] - [DATASET] number of test videos: 1
[2024-04-26 16:56:53,180][func.train][INFO] - [DATASET] avg video length: 41.70 minutes
[2024-04-26 16:57:06,391][func.train][INFO] - [DATASET] test size: 18476
[2024-04-26 16:57:06,392][func.train][INFO] - [DATASET] test video_indices: [78]
[2024-04-26 16:57:06,408][func.train][INFO] - [DATASET] Sampling video_idx: 78 at 25 fps to 739 frames
[2024-04-26 16:57:06,411][func.train][INFO] - [DATASET] video 78 label_list: torch.Size([739])
[2024-04-26 16:57:06,428][func.train][INFO] - [DATASET] number of test videos: 1
[2024-04-26 16:57:06,429][func.train][INFO] - [DATASET] avg video length: 12.32 minutes
[2024-04-26 16:57:40,949][func.train][INFO] - [DATASET] test size: 85351
[2024-04-26 16:57:40,950][func.train][INFO] - [DATASET] test video_indices: [79]
[2024-04-26 16:57:40,984][func.train][INFO] - [DATASET] Sampling video_idx: 79 at 25 fps to 3414 frames
[2024-04-26 16:57:40,990][func.train][INFO] - [DATASET] video 79 label_list: torch.Size([3414])
[2024-04-26 16:57:41,015][func.train][INFO] - [DATASET] number of test videos: 1
[2024-04-26 16:57:41,016][func.train][INFO] - [DATASET] avg video length: 56.90 minutes
[2024-04-26 16:58:12,535][func.train][INFO] - [DATASET] test size: 43101
[2024-04-26 16:58:12,536][func.train][INFO] - [DATASET] test video_indices: [80]
[2024-04-26 16:58:12,555][func.train][INFO] - [DATASET] Sampling video_idx: 80 at 25 fps to 1724 frames
[2024-04-26 16:58:12,558][func.train][INFO] - [DATASET] video 80 label_list: torch.Size([1724])
[2024-04-26 16:58:12,569][func.train][INFO] - [DATASET] number of test videos: 1
[2024-04-26 16:58:12,569][func.train][INFO] - [DATASET] avg video length: 28.73 minutes
[2024-04-26 16:58:12,589][func.train][INFO] - Time to load datasets: 37.04 min
[2024-04-26 16:58:12,589][func.train][INFO] - Creating data loaders
[2024-04-26 16:58:12,595][func.train][INFO] - Creating model with {'one': 7} classes
[2024-04-26 16:58:14,876][func.train][INFO] - [MAIN] Number of tokens: 86304
[2024-04-26 16:58:14,877][func.train][INFO] - [MAIN] Number of parameters: 13124310
[2024-04-26 16:58:14,877][func.train][INFO] - [MAIN] Token-to-Parameter Ratio is ideally between [1:1 to 10:1]: 0.006576
[2024-04-26 16:58:14,877][func.train][WARNING] - [MAIN] Data-to-Parameter-Ratio is outside the interval [1:1 to 10:1]
[2024-04-26 16:58:14,879][func.train][INFO] - Using LR 0.000300 WD 0.000010 for parameters
[2024-04-26 16:58:14,879][func.train][INFO] - Using LR 0.000300 WD 0.000010 for parameters
[2024-04-26 16:58:14,890][func.train][INFO] - Wrapping model into DP
[2024-04-26 16:58:15,189][func.train][INFO] - Start training
[2024-04-26 16:58:15,195][func.train][INFO] - Storing checkpoints every 60.00 mins
