[2024-04-11 14:36:49,052][func.train][INFO] - Dist info:
[2024-04-11 14:36:49,053][func.train][INFO] - torch version: 2.2.2+cu121
[2024-04-11 14:36:49,053][func.train][INFO] - torchvision version: 0.17.2+cu121
[2024-04-11 14:36:49,054][func.train][INFO] - hydra version: 1.3.2
[2024-04-11 14:36:49,058][func.train][INFO] - Loading data
[2024-04-11 14:36:49,064][func.train][INFO] - Loading datasets
[2024-04-11 14:36:49,066][func.train][INFO] - [DATASET] params: {'debug': True, 'dataset_name': 'cholec80', 'reduc_feats_folder': 'train_targets_x_mp/', 'num_classes': 7, 'feats_dim': 64, 'num_next_labels': 6, 'last_seg_class': 7, 'predict_next_phase': True, 'get_target_feats': False, 'replace_current_with_next_class': False}
[2024-04-11 14:36:51,813][func.train][INFO] - [DATASET] loaded dataframe in 0m 3s
[2024-04-11 14:36:51,814][func.train][INFO] - [DATASET] loaded dataframe: (4612530, 11)
[2024-04-11 14:36:56,714][func.train][INFO] - [DATASET] train dataset samples: 1000
[2024-04-11 14:36:56,715][func.train][INFO] - [DATASET] get_all_vector
[2024-04-11 14:36:56,715][func.train][INFO] - [DATASET] try video index: 0
[2024-04-11 14:36:56,752][func.train][INFO] - [DATASET] try video index: 1
[2024-04-11 14:36:56,996][func.train][INFO] - [DATASET] try video index: 2
[2024-04-11 14:36:56,998][func.train][INFO] - [DATASET] try video index: 3
[2024-04-11 14:36:56,999][func.train][INFO] - [DATASET] try video index: 4
[2024-04-11 14:36:57,000][func.train][INFO] - [DATASET] try video index: 5
[2024-04-11 14:36:57,001][func.train][INFO] - [DATASET] try video index: 6
[2024-04-11 14:36:57,002][func.train][INFO] - [DATASET] try video index: 7
[2024-04-11 14:36:57,002][func.train][INFO] - [DATASET] try video index: 8
[2024-04-11 14:36:57,003][func.train][INFO] - [DATASET] try video index: 9
[2024-04-11 14:36:57,004][func.train][INFO] - [DATASET] try video index: 10
[2024-04-11 14:36:57,005][func.train][INFO] - [DATASET] try video index: 11
[2024-04-11 14:36:57,005][func.train][INFO] - [DATASET] try video index: 12
[2024-04-11 14:36:57,006][func.train][INFO] - [DATASET] try video index: 13
[2024-04-11 14:36:57,007][func.train][INFO] - [DATASET] try video index: 14
[2024-04-11 14:36:57,008][func.train][INFO] - [DATASET] try video index: 15
[2024-04-11 14:36:57,009][func.train][INFO] - [DATASET] try video index: 16
[2024-04-11 14:36:57,009][func.train][INFO] - [DATASET] try video index: 17
[2024-04-11 14:36:57,010][func.train][INFO] - [DATASET] try video index: 18
[2024-04-11 14:36:57,011][func.train][INFO] - [DATASET] try video index: 19
[2024-04-11 14:36:57,012][func.train][INFO] - [DATASET] try video index: 20
[2024-04-11 14:36:57,012][func.train][INFO] - [DATASET] try video index: 21
[2024-04-11 14:36:57,013][func.train][INFO] - [DATASET] try video index: 22
[2024-04-11 14:36:57,014][func.train][INFO] - [DATASET] try video index: 23
[2024-04-11 14:36:57,015][func.train][INFO] - [DATASET] try video index: 24
[2024-04-11 14:36:57,016][func.train][INFO] - [DATASET] try video index: 25
[2024-04-11 14:36:57,016][func.train][INFO] - [DATASET] try video index: 26
[2024-04-11 14:36:57,017][func.train][INFO] - [DATASET] try video index: 27
[2024-04-11 14:36:57,018][func.train][INFO] - [DATASET] try video index: 28
[2024-04-11 14:36:57,019][func.train][INFO] - [DATASET] try video index: 29
[2024-04-11 14:36:57,019][func.train][INFO] - [DATASET] try video index: 30
[2024-04-11 14:36:57,020][func.train][INFO] - [DATASET] try video index: 31
[2024-04-11 14:36:57,021][func.train][INFO] - [DATASET] try video index: 32
[2024-04-11 14:36:57,022][func.train][INFO] - [DATASET] try video index: 33
[2024-04-11 14:36:57,023][func.train][INFO] - [DATASET] try video index: 34
[2024-04-11 14:36:57,023][func.train][INFO] - [DATASET] try video index: 35
[2024-04-11 14:36:57,024][func.train][INFO] - [DATASET] try video index: 36
[2024-04-11 14:36:57,025][func.train][INFO] - [DATASET] try video index: 37
[2024-04-11 14:36:57,026][func.train][INFO] - [DATASET] try video index: 38
[2024-04-11 14:36:57,026][func.train][INFO] - [DATASET] try video index: 39
[2024-04-11 14:36:57,027][func.train][INFO] - [DATASET] try video index: 40
[2024-04-11 14:36:57,028][func.train][INFO] - [DATASET] try video index: 41
[2024-04-11 14:36:57,029][func.train][INFO] - [DATASET] try video index: 42
[2024-04-11 14:36:57,029][func.train][INFO] - [DATASET] try video index: 43
[2024-04-11 14:36:57,030][func.train][INFO] - [DATASET] try video index: 44
[2024-04-11 14:36:57,031][func.train][INFO] - [DATASET] try video index: 45
[2024-04-11 14:36:57,032][func.train][INFO] - [DATASET] try video index: 46
[2024-04-11 14:36:57,032][func.train][INFO] - [DATASET] try video index: 47
[2024-04-11 14:36:57,033][func.train][INFO] - [DATASET] try video index: 48
[2024-04-11 14:36:57,034][func.train][INFO] - [DATASET] try video index: 49
[2024-04-11 14:36:57,035][func.train][INFO] - [DATASET] try video index: 50
[2024-04-11 14:36:57,036][func.train][INFO] - [DATASET] try video index: 51
[2024-04-11 14:36:57,036][func.train][INFO] - [DATASET] try video index: 52
[2024-04-11 14:36:57,037][func.train][INFO] - [DATASET] try video index: 53
[2024-04-11 14:36:57,038][func.train][INFO] - [DATASET] try video index: 54
[2024-04-11 14:36:57,039][func.train][INFO] - [DATASET] try video index: 55
[2024-04-11 14:36:57,040][func.train][INFO] - [DATASET] try video index: 56
[2024-04-11 14:36:57,041][func.train][INFO] - [DATASET] try video index: 57
[2024-04-11 14:36:57,041][func.train][INFO] - [DATASET] try video index: 58
[2024-04-11 14:36:57,042][func.train][INFO] - [DATASET] try video index: 59
[2024-04-11 14:36:57,043][func.train][INFO] - [DATASET] try video index: 60
[2024-04-11 14:36:57,044][func.train][INFO] - [DATASET] try video index: 61
[2024-04-11 14:36:57,045][func.train][INFO] - [DATASET] try video index: 62
[2024-04-11 14:36:57,045][func.train][INFO] - [DATASET] try video index: 63
[2024-04-11 14:36:57,046][func.train][INFO] - [DATASET] try video index: 64
[2024-04-11 14:36:57,047][func.train][INFO] - [DATASET] try video index: 65
[2024-04-11 14:36:57,048][func.train][INFO] - [DATASET] try video index: 66
[2024-04-11 14:36:57,049][func.train][INFO] - [DATASET] try video index: 67
[2024-04-11 14:36:57,049][func.train][INFO] - [DATASET] try video index: 68
[2024-04-11 14:36:57,050][func.train][INFO] - [DATASET] try video index: 69
[2024-04-11 14:36:57,051][func.train][INFO] - [DATASET] try video index: 70
[2024-04-11 14:36:57,052][func.train][INFO] - [DATASET] try video index: 71
[2024-04-11 14:36:57,053][func.train][INFO] - [DATASET] try video index: 72
[2024-04-11 14:36:57,053][func.train][INFO] - [DATASET] try video index: 73
[2024-04-11 14:36:57,054][func.train][INFO] - [DATASET] try video index: 74
[2024-04-11 14:36:57,055][func.train][INFO] - [DATASET] try video index: 75
[2024-04-11 14:36:57,056][func.train][INFO] - [DATASET] try video index: 76
[2024-04-11 14:36:57,057][func.train][INFO] - [DATASET] try video index: 77
[2024-04-11 14:36:57,058][func.train][INFO] - [DATASET] try video index: 78
[2024-04-11 14:36:57,059][func.train][INFO] - [DATASET] try video index: 79
[2024-04-11 14:36:57,059][func.train][INFO] - [DATASET] try video index: 80
[2024-04-11 14:36:57,671][func.train][INFO] - [DATASET] params: {'debug': True, 'dataset_name': 'cholec80', 'reduc_feats_folder': 'train_targets_x_mp/', 'num_classes': 7, 'feats_dim': 64, 'num_next_labels': 6, 'last_seg_class': 7, 'predict_next_phase': True, 'get_target_feats': False, 'replace_current_with_next_class': False}
[2024-04-11 14:36:59,573][func.train][INFO] - [DATASET] loaded dataframe in 0m 2s
[2024-04-11 14:36:59,573][func.train][INFO] - [DATASET] loaded dataframe: (4612530, 11)
[2024-04-11 14:37:03,884][func.train][INFO] - [DATASET] test dataset samples: 1000
[2024-04-11 14:37:03,885][func.train][INFO] - [DATASET] get_all_vector
[2024-04-11 14:37:03,885][func.train][INFO] - [DATASET] try video index: 0
[2024-04-11 14:37:03,886][func.train][INFO] - [DATASET] try video index: 1
[2024-04-11 14:37:03,887][func.train][INFO] - [DATASET] try video index: 2
[2024-04-11 14:37:03,888][func.train][INFO] - [DATASET] try video index: 3
[2024-04-11 14:37:03,889][func.train][INFO] - [DATASET] try video index: 4
[2024-04-11 14:37:03,890][func.train][INFO] - [DATASET] try video index: 5
[2024-04-11 14:37:03,890][func.train][INFO] - [DATASET] try video index: 6
[2024-04-11 14:37:03,891][func.train][INFO] - [DATASET] try video index: 7
[2024-04-11 14:37:03,892][func.train][INFO] - [DATASET] try video index: 8
[2024-04-11 14:37:03,893][func.train][INFO] - [DATASET] try video index: 9
[2024-04-11 14:37:03,894][func.train][INFO] - [DATASET] try video index: 10
[2024-04-11 14:37:03,895][func.train][INFO] - [DATASET] try video index: 11
[2024-04-11 14:37:03,895][func.train][INFO] - [DATASET] try video index: 12
[2024-04-11 14:37:03,896][func.train][INFO] - [DATASET] try video index: 13
[2024-04-11 14:37:03,897][func.train][INFO] - [DATASET] try video index: 14
[2024-04-11 14:37:03,898][func.train][INFO] - [DATASET] try video index: 15
[2024-04-11 14:37:03,899][func.train][INFO] - [DATASET] try video index: 16
[2024-04-11 14:37:03,899][func.train][INFO] - [DATASET] try video index: 17
[2024-04-11 14:37:03,900][func.train][INFO] - [DATASET] try video index: 18
[2024-04-11 14:37:03,901][func.train][INFO] - [DATASET] try video index: 19
[2024-04-11 14:37:03,902][func.train][INFO] - [DATASET] try video index: 20
[2024-04-11 14:37:03,902][func.train][INFO] - [DATASET] try video index: 21
[2024-04-11 14:37:03,903][func.train][INFO] - [DATASET] try video index: 22
[2024-04-11 14:37:03,904][func.train][INFO] - [DATASET] try video index: 23
[2024-04-11 14:37:03,905][func.train][INFO] - [DATASET] try video index: 24
[2024-04-11 14:37:03,906][func.train][INFO] - [DATASET] try video index: 25
[2024-04-11 14:37:03,906][func.train][INFO] - [DATASET] try video index: 26
[2024-04-11 14:37:03,907][func.train][INFO] - [DATASET] try video index: 27
[2024-04-11 14:37:03,908][func.train][INFO] - [DATASET] try video index: 28
[2024-04-11 14:37:03,909][func.train][INFO] - [DATASET] try video index: 29
[2024-04-11 14:37:03,909][func.train][INFO] - [DATASET] try video index: 30
[2024-04-11 14:37:03,910][func.train][INFO] - [DATASET] try video index: 31
[2024-04-11 14:37:03,911][func.train][INFO] - [DATASET] try video index: 32
[2024-04-11 14:37:03,912][func.train][INFO] - [DATASET] try video index: 33
[2024-04-11 14:37:03,912][func.train][INFO] - [DATASET] try video index: 34
[2024-04-11 14:37:03,913][func.train][INFO] - [DATASET] try video index: 35
[2024-04-11 14:37:03,914][func.train][INFO] - [DATASET] try video index: 36
[2024-04-11 14:37:03,915][func.train][INFO] - [DATASET] try video index: 37
[2024-04-11 14:37:03,916][func.train][INFO] - [DATASET] try video index: 38
[2024-04-11 14:37:03,916][func.train][INFO] - [DATASET] try video index: 39
[2024-04-11 14:37:03,917][func.train][INFO] - [DATASET] try video index: 40
[2024-04-11 14:37:03,918][func.train][INFO] - [DATASET] try video index: 41
[2024-04-11 14:37:03,980][func.train][INFO] - [DATASET] try video index: 42
[2024-04-11 14:37:03,981][func.train][INFO] - [DATASET] try video index: 43
[2024-04-11 14:37:03,982][func.train][INFO] - [DATASET] try video index: 44
[2024-04-11 14:37:03,983][func.train][INFO] - [DATASET] try video index: 45
[2024-04-11 14:37:03,984][func.train][INFO] - [DATASET] try video index: 46
[2024-04-11 14:37:03,985][func.train][INFO] - [DATASET] try video index: 47
[2024-04-11 14:37:03,986][func.train][INFO] - [DATASET] try video index: 48
[2024-04-11 14:37:03,987][func.train][INFO] - [DATASET] try video index: 49
[2024-04-11 14:37:03,988][func.train][INFO] - [DATASET] try video index: 50
[2024-04-11 14:37:03,989][func.train][INFO] - [DATASET] try video index: 51
[2024-04-11 14:37:03,989][func.train][INFO] - [DATASET] try video index: 52
[2024-04-11 14:37:03,990][func.train][INFO] - [DATASET] try video index: 53
[2024-04-11 14:37:03,991][func.train][INFO] - [DATASET] try video index: 54
[2024-04-11 14:37:03,992][func.train][INFO] - [DATASET] try video index: 55
[2024-04-11 14:37:03,993][func.train][INFO] - [DATASET] try video index: 56
[2024-04-11 14:37:03,993][func.train][INFO] - [DATASET] try video index: 57
[2024-04-11 14:37:03,994][func.train][INFO] - [DATASET] try video index: 58
[2024-04-11 14:37:03,995][func.train][INFO] - [DATASET] try video index: 59
[2024-04-11 14:37:03,996][func.train][INFO] - [DATASET] try video index: 60
[2024-04-11 14:37:03,997][func.train][INFO] - [DATASET] try video index: 61
[2024-04-11 14:37:03,997][func.train][INFO] - [DATASET] try video index: 62
[2024-04-11 14:37:03,998][func.train][INFO] - [DATASET] try video index: 63
[2024-04-11 14:37:03,999][func.train][INFO] - [DATASET] try video index: 64
[2024-04-11 14:37:04,000][func.train][INFO] - [DATASET] try video index: 65
[2024-04-11 14:37:04,001][func.train][INFO] - [DATASET] try video index: 66
[2024-04-11 14:37:04,002][func.train][INFO] - [DATASET] try video index: 67
[2024-04-11 14:37:04,003][func.train][INFO] - [DATASET] try video index: 68
[2024-04-11 14:37:04,004][func.train][INFO] - [DATASET] try video index: 69
[2024-04-11 14:37:04,004][func.train][INFO] - [DATASET] try video index: 70
[2024-04-11 14:37:04,005][func.train][INFO] - [DATASET] try video index: 71
[2024-04-11 14:37:04,006][func.train][INFO] - [DATASET] try video index: 72
[2024-04-11 14:37:04,007][func.train][INFO] - [DATASET] try video index: 73
[2024-04-11 14:37:04,008][func.train][INFO] - [DATASET] try video index: 74
[2024-04-11 14:37:04,008][func.train][INFO] - [DATASET] try video index: 75
[2024-04-11 14:37:04,009][func.train][INFO] - [DATASET] try video index: 76
[2024-04-11 14:37:04,010][func.train][INFO] - [DATASET] try video index: 77
[2024-04-11 14:37:04,011][func.train][INFO] - [DATASET] try video index: 78
[2024-04-11 14:37:04,011][func.train][INFO] - [DATASET] try video index: 79
[2024-04-11 14:37:04,012][func.train][INFO] - [DATASET] try video index: 80
[2024-04-11 14:37:04,575][func.train][INFO] - Took 15
[2024-04-11 14:37:04,576][func.train][INFO] - Creating data loaders
[2024-04-11 14:37:04,576][func.train][INFO] - Creating model with {'one': 7} classes
[2024-04-11 14:46:12,313][func.train][INFO] - Dist info:
[2024-04-11 14:46:12,314][func.train][INFO] - torch version: 2.2.2+cu121
[2024-04-11 14:46:12,314][func.train][INFO] - torchvision version: 0.17.2+cu121
[2024-04-11 14:46:12,314][func.train][INFO] - hydra version: 1.3.2
[2024-04-11 14:46:12,318][func.train][INFO] - Loading data
[2024-04-11 14:46:12,318][func.train][INFO] - Loading datasets
[2024-04-11 14:46:12,319][func.train][INFO] - [DATASET] params: {'debug': True, 'dataset_name': 'cholec80', 'reduc_feats_folder': 'train_targets_x_mp/', 'num_classes': 7, 'feats_dim': 64, 'num_next_labels': 6, 'last_seg_class': 7, 'predict_next_phase': True, 'get_target_feats': False, 'replace_current_with_next_class': False}
[2024-04-11 14:46:14,105][func.train][INFO] - [DATASET] loaded dataframe in 0m 2s
[2024-04-11 14:46:14,105][func.train][INFO] - [DATASET] loaded dataframe: (4612530, 11)
[2024-04-11 14:46:17,952][func.train][INFO] - [DATASET] train dataset samples: 1000
[2024-04-11 14:46:17,953][func.train][INFO] - [DATASET] get_all_vector
[2024-04-11 14:46:17,953][func.train][INFO] - [DATASET] try video index: 0
[2024-04-11 14:46:17,954][func.train][INFO] - [DATASET] try video index: 1
[2024-04-11 14:46:18,244][func.train][INFO] - [DATASET] try video index: 2
[2024-04-11 14:46:18,245][func.train][INFO] - [DATASET] try video index: 3
[2024-04-11 14:46:18,246][func.train][INFO] - [DATASET] try video index: 4
[2024-04-11 14:46:18,246][func.train][INFO] - [DATASET] try video index: 5
[2024-04-11 14:46:18,247][func.train][INFO] - [DATASET] try video index: 6
[2024-04-11 14:46:18,248][func.train][INFO] - [DATASET] try video index: 7
[2024-04-11 14:46:18,249][func.train][INFO] - [DATASET] try video index: 8
[2024-04-11 14:46:18,249][func.train][INFO] - [DATASET] try video index: 9
[2024-04-11 14:46:18,250][func.train][INFO] - [DATASET] try video index: 10
[2024-04-11 14:46:18,251][func.train][INFO] - [DATASET] try video index: 11
[2024-04-11 14:46:18,252][func.train][INFO] - [DATASET] try video index: 12
[2024-04-11 14:46:18,252][func.train][INFO] - [DATASET] try video index: 13
[2024-04-11 14:46:18,253][func.train][INFO] - [DATASET] try video index: 14
[2024-04-11 14:46:18,254][func.train][INFO] - [DATASET] try video index: 15
[2024-04-11 14:46:18,254][func.train][INFO] - [DATASET] try video index: 16
[2024-04-11 14:46:18,255][func.train][INFO] - [DATASET] try video index: 17
[2024-04-11 14:46:18,256][func.train][INFO] - [DATASET] try video index: 18
[2024-04-11 14:46:18,257][func.train][INFO] - [DATASET] try video index: 19
[2024-04-11 14:46:18,257][func.train][INFO] - [DATASET] try video index: 20
[2024-04-11 14:46:18,258][func.train][INFO] - [DATASET] try video index: 21
[2024-04-11 14:46:18,259][func.train][INFO] - [DATASET] try video index: 22
[2024-04-11 14:46:18,259][func.train][INFO] - [DATASET] try video index: 23
[2024-04-11 14:46:18,260][func.train][INFO] - [DATASET] try video index: 24
[2024-04-11 14:46:18,261][func.train][INFO] - [DATASET] try video index: 25
[2024-04-11 14:46:18,262][func.train][INFO] - [DATASET] try video index: 26
[2024-04-11 14:46:18,262][func.train][INFO] - [DATASET] try video index: 27
[2024-04-11 14:46:18,263][func.train][INFO] - [DATASET] try video index: 28
[2024-04-11 14:46:18,264][func.train][INFO] - [DATASET] try video index: 29
[2024-04-11 14:46:18,264][func.train][INFO] - [DATASET] try video index: 30
[2024-04-11 14:46:18,265][func.train][INFO] - [DATASET] try video index: 31
[2024-04-11 14:46:18,266][func.train][INFO] - [DATASET] try video index: 32
[2024-04-11 14:46:18,267][func.train][INFO] - [DATASET] try video index: 33
[2024-04-11 14:46:18,267][func.train][INFO] - [DATASET] try video index: 34
[2024-04-11 14:46:18,268][func.train][INFO] - [DATASET] try video index: 35
[2024-04-11 14:46:18,269][func.train][INFO] - [DATASET] try video index: 36
[2024-04-11 14:46:18,269][func.train][INFO] - [DATASET] try video index: 37
[2024-04-11 14:46:18,270][func.train][INFO] - [DATASET] try video index: 38
[2024-04-11 14:46:18,271][func.train][INFO] - [DATASET] try video index: 39
[2024-04-11 14:46:18,272][func.train][INFO] - [DATASET] try video index: 40
[2024-04-11 14:46:18,272][func.train][INFO] - [DATASET] try video index: 41
[2024-04-11 14:46:18,273][func.train][INFO] - [DATASET] try video index: 42
[2024-04-11 14:46:18,274][func.train][INFO] - [DATASET] try video index: 43
[2024-04-11 14:46:18,274][func.train][INFO] - [DATASET] try video index: 44
[2024-04-11 14:46:18,275][func.train][INFO] - [DATASET] try video index: 45
[2024-04-11 14:46:18,276][func.train][INFO] - [DATASET] try video index: 46
[2024-04-11 14:46:18,277][func.train][INFO] - [DATASET] try video index: 47
[2024-04-11 14:46:18,277][func.train][INFO] - [DATASET] try video index: 48
[2024-04-11 14:46:18,278][func.train][INFO] - [DATASET] try video index: 49
[2024-04-11 14:46:18,279][func.train][INFO] - [DATASET] try video index: 50
[2024-04-11 14:46:18,279][func.train][INFO] - [DATASET] try video index: 51
[2024-04-11 14:46:18,280][func.train][INFO] - [DATASET] try video index: 52
[2024-04-11 14:46:18,281][func.train][INFO] - [DATASET] try video index: 53
[2024-04-11 14:46:18,282][func.train][INFO] - [DATASET] try video index: 54
[2024-04-11 14:46:18,282][func.train][INFO] - [DATASET] try video index: 55
[2024-04-11 14:46:18,283][func.train][INFO] - [DATASET] try video index: 56
[2024-04-11 14:46:18,284][func.train][INFO] - [DATASET] try video index: 57
[2024-04-11 14:46:18,284][func.train][INFO] - [DATASET] try video index: 58
[2024-04-11 14:46:18,285][func.train][INFO] - [DATASET] try video index: 59
[2024-04-11 14:46:18,286][func.train][INFO] - [DATASET] try video index: 60
[2024-04-11 14:46:18,287][func.train][INFO] - [DATASET] try video index: 61
[2024-04-11 14:46:18,287][func.train][INFO] - [DATASET] try video index: 62
[2024-04-11 14:46:18,288][func.train][INFO] - [DATASET] try video index: 63
[2024-04-11 14:46:18,289][func.train][INFO] - [DATASET] try video index: 64
[2024-04-11 14:46:18,289][func.train][INFO] - [DATASET] try video index: 65
[2024-04-11 14:46:18,290][func.train][INFO] - [DATASET] try video index: 66
[2024-04-11 14:46:18,291][func.train][INFO] - [DATASET] try video index: 67
[2024-04-11 14:46:18,292][func.train][INFO] - [DATASET] try video index: 68
[2024-04-11 14:46:18,292][func.train][INFO] - [DATASET] try video index: 69
[2024-04-11 14:46:18,293][func.train][INFO] - [DATASET] try video index: 70
[2024-04-11 14:46:18,294][func.train][INFO] - [DATASET] try video index: 71
[2024-04-11 14:46:18,294][func.train][INFO] - [DATASET] try video index: 72
[2024-04-11 14:46:18,295][func.train][INFO] - [DATASET] try video index: 73
[2024-04-11 14:46:18,296][func.train][INFO] - [DATASET] try video index: 74
[2024-04-11 14:46:18,297][func.train][INFO] - [DATASET] try video index: 75
[2024-04-11 14:46:18,297][func.train][INFO] - [DATASET] try video index: 76
[2024-04-11 14:46:18,298][func.train][INFO] - [DATASET] try video index: 77
[2024-04-11 14:46:18,299][func.train][INFO] - [DATASET] try video index: 78
[2024-04-11 14:46:18,299][func.train][INFO] - [DATASET] try video index: 79
[2024-04-11 14:46:18,300][func.train][INFO] - [DATASET] try video index: 80
[2024-04-11 14:46:18,792][func.train][INFO] - [DATASET] params: {'debug': True, 'dataset_name': 'cholec80', 'reduc_feats_folder': 'train_targets_x_mp/', 'num_classes': 7, 'feats_dim': 64, 'num_next_labels': 6, 'last_seg_class': 7, 'predict_next_phase': True, 'get_target_feats': False, 'replace_current_with_next_class': False}
[2024-04-11 14:46:20,399][func.train][INFO] - [DATASET] loaded dataframe in 0m 2s
[2024-04-11 14:46:20,399][func.train][INFO] - [DATASET] loaded dataframe: (4612530, 11)
[2024-04-11 14:46:24,222][func.train][INFO] - [DATASET] test dataset samples: 1000
[2024-04-11 14:46:24,222][func.train][INFO] - [DATASET] get_all_vector
[2024-04-11 14:46:24,222][func.train][INFO] - [DATASET] try video index: 0
[2024-04-11 14:46:24,223][func.train][INFO] - [DATASET] try video index: 1
[2024-04-11 14:46:24,224][func.train][INFO] - [DATASET] try video index: 2
[2024-04-11 14:46:24,225][func.train][INFO] - [DATASET] try video index: 3
[2024-04-11 14:46:24,226][func.train][INFO] - [DATASET] try video index: 4
[2024-04-11 14:46:24,227][func.train][INFO] - [DATASET] try video index: 5
[2024-04-11 14:46:24,228][func.train][INFO] - [DATASET] try video index: 6
[2024-04-11 14:46:24,228][func.train][INFO] - [DATASET] try video index: 7
[2024-04-11 14:46:24,229][func.train][INFO] - [DATASET] try video index: 8
[2024-04-11 14:46:24,230][func.train][INFO] - [DATASET] try video index: 9
[2024-04-11 14:46:24,230][func.train][INFO] - [DATASET] try video index: 10
[2024-04-11 14:46:24,231][func.train][INFO] - [DATASET] try video index: 11
[2024-04-11 14:46:24,232][func.train][INFO] - [DATASET] try video index: 12
[2024-04-11 14:46:24,233][func.train][INFO] - [DATASET] try video index: 13
[2024-04-11 14:46:24,233][func.train][INFO] - [DATASET] try video index: 14
[2024-04-11 14:46:24,234][func.train][INFO] - [DATASET] try video index: 15
[2024-04-11 14:46:24,235][func.train][INFO] - [DATASET] try video index: 16
[2024-04-11 14:46:24,236][func.train][INFO] - [DATASET] try video index: 17
[2024-04-11 14:46:24,236][func.train][INFO] - [DATASET] try video index: 18
[2024-04-11 14:46:24,237][func.train][INFO] - [DATASET] try video index: 19
[2024-04-11 14:46:24,238][func.train][INFO] - [DATASET] try video index: 20
[2024-04-11 14:46:24,238][func.train][INFO] - [DATASET] try video index: 21
[2024-04-11 14:46:24,239][func.train][INFO] - [DATASET] try video index: 22
[2024-04-11 14:46:24,240][func.train][INFO] - [DATASET] try video index: 23
[2024-04-11 14:46:24,241][func.train][INFO] - [DATASET] try video index: 24
[2024-04-11 14:46:24,241][func.train][INFO] - [DATASET] try video index: 25
[2024-04-11 14:46:24,242][func.train][INFO] - [DATASET] try video index: 26
[2024-04-11 14:46:24,243][func.train][INFO] - [DATASET] try video index: 27
[2024-04-11 14:46:24,243][func.train][INFO] - [DATASET] try video index: 28
[2024-04-11 14:46:24,244][func.train][INFO] - [DATASET] try video index: 29
[2024-04-11 14:46:24,245][func.train][INFO] - [DATASET] try video index: 30
[2024-04-11 14:46:24,246][func.train][INFO] - [DATASET] try video index: 31
[2024-04-11 14:46:24,246][func.train][INFO] - [DATASET] try video index: 32
[2024-04-11 14:46:24,247][func.train][INFO] - [DATASET] try video index: 33
[2024-04-11 14:46:24,248][func.train][INFO] - [DATASET] try video index: 34
[2024-04-11 14:46:24,248][func.train][INFO] - [DATASET] try video index: 35
[2024-04-11 14:46:24,249][func.train][INFO] - [DATASET] try video index: 36
[2024-04-11 14:46:24,250][func.train][INFO] - [DATASET] try video index: 37
[2024-04-11 14:46:24,251][func.train][INFO] - [DATASET] try video index: 38
[2024-04-11 14:46:24,251][func.train][INFO] - [DATASET] try video index: 39
[2024-04-11 14:46:24,252][func.train][INFO] - [DATASET] try video index: 40
[2024-04-11 14:46:24,253][func.train][INFO] - [DATASET] try video index: 41
[2024-04-11 14:46:24,322][func.train][INFO] - [DATASET] try video index: 42
[2024-04-11 14:46:24,323][func.train][INFO] - [DATASET] try video index: 43
[2024-04-11 14:46:24,324][func.train][INFO] - [DATASET] try video index: 44
[2024-04-11 14:46:24,325][func.train][INFO] - [DATASET] try video index: 45
[2024-04-11 14:46:24,326][func.train][INFO] - [DATASET] try video index: 46
[2024-04-11 14:46:24,326][func.train][INFO] - [DATASET] try video index: 47
[2024-04-11 14:46:24,327][func.train][INFO] - [DATASET] try video index: 48
[2024-04-11 14:46:24,328][func.train][INFO] - [DATASET] try video index: 49
[2024-04-11 14:46:24,329][func.train][INFO] - [DATASET] try video index: 50
[2024-04-11 14:46:24,330][func.train][INFO] - [DATASET] try video index: 51
[2024-04-11 14:46:24,330][func.train][INFO] - [DATASET] try video index: 52
[2024-04-11 14:46:24,331][func.train][INFO] - [DATASET] try video index: 53
[2024-04-11 14:46:24,332][func.train][INFO] - [DATASET] try video index: 54
[2024-04-11 14:46:24,333][func.train][INFO] - [DATASET] try video index: 55
[2024-04-11 14:46:24,333][func.train][INFO] - [DATASET] try video index: 56
[2024-04-11 14:46:24,334][func.train][INFO] - [DATASET] try video index: 57
[2024-04-11 14:46:24,335][func.train][INFO] - [DATASET] try video index: 58
[2024-04-11 14:46:24,335][func.train][INFO] - [DATASET] try video index: 59
[2024-04-11 14:46:24,336][func.train][INFO] - [DATASET] try video index: 60
[2024-04-11 14:46:24,337][func.train][INFO] - [DATASET] try video index: 61
[2024-04-11 14:46:24,338][func.train][INFO] - [DATASET] try video index: 62
[2024-04-11 14:46:24,338][func.train][INFO] - [DATASET] try video index: 63
[2024-04-11 14:46:24,339][func.train][INFO] - [DATASET] try video index: 64
[2024-04-11 14:46:24,340][func.train][INFO] - [DATASET] try video index: 65
[2024-04-11 14:46:24,340][func.train][INFO] - [DATASET] try video index: 66
[2024-04-11 14:46:24,341][func.train][INFO] - [DATASET] try video index: 67
[2024-04-11 14:46:24,342][func.train][INFO] - [DATASET] try video index: 68
[2024-04-11 14:46:24,342][func.train][INFO] - [DATASET] try video index: 69
[2024-04-11 14:46:24,343][func.train][INFO] - [DATASET] try video index: 70
[2024-04-11 14:46:24,344][func.train][INFO] - [DATASET] try video index: 71
[2024-04-11 14:46:24,345][func.train][INFO] - [DATASET] try video index: 72
[2024-04-11 14:46:24,345][func.train][INFO] - [DATASET] try video index: 73
[2024-04-11 14:46:24,346][func.train][INFO] - [DATASET] try video index: 74
[2024-04-11 14:46:24,347][func.train][INFO] - [DATASET] try video index: 75
[2024-04-11 14:46:24,347][func.train][INFO] - [DATASET] try video index: 76
[2024-04-11 14:46:24,348][func.train][INFO] - [DATASET] try video index: 77
[2024-04-11 14:46:24,349][func.train][INFO] - [DATASET] try video index: 78
[2024-04-11 14:46:24,350][func.train][INFO] - [DATASET] try video index: 79
[2024-04-11 14:46:24,350][func.train][INFO] - [DATASET] try video index: 80
[2024-04-11 14:46:24,511][func.train][INFO] - Took 12
[2024-04-11 14:46:24,511][func.train][INFO] - Creating data loaders
[2024-04-11 14:46:24,512][func.train][INFO] - Creating model with {'one': 7} classes
[2024-04-11 14:59:35,945][func.train][INFO] - Dist info:
[2024-04-11 14:59:35,945][func.train][INFO] - torch version: 2.2.2+cu121
[2024-04-11 14:59:35,946][func.train][INFO] - torchvision version: 0.17.2+cu121
[2024-04-11 14:59:35,946][func.train][INFO] - hydra version: 1.3.2
[2024-04-11 14:59:35,950][func.train][INFO] - Loading data
[2024-04-11 14:59:35,950][func.train][INFO] - Loading datasets
[2024-04-11 14:59:35,952][func.train][INFO] - [DATASET] params: {'debug': True, 'dataset_name': 'cholec80', 'reduc_feats_folder': 'train_targets_x_mp/', 'num_classes': 7, 'feats_dim': 64, 'num_next_labels': 6, 'last_seg_class': 7, 'predict_next_phase': True, 'get_target_feats': False, 'replace_current_with_next_class': False}
[2024-04-11 14:59:38,476][func.train][INFO] - [DATASET] loaded dataframe in 0m 3s
[2024-04-11 14:59:38,477][func.train][INFO] - [DATASET] loaded dataframe: (4612530, 11)
[2024-04-11 14:59:43,211][func.train][INFO] - [DATASET] train dataset samples: 1000
[2024-04-11 14:59:43,212][func.train][INFO] - [DATASET] get_all_vector
[2024-04-11 14:59:43,212][func.train][INFO] - [DATASET] try video index: 0
[2024-04-11 14:59:43,243][func.train][INFO] - [DATASET] try video index: 1
[2024-04-11 14:59:43,588][func.train][INFO] - [DATASET] try video index: 2
[2024-04-11 14:59:43,589][func.train][INFO] - [DATASET] try video index: 3
[2024-04-11 14:59:43,590][func.train][INFO] - [DATASET] try video index: 4
[2024-04-11 14:59:43,591][func.train][INFO] - [DATASET] try video index: 5
[2024-04-11 14:59:43,592][func.train][INFO] - [DATASET] try video index: 6
[2024-04-11 14:59:43,593][func.train][INFO] - [DATASET] try video index: 7
[2024-04-11 14:59:43,594][func.train][INFO] - [DATASET] try video index: 8
[2024-04-11 14:59:43,594][func.train][INFO] - [DATASET] try video index: 9
[2024-04-11 14:59:43,595][func.train][INFO] - [DATASET] try video index: 10
[2024-04-11 14:59:43,596][func.train][INFO] - [DATASET] try video index: 11
[2024-04-11 14:59:43,597][func.train][INFO] - [DATASET] try video index: 12
[2024-04-11 14:59:43,598][func.train][INFO] - [DATASET] try video index: 13
[2024-04-11 14:59:43,598][func.train][INFO] - [DATASET] try video index: 14
[2024-04-11 14:59:43,599][func.train][INFO] - [DATASET] try video index: 15
[2024-04-11 14:59:43,600][func.train][INFO] - [DATASET] try video index: 16
[2024-04-11 14:59:43,601][func.train][INFO] - [DATASET] try video index: 17
[2024-04-11 14:59:43,602][func.train][INFO] - [DATASET] try video index: 18
[2024-04-11 14:59:43,602][func.train][INFO] - [DATASET] try video index: 19
[2024-04-11 14:59:43,603][func.train][INFO] - [DATASET] try video index: 20
[2024-04-11 14:59:43,604][func.train][INFO] - [DATASET] try video index: 21
[2024-04-11 14:59:43,605][func.train][INFO] - [DATASET] try video index: 22
[2024-04-11 14:59:43,606][func.train][INFO] - [DATASET] try video index: 23
[2024-04-11 14:59:43,607][func.train][INFO] - [DATASET] try video index: 24
[2024-04-11 14:59:43,608][func.train][INFO] - [DATASET] try video index: 25
[2024-04-11 14:59:43,609][func.train][INFO] - [DATASET] try video index: 26
[2024-04-11 14:59:43,610][func.train][INFO] - [DATASET] try video index: 27
[2024-04-11 14:59:43,611][func.train][INFO] - [DATASET] try video index: 28
[2024-04-11 14:59:43,612][func.train][INFO] - [DATASET] try video index: 29
[2024-04-11 14:59:43,612][func.train][INFO] - [DATASET] try video index: 30
[2024-04-11 14:59:43,613][func.train][INFO] - [DATASET] try video index: 31
[2024-04-11 14:59:43,614][func.train][INFO] - [DATASET] try video index: 32
[2024-04-11 14:59:43,615][func.train][INFO] - [DATASET] try video index: 33
[2024-04-11 14:59:43,616][func.train][INFO] - [DATASET] try video index: 34
[2024-04-11 14:59:43,616][func.train][INFO] - [DATASET] try video index: 35
[2024-04-11 14:59:43,617][func.train][INFO] - [DATASET] try video index: 36
[2024-04-11 14:59:43,618][func.train][INFO] - [DATASET] try video index: 37
[2024-04-11 14:59:43,619][func.train][INFO] - [DATASET] try video index: 38
[2024-04-11 14:59:43,620][func.train][INFO] - [DATASET] try video index: 39
[2024-04-11 14:59:43,620][func.train][INFO] - [DATASET] try video index: 40
[2024-04-11 14:59:43,621][func.train][INFO] - [DATASET] try video index: 41
[2024-04-11 14:59:43,622][func.train][INFO] - [DATASET] try video index: 42
[2024-04-11 14:59:43,623][func.train][INFO] - [DATASET] try video index: 43
[2024-04-11 14:59:43,623][func.train][INFO] - [DATASET] try video index: 44
[2024-04-11 14:59:43,624][func.train][INFO] - [DATASET] try video index: 45
[2024-04-11 14:59:43,625][func.train][INFO] - [DATASET] try video index: 46
[2024-04-11 14:59:43,626][func.train][INFO] - [DATASET] try video index: 47
[2024-04-11 14:59:43,627][func.train][INFO] - [DATASET] try video index: 48
[2024-04-11 14:59:43,628][func.train][INFO] - [DATASET] try video index: 49
[2024-04-11 14:59:43,629][func.train][INFO] - [DATASET] try video index: 50
[2024-04-11 14:59:43,629][func.train][INFO] - [DATASET] try video index: 51
[2024-04-11 14:59:43,630][func.train][INFO] - [DATASET] try video index: 52
[2024-04-11 14:59:43,631][func.train][INFO] - [DATASET] try video index: 53
[2024-04-11 14:59:43,632][func.train][INFO] - [DATASET] try video index: 54
[2024-04-11 14:59:43,632][func.train][INFO] - [DATASET] try video index: 55
[2024-04-11 14:59:43,633][func.train][INFO] - [DATASET] try video index: 56
[2024-04-11 14:59:43,634][func.train][INFO] - [DATASET] try video index: 57
[2024-04-11 14:59:43,635][func.train][INFO] - [DATASET] try video index: 58
[2024-04-11 14:59:43,635][func.train][INFO] - [DATASET] try video index: 59
[2024-04-11 14:59:43,636][func.train][INFO] - [DATASET] try video index: 60
[2024-04-11 14:59:43,637][func.train][INFO] - [DATASET] try video index: 61
[2024-04-11 14:59:43,638][func.train][INFO] - [DATASET] try video index: 62
[2024-04-11 14:59:43,639][func.train][INFO] - [DATASET] try video index: 63
[2024-04-11 14:59:43,639][func.train][INFO] - [DATASET] try video index: 64
[2024-04-11 14:59:43,640][func.train][INFO] - [DATASET] try video index: 65
[2024-04-11 14:59:43,641][func.train][INFO] - [DATASET] try video index: 66
[2024-04-11 14:59:43,642][func.train][INFO] - [DATASET] try video index: 67
[2024-04-11 14:59:43,642][func.train][INFO] - [DATASET] try video index: 68
[2024-04-11 14:59:43,643][func.train][INFO] - [DATASET] try video index: 69
[2024-04-11 14:59:43,644][func.train][INFO] - [DATASET] try video index: 70
[2024-04-11 14:59:43,645][func.train][INFO] - [DATASET] try video index: 71
[2024-04-11 14:59:43,645][func.train][INFO] - [DATASET] try video index: 72
[2024-04-11 14:59:43,646][func.train][INFO] - [DATASET] try video index: 73
[2024-04-11 14:59:43,647][func.train][INFO] - [DATASET] try video index: 74
[2024-04-11 14:59:43,648][func.train][INFO] - [DATASET] try video index: 75
[2024-04-11 14:59:43,648][func.train][INFO] - [DATASET] try video index: 76
[2024-04-11 14:59:43,649][func.train][INFO] - [DATASET] try video index: 77
[2024-04-11 14:59:43,650][func.train][INFO] - [DATASET] try video index: 78
[2024-04-11 14:59:43,651][func.train][INFO] - [DATASET] try video index: 79
[2024-04-11 14:59:43,651][func.train][INFO] - [DATASET] try video index: 80
[2024-04-11 14:59:44,369][func.train][INFO] - [DATASET] params: {'debug': True, 'dataset_name': 'cholec80', 'reduc_feats_folder': 'train_targets_x_mp/', 'num_classes': 7, 'feats_dim': 64, 'num_next_labels': 6, 'last_seg_class': 7, 'predict_next_phase': True, 'get_target_feats': False, 'replace_current_with_next_class': False}
[2024-04-11 14:59:46,363][func.train][INFO] - [DATASET] loaded dataframe in 0m 2s
[2024-04-11 14:59:46,364][func.train][INFO] - [DATASET] loaded dataframe: (4612530, 11)
[2024-04-11 14:59:50,676][func.train][INFO] - [DATASET] test dataset samples: 1000
[2024-04-11 14:59:50,677][func.train][INFO] - [DATASET] get_all_vector
[2024-04-11 14:59:50,677][func.train][INFO] - [DATASET] try video index: 0
[2024-04-11 14:59:50,678][func.train][INFO] - [DATASET] try video index: 1
[2024-04-11 14:59:50,679][func.train][INFO] - [DATASET] try video index: 2
[2024-04-11 14:59:50,680][func.train][INFO] - [DATASET] try video index: 3
[2024-04-11 14:59:50,681][func.train][INFO] - [DATASET] try video index: 4
[2024-04-11 14:59:50,681][func.train][INFO] - [DATASET] try video index: 5
[2024-04-11 14:59:50,682][func.train][INFO] - [DATASET] try video index: 6
[2024-04-11 14:59:50,683][func.train][INFO] - [DATASET] try video index: 7
[2024-04-11 14:59:50,683][func.train][INFO] - [DATASET] try video index: 8
[2024-04-11 14:59:50,684][func.train][INFO] - [DATASET] try video index: 9
[2024-04-11 14:59:50,685][func.train][INFO] - [DATASET] try video index: 10
[2024-04-11 14:59:50,686][func.train][INFO] - [DATASET] try video index: 11
[2024-04-11 14:59:50,686][func.train][INFO] - [DATASET] try video index: 12
[2024-04-11 14:59:50,687][func.train][INFO] - [DATASET] try video index: 13
[2024-04-11 14:59:50,688][func.train][INFO] - [DATASET] try video index: 14
[2024-04-11 14:59:50,688][func.train][INFO] - [DATASET] try video index: 15
[2024-04-11 14:59:50,689][func.train][INFO] - [DATASET] try video index: 16
[2024-04-11 14:59:50,690][func.train][INFO] - [DATASET] try video index: 17
[2024-04-11 14:59:50,691][func.train][INFO] - [DATASET] try video index: 18
[2024-04-11 14:59:50,691][func.train][INFO] - [DATASET] try video index: 19
[2024-04-11 14:59:50,692][func.train][INFO] - [DATASET] try video index: 20
[2024-04-11 14:59:50,693][func.train][INFO] - [DATASET] try video index: 21
[2024-04-11 14:59:50,693][func.train][INFO] - [DATASET] try video index: 22
[2024-04-11 14:59:50,694][func.train][INFO] - [DATASET] try video index: 23
[2024-04-11 14:59:50,695][func.train][INFO] - [DATASET] try video index: 24
[2024-04-11 14:59:50,695][func.train][INFO] - [DATASET] try video index: 25
[2024-04-11 14:59:50,696][func.train][INFO] - [DATASET] try video index: 26
[2024-04-11 14:59:50,697][func.train][INFO] - [DATASET] try video index: 27
[2024-04-11 14:59:50,698][func.train][INFO] - [DATASET] try video index: 28
[2024-04-11 14:59:50,698][func.train][INFO] - [DATASET] try video index: 29
[2024-04-11 14:59:50,699][func.train][INFO] - [DATASET] try video index: 30
[2024-04-11 14:59:50,700][func.train][INFO] - [DATASET] try video index: 31
[2024-04-11 14:59:50,700][func.train][INFO] - [DATASET] try video index: 32
[2024-04-11 14:59:50,701][func.train][INFO] - [DATASET] try video index: 33
[2024-04-11 14:59:50,702][func.train][INFO] - [DATASET] try video index: 34
[2024-04-11 14:59:50,702][func.train][INFO] - [DATASET] try video index: 35
[2024-04-11 14:59:50,703][func.train][INFO] - [DATASET] try video index: 36
[2024-04-11 14:59:50,704][func.train][INFO] - [DATASET] try video index: 37
[2024-04-11 14:59:50,705][func.train][INFO] - [DATASET] try video index: 38
[2024-04-11 14:59:50,705][func.train][INFO] - [DATASET] try video index: 39
[2024-04-11 14:59:50,706][func.train][INFO] - [DATASET] try video index: 40
[2024-04-11 14:59:50,707][func.train][INFO] - [DATASET] try video index: 41
[2024-04-11 14:59:50,771][func.train][INFO] - [DATASET] try video index: 42
[2024-04-11 14:59:50,772][func.train][INFO] - [DATASET] try video index: 43
[2024-04-11 14:59:50,773][func.train][INFO] - [DATASET] try video index: 44
[2024-04-11 14:59:50,773][func.train][INFO] - [DATASET] try video index: 45
[2024-04-11 14:59:50,774][func.train][INFO] - [DATASET] try video index: 46
[2024-04-11 14:59:50,775][func.train][INFO] - [DATASET] try video index: 47
[2024-04-11 14:59:50,776][func.train][INFO] - [DATASET] try video index: 48
[2024-04-11 14:59:50,776][func.train][INFO] - [DATASET] try video index: 49
[2024-04-11 14:59:50,777][func.train][INFO] - [DATASET] try video index: 50
[2024-04-11 14:59:50,778][func.train][INFO] - [DATASET] try video index: 51
[2024-04-11 14:59:50,778][func.train][INFO] - [DATASET] try video index: 52
[2024-04-11 14:59:50,779][func.train][INFO] - [DATASET] try video index: 53
[2024-04-11 14:59:50,780][func.train][INFO] - [DATASET] try video index: 54
[2024-04-11 14:59:50,780][func.train][INFO] - [DATASET] try video index: 55
[2024-04-11 14:59:50,781][func.train][INFO] - [DATASET] try video index: 56
[2024-04-11 14:59:50,782][func.train][INFO] - [DATASET] try video index: 57
[2024-04-11 14:59:50,782][func.train][INFO] - [DATASET] try video index: 58
[2024-04-11 14:59:50,783][func.train][INFO] - [DATASET] try video index: 59
[2024-04-11 14:59:50,784][func.train][INFO] - [DATASET] try video index: 60
[2024-04-11 14:59:50,785][func.train][INFO] - [DATASET] try video index: 61
[2024-04-11 14:59:50,785][func.train][INFO] - [DATASET] try video index: 62
[2024-04-11 14:59:50,786][func.train][INFO] - [DATASET] try video index: 63
[2024-04-11 14:59:50,787][func.train][INFO] - [DATASET] try video index: 64
[2024-04-11 14:59:50,788][func.train][INFO] - [DATASET] try video index: 65
[2024-04-11 14:59:50,789][func.train][INFO] - [DATASET] try video index: 66
[2024-04-11 14:59:50,790][func.train][INFO] - [DATASET] try video index: 67
[2024-04-11 14:59:50,790][func.train][INFO] - [DATASET] try video index: 68
[2024-04-11 14:59:50,791][func.train][INFO] - [DATASET] try video index: 69
[2024-04-11 14:59:50,792][func.train][INFO] - [DATASET] try video index: 70
[2024-04-11 14:59:50,792][func.train][INFO] - [DATASET] try video index: 71
[2024-04-11 14:59:50,793][func.train][INFO] - [DATASET] try video index: 72
[2024-04-11 14:59:50,794][func.train][INFO] - [DATASET] try video index: 73
[2024-04-11 14:59:50,794][func.train][INFO] - [DATASET] try video index: 74
[2024-04-11 14:59:50,795][func.train][INFO] - [DATASET] try video index: 75
[2024-04-11 14:59:50,796][func.train][INFO] - [DATASET] try video index: 76
[2024-04-11 14:59:50,796][func.train][INFO] - [DATASET] try video index: 77
[2024-04-11 14:59:50,797][func.train][INFO] - [DATASET] try video index: 78
[2024-04-11 14:59:50,798][func.train][INFO] - [DATASET] try video index: 79
[2024-04-11 14:59:50,799][func.train][INFO] - [DATASET] try video index: 80
[2024-04-11 14:59:50,903][func.train][INFO] - Took 14
[2024-04-11 14:59:50,904][func.train][INFO] - Creating data loaders
[2024-04-11 14:59:50,905][func.train][INFO] - Creating model with {'one': 7} classes
[2024-04-11 14:59:52,620][func.train][INFO] - Using LR 0.000300 WD 0.000010 for parameters
[2024-04-11 14:59:52,620][func.train][INFO] - Using LR 0.000300 WD 0.000010 for parameters
[2024-04-11 14:59:52,640][func.train][INFO] - Wrapping model into DP
[2024-04-11 14:59:52,663][func.train][INFO] - Start training
[2024-04-11 14:59:52,667][func.train][INFO] - Storing checkpoints every 60.00 mins
[2024-04-11 16:10:12,135][func.train][INFO] - Dist info:
[2024-04-11 16:10:12,136][func.train][INFO] - torch version: 2.2.2+cu121
[2024-04-11 16:10:12,136][func.train][INFO] - torchvision version: 0.17.2+cu121
[2024-04-11 16:10:12,136][func.train][INFO] - hydra version: 1.3.2
[2024-04-11 16:10:12,139][func.train][INFO] - Loading data
[2024-04-11 16:10:12,139][func.train][INFO] - Loading datasets
[2024-04-11 16:10:12,140][func.train][INFO] - [DATASET] params: {'debug': True, 'dataset_name': 'cholec80', 'reduc_feats_folder': 'train_targets_x_mp/', 'num_classes': 7, 'feats_dim': 64, 'num_next_labels': 6, 'last_seg_class': 7, 'predict_next_phase': True, 'get_target_feats': False, 'replace_current_with_next_class': False}
[2024-04-11 16:10:15,023][func.train][INFO] - [DATASET] loaded dataframe in 0m 3s
[2024-04-11 16:10:15,024][func.train][INFO] - [DATASET] loaded dataframe: (4612530, 11)
[2024-04-11 16:10:21,430][func.train][INFO] - [DATASET] train dataset samples: 1000
[2024-04-11 16:10:21,431][func.train][INFO] - [DATASET] get_all_vector
[2024-04-11 16:10:21,431][func.train][INFO] - [DATASET] try video index: 0
[2024-04-11 16:10:21,433][func.train][INFO] - [DATASET] try video index: 1
[2024-04-11 16:10:21,852][func.train][INFO] - [DATASET] try video index: 2
[2024-04-11 16:10:21,854][func.train][INFO] - [DATASET] try video index: 3
[2024-04-11 16:10:21,854][func.train][INFO] - [DATASET] try video index: 4
[2024-04-11 16:10:21,855][func.train][INFO] - [DATASET] try video index: 5
[2024-04-11 16:10:21,856][func.train][INFO] - [DATASET] try video index: 6
[2024-04-11 16:10:21,857][func.train][INFO] - [DATASET] try video index: 7
[2024-04-11 16:10:21,857][func.train][INFO] - [DATASET] try video index: 8
[2024-04-11 16:10:21,858][func.train][INFO] - [DATASET] try video index: 9
[2024-04-11 16:10:21,859][func.train][INFO] - [DATASET] try video index: 10
[2024-04-11 16:10:21,860][func.train][INFO] - [DATASET] try video index: 11
[2024-04-11 16:10:21,860][func.train][INFO] - [DATASET] try video index: 12
[2024-04-11 16:10:21,861][func.train][INFO] - [DATASET] try video index: 13
[2024-04-11 16:10:21,862][func.train][INFO] - [DATASET] try video index: 14
[2024-04-11 16:10:21,863][func.train][INFO] - [DATASET] try video index: 15
[2024-04-11 16:10:21,863][func.train][INFO] - [DATASET] try video index: 16
[2024-04-11 16:10:21,864][func.train][INFO] - [DATASET] try video index: 17
[2024-04-11 16:10:21,865][func.train][INFO] - [DATASET] try video index: 18
[2024-04-11 16:10:21,865][func.train][INFO] - [DATASET] try video index: 19
[2024-04-11 16:10:21,866][func.train][INFO] - [DATASET] try video index: 20
[2024-04-11 16:10:21,867][func.train][INFO] - [DATASET] try video index: 21
[2024-04-11 16:10:21,868][func.train][INFO] - [DATASET] try video index: 22
[2024-04-11 16:10:21,869][func.train][INFO] - [DATASET] try video index: 23
[2024-04-11 16:10:21,869][func.train][INFO] - [DATASET] try video index: 24
[2024-04-11 16:10:21,870][func.train][INFO] - [DATASET] try video index: 25
[2024-04-11 16:10:21,871][func.train][INFO] - [DATASET] try video index: 26
[2024-04-11 16:10:21,871][func.train][INFO] - [DATASET] try video index: 27
[2024-04-11 16:10:21,872][func.train][INFO] - [DATASET] try video index: 28
[2024-04-11 16:10:21,873][func.train][INFO] - [DATASET] try video index: 29
[2024-04-11 16:10:21,874][func.train][INFO] - [DATASET] try video index: 30
[2024-04-11 16:10:21,874][func.train][INFO] - [DATASET] try video index: 31
[2024-04-11 16:10:21,875][func.train][INFO] - [DATASET] try video index: 32
[2024-04-11 16:10:21,876][func.train][INFO] - [DATASET] try video index: 33
[2024-04-11 16:10:21,876][func.train][INFO] - [DATASET] try video index: 34
[2024-04-11 16:10:21,877][func.train][INFO] - [DATASET] try video index: 35
[2024-04-11 16:10:21,878][func.train][INFO] - [DATASET] try video index: 36
[2024-04-11 16:10:21,879][func.train][INFO] - [DATASET] try video index: 37
[2024-04-11 16:10:21,879][func.train][INFO] - [DATASET] try video index: 38
[2024-04-11 16:10:21,880][func.train][INFO] - [DATASET] try video index: 39
[2024-04-11 16:10:21,881][func.train][INFO] - [DATASET] try video index: 40
[2024-04-11 16:10:21,882][func.train][INFO] - [DATASET] try video index: 41
[2024-04-11 16:10:21,882][func.train][INFO] - [DATASET] try video index: 42
[2024-04-11 16:10:21,883][func.train][INFO] - [DATASET] try video index: 43
[2024-04-11 16:10:21,884][func.train][INFO] - [DATASET] try video index: 44
[2024-04-11 16:10:21,884][func.train][INFO] - [DATASET] try video index: 45
[2024-04-11 16:10:21,885][func.train][INFO] - [DATASET] try video index: 46
[2024-04-11 16:10:21,886][func.train][INFO] - [DATASET] try video index: 47
[2024-04-11 16:10:21,886][func.train][INFO] - [DATASET] try video index: 48
[2024-04-11 16:10:21,887][func.train][INFO] - [DATASET] try video index: 49
[2024-04-11 16:10:21,888][func.train][INFO] - [DATASET] try video index: 50
[2024-04-11 16:10:21,889][func.train][INFO] - [DATASET] try video index: 51
[2024-04-11 16:10:21,889][func.train][INFO] - [DATASET] try video index: 52
[2024-04-11 16:10:21,890][func.train][INFO] - [DATASET] try video index: 53
[2024-04-11 16:10:21,891][func.train][INFO] - [DATASET] try video index: 54
[2024-04-11 16:10:21,891][func.train][INFO] - [DATASET] try video index: 55
[2024-04-11 16:10:21,892][func.train][INFO] - [DATASET] try video index: 56
[2024-04-11 16:10:21,893][func.train][INFO] - [DATASET] try video index: 57
[2024-04-11 16:10:21,893][func.train][INFO] - [DATASET] try video index: 58
[2024-04-11 16:10:21,894][func.train][INFO] - [DATASET] try video index: 59
[2024-04-11 16:10:21,895][func.train][INFO] - [DATASET] try video index: 60
[2024-04-11 16:10:21,895][func.train][INFO] - [DATASET] try video index: 61
[2024-04-11 16:10:21,896][func.train][INFO] - [DATASET] try video index: 62
[2024-04-11 16:10:21,897][func.train][INFO] - [DATASET] try video index: 63
[2024-04-11 16:10:21,897][func.train][INFO] - [DATASET] try video index: 64
[2024-04-11 16:10:21,898][func.train][INFO] - [DATASET] try video index: 65
[2024-04-11 16:10:21,899][func.train][INFO] - [DATASET] try video index: 66
[2024-04-11 16:10:21,900][func.train][INFO] - [DATASET] try video index: 67
[2024-04-11 16:10:21,900][func.train][INFO] - [DATASET] try video index: 68
[2024-04-11 16:10:21,901][func.train][INFO] - [DATASET] try video index: 69
[2024-04-11 16:10:21,902][func.train][INFO] - [DATASET] try video index: 70
[2024-04-11 16:10:21,902][func.train][INFO] - [DATASET] try video index: 71
[2024-04-11 16:10:21,903][func.train][INFO] - [DATASET] try video index: 72
[2024-04-11 16:10:21,904][func.train][INFO] - [DATASET] try video index: 73
[2024-04-11 16:10:21,904][func.train][INFO] - [DATASET] try video index: 74
[2024-04-11 16:10:21,905][func.train][INFO] - [DATASET] try video index: 75
[2024-04-11 16:10:21,906][func.train][INFO] - [DATASET] try video index: 76
[2024-04-11 16:10:21,907][func.train][INFO] - [DATASET] try video index: 77
[2024-04-11 16:10:21,907][func.train][INFO] - [DATASET] try video index: 78
[2024-04-11 16:10:21,908][func.train][INFO] - [DATASET] try video index: 79
[2024-04-11 16:10:21,909][func.train][INFO] - [DATASET] try video index: 80
[2024-04-11 16:10:22,546][func.train][INFO] - [DATASET] params: {'debug': True, 'dataset_name': 'cholec80', 'reduc_feats_folder': 'train_targets_x_mp/', 'num_classes': 7, 'feats_dim': 64, 'num_next_labels': 6, 'last_seg_class': 7, 'predict_next_phase': True, 'get_target_feats': False, 'replace_current_with_next_class': False}
[2024-04-11 16:10:24,590][func.train][INFO] - [DATASET] loaded dataframe in 0m 2s
[2024-04-11 16:10:24,590][func.train][INFO] - [DATASET] loaded dataframe: (4612530, 11)
[2024-04-11 16:10:29,457][func.train][INFO] - [DATASET] test dataset samples: 1000
[2024-04-11 16:10:29,458][func.train][INFO] - [DATASET] get_all_vector
[2024-04-11 16:10:29,458][func.train][INFO] - [DATASET] try video index: 0
[2024-04-11 16:10:29,459][func.train][INFO] - [DATASET] try video index: 1
[2024-04-11 16:10:29,460][func.train][INFO] - [DATASET] try video index: 2
[2024-04-11 16:10:29,461][func.train][INFO] - [DATASET] try video index: 3
[2024-04-11 16:10:29,462][func.train][INFO] - [DATASET] try video index: 4
[2024-04-11 16:10:29,462][func.train][INFO] - [DATASET] try video index: 5
[2024-04-11 16:10:29,463][func.train][INFO] - [DATASET] try video index: 6
[2024-04-11 16:10:29,464][func.train][INFO] - [DATASET] try video index: 7
[2024-04-11 16:10:29,465][func.train][INFO] - [DATASET] try video index: 8
[2024-04-11 16:10:29,465][func.train][INFO] - [DATASET] try video index: 9
[2024-04-11 16:10:29,466][func.train][INFO] - [DATASET] try video index: 10
[2024-04-11 16:10:29,467][func.train][INFO] - [DATASET] try video index: 11
[2024-04-11 16:10:29,467][func.train][INFO] - [DATASET] try video index: 12
[2024-04-11 16:10:29,468][func.train][INFO] - [DATASET] try video index: 13
[2024-04-11 16:10:29,469][func.train][INFO] - [DATASET] try video index: 14
[2024-04-11 16:10:29,470][func.train][INFO] - [DATASET] try video index: 15
[2024-04-11 16:10:29,470][func.train][INFO] - [DATASET] try video index: 16
[2024-04-11 16:10:29,471][func.train][INFO] - [DATASET] try video index: 17
[2024-04-11 16:10:29,472][func.train][INFO] - [DATASET] try video index: 18
[2024-04-11 16:10:29,472][func.train][INFO] - [DATASET] try video index: 19
[2024-04-11 16:10:29,473][func.train][INFO] - [DATASET] try video index: 20
[2024-04-11 16:10:29,474][func.train][INFO] - [DATASET] try video index: 21
[2024-04-11 16:10:29,475][func.train][INFO] - [DATASET] try video index: 22
[2024-04-11 16:10:29,475][func.train][INFO] - [DATASET] try video index: 23
[2024-04-11 16:10:29,476][func.train][INFO] - [DATASET] try video index: 24
[2024-04-11 16:10:29,477][func.train][INFO] - [DATASET] try video index: 25
[2024-04-11 16:10:29,478][func.train][INFO] - [DATASET] try video index: 26
[2024-04-11 16:10:29,479][func.train][INFO] - [DATASET] try video index: 27
[2024-04-11 16:10:29,479][func.train][INFO] - [DATASET] try video index: 28
[2024-04-11 16:10:29,480][func.train][INFO] - [DATASET] try video index: 29
[2024-04-11 16:10:29,481][func.train][INFO] - [DATASET] try video index: 30
[2024-04-11 16:10:29,482][func.train][INFO] - [DATASET] try video index: 31
[2024-04-11 16:10:29,482][func.train][INFO] - [DATASET] try video index: 32
[2024-04-11 16:10:29,483][func.train][INFO] - [DATASET] try video index: 33
[2024-04-11 16:10:29,484][func.train][INFO] - [DATASET] try video index: 34
[2024-04-11 16:10:29,485][func.train][INFO] - [DATASET] try video index: 35
[2024-04-11 16:10:29,486][func.train][INFO] - [DATASET] try video index: 36
[2024-04-11 16:10:29,486][func.train][INFO] - [DATASET] try video index: 37
[2024-04-11 16:10:29,487][func.train][INFO] - [DATASET] try video index: 38
[2024-04-11 16:10:29,488][func.train][INFO] - [DATASET] try video index: 39
[2024-04-11 16:10:29,489][func.train][INFO] - [DATASET] try video index: 40
[2024-04-11 16:10:29,489][func.train][INFO] - [DATASET] try video index: 41
[2024-04-11 16:10:29,549][func.train][INFO] - [DATASET] try video index: 42
[2024-04-11 16:10:29,551][func.train][INFO] - [DATASET] try video index: 43
[2024-04-11 16:10:29,552][func.train][INFO] - [DATASET] try video index: 44
[2024-04-11 16:10:29,553][func.train][INFO] - [DATASET] try video index: 45
[2024-04-11 16:10:29,553][func.train][INFO] - [DATASET] try video index: 46
[2024-04-11 16:10:29,554][func.train][INFO] - [DATASET] try video index: 47
[2024-04-11 16:10:29,555][func.train][INFO] - [DATASET] try video index: 48
[2024-04-11 16:10:29,556][func.train][INFO] - [DATASET] try video index: 49
[2024-04-11 16:10:29,556][func.train][INFO] - [DATASET] try video index: 50
[2024-04-11 16:10:29,557][func.train][INFO] - [DATASET] try video index: 51
[2024-04-11 16:10:29,558][func.train][INFO] - [DATASET] try video index: 52
[2024-04-11 16:10:29,559][func.train][INFO] - [DATASET] try video index: 53
[2024-04-11 16:10:29,560][func.train][INFO] - [DATASET] try video index: 54
[2024-04-11 16:10:29,560][func.train][INFO] - [DATASET] try video index: 55
[2024-04-11 16:10:29,561][func.train][INFO] - [DATASET] try video index: 56
[2024-04-11 16:10:29,562][func.train][INFO] - [DATASET] try video index: 57
[2024-04-11 16:10:29,563][func.train][INFO] - [DATASET] try video index: 58
[2024-04-11 16:10:29,563][func.train][INFO] - [DATASET] try video index: 59
[2024-04-11 16:10:29,564][func.train][INFO] - [DATASET] try video index: 60
[2024-04-11 16:10:29,565][func.train][INFO] - [DATASET] try video index: 61
[2024-04-11 16:10:29,566][func.train][INFO] - [DATASET] try video index: 62
[2024-04-11 16:10:29,566][func.train][INFO] - [DATASET] try video index: 63
[2024-04-11 16:10:29,567][func.train][INFO] - [DATASET] try video index: 64
[2024-04-11 16:10:29,568][func.train][INFO] - [DATASET] try video index: 65
[2024-04-11 16:10:29,569][func.train][INFO] - [DATASET] try video index: 66
[2024-04-11 16:10:29,570][func.train][INFO] - [DATASET] try video index: 67
[2024-04-11 16:10:29,570][func.train][INFO] - [DATASET] try video index: 68
[2024-04-11 16:10:29,571][func.train][INFO] - [DATASET] try video index: 69
[2024-04-11 16:10:29,572][func.train][INFO] - [DATASET] try video index: 70
[2024-04-11 16:10:29,573][func.train][INFO] - [DATASET] try video index: 71
[2024-04-11 16:10:29,573][func.train][INFO] - [DATASET] try video index: 72
[2024-04-11 16:10:29,574][func.train][INFO] - [DATASET] try video index: 73
[2024-04-11 16:10:29,575][func.train][INFO] - [DATASET] try video index: 74
[2024-04-11 16:10:29,576][func.train][INFO] - [DATASET] try video index: 75
[2024-04-11 16:10:29,576][func.train][INFO] - [DATASET] try video index: 76
[2024-04-11 16:10:29,577][func.train][INFO] - [DATASET] try video index: 77
[2024-04-11 16:10:29,578][func.train][INFO] - [DATASET] try video index: 78
[2024-04-11 16:10:29,578][func.train][INFO] - [DATASET] try video index: 79
[2024-04-11 16:10:29,579][func.train][INFO] - [DATASET] try video index: 80
[2024-04-11 16:10:29,931][func.train][INFO] - Took 17
[2024-04-11 16:10:29,932][func.train][INFO] - Creating data loaders
[2024-04-11 16:10:29,932][func.train][INFO] - Creating model with {'one': 7} classes
[2024-04-11 16:10:32,446][func.train][INFO] - Using LR 0.000300 WD 0.000010 for parameters
[2024-04-11 16:10:32,446][func.train][INFO] - Using LR 0.000300 WD 0.000010 for parameters
[2024-04-11 16:10:32,457][func.train][INFO] - Wrapping model into DP
[2024-04-11 16:10:32,485][func.train][INFO] - Start training
[2024-04-11 16:10:32,488][func.train][INFO] - Storing checkpoints every 60.00 mins
