[2024-07-08 18:59:46,715][func.train][INFO] - Dist info:
[2024-07-08 18:59:46,715][func.train][INFO] - torch version: 2.2.2+cu121
[2024-07-08 18:59:46,716][func.train][INFO] - torchvision version: 0.17.2+cu121
[2024-07-08 18:59:46,716][func.train][INFO] - hydra version: 1.3.2
[2024-07-08 18:59:46,720][func.train][INFO] - Loading data
[2024-07-08 18:59:46,720][func.train][INFO] - Loading datasets
[2024-07-08 19:00:54,064][func.train][INFO] - [SELECT DATASET] ALL loaded dataframe in 1m 7s
[2024-07-08 19:00:54,065][func.train][INFO] - [SELECT DATASET] ALL loaded dataframe: (4612530, 11)
[2024-07-08 19:01:11,472][func.train][INFO] - [SELECT DATASET] labels are already starting from 0
[2024-07-08 19:01:31,912][func.train][INFO] - [SELECT DATASET] ALL unique classes: [0 1 2 3 4 5 6]
[2024-07-08 19:01:31,927][func.train][INFO] - [SELECT DATASET] aLL dataframe (head):                    image_path class  ... tool_Irrigator tool_SpecimenBag
0  video01/video01_000001.png     0  ...              0                0
1  video01/video01_000002.png     0  ...              0                0
2  video01/video01_000003.png     0  ...              0                0
3  video01/video01_000004.png     0  ...              0                0
4  video01/video01_000005.png     0  ...              0                0

[5 rows x 11 columns]
[2024-07-08 19:01:31,935][func.train][INFO] - [SELECT DATASET] ALL dataframe (tail):                          image_path class  ... tool_Irrigator tool_SpecimenBag
4612525  video80/video80_043097.png     6  ...              0                0
4612526  video80/video80_043098.png     6  ...              0                0
4612527  video80/video80_043099.png     6  ...              0                0
4612528  video80/video80_043100.png     6  ...              0                0
4612529  video80/video80_043101.png     6  ...              0                0

[5 rows x 11 columns]
[2024-07-08 19:01:31,936][func.train][INFO] - [DATASET] params: {'debug': False, 'dataset_name': 'cholec80', 'reduc_feats_folder': 'train_targets_x_mp/', 'num_classes': 7, 'num_next_labels': 6, 'last_seg_class': 7, 'predict_next_phase': True, 'get_target_feats': False, 'replace_current_with_next_class': False}
[2024-07-08 19:02:28,364][func.train][INFO] - [DATASET] df unique videos: [1 2 3 4 5 6 7 8 9 10 11 12 13 14 15 16 17 18 19 20 21 22 23 24 25 26 27
 28 29 30 31 32 33 34 35 36 37 38 39 40 41 42 43 44 45 46 47 48 49 50 51
 52 53 54 55 56 57 58 59 60 61 62 63 64 65 66 67 68 69 70 71 72 73 74 75
 76 77 78 79 80]
[2024-07-08 19:02:28,365][func.train][INFO] - [DATASET] split: train video_indices: [1, 2, 3, 4, 5, 6, 7, 8, 9, 10, 11, 12, 13, 14, 15, 16, 17, 18, 19, 20, 21, 22, 23, 24, 25, 26, 27, 28, 29, 30, 31, 32, 33, 34, 35, 36, 37, 38, 39, 40]
[2024-07-08 19:04:04,940][func.train][INFO] - [DATASET] train size: 2157640
[2024-07-08 19:04:04,941][func.train][INFO] - [DATASET] train video_indices: [1, 2, 3, 4, 5, 6, 7, 8, 9, 10, 11, 12, 13, 14, 15, 16, 17, 18, 19, 20, 21, 22, 23, 24, 25, 26, 27, 28, 29, 30, 31, 32, 33, 34, 35, 36, 37, 38, 39, 40]
[2024-07-08 19:04:04,942][func.train][INFO] - [DATASET] video_idx: 1
[2024-07-08 19:04:05,037][func.train][INFO] - [DATASET] Sampled video_idx: 1 at 25 fps to 1733 frames
[2024-07-08 19:04:05,044][func.train][INFO] - [DATASET] video 1 phase_labels: torch.Size([1733])
[2024-07-08 19:04:05,670][func.train][INFO] - [DATASET] gt_remaining_time h=18: torch.Size([1733, 8])
[2024-07-08 19:04:05,671][func.train][INFO] - 

[2024-07-08 19:04:05,671][func.train][INFO] - [DATASET] video_idx: 2
[2024-07-08 19:04:05,768][func.train][INFO] - [DATASET] Sampled video_idx: 2 at 25 fps to 2839 frames
[2024-07-08 19:04:05,769][func.train][INFO] - [DATASET] video 2 phase_labels: torch.Size([2839])
[2024-07-08 19:04:05,911][func.train][INFO] - [DATASET] gt_remaining_time h=18: torch.Size([2839, 8])
[2024-07-08 19:04:05,911][func.train][INFO] - 

[2024-07-08 19:04:05,911][func.train][INFO] - [DATASET] video_idx: 3
[2024-07-08 19:04:06,018][func.train][INFO] - [DATASET] Sampled video_idx: 3 at 25 fps to 5828 frames
[2024-07-08 19:04:06,019][func.train][INFO] - [DATASET] video 3 phase_labels: torch.Size([5828])
[2024-07-08 19:04:06,274][func.train][INFO] - [DATASET] gt_remaining_time h=18: torch.Size([5828, 8])
[2024-07-08 19:04:06,275][func.train][INFO] - 

[2024-07-08 19:04:06,275][func.train][INFO] - [DATASET] video_idx: 4
[2024-07-08 19:04:06,363][func.train][INFO] - [DATASET] Sampled video_idx: 4 at 25 fps to 1522 frames
[2024-07-08 19:04:06,363][func.train][INFO] - [DATASET] video 4 phase_labels: torch.Size([1522])
[2024-07-08 19:04:06,482][func.train][INFO] - [DATASET] gt_remaining_time h=18: torch.Size([1522, 8])
[2024-07-08 19:04:06,482][func.train][INFO] - 

[2024-07-08 19:04:06,482][func.train][INFO] - [DATASET] video_idx: 5
[2024-07-08 19:04:06,587][func.train][INFO] - [DATASET] Sampled video_idx: 5 at 25 fps to 2344 frames
[2024-07-08 19:04:06,588][func.train][INFO] - [DATASET] video 5 phase_labels: torch.Size([2344])
[2024-07-08 19:04:06,713][func.train][INFO] - [DATASET] gt_remaining_time h=18: torch.Size([2344, 8])
[2024-07-08 19:04:06,714][func.train][INFO] - 

[2024-07-08 19:04:06,714][func.train][INFO] - [DATASET] video_idx: 6
[2024-07-08 19:04:06,807][func.train][INFO] - [DATASET] Sampled video_idx: 6 at 25 fps to 2153 frames
[2024-07-08 19:04:06,808][func.train][INFO] - [DATASET] video 6 phase_labels: torch.Size([2153])
[2024-07-08 19:04:06,931][func.train][INFO] - [DATASET] gt_remaining_time h=18: torch.Size([2153, 8])
[2024-07-08 19:04:06,931][func.train][INFO] - 

[2024-07-08 19:04:06,931][func.train][INFO] - [DATASET] video_idx: 7
[2024-07-08 19:04:07,029][func.train][INFO] - [DATASET] Sampled video_idx: 7 at 25 fps to 4557 frames
[2024-07-08 19:04:07,030][func.train][INFO] - [DATASET] video 7 phase_labels: torch.Size([4557])
[2024-07-08 19:04:07,215][func.train][INFO] - [DATASET] gt_remaining_time h=18: torch.Size([4557, 8])
[2024-07-08 19:04:07,216][func.train][INFO] - 

[2024-07-08 19:04:07,216][func.train][INFO] - [DATASET] video_idx: 8
[2024-07-08 19:04:07,311][func.train][INFO] - [DATASET] Sampled video_idx: 8 at 25 fps to 1519 frames
[2024-07-08 19:04:07,312][func.train][INFO] - [DATASET] video 8 phase_labels: torch.Size([1519])
[2024-07-08 19:04:07,426][func.train][INFO] - [DATASET] gt_remaining_time h=18: torch.Size([1519, 8])
[2024-07-08 19:04:07,426][func.train][INFO] - 

[2024-07-08 19:04:07,427][func.train][INFO] - [DATASET] video_idx: 9
[2024-07-08 19:04:07,530][func.train][INFO] - [DATASET] Sampled video_idx: 9 at 25 fps to 2702 frames
[2024-07-08 19:04:07,531][func.train][INFO] - [DATASET] video 9 phase_labels: torch.Size([2702])
[2024-07-08 19:04:07,664][func.train][INFO] - [DATASET] gt_remaining_time h=18: torch.Size([2702, 8])
[2024-07-08 19:04:07,665][func.train][INFO] - 

[2024-07-08 19:04:07,665][func.train][INFO] - [DATASET] video_idx: 10
[2024-07-08 19:04:07,765][func.train][INFO] - [DATASET] Sampled video_idx: 10 at 25 fps to 1749 frames
[2024-07-08 19:04:07,766][func.train][INFO] - [DATASET] video 10 phase_labels: torch.Size([1749])
[2024-07-08 19:04:07,882][func.train][INFO] - [DATASET] gt_remaining_time h=18: torch.Size([1749, 8])
[2024-07-08 19:04:07,882][func.train][INFO] - 

[2024-07-08 19:04:07,882][func.train][INFO] - [DATASET] video_idx: 11
[2024-07-08 19:04:07,985][func.train][INFO] - [DATASET] Sampled video_idx: 11 at 25 fps to 3220 frames
[2024-07-08 19:04:07,985][func.train][INFO] - [DATASET] video 11 phase_labels: torch.Size([3220])
[2024-07-08 19:04:08,120][func.train][INFO] - [DATASET] gt_remaining_time h=18: torch.Size([3220, 8])
[2024-07-08 19:04:08,121][func.train][INFO] - 

[2024-07-08 19:04:08,121][func.train][INFO] - [DATASET] video_idx: 12
[2024-07-08 19:04:08,217][func.train][INFO] - [DATASET] Sampled video_idx: 12 at 25 fps to 1090 frames
[2024-07-08 19:04:08,218][func.train][INFO] - [DATASET] video 12 phase_labels: torch.Size([1090])
[2024-07-08 19:04:08,310][func.train][INFO] - [DATASET] gt_remaining_time h=18: torch.Size([1090, 8])
[2024-07-08 19:04:08,311][func.train][INFO] - 

[2024-07-08 19:04:08,311][func.train][INFO] - [DATASET] video_idx: 13
[2024-07-08 19:04:08,403][func.train][INFO] - [DATASET] Sampled video_idx: 13 at 25 fps to 981 frames
[2024-07-08 19:04:08,404][func.train][INFO] - [DATASET] video 13 phase_labels: torch.Size([981])
[2024-07-08 19:04:08,484][func.train][INFO] - [DATASET] gt_remaining_time h=18: torch.Size([981, 8])
[2024-07-08 19:04:08,484][func.train][INFO] - 

[2024-07-08 19:04:08,484][func.train][INFO] - [DATASET] video_idx: 14
[2024-07-08 19:04:08,582][func.train][INFO] - [DATASET] Sampled video_idx: 14 at 25 fps to 1708 frames
[2024-07-08 19:04:08,582][func.train][INFO] - [DATASET] video 14 phase_labels: torch.Size([1708])
[2024-07-08 19:04:08,684][func.train][INFO] - [DATASET] gt_remaining_time h=18: torch.Size([1708, 8])
[2024-07-08 19:04:08,685][func.train][INFO] - 

[2024-07-08 19:04:08,685][func.train][INFO] - [DATASET] video_idx: 15
[2024-07-08 19:04:08,793][func.train][INFO] - [DATASET] Sampled video_idx: 15 at 25 fps to 2058 frames
[2024-07-08 19:04:08,793][func.train][INFO] - [DATASET] video 15 phase_labels: torch.Size([2058])
[2024-07-08 19:04:08,904][func.train][INFO] - [DATASET] gt_remaining_time h=18: torch.Size([2058, 8])
[2024-07-08 19:04:08,904][func.train][INFO] - 

[2024-07-08 19:04:08,904][func.train][INFO] - [DATASET] video_idx: 16
[2024-07-08 19:04:09,006][func.train][INFO] - [DATASET] Sampled video_idx: 16 at 25 fps to 2957 frames
[2024-07-08 19:04:09,007][func.train][INFO] - [DATASET] video 16 phase_labels: torch.Size([2957])
[2024-07-08 19:04:09,135][func.train][INFO] - [DATASET] gt_remaining_time h=18: torch.Size([2957, 8])
[2024-07-08 19:04:09,135][func.train][INFO] - 

[2024-07-08 19:04:09,135][func.train][INFO] - [DATASET] video_idx: 17
[2024-07-08 19:04:09,237][func.train][INFO] - [DATASET] Sampled video_idx: 17 at 25 fps to 1304 frames
[2024-07-08 19:04:09,238][func.train][INFO] - [DATASET] video 17 phase_labels: torch.Size([1304])
[2024-07-08 19:04:09,339][func.train][INFO] - [DATASET] gt_remaining_time h=18: torch.Size([1304, 8])
[2024-07-08 19:04:09,339][func.train][INFO] - 

[2024-07-08 19:04:09,339][func.train][INFO] - [DATASET] video_idx: 18
[2024-07-08 19:04:09,428][func.train][INFO] - [DATASET] Sampled video_idx: 18 at 25 fps to 1942 frames
[2024-07-08 19:04:09,429][func.train][INFO] - [DATASET] video 18 phase_labels: torch.Size([1942])
[2024-07-08 19:04:09,545][func.train][INFO] - [DATASET] gt_remaining_time h=18: torch.Size([1942, 8])
[2024-07-08 19:04:09,545][func.train][INFO] - 

[2024-07-08 19:04:09,545][func.train][INFO] - [DATASET] video_idx: 19
[2024-07-08 19:04:09,642][func.train][INFO] - [DATASET] Sampled video_idx: 19 at 25 fps to 2424 frames
[2024-07-08 19:04:09,643][func.train][INFO] - [DATASET] video 19 phase_labels: torch.Size([2424])
[2024-07-08 19:04:09,767][func.train][INFO] - [DATASET] gt_remaining_time h=18: torch.Size([2424, 8])
[2024-07-08 19:04:09,767][func.train][INFO] - 

[2024-07-08 19:04:09,767][func.train][INFO] - [DATASET] video_idx: 20
[2024-07-08 19:04:09,863][func.train][INFO] - [DATASET] Sampled video_idx: 20 at 25 fps to 1449 frames
[2024-07-08 19:04:09,864][func.train][INFO] - [DATASET] video 20 phase_labels: torch.Size([1449])
[2024-07-08 19:04:09,969][func.train][INFO] - [DATASET] gt_remaining_time h=18: torch.Size([1449, 8])
[2024-07-08 19:04:09,969][func.train][INFO] - 

[2024-07-08 19:04:09,970][func.train][INFO] - [DATASET] video_idx: 21
[2024-07-08 19:04:10,068][func.train][INFO] - [DATASET] Sampled video_idx: 21 at 25 fps to 1258 frames
[2024-07-08 19:04:10,068][func.train][INFO] - [DATASET] video 21 phase_labels: torch.Size([1258])
[2024-07-08 19:04:10,160][func.train][INFO] - [DATASET] gt_remaining_time h=18: torch.Size([1258, 8])
[2024-07-08 19:04:10,160][func.train][INFO] - 

[2024-07-08 19:04:10,160][func.train][INFO] - [DATASET] video_idx: 22
[2024-07-08 19:04:10,251][func.train][INFO] - [DATASET] Sampled video_idx: 22 at 25 fps to 1532 frames
[2024-07-08 19:04:10,252][func.train][INFO] - [DATASET] video 22 phase_labels: torch.Size([1532])
[2024-07-08 19:04:10,351][func.train][INFO] - [DATASET] gt_remaining_time h=18: torch.Size([1532, 8])
[2024-07-08 19:04:10,352][func.train][INFO] - 

[2024-07-08 19:04:10,352][func.train][INFO] - [DATASET] video_idx: 23
[2024-07-08 19:04:10,449][func.train][INFO] - [DATASET] Sampled video_idx: 23 at 25 fps to 1635 frames
[2024-07-08 19:04:10,449][func.train][INFO] - [DATASET] video 23 phase_labels: torch.Size([1635])
[2024-07-08 19:04:10,561][func.train][INFO] - [DATASET] gt_remaining_time h=18: torch.Size([1635, 8])
[2024-07-08 19:04:10,561][func.train][INFO] - 

[2024-07-08 19:04:10,561][func.train][INFO] - [DATASET] video_idx: 24
[2024-07-08 19:04:10,652][func.train][INFO] - [DATASET] Sampled video_idx: 24 at 25 fps to 1975 frames
[2024-07-08 19:04:10,652][func.train][INFO] - [DATASET] video 24 phase_labels: torch.Size([1975])
[2024-07-08 19:04:10,771][func.train][INFO] - [DATASET] gt_remaining_time h=18: torch.Size([1975, 8])
[2024-07-08 19:04:10,771][func.train][INFO] - 

[2024-07-08 19:04:10,771][func.train][INFO] - [DATASET] video_idx: 25
[2024-07-08 19:04:10,860][func.train][INFO] - [DATASET] Sampled video_idx: 25 at 25 fps to 2129 frames
[2024-07-08 19:04:10,861][func.train][INFO] - [DATASET] video 25 phase_labels: torch.Size([2129])
[2024-07-08 19:04:10,984][func.train][INFO] - [DATASET] gt_remaining_time h=18: torch.Size([2129, 8])
[2024-07-08 19:04:10,985][func.train][INFO] - 

[2024-07-08 19:04:10,985][func.train][INFO] - [DATASET] video_idx: 26
[2024-07-08 19:04:11,076][func.train][INFO] - [DATASET] Sampled video_idx: 26 at 25 fps to 1773 frames
[2024-07-08 19:04:11,076][func.train][INFO] - [DATASET] video 26 phase_labels: torch.Size([1773])
[2024-07-08 19:04:11,196][func.train][INFO] - [DATASET] gt_remaining_time h=18: torch.Size([1773, 8])
[2024-07-08 19:04:11,196][func.train][INFO] - 

[2024-07-08 19:04:11,197][func.train][INFO] - [DATASET] video_idx: 27
[2024-07-08 19:04:11,294][func.train][INFO] - [DATASET] Sampled video_idx: 27 at 25 fps to 2084 frames
[2024-07-08 19:04:11,295][func.train][INFO] - [DATASET] video 27 phase_labels: torch.Size([2084])
[2024-07-08 19:04:11,417][func.train][INFO] - [DATASET] gt_remaining_time h=18: torch.Size([2084, 8])
[2024-07-08 19:04:11,417][func.train][INFO] - 

[2024-07-08 19:04:11,417][func.train][INFO] - [DATASET] video_idx: 28
[2024-07-08 19:04:11,503][func.train][INFO] - [DATASET] Sampled video_idx: 28 at 25 fps to 1199 frames
[2024-07-08 19:04:11,504][func.train][INFO] - [DATASET] video 28 phase_labels: torch.Size([1199])
[2024-07-08 19:04:11,608][func.train][INFO] - [DATASET] gt_remaining_time h=18: torch.Size([1199, 8])
[2024-07-08 19:04:11,608][func.train][INFO] - 

[2024-07-08 19:04:11,608][func.train][INFO] - [DATASET] video_idx: 29
[2024-07-08 19:04:11,697][func.train][INFO] - [DATASET] Sampled video_idx: 29 at 25 fps to 2350 frames
[2024-07-08 19:04:11,698][func.train][INFO] - [DATASET] video 29 phase_labels: torch.Size([2350])
[2024-07-08 19:04:11,808][func.train][INFO] - [DATASET] gt_remaining_time h=18: torch.Size([2350, 8])
[2024-07-08 19:04:11,808][func.train][INFO] - 

[2024-07-08 19:04:11,808][func.train][INFO] - [DATASET] video_idx: 30
[2024-07-08 19:04:11,908][func.train][INFO] - [DATASET] Sampled video_idx: 30 at 25 fps to 2925 frames
[2024-07-08 19:04:11,909][func.train][INFO] - [DATASET] video 30 phase_labels: torch.Size([2925])
[2024-07-08 19:04:12,037][func.train][INFO] - [DATASET] gt_remaining_time h=18: torch.Size([2925, 8])
[2024-07-08 19:04:12,038][func.train][INFO] - 

[2024-07-08 19:04:12,038][func.train][INFO] - [DATASET] video_idx: 31
[2024-07-08 19:04:12,134][func.train][INFO] - [DATASET] Sampled video_idx: 31 at 25 fps to 3945 frames
[2024-07-08 19:04:12,135][func.train][INFO] - [DATASET] video 31 phase_labels: torch.Size([3945])
[2024-07-08 19:04:12,273][func.train][INFO] - [DATASET] gt_remaining_time h=18: torch.Size([3945, 8])
[2024-07-08 19:04:12,274][func.train][INFO] - 

[2024-07-08 19:04:12,274][func.train][INFO] - [DATASET] video_idx: 32
[2024-07-08 19:04:12,365][func.train][INFO] - [DATASET] Sampled video_idx: 32 at 25 fps to 2116 frames
[2024-07-08 19:04:12,366][func.train][INFO] - [DATASET] video 32 phase_labels: torch.Size([2116])
[2024-07-08 19:04:12,498][func.train][INFO] - [DATASET] gt_remaining_time h=18: torch.Size([2116, 8])
[2024-07-08 19:04:12,498][func.train][INFO] - 

[2024-07-08 19:04:12,498][func.train][INFO] - [DATASET] video_idx: 33
[2024-07-08 19:04:12,582][func.train][INFO] - [DATASET] Sampled video_idx: 33 at 25 fps to 1307 frames
[2024-07-08 19:04:12,583][func.train][INFO] - [DATASET] video 33 phase_labels: torch.Size([1307])
[2024-07-08 19:04:12,679][func.train][INFO] - [DATASET] gt_remaining_time h=18: torch.Size([1307, 8])
[2024-07-08 19:04:12,679][func.train][INFO] - 

[2024-07-08 19:04:12,679][func.train][INFO] - [DATASET] video_idx: 34
[2024-07-08 19:04:12,765][func.train][INFO] - [DATASET] Sampled video_idx: 34 at 25 fps to 1323 frames
[2024-07-08 19:04:12,766][func.train][INFO] - [DATASET] video 34 phase_labels: torch.Size([1323])
[2024-07-08 19:04:12,861][func.train][INFO] - [DATASET] gt_remaining_time h=18: torch.Size([1323, 8])
[2024-07-08 19:04:12,861][func.train][INFO] - 

[2024-07-08 19:04:12,862][func.train][INFO] - [DATASET] video_idx: 35
[2024-07-08 19:04:12,954][func.train][INFO] - [DATASET] Sampled video_idx: 35 at 25 fps to 2106 frames
[2024-07-08 19:04:12,954][func.train][INFO] - [DATASET] video 35 phase_labels: torch.Size([2106])
[2024-07-08 19:04:13,077][func.train][INFO] - [DATASET] gt_remaining_time h=18: torch.Size([2106, 8])
[2024-07-08 19:04:13,077][func.train][INFO] - 

[2024-07-08 19:04:13,077][func.train][INFO] - [DATASET] video_idx: 36
[2024-07-08 19:04:13,165][func.train][INFO] - [DATASET] Sampled video_idx: 36 at 25 fps to 2387 frames
[2024-07-08 19:04:13,166][func.train][INFO] - [DATASET] video 36 phase_labels: torch.Size([2387])
[2024-07-08 19:04:13,295][func.train][INFO] - [DATASET] gt_remaining_time h=18: torch.Size([2387, 8])
[2024-07-08 19:04:13,295][func.train][INFO] - 

[2024-07-08 19:04:13,295][func.train][INFO] - [DATASET] video_idx: 37
[2024-07-08 19:04:13,383][func.train][INFO] - [DATASET] Sampled video_idx: 37 at 25 fps to 1232 frames
[2024-07-08 19:04:13,384][func.train][INFO] - [DATASET] video 37 phase_labels: torch.Size([1232])
[2024-07-08 19:04:13,486][func.train][INFO] - [DATASET] gt_remaining_time h=18: torch.Size([1232, 8])
[2024-07-08 19:04:13,487][func.train][INFO] - 

[2024-07-08 19:04:13,487][func.train][INFO] - [DATASET] video_idx: 38
[2024-07-08 19:04:13,581][func.train][INFO] - [DATASET] Sampled video_idx: 38 at 25 fps to 3080 frames
[2024-07-08 19:04:13,582][func.train][INFO] - [DATASET] video 38 phase_labels: torch.Size([3080])
[2024-07-08 19:04:13,711][func.train][INFO] - [DATASET] gt_remaining_time h=18: torch.Size([3080, 8])
[2024-07-08 19:04:13,712][func.train][INFO] - 

[2024-07-08 19:04:13,712][func.train][INFO] - [DATASET] video_idx: 39
[2024-07-08 19:04:13,797][func.train][INFO] - [DATASET] Sampled video_idx: 39 at 25 fps to 1647 frames
[2024-07-08 19:04:13,798][func.train][INFO] - [DATASET] video 39 phase_labels: torch.Size([1647])
[2024-07-08 19:04:13,915][func.train][INFO] - [DATASET] gt_remaining_time h=18: torch.Size([1647, 8])
[2024-07-08 19:04:13,915][func.train][INFO] - 

[2024-07-08 19:04:13,916][func.train][INFO] - [DATASET] video_idx: 40
[2024-07-08 19:04:14,015][func.train][INFO] - [DATASET] Sampled video_idx: 40 at 25 fps to 2222 frames
[2024-07-08 19:04:14,016][func.train][INFO] - [DATASET] video 40 phase_labels: torch.Size([2222])
[2024-07-08 19:04:14,160][func.train][INFO] - [DATASET] gt_remaining_time h=18: torch.Size([2222, 8])
[2024-07-08 19:04:14,160][func.train][INFO] - 

[2024-07-08 19:04:14,160][func.train][INFO] - [DATASET] number of train videos: 40
[2024-07-08 19:04:14,161][func.train][INFO] - [DATASET] avg video length: 35.96 minutes
[2024-07-08 19:04:14,224][func.train][INFO] - [DATASET] num classes at 1fps in train: (86304,)
[2024-07-08 19:04:14,226][func.train][INFO] - [DATASET] classes_counts_dict: {0: 3756, 1: 36886, 2: 7329, 3: 24119, 4: 3716, 5: 7219, 6: 3279}
[2024-07-08 19:04:14,231][func.train][INFO] - [DATASET] curr_class_weights: tensor([3.2825, 0.3342, 1.6822, 0.5112, 3.3179, 1.7079, 3.7600])
[2024-07-08 19:04:14,231][func.train][INFO] - [DATASET] num_eos_vals: 12329.142857142857
[2024-07-08 19:04:14,231][func.train][INFO] - [DATASET] classes_counts_dict: {0: 3756, 1: 36886, 2: 7329, 3: 24119, 4: 3716, 5: 7219, 6: 3279, 7: 12329}
[2024-07-08 19:04:14,232][func.train][INFO] - [DATASET] next_class_weights: tensor([3.2825, 0.3342, 1.6822, 0.5112, 3.3178, 1.7079, 3.7600, 1.0000])
[2024-07-08 19:04:28,376][func.train][INFO] - [DATASET] df unique videos: [1 2 3 4 5 6 7 8 9 10 11 12 13 14 15 16 17 18 19 20 21 22 23 24 25 26 27
 28 29 30 31 32 33 34 35 36 37 38 39 40 41 42 43 44 45 46 47 48 49 50 51
 52 53 54 55 56 57 58 59 60 61 62 63 64 65 66 67 68 69 70 71 72 73 74 75
 76 77 78 79 80]
[2024-07-08 19:04:28,377][func.train][INFO] - [DATASET] split: test video_indices: [41]
[2024-07-08 19:04:28,449][func.train][INFO] - [DATASET] test size: 77576
[2024-07-08 19:04:28,449][func.train][INFO] - [DATASET] test video_indices: [41]
[2024-07-08 19:04:28,449][func.train][INFO] - [DATASET] video_idx: 41
[2024-07-08 19:04:28,462][func.train][INFO] - [DATASET] Sampled video_idx: 41 at 25 fps to 3103 frames
[2024-07-08 19:04:28,463][func.train][INFO] - [DATASET] video 41 phase_labels: torch.Size([3103])
[2024-07-08 19:04:28,601][func.train][INFO] - [DATASET] gt_remaining_time h=18: torch.Size([3103, 8])
[2024-07-08 19:04:28,601][func.train][INFO] - 

[2024-07-08 19:04:28,601][func.train][INFO] - [DATASET] number of test videos: 1
[2024-07-08 19:04:28,601][func.train][INFO] - [DATASET] avg video length: 51.72 minutes
[2024-07-08 19:05:34,171][func.train][INFO] - [DATASET] df unique videos: [1 2 3 4 5 6 7 8 9 10 11 12 13 14 15 16 17 18 19 20 21 22 23 24 25 26 27
 28 29 30 31 32 33 34 35 36 37 38 39 40 41 42 43 44 45 46 47 48 49 50 51
 52 53 54 55 56 57 58 59 60 61 62 63 64 65 66 67 68 69 70 71 72 73 74 75
 76 77 78 79 80]
[2024-07-08 19:05:34,172][func.train][INFO] - [DATASET] split: test video_indices: [42]
[2024-07-08 19:05:34,254][func.train][INFO] - [DATASET] test size: 92801
[2024-07-08 19:05:34,254][func.train][INFO] - [DATASET] test video_indices: [42]
[2024-07-08 19:05:34,254][func.train][INFO] - [DATASET] video_idx: 42
[2024-07-08 19:05:34,272][func.train][INFO] - [DATASET] Sampled video_idx: 42 at 25 fps to 3712 frames
[2024-07-08 19:05:34,273][func.train][INFO] - [DATASET] video 42 phase_labels: torch.Size([3712])
[2024-07-08 19:05:34,439][func.train][INFO] - [DATASET] gt_remaining_time h=18: torch.Size([3712, 8])
[2024-07-08 19:05:34,440][func.train][INFO] - 

[2024-07-08 19:05:34,440][func.train][INFO] - [DATASET] number of test videos: 1
[2024-07-08 19:05:34,440][func.train][INFO] - [DATASET] avg video length: 61.87 minutes
[2024-07-08 19:05:36,011][func.train][INFO] - [DATASET] df unique videos: [1 2 3 4 5 6 7 8 9 10 11 12 13 14 15 16 17 18 19 20 21 22 23 24 25 26 27
 28 29 30 31 32 33 34 35 36 37 38 39 40 41 42 43 44 45 46 47 48 49 50 51
 52 53 54 55 56 57 58 59 60 61 62 63 64 65 66 67 68 69 70 71 72 73 74 75
 76 77 78 79 80]
[2024-07-08 19:05:36,011][func.train][INFO] - [DATASET] split: test video_indices: [43]
[2024-07-08 19:05:36,085][func.train][INFO] - [DATASET] test size: 59051
[2024-07-08 19:05:36,086][func.train][INFO] - [DATASET] test video_indices: [43]
[2024-07-08 19:05:36,086][func.train][INFO] - [DATASET] video_idx: 43
[2024-07-08 19:05:36,097][func.train][INFO] - [DATASET] Sampled video_idx: 43 at 25 fps to 2362 frames
[2024-07-08 19:05:36,098][func.train][INFO] - [DATASET] video 43 phase_labels: torch.Size([2362])
[2024-07-08 19:05:36,231][func.train][INFO] - [DATASET] gt_remaining_time h=18: torch.Size([2362, 8])
[2024-07-08 19:05:36,232][func.train][INFO] - 

[2024-07-08 19:05:36,232][func.train][INFO] - [DATASET] number of test videos: 1
[2024-07-08 19:05:36,232][func.train][INFO] - [DATASET] avg video length: 39.37 minutes
[2024-07-08 19:05:37,772][func.train][INFO] - [DATASET] df unique videos: [1 2 3 4 5 6 7 8 9 10 11 12 13 14 15 16 17 18 19 20 21 22 23 24 25 26 27
 28 29 30 31 32 33 34 35 36 37 38 39 40 41 42 43 44 45 46 47 48 49 50 51
 52 53 54 55 56 57 58 59 60 61 62 63 64 65 66 67 68 69 70 71 72 73 74 75
 76 77 78 79 80]
[2024-07-08 19:05:37,773][func.train][INFO] - [DATASET] split: test video_indices: [44]
[2024-07-08 19:05:37,855][func.train][INFO] - [DATASET] test size: 78176
[2024-07-08 19:05:37,855][func.train][INFO] - [DATASET] test video_indices: [44]
[2024-07-08 19:05:37,855][func.train][INFO] - [DATASET] video_idx: 44
[2024-07-08 19:05:37,873][func.train][INFO] - [DATASET] Sampled video_idx: 44 at 25 fps to 3127 frames
[2024-07-08 19:05:37,874][func.train][INFO] - [DATASET] video 44 phase_labels: torch.Size([3127])
[2024-07-08 19:05:38,025][func.train][INFO] - [DATASET] gt_remaining_time h=18: torch.Size([3127, 8])
[2024-07-08 19:05:38,025][func.train][INFO] - 

[2024-07-08 19:05:38,026][func.train][INFO] - [DATASET] number of test videos: 1
[2024-07-08 19:05:38,026][func.train][INFO] - [DATASET] avg video length: 52.12 minutes
[2024-07-08 19:07:37,095][func.train][INFO] - [DATASET] df unique videos: [1 2 3 4 5 6 7 8 9 10 11 12 13 14 15 16 17 18 19 20 21 22 23 24 25 26 27
 28 29 30 31 32 33 34 35 36 37 38 39 40 41 42 43 44 45 46 47 48 49 50 51
 52 53 54 55 56 57 58 59 60 61 62 63 64 65 66 67 68 69 70 71 72 73 74 75
 76 77 78 79 80]
[2024-07-08 19:07:37,096][func.train][INFO] - [DATASET] split: test video_indices: [45]
[2024-07-08 19:07:37,175][func.train][INFO] - [DATASET] test size: 84676
[2024-07-08 19:07:37,175][func.train][INFO] - [DATASET] test video_indices: [45]
[2024-07-08 19:07:37,175][func.train][INFO] - [DATASET] video_idx: 45
[2024-07-08 19:07:37,190][func.train][INFO] - [DATASET] Sampled video_idx: 45 at 25 fps to 3387 frames
[2024-07-08 19:07:37,191][func.train][INFO] - [DATASET] video 45 phase_labels: torch.Size([3387])
[2024-07-08 19:07:37,326][func.train][INFO] - [DATASET] gt_remaining_time h=18: torch.Size([3387, 8])
[2024-07-08 19:07:37,326][func.train][INFO] - 

[2024-07-08 19:07:37,326][func.train][INFO] - [DATASET] number of test videos: 1
[2024-07-08 19:07:37,326][func.train][INFO] - [DATASET] avg video length: 56.45 minutes
[2024-07-08 19:07:57,761][func.train][INFO] - [DATASET] df unique videos: [1 2 3 4 5 6 7 8 9 10 11 12 13 14 15 16 17 18 19 20 21 22 23 24 25 26 27
 28 29 30 31 32 33 34 35 36 37 38 39 40 41 42 43 44 45 46 47 48 49 50 51
 52 53 54 55 56 57 58 59 60 61 62 63 64 65 66 67 68 69 70 71 72 73 74 75
 76 77 78 79 80]
[2024-07-08 19:07:57,762][func.train][INFO] - [DATASET] split: test video_indices: [46]
[2024-07-08 19:07:57,822][func.train][INFO] - [DATASET] test size: 41326
[2024-07-08 19:07:57,823][func.train][INFO] - [DATASET] test video_indices: [46]
[2024-07-08 19:07:57,823][func.train][INFO] - [DATASET] video_idx: 46
[2024-07-08 19:07:57,830][func.train][INFO] - [DATASET] Sampled video_idx: 46 at 25 fps to 1653 frames
[2024-07-08 19:07:57,830][func.train][INFO] - [DATASET] video 46 phase_labels: torch.Size([1653])
[2024-07-08 19:07:57,938][func.train][INFO] - [DATASET] gt_remaining_time h=18: torch.Size([1653, 8])
[2024-07-08 19:07:57,939][func.train][INFO] - 

[2024-07-08 19:07:57,939][func.train][INFO] - [DATASET] number of test videos: 1
[2024-07-08 19:07:57,939][func.train][INFO] - [DATASET] avg video length: 27.55 minutes
[2024-07-08 19:09:54,613][func.train][INFO] - [DATASET] df unique videos: [1 2 3 4 5 6 7 8 9 10 11 12 13 14 15 16 17 18 19 20 21 22 23 24 25 26 27
 28 29 30 31 32 33 34 35 36 37 38 39 40 41 42 43 44 45 46 47 48 49 50 51
 52 53 54 55 56 57 58 59 60 61 62 63 64 65 66 67 68 69 70 71 72 73 74 75
 76 77 78 79 80]
[2024-07-08 19:09:54,614][func.train][INFO] - [DATASET] split: test video_indices: [47]
[2024-07-08 19:09:54,684][func.train][INFO] - [DATASET] test size: 56476
[2024-07-08 19:09:54,684][func.train][INFO] - [DATASET] test video_indices: [47]
[2024-07-08 19:09:54,684][func.train][INFO] - [DATASET] video_idx: 47
[2024-07-08 19:09:54,697][func.train][INFO] - [DATASET] Sampled video_idx: 47 at 25 fps to 2259 frames
[2024-07-08 19:09:54,698][func.train][INFO] - [DATASET] video 47 phase_labels: torch.Size([2259])
[2024-07-08 19:09:54,818][func.train][INFO] - [DATASET] gt_remaining_time h=18: torch.Size([2259, 8])
[2024-07-08 19:09:54,818][func.train][INFO] - 

[2024-07-08 19:09:54,819][func.train][INFO] - [DATASET] number of test videos: 1
[2024-07-08 19:09:54,819][func.train][INFO] - [DATASET] avg video length: 37.65 minutes
[2024-07-08 19:09:56,355][func.train][INFO] - [DATASET] df unique videos: [1 2 3 4 5 6 7 8 9 10 11 12 13 14 15 16 17 18 19 20 21 22 23 24 25 26 27
 28 29 30 31 32 33 34 35 36 37 38 39 40 41 42 43 44 45 46 47 48 49 50 51
 52 53 54 55 56 57 58 59 60 61 62 63 64 65 66 67 68 69 70 71 72 73 74 75
 76 77 78 79 80]
[2024-07-08 19:09:56,355][func.train][INFO] - [DATASET] split: test video_indices: [48]
[2024-07-08 19:09:56,417][func.train][INFO] - [DATASET] test size: 45851
[2024-07-08 19:09:56,417][func.train][INFO] - [DATASET] test video_indices: [48]
[2024-07-08 19:09:56,417][func.train][INFO] - [DATASET] video_idx: 48
[2024-07-08 19:09:56,426][func.train][INFO] - [DATASET] Sampled video_idx: 48 at 25 fps to 1834 frames
[2024-07-08 19:09:56,426][func.train][INFO] - [DATASET] video 48 phase_labels: torch.Size([1834])
[2024-07-08 19:09:56,557][func.train][INFO] - [DATASET] gt_remaining_time h=18: torch.Size([1834, 8])
[2024-07-08 19:09:56,557][func.train][INFO] - 

[2024-07-08 19:09:56,558][func.train][INFO] - [DATASET] number of test videos: 1
[2024-07-08 19:09:56,558][func.train][INFO] - [DATASET] avg video length: 30.57 minutes
[2024-07-08 19:09:58,027][func.train][INFO] - [DATASET] df unique videos: [1 2 3 4 5 6 7 8 9 10 11 12 13 14 15 16 17 18 19 20 21 22 23 24 25 26 27
 28 29 30 31 32 33 34 35 36 37 38 39 40 41 42 43 44 45 46 47 48 49 50 51
 52 53 54 55 56 57 58 59 60 61 62 63 64 65 66 67 68 69 70 71 72 73 74 75
 76 77 78 79 80]
[2024-07-08 19:09:58,027][func.train][INFO] - [DATASET] split: test video_indices: [49]
[2024-07-08 19:09:58,088][func.train][INFO] - [DATASET] test size: 41776
[2024-07-08 19:09:58,088][func.train][INFO] - [DATASET] test video_indices: [49]
[2024-07-08 19:09:58,088][func.train][INFO] - [DATASET] video_idx: 49
[2024-07-08 19:09:58,095][func.train][INFO] - [DATASET] Sampled video_idx: 49 at 25 fps to 1671 frames
[2024-07-08 19:09:58,096][func.train][INFO] - [DATASET] video 49 phase_labels: torch.Size([1671])
[2024-07-08 19:09:58,197][func.train][INFO] - [DATASET] gt_remaining_time h=18: torch.Size([1671, 8])
[2024-07-08 19:09:58,197][func.train][INFO] - 

[2024-07-08 19:09:58,198][func.train][INFO] - [DATASET] number of test videos: 1
[2024-07-08 19:09:58,198][func.train][INFO] - [DATASET] avg video length: 27.85 minutes
[2024-07-08 19:09:59,666][func.train][INFO] - [DATASET] df unique videos: [1 2 3 4 5 6 7 8 9 10 11 12 13 14 15 16 17 18 19 20 21 22 23 24 25 26 27
 28 29 30 31 32 33 34 35 36 37 38 39 40 41 42 43 44 45 46 47 48 49 50 51
 52 53 54 55 56 57 58 59 60 61 62 63 64 65 66 67 68 69 70 71 72 73 74 75
 76 77 78 79 80]
[2024-07-08 19:09:59,666][func.train][INFO] - [DATASET] split: test video_indices: [50]
[2024-07-08 19:09:59,724][func.train][INFO] - [DATASET] test size: 27351
[2024-07-08 19:09:59,724][func.train][INFO] - [DATASET] test video_indices: [50]
[2024-07-08 19:09:59,724][func.train][INFO] - [DATASET] video_idx: 50
[2024-07-08 19:09:59,729][func.train][INFO] - [DATASET] Sampled video_idx: 50 at 25 fps to 1094 frames
[2024-07-08 19:09:59,730][func.train][INFO] - [DATASET] video 50 phase_labels: torch.Size([1094])
[2024-07-08 19:09:59,812][func.train][INFO] - [DATASET] gt_remaining_time h=18: torch.Size([1094, 8])
[2024-07-08 19:09:59,812][func.train][INFO] - 

[2024-07-08 19:09:59,813][func.train][INFO] - [DATASET] number of test videos: 1
[2024-07-08 19:09:59,813][func.train][INFO] - [DATASET] avg video length: 18.23 minutes
[2024-07-08 19:10:01,298][func.train][INFO] - [DATASET] df unique videos: [1 2 3 4 5 6 7 8 9 10 11 12 13 14 15 16 17 18 19 20 21 22 23 24 25 26 27
 28 29 30 31 32 33 34 35 36 37 38 39 40 41 42 43 44 45 46 47 48 49 50 51
 52 53 54 55 56 57 58 59 60 61 62 63 64 65 66 67 68 69 70 71 72 73 74 75
 76 77 78 79 80]
[2024-07-08 19:10:01,298][func.train][INFO] - [DATASET] split: test video_indices: [51]
[2024-07-08 19:10:01,371][func.train][INFO] - [DATASET] test size: 73601
[2024-07-08 19:10:01,371][func.train][INFO] - [DATASET] test video_indices: [51]
[2024-07-08 19:10:01,371][func.train][INFO] - [DATASET] video_idx: 51
[2024-07-08 19:10:01,384][func.train][INFO] - [DATASET] Sampled video_idx: 51 at 25 fps to 2944 frames
[2024-07-08 19:10:01,385][func.train][INFO] - [DATASET] video 51 phase_labels: torch.Size([2944])
[2024-07-08 19:10:01,519][func.train][INFO] - [DATASET] gt_remaining_time h=18: torch.Size([2944, 8])
[2024-07-08 19:10:01,519][func.train][INFO] - 

[2024-07-08 19:10:01,519][func.train][INFO] - [DATASET] number of test videos: 1
[2024-07-08 19:10:01,519][func.train][INFO] - [DATASET] avg video length: 49.07 minutes
[2024-07-08 19:10:02,918][func.train][INFO] - [DATASET] df unique videos: [1 2 3 4 5 6 7 8 9 10 11 12 13 14 15 16 17 18 19 20 21 22 23 24 25 26 27
 28 29 30 31 32 33 34 35 36 37 38 39 40 41 42 43 44 45 46 47 48 49 50 51
 52 53 54 55 56 57 58 59 60 61 62 63 64 65 66 67 68 69 70 71 72 73 74 75
 76 77 78 79 80]
[2024-07-08 19:10:02,918][func.train][INFO] - [DATASET] split: test video_indices: [52]
[2024-07-08 19:10:02,981][func.train][INFO] - [DATASET] test size: 49151
[2024-07-08 19:10:02,981][func.train][INFO] - [DATASET] test video_indices: [52]
[2024-07-08 19:10:02,981][func.train][INFO] - [DATASET] video_idx: 52
[2024-07-08 19:10:02,990][func.train][INFO] - [DATASET] Sampled video_idx: 52 at 25 fps to 1966 frames
[2024-07-08 19:10:02,990][func.train][INFO] - [DATASET] video 52 phase_labels: torch.Size([1966])
[2024-07-08 19:10:03,103][func.train][INFO] - [DATASET] gt_remaining_time h=18: torch.Size([1966, 8])
[2024-07-08 19:10:03,103][func.train][INFO] - 

[2024-07-08 19:10:03,103][func.train][INFO] - [DATASET] number of test videos: 1
[2024-07-08 19:10:03,103][func.train][INFO] - [DATASET] avg video length: 32.77 minutes
[2024-07-08 19:10:04,556][func.train][INFO] - [DATASET] df unique videos: [1 2 3 4 5 6 7 8 9 10 11 12 13 14 15 16 17 18 19 20 21 22 23 24 25 26 27
 28 29 30 31 32 33 34 35 36 37 38 39 40 41 42 43 44 45 46 47 48 49 50 51
 52 53 54 55 56 57 58 59 60 61 62 63 64 65 66 67 68 69 70 71 72 73 74 75
 76 77 78 79 80]
[2024-07-08 19:10:04,557][func.train][INFO] - [DATASET] split: test video_indices: [53]
[2024-07-08 19:10:04,631][func.train][INFO] - [DATASET] test size: 82076
[2024-07-08 19:10:04,631][func.train][INFO] - [DATASET] test video_indices: [53]
[2024-07-08 19:10:04,631][func.train][INFO] - [DATASET] video_idx: 53
[2024-07-08 19:10:04,645][func.train][INFO] - [DATASET] Sampled video_idx: 53 at 25 fps to 3283 frames
[2024-07-08 19:10:04,646][func.train][INFO] - [DATASET] video 53 phase_labels: torch.Size([3283])
[2024-07-08 19:10:04,785][func.train][INFO] - [DATASET] gt_remaining_time h=18: torch.Size([3283, 8])
[2024-07-08 19:10:04,786][func.train][INFO] - 

[2024-07-08 19:10:04,786][func.train][INFO] - [DATASET] number of test videos: 1
[2024-07-08 19:10:04,786][func.train][INFO] - [DATASET] avg video length: 54.72 minutes
[2024-07-08 19:10:06,244][func.train][INFO] - [DATASET] df unique videos: [1 2 3 4 5 6 7 8 9 10 11 12 13 14 15 16 17 18 19 20 21 22 23 24 25 26 27
 28 29 30 31 32 33 34 35 36 37 38 39 40 41 42 43 44 45 46 47 48 49 50 51
 52 53 54 55 56 57 58 59 60 61 62 63 64 65 66 67 68 69 70 71 72 73 74 75
 76 77 78 79 80]
[2024-07-08 19:10:06,244][func.train][INFO] - [DATASET] split: test video_indices: [54]
[2024-07-08 19:10:06,320][func.train][INFO] - [DATASET] test size: 77501
[2024-07-08 19:10:06,320][func.train][INFO] - [DATASET] test video_indices: [54]
[2024-07-08 19:10:06,320][func.train][INFO] - [DATASET] video_idx: 54
[2024-07-08 19:10:06,333][func.train][INFO] - [DATASET] Sampled video_idx: 54 at 25 fps to 3100 frames
[2024-07-08 19:10:06,334][func.train][INFO] - [DATASET] video 54 phase_labels: torch.Size([3100])
[2024-07-08 19:10:06,468][func.train][INFO] - [DATASET] gt_remaining_time h=18: torch.Size([3100, 8])
[2024-07-08 19:10:06,469][func.train][INFO] - 

[2024-07-08 19:10:06,469][func.train][INFO] - [DATASET] number of test videos: 1
[2024-07-08 19:10:06,469][func.train][INFO] - [DATASET] avg video length: 51.67 minutes
[2024-07-08 19:10:24,072][func.train][INFO] - [DATASET] df unique videos: [1 2 3 4 5 6 7 8 9 10 11 12 13 14 15 16 17 18 19 20 21 22 23 24 25 26 27
 28 29 30 31 32 33 34 35 36 37 38 39 40 41 42 43 44 45 46 47 48 49 50 51
 52 53 54 55 56 57 58 59 60 61 62 63 64 65 66 67 68 69 70 71 72 73 74 75
 76 77 78 79 80]
[2024-07-08 19:10:24,073][func.train][INFO] - [DATASET] split: test video_indices: [55]
[2024-07-08 19:10:24,131][func.train][INFO] - [DATASET] test size: 25926
[2024-07-08 19:10:24,131][func.train][INFO] - [DATASET] test video_indices: [55]
[2024-07-08 19:10:24,131][func.train][INFO] - [DATASET] video_idx: 55
[2024-07-08 19:10:24,136][func.train][INFO] - [DATASET] Sampled video_idx: 55 at 25 fps to 1037 frames
[2024-07-08 19:10:24,136][func.train][INFO] - [DATASET] video 55 phase_labels: torch.Size([1037])
[2024-07-08 19:10:24,226][func.train][INFO] - [DATASET] gt_remaining_time h=18: torch.Size([1037, 8])
[2024-07-08 19:10:24,226][func.train][INFO] - 

[2024-07-08 19:10:24,227][func.train][INFO] - [DATASET] number of test videos: 1
[2024-07-08 19:10:24,227][func.train][INFO] - [DATASET] avg video length: 17.28 minutes
[2024-07-08 19:11:53,638][func.train][INFO] - [DATASET] df unique videos: [1 2 3 4 5 6 7 8 9 10 11 12 13 14 15 16 17 18 19 20 21 22 23 24 25 26 27
 28 29 30 31 32 33 34 35 36 37 38 39 40 41 42 43 44 45 46 47 48 49 50 51
 52 53 54 55 56 57 58 59 60 61 62 63 64 65 66 67 68 69 70 71 72 73 74 75
 76 77 78 79 80]
[2024-07-08 19:11:53,639][func.train][INFO] - [DATASET] split: test video_indices: [56]
[2024-07-08 19:11:53,702][func.train][INFO] - [DATASET] test size: 45851
[2024-07-08 19:11:53,702][func.train][INFO] - [DATASET] test video_indices: [56]
[2024-07-08 19:11:53,702][func.train][INFO] - [DATASET] video_idx: 56
[2024-07-08 19:11:53,710][func.train][INFO] - [DATASET] Sampled video_idx: 56 at 25 fps to 1834 frames
[2024-07-08 19:11:53,711][func.train][INFO] - [DATASET] video 56 phase_labels: torch.Size([1834])
[2024-07-08 19:11:53,816][func.train][INFO] - [DATASET] gt_remaining_time h=18: torch.Size([1834, 8])
[2024-07-08 19:11:53,816][func.train][INFO] - 

[2024-07-08 19:11:53,816][func.train][INFO] - [DATASET] number of test videos: 1
[2024-07-08 19:11:53,817][func.train][INFO] - [DATASET] avg video length: 30.57 minutes
[2024-07-08 19:11:55,224][func.train][INFO] - [DATASET] df unique videos: [1 2 3 4 5 6 7 8 9 10 11 12 13 14 15 16 17 18 19 20 21 22 23 24 25 26 27
 28 29 30 31 32 33 34 35 36 37 38 39 40 41 42 43 44 45 46 47 48 49 50 51
 52 53 54 55 56 57 58 59 60 61 62 63 64 65 66 67 68 69 70 71 72 73 74 75
 76 77 78 79 80]
[2024-07-08 19:11:55,225][func.train][INFO] - [DATASET] split: test video_indices: [57]
[2024-07-08 19:11:55,292][func.train][INFO] - [DATASET] test size: 65801
[2024-07-08 19:11:55,293][func.train][INFO] - [DATASET] test video_indices: [57]
[2024-07-08 19:11:55,293][func.train][INFO] - [DATASET] video_idx: 57
[2024-07-08 19:11:55,304][func.train][INFO] - [DATASET] Sampled video_idx: 57 at 25 fps to 2632 frames
[2024-07-08 19:11:55,305][func.train][INFO] - [DATASET] video 57 phase_labels: torch.Size([2632])
[2024-07-08 19:11:55,415][func.train][INFO] - [DATASET] gt_remaining_time h=18: torch.Size([2632, 8])
[2024-07-08 19:11:55,415][func.train][INFO] - 

[2024-07-08 19:11:55,415][func.train][INFO] - [DATASET] number of test videos: 1
[2024-07-08 19:11:55,415][func.train][INFO] - [DATASET] avg video length: 43.87 minutes
[2024-07-08 19:11:56,819][func.train][INFO] - [DATASET] df unique videos: [1 2 3 4 5 6 7 8 9 10 11 12 13 14 15 16 17 18 19 20 21 22 23 24 25 26 27
 28 29 30 31 32 33 34 35 36 37 38 39 40 41 42 43 44 45 46 47 48 49 50 51
 52 53 54 55 56 57 58 59 60 61 62 63 64 65 66 67 68 69 70 71 72 73 74 75
 76 77 78 79 80]
[2024-07-08 19:11:56,819][func.train][INFO] - [DATASET] split: test video_indices: [58]
[2024-07-08 19:11:56,915][func.train][INFO] - [DATASET] test size: 149826
[2024-07-08 19:11:56,915][func.train][INFO] - [DATASET] test video_indices: [58]
[2024-07-08 19:11:56,915][func.train][INFO] - [DATASET] video_idx: 58
[2024-07-08 19:11:56,939][func.train][INFO] - [DATASET] Sampled video_idx: 58 at 25 fps to 5993 frames
[2024-07-08 19:11:56,940][func.train][INFO] - [DATASET] video 58 phase_labels: torch.Size([5993])
[2024-07-08 19:11:57,106][func.train][INFO] - [DATASET] gt_remaining_time h=18: torch.Size([5993, 8])
[2024-07-08 19:11:57,106][func.train][INFO] - 

[2024-07-08 19:11:57,106][func.train][INFO] - [DATASET] number of test videos: 1
[2024-07-08 19:11:57,106][func.train][INFO] - [DATASET] avg video length: 99.88 minutes
[2024-07-08 19:11:58,538][func.train][INFO] - [DATASET] df unique videos: [1 2 3 4 5 6 7 8 9 10 11 12 13 14 15 16 17 18 19 20 21 22 23 24 25 26 27
 28 29 30 31 32 33 34 35 36 37 38 39 40 41 42 43 44 45 46 47 48 49 50 51
 52 53 54 55 56 57 58 59 60 61 62 63 64 65 66 67 68 69 70 71 72 73 74 75
 76 77 78 79 80]
[2024-07-08 19:11:58,539][func.train][INFO] - [DATASET] split: test video_indices: [59]
[2024-07-08 19:11:58,597][func.train][INFO] - [DATASET] test size: 26151
[2024-07-08 19:11:58,597][func.train][INFO] - [DATASET] test video_indices: [59]
[2024-07-08 19:11:58,597][func.train][INFO] - [DATASET] video_idx: 59
[2024-07-08 19:11:58,602][func.train][INFO] - [DATASET] Sampled video_idx: 59 at 25 fps to 1046 frames
[2024-07-08 19:11:58,602][func.train][INFO] - [DATASET] video 59 phase_labels: torch.Size([1046])
[2024-07-08 19:11:58,678][func.train][INFO] - [DATASET] gt_remaining_time h=18: torch.Size([1046, 8])
[2024-07-08 19:11:58,679][func.train][INFO] - 

[2024-07-08 19:11:58,679][func.train][INFO] - [DATASET] number of test videos: 1
[2024-07-08 19:11:58,679][func.train][INFO] - [DATASET] avg video length: 17.43 minutes
[2024-07-08 19:12:00,182][func.train][INFO] - [DATASET] df unique videos: [1 2 3 4 5 6 7 8 9 10 11 12 13 14 15 16 17 18 19 20 21 22 23 24 25 26 27
 28 29 30 31 32 33 34 35 36 37 38 39 40 41 42 43 44 45 46 47 48 49 50 51
 52 53 54 55 56 57 58 59 60 61 62 63 64 65 66 67 68 69 70 71 72 73 74 75
 76 77 78 79 80]
[2024-07-08 19:12:00,182][func.train][INFO] - [DATASET] split: test video_indices: [60]
[2024-07-08 19:12:00,248][func.train][INFO] - [DATASET] test size: 63301
[2024-07-08 19:12:00,248][func.train][INFO] - [DATASET] test video_indices: [60]
[2024-07-08 19:12:00,249][func.train][INFO] - [DATASET] video_idx: 60
[2024-07-08 19:12:00,261][func.train][INFO] - [DATASET] Sampled video_idx: 60 at 25 fps to 2532 frames
[2024-07-08 19:12:00,262][func.train][INFO] - [DATASET] video 60 phase_labels: torch.Size([2532])
[2024-07-08 19:12:00,412][func.train][INFO] - [DATASET] gt_remaining_time h=18: torch.Size([2532, 8])
[2024-07-08 19:12:00,413][func.train][INFO] - 

[2024-07-08 19:12:00,413][func.train][INFO] - [DATASET] number of test videos: 1
[2024-07-08 19:12:00,413][func.train][INFO] - [DATASET] avg video length: 42.20 minutes
[2024-07-08 19:12:01,897][func.train][INFO] - [DATASET] df unique videos: [1 2 3 4 5 6 7 8 9 10 11 12 13 14 15 16 17 18 19 20 21 22 23 24 25 26 27
 28 29 30 31 32 33 34 35 36 37 38 39 40 41 42 43 44 45 46 47 48 49 50 51
 52 53 54 55 56 57 58 59 60 61 62 63 64 65 66 67 68 69 70 71 72 73 74 75
 76 77 78 79 80]
[2024-07-08 19:12:01,897][func.train][INFO] - [DATASET] split: test video_indices: [61]
[2024-07-08 19:12:01,982][func.train][INFO] - [DATASET] test size: 110226
[2024-07-08 19:12:01,982][func.train][INFO] - [DATASET] test video_indices: [61]
[2024-07-08 19:12:01,982][func.train][INFO] - [DATASET] video_idx: 61
[2024-07-08 19:12:02,002][func.train][INFO] - [DATASET] Sampled video_idx: 61 at 25 fps to 4409 frames
[2024-07-08 19:12:02,003][func.train][INFO] - [DATASET] video 61 phase_labels: torch.Size([4409])
[2024-07-08 19:12:02,186][func.train][INFO] - [DATASET] gt_remaining_time h=18: torch.Size([4409, 8])
[2024-07-08 19:12:02,187][func.train][INFO] - 

[2024-07-08 19:12:02,187][func.train][INFO] - [DATASET] number of test videos: 1
[2024-07-08 19:12:02,187][func.train][INFO] - [DATASET] avg video length: 73.48 minutes
[2024-07-08 19:12:03,581][func.train][INFO] - [DATASET] df unique videos: [1 2 3 4 5 6 7 8 9 10 11 12 13 14 15 16 17 18 19 20 21 22 23 24 25 26 27
 28 29 30 31 32 33 34 35 36 37 38 39 40 41 42 43 44 45 46 47 48 49 50 51
 52 53 54 55 56 57 58 59 60 61 62 63 64 65 66 67 68 69 70 71 72 73 74 75
 76 77 78 79 80]
[2024-07-08 19:12:03,582][func.train][INFO] - [DATASET] split: test video_indices: [62]
[2024-07-08 19:12:03,644][func.train][INFO] - [DATASET] test size: 50801
[2024-07-08 19:12:03,644][func.train][INFO] - [DATASET] test video_indices: [62]
[2024-07-08 19:12:03,644][func.train][INFO] - [DATASET] video_idx: 62
[2024-07-08 19:12:03,653][func.train][INFO] - [DATASET] Sampled video_idx: 62 at 25 fps to 2032 frames
[2024-07-08 19:12:03,654][func.train][INFO] - [DATASET] video 62 phase_labels: torch.Size([2032])
[2024-07-08 19:12:03,775][func.train][INFO] - [DATASET] gt_remaining_time h=18: torch.Size([2032, 8])
[2024-07-08 19:12:03,775][func.train][INFO] - 

[2024-07-08 19:12:03,776][func.train][INFO] - [DATASET] number of test videos: 1
[2024-07-08 19:12:03,776][func.train][INFO] - [DATASET] avg video length: 33.87 minutes
[2024-07-08 19:12:05,182][func.train][INFO] - [DATASET] df unique videos: [1 2 3 4 5 6 7 8 9 10 11 12 13 14 15 16 17 18 19 20 21 22 23 24 25 26 27
 28 29 30 31 32 33 34 35 36 37 38 39 40 41 42 43 44 45 46 47 48 49 50 51
 52 53 54 55 56 57 58 59 60 61 62 63 64 65 66 67 68 69 70 71 72 73 74 75
 76 77 78 79 80]
[2024-07-08 19:12:05,183][func.train][INFO] - [DATASET] split: test video_indices: [63]
[2024-07-08 19:12:05,260][func.train][INFO] - [DATASET] test size: 85826
[2024-07-08 19:12:05,260][func.train][INFO] - [DATASET] test video_indices: [63]
[2024-07-08 19:12:05,260][func.train][INFO] - [DATASET] video_idx: 63
[2024-07-08 19:12:05,275][func.train][INFO] - [DATASET] Sampled video_idx: 63 at 25 fps to 3433 frames
[2024-07-08 19:12:05,276][func.train][INFO] - [DATASET] video 63 phase_labels: torch.Size([3433])
[2024-07-08 19:12:05,403][func.train][INFO] - [DATASET] gt_remaining_time h=18: torch.Size([3433, 8])
[2024-07-08 19:12:05,404][func.train][INFO] - 

[2024-07-08 19:12:05,404][func.train][INFO] - [DATASET] number of test videos: 1
[2024-07-08 19:12:05,404][func.train][INFO] - [DATASET] avg video length: 57.22 minutes
[2024-07-08 19:12:06,805][func.train][INFO] - [DATASET] df unique videos: [1 2 3 4 5 6 7 8 9 10 11 12 13 14 15 16 17 18 19 20 21 22 23 24 25 26 27
 28 29 30 31 32 33 34 35 36 37 38 39 40 41 42 43 44 45 46 47 48 49 50 51
 52 53 54 55 56 57 58 59 60 61 62 63 64 65 66 67 68 69 70 71 72 73 74 75
 76 77 78 79 80]
[2024-07-08 19:12:06,805][func.train][INFO] - [DATASET] split: test video_indices: [64]
[2024-07-08 19:12:06,873][func.train][INFO] - [DATASET] test size: 59951
[2024-07-08 19:12:06,874][func.train][INFO] - [DATASET] test video_indices: [64]
[2024-07-08 19:12:06,874][func.train][INFO] - [DATASET] video_idx: 64
[2024-07-08 19:12:06,884][func.train][INFO] - [DATASET] Sampled video_idx: 64 at 25 fps to 2398 frames
[2024-07-08 19:12:06,885][func.train][INFO] - [DATASET] video 64 phase_labels: torch.Size([2398])
[2024-07-08 19:12:07,057][func.train][INFO] - [DATASET] gt_remaining_time h=18: torch.Size([2398, 8])
[2024-07-08 19:12:07,058][func.train][INFO] - 

[2024-07-08 19:12:07,058][func.train][INFO] - [DATASET] number of test videos: 1
[2024-07-08 19:12:07,058][func.train][INFO] - [DATASET] avg video length: 39.97 minutes
[2024-07-08 19:12:08,551][func.train][INFO] - [DATASET] df unique videos: [1 2 3 4 5 6 7 8 9 10 11 12 13 14 15 16 17 18 19 20 21 22 23 24 25 26 27
 28 29 30 31 32 33 34 35 36 37 38 39 40 41 42 43 44 45 46 47 48 49 50 51
 52 53 54 55 56 57 58 59 60 61 62 63 64 65 66 67 68 69 70 71 72 73 74 75
 76 77 78 79 80]
[2024-07-08 19:12:08,551][func.train][INFO] - [DATASET] split: test video_indices: [65]
[2024-07-08 19:12:08,615][func.train][INFO] - [DATASET] test size: 46826
[2024-07-08 19:12:08,616][func.train][INFO] - [DATASET] test video_indices: [65]
[2024-07-08 19:12:08,616][func.train][INFO] - [DATASET] video_idx: 65
[2024-07-08 19:12:08,625][func.train][INFO] - [DATASET] Sampled video_idx: 65 at 25 fps to 1873 frames
[2024-07-08 19:12:08,625][func.train][INFO] - [DATASET] video 65 phase_labels: torch.Size([1873])
[2024-07-08 19:12:08,737][func.train][INFO] - [DATASET] gt_remaining_time h=18: torch.Size([1873, 8])
[2024-07-08 19:12:08,737][func.train][INFO] - 

[2024-07-08 19:12:08,737][func.train][INFO] - [DATASET] number of test videos: 1
[2024-07-08 19:12:08,737][func.train][INFO] - [DATASET] avg video length: 31.22 minutes
[2024-07-08 19:13:30,366][func.train][INFO] - [DATASET] df unique videos: [1 2 3 4 5 6 7 8 9 10 11 12 13 14 15 16 17 18 19 20 21 22 23 24 25 26 27
 28 29 30 31 32 33 34 35 36 37 38 39 40 41 42 43 44 45 46 47 48 49 50 51
 52 53 54 55 56 57 58 59 60 61 62 63 64 65 66 67 68 69 70 71 72 73 74 75
 76 77 78 79 80]
[2024-07-08 19:13:30,367][func.train][INFO] - [DATASET] split: test video_indices: [66]
[2024-07-08 19:13:30,431][func.train][INFO] - [DATASET] test size: 45601
[2024-07-08 19:13:30,431][func.train][INFO] - [DATASET] test video_indices: [66]
[2024-07-08 19:13:30,431][func.train][INFO] - [DATASET] video_idx: 66
[2024-07-08 19:13:30,439][func.train][INFO] - [DATASET] Sampled video_idx: 66 at 25 fps to 1824 frames
[2024-07-08 19:13:30,439][func.train][INFO] - [DATASET] video 66 phase_labels: torch.Size([1824])
[2024-07-08 19:13:30,536][func.train][INFO] - [DATASET] gt_remaining_time h=18: torch.Size([1824, 8])
[2024-07-08 19:13:30,536][func.train][INFO] - 

[2024-07-08 19:13:30,537][func.train][INFO] - [DATASET] number of test videos: 1
[2024-07-08 19:13:30,537][func.train][INFO] - [DATASET] avg video length: 30.40 minutes
[2024-07-08 19:16:41,588][func.train][INFO] - [DATASET] df unique videos: [1 2 3 4 5 6 7 8 9 10 11 12 13 14 15 16 17 18 19 20 21 22 23 24 25 26 27
 28 29 30 31 32 33 34 35 36 37 38 39 40 41 42 43 44 45 46 47 48 49 50 51
 52 53 54 55 56 57 58 59 60 61 62 63 64 65 66 67 68 69 70 71 72 73 74 75
 76 77 78 79 80]
[2024-07-08 19:16:41,589][func.train][INFO] - [DATASET] split: test video_indices: [67]
[2024-07-08 19:16:41,661][func.train][INFO] - [DATASET] test size: 58826
[2024-07-08 19:16:41,661][func.train][INFO] - [DATASET] test video_indices: [67]
[2024-07-08 19:16:41,661][func.train][INFO] - [DATASET] video_idx: 67
[2024-07-08 19:16:41,672][func.train][INFO] - [DATASET] Sampled video_idx: 67 at 25 fps to 2353 frames
[2024-07-08 19:16:41,673][func.train][INFO] - [DATASET] video 67 phase_labels: torch.Size([2353])
[2024-07-08 19:16:41,785][func.train][INFO] - [DATASET] gt_remaining_time h=18: torch.Size([2353, 8])
[2024-07-08 19:16:41,786][func.train][INFO] - 

[2024-07-08 19:16:41,786][func.train][INFO] - [DATASET] number of test videos: 1
[2024-07-08 19:16:41,786][func.train][INFO] - [DATASET] avg video length: 39.22 minutes
[2024-07-08 19:16:51,380][func.train][INFO] - [DATASET] df unique videos: [1 2 3 4 5 6 7 8 9 10 11 12 13 14 15 16 17 18 19 20 21 22 23 24 25 26 27
 28 29 30 31 32 33 34 35 36 37 38 39 40 41 42 43 44 45 46 47 48 49 50 51
 52 53 54 55 56 57 58 59 60 61 62 63 64 65 66 67 68 69 70 71 72 73 74 75
 76 77 78 79 80]
[2024-07-08 19:16:51,380][func.train][INFO] - [DATASET] split: test video_indices: [68]
[2024-07-08 19:16:51,444][func.train][INFO] - [DATASET] test size: 49301
[2024-07-08 19:16:51,445][func.train][INFO] - [DATASET] test video_indices: [68]
[2024-07-08 19:16:51,445][func.train][INFO] - [DATASET] video_idx: 68
[2024-07-08 19:16:51,453][func.train][INFO] - [DATASET] Sampled video_idx: 68 at 25 fps to 1972 frames
[2024-07-08 19:16:51,454][func.train][INFO] - [DATASET] video 68 phase_labels: torch.Size([1972])
[2024-07-08 19:16:51,562][func.train][INFO] - [DATASET] gt_remaining_time h=18: torch.Size([1972, 8])
[2024-07-08 19:16:51,563][func.train][INFO] - 

[2024-07-08 19:16:51,563][func.train][INFO] - [DATASET] number of test videos: 1
[2024-07-08 19:16:51,563][func.train][INFO] - [DATASET] avg video length: 32.87 minutes
[2024-07-08 19:18:36,021][func.train][INFO] - [DATASET] df unique videos: [1 2 3 4 5 6 7 8 9 10 11 12 13 14 15 16 17 18 19 20 21 22 23 24 25 26 27
 28 29 30 31 32 33 34 35 36 37 38 39 40 41 42 43 44 45 46 47 48 49 50 51
 52 53 54 55 56 57 58 59 60 61 62 63 64 65 66 67 68 69 70 71 72 73 74 75
 76 77 78 79 80]
[2024-07-08 19:18:36,021][func.train][INFO] - [DATASET] split: test video_indices: [69]
[2024-07-08 19:18:36,115][func.train][INFO] - [DATASET] test size: 114376
[2024-07-08 19:18:36,116][func.train][INFO] - [DATASET] test video_indices: [69]
[2024-07-08 19:18:36,116][func.train][INFO] - [DATASET] video_idx: 69
[2024-07-08 19:18:36,135][func.train][INFO] - [DATASET] Sampled video_idx: 69 at 25 fps to 4575 frames
[2024-07-08 19:18:36,137][func.train][INFO] - [DATASET] video 69 phase_labels: torch.Size([4575])
[2024-07-08 19:18:36,262][func.train][INFO] - [DATASET] gt_remaining_time h=18: torch.Size([4575, 8])
[2024-07-08 19:18:36,262][func.train][INFO] - 

[2024-07-08 19:18:36,262][func.train][INFO] - [DATASET] number of test videos: 1
[2024-07-08 19:18:36,263][func.train][INFO] - [DATASET] avg video length: 76.25 minutes
[2024-07-08 19:19:16,470][func.train][INFO] - [DATASET] df unique videos: [1 2 3 4 5 6 7 8 9 10 11 12 13 14 15 16 17 18 19 20 21 22 23 24 25 26 27
 28 29 30 31 32 33 34 35 36 37 38 39 40 41 42 43 44 45 46 47 48 49 50 51
 52 53 54 55 56 57 58 59 60 61 62 63 64 65 66 67 68 69 70 71 72 73 74 75
 76 77 78 79 80]
[2024-07-08 19:19:16,471][func.train][INFO] - [DATASET] split: test video_indices: [70]
[2024-07-08 19:19:16,529][func.train][INFO] - [DATASET] test size: 29851
[2024-07-08 19:19:16,529][func.train][INFO] - [DATASET] test video_indices: [70]
[2024-07-08 19:19:16,529][func.train][INFO] - [DATASET] video_idx: 70
[2024-07-08 19:19:16,535][func.train][INFO] - [DATASET] Sampled video_idx: 70 at 25 fps to 1194 frames
[2024-07-08 19:19:16,536][func.train][INFO] - [DATASET] video 70 phase_labels: torch.Size([1194])
[2024-07-08 19:19:16,625][func.train][INFO] - [DATASET] gt_remaining_time h=18: torch.Size([1194, 8])
[2024-07-08 19:19:16,626][func.train][INFO] - 

[2024-07-08 19:19:16,626][func.train][INFO] - [DATASET] number of test videos: 1
[2024-07-08 19:19:16,626][func.train][INFO] - [DATASET] avg video length: 19.90 minutes
[2024-07-08 19:21:48,034][func.train][INFO] - [DATASET] df unique videos: [1 2 3 4 5 6 7 8 9 10 11 12 13 14 15 16 17 18 19 20 21 22 23 24 25 26 27
 28 29 30 31 32 33 34 35 36 37 38 39 40 41 42 43 44 45 46 47 48 49 50 51
 52 53 54 55 56 57 58 59 60 61 62 63 64 65 66 67 68 69 70 71 72 73 74 75
 76 77 78 79 80]
[2024-07-08 19:21:48,035][func.train][INFO] - [DATASET] split: test video_indices: [71]
[2024-07-08 19:21:48,105][func.train][INFO] - [DATASET] test size: 62876
[2024-07-08 19:21:48,106][func.train][INFO] - [DATASET] test video_indices: [71]
[2024-07-08 19:21:48,106][func.train][INFO] - [DATASET] video_idx: 71
[2024-07-08 19:21:48,117][func.train][INFO] - [DATASET] Sampled video_idx: 71 at 25 fps to 2515 frames
[2024-07-08 19:21:48,118][func.train][INFO] - [DATASET] video 71 phase_labels: torch.Size([2515])
[2024-07-08 19:21:48,208][func.train][INFO] - [DATASET] gt_remaining_time h=18: torch.Size([2515, 8])
[2024-07-08 19:21:48,209][func.train][INFO] - 

[2024-07-08 19:21:48,209][func.train][INFO] - [DATASET] number of test videos: 1
[2024-07-08 19:21:48,209][func.train][INFO] - [DATASET] avg video length: 41.92 minutes
[2024-07-08 19:23:04,186][func.train][INFO] - [DATASET] df unique videos: [1 2 3 4 5 6 7 8 9 10 11 12 13 14 15 16 17 18 19 20 21 22 23 24 25 26 27
 28 29 30 31 32 33 34 35 36 37 38 39 40 41 42 43 44 45 46 47 48 49 50 51
 52 53 54 55 56 57 58 59 60 61 62 63 64 65 66 67 68 69 70 71 72 73 74 75
 76 77 78 79 80]
[2024-07-08 19:23:04,186][func.train][INFO] - [DATASET] split: test video_indices: [72]
[2024-07-08 19:23:04,258][func.train][INFO] - [DATASET] test size: 77651
[2024-07-08 19:23:04,258][func.train][INFO] - [DATASET] test video_indices: [72]
[2024-07-08 19:23:04,258][func.train][INFO] - [DATASET] video_idx: 72
[2024-07-08 19:23:04,272][func.train][INFO] - [DATASET] Sampled video_idx: 72 at 25 fps to 3106 frames
[2024-07-08 19:23:04,273][func.train][INFO] - [DATASET] video 72 phase_labels: torch.Size([3106])
[2024-07-08 19:23:04,384][func.train][INFO] - [DATASET] gt_remaining_time h=18: torch.Size([3106, 8])
[2024-07-08 19:23:04,384][func.train][INFO] - 

[2024-07-08 19:23:04,385][func.train][INFO] - [DATASET] number of test videos: 1
[2024-07-08 19:23:04,385][func.train][INFO] - [DATASET] avg video length: 51.77 minutes
[2024-07-08 19:23:06,038][func.train][INFO] - [DATASET] df unique videos: [1 2 3 4 5 6 7 8 9 10 11 12 13 14 15 16 17 18 19 20 21 22 23 24 25 26 27
 28 29 30 31 32 33 34 35 36 37 38 39 40 41 42 43 44 45 46 47 48 49 50 51
 52 53 54 55 56 57 58 59 60 61 62 63 64 65 66 67 68 69 70 71 72 73 74 75
 76 77 78 79 80]
[2024-07-08 19:23:06,039][func.train][INFO] - [DATASET] split: test video_indices: [73]
[2024-07-08 19:23:06,098][func.train][INFO] - [DATASET] test size: 33901
[2024-07-08 19:23:06,098][func.train][INFO] - [DATASET] test video_indices: [73]
[2024-07-08 19:23:06,098][func.train][INFO] - [DATASET] video_idx: 73
[2024-07-08 19:23:06,104][func.train][INFO] - [DATASET] Sampled video_idx: 73 at 25 fps to 1356 frames
[2024-07-08 19:23:06,104][func.train][INFO] - [DATASET] video 73 phase_labels: torch.Size([1356])
[2024-07-08 19:23:06,200][func.train][INFO] - [DATASET] gt_remaining_time h=18: torch.Size([1356, 8])
[2024-07-08 19:23:06,201][func.train][INFO] - 

[2024-07-08 19:23:06,201][func.train][INFO] - [DATASET] number of test videos: 1
[2024-07-08 19:23:06,201][func.train][INFO] - [DATASET] avg video length: 22.60 minutes
[2024-07-08 19:25:28,685][func.train][INFO] - [DATASET] df unique videos: [1 2 3 4 5 6 7 8 9 10 11 12 13 14 15 16 17 18 19 20 21 22 23 24 25 26 27
 28 29 30 31 32 33 34 35 36 37 38 39 40 41 42 43 44 45 46 47 48 49 50 51
 52 53 54 55 56 57 58 59 60 61 62 63 64 65 66 67 68 69 70 71 72 73 74 75
 76 77 78 79 80]
[2024-07-08 19:25:28,686][func.train][INFO] - [DATASET] split: test video_indices: [74]
[2024-07-08 19:25:28,752][func.train][INFO] - [DATASET] test size: 40851
[2024-07-08 19:25:28,752][func.train][INFO] - [DATASET] test video_indices: [74]
[2024-07-08 19:25:28,752][func.train][INFO] - [DATASET] video_idx: 74
[2024-07-08 19:25:28,760][func.train][INFO] - [DATASET] Sampled video_idx: 74 at 25 fps to 1634 frames
[2024-07-08 19:25:28,760][func.train][INFO] - [DATASET] video 74 phase_labels: torch.Size([1634])
[2024-07-08 19:25:28,851][func.train][INFO] - [DATASET] gt_remaining_time h=18: torch.Size([1634, 8])
[2024-07-08 19:25:28,852][func.train][INFO] - 

[2024-07-08 19:25:28,852][func.train][INFO] - [DATASET] number of test videos: 1
[2024-07-08 19:25:28,852][func.train][INFO] - [DATASET] avg video length: 27.23 minutes
[2024-07-08 19:25:30,346][func.train][INFO] - [DATASET] df unique videos: [1 2 3 4 5 6 7 8 9 10 11 12 13 14 15 16 17 18 19 20 21 22 23 24 25 26 27
 28 29 30 31 32 33 34 35 36 37 38 39 40 41 42 43 44 45 46 47 48 49 50 51
 52 53 54 55 56 57 58 59 60 61 62 63 64 65 66 67 68 69 70 71 72 73 74 75
 76 77 78 79 80]
[2024-07-08 19:25:30,347][func.train][INFO] - [DATASET] split: test video_indices: [75]
[2024-07-08 19:25:30,412][func.train][INFO] - [DATASET] test size: 48076
[2024-07-08 19:25:30,412][func.train][INFO] - [DATASET] test video_indices: [75]
[2024-07-08 19:25:30,412][func.train][INFO] - [DATASET] video_idx: 75
[2024-07-08 19:25:30,422][func.train][INFO] - [DATASET] Sampled video_idx: 75 at 25 fps to 1923 frames
[2024-07-08 19:25:30,422][func.train][INFO] - [DATASET] video 75 phase_labels: torch.Size([1923])
[2024-07-08 19:25:30,494][func.train][INFO] - [DATASET] gt_remaining_time h=18: torch.Size([1923, 8])
[2024-07-08 19:25:30,495][func.train][INFO] - 

[2024-07-08 19:25:30,495][func.train][INFO] - [DATASET] number of test videos: 1
[2024-07-08 19:25:30,496][func.train][INFO] - [DATASET] avg video length: 32.05 minutes
[2024-07-08 19:25:31,914][func.train][INFO] - [DATASET] df unique videos: [1 2 3 4 5 6 7 8 9 10 11 12 13 14 15 16 17 18 19 20 21 22 23 24 25 26 27
 28 29 30 31 32 33 34 35 36 37 38 39 40 41 42 43 44 45 46 47 48 49 50 51
 52 53 54 55 56 57 58 59 60 61 62 63 64 65 66 67 68 69 70 71 72 73 74 75
 76 77 78 79 80]
[2024-07-08 19:25:31,915][func.train][INFO] - [DATASET] split: test video_indices: [76]
[2024-07-08 19:25:31,984][func.train][INFO] - [DATASET] test size: 66226
[2024-07-08 19:25:31,984][func.train][INFO] - [DATASET] test video_indices: [76]
[2024-07-08 19:25:31,984][func.train][INFO] - [DATASET] video_idx: 76
[2024-07-08 19:25:31,995][func.train][INFO] - [DATASET] Sampled video_idx: 76 at 25 fps to 2649 frames
[2024-07-08 19:25:31,996][func.train][INFO] - [DATASET] video 76 phase_labels: torch.Size([2649])
[2024-07-08 19:25:32,100][func.train][INFO] - [DATASET] gt_remaining_time h=18: torch.Size([2649, 8])
[2024-07-08 19:25:32,101][func.train][INFO] - 

[2024-07-08 19:25:32,101][func.train][INFO] - [DATASET] number of test videos: 1
[2024-07-08 19:25:32,101][func.train][INFO] - [DATASET] avg video length: 44.15 minutes
[2024-07-08 19:25:33,517][func.train][INFO] - [DATASET] df unique videos: [1 2 3 4 5 6 7 8 9 10 11 12 13 14 15 16 17 18 19 20 21 22 23 24 25 26 27
 28 29 30 31 32 33 34 35 36 37 38 39 40 41 42 43 44 45 46 47 48 49 50 51
 52 53 54 55 56 57 58 59 60 61 62 63 64 65 66 67 68 69 70 71 72 73 74 75
 76 77 78 79 80]
[2024-07-08 19:25:33,517][func.train][INFO] - [DATASET] split: test video_indices: [77]
[2024-07-08 19:25:33,585][func.train][INFO] - [DATASET] test size: 62551
[2024-07-08 19:25:33,585][func.train][INFO] - [DATASET] test video_indices: [77]
[2024-07-08 19:25:33,586][func.train][INFO] - [DATASET] video_idx: 77
[2024-07-08 19:25:33,598][func.train][INFO] - [DATASET] Sampled video_idx: 77 at 25 fps to 2502 frames
[2024-07-08 19:25:33,599][func.train][INFO] - [DATASET] video 77 phase_labels: torch.Size([2502])
[2024-07-08 19:25:33,704][func.train][INFO] - [DATASET] gt_remaining_time h=18: torch.Size([2502, 8])
[2024-07-08 19:25:33,704][func.train][INFO] - 

[2024-07-08 19:25:33,704][func.train][INFO] - [DATASET] number of test videos: 1
[2024-07-08 19:25:33,704][func.train][INFO] - [DATASET] avg video length: 41.70 minutes
[2024-07-08 19:25:35,145][func.train][INFO] - [DATASET] df unique videos: [1 2 3 4 5 6 7 8 9 10 11 12 13 14 15 16 17 18 19 20 21 22 23 24 25 26 27
 28 29 30 31 32 33 34 35 36 37 38 39 40 41 42 43 44 45 46 47 48 49 50 51
 52 53 54 55 56 57 58 59 60 61 62 63 64 65 66 67 68 69 70 71 72 73 74 75
 76 77 78 79 80]
[2024-07-08 19:25:35,145][func.train][INFO] - [DATASET] split: test video_indices: [78]
[2024-07-08 19:25:35,203][func.train][INFO] - [DATASET] test size: 18476
[2024-07-08 19:25:35,203][func.train][INFO] - [DATASET] test video_indices: [78]
[2024-07-08 19:25:35,203][func.train][INFO] - [DATASET] video_idx: 78
[2024-07-08 19:25:35,206][func.train][INFO] - [DATASET] Sampled video_idx: 78 at 25 fps to 739 frames
[2024-07-08 19:25:35,207][func.train][INFO] - [DATASET] video 78 phase_labels: torch.Size([739])
[2024-07-08 19:25:35,263][func.train][INFO] - [DATASET] gt_remaining_time h=18: torch.Size([739, 8])
[2024-07-08 19:25:35,264][func.train][INFO] - 

[2024-07-08 19:25:35,264][func.train][INFO] - [DATASET] number of test videos: 1
[2024-07-08 19:25:35,264][func.train][INFO] - [DATASET] avg video length: 12.32 minutes
[2024-07-08 19:25:36,772][func.train][INFO] - [DATASET] df unique videos: [1 2 3 4 5 6 7 8 9 10 11 12 13 14 15 16 17 18 19 20 21 22 23 24 25 26 27
 28 29 30 31 32 33 34 35 36 37 38 39 40 41 42 43 44 45 46 47 48 49 50 51
 52 53 54 55 56 57 58 59 60 61 62 63 64 65 66 67 68 69 70 71 72 73 74 75
 76 77 78 79 80]
[2024-07-08 19:25:36,772][func.train][INFO] - [DATASET] split: test video_indices: [79]
[2024-07-08 19:25:36,851][func.train][INFO] - [DATASET] test size: 85351
[2024-07-08 19:25:36,851][func.train][INFO] - [DATASET] test video_indices: [79]
[2024-07-08 19:25:36,851][func.train][INFO] - [DATASET] video_idx: 79
[2024-07-08 19:25:36,872][func.train][INFO] - [DATASET] Sampled video_idx: 79 at 25 fps to 3414 frames
[2024-07-08 19:25:36,874][func.train][INFO] - [DATASET] video 79 phase_labels: torch.Size([3414])
[2024-07-08 19:25:36,984][func.train][INFO] - [DATASET] gt_remaining_time h=18: torch.Size([3414, 8])
[2024-07-08 19:25:36,984][func.train][INFO] - 

[2024-07-08 19:25:36,984][func.train][INFO] - [DATASET] number of test videos: 1
[2024-07-08 19:25:36,984][func.train][INFO] - [DATASET] avg video length: 56.90 minutes
[2024-07-08 19:25:38,464][func.train][INFO] - [DATASET] df unique videos: [1 2 3 4 5 6 7 8 9 10 11 12 13 14 15 16 17 18 19 20 21 22 23 24 25 26 27
 28 29 30 31 32 33 34 35 36 37 38 39 40 41 42 43 44 45 46 47 48 49 50 51
 52 53 54 55 56 57 58 59 60 61 62 63 64 65 66 67 68 69 70 71 72 73 74 75
 76 77 78 79 80]
[2024-07-08 19:25:38,465][func.train][INFO] - [DATASET] split: test video_indices: [80]
[2024-07-08 19:25:38,529][func.train][INFO] - [DATASET] test size: 43101
[2024-07-08 19:25:38,529][func.train][INFO] - [DATASET] test video_indices: [80]
[2024-07-08 19:25:38,529][func.train][INFO] - [DATASET] video_idx: 80
[2024-07-08 19:25:38,537][func.train][INFO] - [DATASET] Sampled video_idx: 80 at 25 fps to 1724 frames
[2024-07-08 19:25:38,538][func.train][INFO] - [DATASET] video 80 phase_labels: torch.Size([1724])
[2024-07-08 19:25:38,645][func.train][INFO] - [DATASET] gt_remaining_time h=18: torch.Size([1724, 8])
[2024-07-08 19:25:38,646][func.train][INFO] - 

[2024-07-08 19:25:38,646][func.train][INFO] - [DATASET] number of test videos: 1
[2024-07-08 19:25:38,646][func.train][INFO] - [DATASET] avg video length: 28.73 minutes
[2024-07-08 19:25:38,670][func.train][INFO] - Time to load datasets: 25.87 min
[2024-07-08 19:25:38,670][func.train][INFO] - Creating data loaders
[2024-07-08 19:25:38,676][func.train][INFO] - Creating model with {'one': 7} classes
[2024-07-08 19:25:39,726][func.train][INFO] - [MAIN] Number of tokens: 86304
[2024-07-08 19:25:39,727][func.train][INFO] - [MAIN] Number of parameters: 22775518
[2024-07-08 19:25:39,727][func.train][INFO] - [MAIN] Token-to-Parameter Ratio is ideally between [1:1 to 10:1]: 0.003789
[2024-07-08 19:25:39,727][func.train][WARNING] - [MAIN] Data-to-Parameter-Ratio is outside the interval [1:1 to 10:1]
[2024-07-08 19:25:39,728][func.train][INFO] - Using LR 0.000300 WD 0.000010 for parameters
[2024-07-08 19:25:39,728][func.train][INFO] - Using LR 0.000300 WD 0.000010 for parameters
[2024-07-08 19:25:39,736][func.train][INFO] - Wrapping model into DP
[2024-07-08 19:25:39,808][func.train][INFO] - Start training
[2024-07-08 19:25:39,812][func.train][INFO] - Storing checkpoints every 60.00 mins
