[2024-07-11 22:18:44,999][func.train][INFO] - Dist info:
[2024-07-11 22:18:44,999][func.train][INFO] - torch version: 2.2.2+cu121
[2024-07-11 22:18:45,000][func.train][INFO] - torchvision version: 0.17.2+cu121
[2024-07-11 22:18:45,000][func.train][INFO] - hydra version: 1.3.2
[2024-07-11 22:18:45,006][func.train][INFO] - Loading data
[2024-07-11 22:18:45,007][func.train][INFO] - Loading datasets
[2024-07-11 22:18:45,051][func.train][INFO] - [SELECT DATASET] ALL loaded dataframe in 0m 0s
[2024-07-11 22:18:45,052][func.train][INFO] - [SELECT DATASET] ALL loaded dataframe: (83243, 4)
[2024-07-11 22:18:45,057][func.train][INFO] - [SELECT DATASET] labels are already starting from 0
[2024-07-11 22:18:45,063][func.train][INFO] - [SELECT DATASET] ALL unique classes: [0 1 2 3 4 5 6]
[2024-07-11 22:18:45,071][func.train][INFO] - [SELECT DATASET] aLL dataframe (head):                                           image_path  video_idx frame_idx class
0  /nfs/home/yangliu/dataset/AutoLaparo_Task1/Aut...          1         1     1
1  /nfs/home/yangliu/dataset/AutoLaparo_Task1/Aut...          1         2     1
2  /nfs/home/yangliu/dataset/AutoLaparo_Task1/Aut...          1         3     1
3  /nfs/home/yangliu/dataset/AutoLaparo_Task1/Aut...          1         4     1
4  /nfs/home/yangliu/dataset/AutoLaparo_Task1/Aut...          1         5     1
[2024-07-11 22:18:45,078][func.train][INFO] - [SELECT DATASET] ALL dataframe (tail):                                               image_path  ...  class
83238  /nfs/home/yangliu/dataset/AutoLaparo_Task1/Aut...  ...      6
83239  /nfs/home/yangliu/dataset/AutoLaparo_Task1/Aut...  ...      6
83240  /nfs/home/yangliu/dataset/AutoLaparo_Task1/Aut...  ...      6
83241  /nfs/home/yangliu/dataset/AutoLaparo_Task1/Aut...  ...      6
83242  /nfs/home/yangliu/dataset/AutoLaparo_Task1/Aut...  ...      6

[5 rows x 4 columns]
[2024-07-11 22:18:45,078][func.train][INFO] - [DATASET] params: {'debug': False, 'dataset_name': 'autolaparo21', 'reduc_feats_folder': 'train_targets_x_mp/', 'num_classes': 7, 'num_next_labels': 6, 'last_seg_class': 7, 'predict_next_phase': True, 'get_target_feats': False, 'replace_current_with_next_class': False}
[2024-07-11 22:18:45,109][func.train][INFO] - [DATASET] df unique videos: [ 1  2  3  4  5  6  7  8  9 10 11 12 13 14 15 16 17 18 19 20 21]
[2024-07-11 22:18:45,109][func.train][INFO] - [DATASET] split: train video_indices: [1, 2, 3, 4, 5, 6, 7, 8, 9, 10, 11, 12, 13, 14]
[2024-07-11 22:18:45,123][func.train][INFO] - [DATASET] train size: 55183
[2024-07-11 22:18:45,124][func.train][INFO] - [DATASET] train video_indices: [1, 2, 3, 4, 5, 6, 7, 8, 9, 10, 11, 12, 13, 14]
[2024-07-11 22:18:45,124][func.train][INFO] - [DATASET] video_idx: 1
[2024-07-11 22:18:45,126][func.train][INFO] - [DATASET] Sampled video_idx: 1 at 1 fps to 6388 frames
[2024-07-11 22:18:45,131][func.train][INFO] - [DATASET] video 1 phase_labels: torch.Size([6388])
[2024-07-11 22:18:45,595][func.train][INFO] - [DATASET] gt_remaining_time h=18: torch.Size([6388, 8])
[2024-07-11 22:18:45,595][func.train][INFO] - 

[2024-07-11 22:18:45,596][func.train][INFO] - [DATASET] video_idx: 2
[2024-07-11 22:18:45,599][func.train][INFO] - [DATASET] Sampled video_idx: 2 at 1 fps to 3620 frames
[2024-07-11 22:18:45,600][func.train][INFO] - [DATASET] video 2 phase_labels: torch.Size([3620])
[2024-07-11 22:18:45,887][func.train][INFO] - [DATASET] gt_remaining_time h=18: torch.Size([3620, 8])
[2024-07-11 22:18:45,888][func.train][INFO] - 

[2024-07-11 22:18:45,888][func.train][INFO] - [DATASET] video_idx: 3
[2024-07-11 22:18:45,890][func.train][INFO] - [DATASET] Sampled video_idx: 3 at 1 fps to 3000 frames
[2024-07-11 22:18:45,891][func.train][INFO] - [DATASET] video 3 phase_labels: torch.Size([3000])
[2024-07-11 22:18:46,042][func.train][INFO] - [DATASET] gt_remaining_time h=18: torch.Size([3000, 8])
[2024-07-11 22:18:46,043][func.train][INFO] - 

[2024-07-11 22:18:46,043][func.train][INFO] - [DATASET] video_idx: 4
[2024-07-11 22:18:46,045][func.train][INFO] - [DATASET] Sampled video_idx: 4 at 1 fps to 2938 frames
[2024-07-11 22:18:46,049][func.train][INFO] - [DATASET] video 4 phase_labels: torch.Size([2938])
[2024-07-11 22:18:46,211][func.train][INFO] - [DATASET] gt_remaining_time h=18: torch.Size([2938, 8])
[2024-07-11 22:18:46,212][func.train][INFO] - 

[2024-07-11 22:18:46,212][func.train][INFO] - [DATASET] video_idx: 5
[2024-07-11 22:18:46,216][func.train][INFO] - [DATASET] Sampled video_idx: 5 at 1 fps to 3220 frames
[2024-07-11 22:18:46,216][func.train][INFO] - [DATASET] video 5 phase_labels: torch.Size([3220])
[2024-07-11 22:18:46,331][func.train][INFO] - [DATASET] gt_remaining_time h=18: torch.Size([3220, 8])
[2024-07-11 22:18:46,332][func.train][INFO] - 

[2024-07-11 22:18:46,332][func.train][INFO] - [DATASET] video_idx: 6
[2024-07-11 22:18:46,334][func.train][INFO] - [DATASET] Sampled video_idx: 6 at 1 fps to 3908 frames
[2024-07-11 22:18:46,335][func.train][INFO] - [DATASET] video 6 phase_labels: torch.Size([3908])
[2024-07-11 22:18:46,469][func.train][INFO] - [DATASET] gt_remaining_time h=18: torch.Size([3908, 8])
[2024-07-11 22:18:46,469][func.train][INFO] - 

[2024-07-11 22:18:46,469][func.train][INFO] - [DATASET] video_idx: 7
[2024-07-11 22:18:46,472][func.train][INFO] - [DATASET] Sampled video_idx: 7 at 1 fps to 1645 frames
[2024-07-11 22:18:46,472][func.train][INFO] - [DATASET] video 7 phase_labels: torch.Size([1645])
[2024-07-11 22:18:46,567][func.train][INFO] - [DATASET] gt_remaining_time h=18: torch.Size([1645, 8])
[2024-07-11 22:18:46,567][func.train][INFO] - 

[2024-07-11 22:18:46,568][func.train][INFO] - [DATASET] video_idx: 8
[2024-07-11 22:18:46,570][func.train][INFO] - [DATASET] Sampled video_idx: 8 at 1 fps to 4692 frames
[2024-07-11 22:18:46,571][func.train][INFO] - [DATASET] video 8 phase_labels: torch.Size([4692])
[2024-07-11 22:18:46,719][func.train][INFO] - [DATASET] gt_remaining_time h=18: torch.Size([4692, 8])
[2024-07-11 22:18:46,720][func.train][INFO] - 

[2024-07-11 22:18:46,720][func.train][INFO] - [DATASET] video_idx: 9
[2024-07-11 22:18:46,724][func.train][INFO] - [DATASET] Sampled video_idx: 9 at 1 fps to 5736 frames
[2024-07-11 22:18:46,725][func.train][INFO] - [DATASET] video 9 phase_labels: torch.Size([5736])
[2024-07-11 22:18:46,909][func.train][INFO] - [DATASET] gt_remaining_time h=18: torch.Size([5736, 8])
[2024-07-11 22:18:46,910][func.train][INFO] - 

[2024-07-11 22:18:46,910][func.train][INFO] - [DATASET] video_idx: 10
[2024-07-11 22:18:46,913][func.train][INFO] - [DATASET] Sampled video_idx: 10 at 1 fps to 5064 frames
[2024-07-11 22:18:46,914][func.train][INFO] - [DATASET] video 10 phase_labels: torch.Size([5064])
[2024-07-11 22:18:47,071][func.train][INFO] - [DATASET] gt_remaining_time h=18: torch.Size([5064, 8])
[2024-07-11 22:18:47,071][func.train][INFO] - 

[2024-07-11 22:18:47,071][func.train][INFO] - [DATASET] video_idx: 11
[2024-07-11 22:18:47,074][func.train][INFO] - [DATASET] Sampled video_idx: 11 at 1 fps to 4720 frames
[2024-07-11 22:18:47,075][func.train][INFO] - [DATASET] video 11 phase_labels: torch.Size([4720])
[2024-07-11 22:18:47,195][func.train][INFO] - [DATASET] gt_remaining_time h=18: torch.Size([4720, 8])
[2024-07-11 22:18:47,196][func.train][INFO] - 

[2024-07-11 22:18:47,196][func.train][INFO] - [DATASET] video_idx: 12
[2024-07-11 22:18:47,198][func.train][INFO] - [DATASET] Sampled video_idx: 12 at 1 fps to 2916 frames
[2024-07-11 22:18:47,199][func.train][INFO] - [DATASET] video 12 phase_labels: torch.Size([2916])
[2024-07-11 22:18:47,337][func.train][INFO] - [DATASET] gt_remaining_time h=18: torch.Size([2916, 8])
[2024-07-11 22:18:47,338][func.train][INFO] - 

[2024-07-11 22:18:47,338][func.train][INFO] - [DATASET] video_idx: 13
[2024-07-11 22:18:47,340][func.train][INFO] - [DATASET] Sampled video_idx: 13 at 1 fps to 2597 frames
[2024-07-11 22:18:47,341][func.train][INFO] - [DATASET] video 13 phase_labels: torch.Size([2597])
[2024-07-11 22:18:47,449][func.train][INFO] - [DATASET] gt_remaining_time h=18: torch.Size([2597, 8])
[2024-07-11 22:18:47,449][func.train][INFO] - 

[2024-07-11 22:18:47,449][func.train][INFO] - [DATASET] video_idx: 14
[2024-07-11 22:18:47,452][func.train][INFO] - [DATASET] Sampled video_idx: 14 at 1 fps to 4739 frames
[2024-07-11 22:18:47,452][func.train][INFO] - [DATASET] video 14 phase_labels: torch.Size([4739])
[2024-07-11 22:18:47,624][func.train][INFO] - [DATASET] gt_remaining_time h=18: torch.Size([4739, 8])
[2024-07-11 22:18:47,624][func.train][INFO] - 

[2024-07-11 22:18:47,625][func.train][INFO] - [DATASET] number of train videos: 14
[2024-07-11 22:18:47,625][func.train][INFO] - [DATASET] avg video length: 65.69 minutes
[2024-07-11 22:18:47,642][func.train][INFO] - [DATASET] num classes at 1fps in train: (55183,)
[2024-07-11 22:18:47,643][func.train][INFO] - [DATASET] classes_counts_dict: {0: 1408, 1: 19287, 2: 12545, 3: 7511, 4: 1333, 5: 8184, 6: 4915}
[2024-07-11 22:18:47,645][func.train][INFO] - [DATASET] curr_class_weights: tensor([5.5989, 0.4087, 0.6284, 1.0496, 5.9139, 0.9633, 1.6039])
[2024-07-11 22:18:47,646][func.train][INFO] - [DATASET] num_eos_vals: 7883.285714285715
[2024-07-11 22:18:47,646][func.train][INFO] - [DATASET] classes_counts_dict: {0: 1408, 1: 19287, 2: 12545, 3: 7511, 4: 1333, 5: 8184, 6: 4915, 7: 7883}
[2024-07-11 22:18:47,647][func.train][INFO] - [DATASET] next_class_weights: tensor([5.5989, 0.4087, 0.6284, 1.0496, 5.9139, 0.9633, 1.6039, 1.0000])
[2024-07-11 22:18:47,702][func.train][INFO] - [DATASET] df unique videos: [ 1  2  3  4  5  6  7  8  9 10 11 12 13 14 15 16 17 18 19 20 21]
[2024-07-11 22:18:47,702][func.train][INFO] - [DATASET] split: test video_indices: [15]
[2024-07-11 22:18:47,705][func.train][INFO] - [DATASET] test size: 3653
[2024-07-11 22:18:47,705][func.train][INFO] - [DATASET] test video_indices: [15]
[2024-07-11 22:18:47,705][func.train][INFO] - [DATASET] video_idx: 15
[2024-07-11 22:18:47,707][func.train][INFO] - [DATASET] Sampled video_idx: 15 at 1 fps to 3653 frames
[2024-07-11 22:18:47,708][func.train][INFO] - [DATASET] video 15 phase_labels: torch.Size([3653])
[2024-07-11 22:18:47,837][func.train][INFO] - [DATASET] gt_remaining_time h=18: torch.Size([3653, 8])
[2024-07-11 22:18:47,838][func.train][INFO] - 

[2024-07-11 22:18:47,838][func.train][INFO] - [DATASET] number of test videos: 1
[2024-07-11 22:18:47,838][func.train][INFO] - [DATASET] avg video length: 60.88 minutes
[2024-07-11 22:18:47,878][func.train][INFO] - [DATASET] df unique videos: [ 1  2  3  4  5  6  7  8  9 10 11 12 13 14 15 16 17 18 19 20 21]
[2024-07-11 22:18:47,879][func.train][INFO] - [DATASET] split: test video_indices: [16]
[2024-07-11 22:18:47,881][func.train][INFO] - [DATASET] test size: 3612
[2024-07-11 22:18:47,881][func.train][INFO] - [DATASET] test video_indices: [16]
[2024-07-11 22:18:47,881][func.train][INFO] - [DATASET] video_idx: 16
[2024-07-11 22:18:47,883][func.train][INFO] - [DATASET] Sampled video_idx: 16 at 1 fps to 3612 frames
[2024-07-11 22:18:47,884][func.train][INFO] - [DATASET] video 16 phase_labels: torch.Size([3612])
[2024-07-11 22:18:48,042][func.train][INFO] - [DATASET] gt_remaining_time h=18: torch.Size([3612, 8])
[2024-07-11 22:18:48,043][func.train][INFO] - 

[2024-07-11 22:18:48,043][func.train][INFO] - [DATASET] number of test videos: 1
[2024-07-11 22:18:48,043][func.train][INFO] - [DATASET] avg video length: 60.20 minutes
[2024-07-11 22:18:48,076][func.train][INFO] - [DATASET] df unique videos: [ 1  2  3  4  5  6  7  8  9 10 11 12 13 14 15 16 17 18 19 20 21]
[2024-07-11 22:18:48,077][func.train][INFO] - [DATASET] split: test video_indices: [17]
[2024-07-11 22:18:48,079][func.train][INFO] - [DATASET] test size: 4678
[2024-07-11 22:18:48,079][func.train][INFO] - [DATASET] test video_indices: [17]
[2024-07-11 22:18:48,079][func.train][INFO] - [DATASET] video_idx: 17
[2024-07-11 22:18:48,081][func.train][INFO] - [DATASET] Sampled video_idx: 17 at 1 fps to 4678 frames
[2024-07-11 22:18:48,082][func.train][INFO] - [DATASET] video 17 phase_labels: torch.Size([4678])
[2024-07-11 22:18:48,259][func.train][INFO] - [DATASET] gt_remaining_time h=18: torch.Size([4678, 8])
[2024-07-11 22:18:48,259][func.train][INFO] - 

[2024-07-11 22:18:48,259][func.train][INFO] - [DATASET] number of test videos: 1
[2024-07-11 22:18:48,260][func.train][INFO] - [DATASET] avg video length: 77.97 minutes
[2024-07-11 22:18:48,293][func.train][INFO] - [DATASET] df unique videos: [ 1  2  3  4  5  6  7  8  9 10 11 12 13 14 15 16 17 18 19 20 21]
[2024-07-11 22:18:48,294][func.train][INFO] - [DATASET] split: test video_indices: [18]
[2024-07-11 22:18:48,296][func.train][INFO] - [DATASET] test size: 3546
[2024-07-11 22:18:48,296][func.train][INFO] - [DATASET] test video_indices: [18]
[2024-07-11 22:18:48,296][func.train][INFO] - [DATASET] video_idx: 18
[2024-07-11 22:18:48,298][func.train][INFO] - [DATASET] Sampled video_idx: 18 at 1 fps to 3546 frames
[2024-07-11 22:18:48,299][func.train][INFO] - [DATASET] video 18 phase_labels: torch.Size([3546])
[2024-07-11 22:18:48,437][func.train][INFO] - [DATASET] gt_remaining_time h=18: torch.Size([3546, 8])
[2024-07-11 22:18:48,438][func.train][INFO] - 

[2024-07-11 22:18:48,438][func.train][INFO] - [DATASET] number of test videos: 1
[2024-07-11 22:18:48,438][func.train][INFO] - [DATASET] avg video length: 59.10 minutes
[2024-07-11 22:18:48,475][func.train][INFO] - [DATASET] df unique videos: [ 1  2  3  4  5  6  7  8  9 10 11 12 13 14 15 16 17 18 19 20 21]
[2024-07-11 22:18:48,476][func.train][INFO] - [DATASET] split: test video_indices: [19]
[2024-07-11 22:18:48,478][func.train][INFO] - [DATASET] test size: 3413
[2024-07-11 22:18:48,478][func.train][INFO] - [DATASET] test video_indices: [19]
[2024-07-11 22:18:48,479][func.train][INFO] - [DATASET] video_idx: 19
[2024-07-11 22:18:48,481][func.train][INFO] - [DATASET] Sampled video_idx: 19 at 1 fps to 3413 frames
[2024-07-11 22:18:48,481][func.train][INFO] - [DATASET] video 19 phase_labels: torch.Size([3413])
[2024-07-11 22:18:48,632][func.train][INFO] - [DATASET] gt_remaining_time h=18: torch.Size([3413, 8])
[2024-07-11 22:18:48,632][func.train][INFO] - 

[2024-07-11 22:18:48,633][func.train][INFO] - [DATASET] number of test videos: 1
[2024-07-11 22:18:48,633][func.train][INFO] - [DATASET] avg video length: 56.88 minutes
[2024-07-11 22:18:48,664][func.train][INFO] - [DATASET] df unique videos: [ 1  2  3  4  5  6  7  8  9 10 11 12 13 14 15 16 17 18 19 20 21]
[2024-07-11 22:18:48,665][func.train][INFO] - [DATASET] split: test video_indices: [20]
[2024-07-11 22:18:48,667][func.train][INFO] - [DATASET] test size: 4832
[2024-07-11 22:18:48,667][func.train][INFO] - [DATASET] test video_indices: [20]
[2024-07-11 22:18:48,667][func.train][INFO] - [DATASET] video_idx: 20
[2024-07-11 22:18:48,669][func.train][INFO] - [DATASET] Sampled video_idx: 20 at 1 fps to 4832 frames
[2024-07-11 22:18:48,670][func.train][INFO] - [DATASET] video 20 phase_labels: torch.Size([4832])
[2024-07-11 22:18:48,840][func.train][INFO] - [DATASET] gt_remaining_time h=18: torch.Size([4832, 8])
[2024-07-11 22:18:48,841][func.train][INFO] - 

[2024-07-11 22:18:48,841][func.train][INFO] - [DATASET] number of test videos: 1
[2024-07-11 22:18:48,841][func.train][INFO] - [DATASET] avg video length: 80.53 minutes
[2024-07-11 22:18:48,871][func.train][INFO] - [DATASET] df unique videos: [ 1  2  3  4  5  6  7  8  9 10 11 12 13 14 15 16 17 18 19 20 21]
[2024-07-11 22:18:48,871][func.train][INFO] - [DATASET] split: test video_indices: [21]
[2024-07-11 22:18:48,875][func.train][INFO] - [DATASET] test size: 4326
[2024-07-11 22:18:48,875][func.train][INFO] - [DATASET] test video_indices: [21]
[2024-07-11 22:18:48,875][func.train][INFO] - [DATASET] video_idx: 21
[2024-07-11 22:18:48,877][func.train][INFO] - [DATASET] Sampled video_idx: 21 at 1 fps to 4326 frames
[2024-07-11 22:18:48,878][func.train][INFO] - [DATASET] video 21 phase_labels: torch.Size([4326])
[2024-07-11 22:18:49,055][func.train][INFO] - [DATASET] gt_remaining_time h=18: torch.Size([4326, 8])
[2024-07-11 22:18:49,055][func.train][INFO] - 

[2024-07-11 22:18:49,056][func.train][INFO] - [DATASET] number of test videos: 1
[2024-07-11 22:18:49,056][func.train][INFO] - [DATASET] avg video length: 72.10 minutes
[2024-07-11 22:18:49,058][func.train][INFO] - Time to load datasets: 0.07 min
[2024-07-11 22:18:49,058][func.train][INFO] - Creating data loaders
[2024-07-11 22:18:49,061][func.train][INFO] - Creating model with {'one': 7} classes
[2024-07-11 22:18:49,875][func.train][INFO] - [MAIN] Number of tokens: 55183
[2024-07-11 22:18:49,875][func.train][INFO] - [MAIN] Number of parameters: 31176932
[2024-07-11 22:18:49,875][func.train][INFO] - [MAIN] Token-to-Parameter Ratio is ideally between [1:1 to 10:1]: 0.001770
[2024-07-11 22:18:49,877][func.train][WARNING] - [MAIN] Data-to-Parameter-Ratio is outside the interval [1:1 to 10:1]
[2024-07-11 22:18:49,878][func.train][INFO] - Using LR 0.000300 WD 0.000010 for parameters
[2024-07-11 22:18:49,878][func.train][INFO] - Using LR 0.000300 WD 0.000010 for parameters
[2024-07-11 22:18:49,888][func.train][INFO] - Wrapping model into DP
[2024-07-11 22:18:49,987][func.train][INFO] - Start training
[2024-07-11 22:18:49,991][func.train][INFO] - Storing checkpoints every 60.00 mins
[2024-07-11 22:18:52,061][func.train][INFO] - [TRAINING] Step 0/863 | Loss: 2.91 | Acc (curr_frames): 0.05 | time-left: 29.72 min
[2024-07-11 22:20:22,409][func.train][INFO] - [TRAINING] Step 100/863 | Loss: 2.68 | Acc (curr_frames): 0.12 | time-left: 11.62 min
[2024-07-11 22:21:48,603][func.train][INFO] - [TRAINING] Step 200/863 | Loss: 2.51 | Acc (curr_frames): 0.09 | time-left: 9.80 min
[2024-07-11 22:23:17,532][func.train][INFO] - [TRAINING] Step 300/863 | Loss: 2.72 | Acc (curr_frames): 0.16 | time-left: 8.33 min
[2024-07-11 22:24:46,928][func.train][INFO] - [TRAINING] Step 400/863 | Loss: 2.88 | Acc (curr_frames): 0.14 | time-left: 6.85 min
