[2024-11-07 13:23:45,964][func.train][INFO] - Dist info:
[2024-11-07 13:23:45,965][func.train][INFO] - torch version: 2.2.2+cu121
[2024-11-07 13:23:45,965][func.train][INFO] - torchvision version: 0.17.2+cu121
[2024-11-07 13:23:45,966][func.train][INFO] - hydra version: 1.3.2
[2024-11-07 13:23:45,974][func.train][INFO] - [MAIN] eval horizons for regression: [30]
[2024-11-07 13:23:45,974][func.train][INFO] - Loading data
[2024-11-07 13:23:45,974][func.train][INFO] - Loading datasets
[2024-11-07 13:23:48,797][func.train][INFO] - [SELECT DATASET] ALL loaded dataframe in 0m 3s
[2024-11-07 13:23:48,801][func.train][INFO] - [SELECT DATASET] ALL loaded dataframe: (4612530, 11)
[2024-11-07 13:23:48,999][func.train][INFO] - [SELECT DATASET] labels are already starting from 0
[2024-11-07 13:23:49,367][func.train][INFO] - [SELECT DATASET] ALL unique classes: [0 1 2 3 4 5 6]
[2024-11-07 13:23:49,381][func.train][INFO] - [SELECT DATASET] aLL dataframe (head):                    image_path class  ... tool_Irrigator tool_SpecimenBag
0  video01/video01_000001.png     0  ...              0                0
1  video01/video01_000002.png     0  ...              0                0
2  video01/video01_000003.png     0  ...              0                0
3  video01/video01_000004.png     0  ...              0                0
4  video01/video01_000005.png     0  ...              0                0

[5 rows x 11 columns]
[2024-11-07 13:23:49,389][func.train][INFO] - [SELECT DATASET] ALL dataframe (tail):                          image_path class  ... tool_Irrigator tool_SpecimenBag
4612525  video80/video80_043097.png     6  ...              0                0
4612526  video80/video80_043098.png     6  ...              0                0
4612527  video80/video80_043099.png     6  ...              0                0
4612528  video80/video80_043100.png     6  ...              0                0
4612529  video80/video80_043101.png     6  ...              0                0

[5 rows x 11 columns]
[2024-11-07 13:23:49,390][func.train][INFO] - [DATASET] params: {'debug': False, 'dataset_name': 'cholec80', 'reduc_feats_folder': 'train_targets_x_mp/', 'num_classes': 7, 'num_next_labels': 6, 'last_seg_class': 7, 'predict_next_phase': True, 'get_target_feats': False, 'replace_current_with_next_class': False}
[2024-11-07 13:23:50,880][func.train][INFO] - [DATASET] df unique videos: [1 2 3 4 5 6 7 8 9 10 11 12 13 14 15 16 17 18 19 20 21 22 23 24 25 26 27
 28 29 30 31 32 33 34 35 36 37 38 39 40 41 42 43 44 45 46 47 48 49 50 51
 52 53 54 55 56 57 58 59 60 61 62 63 64 65 66 67 68 69 70 71 72 73 74 75
 76 77 78 79 80]
[2024-11-07 13:23:50,880][func.train][INFO] - [DATASET] split: train video_indices: [1, 2, 3, 4, 5, 6, 7, 8, 9, 10, 11, 12, 13, 14, 15, 16, 17, 18, 19, 20, 21, 22, 23, 24, 25, 26, 27, 28, 29, 30, 31, 32, 33, 34, 35, 36, 37, 38, 39, 40, 41, 42, 43, 44, 45, 46, 47, 48, 49, 50, 51, 52, 53, 54, 55, 56, 57, 58, 59, 60]
[2024-11-07 13:23:52,690][func.train][INFO] - [DATASET] train size: 3421885
[2024-11-07 13:23:52,690][func.train][INFO] - [DATASET] train video_indices: [1, 2, 3, 4, 5, 6, 7, 8, 9, 10, 11, 12, 13, 14, 15, 16, 17, 18, 19, 20, 21, 22, 23, 24, 25, 26, 27, 28, 29, 30, 31, 32, 33, 34, 35, 36, 37, 38, 39, 40, 41, 42, 43, 44, 45, 46, 47, 48, 49, 50, 51, 52, 53, 54, 55, 56, 57, 58, 59, 60]
[2024-11-07 13:23:52,691][func.train][INFO] - [DATASET] video_idx: 1
[2024-11-07 13:23:52,852][func.train][INFO] - [DATASET] Sampled video_idx: 1 at 25 fps to 1733 frames
[2024-11-07 13:23:52,858][func.train][INFO] - [DATASET] video 1 phase_labels: torch.Size([1733])
[2024-11-07 13:23:53,286][func.train][INFO] - [DATASET] gt_remaining_time h=30: torch.Size([1733, 8])
[2024-11-07 13:23:53,286][func.train][INFO] - 

[2024-11-07 13:23:53,302][func.train][INFO] - [DATASET] Saved gt_remaining_time for video 1
[2024-11-07 13:23:53,303][func.train][INFO] - [DATASET] video_idx: 2
[2024-11-07 13:23:53,437][func.train][INFO] - [DATASET] Sampled video_idx: 2 at 25 fps to 2839 frames
[2024-11-07 13:23:53,438][func.train][INFO] - [DATASET] video 2 phase_labels: torch.Size([2839])
[2024-11-07 13:23:53,703][func.train][INFO] - [DATASET] gt_remaining_time h=30: torch.Size([2839, 8])
[2024-11-07 13:23:53,704][func.train][INFO] - 

[2024-11-07 13:23:53,731][func.train][INFO] - [DATASET] Saved gt_remaining_time for video 2
[2024-11-07 13:23:53,733][func.train][INFO] - [DATASET] video_idx: 3
[2024-11-07 13:23:53,892][func.train][INFO] - [DATASET] Sampled video_idx: 3 at 25 fps to 5828 frames
[2024-11-07 13:23:53,893][func.train][INFO] - [DATASET] video 3 phase_labels: torch.Size([5828])
[2024-11-07 13:23:54,278][func.train][INFO] - [DATASET] gt_remaining_time h=30: torch.Size([5828, 8])
[2024-11-07 13:23:54,279][func.train][INFO] - 

[2024-11-07 13:23:54,320][func.train][INFO] - [DATASET] Saved gt_remaining_time for video 3
[2024-11-07 13:23:54,321][func.train][INFO] - [DATASET] video_idx: 4
[2024-11-07 13:23:54,467][func.train][INFO] - [DATASET] Sampled video_idx: 4 at 25 fps to 1522 frames
[2024-11-07 13:23:54,468][func.train][INFO] - [DATASET] video 4 phase_labels: torch.Size([1522])
[2024-11-07 13:23:54,650][func.train][INFO] - [DATASET] gt_remaining_time h=30: torch.Size([1522, 8])
[2024-11-07 13:23:54,651][func.train][INFO] - 

[2024-11-07 13:23:54,664][func.train][INFO] - [DATASET] Saved gt_remaining_time for video 4
[2024-11-07 13:23:54,665][func.train][INFO] - [DATASET] video_idx: 5
[2024-11-07 13:23:54,806][func.train][INFO] - [DATASET] Sampled video_idx: 5 at 25 fps to 2344 frames
[2024-11-07 13:23:54,808][func.train][INFO] - [DATASET] video 5 phase_labels: torch.Size([2344])
[2024-11-07 13:23:55,032][func.train][INFO] - [DATASET] gt_remaining_time h=30: torch.Size([2344, 8])
[2024-11-07 13:23:55,033][func.train][INFO] - 

[2024-11-07 13:23:55,061][func.train][INFO] - [DATASET] Saved gt_remaining_time for video 5
[2024-11-07 13:23:55,063][func.train][INFO] - [DATASET] video_idx: 6
[2024-11-07 13:23:55,205][func.train][INFO] - [DATASET] Sampled video_idx: 6 at 25 fps to 2153 frames
[2024-11-07 13:23:55,206][func.train][INFO] - [DATASET] video 6 phase_labels: torch.Size([2153])
[2024-11-07 13:23:55,445][func.train][INFO] - [DATASET] gt_remaining_time h=30: torch.Size([2153, 8])
[2024-11-07 13:23:55,445][func.train][INFO] - 

[2024-11-07 13:23:55,466][func.train][INFO] - [DATASET] Saved gt_remaining_time for video 6
[2024-11-07 13:23:55,467][func.train][INFO] - [DATASET] video_idx: 7
[2024-11-07 13:23:55,618][func.train][INFO] - [DATASET] Sampled video_idx: 7 at 25 fps to 4557 frames
[2024-11-07 13:23:55,619][func.train][INFO] - [DATASET] video 7 phase_labels: torch.Size([4557])
[2024-11-07 13:23:55,895][func.train][INFO] - [DATASET] gt_remaining_time h=30: torch.Size([4557, 8])
[2024-11-07 13:23:55,895][func.train][INFO] - 

[2024-11-07 13:23:55,929][func.train][INFO] - [DATASET] Saved gt_remaining_time for video 7
[2024-11-07 13:23:55,932][func.train][INFO] - [DATASET] video_idx: 8
[2024-11-07 13:23:56,068][func.train][INFO] - [DATASET] Sampled video_idx: 8 at 25 fps to 1519 frames
[2024-11-07 13:23:56,068][func.train][INFO] - [DATASET] video 8 phase_labels: torch.Size([1519])
[2024-11-07 13:23:56,251][func.train][INFO] - [DATASET] gt_remaining_time h=30: torch.Size([1519, 8])
[2024-11-07 13:23:56,252][func.train][INFO] - 

[2024-11-07 13:23:56,265][func.train][INFO] - [DATASET] Saved gt_remaining_time for video 8
[2024-11-07 13:23:56,268][func.train][INFO] - [DATASET] video_idx: 9
[2024-11-07 13:23:56,408][func.train][INFO] - [DATASET] Sampled video_idx: 9 at 25 fps to 2702 frames
[2024-11-07 13:23:56,408][func.train][INFO] - [DATASET] video 9 phase_labels: torch.Size([2702])
[2024-11-07 13:23:56,652][func.train][INFO] - [DATASET] gt_remaining_time h=30: torch.Size([2702, 8])
[2024-11-07 13:23:56,653][func.train][INFO] - 

[2024-11-07 13:23:56,677][func.train][INFO] - [DATASET] Saved gt_remaining_time for video 9
[2024-11-07 13:23:56,679][func.train][INFO] - [DATASET] video_idx: 10
[2024-11-07 13:23:56,819][func.train][INFO] - [DATASET] Sampled video_idx: 10 at 25 fps to 1749 frames
[2024-11-07 13:23:56,819][func.train][INFO] - [DATASET] video 10 phase_labels: torch.Size([1749])
[2024-11-07 13:23:57,008][func.train][INFO] - [DATASET] gt_remaining_time h=30: torch.Size([1749, 8])
[2024-11-07 13:23:57,009][func.train][INFO] - 

[2024-11-07 13:23:57,025][func.train][INFO] - [DATASET] Saved gt_remaining_time for video 10
[2024-11-07 13:23:57,026][func.train][INFO] - [DATASET] video_idx: 11
[2024-11-07 13:23:57,170][func.train][INFO] - [DATASET] Sampled video_idx: 11 at 25 fps to 3220 frames
[2024-11-07 13:23:57,171][func.train][INFO] - [DATASET] video 11 phase_labels: torch.Size([3220])
[2024-11-07 13:23:57,455][func.train][INFO] - [DATASET] gt_remaining_time h=30: torch.Size([3220, 8])
[2024-11-07 13:23:57,455][func.train][INFO] - 

[2024-11-07 13:23:57,483][func.train][INFO] - [DATASET] Saved gt_remaining_time for video 11
[2024-11-07 13:23:57,485][func.train][INFO] - [DATASET] video_idx: 12
[2024-11-07 13:23:57,623][func.train][INFO] - [DATASET] Sampled video_idx: 12 at 25 fps to 1090 frames
[2024-11-07 13:23:57,624][func.train][INFO] - [DATASET] video 12 phase_labels: torch.Size([1090])
[2024-11-07 13:23:57,759][func.train][INFO] - [DATASET] gt_remaining_time h=30: torch.Size([1090, 8])
[2024-11-07 13:23:57,759][func.train][INFO] - 

[2024-11-07 13:23:57,772][func.train][INFO] - [DATASET] Saved gt_remaining_time for video 12
[2024-11-07 13:23:57,773][func.train][INFO] - [DATASET] video_idx: 13
[2024-11-07 13:23:57,913][func.train][INFO] - [DATASET] Sampled video_idx: 13 at 25 fps to 981 frames
[2024-11-07 13:23:57,913][func.train][INFO] - [DATASET] video 13 phase_labels: torch.Size([981])
[2024-11-07 13:23:58,021][func.train][INFO] - [DATASET] gt_remaining_time h=30: torch.Size([981, 8])
[2024-11-07 13:23:58,021][func.train][INFO] - 

[2024-11-07 13:23:58,030][func.train][INFO] - [DATASET] Saved gt_remaining_time for video 13
[2024-11-07 13:23:58,031][func.train][INFO] - [DATASET] video_idx: 14
[2024-11-07 13:23:58,172][func.train][INFO] - [DATASET] Sampled video_idx: 14 at 25 fps to 1708 frames
[2024-11-07 13:23:58,172][func.train][INFO] - [DATASET] video 14 phase_labels: torch.Size([1708])
[2024-11-07 13:23:58,348][func.train][INFO] - [DATASET] gt_remaining_time h=30: torch.Size([1708, 8])
[2024-11-07 13:23:58,348][func.train][INFO] - 

[2024-11-07 13:23:58,365][func.train][INFO] - [DATASET] Saved gt_remaining_time for video 14
[2024-11-07 13:23:58,366][func.train][INFO] - [DATASET] video_idx: 15
[2024-11-07 13:23:58,513][func.train][INFO] - [DATASET] Sampled video_idx: 15 at 25 fps to 2058 frames
[2024-11-07 13:23:58,514][func.train][INFO] - [DATASET] video 15 phase_labels: torch.Size([2058])
[2024-11-07 13:23:58,722][func.train][INFO] - [DATASET] gt_remaining_time h=30: torch.Size([2058, 8])
[2024-11-07 13:23:58,722][func.train][INFO] - 

[2024-11-07 13:23:58,741][func.train][INFO] - [DATASET] Saved gt_remaining_time for video 15
[2024-11-07 13:23:58,743][func.train][INFO] - [DATASET] video_idx: 16
[2024-11-07 13:23:58,884][func.train][INFO] - [DATASET] Sampled video_idx: 16 at 25 fps to 2957 frames
[2024-11-07 13:23:58,885][func.train][INFO] - [DATASET] video 16 phase_labels: torch.Size([2957])
[2024-11-07 13:23:59,139][func.train][INFO] - [DATASET] gt_remaining_time h=30: torch.Size([2957, 8])
[2024-11-07 13:23:59,140][func.train][INFO] - 

[2024-11-07 13:23:59,164][func.train][INFO] - [DATASET] Saved gt_remaining_time for video 16
[2024-11-07 13:23:59,166][func.train][INFO] - [DATASET] video_idx: 17
[2024-11-07 13:23:59,307][func.train][INFO] - [DATASET] Sampled video_idx: 17 at 25 fps to 1304 frames
[2024-11-07 13:23:59,307][func.train][INFO] - [DATASET] video 17 phase_labels: torch.Size([1304])
[2024-11-07 13:23:59,453][func.train][INFO] - [DATASET] gt_remaining_time h=30: torch.Size([1304, 8])
[2024-11-07 13:23:59,454][func.train][INFO] - 

[2024-11-07 13:23:59,466][func.train][INFO] - [DATASET] Saved gt_remaining_time for video 17
[2024-11-07 13:23:59,468][func.train][INFO] - [DATASET] video_idx: 18
[2024-11-07 13:23:59,606][func.train][INFO] - [DATASET] Sampled video_idx: 18 at 25 fps to 1942 frames
[2024-11-07 13:23:59,606][func.train][INFO] - [DATASET] video 18 phase_labels: torch.Size([1942])
[2024-11-07 13:23:59,818][func.train][INFO] - [DATASET] gt_remaining_time h=30: torch.Size([1942, 8])
[2024-11-07 13:23:59,819][func.train][INFO] - 

[2024-11-07 13:23:59,837][func.train][INFO] - [DATASET] Saved gt_remaining_time for video 18
[2024-11-07 13:23:59,839][func.train][INFO] - [DATASET] video_idx: 19
[2024-11-07 13:23:59,976][func.train][INFO] - [DATASET] Sampled video_idx: 19 at 25 fps to 2424 frames
[2024-11-07 13:23:59,977][func.train][INFO] - [DATASET] video 19 phase_labels: torch.Size([2424])
[2024-11-07 13:24:00,236][func.train][INFO] - [DATASET] gt_remaining_time h=30: torch.Size([2424, 8])
[2024-11-07 13:24:00,237][func.train][INFO] - 

[2024-11-07 13:24:00,258][func.train][INFO] - [DATASET] Saved gt_remaining_time for video 19
[2024-11-07 13:24:00,260][func.train][INFO] - [DATASET] video_idx: 20
[2024-11-07 13:24:00,395][func.train][INFO] - [DATASET] Sampled video_idx: 20 at 25 fps to 1449 frames
[2024-11-07 13:24:00,396][func.train][INFO] - [DATASET] video 20 phase_labels: torch.Size([1449])
[2024-11-07 13:24:00,551][func.train][INFO] - [DATASET] gt_remaining_time h=30: torch.Size([1449, 8])
[2024-11-07 13:24:00,552][func.train][INFO] - 

[2024-11-07 13:24:00,566][func.train][INFO] - [DATASET] Saved gt_remaining_time for video 20
[2024-11-07 13:24:00,567][func.train][INFO] - [DATASET] video_idx: 21
[2024-11-07 13:24:00,708][func.train][INFO] - [DATASET] Sampled video_idx: 21 at 25 fps to 1258 frames
[2024-11-07 13:24:00,708][func.train][INFO] - [DATASET] video 21 phase_labels: torch.Size([1258])
[2024-11-07 13:24:00,837][func.train][INFO] - [DATASET] gt_remaining_time h=30: torch.Size([1258, 8])
[2024-11-07 13:24:00,838][func.train][INFO] - 

[2024-11-07 13:24:00,849][func.train][INFO] - [DATASET] Saved gt_remaining_time for video 21
[2024-11-07 13:24:00,850][func.train][INFO] - [DATASET] video_idx: 22
[2024-11-07 13:24:00,991][func.train][INFO] - [DATASET] Sampled video_idx: 22 at 25 fps to 1532 frames
[2024-11-07 13:24:00,992][func.train][INFO] - [DATASET] video 22 phase_labels: torch.Size([1532])
[2024-11-07 13:24:01,141][func.train][INFO] - [DATASET] gt_remaining_time h=30: torch.Size([1532, 8])
[2024-11-07 13:24:01,142][func.train][INFO] - 

[2024-11-07 13:24:01,157][func.train][INFO] - [DATASET] Saved gt_remaining_time for video 22
[2024-11-07 13:24:01,158][func.train][INFO] - [DATASET] video_idx: 23
[2024-11-07 13:24:01,302][func.train][INFO] - [DATASET] Sampled video_idx: 23 at 25 fps to 1635 frames
[2024-11-07 13:24:01,303][func.train][INFO] - [DATASET] video 23 phase_labels: torch.Size([1635])
[2024-11-07 13:24:01,465][func.train][INFO] - [DATASET] gt_remaining_time h=30: torch.Size([1635, 8])
[2024-11-07 13:24:01,465][func.train][INFO] - 

[2024-11-07 13:24:01,482][func.train][INFO] - [DATASET] Saved gt_remaining_time for video 23
[2024-11-07 13:24:01,486][func.train][INFO] - [DATASET] video_idx: 24
[2024-11-07 13:24:01,625][func.train][INFO] - [DATASET] Sampled video_idx: 24 at 25 fps to 1975 frames
[2024-11-07 13:24:01,626][func.train][INFO] - [DATASET] video 24 phase_labels: torch.Size([1975])
[2024-11-07 13:24:01,843][func.train][INFO] - [DATASET] gt_remaining_time h=30: torch.Size([1975, 8])
[2024-11-07 13:24:01,843][func.train][INFO] - 

[2024-11-07 13:24:01,863][func.train][INFO] - [DATASET] Saved gt_remaining_time for video 24
[2024-11-07 13:24:01,864][func.train][INFO] - [DATASET] video_idx: 25
[2024-11-07 13:24:02,005][func.train][INFO] - [DATASET] Sampled video_idx: 25 at 25 fps to 2129 frames
[2024-11-07 13:24:02,005][func.train][INFO] - [DATASET] video 25 phase_labels: torch.Size([2129])
[2024-11-07 13:24:02,229][func.train][INFO] - [DATASET] gt_remaining_time h=30: torch.Size([2129, 8])
[2024-11-07 13:24:02,229][func.train][INFO] - 

[2024-11-07 13:24:02,249][func.train][INFO] - [DATASET] Saved gt_remaining_time for video 25
[2024-11-07 13:24:02,255][func.train][INFO] - [DATASET] video_idx: 26
[2024-11-07 13:24:02,394][func.train][INFO] - [DATASET] Sampled video_idx: 26 at 25 fps to 1773 frames
[2024-11-07 13:24:02,395][func.train][INFO] - [DATASET] video 26 phase_labels: torch.Size([1773])
[2024-11-07 13:24:02,594][func.train][INFO] - [DATASET] gt_remaining_time h=30: torch.Size([1773, 8])
[2024-11-07 13:24:02,595][func.train][INFO] - 

[2024-11-07 13:24:02,609][func.train][INFO] - [DATASET] Saved gt_remaining_time for video 26
[2024-11-07 13:24:02,610][func.train][INFO] - [DATASET] video_idx: 27
[2024-11-07 13:24:02,748][func.train][INFO] - [DATASET] Sampled video_idx: 27 at 25 fps to 2084 frames
[2024-11-07 13:24:02,749][func.train][INFO] - [DATASET] video 27 phase_labels: torch.Size([2084])
[2024-11-07 13:24:02,977][func.train][INFO] - [DATASET] gt_remaining_time h=30: torch.Size([2084, 8])
[2024-11-07 13:24:02,977][func.train][INFO] - 

[2024-11-07 13:24:02,995][func.train][INFO] - [DATASET] Saved gt_remaining_time for video 27
[2024-11-07 13:24:02,996][func.train][INFO] - [DATASET] video_idx: 28
[2024-11-07 13:24:03,137][func.train][INFO] - [DATASET] Sampled video_idx: 28 at 25 fps to 1199 frames
[2024-11-07 13:24:03,137][func.train][INFO] - [DATASET] video 28 phase_labels: torch.Size([1199])
[2024-11-07 13:24:03,284][func.train][INFO] - [DATASET] gt_remaining_time h=30: torch.Size([1199, 8])
[2024-11-07 13:24:03,285][func.train][INFO] - 

[2024-11-07 13:24:03,298][func.train][INFO] - [DATASET] Saved gt_remaining_time for video 28
[2024-11-07 13:24:03,302][func.train][INFO] - [DATASET] video_idx: 29
[2024-11-07 13:24:03,438][func.train][INFO] - [DATASET] Sampled video_idx: 29 at 25 fps to 2350 frames
[2024-11-07 13:24:03,438][func.train][INFO] - [DATASET] video 29 phase_labels: torch.Size([2350])
[2024-11-07 13:24:03,649][func.train][INFO] - [DATASET] gt_remaining_time h=30: torch.Size([2350, 8])
[2024-11-07 13:24:03,649][func.train][INFO] - 

[2024-11-07 13:24:03,670][func.train][INFO] - [DATASET] Saved gt_remaining_time for video 29
[2024-11-07 13:24:03,671][func.train][INFO] - [DATASET] video_idx: 30
[2024-11-07 13:24:03,817][func.train][INFO] - [DATASET] Sampled video_idx: 30 at 25 fps to 2925 frames
[2024-11-07 13:24:03,818][func.train][INFO] - [DATASET] video 30 phase_labels: torch.Size([2925])
[2024-11-07 13:24:04,061][func.train][INFO] - [DATASET] gt_remaining_time h=30: torch.Size([2925, 8])
[2024-11-07 13:24:04,062][func.train][INFO] - 

[2024-11-07 13:24:04,085][func.train][INFO] - [DATASET] Saved gt_remaining_time for video 30
[2024-11-07 13:24:04,090][func.train][INFO] - [DATASET] video_idx: 31
[2024-11-07 13:24:04,240][func.train][INFO] - [DATASET] Sampled video_idx: 31 at 25 fps to 3945 frames
[2024-11-07 13:24:04,241][func.train][INFO] - [DATASET] video 31 phase_labels: torch.Size([3945])
[2024-11-07 13:24:04,556][func.train][INFO] - [DATASET] gt_remaining_time h=30: torch.Size([3945, 8])
[2024-11-07 13:24:04,557][func.train][INFO] - 

[2024-11-07 13:24:04,587][func.train][INFO] - [DATASET] Saved gt_remaining_time for video 31
[2024-11-07 13:24:04,588][func.train][INFO] - [DATASET] video_idx: 32
[2024-11-07 13:24:04,734][func.train][INFO] - [DATASET] Sampled video_idx: 32 at 25 fps to 2116 frames
[2024-11-07 13:24:04,734][func.train][INFO] - [DATASET] video 32 phase_labels: torch.Size([2116])
[2024-11-07 13:24:04,968][func.train][INFO] - [DATASET] gt_remaining_time h=30: torch.Size([2116, 8])
[2024-11-07 13:24:04,969][func.train][INFO] - 

[2024-11-07 13:24:04,987][func.train][INFO] - [DATASET] Saved gt_remaining_time for video 32
[2024-11-07 13:24:04,989][func.train][INFO] - [DATASET] video_idx: 33
[2024-11-07 13:24:05,138][func.train][INFO] - [DATASET] Sampled video_idx: 33 at 25 fps to 1307 frames
[2024-11-07 13:24:05,139][func.train][INFO] - [DATASET] video 33 phase_labels: torch.Size([1307])
[2024-11-07 13:24:05,269][func.train][INFO] - [DATASET] gt_remaining_time h=30: torch.Size([1307, 8])
[2024-11-07 13:24:05,270][func.train][INFO] - 

[2024-11-07 13:24:05,289][func.train][INFO] - [DATASET] Saved gt_remaining_time for video 33
[2024-11-07 13:24:05,291][func.train][INFO] - [DATASET] video_idx: 34
[2024-11-07 13:24:05,430][func.train][INFO] - [DATASET] Sampled video_idx: 34 at 25 fps to 1323 frames
[2024-11-07 13:24:05,431][func.train][INFO] - [DATASET] video 34 phase_labels: torch.Size([1323])
[2024-11-07 13:24:05,578][func.train][INFO] - [DATASET] gt_remaining_time h=30: torch.Size([1323, 8])
[2024-11-07 13:24:05,578][func.train][INFO] - 

[2024-11-07 13:24:05,590][func.train][INFO] - [DATASET] Saved gt_remaining_time for video 34
[2024-11-07 13:24:05,594][func.train][INFO] - [DATASET] video_idx: 35
[2024-11-07 13:24:05,737][func.train][INFO] - [DATASET] Sampled video_idx: 35 at 25 fps to 2106 frames
[2024-11-07 13:24:05,738][func.train][INFO] - [DATASET] video 35 phase_labels: torch.Size([2106])
[2024-11-07 13:24:05,986][func.train][INFO] - [DATASET] gt_remaining_time h=30: torch.Size([2106, 8])
[2024-11-07 13:24:05,986][func.train][INFO] - 

[2024-11-07 13:24:06,004][func.train][INFO] - [DATASET] Saved gt_remaining_time for video 35
[2024-11-07 13:24:06,005][func.train][INFO] - [DATASET] video_idx: 36
[2024-11-07 13:24:06,158][func.train][INFO] - [DATASET] Sampled video_idx: 36 at 25 fps to 2387 frames
[2024-11-07 13:24:06,159][func.train][INFO] - [DATASET] video 36 phase_labels: torch.Size([2387])
[2024-11-07 13:24:06,397][func.train][INFO] - [DATASET] gt_remaining_time h=30: torch.Size([2387, 8])
[2024-11-07 13:24:06,398][func.train][INFO] - 

[2024-11-07 13:24:06,419][func.train][INFO] - [DATASET] Saved gt_remaining_time for video 36
[2024-11-07 13:24:06,422][func.train][INFO] - [DATASET] video_idx: 37
[2024-11-07 13:24:06,567][func.train][INFO] - [DATASET] Sampled video_idx: 37 at 25 fps to 1232 frames
[2024-11-07 13:24:06,568][func.train][INFO] - [DATASET] video 37 phase_labels: torch.Size([1232])
[2024-11-07 13:24:06,718][func.train][INFO] - [DATASET] gt_remaining_time h=30: torch.Size([1232, 8])
[2024-11-07 13:24:06,718][func.train][INFO] - 

[2024-11-07 13:24:06,731][func.train][INFO] - [DATASET] Saved gt_remaining_time for video 37
[2024-11-07 13:24:06,732][func.train][INFO] - [DATASET] video_idx: 38
[2024-11-07 13:24:06,880][func.train][INFO] - [DATASET] Sampled video_idx: 38 at 25 fps to 3080 frames
[2024-11-07 13:24:06,882][func.train][INFO] - [DATASET] video 38 phase_labels: torch.Size([3080])
[2024-11-07 13:24:07,173][func.train][INFO] - [DATASET] gt_remaining_time h=30: torch.Size([3080, 8])
[2024-11-07 13:24:07,174][func.train][INFO] - 

[2024-11-07 13:24:07,201][func.train][INFO] - [DATASET] Saved gt_remaining_time for video 38
[2024-11-07 13:24:07,203][func.train][INFO] - [DATASET] video_idx: 39
[2024-11-07 13:24:07,350][func.train][INFO] - [DATASET] Sampled video_idx: 39 at 25 fps to 1647 frames
[2024-11-07 13:24:07,351][func.train][INFO] - [DATASET] video 39 phase_labels: torch.Size([1647])
[2024-11-07 13:24:07,546][func.train][INFO] - [DATASET] gt_remaining_time h=30: torch.Size([1647, 8])
[2024-11-07 13:24:07,547][func.train][INFO] - 

[2024-11-07 13:24:07,562][func.train][INFO] - [DATASET] Saved gt_remaining_time for video 39
[2024-11-07 13:24:07,565][func.train][INFO] - [DATASET] video_idx: 40
[2024-11-07 13:24:07,707][func.train][INFO] - [DATASET] Sampled video_idx: 40 at 25 fps to 2222 frames
[2024-11-07 13:24:07,708][func.train][INFO] - [DATASET] video 40 phase_labels: torch.Size([2222])
[2024-11-07 13:24:07,963][func.train][INFO] - [DATASET] gt_remaining_time h=30: torch.Size([2222, 8])
[2024-11-07 13:24:07,964][func.train][INFO] - 

[2024-11-07 13:24:07,982][func.train][INFO] - [DATASET] Saved gt_remaining_time for video 40
[2024-11-07 13:24:07,983][func.train][INFO] - [DATASET] video_idx: 41
[2024-11-07 13:24:08,136][func.train][INFO] - [DATASET] Sampled video_idx: 41 at 25 fps to 3103 frames
[2024-11-07 13:24:08,137][func.train][INFO] - [DATASET] video 41 phase_labels: torch.Size([3103])
[2024-11-07 13:24:08,430][func.train][INFO] - [DATASET] gt_remaining_time h=30: torch.Size([3103, 8])
[2024-11-07 13:24:08,431][func.train][INFO] - 

[2024-11-07 13:24:08,458][func.train][INFO] - [DATASET] Saved gt_remaining_time for video 41
[2024-11-07 13:24:08,463][func.train][INFO] - [DATASET] video_idx: 42
[2024-11-07 13:24:08,620][func.train][INFO] - [DATASET] Sampled video_idx: 42 at 25 fps to 3712 frames
[2024-11-07 13:24:08,621][func.train][INFO] - [DATASET] video 42 phase_labels: torch.Size([3712])
[2024-11-07 13:24:08,921][func.train][INFO] - [DATASET] gt_remaining_time h=30: torch.Size([3712, 8])
[2024-11-07 13:24:08,922][func.train][INFO] - 

[2024-11-07 13:24:08,954][func.train][INFO] - [DATASET] Saved gt_remaining_time for video 42
[2024-11-07 13:24:08,956][func.train][INFO] - [DATASET] video_idx: 43
[2024-11-07 13:24:09,093][func.train][INFO] - [DATASET] Sampled video_idx: 43 at 25 fps to 2362 frames
[2024-11-07 13:24:09,094][func.train][INFO] - [DATASET] video 43 phase_labels: torch.Size([2362])
[2024-11-07 13:24:09,338][func.train][INFO] - [DATASET] gt_remaining_time h=30: torch.Size([2362, 8])
[2024-11-07 13:24:09,339][func.train][INFO] - 

[2024-11-07 13:24:09,360][func.train][INFO] - [DATASET] Saved gt_remaining_time for video 43
[2024-11-07 13:24:09,362][func.train][INFO] - [DATASET] video_idx: 44
[2024-11-07 13:24:09,505][func.train][INFO] - [DATASET] Sampled video_idx: 44 at 25 fps to 3127 frames
[2024-11-07 13:24:09,506][func.train][INFO] - [DATASET] video 44 phase_labels: torch.Size([3127])
[2024-11-07 13:24:09,778][func.train][INFO] - [DATASET] gt_remaining_time h=30: torch.Size([3127, 8])
[2024-11-07 13:24:09,779][func.train][INFO] - 

[2024-11-07 13:24:09,804][func.train][INFO] - [DATASET] Saved gt_remaining_time for video 44
[2024-11-07 13:24:09,809][func.train][INFO] - [DATASET] video_idx: 45
[2024-11-07 13:24:09,964][func.train][INFO] - [DATASET] Sampled video_idx: 45 at 25 fps to 3387 frames
[2024-11-07 13:24:09,965][func.train][INFO] - [DATASET] video 45 phase_labels: torch.Size([3387])
[2024-11-07 13:24:10,212][func.train][INFO] - [DATASET] gt_remaining_time h=30: torch.Size([3387, 8])
[2024-11-07 13:24:10,212][func.train][INFO] - 

[2024-11-07 13:24:10,237][func.train][INFO] - [DATASET] Saved gt_remaining_time for video 45
[2024-11-07 13:24:10,239][func.train][INFO] - [DATASET] video_idx: 46
[2024-11-07 13:24:10,384][func.train][INFO] - [DATASET] Sampled video_idx: 46 at 25 fps to 1653 frames
[2024-11-07 13:24:10,384][func.train][INFO] - [DATASET] video 46 phase_labels: torch.Size([1653])
[2024-11-07 13:24:10,563][func.train][INFO] - [DATASET] gt_remaining_time h=30: torch.Size([1653, 8])
[2024-11-07 13:24:10,564][func.train][INFO] - 

[2024-11-07 13:24:10,579][func.train][INFO] - [DATASET] Saved gt_remaining_time for video 46
[2024-11-07 13:24:10,581][func.train][INFO] - [DATASET] video_idx: 47
[2024-11-07 13:24:10,723][func.train][INFO] - [DATASET] Sampled video_idx: 47 at 25 fps to 2259 frames
[2024-11-07 13:24:10,724][func.train][INFO] - [DATASET] video 47 phase_labels: torch.Size([2259])
[2024-11-07 13:24:10,953][func.train][INFO] - [DATASET] gt_remaining_time h=30: torch.Size([2259, 8])
[2024-11-07 13:24:10,954][func.train][INFO] - 

[2024-11-07 13:24:10,973][func.train][INFO] - [DATASET] Saved gt_remaining_time for video 47
[2024-11-07 13:24:10,976][func.train][INFO] - [DATASET] video_idx: 48
[2024-11-07 13:24:11,108][func.train][INFO] - [DATASET] Sampled video_idx: 48 at 25 fps to 1834 frames
[2024-11-07 13:24:11,109][func.train][INFO] - [DATASET] video 48 phase_labels: torch.Size([1834])
[2024-11-07 13:24:11,332][func.train][INFO] - [DATASET] gt_remaining_time h=30: torch.Size([1834, 8])
[2024-11-07 13:24:11,332][func.train][INFO] - 

[2024-11-07 13:24:11,348][func.train][INFO] - [DATASET] Saved gt_remaining_time for video 48
[2024-11-07 13:24:11,351][func.train][INFO] - [DATASET] video_idx: 49
[2024-11-07 13:24:11,490][func.train][INFO] - [DATASET] Sampled video_idx: 49 at 25 fps to 1671 frames
[2024-11-07 13:24:11,491][func.train][INFO] - [DATASET] video 49 phase_labels: torch.Size([1671])
[2024-11-07 13:24:11,652][func.train][INFO] - [DATASET] gt_remaining_time h=30: torch.Size([1671, 8])
[2024-11-07 13:24:11,652][func.train][INFO] - 

[2024-11-07 13:24:11,668][func.train][INFO] - [DATASET] Saved gt_remaining_time for video 49
[2024-11-07 13:24:11,669][func.train][INFO] - [DATASET] video_idx: 50
[2024-11-07 13:24:11,799][func.train][INFO] - [DATASET] Sampled video_idx: 50 at 25 fps to 1094 frames
[2024-11-07 13:24:11,800][func.train][INFO] - [DATASET] video 50 phase_labels: torch.Size([1094])
[2024-11-07 13:24:11,916][func.train][INFO] - [DATASET] gt_remaining_time h=30: torch.Size([1094, 8])
[2024-11-07 13:24:11,917][func.train][INFO] - 

[2024-11-07 13:24:11,926][func.train][INFO] - [DATASET] Saved gt_remaining_time for video 50
[2024-11-07 13:24:11,928][func.train][INFO] - [DATASET] video_idx: 51
[2024-11-07 13:24:12,079][func.train][INFO] - [DATASET] Sampled video_idx: 51 at 25 fps to 2944 frames
[2024-11-07 13:24:12,080][func.train][INFO] - [DATASET] video 51 phase_labels: torch.Size([2944])
[2024-11-07 13:24:12,359][func.train][INFO] - [DATASET] gt_remaining_time h=30: torch.Size([2944, 8])
[2024-11-07 13:24:12,360][func.train][INFO] - 

[2024-11-07 13:24:12,383][func.train][INFO] - [DATASET] Saved gt_remaining_time for video 51
[2024-11-07 13:24:12,385][func.train][INFO] - [DATASET] video_idx: 52
[2024-11-07 13:24:12,525][func.train][INFO] - [DATASET] Sampled video_idx: 52 at 25 fps to 1966 frames
[2024-11-07 13:24:12,526][func.train][INFO] - [DATASET] video 52 phase_labels: torch.Size([1966])
[2024-11-07 13:24:12,736][func.train][INFO] - [DATASET] gt_remaining_time h=30: torch.Size([1966, 8])
[2024-11-07 13:24:12,737][func.train][INFO] - 

[2024-11-07 13:24:12,754][func.train][INFO] - [DATASET] Saved gt_remaining_time for video 52
[2024-11-07 13:24:12,755][func.train][INFO] - [DATASET] video_idx: 53
[2024-11-07 13:24:12,899][func.train][INFO] - [DATASET] Sampled video_idx: 53 at 25 fps to 3283 frames
[2024-11-07 13:24:12,900][func.train][INFO] - [DATASET] video 53 phase_labels: torch.Size([3283])
[2024-11-07 13:24:13,149][func.train][INFO] - [DATASET] gt_remaining_time h=30: torch.Size([3283, 8])
[2024-11-07 13:24:13,150][func.train][INFO] - 

[2024-11-07 13:24:13,174][func.train][INFO] - [DATASET] Saved gt_remaining_time for video 53
[2024-11-07 13:24:13,176][func.train][INFO] - [DATASET] video_idx: 54
[2024-11-07 13:24:13,319][func.train][INFO] - [DATASET] Sampled video_idx: 54 at 25 fps to 3100 frames
[2024-11-07 13:24:13,320][func.train][INFO] - [DATASET] video 54 phase_labels: torch.Size([3100])
[2024-11-07 13:24:13,587][func.train][INFO] - [DATASET] gt_remaining_time h=30: torch.Size([3100, 8])
[2024-11-07 13:24:13,588][func.train][INFO] - 

[2024-11-07 13:24:13,615][func.train][INFO] - [DATASET] Saved gt_remaining_time for video 54
[2024-11-07 13:24:13,617][func.train][INFO] - [DATASET] video_idx: 55
[2024-11-07 13:24:13,754][func.train][INFO] - [DATASET] Sampled video_idx: 55 at 25 fps to 1037 frames
[2024-11-07 13:24:13,754][func.train][INFO] - [DATASET] video 55 phase_labels: torch.Size([1037])
[2024-11-07 13:24:13,875][func.train][INFO] - [DATASET] gt_remaining_time h=30: torch.Size([1037, 8])
[2024-11-07 13:24:13,876][func.train][INFO] - 

[2024-11-07 13:24:13,885][func.train][INFO] - [DATASET] Saved gt_remaining_time for video 55
[2024-11-07 13:24:13,888][func.train][INFO] - [DATASET] video_idx: 56
[2024-11-07 13:24:14,033][func.train][INFO] - [DATASET] Sampled video_idx: 56 at 25 fps to 1834 frames
[2024-11-07 13:24:14,034][func.train][INFO] - [DATASET] video 56 phase_labels: torch.Size([1834])
[2024-11-07 13:24:14,251][func.train][INFO] - [DATASET] gt_remaining_time h=30: torch.Size([1834, 8])
[2024-11-07 13:24:14,252][func.train][INFO] - 

[2024-11-07 13:24:14,268][func.train][INFO] - [DATASET] Saved gt_remaining_time for video 56
[2024-11-07 13:24:14,269][func.train][INFO] - [DATASET] video_idx: 57
[2024-11-07 13:24:14,409][func.train][INFO] - [DATASET] Sampled video_idx: 57 at 25 fps to 2632 frames
[2024-11-07 13:24:14,410][func.train][INFO] - [DATASET] video 57 phase_labels: torch.Size([2632])
[2024-11-07 13:24:14,661][func.train][INFO] - [DATASET] gt_remaining_time h=30: torch.Size([2632, 8])
[2024-11-07 13:24:14,662][func.train][INFO] - 

[2024-11-07 13:24:14,691][func.train][INFO] - [DATASET] Saved gt_remaining_time for video 57
[2024-11-07 13:24:14,693][func.train][INFO] - [DATASET] video_idx: 58
[2024-11-07 13:24:14,851][func.train][INFO] - [DATASET] Sampled video_idx: 58 at 25 fps to 5993 frames
[2024-11-07 13:24:14,853][func.train][INFO] - [DATASET] video 58 phase_labels: torch.Size([5993])
[2024-11-07 13:24:15,242][func.train][INFO] - [DATASET] gt_remaining_time h=30: torch.Size([5993, 8])
[2024-11-07 13:24:15,243][func.train][INFO] - 

[2024-11-07 13:24:15,286][func.train][INFO] - [DATASET] Saved gt_remaining_time for video 58
[2024-11-07 13:24:15,288][func.train][INFO] - [DATASET] video_idx: 59
[2024-11-07 13:24:15,418][func.train][INFO] - [DATASET] Sampled video_idx: 59 at 25 fps to 1046 frames
[2024-11-07 13:24:15,418][func.train][INFO] - [DATASET] video 59 phase_labels: torch.Size([1046])
[2024-11-07 13:24:15,536][func.train][INFO] - [DATASET] gt_remaining_time h=30: torch.Size([1046, 8])
[2024-11-07 13:24:15,537][func.train][INFO] - 

[2024-11-07 13:24:15,547][func.train][INFO] - [DATASET] Saved gt_remaining_time for video 59
[2024-11-07 13:24:15,548][func.train][INFO] - [DATASET] video_idx: 60
[2024-11-07 13:24:15,682][func.train][INFO] - [DATASET] Sampled video_idx: 60 at 25 fps to 2532 frames
[2024-11-07 13:24:15,683][func.train][INFO] - [DATASET] video 60 phase_labels: torch.Size([2532])
[2024-11-07 13:24:16,056][func.train][INFO] - [DATASET] gt_remaining_time h=30: torch.Size([2532, 8])
[2024-11-07 13:24:16,057][func.train][INFO] - 

[2024-11-07 13:24:16,081][func.train][INFO] - [DATASET] Saved gt_remaining_time for video 60
[2024-11-07 13:24:16,088][func.train][INFO] - [DATASET] Saved video durations
[2024-11-07 13:24:16,090][func.train][INFO] - [DATASET] number of train videos: 60
[2024-11-07 13:24:16,090][func.train][INFO] - [DATASET] avg video length: 38.02 minutes
[2024-11-07 13:24:16,152][func.train][INFO] - [DATASET] num classes at 1fps in train: (136873,)
[2024-11-07 13:24:16,154][func.train][INFO] - [DATASET] classes_counts_dict: {0: 6410, 1: 57370, 2: 11129, 3: 39289, 4: 5529, 5: 12039, 6: 5107}
[2024-11-07 13:24:16,155][func.train][INFO] - [DATASET] curr_class_weights: tensor([3.0504, 0.3408, 1.7570, 0.4977, 3.5365, 1.6242, 3.8287])
[2024-11-07 13:24:16,155][func.train][INFO] - [DATASET] num_eos_vals: 19553.285714285714
[2024-11-07 13:24:16,155][func.train][INFO] - [DATASET] classes_counts_dict: {0: 6410, 1: 57370, 2: 11129, 3: 39289, 4: 5529, 5: 12039, 6: 5107, 7: 19553}
[2024-11-07 13:24:16,156][func.train][INFO] - [DATASET] next_class_weights: tensor([3.0504, 0.3408, 1.7570, 0.4977, 3.5365, 1.6242, 3.8287, 1.0000])
[2024-11-07 13:24:17,770][func.train][INFO] - [DATASET] df unique videos: [1 2 3 4 5 6 7 8 9 10 11 12 13 14 15 16 17 18 19 20 21 22 23 24 25 26 27
 28 29 30 31 32 33 34 35 36 37 38 39 40 41 42 43 44 45 46 47 48 49 50 51
 52 53 54 55 56 57 58 59 60 61 62 63 64 65 66 67 68 69 70 71 72 73 74 75
 76 77 78 79 80]
[2024-11-07 13:24:17,771][func.train][INFO] - [DATASET] split: test video_indices: [61]
[2024-11-07 13:24:17,856][func.train][INFO] - [DATASET] test size: 110226
[2024-11-07 13:24:17,857][func.train][INFO] - [DATASET] test video_indices: [61]
[2024-11-07 13:24:17,857][func.train][INFO] - [DATASET] video_idx: 61
[2024-11-07 13:24:17,879][func.train][INFO] - [DATASET] Sampled video_idx: 61 at 25 fps to 4409 frames
[2024-11-07 13:24:17,881][func.train][INFO] - [DATASET] video 61 phase_labels: torch.Size([4409])
[2024-11-07 13:24:18,257][func.train][INFO] - [DATASET] gt_remaining_time h=30: torch.Size([4409, 8])
[2024-11-07 13:24:18,258][func.train][INFO] - 

[2024-11-07 13:24:18,294][func.train][INFO] - [DATASET] Saved gt_remaining_time for video 61
[2024-11-07 13:24:18,299][func.train][INFO] - [DATASET] Saved video durations
[2024-11-07 13:24:18,299][func.train][INFO] - [DATASET] number of test videos: 1
[2024-11-07 13:24:18,300][func.train][INFO] - [DATASET] avg video length: 73.48 minutes
[2024-11-07 13:24:19,812][func.train][INFO] - [DATASET] df unique videos: [1 2 3 4 5 6 7 8 9 10 11 12 13 14 15 16 17 18 19 20 21 22 23 24 25 26 27
 28 29 30 31 32 33 34 35 36 37 38 39 40 41 42 43 44 45 46 47 48 49 50 51
 52 53 54 55 56 57 58 59 60 61 62 63 64 65 66 67 68 69 70 71 72 73 74 75
 76 77 78 79 80]
[2024-11-07 13:24:19,812][func.train][INFO] - [DATASET] split: test video_indices: [62]
[2024-11-07 13:24:19,873][func.train][INFO] - [DATASET] test size: 50801
[2024-11-07 13:24:19,873][func.train][INFO] - [DATASET] test video_indices: [62]
[2024-11-07 13:24:19,873][func.train][INFO] - [DATASET] video_idx: 62
[2024-11-07 13:24:19,882][func.train][INFO] - [DATASET] Sampled video_idx: 62 at 25 fps to 2032 frames
[2024-11-07 13:24:19,883][func.train][INFO] - [DATASET] video 62 phase_labels: torch.Size([2032])
[2024-11-07 13:24:20,113][func.train][INFO] - [DATASET] gt_remaining_time h=30: torch.Size([2032, 8])
[2024-11-07 13:24:20,114][func.train][INFO] - 

[2024-11-07 13:24:20,132][func.train][INFO] - [DATASET] Saved gt_remaining_time for video 62
[2024-11-07 13:24:20,136][func.train][INFO] - [DATASET] Saved video durations
[2024-11-07 13:24:20,139][func.train][INFO] - [DATASET] number of test videos: 1
[2024-11-07 13:24:20,139][func.train][INFO] - [DATASET] avg video length: 33.87 minutes
[2024-11-07 13:24:21,599][func.train][INFO] - [DATASET] df unique videos: [1 2 3 4 5 6 7 8 9 10 11 12 13 14 15 16 17 18 19 20 21 22 23 24 25 26 27
 28 29 30 31 32 33 34 35 36 37 38 39 40 41 42 43 44 45 46 47 48 49 50 51
 52 53 54 55 56 57 58 59 60 61 62 63 64 65 66 67 68 69 70 71 72 73 74 75
 76 77 78 79 80]
[2024-11-07 13:24:21,600][func.train][INFO] - [DATASET] split: test video_indices: [63]
[2024-11-07 13:24:21,676][func.train][INFO] - [DATASET] test size: 85826
[2024-11-07 13:24:21,676][func.train][INFO] - [DATASET] test video_indices: [63]
[2024-11-07 13:24:21,676][func.train][INFO] - [DATASET] video_idx: 63
[2024-11-07 13:24:21,694][func.train][INFO] - [DATASET] Sampled video_idx: 63 at 25 fps to 3433 frames
[2024-11-07 13:24:21,695][func.train][INFO] - [DATASET] video 63 phase_labels: torch.Size([3433])
[2024-11-07 13:24:21,924][func.train][INFO] - [DATASET] gt_remaining_time h=30: torch.Size([3433, 8])
[2024-11-07 13:24:21,925][func.train][INFO] - 

[2024-11-07 13:24:21,950][func.train][INFO] - [DATASET] Saved gt_remaining_time for video 63
[2024-11-07 13:24:21,955][func.train][INFO] - [DATASET] Saved video durations
[2024-11-07 13:24:21,957][func.train][INFO] - [DATASET] number of test videos: 1
[2024-11-07 13:24:21,957][func.train][INFO] - [DATASET] avg video length: 57.22 minutes
[2024-11-07 13:24:23,474][func.train][INFO] - [DATASET] df unique videos: [1 2 3 4 5 6 7 8 9 10 11 12 13 14 15 16 17 18 19 20 21 22 23 24 25 26 27
 28 29 30 31 32 33 34 35 36 37 38 39 40 41 42 43 44 45 46 47 48 49 50 51
 52 53 54 55 56 57 58 59 60 61 62 63 64 65 66 67 68 69 70 71 72 73 74 75
 76 77 78 79 80]
[2024-11-07 13:24:23,474][func.train][INFO] - [DATASET] split: test video_indices: [64]
[2024-11-07 13:24:23,542][func.train][INFO] - [DATASET] test size: 59951
[2024-11-07 13:24:23,543][func.train][INFO] - [DATASET] test video_indices: [64]
[2024-11-07 13:24:23,543][func.train][INFO] - [DATASET] video_idx: 64
[2024-11-07 13:24:23,552][func.train][INFO] - [DATASET] Sampled video_idx: 64 at 25 fps to 2398 frames
[2024-11-07 13:24:23,553][func.train][INFO] - [DATASET] video 64 phase_labels: torch.Size([2398])
[2024-11-07 13:24:23,796][func.train][INFO] - [DATASET] gt_remaining_time h=30: torch.Size([2398, 8])
[2024-11-07 13:24:23,797][func.train][INFO] - 

[2024-11-07 13:24:23,819][func.train][INFO] - [DATASET] Saved gt_remaining_time for video 64
[2024-11-07 13:24:23,822][func.train][INFO] - [DATASET] Saved video durations
[2024-11-07 13:24:23,823][func.train][INFO] - [DATASET] number of test videos: 1
[2024-11-07 13:24:23,823][func.train][INFO] - [DATASET] avg video length: 39.97 minutes
[2024-11-07 13:24:25,312][func.train][INFO] - [DATASET] df unique videos: [1 2 3 4 5 6 7 8 9 10 11 12 13 14 15 16 17 18 19 20 21 22 23 24 25 26 27
 28 29 30 31 32 33 34 35 36 37 38 39 40 41 42 43 44 45 46 47 48 49 50 51
 52 53 54 55 56 57 58 59 60 61 62 63 64 65 66 67 68 69 70 71 72 73 74 75
 76 77 78 79 80]
[2024-11-07 13:24:25,312][func.train][INFO] - [DATASET] split: test video_indices: [65]
[2024-11-07 13:24:25,374][func.train][INFO] - [DATASET] test size: 46826
[2024-11-07 13:24:25,374][func.train][INFO] - [DATASET] test video_indices: [65]
[2024-11-07 13:24:25,374][func.train][INFO] - [DATASET] video_idx: 65
[2024-11-07 13:24:25,382][func.train][INFO] - [DATASET] Sampled video_idx: 65 at 25 fps to 1873 frames
[2024-11-07 13:24:25,383][func.train][INFO] - [DATASET] video 65 phase_labels: torch.Size([1873])
[2024-11-07 13:24:25,576][func.train][INFO] - [DATASET] gt_remaining_time h=30: torch.Size([1873, 8])
[2024-11-07 13:24:25,577][func.train][INFO] - 

[2024-11-07 13:24:25,593][func.train][INFO] - [DATASET] Saved gt_remaining_time for video 65
[2024-11-07 13:24:25,596][func.train][INFO] - [DATASET] Saved video durations
[2024-11-07 13:24:25,596][func.train][INFO] - [DATASET] number of test videos: 1
[2024-11-07 13:24:25,596][func.train][INFO] - [DATASET] avg video length: 31.22 minutes
[2024-11-07 13:24:27,107][func.train][INFO] - [DATASET] df unique videos: [1 2 3 4 5 6 7 8 9 10 11 12 13 14 15 16 17 18 19 20 21 22 23 24 25 26 27
 28 29 30 31 32 33 34 35 36 37 38 39 40 41 42 43 44 45 46 47 48 49 50 51
 52 53 54 55 56 57 58 59 60 61 62 63 64 65 66 67 68 69 70 71 72 73 74 75
 76 77 78 79 80]
[2024-11-07 13:24:27,107][func.train][INFO] - [DATASET] split: test video_indices: [66]
[2024-11-07 13:24:27,168][func.train][INFO] - [DATASET] test size: 45601
[2024-11-07 13:24:27,168][func.train][INFO] - [DATASET] test video_indices: [66]
[2024-11-07 13:24:27,168][func.train][INFO] - [DATASET] video_idx: 66
[2024-11-07 13:24:27,175][func.train][INFO] - [DATASET] Sampled video_idx: 66 at 25 fps to 1824 frames
[2024-11-07 13:24:27,176][func.train][INFO] - [DATASET] video 66 phase_labels: torch.Size([1824])
[2024-11-07 13:24:27,372][func.train][INFO] - [DATASET] gt_remaining_time h=30: torch.Size([1824, 8])
[2024-11-07 13:24:27,373][func.train][INFO] - 

[2024-11-07 13:24:27,393][func.train][INFO] - [DATASET] Saved gt_remaining_time for video 66
[2024-11-07 13:24:27,402][func.train][INFO] - [DATASET] Saved video durations
[2024-11-07 13:24:27,403][func.train][INFO] - [DATASET] number of test videos: 1
[2024-11-07 13:24:27,403][func.train][INFO] - [DATASET] avg video length: 30.40 minutes
[2024-11-07 13:24:28,873][func.train][INFO] - [DATASET] df unique videos: [1 2 3 4 5 6 7 8 9 10 11 12 13 14 15 16 17 18 19 20 21 22 23 24 25 26 27
 28 29 30 31 32 33 34 35 36 37 38 39 40 41 42 43 44 45 46 47 48 49 50 51
 52 53 54 55 56 57 58 59 60 61 62 63 64 65 66 67 68 69 70 71 72 73 74 75
 76 77 78 79 80]
[2024-11-07 13:24:28,873][func.train][INFO] - [DATASET] split: test video_indices: [67]
[2024-11-07 13:24:28,942][func.train][INFO] - [DATASET] test size: 58826
[2024-11-07 13:24:28,943][func.train][INFO] - [DATASET] test video_indices: [67]
[2024-11-07 13:24:28,943][func.train][INFO] - [DATASET] video_idx: 67
[2024-11-07 13:24:28,955][func.train][INFO] - [DATASET] Sampled video_idx: 67 at 25 fps to 2353 frames
[2024-11-07 13:24:28,956][func.train][INFO] - [DATASET] video 67 phase_labels: torch.Size([2353])
[2024-11-07 13:24:29,198][func.train][INFO] - [DATASET] gt_remaining_time h=30: torch.Size([2353, 8])
[2024-11-07 13:24:29,199][func.train][INFO] - 

[2024-11-07 13:24:29,219][func.train][INFO] - [DATASET] Saved gt_remaining_time for video 67
[2024-11-07 13:24:29,227][func.train][INFO] - [DATASET] Saved video durations
[2024-11-07 13:24:29,228][func.train][INFO] - [DATASET] number of test videos: 1
[2024-11-07 13:24:29,228][func.train][INFO] - [DATASET] avg video length: 39.22 minutes
[2024-11-07 13:24:30,734][func.train][INFO] - [DATASET] df unique videos: [1 2 3 4 5 6 7 8 9 10 11 12 13 14 15 16 17 18 19 20 21 22 23 24 25 26 27
 28 29 30 31 32 33 34 35 36 37 38 39 40 41 42 43 44 45 46 47 48 49 50 51
 52 53 54 55 56 57 58 59 60 61 62 63 64 65 66 67 68 69 70 71 72 73 74 75
 76 77 78 79 80]
[2024-11-07 13:24:30,734][func.train][INFO] - [DATASET] split: test video_indices: [68]
[2024-11-07 13:24:30,801][func.train][INFO] - [DATASET] test size: 49301
[2024-11-07 13:24:30,802][func.train][INFO] - [DATASET] test video_indices: [68]
[2024-11-07 13:24:30,802][func.train][INFO] - [DATASET] video_idx: 68
[2024-11-07 13:24:30,810][func.train][INFO] - [DATASET] Sampled video_idx: 68 at 25 fps to 1972 frames
[2024-11-07 13:24:30,811][func.train][INFO] - [DATASET] video 68 phase_labels: torch.Size([1972])
[2024-11-07 13:24:31,030][func.train][INFO] - [DATASET] gt_remaining_time h=30: torch.Size([1972, 8])
[2024-11-07 13:24:31,030][func.train][INFO] - 

[2024-11-07 13:24:31,048][func.train][INFO] - [DATASET] Saved gt_remaining_time for video 68
[2024-11-07 13:24:31,057][func.train][INFO] - [DATASET] Saved video durations
[2024-11-07 13:24:31,064][func.train][INFO] - [DATASET] number of test videos: 1
[2024-11-07 13:24:31,065][func.train][INFO] - [DATASET] avg video length: 32.87 minutes
[2024-11-07 13:24:32,544][func.train][INFO] - [DATASET] df unique videos: [1 2 3 4 5 6 7 8 9 10 11 12 13 14 15 16 17 18 19 20 21 22 23 24 25 26 27
 28 29 30 31 32 33 34 35 36 37 38 39 40 41 42 43 44 45 46 47 48 49 50 51
 52 53 54 55 56 57 58 59 60 61 62 63 64 65 66 67 68 69 70 71 72 73 74 75
 76 77 78 79 80]
[2024-11-07 13:24:32,544][func.train][INFO] - [DATASET] split: test video_indices: [69]
[2024-11-07 13:24:32,626][func.train][INFO] - [DATASET] test size: 114376
[2024-11-07 13:24:32,626][func.train][INFO] - [DATASET] test video_indices: [69]
[2024-11-07 13:24:32,626][func.train][INFO] - [DATASET] video_idx: 69
[2024-11-07 13:24:32,644][func.train][INFO] - [DATASET] Sampled video_idx: 69 at 25 fps to 4575 frames
[2024-11-07 13:24:32,646][func.train][INFO] - [DATASET] video 69 phase_labels: torch.Size([4575])
[2024-11-07 13:24:32,955][func.train][INFO] - [DATASET] gt_remaining_time h=30: torch.Size([4575, 8])
[2024-11-07 13:24:32,956][func.train][INFO] - 

[2024-11-07 13:24:32,991][func.train][INFO] - [DATASET] Saved gt_remaining_time for video 69
[2024-11-07 13:24:32,995][func.train][INFO] - [DATASET] Saved video durations
[2024-11-07 13:24:32,996][func.train][INFO] - [DATASET] number of test videos: 1
[2024-11-07 13:24:32,996][func.train][INFO] - [DATASET] avg video length: 76.25 minutes
[2024-11-07 13:24:34,492][func.train][INFO] - [DATASET] df unique videos: [1 2 3 4 5 6 7 8 9 10 11 12 13 14 15 16 17 18 19 20 21 22 23 24 25 26 27
 28 29 30 31 32 33 34 35 36 37 38 39 40 41 42 43 44 45 46 47 48 49 50 51
 52 53 54 55 56 57 58 59 60 61 62 63 64 65 66 67 68 69 70 71 72 73 74 75
 76 77 78 79 80]
[2024-11-07 13:24:34,493][func.train][INFO] - [DATASET] split: test video_indices: [70]
[2024-11-07 13:24:34,549][func.train][INFO] - [DATASET] test size: 29851
[2024-11-07 13:24:34,549][func.train][INFO] - [DATASET] test video_indices: [70]
[2024-11-07 13:24:34,549][func.train][INFO] - [DATASET] video_idx: 70
[2024-11-07 13:24:34,554][func.train][INFO] - [DATASET] Sampled video_idx: 70 at 25 fps to 1194 frames
[2024-11-07 13:24:34,554][func.train][INFO] - [DATASET] video 70 phase_labels: torch.Size([1194])
[2024-11-07 13:24:34,689][func.train][INFO] - [DATASET] gt_remaining_time h=30: torch.Size([1194, 8])
[2024-11-07 13:24:34,690][func.train][INFO] - 

[2024-11-07 13:24:34,704][func.train][INFO] - [DATASET] Saved gt_remaining_time for video 70
[2024-11-07 13:24:34,708][func.train][INFO] - [DATASET] Saved video durations
[2024-11-07 13:24:34,710][func.train][INFO] - [DATASET] number of test videos: 1
[2024-11-07 13:24:34,710][func.train][INFO] - [DATASET] avg video length: 19.90 minutes
[2024-11-07 13:24:36,181][func.train][INFO] - [DATASET] df unique videos: [1 2 3 4 5 6 7 8 9 10 11 12 13 14 15 16 17 18 19 20 21 22 23 24 25 26 27
 28 29 30 31 32 33 34 35 36 37 38 39 40 41 42 43 44 45 46 47 48 49 50 51
 52 53 54 55 56 57 58 59 60 61 62 63 64 65 66 67 68 69 70 71 72 73 74 75
 76 77 78 79 80]
[2024-11-07 13:24:36,182][func.train][INFO] - [DATASET] split: test video_indices: [71]
[2024-11-07 13:24:36,248][func.train][INFO] - [DATASET] test size: 62876
[2024-11-07 13:24:36,249][func.train][INFO] - [DATASET] test video_indices: [71]
[2024-11-07 13:24:36,249][func.train][INFO] - [DATASET] video_idx: 71
[2024-11-07 13:24:36,259][func.train][INFO] - [DATASET] Sampled video_idx: 71 at 25 fps to 2515 frames
[2024-11-07 13:24:36,260][func.train][INFO] - [DATASET] video 71 phase_labels: torch.Size([2515])
[2024-11-07 13:24:36,463][func.train][INFO] - [DATASET] gt_remaining_time h=30: torch.Size([2515, 8])
[2024-11-07 13:24:36,464][func.train][INFO] - 

[2024-11-07 13:24:36,485][func.train][INFO] - [DATASET] Saved gt_remaining_time for video 71
[2024-11-07 13:24:36,488][func.train][INFO] - [DATASET] Saved video durations
[2024-11-07 13:24:36,490][func.train][INFO] - [DATASET] number of test videos: 1
[2024-11-07 13:24:36,490][func.train][INFO] - [DATASET] avg video length: 41.92 minutes
[2024-11-07 13:24:37,970][func.train][INFO] - [DATASET] df unique videos: [1 2 3 4 5 6 7 8 9 10 11 12 13 14 15 16 17 18 19 20 21 22 23 24 25 26 27
 28 29 30 31 32 33 34 35 36 37 38 39 40 41 42 43 44 45 46 47 48 49 50 51
 52 53 54 55 56 57 58 59 60 61 62 63 64 65 66 67 68 69 70 71 72 73 74 75
 76 77 78 79 80]
[2024-11-07 13:24:37,970][func.train][INFO] - [DATASET] split: test video_indices: [72]
[2024-11-07 13:24:38,045][func.train][INFO] - [DATASET] test size: 77651
[2024-11-07 13:24:38,045][func.train][INFO] - [DATASET] test video_indices: [72]
[2024-11-07 13:24:38,045][func.train][INFO] - [DATASET] video_idx: 72
[2024-11-07 13:24:38,058][func.train][INFO] - [DATASET] Sampled video_idx: 72 at 25 fps to 3106 frames
[2024-11-07 13:24:38,059][func.train][INFO] - [DATASET] video 72 phase_labels: torch.Size([3106])
[2024-11-07 13:24:38,322][func.train][INFO] - [DATASET] gt_remaining_time h=30: torch.Size([3106, 8])
[2024-11-07 13:24:38,323][func.train][INFO] - 

[2024-11-07 13:24:38,349][func.train][INFO] - [DATASET] Saved gt_remaining_time for video 72
[2024-11-07 13:24:38,356][func.train][INFO] - [DATASET] Saved video durations
[2024-11-07 13:24:38,359][func.train][INFO] - [DATASET] number of test videos: 1
[2024-11-07 13:24:38,359][func.train][INFO] - [DATASET] avg video length: 51.77 minutes
[2024-11-07 13:24:39,892][func.train][INFO] - [DATASET] df unique videos: [1 2 3 4 5 6 7 8 9 10 11 12 13 14 15 16 17 18 19 20 21 22 23 24 25 26 27
 28 29 30 31 32 33 34 35 36 37 38 39 40 41 42 43 44 45 46 47 48 49 50 51
 52 53 54 55 56 57 58 59 60 61 62 63 64 65 66 67 68 69 70 71 72 73 74 75
 76 77 78 79 80]
[2024-11-07 13:24:39,893][func.train][INFO] - [DATASET] split: test video_indices: [73]
[2024-11-07 13:24:39,952][func.train][INFO] - [DATASET] test size: 33901
[2024-11-07 13:24:39,952][func.train][INFO] - [DATASET] test video_indices: [73]
[2024-11-07 13:24:39,952][func.train][INFO] - [DATASET] video_idx: 73
[2024-11-07 13:24:39,958][func.train][INFO] - [DATASET] Sampled video_idx: 73 at 25 fps to 1356 frames
[2024-11-07 13:24:39,959][func.train][INFO] - [DATASET] video 73 phase_labels: torch.Size([1356])
[2024-11-07 13:24:40,129][func.train][INFO] - [DATASET] gt_remaining_time h=30: torch.Size([1356, 8])
[2024-11-07 13:24:40,130][func.train][INFO] - 

[2024-11-07 13:24:40,151][func.train][INFO] - [DATASET] Saved gt_remaining_time for video 73
[2024-11-07 13:24:40,157][func.train][INFO] - [DATASET] Saved video durations
[2024-11-07 13:24:40,158][func.train][INFO] - [DATASET] number of test videos: 1
[2024-11-07 13:24:40,158][func.train][INFO] - [DATASET] avg video length: 22.60 minutes
[2024-11-07 13:24:41,735][func.train][INFO] - [DATASET] df unique videos: [1 2 3 4 5 6 7 8 9 10 11 12 13 14 15 16 17 18 19 20 21 22 23 24 25 26 27
 28 29 30 31 32 33 34 35 36 37 38 39 40 41 42 43 44 45 46 47 48 49 50 51
 52 53 54 55 56 57 58 59 60 61 62 63 64 65 66 67 68 69 70 71 72 73 74 75
 76 77 78 79 80]
[2024-11-07 13:24:41,736][func.train][INFO] - [DATASET] split: test video_indices: [74]
[2024-11-07 13:24:41,795][func.train][INFO] - [DATASET] test size: 40851
[2024-11-07 13:24:41,795][func.train][INFO] - [DATASET] test video_indices: [74]
[2024-11-07 13:24:41,795][func.train][INFO] - [DATASET] video_idx: 74
[2024-11-07 13:24:41,802][func.train][INFO] - [DATASET] Sampled video_idx: 74 at 25 fps to 1634 frames
[2024-11-07 13:24:41,803][func.train][INFO] - [DATASET] video 74 phase_labels: torch.Size([1634])
[2024-11-07 13:24:41,976][func.train][INFO] - [DATASET] gt_remaining_time h=30: torch.Size([1634, 8])
[2024-11-07 13:24:41,977][func.train][INFO] - 

[2024-11-07 13:24:41,992][func.train][INFO] - [DATASET] Saved gt_remaining_time for video 74
[2024-11-07 13:24:41,997][func.train][INFO] - [DATASET] Saved video durations
[2024-11-07 13:24:41,997][func.train][INFO] - [DATASET] number of test videos: 1
[2024-11-07 13:24:41,997][func.train][INFO] - [DATASET] avg video length: 27.23 minutes
[2024-11-07 13:24:43,466][func.train][INFO] - [DATASET] df unique videos: [1 2 3 4 5 6 7 8 9 10 11 12 13 14 15 16 17 18 19 20 21 22 23 24 25 26 27
 28 29 30 31 32 33 34 35 36 37 38 39 40 41 42 43 44 45 46 47 48 49 50 51
 52 53 54 55 56 57 58 59 60 61 62 63 64 65 66 67 68 69 70 71 72 73 74 75
 76 77 78 79 80]
[2024-11-07 13:24:43,466][func.train][INFO] - [DATASET] split: test video_indices: [75]
[2024-11-07 13:24:43,530][func.train][INFO] - [DATASET] test size: 48076
[2024-11-07 13:24:43,530][func.train][INFO] - [DATASET] test video_indices: [75]
[2024-11-07 13:24:43,530][func.train][INFO] - [DATASET] video_idx: 75
[2024-11-07 13:24:43,538][func.train][INFO] - [DATASET] Sampled video_idx: 75 at 25 fps to 1923 frames
[2024-11-07 13:24:43,539][func.train][INFO] - [DATASET] video 75 phase_labels: torch.Size([1923])
[2024-11-07 13:24:43,697][func.train][INFO] - [DATASET] gt_remaining_time h=30: torch.Size([1923, 8])
[2024-11-07 13:24:43,698][func.train][INFO] - 

[2024-11-07 13:24:43,716][func.train][INFO] - [DATASET] Saved gt_remaining_time for video 75
[2024-11-07 13:24:43,720][func.train][INFO] - [DATASET] Saved video durations
[2024-11-07 13:24:43,721][func.train][INFO] - [DATASET] number of test videos: 1
[2024-11-07 13:24:43,721][func.train][INFO] - [DATASET] avg video length: 32.05 minutes
[2024-11-07 13:24:45,182][func.train][INFO] - [DATASET] df unique videos: [1 2 3 4 5 6 7 8 9 10 11 12 13 14 15 16 17 18 19 20 21 22 23 24 25 26 27
 28 29 30 31 32 33 34 35 36 37 38 39 40 41 42 43 44 45 46 47 48 49 50 51
 52 53 54 55 56 57 58 59 60 61 62 63 64 65 66 67 68 69 70 71 72 73 74 75
 76 77 78 79 80]
[2024-11-07 13:24:45,182][func.train][INFO] - [DATASET] split: test video_indices: [76]
[2024-11-07 13:24:45,250][func.train][INFO] - [DATASET] test size: 66226
[2024-11-07 13:24:45,251][func.train][INFO] - [DATASET] test video_indices: [76]
[2024-11-07 13:24:45,251][func.train][INFO] - [DATASET] video_idx: 76
[2024-11-07 13:24:45,263][func.train][INFO] - [DATASET] Sampled video_idx: 76 at 25 fps to 2649 frames
[2024-11-07 13:24:45,263][func.train][INFO] - [DATASET] video 76 phase_labels: torch.Size([2649])
[2024-11-07 13:24:45,509][func.train][INFO] - [DATASET] gt_remaining_time h=30: torch.Size([2649, 8])
[2024-11-07 13:24:45,510][func.train][INFO] - 

[2024-11-07 13:24:45,538][func.train][INFO] - [DATASET] Saved gt_remaining_time for video 76
[2024-11-07 13:24:45,541][func.train][INFO] - [DATASET] Saved video durations
[2024-11-07 13:24:45,544][func.train][INFO] - [DATASET] number of test videos: 1
[2024-11-07 13:24:45,545][func.train][INFO] - [DATASET] avg video length: 44.15 minutes
[2024-11-07 13:24:46,998][func.train][INFO] - [DATASET] df unique videos: [1 2 3 4 5 6 7 8 9 10 11 12 13 14 15 16 17 18 19 20 21 22 23 24 25 26 27
 28 29 30 31 32 33 34 35 36 37 38 39 40 41 42 43 44 45 46 47 48 49 50 51
 52 53 54 55 56 57 58 59 60 61 62 63 64 65 66 67 68 69 70 71 72 73 74 75
 76 77 78 79 80]
[2024-11-07 13:24:46,998][func.train][INFO] - [DATASET] split: test video_indices: [77]
[2024-11-07 13:24:47,066][func.train][INFO] - [DATASET] test size: 62551
[2024-11-07 13:24:47,066][func.train][INFO] - [DATASET] test video_indices: [77]
[2024-11-07 13:24:47,066][func.train][INFO] - [DATASET] video_idx: 77
[2024-11-07 13:24:47,077][func.train][INFO] - [DATASET] Sampled video_idx: 77 at 25 fps to 2502 frames
[2024-11-07 13:24:47,077][func.train][INFO] - [DATASET] video 77 phase_labels: torch.Size([2502])
[2024-11-07 13:24:47,308][func.train][INFO] - [DATASET] gt_remaining_time h=30: torch.Size([2502, 8])
[2024-11-07 13:24:47,310][func.train][INFO] - 

[2024-11-07 13:24:47,332][func.train][INFO] - [DATASET] Saved gt_remaining_time for video 77
[2024-11-07 13:24:47,336][func.train][INFO] - [DATASET] Saved video durations
[2024-11-07 13:24:47,336][func.train][INFO] - [DATASET] number of test videos: 1
[2024-11-07 13:24:47,336][func.train][INFO] - [DATASET] avg video length: 41.70 minutes
[2024-11-07 13:24:48,772][func.train][INFO] - [DATASET] df unique videos: [1 2 3 4 5 6 7 8 9 10 11 12 13 14 15 16 17 18 19 20 21 22 23 24 25 26 27
 28 29 30 31 32 33 34 35 36 37 38 39 40 41 42 43 44 45 46 47 48 49 50 51
 52 53 54 55 56 57 58 59 60 61 62 63 64 65 66 67 68 69 70 71 72 73 74 75
 76 77 78 79 80]
[2024-11-07 13:24:48,772][func.train][INFO] - [DATASET] split: test video_indices: [78]
[2024-11-07 13:24:48,827][func.train][INFO] - [DATASET] test size: 18476
[2024-11-07 13:24:48,827][func.train][INFO] - [DATASET] test video_indices: [78]
[2024-11-07 13:24:48,827][func.train][INFO] - [DATASET] video_idx: 78
[2024-11-07 13:24:48,830][func.train][INFO] - [DATASET] Sampled video_idx: 78 at 25 fps to 739 frames
[2024-11-07 13:24:48,831][func.train][INFO] - [DATASET] video 78 phase_labels: torch.Size([739])
[2024-11-07 13:24:48,913][func.train][INFO] - [DATASET] gt_remaining_time h=30: torch.Size([739, 8])
[2024-11-07 13:24:48,914][func.train][INFO] - 

[2024-11-07 13:24:48,925][func.train][INFO] - [DATASET] Saved gt_remaining_time for video 78
[2024-11-07 13:24:48,929][func.train][INFO] - [DATASET] Saved video durations
[2024-11-07 13:24:48,930][func.train][INFO] - [DATASET] number of test videos: 1
[2024-11-07 13:24:48,930][func.train][INFO] - [DATASET] avg video length: 12.32 minutes
[2024-11-07 13:24:50,592][func.train][INFO] - [DATASET] df unique videos: [1 2 3 4 5 6 7 8 9 10 11 12 13 14 15 16 17 18 19 20 21 22 23 24 25 26 27
 28 29 30 31 32 33 34 35 36 37 38 39 40 41 42 43 44 45 46 47 48 49 50 51
 52 53 54 55 56 57 58 59 60 61 62 63 64 65 66 67 68 69 70 71 72 73 74 75
 76 77 78 79 80]
[2024-11-07 13:24:50,592][func.train][INFO] - [DATASET] split: test video_indices: [79]
[2024-11-07 13:24:50,668][func.train][INFO] - [DATASET] test size: 85351
[2024-11-07 13:24:50,668][func.train][INFO] - [DATASET] test video_indices: [79]
[2024-11-07 13:24:50,668][func.train][INFO] - [DATASET] video_idx: 79
[2024-11-07 13:24:50,684][func.train][INFO] - [DATASET] Sampled video_idx: 79 at 25 fps to 3414 frames
[2024-11-07 13:24:50,685][func.train][INFO] - [DATASET] video 79 phase_labels: torch.Size([3414])
[2024-11-07 13:24:50,964][func.train][INFO] - [DATASET] gt_remaining_time h=30: torch.Size([3414, 8])
[2024-11-07 13:24:50,964][func.train][INFO] - 

[2024-11-07 13:24:50,992][func.train][INFO] - [DATASET] Saved gt_remaining_time for video 79
[2024-11-07 13:24:51,001][func.train][INFO] - [DATASET] Saved video durations
[2024-11-07 13:24:51,001][func.train][INFO] - [DATASET] number of test videos: 1
[2024-11-07 13:24:51,001][func.train][INFO] - [DATASET] avg video length: 56.90 minutes
[2024-11-07 13:24:52,459][func.train][INFO] - [DATASET] df unique videos: [1 2 3 4 5 6 7 8 9 10 11 12 13 14 15 16 17 18 19 20 21 22 23 24 25 26 27
 28 29 30 31 32 33 34 35 36 37 38 39 40 41 42 43 44 45 46 47 48 49 50 51
 52 53 54 55 56 57 58 59 60 61 62 63 64 65 66 67 68 69 70 71 72 73 74 75
 76 77 78 79 80]
[2024-11-07 13:24:52,459][func.train][INFO] - [DATASET] split: test video_indices: [80]
[2024-11-07 13:24:52,519][func.train][INFO] - [DATASET] test size: 43101
[2024-11-07 13:24:52,519][func.train][INFO] - [DATASET] test video_indices: [80]
[2024-11-07 13:24:52,519][func.train][INFO] - [DATASET] video_idx: 80
[2024-11-07 13:24:52,526][func.train][INFO] - [DATASET] Sampled video_idx: 80 at 25 fps to 1724 frames
[2024-11-07 13:24:52,527][func.train][INFO] - [DATASET] video 80 phase_labels: torch.Size([1724])
[2024-11-07 13:24:52,752][func.train][INFO] - [DATASET] gt_remaining_time h=30: torch.Size([1724, 8])
[2024-11-07 13:24:52,753][func.train][INFO] - 

[2024-11-07 13:24:52,771][func.train][INFO] - [DATASET] Saved gt_remaining_time for video 80
[2024-11-07 13:24:52,777][func.train][INFO] - [DATASET] Saved video durations
[2024-11-07 13:24:52,778][func.train][INFO] - [DATASET] number of test videos: 1
[2024-11-07 13:24:52,778][func.train][INFO] - [DATASET] avg video length: 28.73 minutes
[2024-11-07 13:24:52,814][func.train][INFO] - Time to load datasets: 1.11 min
[2024-11-07 13:24:52,814][func.train][INFO] - Creating data loaders
[2024-11-07 13:24:55,785][func.train][INFO] - Saved video durations to test_video_durations.json
[2024-11-07 13:24:55,786][func.train][INFO] - Creating model with {'one': 7} classes
[2024-11-07 13:24:57,276][func.train][INFO] - [MAIN] Number of tokens: 136873
[2024-11-07 13:24:57,276][func.train][INFO] - [MAIN] Number of parameters: 22766816
[2024-11-07 13:24:57,276][func.train][INFO] - [MAIN] Token-to-Parameter Ratio is ideally between [1:1 to 10:1]: 0.006012
[2024-11-07 13:24:57,276][func.train][WARNING] - [MAIN] Data-to-Parameter-Ratio is outside the interval [1:1 to 10:1]
[2024-11-07 13:24:57,277][func.train][INFO] - Using LR 0.000300 WD 0.000010 for parameters
[2024-11-07 13:24:57,277][func.train][INFO] - Using LR 0.000300 WD 0.000010 for parameters
[2024-11-07 13:24:57,282][func.train][WARNING] - No checkpoint found at checkpoint_best.pth
[2024-11-07 13:24:57,282][func.train][INFO] - Wrapping model into DP
[2024-11-07 13:24:57,360][func.train][INFO] - Start training
[2024-11-07 13:24:57,363][func.train][INFO] - Storing checkpoints every 60.00 mins
[2024-11-07 13:24:58,530][func.train][INFO] - [TRAINING] Step 0/2139 | Loss: 52.98 | Acc (curr_frames): 0.05 | time-left: 41.56 min
[2024-11-07 13:25:39,076][func.train][INFO] - [TRAINING] Step 100/2139 | Loss: 54.76 | Acc (curr_frames): 0.09 | time-left: 14.03 min
[2024-11-07 13:26:17,868][func.train][INFO] - [TRAINING] Step 200/2139 | Loss: 51.99 | Acc (curr_frames): 0.06 | time-left: 12.94 min
[2024-11-07 13:26:56,096][func.train][INFO] - [TRAINING] Step 300/2139 | Loss: 52.27 | Acc (curr_frames): 0.09 | time-left: 12.08 min
[2024-11-07 13:27:33,443][func.train][INFO] - [TRAINING] Step 400/2139 | Loss: 48.85 | Acc (curr_frames): 0.05 | time-left: 11.27 min
[2024-11-07 13:28:11,510][func.train][INFO] - [TRAINING] Step 500/2139 | Loss: 40.55 | Acc (curr_frames): 0.10 | time-left: 10.58 min
[2024-11-07 13:28:48,957][func.train][INFO] - [TRAINING] Step 600/2139 | Loss: 32.36 | Acc (curr_frames): 0.14 | time-left: 9.88 min
[2024-11-07 13:29:26,562][func.train][INFO] - [TRAINING] Step 700/2139 | Loss: 23.85 | Acc (curr_frames): 0.12 | time-left: 9.20 min
[2024-11-07 13:30:04,288][func.train][INFO] - [TRAINING] Step 800/2139 | Loss: 22.51 | Acc (curr_frames): 0.14 | time-left: 8.54 min
[2024-11-07 13:30:42,254][func.train][INFO] - [TRAINING] Step 900/2139 | Loss: 19.58 | Acc (curr_frames): 0.10 | time-left: 7.90 min
[2024-11-07 13:31:19,948][func.train][INFO] - [TRAINING] Step 1000/2139 | Loss: 20.31 | Acc (curr_frames): 0.19 | time-left: 7.25 min
[2024-11-07 13:31:56,406][func.train][INFO] - [TRAINING] Step 1100/2139 | Loss: 20.44 | Acc (curr_frames): 0.22 | time-left: 6.58 min
[2024-11-07 13:32:34,321][func.train][INFO] - [TRAINING] Step 1200/2139 | Loss: 20.95 | Acc (curr_frames): 0.17 | time-left: 5.95 min
