[2024-06-12 13:14:02,070][func.train][INFO] - Dist info:
[2024-06-12 13:14:02,070][func.train][INFO] - torch version: 2.2.2+cu121
[2024-06-12 13:14:02,071][func.train][INFO] - torchvision version: 0.17.2+cu121
[2024-06-12 13:14:02,071][func.train][INFO] - hydra version: 1.3.2
[2024-06-12 13:14:02,077][func.train][INFO] - Loading data
[2024-06-12 13:14:02,077][func.train][INFO] - Loading datasets
[2024-06-12 13:14:02,416][func.train][INFO] - [SELECT DATASET] ALL loaded dataframe in 0m 0s
[2024-06-12 13:14:02,417][func.train][INFO] - [SELECT DATASET] ALL loaded dataframe: (83243, 4)
[2024-06-12 13:14:02,422][func.train][INFO] - [SELECT DATASET] labels are already starting from 0
[2024-06-12 13:14:02,430][func.train][INFO] - [SELECT DATASET] ALL unique classes: [0 1 2 3 4 5 6]
[2024-06-12 13:14:02,438][func.train][INFO] - [SELECT DATASET] aLL dataframe (head):                                           image_path  video_idx frame_idx class
0  /nfs/home/yangliu/dataset/AutoLaparo_Task1/Aut...          1         1     1
1  /nfs/home/yangliu/dataset/AutoLaparo_Task1/Aut...          1         2     1
2  /nfs/home/yangliu/dataset/AutoLaparo_Task1/Aut...          1         3     1
3  /nfs/home/yangliu/dataset/AutoLaparo_Task1/Aut...          1         4     1
4  /nfs/home/yangliu/dataset/AutoLaparo_Task1/Aut...          1         5     1
[2024-06-12 13:14:02,445][func.train][INFO] - [SELECT DATASET] ALL dataframe (tail):                                               image_path  ...  class
83238  /nfs/home/yangliu/dataset/AutoLaparo_Task1/Aut...  ...      6
83239  /nfs/home/yangliu/dataset/AutoLaparo_Task1/Aut...  ...      6
83240  /nfs/home/yangliu/dataset/AutoLaparo_Task1/Aut...  ...      6
83241  /nfs/home/yangliu/dataset/AutoLaparo_Task1/Aut...  ...      6
83242  /nfs/home/yangliu/dataset/AutoLaparo_Task1/Aut...  ...      6

[5 rows x 4 columns]
[2024-06-12 13:14:02,446][func.train][INFO] - [DATASET] params: {'debug': False, 'dataset_name': 'autolaparo21', 'reduc_feats_folder': 'train_targets_x_mp/', 'num_classes': 7, 'num_next_labels': 6, 'last_seg_class': 7, 'predict_next_phase': True, 'get_target_feats': False, 'replace_current_with_next_class': False}
[2024-06-12 13:14:02,484][func.train][INFO] - [DATASET] df unique videos: [ 1  2  3  4  5  6  7  8  9 10 11 12 13 14 15 16 17 18 19 20 21]
[2024-06-12 13:14:02,485][func.train][INFO] - [DATASET] split: train video_indices: [1, 2, 3, 4, 5, 6, 7, 8, 9, 10, 11, 12, 13, 14]
[2024-06-12 13:14:02,500][func.train][INFO] - [DATASET] train size: 55183
[2024-06-12 13:14:02,500][func.train][INFO] - [DATASET] train video_indices: [1, 2, 3, 4, 5, 6, 7, 8, 9, 10, 11, 12, 13, 14]
[2024-06-12 13:14:02,503][func.train][INFO] - [DATASET] Sampling video_idx: 1 at 1 fps to 6388 frames
[2024-06-12 13:14:02,507][func.train][INFO] - [DATASET] video 1 label_list: torch.Size([6388])
[2024-06-12 13:14:02,964][func.train][INFO] - [DATASET] Sampling video_idx: 2 at 1 fps to 3620 frames
[2024-06-12 13:14:02,965][func.train][INFO] - [DATASET] video 2 label_list: torch.Size([3620])
[2024-06-12 13:14:03,018][func.train][INFO] - [DATASET] Sampling video_idx: 3 at 1 fps to 3000 frames
[2024-06-12 13:14:03,019][func.train][INFO] - [DATASET] video 3 label_list: torch.Size([3000])
[2024-06-12 13:14:03,075][func.train][INFO] - [DATASET] Sampling video_idx: 4 at 1 fps to 2938 frames
[2024-06-12 13:14:03,076][func.train][INFO] - [DATASET] video 4 label_list: torch.Size([2938])
[2024-06-12 13:14:03,137][func.train][INFO] - [DATASET] Sampling video_idx: 5 at 1 fps to 3220 frames
[2024-06-12 13:14:03,137][func.train][INFO] - [DATASET] video 5 label_list: torch.Size([3220])
[2024-06-12 13:14:03,191][func.train][INFO] - [DATASET] Sampling video_idx: 6 at 1 fps to 3908 frames
[2024-06-12 13:14:03,192][func.train][INFO] - [DATASET] video 6 label_list: torch.Size([3908])
[2024-06-12 13:14:03,243][func.train][INFO] - [DATASET] Sampling video_idx: 7 at 1 fps to 1645 frames
[2024-06-12 13:14:03,244][func.train][INFO] - [DATASET] video 7 label_list: torch.Size([1645])
[2024-06-12 13:14:03,274][func.train][INFO] - [DATASET] Sampling video_idx: 8 at 1 fps to 4692 frames
[2024-06-12 13:14:03,276][func.train][INFO] - [DATASET] video 8 label_list: torch.Size([4692])
[2024-06-12 13:14:03,340][func.train][INFO] - [DATASET] Sampling video_idx: 9 at 1 fps to 5736 frames
[2024-06-12 13:14:03,341][func.train][INFO] - [DATASET] video 9 label_list: torch.Size([5736])
[2024-06-12 13:14:03,409][func.train][INFO] - [DATASET] Sampling video_idx: 10 at 1 fps to 5064 frames
[2024-06-12 13:14:03,411][func.train][INFO] - [DATASET] video 10 label_list: torch.Size([5064])
[2024-06-12 13:14:03,482][func.train][INFO] - [DATASET] Sampling video_idx: 11 at 1 fps to 4720 frames
[2024-06-12 13:14:03,484][func.train][INFO] - [DATASET] video 11 label_list: torch.Size([4720])
[2024-06-12 13:14:03,542][func.train][INFO] - [DATASET] Sampling video_idx: 12 at 1 fps to 2916 frames
[2024-06-12 13:14:03,543][func.train][INFO] - [DATASET] video 12 label_list: torch.Size([2916])
[2024-06-12 13:14:03,586][func.train][INFO] - [DATASET] Sampling video_idx: 13 at 1 fps to 2597 frames
[2024-06-12 13:14:03,587][func.train][INFO] - [DATASET] video 13 label_list: torch.Size([2597])
[2024-06-12 13:14:03,627][func.train][INFO] - [DATASET] Sampling video_idx: 14 at 1 fps to 4739 frames
[2024-06-12 13:14:03,628][func.train][INFO] - [DATASET] video 14 label_list: torch.Size([4739])
[2024-06-12 13:14:03,684][func.train][INFO] - [DATASET] number of train videos: 14
[2024-06-12 13:14:03,684][func.train][INFO] - [DATASET] avg video length: 65.69 minutes
[2024-06-12 13:14:03,713][func.train][INFO] - [DATASET] num classes at 1fps in train: (55183,)
[2024-06-12 13:14:03,714][func.train][INFO] - [DATASET] classes_counts_dict: {0: 1408, 1: 19287, 2: 12545, 3: 7511, 4: 1333, 5: 8184, 6: 4915}
[2024-06-12 13:14:03,716][func.train][INFO] - [DATASET] curr_class_weights: tensor([5.5989, 0.4087, 0.6284, 1.0496, 5.9139, 0.9633, 1.6039])
[2024-06-12 13:14:03,717][func.train][INFO] - [DATASET] eos_weight: count
[2024-06-12 13:14:03,717][func.train][INFO] - [DATASET] num_eos_vals: 840
[2024-06-12 13:14:03,717][func.train][INFO] - [DATASET] classes_counts_dict: {0: 1408, 1: 19287, 2: 12545, 3: 7511, 4: 1333, 5: 8184, 6: 4915, 7: 840}
[2024-06-12 13:14:03,717][func.train][INFO] - [DATASET] next_class_weights: tensor([4.9736, 0.3631, 0.5582, 0.9323, 5.2535, 0.8557, 1.4248, 8.3368])
[2024-06-12 13:14:03,790][func.train][INFO] - [DATASET] df unique videos: [ 1  2  3  4  5  6  7  8  9 10 11 12 13 14 15 16 17 18 19 20 21]
[2024-06-12 13:14:03,790][func.train][INFO] - [DATASET] split: test video_indices: [15]
[2024-06-12 13:14:03,793][func.train][INFO] - [DATASET] test size: 3653
[2024-06-12 13:14:03,793][func.train][INFO] - [DATASET] test video_indices: [15]
[2024-06-12 13:14:03,795][func.train][INFO] - [DATASET] Sampling video_idx: 15 at 1 fps to 3653 frames
[2024-06-12 13:14:03,796][func.train][INFO] - [DATASET] video 15 label_list: torch.Size([3653])
[2024-06-12 13:14:03,847][func.train][INFO] - [DATASET] number of test videos: 1
[2024-06-12 13:14:03,847][func.train][INFO] - [DATASET] avg video length: 60.88 minutes
[2024-06-12 13:14:03,886][func.train][INFO] - [DATASET] df unique videos: [ 1  2  3  4  5  6  7  8  9 10 11 12 13 14 15 16 17 18 19 20 21]
[2024-06-12 13:14:03,886][func.train][INFO] - [DATASET] split: test video_indices: [16]
[2024-06-12 13:14:03,889][func.train][INFO] - [DATASET] test size: 3612
[2024-06-12 13:14:03,889][func.train][INFO] - [DATASET] test video_indices: [16]
[2024-06-12 13:14:03,891][func.train][INFO] - [DATASET] Sampling video_idx: 16 at 1 fps to 3612 frames
[2024-06-12 13:14:03,892][func.train][INFO] - [DATASET] video 16 label_list: torch.Size([3612])
[2024-06-12 13:14:03,939][func.train][INFO] - [DATASET] number of test videos: 1
[2024-06-12 13:14:03,939][func.train][INFO] - [DATASET] avg video length: 60.20 minutes
[2024-06-12 13:14:03,987][func.train][INFO] - [DATASET] df unique videos: [ 1  2  3  4  5  6  7  8  9 10 11 12 13 14 15 16 17 18 19 20 21]
[2024-06-12 13:14:03,987][func.train][INFO] - [DATASET] split: test video_indices: [17]
[2024-06-12 13:14:03,990][func.train][INFO] - [DATASET] test size: 4678
[2024-06-12 13:14:03,990][func.train][INFO] - [DATASET] test video_indices: [17]
[2024-06-12 13:14:03,993][func.train][INFO] - [DATASET] Sampling video_idx: 17 at 1 fps to 4678 frames
[2024-06-12 13:14:03,993][func.train][INFO] - [DATASET] video 17 label_list: torch.Size([4678])
[2024-06-12 13:14:04,063][func.train][INFO] - [DATASET] number of test videos: 1
[2024-06-12 13:14:04,063][func.train][INFO] - [DATASET] avg video length: 77.97 minutes
[2024-06-12 13:14:04,104][func.train][INFO] - [DATASET] df unique videos: [ 1  2  3  4  5  6  7  8  9 10 11 12 13 14 15 16 17 18 19 20 21]
[2024-06-12 13:14:04,105][func.train][INFO] - [DATASET] split: test video_indices: [18]
[2024-06-12 13:14:04,108][func.train][INFO] - [DATASET] test size: 3546
[2024-06-12 13:14:04,108][func.train][INFO] - [DATASET] test video_indices: [18]
[2024-06-12 13:14:04,115][func.train][INFO] - [DATASET] Sampling video_idx: 18 at 1 fps to 3546 frames
[2024-06-12 13:14:04,116][func.train][INFO] - [DATASET] video 18 label_list: torch.Size([3546])
[2024-06-12 13:14:04,174][func.train][INFO] - [DATASET] number of test videos: 1
[2024-06-12 13:14:04,174][func.train][INFO] - [DATASET] avg video length: 59.10 minutes
[2024-06-12 13:14:04,211][func.train][INFO] - [DATASET] df unique videos: [ 1  2  3  4  5  6  7  8  9 10 11 12 13 14 15 16 17 18 19 20 21]
[2024-06-12 13:14:04,212][func.train][INFO] - [DATASET] split: test video_indices: [19]
[2024-06-12 13:14:04,214][func.train][INFO] - [DATASET] test size: 3413
[2024-06-12 13:14:04,214][func.train][INFO] - [DATASET] test video_indices: [19]
[2024-06-12 13:14:04,217][func.train][INFO] - [DATASET] Sampling video_idx: 19 at 1 fps to 3413 frames
[2024-06-12 13:14:04,217][func.train][INFO] - [DATASET] video 19 label_list: torch.Size([3413])
[2024-06-12 13:14:04,263][func.train][INFO] - [DATASET] number of test videos: 1
[2024-06-12 13:14:04,264][func.train][INFO] - [DATASET] avg video length: 56.88 minutes
[2024-06-12 13:14:04,302][func.train][INFO] - [DATASET] df unique videos: [ 1  2  3  4  5  6  7  8  9 10 11 12 13 14 15 16 17 18 19 20 21]
[2024-06-12 13:14:04,302][func.train][INFO] - [DATASET] split: test video_indices: [20]
[2024-06-12 13:14:04,305][func.train][INFO] - [DATASET] test size: 4832
[2024-06-12 13:14:04,305][func.train][INFO] - [DATASET] test video_indices: [20]
[2024-06-12 13:14:04,307][func.train][INFO] - [DATASET] Sampling video_idx: 20 at 1 fps to 4832 frames
[2024-06-12 13:14:04,308][func.train][INFO] - [DATASET] video 20 label_list: torch.Size([4832])
[2024-06-12 13:14:04,366][func.train][INFO] - [DATASET] number of test videos: 1
[2024-06-12 13:14:04,366][func.train][INFO] - [DATASET] avg video length: 80.53 minutes
[2024-06-12 13:14:04,406][func.train][INFO] - [DATASET] df unique videos: [ 1  2  3  4  5  6  7  8  9 10 11 12 13 14 15 16 17 18 19 20 21]
[2024-06-12 13:14:04,406][func.train][INFO] - [DATASET] split: test video_indices: [21]
[2024-06-12 13:14:04,409][func.train][INFO] - [DATASET] test size: 4326
[2024-06-12 13:14:04,409][func.train][INFO] - [DATASET] test video_indices: [21]
[2024-06-12 13:14:04,411][func.train][INFO] - [DATASET] Sampling video_idx: 21 at 1 fps to 4326 frames
[2024-06-12 13:14:04,412][func.train][INFO] - [DATASET] video 21 label_list: torch.Size([4326])
[2024-06-12 13:14:04,463][func.train][INFO] - [DATASET] number of test videos: 1
[2024-06-12 13:14:04,463][func.train][INFO] - [DATASET] avg video length: 72.10 minutes
[2024-06-12 13:14:04,467][func.train][INFO] - Time to load datasets: 0.04 min
[2024-06-12 13:14:04,468][func.train][INFO] - Creating data loaders
[2024-06-12 13:14:04,470][func.train][INFO] - Creating model with {'one': 7} classes
[2024-06-12 13:14:05,189][func.train][INFO] - [MAIN] Number of tokens: 55183
[2024-06-12 13:14:05,189][func.train][INFO] - [MAIN] Number of parameters: 17171926
[2024-06-12 13:14:05,190][func.train][INFO] - [MAIN] Token-to-Parameter Ratio is ideally between [1:1 to 10:1]: 0.003214
[2024-06-12 13:14:05,190][func.train][WARNING] - [MAIN] Data-to-Parameter-Ratio is outside the interval [1:1 to 10:1]
[2024-06-12 13:14:05,191][func.train][INFO] - Using LR 0.000300 WD 0.000010 for parameters
[2024-06-12 13:14:05,191][func.train][INFO] - Using LR 0.000300 WD 0.000010 for parameters
[2024-06-12 13:14:05,693][func.train][WARNING] - Loaded model from checkpoint_best.pth (ep 0.000000)
[2024-06-12 13:14:05,693][func.train][INFO] - Wrapping model into DP
[2024-06-12 13:14:05,905][func.train][INFO] - Starting test_only
[2024-06-12 13:14:05,908][func.train][INFO] - [EVAL] Epoch: 1 | Anticipation time (s): 60 | Max anticipation time (m): 18 | Step size (m): 1 | Max auto-reg. steps: 18
[2024-06-12 13:14:05,909][func.train][INFO] - [EVAL] X-axis values: [1, 2, 3, 4, 5, 6, 7, 8, 9, 10, 11, 12, 13, 14, 15, 16, 17, 18]
[2024-06-12 13:14:07,447][func.train][INFO] - [TESTING] video: 15 | frame: 63 / 3653
[2024-06-12 13:14:07,769][func.train][INFO] - [TESTING] video: 15 | frame: 127 / 3653
[2024-06-12 13:14:08,092][func.train][INFO] - [TESTING] video: 15 | frame: 191 / 3653
[2024-06-12 13:14:08,401][func.train][INFO] - [TESTING] video: 15 | frame: 255 / 3653
[2024-06-12 13:14:08,709][func.train][INFO] - [TESTING] video: 15 | frame: 319 / 3653
[2024-06-12 13:14:09,018][func.train][INFO] - [TESTING] video: 15 | frame: 383 / 3653
[2024-06-12 13:14:09,328][func.train][INFO] - [TESTING] video: 15 | frame: 447 / 3653
[2024-06-12 13:14:09,650][func.train][INFO] - [TESTING] video: 15 | frame: 511 / 3653
[2024-06-12 13:14:09,958][func.train][INFO] - [TESTING] video: 15 | frame: 575 / 3653
[2024-06-12 13:14:10,293][func.train][INFO] - [TESTING] video: 15 | frame: 639 / 3653
[2024-06-12 13:14:10,599][func.train][INFO] - [TESTING] video: 15 | frame: 703 / 3653
[2024-06-12 13:14:10,908][func.train][INFO] - [TESTING] video: 15 | frame: 767 / 3653
[2024-06-12 13:14:11,215][func.train][INFO] - [TESTING] video: 15 | frame: 831 / 3653
[2024-06-12 13:14:11,519][func.train][INFO] - [TESTING] video: 15 | frame: 895 / 3653
[2024-06-12 13:14:11,821][func.train][INFO] - [TESTING] video: 15 | frame: 959 / 3653
[2024-06-12 13:14:12,128][func.train][INFO] - [TESTING] video: 15 | frame: 1023 / 3653
[2024-06-12 13:14:12,436][func.train][INFO] - [TESTING] video: 15 | frame: 1087 / 3653
[2024-06-12 13:14:12,741][func.train][INFO] - [TESTING] video: 15 | frame: 1151 / 3653
[2024-06-12 13:14:13,047][func.train][INFO] - [TESTING] video: 15 | frame: 1215 / 3653
[2024-06-12 13:14:13,352][func.train][INFO] - [TESTING] video: 15 | frame: 1279 / 3653
[2024-06-12 13:14:13,656][func.train][INFO] - [TESTING] video: 15 | frame: 1343 / 3653
[2024-06-12 13:14:13,963][func.train][INFO] - [TESTING] video: 15 | frame: 1407 / 3653
[2024-06-12 13:14:14,269][func.train][INFO] - [TESTING] video: 15 | frame: 1471 / 3653
[2024-06-12 13:14:14,583][func.train][INFO] - [TESTING] video: 15 | frame: 1535 / 3653
[2024-06-12 13:14:14,882][func.train][INFO] - [TESTING] video: 15 | frame: 1599 / 3653
[2024-06-12 13:14:15,180][func.train][INFO] - [TESTING] video: 15 | frame: 1663 / 3653
[2024-06-12 13:14:15,478][func.train][INFO] - [TESTING] video: 15 | frame: 1727 / 3653
[2024-06-12 13:14:15,778][func.train][INFO] - [TESTING] video: 15 | frame: 1791 / 3653
[2024-06-12 13:14:16,081][func.train][INFO] - [TESTING] video: 15 | frame: 1855 / 3653
[2024-06-12 13:14:16,383][func.train][INFO] - [TESTING] video: 15 | frame: 1919 / 3653
[2024-06-12 13:14:16,682][func.train][INFO] - [TESTING] video: 15 | frame: 1983 / 3653
[2024-06-12 13:14:16,985][func.train][INFO] - [TESTING] video: 15 | frame: 2047 / 3653
[2024-06-12 13:14:17,286][func.train][INFO] - [TESTING] video: 15 | frame: 2111 / 3653
[2024-06-12 13:14:17,590][func.train][INFO] - [TESTING] video: 15 | frame: 2175 / 3653
[2024-06-12 13:14:17,889][func.train][INFO] - [TESTING] video: 15 | frame: 2239 / 3653
[2024-06-12 13:14:18,187][func.train][INFO] - [TESTING] video: 15 | frame: 2303 / 3653
[2024-06-12 13:14:18,491][func.train][INFO] - [TESTING] video: 15 | frame: 2367 / 3653
[2024-06-12 13:14:18,792][func.train][INFO] - [TESTING] video: 15 | frame: 2431 / 3653
[2024-06-12 13:14:19,092][func.train][INFO] - [TESTING] video: 15 | frame: 2495 / 3653
[2024-06-12 13:14:19,395][func.train][INFO] - [TESTING] video: 15 | frame: 2559 / 3653
[2024-06-12 13:14:19,695][func.train][INFO] - [TESTING] video: 15 | frame: 2623 / 3653
[2024-06-12 13:14:19,999][func.train][INFO] - [TESTING] video: 15 | frame: 2687 / 3653
[2024-06-12 13:14:20,303][func.train][INFO] - [TESTING] video: 15 | frame: 2751 / 3653
[2024-06-12 13:14:20,610][func.train][INFO] - [TESTING] video: 15 | frame: 2815 / 3653
[2024-06-12 13:14:20,911][func.train][INFO] - [TESTING] video: 15 | frame: 2879 / 3653
[2024-06-12 13:14:21,218][func.train][INFO] - [TESTING] video: 15 | frame: 2943 / 3653
[2024-06-12 13:14:21,536][func.train][INFO] - [TESTING] video: 15 | frame: 3007 / 3653
[2024-06-12 13:14:21,836][func.train][INFO] - [TESTING] video: 15 | frame: 3071 / 3653
[2024-06-12 13:14:22,137][func.train][INFO] - [TESTING] video: 15 | frame: 3135 / 3653
[2024-06-12 13:14:22,438][func.train][INFO] - [TESTING] video: 15 | frame: 3199 / 3653
[2024-06-12 13:14:22,744][func.train][INFO] - [TESTING] video: 15 | frame: 3263 / 3653
[2024-06-12 13:14:23,045][func.train][INFO] - [TESTING] video: 15 | frame: 3327 / 3653
[2024-06-12 13:14:23,350][func.train][INFO] - [TESTING] video: 15 | frame: 3391 / 3653
[2024-06-12 13:14:23,668][func.train][INFO] - [TESTING] video: 15 | frame: 3455 / 3653
[2024-06-12 13:14:23,973][func.train][INFO] - [TESTING] video: 15 | frame: 3519 / 3653
[2024-06-12 13:14:24,271][func.train][INFO] - [TESTING] video: 15 | frame: 3583 / 3653
[2024-06-12 13:14:24,567][func.train][INFO] - [TESTING] video: 15 | frame: 3647 / 3653
[2024-06-12 13:14:24,789][func.train][INFO] - [TESTING] video: 15 | frame: 3652 / 3653
[2024-06-12 13:14:24,789][func.train][INFO] - [TESTING] video: 15 | video test time: 0.31 min | total test time: 0.31 min
[2024-06-12 13:14:24,830][func.train][INFO] - [TESTING] video: 15 | video_mean_curr_acc: 0.8538 | mean_acc_future_frames: 0.3571 | video_mean_cum_acc_future: 0.5443
[2024-06-12 13:14:25,150][func.train][INFO] - [TESTING] video: 16 | frame: 63 / 3612
[2024-06-12 13:14:25,466][func.train][INFO] - [TESTING] video: 16 | frame: 127 / 3612
[2024-06-12 13:14:25,773][func.train][INFO] - [TESTING] video: 16 | frame: 191 / 3612
[2024-06-12 13:14:26,079][func.train][INFO] - [TESTING] video: 16 | frame: 255 / 3612
[2024-06-12 13:14:26,384][func.train][INFO] - [TESTING] video: 16 | frame: 319 / 3612
[2024-06-12 13:14:26,698][func.train][INFO] - [TESTING] video: 16 | frame: 383 / 3612
[2024-06-12 13:14:27,005][func.train][INFO] - [TESTING] video: 16 | frame: 447 / 3612
[2024-06-12 13:14:27,313][func.train][INFO] - [TESTING] video: 16 | frame: 511 / 3612
[2024-06-12 13:14:27,622][func.train][INFO] - [TESTING] video: 16 | frame: 575 / 3612
[2024-06-12 13:14:27,930][func.train][INFO] - [TESTING] video: 16 | frame: 639 / 3612
[2024-06-12 13:14:28,239][func.train][INFO] - [TESTING] video: 16 | frame: 703 / 3612
[2024-06-12 13:14:28,549][func.train][INFO] - [TESTING] video: 16 | frame: 767 / 3612
[2024-06-12 13:14:28,864][func.train][INFO] - [TESTING] video: 16 | frame: 831 / 3612
[2024-06-12 13:14:29,171][func.train][INFO] - [TESTING] video: 16 | frame: 895 / 3612
[2024-06-12 13:14:29,477][func.train][INFO] - [TESTING] video: 16 | frame: 959 / 3612
[2024-06-12 13:14:29,790][func.train][INFO] - [TESTING] video: 16 | frame: 1023 / 3612
[2024-06-12 13:14:30,115][func.train][INFO] - [TESTING] video: 16 | frame: 1087 / 3612
[2024-06-12 13:14:30,422][func.train][INFO] - [TESTING] video: 16 | frame: 1151 / 3612
[2024-06-12 13:14:30,731][func.train][INFO] - [TESTING] video: 16 | frame: 1215 / 3612
[2024-06-12 13:14:31,047][func.train][INFO] - [TESTING] video: 16 | frame: 1279 / 3612
[2024-06-12 13:14:31,357][func.train][INFO] - [TESTING] video: 16 | frame: 1343 / 3612
[2024-06-12 13:14:31,666][func.train][INFO] - [TESTING] video: 16 | frame: 1407 / 3612
[2024-06-12 13:14:31,973][func.train][INFO] - [TESTING] video: 16 | frame: 1471 / 3612
[2024-06-12 13:14:32,275][func.train][INFO] - [TESTING] video: 16 | frame: 1535 / 3612
[2024-06-12 13:14:32,577][func.train][INFO] - [TESTING] video: 16 | frame: 1599 / 3612
[2024-06-12 13:14:32,880][func.train][INFO] - [TESTING] video: 16 | frame: 1663 / 3612
[2024-06-12 13:14:33,194][func.train][INFO] - [TESTING] video: 16 | frame: 1727 / 3612
[2024-06-12 13:14:33,497][func.train][INFO] - [TESTING] video: 16 | frame: 1791 / 3612
[2024-06-12 13:14:33,798][func.train][INFO] - [TESTING] video: 16 | frame: 1855 / 3612
[2024-06-12 13:14:34,101][func.train][INFO] - [TESTING] video: 16 | frame: 1919 / 3612
[2024-06-12 13:14:34,404][func.train][INFO] - [TESTING] video: 16 | frame: 1983 / 3612
[2024-06-12 13:14:34,705][func.train][INFO] - [TESTING] video: 16 | frame: 2047 / 3612
[2024-06-12 13:14:35,008][func.train][INFO] - [TESTING] video: 16 | frame: 2111 / 3612
[2024-06-12 13:14:35,319][func.train][INFO] - [TESTING] video: 16 | frame: 2175 / 3612
[2024-06-12 13:14:35,621][func.train][INFO] - [TESTING] video: 16 | frame: 2239 / 3612
[2024-06-12 13:14:35,920][func.train][INFO] - [TESTING] video: 16 | frame: 2303 / 3612
[2024-06-12 13:14:36,220][func.train][INFO] - [TESTING] video: 16 | frame: 2367 / 3612
[2024-06-12 13:14:36,523][func.train][INFO] - [TESTING] video: 16 | frame: 2431 / 3612
[2024-06-12 13:14:36,825][func.train][INFO] - [TESTING] video: 16 | frame: 2495 / 3612
[2024-06-12 13:14:37,130][func.train][INFO] - [TESTING] video: 16 | frame: 2559 / 3612
[2024-06-12 13:14:37,441][func.train][INFO] - [TESTING] video: 16 | frame: 2623 / 3612
[2024-06-12 13:14:37,749][func.train][INFO] - [TESTING] video: 16 | frame: 2687 / 3612
[2024-06-12 13:14:38,053][func.train][INFO] - [TESTING] video: 16 | frame: 2751 / 3612
[2024-06-12 13:14:38,360][func.train][INFO] - [TESTING] video: 16 | frame: 2815 / 3612
[2024-06-12 13:14:38,668][func.train][INFO] - [TESTING] video: 16 | frame: 2879 / 3612
[2024-06-12 13:14:38,972][func.train][INFO] - [TESTING] video: 16 | frame: 2943 / 3612
[2024-06-12 13:14:39,276][func.train][INFO] - [TESTING] video: 16 | frame: 3007 / 3612
[2024-06-12 13:14:39,593][func.train][INFO] - [TESTING] video: 16 | frame: 3071 / 3612
[2024-06-12 13:14:39,898][func.train][INFO] - [TESTING] video: 16 | frame: 3135 / 3612
[2024-06-12 13:14:40,202][func.train][INFO] - [TESTING] video: 16 | frame: 3199 / 3612
[2024-06-12 13:14:40,506][func.train][INFO] - [TESTING] video: 16 | frame: 3263 / 3612
[2024-06-12 13:14:40,810][func.train][INFO] - [TESTING] video: 16 | frame: 3327 / 3612
[2024-06-12 13:14:41,110][func.train][INFO] - [TESTING] video: 16 | frame: 3391 / 3612
[2024-06-12 13:14:41,412][func.train][INFO] - [TESTING] video: 16 | frame: 3455 / 3612
[2024-06-12 13:14:41,721][func.train][INFO] - [TESTING] video: 16 | frame: 3519 / 3612
[2024-06-12 13:14:42,018][func.train][INFO] - [TESTING] video: 16 | frame: 3583 / 3612
[2024-06-12 13:14:43,428][func.train][INFO] - [TESTING] video: 16 | frame: 3611 / 3612
[2024-06-12 13:14:43,428][func.train][INFO] - [TESTING] video: 16 | video test time: 0.31 min | total test time: 0.63 min
[2024-06-12 13:14:43,470][func.train][INFO] - [TESTING] video: 16 | video_mean_curr_acc: 0.8059 | mean_acc_future_frames: 0.314 | video_mean_cum_acc_future: 0.4814
[2024-06-12 13:14:43,789][func.train][INFO] - [TESTING] video: 17 | frame: 63 / 4678
[2024-06-12 13:14:44,103][func.train][INFO] - [TESTING] video: 17 | frame: 127 / 4678
[2024-06-12 13:14:44,406][func.train][INFO] - [TESTING] video: 17 | frame: 191 / 4678
[2024-06-12 13:14:44,712][func.train][INFO] - [TESTING] video: 17 | frame: 255 / 4678
[2024-06-12 13:14:45,025][func.train][INFO] - [TESTING] video: 17 | frame: 319 / 4678
[2024-06-12 13:14:45,329][func.train][INFO] - [TESTING] video: 17 | frame: 383 / 4678
[2024-06-12 13:14:45,633][func.train][INFO] - [TESTING] video: 17 | frame: 447 / 4678
[2024-06-12 13:14:45,937][func.train][INFO] - [TESTING] video: 17 | frame: 511 / 4678
[2024-06-12 13:14:46,244][func.train][INFO] - [TESTING] video: 17 | frame: 575 / 4678
[2024-06-12 13:14:46,554][func.train][INFO] - [TESTING] video: 17 | frame: 639 / 4678
[2024-06-12 13:14:46,858][func.train][INFO] - [TESTING] video: 17 | frame: 703 / 4678
[2024-06-12 13:14:47,167][func.train][INFO] - [TESTING] video: 17 | frame: 767 / 4678
[2024-06-12 13:14:47,482][func.train][INFO] - [TESTING] video: 17 | frame: 831 / 4678
[2024-06-12 13:14:47,788][func.train][INFO] - [TESTING] video: 17 | frame: 895 / 4678
[2024-06-12 13:14:48,101][func.train][INFO] - [TESTING] video: 17 | frame: 959 / 4678
[2024-06-12 13:14:48,409][func.train][INFO] - [TESTING] video: 17 | frame: 1023 / 4678
[2024-06-12 13:14:48,718][func.train][INFO] - [TESTING] video: 17 | frame: 1087 / 4678
[2024-06-12 13:14:49,024][func.train][INFO] - [TESTING] video: 17 | frame: 1151 / 4678
[2024-06-12 13:14:49,330][func.train][INFO] - [TESTING] video: 17 | frame: 1215 / 4678
[2024-06-12 13:14:49,639][func.train][INFO] - [TESTING] video: 17 | frame: 1279 / 4678
[2024-06-12 13:14:49,946][func.train][INFO] - [TESTING] video: 17 | frame: 1343 / 4678
[2024-06-12 13:14:50,255][func.train][INFO] - [TESTING] video: 17 | frame: 1407 / 4678
[2024-06-12 13:14:50,561][func.train][INFO] - [TESTING] video: 17 | frame: 1471 / 4678
[2024-06-12 13:14:50,863][func.train][INFO] - [TESTING] video: 17 | frame: 1535 / 4678
[2024-06-12 13:14:51,186][func.train][INFO] - [TESTING] video: 17 | frame: 1599 / 4678
[2024-06-12 13:14:51,499][func.train][INFO] - [TESTING] video: 17 | frame: 1663 / 4678
[2024-06-12 13:14:51,809][func.train][INFO] - [TESTING] video: 17 | frame: 1727 / 4678
[2024-06-12 13:14:52,122][func.train][INFO] - [TESTING] video: 17 | frame: 1791 / 4678
[2024-06-12 13:14:52,426][func.train][INFO] - [TESTING] video: 17 | frame: 1855 / 4678
[2024-06-12 13:14:52,728][func.train][INFO] - [TESTING] video: 17 | frame: 1919 / 4678
[2024-06-12 13:14:53,030][func.train][INFO] - [TESTING] video: 17 | frame: 1983 / 4678
[2024-06-12 13:14:53,335][func.train][INFO] - [TESTING] video: 17 | frame: 2047 / 4678
[2024-06-12 13:14:53,641][func.train][INFO] - [TESTING] video: 17 | frame: 2111 / 4678
[2024-06-12 13:14:53,948][func.train][INFO] - [TESTING] video: 17 | frame: 2175 / 4678
[2024-06-12 13:14:54,260][func.train][INFO] - [TESTING] video: 17 | frame: 2239 / 4678
[2024-06-12 13:14:54,578][func.train][INFO] - [TESTING] video: 17 | frame: 2303 / 4678
[2024-06-12 13:14:54,884][func.train][INFO] - [TESTING] video: 17 | frame: 2367 / 4678
[2024-06-12 13:14:55,184][func.train][INFO] - [TESTING] video: 17 | frame: 2431 / 4678
[2024-06-12 13:14:55,492][func.train][INFO] - [TESTING] video: 17 | frame: 2495 / 4678
[2024-06-12 13:14:55,817][func.train][INFO] - [TESTING] video: 17 | frame: 2559 / 4678
[2024-06-12 13:14:56,125][func.train][INFO] - [TESTING] video: 17 | frame: 2623 / 4678
[2024-06-12 13:14:56,431][func.train][INFO] - [TESTING] video: 17 | frame: 2687 / 4678
[2024-06-12 13:14:56,738][func.train][INFO] - [TESTING] video: 17 | frame: 2751 / 4678
[2024-06-12 13:14:57,044][func.train][INFO] - [TESTING] video: 17 | frame: 2815 / 4678
[2024-06-12 13:14:57,350][func.train][INFO] - [TESTING] video: 17 | frame: 2879 / 4678
[2024-06-12 13:14:57,668][func.train][INFO] - [TESTING] video: 17 | frame: 2943 / 4678
[2024-06-12 13:14:57,999][func.train][INFO] - [TESTING] video: 17 | frame: 3007 / 4678
[2024-06-12 13:14:58,303][func.train][INFO] - [TESTING] video: 17 | frame: 3071 / 4678
[2024-06-12 13:14:58,606][func.train][INFO] - [TESTING] video: 17 | frame: 3135 / 4678
[2024-06-12 13:14:58,909][func.train][INFO] - [TESTING] video: 17 | frame: 3199 / 4678
[2024-06-12 13:14:59,211][func.train][INFO] - [TESTING] video: 17 | frame: 3263 / 4678
[2024-06-12 13:14:59,511][func.train][INFO] - [TESTING] video: 17 | frame: 3327 / 4678
[2024-06-12 13:14:59,818][func.train][INFO] - [TESTING] video: 17 | frame: 3391 / 4678
[2024-06-12 13:15:00,127][func.train][INFO] - [TESTING] video: 17 | frame: 3455 / 4678
[2024-06-12 13:15:00,430][func.train][INFO] - [TESTING] video: 17 | frame: 3519 / 4678
[2024-06-12 13:15:00,733][func.train][INFO] - [TESTING] video: 17 | frame: 3583 / 4678
[2024-06-12 13:15:01,043][func.train][INFO] - [TESTING] video: 17 | frame: 3647 / 4678
[2024-06-12 13:15:01,358][func.train][INFO] - [TESTING] video: 17 | frame: 3711 / 4678
[2024-06-12 13:15:01,663][func.train][INFO] - [TESTING] video: 17 | frame: 3775 / 4678
[2024-06-12 13:15:01,970][func.train][INFO] - [TESTING] video: 17 | frame: 3839 / 4678
[2024-06-12 13:15:02,282][func.train][INFO] - [TESTING] video: 17 | frame: 3903 / 4678
[2024-06-12 13:15:02,585][func.train][INFO] - [TESTING] video: 17 | frame: 3967 / 4678
[2024-06-12 13:15:02,891][func.train][INFO] - [TESTING] video: 17 | frame: 4031 / 4678
[2024-06-12 13:15:03,200][func.train][INFO] - [TESTING] video: 17 | frame: 4095 / 4678
[2024-06-12 13:15:03,505][func.train][INFO] - [TESTING] video: 17 | frame: 4159 / 4678
[2024-06-12 13:15:03,809][func.train][INFO] - [TESTING] video: 17 | frame: 4223 / 4678
[2024-06-12 13:15:04,114][func.train][INFO] - [TESTING] video: 17 | frame: 4287 / 4678
[2024-06-12 13:15:04,424][func.train][INFO] - [TESTING] video: 17 | frame: 4351 / 4678
[2024-06-12 13:15:04,726][func.train][INFO] - [TESTING] video: 17 | frame: 4415 / 4678
[2024-06-12 13:15:05,031][func.train][INFO] - [TESTING] video: 17 | frame: 4479 / 4678
[2024-06-12 13:15:05,341][func.train][INFO] - [TESTING] video: 17 | frame: 4543 / 4678
[2024-06-12 13:15:05,642][func.train][INFO] - [TESTING] video: 17 | frame: 4607 / 4678
[2024-06-12 13:15:05,935][func.train][INFO] - [TESTING] video: 17 | frame: 4671 / 4678
[2024-06-12 13:15:06,167][func.train][INFO] - [TESTING] video: 17 | frame: 4677 / 4678
[2024-06-12 13:15:06,167][func.train][INFO] - [TESTING] video: 17 | video test time: 0.38 min | total test time: 1.00 min
[2024-06-12 13:15:06,222][func.train][INFO] - [TESTING] video: 17 | video_mean_curr_acc: 0.8784 | mean_acc_future_frames: 0.3946 | video_mean_cum_acc_future: 0.5831
[2024-06-12 13:15:06,559][func.train][INFO] - [TESTING] video: 18 | frame: 63 / 3546
[2024-06-12 13:15:06,877][func.train][INFO] - [TESTING] video: 18 | frame: 127 / 3546
[2024-06-12 13:15:07,187][func.train][INFO] - [TESTING] video: 18 | frame: 191 / 3546
[2024-06-12 13:15:07,497][func.train][INFO] - [TESTING] video: 18 | frame: 255 / 3546
[2024-06-12 13:15:07,803][func.train][INFO] - [TESTING] video: 18 | frame: 319 / 3546
[2024-06-12 13:15:08,112][func.train][INFO] - [TESTING] video: 18 | frame: 383 / 3546
[2024-06-12 13:15:08,423][func.train][INFO] - [TESTING] video: 18 | frame: 447 / 3546
[2024-06-12 13:15:08,731][func.train][INFO] - [TESTING] video: 18 | frame: 511 / 3546
[2024-06-12 13:15:09,040][func.train][INFO] - [TESTING] video: 18 | frame: 575 / 3546
[2024-06-12 13:15:09,355][func.train][INFO] - [TESTING] video: 18 | frame: 639 / 3546
[2024-06-12 13:15:09,669][func.train][INFO] - [TESTING] video: 18 | frame: 703 / 3546
[2024-06-12 13:15:09,974][func.train][INFO] - [TESTING] video: 18 | frame: 767 / 3546
[2024-06-12 13:15:10,293][func.train][INFO] - [TESTING] video: 18 | frame: 831 / 3546
[2024-06-12 13:15:10,599][func.train][INFO] - [TESTING] video: 18 | frame: 895 / 3546
[2024-06-12 13:15:10,905][func.train][INFO] - [TESTING] video: 18 | frame: 959 / 3546
[2024-06-12 13:15:11,210][func.train][INFO] - [TESTING] video: 18 | frame: 1023 / 3546
[2024-06-12 13:15:11,522][func.train][INFO] - [TESTING] video: 18 | frame: 1087 / 3546
[2024-06-12 13:15:11,828][func.train][INFO] - [TESTING] video: 18 | frame: 1151 / 3546
[2024-06-12 13:15:12,132][func.train][INFO] - [TESTING] video: 18 | frame: 1215 / 3546
[2024-06-12 13:15:12,443][func.train][INFO] - [TESTING] video: 18 | frame: 1279 / 3546
[2024-06-12 13:15:12,763][func.train][INFO] - [TESTING] video: 18 | frame: 1343 / 3546
[2024-06-12 13:15:13,074][func.train][INFO] - [TESTING] video: 18 | frame: 1407 / 3546
[2024-06-12 13:15:13,381][func.train][INFO] - [TESTING] video: 18 | frame: 1471 / 3546
[2024-06-12 13:15:13,681][func.train][INFO] - [TESTING] video: 18 | frame: 1535 / 3546
[2024-06-12 13:15:13,983][func.train][INFO] - [TESTING] video: 18 | frame: 1599 / 3546
[2024-06-12 13:15:14,284][func.train][INFO] - [TESTING] video: 18 | frame: 1663 / 3546
[2024-06-12 13:15:14,589][func.train][INFO] - [TESTING] video: 18 | frame: 1727 / 3546
[2024-06-12 13:15:14,888][func.train][INFO] - [TESTING] video: 18 | frame: 1791 / 3546
[2024-06-12 13:15:15,191][func.train][INFO] - [TESTING] video: 18 | frame: 1855 / 3546
[2024-06-12 13:15:15,497][func.train][INFO] - [TESTING] video: 18 | frame: 1919 / 3546
[2024-06-12 13:15:15,800][func.train][INFO] - [TESTING] video: 18 | frame: 1983 / 3546
[2024-06-12 13:15:16,101][func.train][INFO] - [TESTING] video: 18 | frame: 2047 / 3546
[2024-06-12 13:15:16,403][func.train][INFO] - [TESTING] video: 18 | frame: 2111 / 3546
[2024-06-12 13:15:16,706][func.train][INFO] - [TESTING] video: 18 | frame: 2175 / 3546
[2024-06-12 13:15:17,010][func.train][INFO] - [TESTING] video: 18 | frame: 2239 / 3546
[2024-06-12 13:15:17,314][func.train][INFO] - [TESTING] video: 18 | frame: 2303 / 3546
[2024-06-12 13:15:17,619][func.train][INFO] - [TESTING] video: 18 | frame: 2367 / 3546
[2024-06-12 13:15:17,921][func.train][INFO] - [TESTING] video: 18 | frame: 2431 / 3546
[2024-06-12 13:15:18,227][func.train][INFO] - [TESTING] video: 18 | frame: 2495 / 3546
[2024-06-12 13:15:18,537][func.train][INFO] - [TESTING] video: 18 | frame: 2559 / 3546
[2024-06-12 13:15:18,848][func.train][INFO] - [TESTING] video: 18 | frame: 2623 / 3546
[2024-06-12 13:15:19,157][func.train][INFO] - [TESTING] video: 18 | frame: 2687 / 3546
[2024-06-12 13:15:19,463][func.train][INFO] - [TESTING] video: 18 | frame: 2751 / 3546
[2024-06-12 13:15:19,776][func.train][INFO] - [TESTING] video: 18 | frame: 2815 / 3546
[2024-06-12 13:15:20,096][func.train][INFO] - [TESTING] video: 18 | frame: 2879 / 3546
[2024-06-12 13:15:20,409][func.train][INFO] - [TESTING] video: 18 | frame: 2943 / 3546
[2024-06-12 13:15:20,724][func.train][INFO] - [TESTING] video: 18 | frame: 3007 / 3546
[2024-06-12 13:15:21,035][func.train][INFO] - [TESTING] video: 18 | frame: 3071 / 3546
[2024-06-12 13:15:21,344][func.train][INFO] - [TESTING] video: 18 | frame: 3135 / 3546
[2024-06-12 13:15:21,649][func.train][INFO] - [TESTING] video: 18 | frame: 3199 / 3546
[2024-06-12 13:15:21,957][func.train][INFO] - [TESTING] video: 18 | frame: 3263 / 3546
[2024-06-12 13:15:22,257][func.train][INFO] - [TESTING] video: 18 | frame: 3327 / 3546
[2024-06-12 13:15:22,561][func.train][INFO] - [TESTING] video: 18 | frame: 3391 / 3546
[2024-06-12 13:15:22,864][func.train][INFO] - [TESTING] video: 18 | frame: 3455 / 3546
[2024-06-12 13:15:23,162][func.train][INFO] - [TESTING] video: 18 | frame: 3519 / 3546
[2024-06-12 13:15:24,731][func.train][INFO] - [TESTING] video: 18 | frame: 3545 / 3546
[2024-06-12 13:15:24,732][func.train][INFO] - [TESTING] video: 18 | video test time: 0.31 min | total test time: 1.31 min
[2024-06-12 13:15:24,775][func.train][INFO] - [TESTING] video: 18 | video_mean_curr_acc: 0.8311 | mean_acc_future_frames: 0.3269 | video_mean_cum_acc_future: 0.5118
[2024-06-12 13:15:25,116][func.train][INFO] - [TESTING] video: 19 | frame: 63 / 3413
[2024-06-12 13:15:25,426][func.train][INFO] - [TESTING] video: 19 | frame: 127 / 3413
[2024-06-12 13:15:25,734][func.train][INFO] - [TESTING] video: 19 | frame: 191 / 3413
[2024-06-12 13:15:26,043][func.train][INFO] - [TESTING] video: 19 | frame: 255 / 3413
[2024-06-12 13:15:26,355][func.train][INFO] - [TESTING] video: 19 | frame: 319 / 3413
[2024-06-12 13:15:26,664][func.train][INFO] - [TESTING] video: 19 | frame: 383 / 3413
[2024-06-12 13:15:26,968][func.train][INFO] - [TESTING] video: 19 | frame: 447 / 3413
[2024-06-12 13:15:27,276][func.train][INFO] - [TESTING] video: 19 | frame: 511 / 3413
[2024-06-12 13:15:27,585][func.train][INFO] - [TESTING] video: 19 | frame: 575 / 3413
[2024-06-12 13:15:27,898][func.train][INFO] - [TESTING] video: 19 | frame: 639 / 3413
[2024-06-12 13:15:28,205][func.train][INFO] - [TESTING] video: 19 | frame: 703 / 3413
[2024-06-12 13:15:28,514][func.train][INFO] - [TESTING] video: 19 | frame: 767 / 3413
[2024-06-12 13:15:28,825][func.train][INFO] - [TESTING] video: 19 | frame: 831 / 3413
[2024-06-12 13:15:29,133][func.train][INFO] - [TESTING] video: 19 | frame: 895 / 3413
[2024-06-12 13:15:29,440][func.train][INFO] - [TESTING] video: 19 | frame: 959 / 3413
[2024-06-12 13:15:29,756][func.train][INFO] - [TESTING] video: 19 | frame: 1023 / 3413
[2024-06-12 13:15:30,066][func.train][INFO] - [TESTING] video: 19 | frame: 1087 / 3413
[2024-06-12 13:15:30,376][func.train][INFO] - [TESTING] video: 19 | frame: 1151 / 3413
[2024-06-12 13:15:30,683][func.train][INFO] - [TESTING] video: 19 | frame: 1215 / 3413
[2024-06-12 13:15:30,989][func.train][INFO] - [TESTING] video: 19 | frame: 1279 / 3413
[2024-06-12 13:15:31,303][func.train][INFO] - [TESTING] video: 19 | frame: 1343 / 3413
[2024-06-12 13:15:31,611][func.train][INFO] - [TESTING] video: 19 | frame: 1407 / 3413
[2024-06-12 13:15:31,916][func.train][INFO] - [TESTING] video: 19 | frame: 1471 / 3413
[2024-06-12 13:15:32,217][func.train][INFO] - [TESTING] video: 19 | frame: 1535 / 3413
[2024-06-12 13:15:32,522][func.train][INFO] - [TESTING] video: 19 | frame: 1599 / 3413
[2024-06-12 13:15:32,827][func.train][INFO] - [TESTING] video: 19 | frame: 1663 / 3413
[2024-06-12 13:15:33,131][func.train][INFO] - [TESTING] video: 19 | frame: 1727 / 3413
[2024-06-12 13:15:33,435][func.train][INFO] - [TESTING] video: 19 | frame: 1791 / 3413
[2024-06-12 13:15:33,741][func.train][INFO] - [TESTING] video: 19 | frame: 1855 / 3413
[2024-06-12 13:15:34,045][func.train][INFO] - [TESTING] video: 19 | frame: 1919 / 3413
[2024-06-12 13:15:34,347][func.train][INFO] - [TESTING] video: 19 | frame: 1983 / 3413
[2024-06-12 13:15:34,651][func.train][INFO] - [TESTING] video: 19 | frame: 2047 / 3413
[2024-06-12 13:15:34,954][func.train][INFO] - [TESTING] video: 19 | frame: 2111 / 3413
[2024-06-12 13:15:35,257][func.train][INFO] - [TESTING] video: 19 | frame: 2175 / 3413
[2024-06-12 13:15:35,565][func.train][INFO] - [TESTING] video: 19 | frame: 2239 / 3413
[2024-06-12 13:15:35,868][func.train][INFO] - [TESTING] video: 19 | frame: 2303 / 3413
[2024-06-12 13:15:36,171][func.train][INFO] - [TESTING] video: 19 | frame: 2367 / 3413
[2024-06-12 13:15:36,479][func.train][INFO] - [TESTING] video: 19 | frame: 2431 / 3413
[2024-06-12 13:15:36,788][func.train][INFO] - [TESTING] video: 19 | frame: 2495 / 3413
[2024-06-12 13:15:37,096][func.train][INFO] - [TESTING] video: 19 | frame: 2559 / 3413
[2024-06-12 13:15:37,403][func.train][INFO] - [TESTING] video: 19 | frame: 2623 / 3413
[2024-06-12 13:15:37,707][func.train][INFO] - [TESTING] video: 19 | frame: 2687 / 3413
[2024-06-12 13:15:38,010][func.train][INFO] - [TESTING] video: 19 | frame: 2751 / 3413
[2024-06-12 13:15:38,316][func.train][INFO] - [TESTING] video: 19 | frame: 2815 / 3413
[2024-06-12 13:15:38,619][func.train][INFO] - [TESTING] video: 19 | frame: 2879 / 3413
[2024-06-12 13:15:38,921][func.train][INFO] - [TESTING] video: 19 | frame: 2943 / 3413
[2024-06-12 13:15:39,224][func.train][INFO] - [TESTING] video: 19 | frame: 3007 / 3413
[2024-06-12 13:15:39,528][func.train][INFO] - [TESTING] video: 19 | frame: 3071 / 3413
[2024-06-12 13:15:39,831][func.train][INFO] - [TESTING] video: 19 | frame: 3135 / 3413
[2024-06-12 13:15:40,134][func.train][INFO] - [TESTING] video: 19 | frame: 3199 / 3413
[2024-06-12 13:15:40,437][func.train][INFO] - [TESTING] video: 19 | frame: 3263 / 3413
[2024-06-12 13:15:40,743][func.train][INFO] - [TESTING] video: 19 | frame: 3327 / 3413
[2024-06-12 13:15:41,055][func.train][INFO] - [TESTING] video: 19 | frame: 3391 / 3413
[2024-06-12 13:15:42,229][func.train][INFO] - [TESTING] video: 19 | frame: 3412 / 3413
[2024-06-12 13:15:42,230][func.train][INFO] - [TESTING] video: 19 | video test time: 0.29 min | total test time: 1.61 min
[2024-06-12 13:15:42,270][func.train][INFO] - [TESTING] video: 19 | video_mean_curr_acc: 0.7132 | mean_acc_future_frames: 0.3399 | video_mean_cum_acc_future: 0.5056
[2024-06-12 13:15:42,608][func.train][INFO] - [TESTING] video: 20 | frame: 63 / 4832
[2024-06-12 13:15:42,924][func.train][INFO] - [TESTING] video: 20 | frame: 127 / 4832
[2024-06-12 13:15:43,238][func.train][INFO] - [TESTING] video: 20 | frame: 191 / 4832
[2024-06-12 13:15:43,550][func.train][INFO] - [TESTING] video: 20 | frame: 255 / 4832
[2024-06-12 13:15:43,859][func.train][INFO] - [TESTING] video: 20 | frame: 319 / 4832
[2024-06-12 13:15:44,165][func.train][INFO] - [TESTING] video: 20 | frame: 383 / 4832
[2024-06-12 13:15:44,478][func.train][INFO] - [TESTING] video: 20 | frame: 447 / 4832
[2024-06-12 13:15:44,783][func.train][INFO] - [TESTING] video: 20 | frame: 511 / 4832
[2024-06-12 13:15:45,090][func.train][INFO] - [TESTING] video: 20 | frame: 575 / 4832
[2024-06-12 13:15:45,400][func.train][INFO] - [TESTING] video: 20 | frame: 639 / 4832
[2024-06-12 13:15:45,734][func.train][INFO] - [TESTING] video: 20 | frame: 703 / 4832
[2024-06-12 13:15:46,040][func.train][INFO] - [TESTING] video: 20 | frame: 767 / 4832
[2024-06-12 13:15:46,349][func.train][INFO] - [TESTING] video: 20 | frame: 831 / 4832
[2024-06-12 13:15:46,687][func.train][INFO] - [TESTING] video: 20 | frame: 895 / 4832
[2024-06-12 13:15:46,995][func.train][INFO] - [TESTING] video: 20 | frame: 959 / 4832
[2024-06-12 13:15:47,307][func.train][INFO] - [TESTING] video: 20 | frame: 1023 / 4832
[2024-06-12 13:15:47,624][func.train][INFO] - [TESTING] video: 20 | frame: 1087 / 4832
[2024-06-12 13:15:47,961][func.train][INFO] - [TESTING] video: 20 | frame: 1151 / 4832
[2024-06-12 13:15:48,271][func.train][INFO] - [TESTING] video: 20 | frame: 1215 / 4832
[2024-06-12 13:15:48,580][func.train][INFO] - [TESTING] video: 20 | frame: 1279 / 4832
[2024-06-12 13:15:48,898][func.train][INFO] - [TESTING] video: 20 | frame: 1343 / 4832
[2024-06-12 13:15:49,212][func.train][INFO] - [TESTING] video: 20 | frame: 1407 / 4832
[2024-06-12 13:15:49,514][func.train][INFO] - [TESTING] video: 20 | frame: 1471 / 4832
[2024-06-12 13:15:49,815][func.train][INFO] - [TESTING] video: 20 | frame: 1535 / 4832
[2024-06-12 13:15:50,122][func.train][INFO] - [TESTING] video: 20 | frame: 1599 / 4832
[2024-06-12 13:15:50,425][func.train][INFO] - [TESTING] video: 20 | frame: 1663 / 4832
[2024-06-12 13:15:50,729][func.train][INFO] - [TESTING] video: 20 | frame: 1727 / 4832
[2024-06-12 13:15:51,030][func.train][INFO] - [TESTING] video: 20 | frame: 1791 / 4832
[2024-06-12 13:15:51,335][func.train][INFO] - [TESTING] video: 20 | frame: 1855 / 4832
[2024-06-12 13:15:51,639][func.train][INFO] - [TESTING] video: 20 | frame: 1919 / 4832
[2024-06-12 13:15:51,942][func.train][INFO] - [TESTING] video: 20 | frame: 1983 / 4832
[2024-06-12 13:15:52,249][func.train][INFO] - [TESTING] video: 20 | frame: 2047 / 4832
[2024-06-12 13:15:52,552][func.train][INFO] - [TESTING] video: 20 | frame: 2111 / 4832
[2024-06-12 13:15:52,854][func.train][INFO] - [TESTING] video: 20 | frame: 2175 / 4832
[2024-06-12 13:15:53,161][func.train][INFO] - [TESTING] video: 20 | frame: 2239 / 4832
[2024-06-12 13:15:53,472][func.train][INFO] - [TESTING] video: 20 | frame: 2303 / 4832
[2024-06-12 13:15:53,787][func.train][INFO] - [TESTING] video: 20 | frame: 2367 / 4832
[2024-06-12 13:15:54,094][func.train][INFO] - [TESTING] video: 20 | frame: 2431 / 4832
[2024-06-12 13:15:54,393][func.train][INFO] - [TESTING] video: 20 | frame: 2495 / 4832
[2024-06-12 13:15:54,693][func.train][INFO] - [TESTING] video: 20 | frame: 2559 / 4832
[2024-06-12 13:15:54,999][func.train][INFO] - [TESTING] video: 20 | frame: 2623 / 4832
[2024-06-12 13:15:55,302][func.train][INFO] - [TESTING] video: 20 | frame: 2687 / 4832
[2024-06-12 13:15:55,607][func.train][INFO] - [TESTING] video: 20 | frame: 2751 / 4832
[2024-06-12 13:15:55,911][func.train][INFO] - [TESTING] video: 20 | frame: 2815 / 4832
[2024-06-12 13:15:56,213][func.train][INFO] - [TESTING] video: 20 | frame: 2879 / 4832
[2024-06-12 13:15:56,520][func.train][INFO] - [TESTING] video: 20 | frame: 2943 / 4832
[2024-06-12 13:15:56,821][func.train][INFO] - [TESTING] video: 20 | frame: 3007 / 4832
[2024-06-12 13:15:57,123][func.train][INFO] - [TESTING] video: 20 | frame: 3071 / 4832
[2024-06-12 13:15:57,431][func.train][INFO] - [TESTING] video: 20 | frame: 3135 / 4832
[2024-06-12 13:15:57,732][func.train][INFO] - [TESTING] video: 20 | frame: 3199 / 4832
[2024-06-12 13:15:58,034][func.train][INFO] - [TESTING] video: 20 | frame: 3263 / 4832
[2024-06-12 13:15:58,337][func.train][INFO] - [TESTING] video: 20 | frame: 3327 / 4832
[2024-06-12 13:15:58,647][func.train][INFO] - [TESTING] video: 20 | frame: 3391 / 4832
[2024-06-12 13:15:58,950][func.train][INFO] - [TESTING] video: 20 | frame: 3455 / 4832
[2024-06-12 13:15:59,252][func.train][INFO] - [TESTING] video: 20 | frame: 3519 / 4832
[2024-06-12 13:15:59,559][func.train][INFO] - [TESTING] video: 20 | frame: 3583 / 4832
[2024-06-12 13:15:59,865][func.train][INFO] - [TESTING] video: 20 | frame: 3647 / 4832
[2024-06-12 13:16:00,173][func.train][INFO] - [TESTING] video: 20 | frame: 3711 / 4832
[2024-06-12 13:16:00,480][func.train][INFO] - [TESTING] video: 20 | frame: 3775 / 4832
[2024-06-12 13:16:00,792][func.train][INFO] - [TESTING] video: 20 | frame: 3839 / 4832
[2024-06-12 13:16:01,099][func.train][INFO] - [TESTING] video: 20 | frame: 3903 / 4832
[2024-06-12 13:16:01,411][func.train][INFO] - [TESTING] video: 20 | frame: 3967 / 4832
[2024-06-12 13:16:01,742][func.train][INFO] - [TESTING] video: 20 | frame: 4031 / 4832
[2024-06-12 13:16:02,052][func.train][INFO] - [TESTING] video: 20 | frame: 4095 / 4832
[2024-06-12 13:16:02,356][func.train][INFO] - [TESTING] video: 20 | frame: 4159 / 4832
[2024-06-12 13:16:02,662][func.train][INFO] - [TESTING] video: 20 | frame: 4223 / 4832
[2024-06-12 13:16:02,963][func.train][INFO] - [TESTING] video: 20 | frame: 4287 / 4832
[2024-06-12 13:16:03,266][func.train][INFO] - [TESTING] video: 20 | frame: 4351 / 4832
[2024-06-12 13:16:03,573][func.train][INFO] - [TESTING] video: 20 | frame: 4415 / 4832
[2024-06-12 13:16:03,877][func.train][INFO] - [TESTING] video: 20 | frame: 4479 / 4832
[2024-06-12 13:16:04,180][func.train][INFO] - [TESTING] video: 20 | frame: 4543 / 4832
[2024-06-12 13:16:04,481][func.train][INFO] - [TESTING] video: 20 | frame: 4607 / 4832
[2024-06-12 13:16:04,782][func.train][INFO] - [TESTING] video: 20 | frame: 4671 / 4832
[2024-06-12 13:16:05,086][func.train][INFO] - [TESTING] video: 20 | frame: 4735 / 4832
[2024-06-12 13:16:05,385][func.train][INFO] - [TESTING] video: 20 | frame: 4799 / 4832
[2024-06-12 13:16:07,003][func.train][INFO] - [TESTING] video: 20 | frame: 4831 / 4832
[2024-06-12 13:16:07,004][func.train][INFO] - [TESTING] video: 20 | video test time: 0.41 min | total test time: 2.02 min
[2024-06-12 13:16:07,057][func.train][INFO] - [TESTING] video: 20 | video_mean_curr_acc: 0.8218 | mean_acc_future_frames: 0.4177 | video_mean_cum_acc_future: 0.5786
[2024-06-12 13:16:07,384][func.train][INFO] - [TESTING] video: 21 | frame: 63 / 4326
[2024-06-12 13:16:07,693][func.train][INFO] - [TESTING] video: 21 | frame: 127 / 4326
[2024-06-12 13:16:07,998][func.train][INFO] - [TESTING] video: 21 | frame: 191 / 4326
[2024-06-12 13:16:08,304][func.train][INFO] - [TESTING] video: 21 | frame: 255 / 4326
[2024-06-12 13:16:08,607][func.train][INFO] - [TESTING] video: 21 | frame: 319 / 4326
[2024-06-12 13:16:08,914][func.train][INFO] - [TESTING] video: 21 | frame: 383 / 4326
[2024-06-12 13:16:09,227][func.train][INFO] - [TESTING] video: 21 | frame: 447 / 4326
[2024-06-12 13:16:09,547][func.train][INFO] - [TESTING] video: 21 | frame: 511 / 4326
[2024-06-12 13:16:09,851][func.train][INFO] - [TESTING] video: 21 | frame: 575 / 4326
[2024-06-12 13:16:10,157][func.train][INFO] - [TESTING] video: 21 | frame: 639 / 4326
[2024-06-12 13:16:10,468][func.train][INFO] - [TESTING] video: 21 | frame: 703 / 4326
[2024-06-12 13:16:10,800][func.train][INFO] - [TESTING] video: 21 | frame: 767 / 4326
[2024-06-12 13:16:11,110][func.train][INFO] - [TESTING] video: 21 | frame: 831 / 4326
[2024-06-12 13:16:11,419][func.train][INFO] - [TESTING] video: 21 | frame: 895 / 4326
[2024-06-12 13:16:11,723][func.train][INFO] - [TESTING] video: 21 | frame: 959 / 4326
[2024-06-12 13:16:12,027][func.train][INFO] - [TESTING] video: 21 | frame: 1023 / 4326
[2024-06-12 13:16:12,336][func.train][INFO] - [TESTING] video: 21 | frame: 1087 / 4326
[2024-06-12 13:16:12,647][func.train][INFO] - [TESTING] video: 21 | frame: 1151 / 4326
[2024-06-12 13:16:12,953][func.train][INFO] - [TESTING] video: 21 | frame: 1215 / 4326
[2024-06-12 13:16:13,261][func.train][INFO] - [TESTING] video: 21 | frame: 1279 / 4326
[2024-06-12 13:16:13,567][func.train][INFO] - [TESTING] video: 21 | frame: 1343 / 4326
[2024-06-12 13:16:13,871][func.train][INFO] - [TESTING] video: 21 | frame: 1407 / 4326
[2024-06-12 13:16:14,175][func.train][INFO] - [TESTING] video: 21 | frame: 1471 / 4326
[2024-06-12 13:16:14,477][func.train][INFO] - [TESTING] video: 21 | frame: 1535 / 4326
[2024-06-12 13:16:14,776][func.train][INFO] - [TESTING] video: 21 | frame: 1599 / 4326
[2024-06-12 13:16:15,075][func.train][INFO] - [TESTING] video: 21 | frame: 1663 / 4326
[2024-06-12 13:16:15,377][func.train][INFO] - [TESTING] video: 21 | frame: 1727 / 4326
[2024-06-12 13:16:15,678][func.train][INFO] - [TESTING] video: 21 | frame: 1791 / 4326
[2024-06-12 13:16:15,980][func.train][INFO] - [TESTING] video: 21 | frame: 1855 / 4326
[2024-06-12 13:16:16,283][func.train][INFO] - [TESTING] video: 21 | frame: 1919 / 4326
[2024-06-12 13:16:16,587][func.train][INFO] - [TESTING] video: 21 | frame: 1983 / 4326
[2024-06-12 13:16:16,885][func.train][INFO] - [TESTING] video: 21 | frame: 2047 / 4326
[2024-06-12 13:16:17,184][func.train][INFO] - [TESTING] video: 21 | frame: 2111 / 4326
[2024-06-12 13:16:17,487][func.train][INFO] - [TESTING] video: 21 | frame: 2175 / 4326
[2024-06-12 13:16:17,810][func.train][INFO] - [TESTING] video: 21 | frame: 2239 / 4326
[2024-06-12 13:16:18,136][func.train][INFO] - [TESTING] video: 21 | frame: 2303 / 4326
[2024-06-12 13:16:18,463][func.train][INFO] - [TESTING] video: 21 | frame: 2367 / 4326
[2024-06-12 13:16:18,771][func.train][INFO] - [TESTING] video: 21 | frame: 2431 / 4326
[2024-06-12 13:16:19,077][func.train][INFO] - [TESTING] video: 21 | frame: 2495 / 4326
[2024-06-12 13:16:19,378][func.train][INFO] - [TESTING] video: 21 | frame: 2559 / 4326
[2024-06-12 13:16:19,683][func.train][INFO] - [TESTING] video: 21 | frame: 2623 / 4326
[2024-06-12 13:16:19,994][func.train][INFO] - [TESTING] video: 21 | frame: 2687 / 4326
[2024-06-12 13:16:20,302][func.train][INFO] - [TESTING] video: 21 | frame: 2751 / 4326
[2024-06-12 13:16:20,608][func.train][INFO] - [TESTING] video: 21 | frame: 2815 / 4326
[2024-06-12 13:16:20,913][func.train][INFO] - [TESTING] video: 21 | frame: 2879 / 4326
[2024-06-12 13:16:21,222][func.train][INFO] - [TESTING] video: 21 | frame: 2943 / 4326
[2024-06-12 13:16:21,549][func.train][INFO] - [TESTING] video: 21 | frame: 3007 / 4326
[2024-06-12 13:16:21,856][func.train][INFO] - [TESTING] video: 21 | frame: 3071 / 4326
[2024-06-12 13:16:22,162][func.train][INFO] - [TESTING] video: 21 | frame: 3135 / 4326
[2024-06-12 13:16:22,465][func.train][INFO] - [TESTING] video: 21 | frame: 3199 / 4326
[2024-06-12 13:16:22,767][func.train][INFO] - [TESTING] video: 21 | frame: 3263 / 4326
[2024-06-12 13:16:23,083][func.train][INFO] - [TESTING] video: 21 | frame: 3327 / 4326
[2024-06-12 13:16:23,388][func.train][INFO] - [TESTING] video: 21 | frame: 3391 / 4326
[2024-06-12 13:16:23,694][func.train][INFO] - [TESTING] video: 21 | frame: 3455 / 4326
[2024-06-12 13:16:24,005][func.train][INFO] - [TESTING] video: 21 | frame: 3519 / 4326
[2024-06-12 13:16:24,323][func.train][INFO] - [TESTING] video: 21 | frame: 3583 / 4326
[2024-06-12 13:16:24,634][func.train][INFO] - [TESTING] video: 21 | frame: 3647 / 4326
[2024-06-12 13:16:24,938][func.train][INFO] - [TESTING] video: 21 | frame: 3711 / 4326
[2024-06-12 13:16:25,246][func.train][INFO] - [TESTING] video: 21 | frame: 3775 / 4326
[2024-06-12 13:16:25,551][func.train][INFO] - [TESTING] video: 21 | frame: 3839 / 4326
[2024-06-12 13:16:25,855][func.train][INFO] - [TESTING] video: 21 | frame: 3903 / 4326
[2024-06-12 13:16:26,160][func.train][INFO] - [TESTING] video: 21 | frame: 3967 / 4326
[2024-06-12 13:16:26,467][func.train][INFO] - [TESTING] video: 21 | frame: 4031 / 4326
[2024-06-12 13:16:26,767][func.train][INFO] - [TESTING] video: 21 | frame: 4095 / 4326
[2024-06-12 13:16:27,067][func.train][INFO] - [TESTING] video: 21 | frame: 4159 / 4326
[2024-06-12 13:16:27,382][func.train][INFO] - [TESTING] video: 21 | frame: 4223 / 4326
[2024-06-12 13:16:27,695][func.train][INFO] - [TESTING] video: 21 | frame: 4287 / 4326
[2024-06-12 13:16:29,475][func.train][INFO] - [TESTING] video: 21 | frame: 4325 / 4326
[2024-06-12 13:16:29,476][func.train][INFO] - [TESTING] video: 21 | video test time: 0.37 min | total test time: 2.39 min
[2024-06-12 13:16:29,525][func.train][INFO] - [TESTING] video: 21 | video_mean_curr_acc: 0.562 | mean_acc_future_frames: 0.3377 | video_mean_cum_acc_future: 0.4255
[2024-06-12 13:16:46,790][func.train][INFO] - [TESTING] Best epoch: 1 | Best cum_acc_future: 0.4
