[2024-08-07 17:15:32,983][func.train][INFO] - Dist info:
[2024-08-07 17:15:32,984][func.train][INFO] - torch version: 2.2.2+cu121
[2024-08-07 17:15:32,985][func.train][INFO] - torchvision version: 0.17.2+cu121
[2024-08-07 17:15:32,985][func.train][INFO] - hydra version: 1.3.2
[2024-08-07 17:15:32,991][func.train][INFO] - [MAIN] eval horizons for regression: [3]
[2024-08-07 17:15:32,991][func.train][INFO] - Loading data
[2024-08-07 17:15:32,991][func.train][INFO] - Loading datasets
[2024-08-07 17:15:36,170][func.train][INFO] - [SELECT DATASET] ALL loaded dataframe in 0m 3s
[2024-08-07 17:15:36,171][func.train][INFO] - [SELECT DATASET] ALL loaded dataframe: (4612530, 11)
[2024-08-07 17:15:36,407][func.train][INFO] - [SELECT DATASET] labels are already starting from 0
[2024-08-07 17:15:36,778][func.train][INFO] - [SELECT DATASET] ALL unique classes: [0 1 2 3 4 5 6]
[2024-08-07 17:15:36,797][func.train][INFO] - [SELECT DATASET] aLL dataframe (head):                    image_path class  ... tool_Irrigator tool_SpecimenBag
0  video01/video01_000001.png     0  ...              0                0
1  video01/video01_000002.png     0  ...              0                0
2  video01/video01_000003.png     0  ...              0                0
3  video01/video01_000004.png     0  ...              0                0
4  video01/video01_000005.png     0  ...              0                0

[5 rows x 11 columns]
[2024-08-07 17:15:36,810][func.train][INFO] - [SELECT DATASET] ALL dataframe (tail):                          image_path class  ... tool_Irrigator tool_SpecimenBag
4612525  video80/video80_043097.png     6  ...              0                0
4612526  video80/video80_043098.png     6  ...              0                0
4612527  video80/video80_043099.png     6  ...              0                0
4612528  video80/video80_043100.png     6  ...              0                0
4612529  video80/video80_043101.png     6  ...              0                0

[5 rows x 11 columns]
[2024-08-07 17:15:36,812][func.train][INFO] - [DATASET] params: {'debug': False, 'dataset_name': 'cholec80', 'reduc_feats_folder': 'train_targets_x_mp/', 'num_classes': 7, 'num_next_labels': 6, 'last_seg_class': 7, 'predict_next_phase': True, 'get_target_feats': False, 'replace_current_with_next_class': False}
[2024-08-07 17:15:38,460][func.train][INFO] - [DATASET] df unique videos: [1 2 3 4 5 6 7 8 9 10 11 12 13 14 15 16 17 18 19 20 21 22 23 24 25 26 27
 28 29 30 31 32 33 34 35 36 37 38 39 40 41 42 43 44 45 46 47 48 49 50 51
 52 53 54 55 56 57 58 59 60 61 62 63 64 65 66 67 68 69 70 71 72 73 74 75
 76 77 78 79 80]
[2024-08-07 17:15:38,460][func.train][INFO] - [DATASET] split: train video_indices: [1, 2, 3, 4, 5, 6, 7, 8, 9, 10, 11, 12, 13, 14, 15, 16, 17, 18, 19, 20, 21, 22, 23, 24, 25, 26, 27, 28, 29, 30, 31, 32, 33, 34, 35, 36, 37, 38, 39, 40, 41, 42, 43, 44, 45, 46, 47, 48, 49, 50, 51, 52, 53, 54, 55, 56, 57, 58, 59, 60]
[2024-08-07 17:15:40,570][func.train][INFO] - [DATASET] train size: 3421885
[2024-08-07 17:15:40,571][func.train][INFO] - [DATASET] train video_indices: [1, 2, 3, 4, 5, 6, 7, 8, 9, 10, 11, 12, 13, 14, 15, 16, 17, 18, 19, 20, 21, 22, 23, 24, 25, 26, 27, 28, 29, 30, 31, 32, 33, 34, 35, 36, 37, 38, 39, 40, 41, 42, 43, 44, 45, 46, 47, 48, 49, 50, 51, 52, 53, 54, 55, 56, 57, 58, 59, 60]
[2024-08-07 17:15:40,571][func.train][INFO] - [DATASET] video_idx: 1
[2024-08-07 17:15:40,722][func.train][INFO] - [DATASET] Sampled video_idx: 1 at 25 fps to 1733 frames
[2024-08-07 17:15:40,728][func.train][INFO] - [DATASET] video 1 phase_labels: torch.Size([1733])
[2024-08-07 17:15:41,274][func.train][INFO] - [DATASET] gt_remaining_time h=3: torch.Size([1733, 8])
[2024-08-07 17:15:41,274][func.train][INFO] - 

[2024-08-07 17:15:41,274][func.train][INFO] - [DATASET] video_idx: 2
[2024-08-07 17:15:41,437][func.train][INFO] - [DATASET] Sampled video_idx: 2 at 25 fps to 2839 frames
[2024-08-07 17:15:41,438][func.train][INFO] - [DATASET] video 2 phase_labels: torch.Size([2839])
[2024-08-07 17:15:41,530][func.train][INFO] - [DATASET] gt_remaining_time h=3: torch.Size([2839, 8])
[2024-08-07 17:15:41,531][func.train][INFO] - 

[2024-08-07 17:15:41,531][func.train][INFO] - [DATASET] video_idx: 3
[2024-08-07 17:15:41,711][func.train][INFO] - [DATASET] Sampled video_idx: 3 at 25 fps to 5828 frames
[2024-08-07 17:15:41,712][func.train][INFO] - [DATASET] video 3 phase_labels: torch.Size([5828])
[2024-08-07 17:15:41,845][func.train][INFO] - [DATASET] gt_remaining_time h=3: torch.Size([5828, 8])
[2024-08-07 17:15:41,845][func.train][INFO] - 

[2024-08-07 17:15:41,845][func.train][INFO] - [DATASET] video_idx: 4
[2024-08-07 17:15:41,991][func.train][INFO] - [DATASET] Sampled video_idx: 4 at 25 fps to 1522 frames
[2024-08-07 17:15:41,992][func.train][INFO] - [DATASET] video 4 phase_labels: torch.Size([1522])
[2024-08-07 17:15:42,071][func.train][INFO] - [DATASET] gt_remaining_time h=3: torch.Size([1522, 8])
[2024-08-07 17:15:42,072][func.train][INFO] - 

[2024-08-07 17:15:42,072][func.train][INFO] - [DATASET] video_idx: 5
[2024-08-07 17:15:42,219][func.train][INFO] - [DATASET] Sampled video_idx: 5 at 25 fps to 2344 frames
[2024-08-07 17:15:42,219][func.train][INFO] - [DATASET] video 5 phase_labels: torch.Size([2344])
[2024-08-07 17:15:42,310][func.train][INFO] - [DATASET] gt_remaining_time h=3: torch.Size([2344, 8])
[2024-08-07 17:15:42,310][func.train][INFO] - 

[2024-08-07 17:15:42,311][func.train][INFO] - [DATASET] video_idx: 6
[2024-08-07 17:15:42,454][func.train][INFO] - [DATASET] Sampled video_idx: 6 at 25 fps to 2153 frames
[2024-08-07 17:15:42,455][func.train][INFO] - [DATASET] video 6 phase_labels: torch.Size([2153])
[2024-08-07 17:15:42,537][func.train][INFO] - [DATASET] gt_remaining_time h=3: torch.Size([2153, 8])
[2024-08-07 17:15:42,537][func.train][INFO] - 

[2024-08-07 17:15:42,537][func.train][INFO] - [DATASET] video_idx: 7
[2024-08-07 17:15:42,685][func.train][INFO] - [DATASET] Sampled video_idx: 7 at 25 fps to 4557 frames
[2024-08-07 17:15:42,686][func.train][INFO] - [DATASET] video 7 phase_labels: torch.Size([4557])
[2024-08-07 17:15:42,826][func.train][INFO] - [DATASET] gt_remaining_time h=3: torch.Size([4557, 8])
[2024-08-07 17:15:42,827][func.train][INFO] - 

[2024-08-07 17:15:42,827][func.train][INFO] - [DATASET] video_idx: 8
[2024-08-07 17:15:42,961][func.train][INFO] - [DATASET] Sampled video_idx: 8 at 25 fps to 1519 frames
[2024-08-07 17:15:42,962][func.train][INFO] - [DATASET] video 8 phase_labels: torch.Size([1519])
[2024-08-07 17:15:43,033][func.train][INFO] - [DATASET] gt_remaining_time h=3: torch.Size([1519, 8])
[2024-08-07 17:15:43,034][func.train][INFO] - 

[2024-08-07 17:15:43,034][func.train][INFO] - [DATASET] video_idx: 9
[2024-08-07 17:15:43,181][func.train][INFO] - [DATASET] Sampled video_idx: 9 at 25 fps to 2702 frames
[2024-08-07 17:15:43,182][func.train][INFO] - [DATASET] video 9 phase_labels: torch.Size([2702])
[2024-08-07 17:15:43,283][func.train][INFO] - [DATASET] gt_remaining_time h=3: torch.Size([2702, 8])
[2024-08-07 17:15:43,283][func.train][INFO] - 

[2024-08-07 17:15:43,283][func.train][INFO] - [DATASET] video_idx: 10
[2024-08-07 17:15:43,421][func.train][INFO] - [DATASET] Sampled video_idx: 10 at 25 fps to 1749 frames
[2024-08-07 17:15:43,422][func.train][INFO] - [DATASET] video 10 phase_labels: torch.Size([1749])
[2024-08-07 17:15:43,498][func.train][INFO] - [DATASET] gt_remaining_time h=3: torch.Size([1749, 8])
[2024-08-07 17:15:43,498][func.train][INFO] - 

[2024-08-07 17:15:43,499][func.train][INFO] - [DATASET] video_idx: 11
[2024-08-07 17:15:43,645][func.train][INFO] - [DATASET] Sampled video_idx: 11 at 25 fps to 3220 frames
[2024-08-07 17:15:43,646][func.train][INFO] - [DATASET] video 11 phase_labels: torch.Size([3220])
[2024-08-07 17:15:43,762][func.train][INFO] - [DATASET] gt_remaining_time h=3: torch.Size([3220, 8])
[2024-08-07 17:15:43,762][func.train][INFO] - 

[2024-08-07 17:15:43,763][func.train][INFO] - [DATASET] video_idx: 12
[2024-08-07 17:15:43,900][func.train][INFO] - [DATASET] Sampled video_idx: 12 at 25 fps to 1090 frames
[2024-08-07 17:15:43,901][func.train][INFO] - [DATASET] video 12 phase_labels: torch.Size([1090])
[2024-08-07 17:15:43,966][func.train][INFO] - [DATASET] gt_remaining_time h=3: torch.Size([1090, 8])
[2024-08-07 17:15:43,967][func.train][INFO] - 

[2024-08-07 17:15:43,967][func.train][INFO] - [DATASET] video_idx: 13
[2024-08-07 17:15:44,104][func.train][INFO] - [DATASET] Sampled video_idx: 13 at 25 fps to 981 frames
[2024-08-07 17:15:44,105][func.train][INFO] - [DATASET] video 13 phase_labels: torch.Size([981])
[2024-08-07 17:15:44,166][func.train][INFO] - [DATASET] gt_remaining_time h=3: torch.Size([981, 8])
[2024-08-07 17:15:44,166][func.train][INFO] - 

[2024-08-07 17:15:44,167][func.train][INFO] - [DATASET] video_idx: 14
[2024-08-07 17:15:44,317][func.train][INFO] - [DATASET] Sampled video_idx: 14 at 25 fps to 1708 frames
[2024-08-07 17:15:44,318][func.train][INFO] - [DATASET] video 14 phase_labels: torch.Size([1708])
[2024-08-07 17:15:44,396][func.train][INFO] - [DATASET] gt_remaining_time h=3: torch.Size([1708, 8])
[2024-08-07 17:15:44,397][func.train][INFO] - 

[2024-08-07 17:15:44,397][func.train][INFO] - [DATASET] video_idx: 15
[2024-08-07 17:15:44,545][func.train][INFO] - [DATASET] Sampled video_idx: 15 at 25 fps to 2058 frames
[2024-08-07 17:15:44,546][func.train][INFO] - [DATASET] video 15 phase_labels: torch.Size([2058])
[2024-08-07 17:15:44,634][func.train][INFO] - [DATASET] gt_remaining_time h=3: torch.Size([2058, 8])
[2024-08-07 17:15:44,634][func.train][INFO] - 

[2024-08-07 17:15:44,634][func.train][INFO] - [DATASET] video_idx: 16
[2024-08-07 17:15:44,786][func.train][INFO] - [DATASET] Sampled video_idx: 16 at 25 fps to 2957 frames
[2024-08-07 17:15:44,786][func.train][INFO] - [DATASET] video 16 phase_labels: torch.Size([2957])
[2024-08-07 17:15:44,884][func.train][INFO] - [DATASET] gt_remaining_time h=3: torch.Size([2957, 8])
[2024-08-07 17:15:44,884][func.train][INFO] - 

[2024-08-07 17:15:44,884][func.train][INFO] - [DATASET] video_idx: 17
[2024-08-07 17:15:45,019][func.train][INFO] - [DATASET] Sampled video_idx: 17 at 25 fps to 1304 frames
[2024-08-07 17:15:45,019][func.train][INFO] - [DATASET] video 17 phase_labels: torch.Size([1304])
[2024-08-07 17:15:45,088][func.train][INFO] - [DATASET] gt_remaining_time h=3: torch.Size([1304, 8])
[2024-08-07 17:15:45,088][func.train][INFO] - 

[2024-08-07 17:15:45,088][func.train][INFO] - [DATASET] video_idx: 18
[2024-08-07 17:15:45,228][func.train][INFO] - [DATASET] Sampled video_idx: 18 at 25 fps to 1942 frames
[2024-08-07 17:15:45,229][func.train][INFO] - [DATASET] video 18 phase_labels: torch.Size([1942])
[2024-08-07 17:15:45,309][func.train][INFO] - [DATASET] gt_remaining_time h=3: torch.Size([1942, 8])
[2024-08-07 17:15:45,309][func.train][INFO] - 

[2024-08-07 17:15:45,309][func.train][INFO] - [DATASET] video_idx: 19
[2024-08-07 17:15:45,451][func.train][INFO] - [DATASET] Sampled video_idx: 19 at 25 fps to 2424 frames
[2024-08-07 17:15:45,451][func.train][INFO] - [DATASET] video 19 phase_labels: torch.Size([2424])
[2024-08-07 17:15:45,539][func.train][INFO] - [DATASET] gt_remaining_time h=3: torch.Size([2424, 8])
[2024-08-07 17:15:45,539][func.train][INFO] - 

[2024-08-07 17:15:45,539][func.train][INFO] - [DATASET] video_idx: 20
[2024-08-07 17:15:45,676][func.train][INFO] - [DATASET] Sampled video_idx: 20 at 25 fps to 1449 frames
[2024-08-07 17:15:45,677][func.train][INFO] - [DATASET] video 20 phase_labels: torch.Size([1449])
[2024-08-07 17:15:45,749][func.train][INFO] - [DATASET] gt_remaining_time h=3: torch.Size([1449, 8])
[2024-08-07 17:15:45,749][func.train][INFO] - 

[2024-08-07 17:15:45,749][func.train][INFO] - [DATASET] video_idx: 21
[2024-08-07 17:15:45,885][func.train][INFO] - [DATASET] Sampled video_idx: 21 at 25 fps to 1258 frames
[2024-08-07 17:15:45,885][func.train][INFO] - [DATASET] video 21 phase_labels: torch.Size([1258])
[2024-08-07 17:15:45,947][func.train][INFO] - [DATASET] gt_remaining_time h=3: torch.Size([1258, 8])
[2024-08-07 17:15:45,947][func.train][INFO] - 

[2024-08-07 17:15:45,947][func.train][INFO] - [DATASET] video_idx: 22
[2024-08-07 17:15:46,080][func.train][INFO] - [DATASET] Sampled video_idx: 22 at 25 fps to 1532 frames
[2024-08-07 17:15:46,081][func.train][INFO] - [DATASET] video 22 phase_labels: torch.Size([1532])
[2024-08-07 17:15:46,157][func.train][INFO] - [DATASET] gt_remaining_time h=3: torch.Size([1532, 8])
[2024-08-07 17:15:46,157][func.train][INFO] - 

[2024-08-07 17:15:46,158][func.train][INFO] - [DATASET] video_idx: 23
[2024-08-07 17:15:46,302][func.train][INFO] - [DATASET] Sampled video_idx: 23 at 25 fps to 1635 frames
[2024-08-07 17:15:46,302][func.train][INFO] - [DATASET] video 23 phase_labels: torch.Size([1635])
[2024-08-07 17:15:46,377][func.train][INFO] - [DATASET] gt_remaining_time h=3: torch.Size([1635, 8])
[2024-08-07 17:15:46,377][func.train][INFO] - 

[2024-08-07 17:15:46,377][func.train][INFO] - [DATASET] video_idx: 24
[2024-08-07 17:15:46,523][func.train][INFO] - [DATASET] Sampled video_idx: 24 at 25 fps to 1975 frames
[2024-08-07 17:15:46,523][func.train][INFO] - [DATASET] video 24 phase_labels: torch.Size([1975])
[2024-08-07 17:15:46,612][func.train][INFO] - [DATASET] gt_remaining_time h=3: torch.Size([1975, 8])
[2024-08-07 17:15:46,612][func.train][INFO] - 

[2024-08-07 17:15:46,612][func.train][INFO] - [DATASET] video_idx: 25
[2024-08-07 17:15:46,758][func.train][INFO] - [DATASET] Sampled video_idx: 25 at 25 fps to 2129 frames
[2024-08-07 17:15:46,759][func.train][INFO] - [DATASET] video 25 phase_labels: torch.Size([2129])
[2024-08-07 17:15:46,843][func.train][INFO] - [DATASET] gt_remaining_time h=3: torch.Size([2129, 8])
[2024-08-07 17:15:46,844][func.train][INFO] - 

[2024-08-07 17:15:46,844][func.train][INFO] - [DATASET] video_idx: 26
[2024-08-07 17:15:46,985][func.train][INFO] - [DATASET] Sampled video_idx: 26 at 25 fps to 1773 frames
[2024-08-07 17:15:46,985][func.train][INFO] - [DATASET] video 26 phase_labels: torch.Size([1773])
[2024-08-07 17:15:47,070][func.train][INFO] - [DATASET] gt_remaining_time h=3: torch.Size([1773, 8])
[2024-08-07 17:15:47,070][func.train][INFO] - 

[2024-08-07 17:15:47,070][func.train][INFO] - [DATASET] video_idx: 27
[2024-08-07 17:15:47,209][func.train][INFO] - [DATASET] Sampled video_idx: 27 at 25 fps to 2084 frames
[2024-08-07 17:15:47,210][func.train][INFO] - [DATASET] video 27 phase_labels: torch.Size([2084])
[2024-08-07 17:15:47,293][func.train][INFO] - [DATASET] gt_remaining_time h=3: torch.Size([2084, 8])
[2024-08-07 17:15:47,293][func.train][INFO] - 

[2024-08-07 17:15:47,294][func.train][INFO] - [DATASET] video_idx: 28
[2024-08-07 17:15:47,426][func.train][INFO] - [DATASET] Sampled video_idx: 28 at 25 fps to 1199 frames
[2024-08-07 17:15:47,426][func.train][INFO] - [DATASET] video 28 phase_labels: torch.Size([1199])
[2024-08-07 17:15:47,488][func.train][INFO] - [DATASET] gt_remaining_time h=3: torch.Size([1199, 8])
[2024-08-07 17:15:47,488][func.train][INFO] - 

[2024-08-07 17:15:47,488][func.train][INFO] - [DATASET] video_idx: 29
[2024-08-07 17:15:47,629][func.train][INFO] - [DATASET] Sampled video_idx: 29 at 25 fps to 2350 frames
[2024-08-07 17:15:47,630][func.train][INFO] - [DATASET] video 29 phase_labels: torch.Size([2350])
[2024-08-07 17:15:47,720][func.train][INFO] - [DATASET] gt_remaining_time h=3: torch.Size([2350, 8])
[2024-08-07 17:15:47,721][func.train][INFO] - 

[2024-08-07 17:15:47,721][func.train][INFO] - [DATASET] video_idx: 30
[2024-08-07 17:15:47,862][func.train][INFO] - [DATASET] Sampled video_idx: 30 at 25 fps to 2925 frames
[2024-08-07 17:15:47,863][func.train][INFO] - [DATASET] video 30 phase_labels: torch.Size([2925])
[2024-08-07 17:15:47,970][func.train][INFO] - [DATASET] gt_remaining_time h=3: torch.Size([2925, 8])
[2024-08-07 17:15:47,970][func.train][INFO] - 

[2024-08-07 17:15:47,970][func.train][INFO] - [DATASET] video_idx: 31
[2024-08-07 17:15:48,116][func.train][INFO] - [DATASET] Sampled video_idx: 31 at 25 fps to 3945 frames
[2024-08-07 17:15:48,118][func.train][INFO] - [DATASET] video 31 phase_labels: torch.Size([3945])
[2024-08-07 17:15:48,271][func.train][INFO] - [DATASET] gt_remaining_time h=3: torch.Size([3945, 8])
[2024-08-07 17:15:48,271][func.train][INFO] - 

[2024-08-07 17:15:48,271][func.train][INFO] - [DATASET] video_idx: 32
[2024-08-07 17:15:48,415][func.train][INFO] - [DATASET] Sampled video_idx: 32 at 25 fps to 2116 frames
[2024-08-07 17:15:48,416][func.train][INFO] - [DATASET] video 32 phase_labels: torch.Size([2116])
[2024-08-07 17:15:48,498][func.train][INFO] - [DATASET] gt_remaining_time h=3: torch.Size([2116, 8])
[2024-08-07 17:15:48,498][func.train][INFO] - 

[2024-08-07 17:15:48,498][func.train][INFO] - [DATASET] video_idx: 33
[2024-08-07 17:15:48,637][func.train][INFO] - [DATASET] Sampled video_idx: 33 at 25 fps to 1307 frames
[2024-08-07 17:15:48,637][func.train][INFO] - [DATASET] video 33 phase_labels: torch.Size([1307])
[2024-08-07 17:15:48,702][func.train][INFO] - [DATASET] gt_remaining_time h=3: torch.Size([1307, 8])
[2024-08-07 17:15:48,702][func.train][INFO] - 

[2024-08-07 17:15:48,702][func.train][INFO] - [DATASET] video_idx: 34
[2024-08-07 17:15:48,839][func.train][INFO] - [DATASET] Sampled video_idx: 34 at 25 fps to 1323 frames
[2024-08-07 17:15:48,839][func.train][INFO] - [DATASET] video 34 phase_labels: torch.Size([1323])
[2024-08-07 17:15:48,907][func.train][INFO] - [DATASET] gt_remaining_time h=3: torch.Size([1323, 8])
[2024-08-07 17:15:48,907][func.train][INFO] - 

[2024-08-07 17:15:48,908][func.train][INFO] - [DATASET] video_idx: 35
[2024-08-07 17:15:49,055][func.train][INFO] - [DATASET] Sampled video_idx: 35 at 25 fps to 2106 frames
[2024-08-07 17:15:49,055][func.train][INFO] - [DATASET] video 35 phase_labels: torch.Size([2106])
[2024-08-07 17:15:49,145][func.train][INFO] - [DATASET] gt_remaining_time h=3: torch.Size([2106, 8])
[2024-08-07 17:15:49,145][func.train][INFO] - 

[2024-08-07 17:15:49,146][func.train][INFO] - [DATASET] video_idx: 36
[2024-08-07 17:15:49,291][func.train][INFO] - [DATASET] Sampled video_idx: 36 at 25 fps to 2387 frames
[2024-08-07 17:15:49,292][func.train][INFO] - [DATASET] video 36 phase_labels: torch.Size([2387])
[2024-08-07 17:15:49,387][func.train][INFO] - [DATASET] gt_remaining_time h=3: torch.Size([2387, 8])
[2024-08-07 17:15:49,387][func.train][INFO] - 

[2024-08-07 17:15:49,387][func.train][INFO] - [DATASET] video_idx: 37
[2024-08-07 17:15:49,525][func.train][INFO] - [DATASET] Sampled video_idx: 37 at 25 fps to 1232 frames
[2024-08-07 17:15:49,525][func.train][INFO] - [DATASET] video 37 phase_labels: torch.Size([1232])
[2024-08-07 17:15:49,589][func.train][INFO] - [DATASET] gt_remaining_time h=3: torch.Size([1232, 8])
[2024-08-07 17:15:49,589][func.train][INFO] - 

[2024-08-07 17:15:49,589][func.train][INFO] - [DATASET] video_idx: 38
[2024-08-07 17:15:49,736][func.train][INFO] - [DATASET] Sampled video_idx: 38 at 25 fps to 3080 frames
[2024-08-07 17:15:49,737][func.train][INFO] - [DATASET] video 38 phase_labels: torch.Size([3080])
[2024-08-07 17:15:49,837][func.train][INFO] - [DATASET] gt_remaining_time h=3: torch.Size([3080, 8])
[2024-08-07 17:15:49,837][func.train][INFO] - 

[2024-08-07 17:15:49,837][func.train][INFO] - [DATASET] video_idx: 39
[2024-08-07 17:15:49,971][func.train][INFO] - [DATASET] Sampled video_idx: 39 at 25 fps to 1647 frames
[2024-08-07 17:15:49,972][func.train][INFO] - [DATASET] video 39 phase_labels: torch.Size([1647])
[2024-08-07 17:15:50,067][func.train][INFO] - [DATASET] gt_remaining_time h=3: torch.Size([1647, 8])
[2024-08-07 17:15:50,067][func.train][INFO] - 

[2024-08-07 17:15:50,067][func.train][INFO] - [DATASET] video_idx: 40
[2024-08-07 17:15:50,201][func.train][INFO] - [DATASET] Sampled video_idx: 40 at 25 fps to 2222 frames
[2024-08-07 17:15:50,201][func.train][INFO] - [DATASET] video 40 phase_labels: torch.Size([2222])
[2024-08-07 17:15:50,290][func.train][INFO] - [DATASET] gt_remaining_time h=3: torch.Size([2222, 8])
[2024-08-07 17:15:50,291][func.train][INFO] - 

[2024-08-07 17:15:50,291][func.train][INFO] - [DATASET] video_idx: 41
[2024-08-07 17:15:50,431][func.train][INFO] - [DATASET] Sampled video_idx: 41 at 25 fps to 3103 frames
[2024-08-07 17:15:50,431][func.train][INFO] - [DATASET] video 41 phase_labels: torch.Size([3103])
[2024-08-07 17:15:50,545][func.train][INFO] - [DATASET] gt_remaining_time h=3: torch.Size([3103, 8])
[2024-08-07 17:15:50,545][func.train][INFO] - 

[2024-08-07 17:15:50,545][func.train][INFO] - [DATASET] video_idx: 42
[2024-08-07 17:15:50,683][func.train][INFO] - [DATASET] Sampled video_idx: 42 at 25 fps to 3712 frames
[2024-08-07 17:15:50,684][func.train][INFO] - [DATASET] video 42 phase_labels: torch.Size([3712])
[2024-08-07 17:15:50,802][func.train][INFO] - [DATASET] gt_remaining_time h=3: torch.Size([3712, 8])
[2024-08-07 17:15:50,802][func.train][INFO] - 

[2024-08-07 17:15:50,802][func.train][INFO] - [DATASET] video_idx: 43
[2024-08-07 17:15:50,938][func.train][INFO] - [DATASET] Sampled video_idx: 43 at 25 fps to 2362 frames
[2024-08-07 17:15:50,939][func.train][INFO] - [DATASET] video 43 phase_labels: torch.Size([2362])
[2024-08-07 17:15:51,026][func.train][INFO] - [DATASET] gt_remaining_time h=3: torch.Size([2362, 8])
[2024-08-07 17:15:51,026][func.train][INFO] - 

[2024-08-07 17:15:51,026][func.train][INFO] - [DATASET] video_idx: 44
[2024-08-07 17:15:51,170][func.train][INFO] - [DATASET] Sampled video_idx: 44 at 25 fps to 3127 frames
[2024-08-07 17:15:51,171][func.train][INFO] - [DATASET] video 44 phase_labels: torch.Size([3127])
[2024-08-07 17:15:51,277][func.train][INFO] - [DATASET] gt_remaining_time h=3: torch.Size([3127, 8])
[2024-08-07 17:15:51,278][func.train][INFO] - 

[2024-08-07 17:15:51,278][func.train][INFO] - [DATASET] video_idx: 45
[2024-08-07 17:15:51,421][func.train][INFO] - [DATASET] Sampled video_idx: 45 at 25 fps to 3387 frames
[2024-08-07 17:15:51,421][func.train][INFO] - [DATASET] video 45 phase_labels: torch.Size([3387])
[2024-08-07 17:15:51,531][func.train][INFO] - [DATASET] gt_remaining_time h=3: torch.Size([3387, 8])
[2024-08-07 17:15:51,532][func.train][INFO] - 

[2024-08-07 17:15:51,532][func.train][INFO] - [DATASET] video_idx: 46
[2024-08-07 17:15:51,667][func.train][INFO] - [DATASET] Sampled video_idx: 46 at 25 fps to 1653 frames
[2024-08-07 17:15:51,668][func.train][INFO] - [DATASET] video 46 phase_labels: torch.Size([1653])
[2024-08-07 17:15:51,740][func.train][INFO] - [DATASET] gt_remaining_time h=3: torch.Size([1653, 8])
[2024-08-07 17:15:51,741][func.train][INFO] - 

[2024-08-07 17:15:51,741][func.train][INFO] - [DATASET] video_idx: 47
[2024-08-07 17:15:51,874][func.train][INFO] - [DATASET] Sampled video_idx: 47 at 25 fps to 2259 frames
[2024-08-07 17:15:51,875][func.train][INFO] - [DATASET] video 47 phase_labels: torch.Size([2259])
[2024-08-07 17:15:51,963][func.train][INFO] - [DATASET] gt_remaining_time h=3: torch.Size([2259, 8])
[2024-08-07 17:15:51,964][func.train][INFO] - 

[2024-08-07 17:15:51,964][func.train][INFO] - [DATASET] video_idx: 48
[2024-08-07 17:15:52,102][func.train][INFO] - [DATASET] Sampled video_idx: 48 at 25 fps to 1834 frames
[2024-08-07 17:15:52,103][func.train][INFO] - [DATASET] video 48 phase_labels: torch.Size([1834])
[2024-08-07 17:15:52,185][func.train][INFO] - [DATASET] gt_remaining_time h=3: torch.Size([1834, 8])
[2024-08-07 17:15:52,185][func.train][INFO] - 

[2024-08-07 17:15:52,185][func.train][INFO] - [DATASET] video_idx: 49
[2024-08-07 17:15:52,324][func.train][INFO] - [DATASET] Sampled video_idx: 49 at 25 fps to 1671 frames
[2024-08-07 17:15:52,325][func.train][INFO] - [DATASET] video 49 phase_labels: torch.Size([1671])
[2024-08-07 17:15:52,400][func.train][INFO] - [DATASET] gt_remaining_time h=3: torch.Size([1671, 8])
[2024-08-07 17:15:52,400][func.train][INFO] - 

[2024-08-07 17:15:52,401][func.train][INFO] - [DATASET] video_idx: 50
[2024-08-07 17:15:52,537][func.train][INFO] - [DATASET] Sampled video_idx: 50 at 25 fps to 1094 frames
[2024-08-07 17:15:52,538][func.train][INFO] - [DATASET] video 50 phase_labels: torch.Size([1094])
[2024-08-07 17:15:52,594][func.train][INFO] - [DATASET] gt_remaining_time h=3: torch.Size([1094, 8])
[2024-08-07 17:15:52,595][func.train][INFO] - 

[2024-08-07 17:15:52,595][func.train][INFO] - [DATASET] video_idx: 51
[2024-08-07 17:15:52,737][func.train][INFO] - [DATASET] Sampled video_idx: 51 at 25 fps to 2944 frames
[2024-08-07 17:15:52,738][func.train][INFO] - [DATASET] video 51 phase_labels: torch.Size([2944])
[2024-08-07 17:15:52,864][func.train][INFO] - [DATASET] gt_remaining_time h=3: torch.Size([2944, 8])
[2024-08-07 17:15:52,865][func.train][INFO] - 

[2024-08-07 17:15:52,865][func.train][INFO] - [DATASET] video_idx: 52
[2024-08-07 17:15:53,000][func.train][INFO] - [DATASET] Sampled video_idx: 52 at 25 fps to 1966 frames
[2024-08-07 17:15:53,000][func.train][INFO] - [DATASET] video 52 phase_labels: torch.Size([1966])
[2024-08-07 17:15:53,078][func.train][INFO] - [DATASET] gt_remaining_time h=3: torch.Size([1966, 8])
[2024-08-07 17:15:53,078][func.train][INFO] - 

[2024-08-07 17:15:53,078][func.train][INFO] - [DATASET] video_idx: 53
[2024-08-07 17:15:53,216][func.train][INFO] - [DATASET] Sampled video_idx: 53 at 25 fps to 3283 frames
[2024-08-07 17:15:53,217][func.train][INFO] - [DATASET] video 53 phase_labels: torch.Size([3283])
[2024-08-07 17:15:53,329][func.train][INFO] - [DATASET] gt_remaining_time h=3: torch.Size([3283, 8])
[2024-08-07 17:15:53,329][func.train][INFO] - 

[2024-08-07 17:15:53,329][func.train][INFO] - [DATASET] video_idx: 54
[2024-08-07 17:15:53,470][func.train][INFO] - [DATASET] Sampled video_idx: 54 at 25 fps to 3100 frames
[2024-08-07 17:15:53,471][func.train][INFO] - [DATASET] video 54 phase_labels: torch.Size([3100])
[2024-08-07 17:15:53,581][func.train][INFO] - [DATASET] gt_remaining_time h=3: torch.Size([3100, 8])
[2024-08-07 17:15:53,582][func.train][INFO] - 

[2024-08-07 17:15:53,582][func.train][INFO] - [DATASET] video_idx: 55
[2024-08-07 17:15:53,718][func.train][INFO] - [DATASET] Sampled video_idx: 55 at 25 fps to 1037 frames
[2024-08-07 17:15:53,719][func.train][INFO] - [DATASET] video 55 phase_labels: torch.Size([1037])
[2024-08-07 17:15:53,777][func.train][INFO] - [DATASET] gt_remaining_time h=3: torch.Size([1037, 8])
[2024-08-07 17:15:53,777][func.train][INFO] - 

[2024-08-07 17:15:53,777][func.train][INFO] - [DATASET] video_idx: 56
[2024-08-07 17:15:53,914][func.train][INFO] - [DATASET] Sampled video_idx: 56 at 25 fps to 1834 frames
[2024-08-07 17:15:53,915][func.train][INFO] - [DATASET] video 56 phase_labels: torch.Size([1834])
[2024-08-07 17:15:53,993][func.train][INFO] - [DATASET] gt_remaining_time h=3: torch.Size([1834, 8])
[2024-08-07 17:15:53,994][func.train][INFO] - 

[2024-08-07 17:15:53,994][func.train][INFO] - [DATASET] video_idx: 57
[2024-08-07 17:15:54,141][func.train][INFO] - [DATASET] Sampled video_idx: 57 at 25 fps to 2632 frames
[2024-08-07 17:15:54,142][func.train][INFO] - [DATASET] video 57 phase_labels: torch.Size([2632])
[2024-08-07 17:15:54,247][func.train][INFO] - [DATASET] gt_remaining_time h=3: torch.Size([2632, 8])
[2024-08-07 17:15:54,248][func.train][INFO] - 

[2024-08-07 17:15:54,248][func.train][INFO] - [DATASET] video_idx: 58
[2024-08-07 17:15:54,411][func.train][INFO] - [DATASET] Sampled video_idx: 58 at 25 fps to 5993 frames
[2024-08-07 17:15:54,413][func.train][INFO] - [DATASET] video 58 phase_labels: torch.Size([5993])
[2024-08-07 17:15:54,600][func.train][INFO] - [DATASET] gt_remaining_time h=3: torch.Size([5993, 8])
[2024-08-07 17:15:54,600][func.train][INFO] - 

[2024-08-07 17:15:54,600][func.train][INFO] - [DATASET] video_idx: 59
[2024-08-07 17:15:54,731][func.train][INFO] - [DATASET] Sampled video_idx: 59 at 25 fps to 1046 frames
[2024-08-07 17:15:54,732][func.train][INFO] - [DATASET] video 59 phase_labels: torch.Size([1046])
[2024-08-07 17:15:54,791][func.train][INFO] - [DATASET] gt_remaining_time h=3: torch.Size([1046, 8])
[2024-08-07 17:15:54,791][func.train][INFO] - 

[2024-08-07 17:15:54,791][func.train][INFO] - [DATASET] video_idx: 60
[2024-08-07 17:15:54,928][func.train][INFO] - [DATASET] Sampled video_idx: 60 at 25 fps to 2532 frames
[2024-08-07 17:15:54,929][func.train][INFO] - [DATASET] video 60 phase_labels: torch.Size([2532])
[2024-08-07 17:15:55,025][func.train][INFO] - [DATASET] gt_remaining_time h=3: torch.Size([2532, 8])
[2024-08-07 17:15:55,025][func.train][INFO] - 

[2024-08-07 17:15:55,025][func.train][INFO] - [DATASET] number of train videos: 60
[2024-08-07 17:15:55,025][func.train][INFO] - [DATASET] avg video length: 38.02 minutes
[2024-08-07 17:15:55,041][func.train][INFO] - [DATASET] num classes at 1fps in train: (136873,)
[2024-08-07 17:15:55,043][func.train][INFO] - [DATASET] classes_counts_dict: {0: 6410, 1: 57370, 2: 11129, 3: 39289, 4: 5529, 5: 12039, 6: 5107}
[2024-08-07 17:15:55,045][func.train][INFO] - [DATASET] curr_class_weights: tensor([3.0504, 0.3408, 1.7570, 0.4977, 3.5365, 1.6242, 3.8287])
[2024-08-07 17:15:55,045][func.train][INFO] - [DATASET] num_eos_vals: 19553.285714285714
[2024-08-07 17:15:55,045][func.train][INFO] - [DATASET] classes_counts_dict: {0: 6410, 1: 57370, 2: 11129, 3: 39289, 4: 5529, 5: 12039, 6: 5107, 7: 19553}
[2024-08-07 17:15:55,046][func.train][INFO] - [DATASET] next_class_weights: tensor([3.0504, 0.3408, 1.7570, 0.4977, 3.5365, 1.6242, 3.8287, 1.0000])
[2024-08-07 17:15:56,760][func.train][INFO] - [DATASET] df unique videos: [1 2 3 4 5 6 7 8 9 10 11 12 13 14 15 16 17 18 19 20 21 22 23 24 25 26 27
 28 29 30 31 32 33 34 35 36 37 38 39 40 41 42 43 44 45 46 47 48 49 50 51
 52 53 54 55 56 57 58 59 60 61 62 63 64 65 66 67 68 69 70 71 72 73 74 75
 76 77 78 79 80]
[2024-08-07 17:15:56,761][func.train][INFO] - [DATASET] split: test video_indices: [61]
[2024-08-07 17:15:56,866][func.train][INFO] - [DATASET] test size: 110226
[2024-08-07 17:15:56,867][func.train][INFO] - [DATASET] test video_indices: [61]
[2024-08-07 17:15:56,867][func.train][INFO] - [DATASET] video_idx: 61
[2024-08-07 17:15:56,895][func.train][INFO] - [DATASET] Sampled video_idx: 61 at 25 fps to 4409 frames
[2024-08-07 17:15:56,896][func.train][INFO] - [DATASET] video 61 phase_labels: torch.Size([4409])
[2024-08-07 17:15:57,040][func.train][INFO] - [DATASET] gt_remaining_time h=3: torch.Size([4409, 8])
[2024-08-07 17:15:57,041][func.train][INFO] - 

[2024-08-07 17:15:57,041][func.train][INFO] - [DATASET] number of test videos: 1
[2024-08-07 17:15:57,041][func.train][INFO] - [DATASET] avg video length: 73.48 minutes
[2024-08-07 17:15:58,865][func.train][INFO] - [DATASET] df unique videos: [1 2 3 4 5 6 7 8 9 10 11 12 13 14 15 16 17 18 19 20 21 22 23 24 25 26 27
 28 29 30 31 32 33 34 35 36 37 38 39 40 41 42 43 44 45 46 47 48 49 50 51
 52 53 54 55 56 57 58 59 60 61 62 63 64 65 66 67 68 69 70 71 72 73 74 75
 76 77 78 79 80]
[2024-08-07 17:15:58,865][func.train][INFO] - [DATASET] split: test video_indices: [62]
[2024-08-07 17:15:58,950][func.train][INFO] - [DATASET] test size: 50801
[2024-08-07 17:15:58,950][func.train][INFO] - [DATASET] test video_indices: [62]
[2024-08-07 17:15:58,950][func.train][INFO] - [DATASET] video_idx: 62
[2024-08-07 17:15:58,961][func.train][INFO] - [DATASET] Sampled video_idx: 62 at 25 fps to 2032 frames
[2024-08-07 17:15:58,962][func.train][INFO] - [DATASET] video 62 phase_labels: torch.Size([2032])
[2024-08-07 17:15:59,025][func.train][INFO] - [DATASET] gt_remaining_time h=3: torch.Size([2032, 8])
[2024-08-07 17:15:59,026][func.train][INFO] - 

[2024-08-07 17:15:59,026][func.train][INFO] - [DATASET] number of test videos: 1
[2024-08-07 17:15:59,026][func.train][INFO] - [DATASET] avg video length: 33.87 minutes
[2024-08-07 17:16:00,727][func.train][INFO] - [DATASET] df unique videos: [1 2 3 4 5 6 7 8 9 10 11 12 13 14 15 16 17 18 19 20 21 22 23 24 25 26 27
 28 29 30 31 32 33 34 35 36 37 38 39 40 41 42 43 44 45 46 47 48 49 50 51
 52 53 54 55 56 57 58 59 60 61 62 63 64 65 66 67 68 69 70 71 72 73 74 75
 76 77 78 79 80]
[2024-08-07 17:16:00,727][func.train][INFO] - [DATASET] split: test video_indices: [63]
[2024-08-07 17:16:00,824][func.train][INFO] - [DATASET] test size: 85826
[2024-08-07 17:16:00,824][func.train][INFO] - [DATASET] test video_indices: [63]
[2024-08-07 17:16:00,824][func.train][INFO] - [DATASET] video_idx: 63
[2024-08-07 17:16:00,842][func.train][INFO] - [DATASET] Sampled video_idx: 63 at 25 fps to 3433 frames
[2024-08-07 17:16:00,843][func.train][INFO] - [DATASET] video 63 phase_labels: torch.Size([3433])
[2024-08-07 17:16:00,934][func.train][INFO] - [DATASET] gt_remaining_time h=3: torch.Size([3433, 8])
[2024-08-07 17:16:00,935][func.train][INFO] - 

[2024-08-07 17:16:00,935][func.train][INFO] - [DATASET] number of test videos: 1
[2024-08-07 17:16:00,935][func.train][INFO] - [DATASET] avg video length: 57.22 minutes
[2024-08-07 17:16:02,645][func.train][INFO] - [DATASET] df unique videos: [1 2 3 4 5 6 7 8 9 10 11 12 13 14 15 16 17 18 19 20 21 22 23 24 25 26 27
 28 29 30 31 32 33 34 35 36 37 38 39 40 41 42 43 44 45 46 47 48 49 50 51
 52 53 54 55 56 57 58 59 60 61 62 63 64 65 66 67 68 69 70 71 72 73 74 75
 76 77 78 79 80]
[2024-08-07 17:16:02,646][func.train][INFO] - [DATASET] split: test video_indices: [64]
[2024-08-07 17:16:02,726][func.train][INFO] - [DATASET] test size: 59951
[2024-08-07 17:16:02,726][func.train][INFO] - [DATASET] test video_indices: [64]
[2024-08-07 17:16:02,727][func.train][INFO] - [DATASET] video_idx: 64
[2024-08-07 17:16:02,739][func.train][INFO] - [DATASET] Sampled video_idx: 64 at 25 fps to 2398 frames
[2024-08-07 17:16:02,739][func.train][INFO] - [DATASET] video 64 phase_labels: torch.Size([2398])
[2024-08-07 17:16:02,806][func.train][INFO] - [DATASET] gt_remaining_time h=3: torch.Size([2398, 8])
[2024-08-07 17:16:02,807][func.train][INFO] - 

[2024-08-07 17:16:02,807][func.train][INFO] - [DATASET] number of test videos: 1
[2024-08-07 17:16:02,807][func.train][INFO] - [DATASET] avg video length: 39.97 minutes
[2024-08-07 17:16:04,541][func.train][INFO] - [DATASET] df unique videos: [1 2 3 4 5 6 7 8 9 10 11 12 13 14 15 16 17 18 19 20 21 22 23 24 25 26 27
 28 29 30 31 32 33 34 35 36 37 38 39 40 41 42 43 44 45 46 47 48 49 50 51
 52 53 54 55 56 57 58 59 60 61 62 63 64 65 66 67 68 69 70 71 72 73 74 75
 76 77 78 79 80]
[2024-08-07 17:16:04,542][func.train][INFO] - [DATASET] split: test video_indices: [65]
[2024-08-07 17:16:04,621][func.train][INFO] - [DATASET] test size: 46826
[2024-08-07 17:16:04,621][func.train][INFO] - [DATASET] test video_indices: [65]
[2024-08-07 17:16:04,621][func.train][INFO] - [DATASET] video_idx: 65
[2024-08-07 17:16:04,630][func.train][INFO] - [DATASET] Sampled video_idx: 65 at 25 fps to 1873 frames
[2024-08-07 17:16:04,630][func.train][INFO] - [DATASET] video 65 phase_labels: torch.Size([1873])
[2024-08-07 17:16:04,687][func.train][INFO] - [DATASET] gt_remaining_time h=3: torch.Size([1873, 8])
[2024-08-07 17:16:04,687][func.train][INFO] - 

[2024-08-07 17:16:04,687][func.train][INFO] - [DATASET] number of test videos: 1
[2024-08-07 17:16:04,688][func.train][INFO] - [DATASET] avg video length: 31.22 minutes
[2024-08-07 17:16:06,371][func.train][INFO] - [DATASET] df unique videos: [1 2 3 4 5 6 7 8 9 10 11 12 13 14 15 16 17 18 19 20 21 22 23 24 25 26 27
 28 29 30 31 32 33 34 35 36 37 38 39 40 41 42 43 44 45 46 47 48 49 50 51
 52 53 54 55 56 57 58 59 60 61 62 63 64 65 66 67 68 69 70 71 72 73 74 75
 76 77 78 79 80]
[2024-08-07 17:16:06,371][func.train][INFO] - [DATASET] split: test video_indices: [66]
[2024-08-07 17:16:06,458][func.train][INFO] - [DATASET] test size: 45601
[2024-08-07 17:16:06,459][func.train][INFO] - [DATASET] test video_indices: [66]
[2024-08-07 17:16:06,459][func.train][INFO] - [DATASET] video_idx: 66
[2024-08-07 17:16:06,469][func.train][INFO] - [DATASET] Sampled video_idx: 66 at 25 fps to 1824 frames
[2024-08-07 17:16:06,469][func.train][INFO] - [DATASET] video 66 phase_labels: torch.Size([1824])
[2024-08-07 17:16:06,534][func.train][INFO] - [DATASET] gt_remaining_time h=3: torch.Size([1824, 8])
[2024-08-07 17:16:06,534][func.train][INFO] - 

[2024-08-07 17:16:06,535][func.train][INFO] - [DATASET] number of test videos: 1
[2024-08-07 17:16:06,535][func.train][INFO] - [DATASET] avg video length: 30.40 minutes
[2024-08-07 17:16:08,127][func.train][INFO] - [DATASET] df unique videos: [1 2 3 4 5 6 7 8 9 10 11 12 13 14 15 16 17 18 19 20 21 22 23 24 25 26 27
 28 29 30 31 32 33 34 35 36 37 38 39 40 41 42 43 44 45 46 47 48 49 50 51
 52 53 54 55 56 57 58 59 60 61 62 63 64 65 66 67 68 69 70 71 72 73 74 75
 76 77 78 79 80]
[2024-08-07 17:16:08,127][func.train][INFO] - [DATASET] split: test video_indices: [67]
[2024-08-07 17:16:08,206][func.train][INFO] - [DATASET] test size: 58826
[2024-08-07 17:16:08,206][func.train][INFO] - [DATASET] test video_indices: [67]
[2024-08-07 17:16:08,207][func.train][INFO] - [DATASET] video_idx: 67
[2024-08-07 17:16:08,218][func.train][INFO] - [DATASET] Sampled video_idx: 67 at 25 fps to 2353 frames
[2024-08-07 17:16:08,219][func.train][INFO] - [DATASET] video 67 phase_labels: torch.Size([2353])
[2024-08-07 17:16:08,288][func.train][INFO] - [DATASET] gt_remaining_time h=3: torch.Size([2353, 8])
[2024-08-07 17:16:08,288][func.train][INFO] - 

[2024-08-07 17:16:08,288][func.train][INFO] - [DATASET] number of test videos: 1
[2024-08-07 17:16:08,288][func.train][INFO] - [DATASET] avg video length: 39.22 minutes
[2024-08-07 17:16:09,972][func.train][INFO] - [DATASET] df unique videos: [1 2 3 4 5 6 7 8 9 10 11 12 13 14 15 16 17 18 19 20 21 22 23 24 25 26 27
 28 29 30 31 32 33 34 35 36 37 38 39 40 41 42 43 44 45 46 47 48 49 50 51
 52 53 54 55 56 57 58 59 60 61 62 63 64 65 66 67 68 69 70 71 72 73 74 75
 76 77 78 79 80]
[2024-08-07 17:16:09,973][func.train][INFO] - [DATASET] split: test video_indices: [68]
[2024-08-07 17:16:10,066][func.train][INFO] - [DATASET] test size: 49301
[2024-08-07 17:16:10,067][func.train][INFO] - [DATASET] test video_indices: [68]
[2024-08-07 17:16:10,067][func.train][INFO] - [DATASET] video_idx: 68
[2024-08-07 17:16:10,077][func.train][INFO] - [DATASET] Sampled video_idx: 68 at 25 fps to 1972 frames
[2024-08-07 17:16:10,078][func.train][INFO] - [DATASET] video 68 phase_labels: torch.Size([1972])
[2024-08-07 17:16:10,147][func.train][INFO] - [DATASET] gt_remaining_time h=3: torch.Size([1972, 8])
[2024-08-07 17:16:10,147][func.train][INFO] - 

[2024-08-07 17:16:10,147][func.train][INFO] - [DATASET] number of test videos: 1
[2024-08-07 17:16:10,148][func.train][INFO] - [DATASET] avg video length: 32.87 minutes
[2024-08-07 17:16:11,798][func.train][INFO] - [DATASET] df unique videos: [1 2 3 4 5 6 7 8 9 10 11 12 13 14 15 16 17 18 19 20 21 22 23 24 25 26 27
 28 29 30 31 32 33 34 35 36 37 38 39 40 41 42 43 44 45 46 47 48 49 50 51
 52 53 54 55 56 57 58 59 60 61 62 63 64 65 66 67 68 69 70 71 72 73 74 75
 76 77 78 79 80]
[2024-08-07 17:16:11,798][func.train][INFO] - [DATASET] split: test video_indices: [69]
[2024-08-07 17:16:11,907][func.train][INFO] - [DATASET] test size: 114376
[2024-08-07 17:16:11,907][func.train][INFO] - [DATASET] test video_indices: [69]
[2024-08-07 17:16:11,908][func.train][INFO] - [DATASET] video_idx: 69
[2024-08-07 17:16:11,932][func.train][INFO] - [DATASET] Sampled video_idx: 69 at 25 fps to 4575 frames
[2024-08-07 17:16:11,933][func.train][INFO] - [DATASET] video 69 phase_labels: torch.Size([4575])
[2024-08-07 17:16:12,046][func.train][INFO] - [DATASET] gt_remaining_time h=3: torch.Size([4575, 8])
[2024-08-07 17:16:12,046][func.train][INFO] - 

[2024-08-07 17:16:12,046][func.train][INFO] - [DATASET] number of test videos: 1
[2024-08-07 17:16:12,047][func.train][INFO] - [DATASET] avg video length: 76.25 minutes
[2024-08-07 17:16:13,695][func.train][INFO] - [DATASET] df unique videos: [1 2 3 4 5 6 7 8 9 10 11 12 13 14 15 16 17 18 19 20 21 22 23 24 25 26 27
 28 29 30 31 32 33 34 35 36 37 38 39 40 41 42 43 44 45 46 47 48 49 50 51
 52 53 54 55 56 57 58 59 60 61 62 63 64 65 66 67 68 69 70 71 72 73 74 75
 76 77 78 79 80]
[2024-08-07 17:16:13,695][func.train][INFO] - [DATASET] split: test video_indices: [70]
[2024-08-07 17:16:13,768][func.train][INFO] - [DATASET] test size: 29851
[2024-08-07 17:16:13,768][func.train][INFO] - [DATASET] test video_indices: [70]
[2024-08-07 17:16:13,768][func.train][INFO] - [DATASET] video_idx: 70
[2024-08-07 17:16:13,774][func.train][INFO] - [DATASET] Sampled video_idx: 70 at 25 fps to 1194 frames
[2024-08-07 17:16:13,775][func.train][INFO] - [DATASET] video 70 phase_labels: torch.Size([1194])
[2024-08-07 17:16:13,823][func.train][INFO] - [DATASET] gt_remaining_time h=3: torch.Size([1194, 8])
[2024-08-07 17:16:13,824][func.train][INFO] - 

[2024-08-07 17:16:13,824][func.train][INFO] - [DATASET] number of test videos: 1
[2024-08-07 17:16:13,824][func.train][INFO] - [DATASET] avg video length: 19.90 minutes
[2024-08-07 17:16:15,489][func.train][INFO] - [DATASET] df unique videos: [1 2 3 4 5 6 7 8 9 10 11 12 13 14 15 16 17 18 19 20 21 22 23 24 25 26 27
 28 29 30 31 32 33 34 35 36 37 38 39 40 41 42 43 44 45 46 47 48 49 50 51
 52 53 54 55 56 57 58 59 60 61 62 63 64 65 66 67 68 69 70 71 72 73 74 75
 76 77 78 79 80]
[2024-08-07 17:16:15,490][func.train][INFO] - [DATASET] split: test video_indices: [71]
[2024-08-07 17:16:15,581][func.train][INFO] - [DATASET] test size: 62876
[2024-08-07 17:16:15,582][func.train][INFO] - [DATASET] test video_indices: [71]
[2024-08-07 17:16:15,582][func.train][INFO] - [DATASET] video_idx: 71
[2024-08-07 17:16:15,596][func.train][INFO] - [DATASET] Sampled video_idx: 71 at 25 fps to 2515 frames
[2024-08-07 17:16:15,597][func.train][INFO] - [DATASET] video 71 phase_labels: torch.Size([2515])
[2024-08-07 17:16:15,667][func.train][INFO] - [DATASET] gt_remaining_time h=3: torch.Size([2515, 8])
[2024-08-07 17:16:15,667][func.train][INFO] - 

[2024-08-07 17:16:15,668][func.train][INFO] - [DATASET] number of test videos: 1
[2024-08-07 17:16:15,668][func.train][INFO] - [DATASET] avg video length: 41.92 minutes
[2024-08-07 17:16:17,315][func.train][INFO] - [DATASET] df unique videos: [1 2 3 4 5 6 7 8 9 10 11 12 13 14 15 16 17 18 19 20 21 22 23 24 25 26 27
 28 29 30 31 32 33 34 35 36 37 38 39 40 41 42 43 44 45 46 47 48 49 50 51
 52 53 54 55 56 57 58 59 60 61 62 63 64 65 66 67 68 69 70 71 72 73 74 75
 76 77 78 79 80]
[2024-08-07 17:16:17,315][func.train][INFO] - [DATASET] split: test video_indices: [72]
[2024-08-07 17:16:17,398][func.train][INFO] - [DATASET] test size: 77651
[2024-08-07 17:16:17,398][func.train][INFO] - [DATASET] test video_indices: [72]
[2024-08-07 17:16:17,398][func.train][INFO] - [DATASET] video_idx: 72
[2024-08-07 17:16:17,415][func.train][INFO] - [DATASET] Sampled video_idx: 72 at 25 fps to 3106 frames
[2024-08-07 17:16:17,416][func.train][INFO] - [DATASET] video 72 phase_labels: torch.Size([3106])
[2024-08-07 17:16:17,498][func.train][INFO] - [DATASET] gt_remaining_time h=3: torch.Size([3106, 8])
[2024-08-07 17:16:17,498][func.train][INFO] - 

[2024-08-07 17:16:17,499][func.train][INFO] - [DATASET] number of test videos: 1
[2024-08-07 17:16:17,499][func.train][INFO] - [DATASET] avg video length: 51.77 minutes
[2024-08-07 17:16:19,098][func.train][INFO] - [DATASET] df unique videos: [1 2 3 4 5 6 7 8 9 10 11 12 13 14 15 16 17 18 19 20 21 22 23 24 25 26 27
 28 29 30 31 32 33 34 35 36 37 38 39 40 41 42 43 44 45 46 47 48 49 50 51
 52 53 54 55 56 57 58 59 60 61 62 63 64 65 66 67 68 69 70 71 72 73 74 75
 76 77 78 79 80]
[2024-08-07 17:16:19,098][func.train][INFO] - [DATASET] split: test video_indices: [73]
[2024-08-07 17:16:19,175][func.train][INFO] - [DATASET] test size: 33901
[2024-08-07 17:16:19,175][func.train][INFO] - [DATASET] test video_indices: [73]
[2024-08-07 17:16:19,175][func.train][INFO] - [DATASET] video_idx: 73
[2024-08-07 17:16:19,183][func.train][INFO] - [DATASET] Sampled video_idx: 73 at 25 fps to 1356 frames
[2024-08-07 17:16:19,183][func.train][INFO] - [DATASET] video 73 phase_labels: torch.Size([1356])
[2024-08-07 17:16:19,238][func.train][INFO] - [DATASET] gt_remaining_time h=3: torch.Size([1356, 8])
[2024-08-07 17:16:19,238][func.train][INFO] - 

[2024-08-07 17:16:19,239][func.train][INFO] - [DATASET] number of test videos: 1
[2024-08-07 17:16:19,239][func.train][INFO] - [DATASET] avg video length: 22.60 minutes
[2024-08-07 17:16:20,855][func.train][INFO] - [DATASET] df unique videos: [1 2 3 4 5 6 7 8 9 10 11 12 13 14 15 16 17 18 19 20 21 22 23 24 25 26 27
 28 29 30 31 32 33 34 35 36 37 38 39 40 41 42 43 44 45 46 47 48 49 50 51
 52 53 54 55 56 57 58 59 60 61 62 63 64 65 66 67 68 69 70 71 72 73 74 75
 76 77 78 79 80]
[2024-08-07 17:16:20,856][func.train][INFO] - [DATASET] split: test video_indices: [74]
[2024-08-07 17:16:20,938][func.train][INFO] - [DATASET] test size: 40851
[2024-08-07 17:16:20,938][func.train][INFO] - [DATASET] test video_indices: [74]
[2024-08-07 17:16:20,939][func.train][INFO] - [DATASET] video_idx: 74
[2024-08-07 17:16:20,947][func.train][INFO] - [DATASET] Sampled video_idx: 74 at 25 fps to 1634 frames
[2024-08-07 17:16:20,947][func.train][INFO] - [DATASET] video 74 phase_labels: torch.Size([1634])
[2024-08-07 17:16:21,014][func.train][INFO] - [DATASET] gt_remaining_time h=3: torch.Size([1634, 8])
[2024-08-07 17:16:21,014][func.train][INFO] - 

[2024-08-07 17:16:21,015][func.train][INFO] - [DATASET] number of test videos: 1
[2024-08-07 17:16:21,015][func.train][INFO] - [DATASET] avg video length: 27.23 minutes
[2024-08-07 17:16:22,628][func.train][INFO] - [DATASET] df unique videos: [1 2 3 4 5 6 7 8 9 10 11 12 13 14 15 16 17 18 19 20 21 22 23 24 25 26 27
 28 29 30 31 32 33 34 35 36 37 38 39 40 41 42 43 44 45 46 47 48 49 50 51
 52 53 54 55 56 57 58 59 60 61 62 63 64 65 66 67 68 69 70 71 72 73 74 75
 76 77 78 79 80]
[2024-08-07 17:16:22,629][func.train][INFO] - [DATASET] split: test video_indices: [75]
[2024-08-07 17:16:22,711][func.train][INFO] - [DATASET] test size: 48076
[2024-08-07 17:16:22,712][func.train][INFO] - [DATASET] test video_indices: [75]
[2024-08-07 17:16:22,712][func.train][INFO] - [DATASET] video_idx: 75
[2024-08-07 17:16:22,720][func.train][INFO] - [DATASET] Sampled video_idx: 75 at 25 fps to 1923 frames
[2024-08-07 17:16:22,721][func.train][INFO] - [DATASET] video 75 phase_labels: torch.Size([1923])
[2024-08-07 17:16:22,779][func.train][INFO] - [DATASET] gt_remaining_time h=3: torch.Size([1923, 8])
[2024-08-07 17:16:22,779][func.train][INFO] - 

[2024-08-07 17:16:22,779][func.train][INFO] - [DATASET] number of test videos: 1
[2024-08-07 17:16:22,779][func.train][INFO] - [DATASET] avg video length: 32.05 minutes
[2024-08-07 17:16:24,308][func.train][INFO] - [DATASET] df unique videos: [1 2 3 4 5 6 7 8 9 10 11 12 13 14 15 16 17 18 19 20 21 22 23 24 25 26 27
 28 29 30 31 32 33 34 35 36 37 38 39 40 41 42 43 44 45 46 47 48 49 50 51
 52 53 54 55 56 57 58 59 60 61 62 63 64 65 66 67 68 69 70 71 72 73 74 75
 76 77 78 79 80]
[2024-08-07 17:16:24,309][func.train][INFO] - [DATASET] split: test video_indices: [76]
[2024-08-07 17:16:24,390][func.train][INFO] - [DATASET] test size: 66226
[2024-08-07 17:16:24,390][func.train][INFO] - [DATASET] test video_indices: [76]
[2024-08-07 17:16:24,390][func.train][INFO] - [DATASET] video_idx: 76
[2024-08-07 17:16:24,419][func.train][INFO] - [DATASET] Sampled video_idx: 76 at 25 fps to 2649 frames
[2024-08-07 17:16:24,420][func.train][INFO] - [DATASET] video 76 phase_labels: torch.Size([2649])
[2024-08-07 17:16:24,496][func.train][INFO] - [DATASET] gt_remaining_time h=3: torch.Size([2649, 8])
[2024-08-07 17:16:24,496][func.train][INFO] - 

[2024-08-07 17:16:24,497][func.train][INFO] - [DATASET] number of test videos: 1
[2024-08-07 17:16:24,497][func.train][INFO] - [DATASET] avg video length: 44.15 minutes
[2024-08-07 17:16:26,123][func.train][INFO] - [DATASET] df unique videos: [1 2 3 4 5 6 7 8 9 10 11 12 13 14 15 16 17 18 19 20 21 22 23 24 25 26 27
 28 29 30 31 32 33 34 35 36 37 38 39 40 41 42 43 44 45 46 47 48 49 50 51
 52 53 54 55 56 57 58 59 60 61 62 63 64 65 66 67 68 69 70 71 72 73 74 75
 76 77 78 79 80]
[2024-08-07 17:16:26,123][func.train][INFO] - [DATASET] split: test video_indices: [77]
[2024-08-07 17:16:26,210][func.train][INFO] - [DATASET] test size: 62551
[2024-08-07 17:16:26,210][func.train][INFO] - [DATASET] test video_indices: [77]
[2024-08-07 17:16:26,210][func.train][INFO] - [DATASET] video_idx: 77
[2024-08-07 17:16:26,222][func.train][INFO] - [DATASET] Sampled video_idx: 77 at 25 fps to 2502 frames
[2024-08-07 17:16:26,223][func.train][INFO] - [DATASET] video 77 phase_labels: torch.Size([2502])
[2024-08-07 17:16:26,299][func.train][INFO] - [DATASET] gt_remaining_time h=3: torch.Size([2502, 8])
[2024-08-07 17:16:26,299][func.train][INFO] - 

[2024-08-07 17:16:26,299][func.train][INFO] - [DATASET] number of test videos: 1
[2024-08-07 17:16:26,299][func.train][INFO] - [DATASET] avg video length: 41.70 minutes
[2024-08-07 17:16:27,926][func.train][INFO] - [DATASET] df unique videos: [1 2 3 4 5 6 7 8 9 10 11 12 13 14 15 16 17 18 19 20 21 22 23 24 25 26 27
 28 29 30 31 32 33 34 35 36 37 38 39 40 41 42 43 44 45 46 47 48 49 50 51
 52 53 54 55 56 57 58 59 60 61 62 63 64 65 66 67 68 69 70 71 72 73 74 75
 76 77 78 79 80]
[2024-08-07 17:16:27,926][func.train][INFO] - [DATASET] split: test video_indices: [78]
[2024-08-07 17:16:27,994][func.train][INFO] - [DATASET] test size: 18476
[2024-08-07 17:16:27,995][func.train][INFO] - [DATASET] test video_indices: [78]
[2024-08-07 17:16:27,995][func.train][INFO] - [DATASET] video_idx: 78
[2024-08-07 17:16:27,999][func.train][INFO] - [DATASET] Sampled video_idx: 78 at 25 fps to 739 frames
[2024-08-07 17:16:27,999][func.train][INFO] - [DATASET] video 78 phase_labels: torch.Size([739])
[2024-08-07 17:16:28,041][func.train][INFO] - [DATASET] gt_remaining_time h=3: torch.Size([739, 8])
[2024-08-07 17:16:28,042][func.train][INFO] - 

[2024-08-07 17:16:28,042][func.train][INFO] - [DATASET] number of test videos: 1
[2024-08-07 17:16:28,042][func.train][INFO] - [DATASET] avg video length: 12.32 minutes
[2024-08-07 17:16:29,576][func.train][INFO] - [DATASET] df unique videos: [1 2 3 4 5 6 7 8 9 10 11 12 13 14 15 16 17 18 19 20 21 22 23 24 25 26 27
 28 29 30 31 32 33 34 35 36 37 38 39 40 41 42 43 44 45 46 47 48 49 50 51
 52 53 54 55 56 57 58 59 60 61 62 63 64 65 66 67 68 69 70 71 72 73 74 75
 76 77 78 79 80]
[2024-08-07 17:16:29,576][func.train][INFO] - [DATASET] split: test video_indices: [79]
[2024-08-07 17:16:29,663][func.train][INFO] - [DATASET] test size: 85351
[2024-08-07 17:16:29,663][func.train][INFO] - [DATASET] test video_indices: [79]
[2024-08-07 17:16:29,663][func.train][INFO] - [DATASET] video_idx: 79
[2024-08-07 17:16:29,679][func.train][INFO] - [DATASET] Sampled video_idx: 79 at 25 fps to 3414 frames
[2024-08-07 17:16:29,680][func.train][INFO] - [DATASET] video 79 phase_labels: torch.Size([3414])
[2024-08-07 17:16:29,786][func.train][INFO] - [DATASET] gt_remaining_time h=3: torch.Size([3414, 8])
[2024-08-07 17:16:29,787][func.train][INFO] - 

[2024-08-07 17:16:29,787][func.train][INFO] - [DATASET] number of test videos: 1
[2024-08-07 17:16:29,787][func.train][INFO] - [DATASET] avg video length: 56.90 minutes
[2024-08-07 17:16:31,385][func.train][INFO] - [DATASET] df unique videos: [1 2 3 4 5 6 7 8 9 10 11 12 13 14 15 16 17 18 19 20 21 22 23 24 25 26 27
 28 29 30 31 32 33 34 35 36 37 38 39 40 41 42 43 44 45 46 47 48 49 50 51
 52 53 54 55 56 57 58 59 60 61 62 63 64 65 66 67 68 69 70 71 72 73 74 75
 76 77 78 79 80]
[2024-08-07 17:16:31,386][func.train][INFO] - [DATASET] split: test video_indices: [80]
[2024-08-07 17:16:31,456][func.train][INFO] - [DATASET] test size: 43101
[2024-08-07 17:16:31,456][func.train][INFO] - [DATASET] test video_indices: [80]
[2024-08-07 17:16:31,457][func.train][INFO] - [DATASET] video_idx: 80
[2024-08-07 17:16:31,464][func.train][INFO] - [DATASET] Sampled video_idx: 80 at 25 fps to 1724 frames
[2024-08-07 17:16:31,465][func.train][INFO] - [DATASET] video 80 phase_labels: torch.Size([1724])
[2024-08-07 17:16:31,539][func.train][INFO] - [DATASET] gt_remaining_time h=3: torch.Size([1724, 8])
[2024-08-07 17:16:31,539][func.train][INFO] - 

[2024-08-07 17:16:31,539][func.train][INFO] - [DATASET] number of test videos: 1
[2024-08-07 17:16:31,540][func.train][INFO] - [DATASET] avg video length: 28.73 minutes
[2024-08-07 17:16:31,543][func.train][INFO] - Time to load datasets: 0.98 min
[2024-08-07 17:16:31,543][func.train][INFO] - Creating data loaders
[2024-08-07 17:16:31,547][func.train][INFO] - Creating model with {'one': 7} classes
[2024-08-07 17:16:32,244][func.train][INFO] - [MAIN] Number of tokens: 136873
[2024-08-07 17:16:32,245][func.train][INFO] - [MAIN] Number of parameters: 22766816
[2024-08-07 17:16:32,245][func.train][INFO] - [MAIN] Token-to-Parameter Ratio is ideally between [1:1 to 10:1]: 0.006012
[2024-08-07 17:16:32,245][func.train][WARNING] - [MAIN] Data-to-Parameter-Ratio is outside the interval [1:1 to 10:1]
[2024-08-07 17:16:32,246][func.train][INFO] - Using LR 0.000300 WD 0.000010 for parameters
[2024-08-07 17:16:32,247][func.train][INFO] - Using LR 0.000300 WD 0.000010 for parameters
[2024-08-07 17:16:32,254][func.train][INFO] - Wrapping model into DP
[2024-08-07 17:16:32,364][func.train][INFO] - Start training
[2024-08-07 17:16:32,369][func.train][INFO] - Storing checkpoints every 60.00 mins
[2024-08-07 17:16:34,529][func.train][INFO] - [TRAINING] Step 0/2139 | Loss: 0.71 | Acc (curr_frames): 0.05 | time-left: 76.94 min
[2024-08-07 17:18:00,460][func.train][INFO] - [TRAINING] Step 100/2139 | Loss: 0.93 | Acc (curr_frames): 0.10 | time-left: 29.63 min
[2024-08-07 17:19:23,839][func.train][INFO] - [TRAINING] Step 200/2139 | Loss: 0.89 | Acc (curr_frames): 0.07 | time-left: 27.55 min
[2024-08-07 17:20:48,523][func.train][INFO] - [TRAINING] Step 300/2139 | Loss: 1.21 | Acc (curr_frames): 0.08 | time-left: 26.07 min
[2024-08-07 17:22:19,245][func.train][INFO] - [TRAINING] Step 400/2139 | Loss: 0.69 | Acc (curr_frames): 0.13 | time-left: 25.06 min
[2024-08-07 17:23:47,751][func.train][INFO] - [TRAINING] Step 500/2139 | Loss: 0.80 | Acc (curr_frames): 0.15 | time-left: 23.72 min
[2024-08-07 17:25:14,790][func.train][INFO] - [TRAINING] Step 600/2139 | Loss: 0.81 | Acc (curr_frames): 0.17 | time-left: 22.28 min
[2024-08-07 17:26:41,488][func.train][INFO] - [TRAINING] Step 700/2139 | Loss: 0.86 | Acc (curr_frames): 0.19 | time-left: 20.83 min
[2024-08-07 17:28:07,766][func.train][INFO] - [TRAINING] Step 800/2139 | Loss: 0.89 | Acc (curr_frames): 0.16 | time-left: 19.36 min
[2024-08-07 17:29:33,221][func.train][INFO] - [TRAINING] Step 900/2139 | Loss: 0.78 | Acc (curr_frames): 0.12 | time-left: 17.88 min
[2024-08-07 17:30:57,868][func.train][INFO] - [TRAINING] Step 1000/2139 | Loss: 0.72 | Acc (curr_frames): 0.17 | time-left: 16.40 min
[2024-08-07 17:32:22,279][func.train][INFO] - [TRAINING] Step 1100/2139 | Loss: 0.80 | Acc (curr_frames): 0.22 | time-left: 14.93 min
[2024-08-07 17:33:50,623][func.train][INFO] - [TRAINING] Step 1200/2139 | Loss: 0.83 | Acc (curr_frames): 0.18 | time-left: 13.51 min
[2024-08-07 17:35:16,232][func.train][INFO] - [TRAINING] Step 1300/2139 | Loss: 0.85 | Acc (curr_frames): 0.25 | time-left: 12.07 min
