[2024-04-23 18:37:30,998][func.train][INFO] - Dist info:
[2024-04-23 18:37:30,998][func.train][INFO] - torch version: 2.2.2+cu121
[2024-04-23 18:37:30,999][func.train][INFO] - torchvision version: 0.17.2+cu121
[2024-04-23 18:37:30,999][func.train][INFO] - hydra version: 1.3.2
[2024-04-23 18:37:31,006][func.train][INFO] - Loading data
[2024-04-23 18:37:31,006][func.train][INFO] - Loading datasets
[2024-04-23 18:37:37,354][func.train][INFO] - [DATASET] ALL loaded dataframe in 0m 6s
[2024-04-23 18:37:37,355][func.train][INFO] - [DATASET] ALL loaded dataframe: (4612530, 11)
[2024-04-23 18:37:37,951][func.train][INFO] - [DATASET] params: {'debug': False, 'dataset_name': 'cholec80', 'reduc_feats_folder': 'train_targets_x_mp/', 'num_classes': 7, 'num_next_labels': 6, 'last_seg_class': 7, 'predict_next_phase': True, 'get_target_feats': False, 'replace_current_with_next_class': False}
[2024-04-23 18:37:41,348][func.train][INFO] - [DATASET] train size: 2157640
[2024-04-23 18:37:41,348][func.train][INFO] - [DATASET] train video_indices: [1, 2, 3, 4, 5, 6, 7, 8, 9, 10, 11, 12, 13, 14, 15, 16, 17, 18, 19, 20, 21, 22, 23, 24, 25, 26, 27, 28, 29, 30, 31, 32, 33, 34, 35, 36, 37, 38, 39, 40]
[2024-04-23 18:37:41,450][func.train][INFO] - [DATASET] Sampling video_idx: 1 at 25 fps to 1733 frames
[2024-04-23 18:37:41,848][func.train][INFO] - [DATASET] Sampling video_idx: 2 at 25 fps to 2839 frames
[2024-04-23 18:37:42,006][func.train][INFO] - [DATASET] Sampling video_idx: 3 at 25 fps to 5828 frames
[2024-04-23 18:37:42,180][func.train][INFO] - [DATASET] Sampling video_idx: 4 at 25 fps to 1522 frames
[2024-04-23 18:37:42,301][func.train][INFO] - [DATASET] Sampling video_idx: 5 at 25 fps to 2344 frames
[2024-04-23 18:37:42,439][func.train][INFO] - [DATASET] Sampling video_idx: 6 at 25 fps to 2153 frames
[2024-04-23 18:37:42,562][func.train][INFO] - [DATASET] Sampling video_idx: 7 at 25 fps to 4557 frames
[2024-04-23 18:37:42,725][func.train][INFO] - [DATASET] Sampling video_idx: 8 at 25 fps to 1519 frames
[2024-04-23 18:37:42,862][func.train][INFO] - [DATASET] Sampling video_idx: 9 at 25 fps to 2702 frames
[2024-04-23 18:37:43,006][func.train][INFO] - [DATASET] Sampling video_idx: 10 at 25 fps to 1749 frames
[2024-04-23 18:37:43,143][func.train][INFO] - [DATASET] Sampling video_idx: 11 at 25 fps to 3220 frames
[2024-04-23 18:37:43,293][func.train][INFO] - [DATASET] Sampling video_idx: 12 at 25 fps to 1090 frames
[2024-04-23 18:37:43,409][func.train][INFO] - [DATASET] Sampling video_idx: 13 at 25 fps to 981 frames
[2024-04-23 18:37:43,531][func.train][INFO] - [DATASET] Sampling video_idx: 14 at 25 fps to 1708 frames
[2024-04-23 18:37:43,653][func.train][INFO] - [DATASET] Sampling video_idx: 15 at 25 fps to 2058 frames
[2024-04-23 18:37:43,793][func.train][INFO] - [DATASET] Sampling video_idx: 16 at 25 fps to 2957 frames
[2024-04-23 18:37:43,940][func.train][INFO] - [DATASET] Sampling video_idx: 17 at 25 fps to 1304 frames
[2024-04-23 18:37:44,069][func.train][INFO] - [DATASET] Sampling video_idx: 18 at 25 fps to 1942 frames
[2024-04-23 18:37:44,210][func.train][INFO] - [DATASET] Sampling video_idx: 19 at 25 fps to 2424 frames
[2024-04-23 18:37:44,347][func.train][INFO] - [DATASET] Sampling video_idx: 20 at 25 fps to 1449 frames
[2024-04-23 18:37:44,462][func.train][INFO] - [DATASET] Sampling video_idx: 21 at 25 fps to 1258 frames
[2024-04-23 18:37:44,577][func.train][INFO] - [DATASET] Sampling video_idx: 22 at 25 fps to 1532 frames
[2024-04-23 18:37:44,715][func.train][INFO] - [DATASET] Sampling video_idx: 23 at 25 fps to 1635 frames
[2024-04-23 18:37:44,841][func.train][INFO] - [DATASET] Sampling video_idx: 24 at 25 fps to 1975 frames
[2024-04-23 18:37:44,968][func.train][INFO] - [DATASET] Sampling video_idx: 25 at 25 fps to 2129 frames
[2024-04-23 18:37:45,110][func.train][INFO] - [DATASET] Sampling video_idx: 26 at 25 fps to 1773 frames
[2024-04-23 18:37:45,234][func.train][INFO] - [DATASET] Sampling video_idx: 27 at 25 fps to 2084 frames
[2024-04-23 18:37:45,358][func.train][INFO] - [DATASET] Sampling video_idx: 28 at 25 fps to 1199 frames
[2024-04-23 18:37:45,482][func.train][INFO] - [DATASET] Sampling video_idx: 29 at 25 fps to 2350 frames
[2024-04-23 18:37:45,630][func.train][INFO] - [DATASET] Sampling video_idx: 30 at 25 fps to 2925 frames
[2024-04-23 18:37:45,777][func.train][INFO] - [DATASET] Sampling video_idx: 31 at 25 fps to 3945 frames
[2024-04-23 18:37:45,932][func.train][INFO] - [DATASET] Sampling video_idx: 32 at 25 fps to 2116 frames
[2024-04-23 18:37:46,079][func.train][INFO] - [DATASET] Sampling video_idx: 33 at 25 fps to 1307 frames
[2024-04-23 18:37:46,228][func.train][INFO] - [DATASET] Sampling video_idx: 34 at 25 fps to 1323 frames
[2024-04-23 18:37:46,343][func.train][INFO] - [DATASET] Sampling video_idx: 35 at 25 fps to 2106 frames
[2024-04-23 18:37:46,485][func.train][INFO] - [DATASET] Sampling video_idx: 36 at 25 fps to 2387 frames
[2024-04-23 18:37:46,653][func.train][INFO] - [DATASET] Sampling video_idx: 37 at 25 fps to 1232 frames
[2024-04-23 18:37:46,789][func.train][INFO] - [DATASET] Sampling video_idx: 38 at 25 fps to 3080 frames
[2024-04-23 18:37:46,926][func.train][INFO] - [DATASET] Sampling video_idx: 39 at 25 fps to 1647 frames
[2024-04-23 18:37:47,046][func.train][INFO] - [DATASET] Sampling video_idx: 40 at 25 fps to 2222 frames
[2024-04-23 18:37:47,907][func.train][INFO] - [DATASET] classes_counts: {0: 93902, 1: 922150, 2: 183225, 3: 602975, 4: 92900, 5: 180478, 6: 82010}
[2024-04-23 18:37:47,919][func.train][INFO] - [DATASET] class_weights: tensor([0.3342, 1.6821, 0.5112, 3.3171, 1.7077, 3.7575, 3.2818])
[2024-04-23 18:37:50,042][func.train][INFO] - [DATASET] test size: 77576
[2024-04-23 18:37:50,042][func.train][INFO] - [DATASET] test video_indices: [41]
[2024-04-23 18:37:50,055][func.train][INFO] - [DATASET] Sampling video_idx: 41 at 25 fps to 3103 frames
[2024-04-23 18:37:53,603][func.train][INFO] - [DATASET] test size: 92801
[2024-04-23 18:37:53,603][func.train][INFO] - [DATASET] test video_indices: [42]
[2024-04-23 18:37:53,620][func.train][INFO] - [DATASET] Sampling video_idx: 42 at 25 fps to 3712 frames
[2024-04-23 18:37:57,277][func.train][INFO] - [DATASET] test size: 59051
[2024-04-23 18:37:57,278][func.train][INFO] - [DATASET] test video_indices: [43]
[2024-04-23 18:37:57,288][func.train][INFO] - [DATASET] Sampling video_idx: 43 at 25 fps to 2362 frames
[2024-04-23 18:37:59,046][func.train][INFO] - [DATASET] test size: 78176
[2024-04-23 18:37:59,046][func.train][INFO] - [DATASET] test video_indices: [44]
[2024-04-23 18:37:59,061][func.train][INFO] - [DATASET] Sampling video_idx: 44 at 25 fps to 3127 frames
[2024-04-23 18:38:00,837][func.train][INFO] - [DATASET] test size: 84676
[2024-04-23 18:38:00,838][func.train][INFO] - [DATASET] test video_indices: [45]
[2024-04-23 18:38:00,862][func.train][INFO] - [DATASET] Sampling video_idx: 45 at 25 fps to 3387 frames
[2024-04-23 18:38:04,618][func.train][INFO] - [DATASET] test size: 41326
[2024-04-23 18:38:04,619][func.train][INFO] - [DATASET] test video_indices: [46]
[2024-04-23 18:38:04,626][func.train][INFO] - [DATASET] Sampling video_idx: 46 at 25 fps to 1653 frames
[2024-04-23 18:38:06,910][func.train][INFO] - [DATASET] test size: 56476
[2024-04-23 18:38:06,910][func.train][INFO] - [DATASET] test video_indices: [47]
[2024-04-23 18:38:06,933][func.train][INFO] - [DATASET] Sampling video_idx: 47 at 25 fps to 2259 frames
[2024-04-23 18:38:08,748][func.train][INFO] - [DATASET] test size: 45851
[2024-04-23 18:38:08,749][func.train][INFO] - [DATASET] test video_indices: [48]
[2024-04-23 18:38:08,756][func.train][INFO] - [DATASET] Sampling video_idx: 48 at 25 fps to 1834 frames
[2024-04-23 18:38:10,464][func.train][INFO] - [DATASET] test size: 41776
[2024-04-23 18:38:10,464][func.train][INFO] - [DATASET] test video_indices: [49]
[2024-04-23 18:38:10,471][func.train][INFO] - [DATASET] Sampling video_idx: 49 at 25 fps to 1671 frames
[2024-04-23 18:38:12,815][func.train][INFO] - [DATASET] test size: 27351
[2024-04-23 18:38:12,815][func.train][INFO] - [DATASET] test video_indices: [50]
[2024-04-23 18:38:12,821][func.train][INFO] - [DATASET] Sampling video_idx: 50 at 25 fps to 1094 frames
[2024-04-23 18:38:15,085][func.train][INFO] - [DATASET] test size: 73601
[2024-04-23 18:38:15,086][func.train][INFO] - [DATASET] test video_indices: [51]
[2024-04-23 18:38:15,097][func.train][INFO] - [DATASET] Sampling video_idx: 51 at 25 fps to 2944 frames
[2024-04-23 18:38:16,776][func.train][INFO] - [DATASET] test size: 49151
[2024-04-23 18:38:16,777][func.train][INFO] - [DATASET] test video_indices: [52]
[2024-04-23 18:38:16,785][func.train][INFO] - [DATASET] Sampling video_idx: 52 at 25 fps to 1966 frames
[2024-04-23 18:38:21,042][func.train][INFO] - [DATASET] test size: 82076
[2024-04-23 18:38:21,042][func.train][INFO] - [DATASET] test video_indices: [53]
[2024-04-23 18:38:21,056][func.train][INFO] - [DATASET] Sampling video_idx: 53 at 25 fps to 3283 frames
[2024-04-23 18:38:22,771][func.train][INFO] - [DATASET] test size: 77501
[2024-04-23 18:38:22,771][func.train][INFO] - [DATASET] test video_indices: [54]
[2024-04-23 18:38:22,784][func.train][INFO] - [DATASET] Sampling video_idx: 54 at 25 fps to 3100 frames
[2024-04-23 18:38:24,824][func.train][INFO] - [DATASET] test size: 25926
[2024-04-23 18:38:24,825][func.train][INFO] - [DATASET] test video_indices: [55]
[2024-04-23 18:38:24,830][func.train][INFO] - [DATASET] Sampling video_idx: 55 at 25 fps to 1037 frames
[2024-04-23 18:38:26,604][func.train][INFO] - [DATASET] test size: 45851
[2024-04-23 18:38:26,605][func.train][INFO] - [DATASET] test video_indices: [56]
[2024-04-23 18:38:26,624][func.train][INFO] - [DATASET] Sampling video_idx: 56 at 25 fps to 1834 frames
[2024-04-23 18:38:30,298][func.train][INFO] - [DATASET] test size: 65801
[2024-04-23 18:38:30,299][func.train][INFO] - [DATASET] test video_indices: [57]
[2024-04-23 18:38:30,312][func.train][INFO] - [DATASET] Sampling video_idx: 57 at 25 fps to 2632 frames
[2024-04-23 18:38:32,440][func.train][INFO] - [DATASET] test size: 149826
[2024-04-23 18:38:32,440][func.train][INFO] - [DATASET] test video_indices: [58]
[2024-04-23 18:38:32,471][func.train][INFO] - [DATASET] Sampling video_idx: 58 at 25 fps to 5993 frames
[2024-04-23 18:38:34,196][func.train][INFO] - [DATASET] test size: 26151
[2024-04-23 18:38:34,196][func.train][INFO] - [DATASET] test video_indices: [59]
[2024-04-23 18:38:34,201][func.train][INFO] - [DATASET] Sampling video_idx: 59 at 25 fps to 1046 frames
[2024-04-23 18:38:37,124][func.train][INFO] - [DATASET] test size: 63301
[2024-04-23 18:38:37,124][func.train][INFO] - [DATASET] test video_indices: [60]
[2024-04-23 18:38:37,135][func.train][INFO] - [DATASET] Sampling video_idx: 60 at 25 fps to 2532 frames
[2024-04-23 18:38:39,219][func.train][INFO] - [DATASET] test size: 110226
[2024-04-23 18:38:39,220][func.train][INFO] - [DATASET] test video_indices: [61]
[2024-04-23 18:38:39,237][func.train][INFO] - [DATASET] Sampling video_idx: 61 at 25 fps to 4409 frames
[2024-04-23 18:38:42,383][func.train][INFO] - [DATASET] test size: 50801
[2024-04-23 18:38:42,383][func.train][INFO] - [DATASET] test video_indices: [62]
[2024-04-23 18:38:42,402][func.train][INFO] - [DATASET] Sampling video_idx: 62 at 25 fps to 2032 frames
[2024-04-23 18:38:45,312][func.train][INFO] - [DATASET] test size: 85826
[2024-04-23 18:38:45,312][func.train][INFO] - [DATASET] test video_indices: [63]
[2024-04-23 18:38:45,327][func.train][INFO] - [DATASET] Sampling video_idx: 63 at 25 fps to 3433 frames
[2024-04-23 18:38:48,139][func.train][INFO] - [DATASET] test size: 59951
[2024-04-23 18:38:48,139][func.train][INFO] - [DATASET] test video_indices: [64]
[2024-04-23 18:38:48,150][func.train][INFO] - [DATASET] Sampling video_idx: 64 at 25 fps to 2398 frames
[2024-04-23 18:38:49,942][func.train][INFO] - [DATASET] test size: 46826
[2024-04-23 18:38:49,945][func.train][INFO] - [DATASET] test video_indices: [65]
[2024-04-23 18:38:49,958][func.train][INFO] - [DATASET] Sampling video_idx: 65 at 25 fps to 1873 frames
[2024-04-23 18:38:51,555][func.train][INFO] - [DATASET] test size: 45601
[2024-04-23 18:38:51,555][func.train][INFO] - [DATASET] test video_indices: [66]
[2024-04-23 18:38:51,564][func.train][INFO] - [DATASET] Sampling video_idx: 66 at 25 fps to 1824 frames
[2024-04-23 18:38:54,432][func.train][INFO] - [DATASET] test size: 58826
[2024-04-23 18:38:54,432][func.train][INFO] - [DATASET] test video_indices: [67]
[2024-04-23 18:38:54,443][func.train][INFO] - [DATASET] Sampling video_idx: 67 at 25 fps to 2353 frames
[2024-04-23 18:38:56,236][func.train][INFO] - [DATASET] test size: 49301
[2024-04-23 18:38:56,237][func.train][INFO] - [DATASET] test video_indices: [68]
[2024-04-23 18:38:56,254][func.train][INFO] - [DATASET] Sampling video_idx: 68 at 25 fps to 1972 frames
[2024-04-23 18:38:57,830][func.train][INFO] - [DATASET] test size: 114376
[2024-04-23 18:38:57,830][func.train][INFO] - [DATASET] test video_indices: [69]
[2024-04-23 18:38:57,851][func.train][INFO] - [DATASET] Sampling video_idx: 69 at 25 fps to 4575 frames
[2024-04-23 18:39:01,538][func.train][INFO] - [DATASET] test size: 29851
[2024-04-23 18:39:01,538][func.train][INFO] - [DATASET] test video_indices: [70]
[2024-04-23 18:39:01,543][func.train][INFO] - [DATASET] Sampling video_idx: 70 at 25 fps to 1194 frames
[2024-04-23 18:39:03,509][func.train][INFO] - [DATASET] test size: 62876
[2024-04-23 18:39:03,509][func.train][INFO] - [DATASET] test video_indices: [71]
[2024-04-23 18:39:03,520][func.train][INFO] - [DATASET] Sampling video_idx: 71 at 25 fps to 2515 frames
[2024-04-23 18:39:05,298][func.train][INFO] - [DATASET] test size: 77651
[2024-04-23 18:39:05,298][func.train][INFO] - [DATASET] test video_indices: [72]
[2024-04-23 18:39:05,318][func.train][INFO] - [DATASET] Sampling video_idx: 72 at 25 fps to 3106 frames
[2024-04-23 18:39:09,572][func.train][INFO] - [DATASET] test size: 33901
[2024-04-23 18:39:09,573][func.train][INFO] - [DATASET] test video_indices: [73]
[2024-04-23 18:39:09,579][func.train][INFO] - [DATASET] Sampling video_idx: 73 at 25 fps to 1356 frames
[2024-04-23 18:39:14,531][func.train][INFO] - [DATASET] test size: 40851
[2024-04-23 18:39:14,532][func.train][INFO] - [DATASET] test video_indices: [74]
[2024-04-23 18:39:14,540][func.train][INFO] - [DATASET] Sampling video_idx: 74 at 25 fps to 1634 frames
[2024-04-23 18:39:16,446][func.train][INFO] - [DATASET] test size: 48076
[2024-04-23 18:39:16,447][func.train][INFO] - [DATASET] test video_indices: [75]
[2024-04-23 18:39:16,456][func.train][INFO] - [DATASET] Sampling video_idx: 75 at 25 fps to 1923 frames
[2024-04-23 18:39:18,422][func.train][INFO] - [DATASET] test size: 66226
[2024-04-23 18:39:18,422][func.train][INFO] - [DATASET] test video_indices: [76]
[2024-04-23 18:39:18,434][func.train][INFO] - [DATASET] Sampling video_idx: 76 at 25 fps to 2649 frames
[2024-04-23 18:39:20,330][func.train][INFO] - [DATASET] test size: 62551
[2024-04-23 18:39:20,330][func.train][INFO] - [DATASET] test video_indices: [77]
[2024-04-23 18:39:20,353][func.train][INFO] - [DATASET] Sampling video_idx: 77 at 25 fps to 2502 frames
[2024-04-23 18:39:22,097][func.train][INFO] - [DATASET] test size: 18476
[2024-04-23 18:39:22,097][func.train][INFO] - [DATASET] test video_indices: [78]
[2024-04-23 18:39:22,100][func.train][INFO] - [DATASET] Sampling video_idx: 78 at 25 fps to 739 frames
[2024-04-23 18:39:23,619][func.train][INFO] - [DATASET] test size: 85351
[2024-04-23 18:39:23,619][func.train][INFO] - [DATASET] test video_indices: [79]
[2024-04-23 18:39:23,633][func.train][INFO] - [DATASET] Sampling video_idx: 79 at 25 fps to 3414 frames
[2024-04-23 18:39:26,074][func.train][INFO] - [DATASET] test size: 43101
[2024-04-23 18:39:26,075][func.train][INFO] - [DATASET] test video_indices: [80]
[2024-04-23 18:39:26,082][func.train][INFO] - [DATASET] Sampling video_idx: 80 at 25 fps to 1724 frames
[2024-04-23 18:39:26,159][func.train][INFO] - Time to load datasets: 1.92 min
[2024-04-23 18:39:26,159][func.train][INFO] - Creating data loaders
[2024-04-23 18:39:26,162][func.train][INFO] - Creating model with {'one': 7} classes
[2024-04-23 18:39:27,050][func.train][INFO] - [MAIN] Number of tokens: 86304
[2024-04-23 18:39:27,050][func.train][INFO] - [MAIN] Number of parameters: 9914581
[2024-04-23 18:39:27,050][func.train][INFO] - [MAIN] Token-to-Parameter Ratio is ideally between [1:1 to 10:1]: 0.008705
[2024-04-23 18:39:27,051][func.train][WARNING] - [MAIN] Data-to-Parameter-Ratio is outside the interval [1:1 to 10:1]
[2024-04-23 18:39:27,051][func.train][INFO] - Using LR 0.000300 WD 0.000010 for parameters
[2024-04-23 18:39:27,051][func.train][INFO] - Using LR 0.000300 WD 0.000010 for parameters
[2024-04-23 18:39:27,057][func.train][INFO] - Wrapping model into DP
[2024-04-23 18:39:27,202][func.train][INFO] - Start training
[2024-04-23 18:39:27,205][func.train][INFO] - Storing checkpoints every 60.00 mins
[2024-04-23 18:39:28,271][func.train][INFO] - [TRAINING] Step 0/10788 | Loss: 2.88 | Acc (curr_frames): 0.04 | Acc (next_frames): 0.13 | time-left: 191.50 min
[2024-04-23 18:39:33,947][func.train][INFO] - [TRAINING] Step 100/10788 | Loss: 2.99 | Acc (curr_frames): 0.26 | Acc (next_frames): 0.29 | time-left: 11.89 min
