[2024-11-07 13:23:53,027][func.train][INFO] - Dist info:
[2024-11-07 13:23:53,027][func.train][INFO] - torch version: 2.2.2+cu121
[2024-11-07 13:23:53,028][func.train][INFO] - torchvision version: 0.17.2+cu121
[2024-11-07 13:23:53,028][func.train][INFO] - hydra version: 1.3.2
[2024-11-07 13:23:53,032][func.train][INFO] - [MAIN] eval horizons for regression: [5]
[2024-11-07 13:23:53,032][func.train][INFO] - Loading data
[2024-11-07 13:23:53,032][func.train][INFO] - Loading datasets
[2024-11-07 13:23:55,247][func.train][INFO] - [SELECT DATASET] ALL loaded dataframe in 0m 2s
[2024-11-07 13:23:55,247][func.train][INFO] - [SELECT DATASET] ALL loaded dataframe: (4612530, 11)
[2024-11-07 13:23:55,798][func.train][INFO] - [SELECT DATASET] labels are already starting from 0
[2024-11-07 13:23:56,128][func.train][INFO] - [SELECT DATASET] ALL unique classes: [0 1 2 3 4 5 6]
[2024-11-07 13:23:56,141][func.train][INFO] - [SELECT DATASET] aLL dataframe (head):                    image_path class  ... tool_Irrigator tool_SpecimenBag
0  video01/video01_000001.png     0  ...              0                0
1  video01/video01_000002.png     0  ...              0                0
2  video01/video01_000003.png     0  ...              0                0
3  video01/video01_000004.png     0  ...              0                0
4  video01/video01_000005.png     0  ...              0                0

[5 rows x 11 columns]
[2024-11-07 13:23:56,149][func.train][INFO] - [SELECT DATASET] ALL dataframe (tail):                          image_path class  ... tool_Irrigator tool_SpecimenBag
4612525  video80/video80_043097.png     6  ...              0                0
4612526  video80/video80_043098.png     6  ...              0                0
4612527  video80/video80_043099.png     6  ...              0                0
4612528  video80/video80_043100.png     6  ...              0                0
4612529  video80/video80_043101.png     6  ...              0                0

[5 rows x 11 columns]
[2024-11-07 13:23:56,149][func.train][INFO] - [DATASET] params: {'debug': False, 'dataset_name': 'cholec80', 'reduc_feats_folder': 'train_targets_x_mp/', 'num_classes': 7, 'num_next_labels': 6, 'last_seg_class': 7, 'predict_next_phase': True, 'get_target_feats': False, 'replace_current_with_next_class': False}
[2024-11-07 13:23:57,914][func.train][INFO] - [DATASET] df unique videos: [1 2 3 4 5 6 7 8 9 10 11 12 13 14 15 16 17 18 19 20 21 22 23 24 25 26 27
 28 29 30 31 32 33 34 35 36 37 38 39 40 41 42 43 44 45 46 47 48 49 50 51
 52 53 54 55 56 57 58 59 60 61 62 63 64 65 66 67 68 69 70 71 72 73 74 75
 76 77 78 79 80]
[2024-11-07 13:23:57,915][func.train][INFO] - [DATASET] split: train video_indices: [1, 2, 3, 4, 5, 6, 7, 8, 9, 10, 11, 12, 13, 14, 15, 16, 17, 18, 19, 20, 21, 22, 23, 24, 25, 26, 27, 28, 29, 30, 31, 32, 33, 34, 35, 36, 37, 38, 39, 40, 41, 42, 43, 44, 45, 46, 47, 48, 49, 50, 51, 52, 53, 54, 55, 56, 57, 58, 59, 60]
[2024-11-07 13:23:59,549][func.train][INFO] - [DATASET] train size: 3421885
[2024-11-07 13:23:59,550][func.train][INFO] - [DATASET] train video_indices: [1, 2, 3, 4, 5, 6, 7, 8, 9, 10, 11, 12, 13, 14, 15, 16, 17, 18, 19, 20, 21, 22, 23, 24, 25, 26, 27, 28, 29, 30, 31, 32, 33, 34, 35, 36, 37, 38, 39, 40, 41, 42, 43, 44, 45, 46, 47, 48, 49, 50, 51, 52, 53, 54, 55, 56, 57, 58, 59, 60]
[2024-11-07 13:23:59,550][func.train][INFO] - [DATASET] video_idx: 1
[2024-11-07 13:23:59,688][func.train][INFO] - [DATASET] Sampled video_idx: 1 at 25 fps to 1733 frames
[2024-11-07 13:23:59,722][func.train][INFO] - [DATASET] video 1 phase_labels: torch.Size([1733])
[2024-11-07 13:24:00,159][func.train][INFO] - [DATASET] gt_remaining_time h=5: torch.Size([1733, 8])
[2024-11-07 13:24:00,159][func.train][INFO] - 

[2024-11-07 13:24:00,175][func.train][INFO] - [DATASET] Saved gt_remaining_time for video 1
[2024-11-07 13:24:00,178][func.train][INFO] - [DATASET] video_idx: 2
[2024-11-07 13:24:00,319][func.train][INFO] - [DATASET] Sampled video_idx: 2 at 25 fps to 2839 frames
[2024-11-07 13:24:00,319][func.train][INFO] - [DATASET] video 2 phase_labels: torch.Size([2839])
[2024-11-07 13:24:00,437][func.train][INFO] - [DATASET] gt_remaining_time h=5: torch.Size([2839, 8])
[2024-11-07 13:24:00,438][func.train][INFO] - 

[2024-11-07 13:24:00,459][func.train][INFO] - [DATASET] Saved gt_remaining_time for video 2
[2024-11-07 13:24:00,460][func.train][INFO] - [DATASET] video_idx: 3
[2024-11-07 13:24:00,615][func.train][INFO] - [DATASET] Sampled video_idx: 3 at 25 fps to 5828 frames
[2024-11-07 13:24:00,616][func.train][INFO] - [DATASET] video 3 phase_labels: torch.Size([5828])
[2024-11-07 13:24:01,020][func.train][INFO] - [DATASET] gt_remaining_time h=5: torch.Size([5828, 8])
[2024-11-07 13:24:01,020][func.train][INFO] - 

[2024-11-07 13:24:01,057][func.train][INFO] - [DATASET] Saved gt_remaining_time for video 3
[2024-11-07 13:24:01,058][func.train][INFO] - [DATASET] video_idx: 4
[2024-11-07 13:24:01,191][func.train][INFO] - [DATASET] Sampled video_idx: 4 at 25 fps to 1522 frames
[2024-11-07 13:24:01,192][func.train][INFO] - [DATASET] video 4 phase_labels: torch.Size([1522])
[2024-11-07 13:24:01,281][func.train][INFO] - [DATASET] gt_remaining_time h=5: torch.Size([1522, 8])
[2024-11-07 13:24:01,281][func.train][INFO] - 

[2024-11-07 13:24:01,295][func.train][INFO] - [DATASET] Saved gt_remaining_time for video 4
[2024-11-07 13:24:01,295][func.train][INFO] - [DATASET] video_idx: 5
[2024-11-07 13:24:01,430][func.train][INFO] - [DATASET] Sampled video_idx: 5 at 25 fps to 2344 frames
[2024-11-07 13:24:01,431][func.train][INFO] - [DATASET] video 5 phase_labels: torch.Size([2344])
[2024-11-07 13:24:01,539][func.train][INFO] - [DATASET] gt_remaining_time h=5: torch.Size([2344, 8])
[2024-11-07 13:24:01,539][func.train][INFO] - 

[2024-11-07 13:24:01,557][func.train][INFO] - [DATASET] Saved gt_remaining_time for video 5
[2024-11-07 13:24:01,558][func.train][INFO] - [DATASET] video_idx: 6
[2024-11-07 13:24:01,699][func.train][INFO] - [DATASET] Sampled video_idx: 6 at 25 fps to 2153 frames
[2024-11-07 13:24:01,700][func.train][INFO] - [DATASET] video 6 phase_labels: torch.Size([2153])
[2024-11-07 13:24:01,797][func.train][INFO] - [DATASET] gt_remaining_time h=5: torch.Size([2153, 8])
[2024-11-07 13:24:01,797][func.train][INFO] - 

[2024-11-07 13:24:01,812][func.train][INFO] - [DATASET] Saved gt_remaining_time for video 6
[2024-11-07 13:24:01,814][func.train][INFO] - [DATASET] video_idx: 7
[2024-11-07 13:24:01,959][func.train][INFO] - [DATASET] Sampled video_idx: 7 at 25 fps to 4557 frames
[2024-11-07 13:24:01,960][func.train][INFO] - [DATASET] video 7 phase_labels: torch.Size([4557])
[2024-11-07 13:24:02,236][func.train][INFO] - [DATASET] gt_remaining_time h=5: torch.Size([4557, 8])
[2024-11-07 13:24:02,236][func.train][INFO] - 

[2024-11-07 13:24:02,267][func.train][INFO] - [DATASET] Saved gt_remaining_time for video 7
[2024-11-07 13:24:02,270][func.train][INFO] - [DATASET] video_idx: 8
[2024-11-07 13:24:02,410][func.train][INFO] - [DATASET] Sampled video_idx: 8 at 25 fps to 1519 frames
[2024-11-07 13:24:02,410][func.train][INFO] - [DATASET] video 8 phase_labels: torch.Size([1519])
[2024-11-07 13:24:02,493][func.train][INFO] - [DATASET] gt_remaining_time h=5: torch.Size([1519, 8])
[2024-11-07 13:24:02,493][func.train][INFO] - 

[2024-11-07 13:24:02,505][func.train][INFO] - [DATASET] Saved gt_remaining_time for video 8
[2024-11-07 13:24:02,508][func.train][INFO] - [DATASET] video_idx: 9
[2024-11-07 13:24:02,647][func.train][INFO] - [DATASET] Sampled video_idx: 9 at 25 fps to 2702 frames
[2024-11-07 13:24:02,647][func.train][INFO] - [DATASET] video 9 phase_labels: torch.Size([2702])
[2024-11-07 13:24:02,755][func.train][INFO] - [DATASET] gt_remaining_time h=5: torch.Size([2702, 8])
[2024-11-07 13:24:02,755][func.train][INFO] - 

[2024-11-07 13:24:02,774][func.train][INFO] - [DATASET] Saved gt_remaining_time for video 9
[2024-11-07 13:24:02,776][func.train][INFO] - [DATASET] video_idx: 10
[2024-11-07 13:24:02,913][func.train][INFO] - [DATASET] Sampled video_idx: 10 at 25 fps to 1749 frames
[2024-11-07 13:24:02,914][func.train][INFO] - [DATASET] video 10 phase_labels: torch.Size([1749])
[2024-11-07 13:24:03,004][func.train][INFO] - [DATASET] gt_remaining_time h=5: torch.Size([1749, 8])
[2024-11-07 13:24:03,005][func.train][INFO] - 

[2024-11-07 13:24:03,020][func.train][INFO] - [DATASET] Saved gt_remaining_time for video 10
[2024-11-07 13:24:03,021][func.train][INFO] - [DATASET] video_idx: 11
[2024-11-07 13:24:03,167][func.train][INFO] - [DATASET] Sampled video_idx: 11 at 25 fps to 3220 frames
[2024-11-07 13:24:03,168][func.train][INFO] - [DATASET] video 11 phase_labels: torch.Size([3220])
[2024-11-07 13:24:03,290][func.train][INFO] - [DATASET] gt_remaining_time h=5: torch.Size([3220, 8])
[2024-11-07 13:24:03,290][func.train][INFO] - 

[2024-11-07 13:24:03,312][func.train][INFO] - [DATASET] Saved gt_remaining_time for video 11
[2024-11-07 13:24:03,317][func.train][INFO] - [DATASET] video_idx: 12
[2024-11-07 13:24:03,448][func.train][INFO] - [DATASET] Sampled video_idx: 12 at 25 fps to 1090 frames
[2024-11-07 13:24:03,448][func.train][INFO] - [DATASET] video 12 phase_labels: torch.Size([1090])
[2024-11-07 13:24:03,527][func.train][INFO] - [DATASET] gt_remaining_time h=5: torch.Size([1090, 8])
[2024-11-07 13:24:03,527][func.train][INFO] - 

[2024-11-07 13:24:03,537][func.train][INFO] - [DATASET] Saved gt_remaining_time for video 12
[2024-11-07 13:24:03,540][func.train][INFO] - [DATASET] video_idx: 13
[2024-11-07 13:24:03,674][func.train][INFO] - [DATASET] Sampled video_idx: 13 at 25 fps to 981 frames
[2024-11-07 13:24:03,675][func.train][INFO] - [DATASET] video 13 phase_labels: torch.Size([981])
[2024-11-07 13:24:03,743][func.train][INFO] - [DATASET] gt_remaining_time h=5: torch.Size([981, 8])
[2024-11-07 13:24:03,743][func.train][INFO] - 

[2024-11-07 13:24:03,752][func.train][INFO] - [DATASET] Saved gt_remaining_time for video 13
[2024-11-07 13:24:03,756][func.train][INFO] - [DATASET] video_idx: 14
[2024-11-07 13:24:03,889][func.train][INFO] - [DATASET] Sampled video_idx: 14 at 25 fps to 1708 frames
[2024-11-07 13:24:03,889][func.train][INFO] - [DATASET] video 14 phase_labels: torch.Size([1708])
[2024-11-07 13:24:03,972][func.train][INFO] - [DATASET] gt_remaining_time h=5: torch.Size([1708, 8])
[2024-11-07 13:24:03,972][func.train][INFO] - 

[2024-11-07 13:24:03,985][func.train][INFO] - [DATASET] Saved gt_remaining_time for video 14
[2024-11-07 13:24:03,987][func.train][INFO] - [DATASET] video_idx: 15
[2024-11-07 13:24:04,126][func.train][INFO] - [DATASET] Sampled video_idx: 15 at 25 fps to 2058 frames
[2024-11-07 13:24:04,127][func.train][INFO] - [DATASET] video 15 phase_labels: torch.Size([2058])
[2024-11-07 13:24:04,651][func.train][INFO] - [DATASET] gt_remaining_time h=5: torch.Size([2058, 8])
[2024-11-07 13:24:04,652][func.train][INFO] - 

[2024-11-07 13:24:04,666][func.train][INFO] - [DATASET] Saved gt_remaining_time for video 15
[2024-11-07 13:24:04,667][func.train][INFO] - [DATASET] video_idx: 16
[2024-11-07 13:24:04,809][func.train][INFO] - [DATASET] Sampled video_idx: 16 at 25 fps to 2957 frames
[2024-11-07 13:24:04,810][func.train][INFO] - [DATASET] video 16 phase_labels: torch.Size([2957])
[2024-11-07 13:24:04,924][func.train][INFO] - [DATASET] gt_remaining_time h=5: torch.Size([2957, 8])
[2024-11-07 13:24:04,925][func.train][INFO] - 

[2024-11-07 13:24:04,949][func.train][INFO] - [DATASET] Saved gt_remaining_time for video 16
[2024-11-07 13:24:04,952][func.train][INFO] - [DATASET] video_idx: 17
[2024-11-07 13:24:05,091][func.train][INFO] - [DATASET] Sampled video_idx: 17 at 25 fps to 1304 frames
[2024-11-07 13:24:05,092][func.train][INFO] - [DATASET] video 17 phase_labels: torch.Size([1304])
[2024-11-07 13:24:05,172][func.train][INFO] - [DATASET] gt_remaining_time h=5: torch.Size([1304, 8])
[2024-11-07 13:24:05,172][func.train][INFO] - 

[2024-11-07 13:24:05,182][func.train][INFO] - [DATASET] Saved gt_remaining_time for video 17
[2024-11-07 13:24:05,182][func.train][INFO] - [DATASET] video_idx: 18
[2024-11-07 13:24:05,321][func.train][INFO] - [DATASET] Sampled video_idx: 18 at 25 fps to 1942 frames
[2024-11-07 13:24:05,321][func.train][INFO] - [DATASET] video 18 phase_labels: torch.Size([1942])
[2024-11-07 13:24:05,444][func.train][INFO] - [DATASET] gt_remaining_time h=5: torch.Size([1942, 8])
[2024-11-07 13:24:05,445][func.train][INFO] - 

[2024-11-07 13:24:05,464][func.train][INFO] - [DATASET] Saved gt_remaining_time for video 18
[2024-11-07 13:24:05,466][func.train][INFO] - [DATASET] video_idx: 19
[2024-11-07 13:24:05,609][func.train][INFO] - [DATASET] Sampled video_idx: 19 at 25 fps to 2424 frames
[2024-11-07 13:24:05,610][func.train][INFO] - [DATASET] video 19 phase_labels: torch.Size([2424])
[2024-11-07 13:24:05,713][func.train][INFO] - [DATASET] gt_remaining_time h=5: torch.Size([2424, 8])
[2024-11-07 13:24:05,713][func.train][INFO] - 

[2024-11-07 13:24:05,730][func.train][INFO] - [DATASET] Saved gt_remaining_time for video 19
[2024-11-07 13:24:05,731][func.train][INFO] - [DATASET] video_idx: 20
[2024-11-07 13:24:05,867][func.train][INFO] - [DATASET] Sampled video_idx: 20 at 25 fps to 1449 frames
[2024-11-07 13:24:05,868][func.train][INFO] - [DATASET] video 20 phase_labels: torch.Size([1449])
[2024-11-07 13:24:05,951][func.train][INFO] - [DATASET] gt_remaining_time h=5: torch.Size([1449, 8])
[2024-11-07 13:24:05,951][func.train][INFO] - 

[2024-11-07 13:24:05,962][func.train][INFO] - [DATASET] Saved gt_remaining_time for video 20
[2024-11-07 13:24:05,963][func.train][INFO] - [DATASET] video_idx: 21
[2024-11-07 13:24:06,105][func.train][INFO] - [DATASET] Sampled video_idx: 21 at 25 fps to 1258 frames
[2024-11-07 13:24:06,105][func.train][INFO] - [DATASET] video 21 phase_labels: torch.Size([1258])
[2024-11-07 13:24:06,182][func.train][INFO] - [DATASET] gt_remaining_time h=5: torch.Size([1258, 8])
[2024-11-07 13:24:06,182][func.train][INFO] - 

[2024-11-07 13:24:06,193][func.train][INFO] - [DATASET] Saved gt_remaining_time for video 21
[2024-11-07 13:24:06,195][func.train][INFO] - [DATASET] video_idx: 22
[2024-11-07 13:24:06,329][func.train][INFO] - [DATASET] Sampled video_idx: 22 at 25 fps to 1532 frames
[2024-11-07 13:24:06,330][func.train][INFO] - [DATASET] video 22 phase_labels: torch.Size([1532])
[2024-11-07 13:24:06,415][func.train][INFO] - [DATASET] gt_remaining_time h=5: torch.Size([1532, 8])
[2024-11-07 13:24:06,415][func.train][INFO] - 

[2024-11-07 13:24:06,427][func.train][INFO] - [DATASET] Saved gt_remaining_time for video 22
[2024-11-07 13:24:06,430][func.train][INFO] - [DATASET] video_idx: 23
[2024-11-07 13:24:06,589][func.train][INFO] - [DATASET] Sampled video_idx: 23 at 25 fps to 1635 frames
[2024-11-07 13:24:06,590][func.train][INFO] - [DATASET] video 23 phase_labels: torch.Size([1635])
[2024-11-07 13:24:06,709][func.train][INFO] - [DATASET] gt_remaining_time h=5: torch.Size([1635, 8])
[2024-11-07 13:24:06,709][func.train][INFO] - 

[2024-11-07 13:24:06,725][func.train][INFO] - [DATASET] Saved gt_remaining_time for video 23
[2024-11-07 13:24:06,727][func.train][INFO] - [DATASET] video_idx: 24
[2024-11-07 13:24:06,865][func.train][INFO] - [DATASET] Sampled video_idx: 24 at 25 fps to 1975 frames
[2024-11-07 13:24:06,866][func.train][INFO] - [DATASET] video 24 phase_labels: torch.Size([1975])
[2024-11-07 13:24:06,967][func.train][INFO] - [DATASET] gt_remaining_time h=5: torch.Size([1975, 8])
[2024-11-07 13:24:06,968][func.train][INFO] - 

[2024-11-07 13:24:06,988][func.train][INFO] - [DATASET] Saved gt_remaining_time for video 24
[2024-11-07 13:24:06,991][func.train][INFO] - [DATASET] video_idx: 25
[2024-11-07 13:24:07,149][func.train][INFO] - [DATASET] Sampled video_idx: 25 at 25 fps to 2129 frames
[2024-11-07 13:24:07,149][func.train][INFO] - [DATASET] video 25 phase_labels: torch.Size([2129])
[2024-11-07 13:24:07,246][func.train][INFO] - [DATASET] gt_remaining_time h=5: torch.Size([2129, 8])
[2024-11-07 13:24:07,246][func.train][INFO] - 

[2024-11-07 13:24:07,263][func.train][INFO] - [DATASET] Saved gt_remaining_time for video 25
[2024-11-07 13:24:07,264][func.train][INFO] - [DATASET] video_idx: 26
[2024-11-07 13:24:07,421][func.train][INFO] - [DATASET] Sampled video_idx: 26 at 25 fps to 1773 frames
[2024-11-07 13:24:07,422][func.train][INFO] - [DATASET] video 26 phase_labels: torch.Size([1773])
[2024-11-07 13:24:07,518][func.train][INFO] - [DATASET] gt_remaining_time h=5: torch.Size([1773, 8])
[2024-11-07 13:24:07,518][func.train][INFO] - 

[2024-11-07 13:24:07,553][func.train][INFO] - [DATASET] Saved gt_remaining_time for video 26
[2024-11-07 13:24:07,557][func.train][INFO] - [DATASET] video_idx: 27
[2024-11-07 13:24:07,703][func.train][INFO] - [DATASET] Sampled video_idx: 27 at 25 fps to 2084 frames
[2024-11-07 13:24:07,704][func.train][INFO] - [DATASET] video 27 phase_labels: torch.Size([2084])
[2024-11-07 13:24:07,801][func.train][INFO] - [DATASET] gt_remaining_time h=5: torch.Size([2084, 8])
[2024-11-07 13:24:07,801][func.train][INFO] - 

[2024-11-07 13:24:07,816][func.train][INFO] - [DATASET] Saved gt_remaining_time for video 27
[2024-11-07 13:24:07,818][func.train][INFO] - [DATASET] video_idx: 28
[2024-11-07 13:24:07,993][func.train][INFO] - [DATASET] Sampled video_idx: 28 at 25 fps to 1199 frames
[2024-11-07 13:24:07,994][func.train][INFO] - [DATASET] video 28 phase_labels: torch.Size([1199])
[2024-11-07 13:24:08,068][func.train][INFO] - [DATASET] gt_remaining_time h=5: torch.Size([1199, 8])
[2024-11-07 13:24:08,069][func.train][INFO] - 

[2024-11-07 13:24:08,078][func.train][INFO] - [DATASET] Saved gt_remaining_time for video 28
[2024-11-07 13:24:08,080][func.train][INFO] - [DATASET] video_idx: 29
[2024-11-07 13:24:08,235][func.train][INFO] - [DATASET] Sampled video_idx: 29 at 25 fps to 2350 frames
[2024-11-07 13:24:08,236][func.train][INFO] - [DATASET] video 29 phase_labels: torch.Size([2350])
[2024-11-07 13:24:08,338][func.train][INFO] - [DATASET] gt_remaining_time h=5: torch.Size([2350, 8])
[2024-11-07 13:24:08,338][func.train][INFO] - 

[2024-11-07 13:24:08,356][func.train][INFO] - [DATASET] Saved gt_remaining_time for video 29
[2024-11-07 13:24:08,357][func.train][INFO] - [DATASET] video_idx: 30
[2024-11-07 13:24:08,503][func.train][INFO] - [DATASET] Sampled video_idx: 30 at 25 fps to 2925 frames
[2024-11-07 13:24:08,504][func.train][INFO] - [DATASET] video 30 phase_labels: torch.Size([2925])
[2024-11-07 13:24:08,648][func.train][INFO] - [DATASET] gt_remaining_time h=5: torch.Size([2925, 8])
[2024-11-07 13:24:08,648][func.train][INFO] - 

[2024-11-07 13:24:08,669][func.train][INFO] - [DATASET] Saved gt_remaining_time for video 30
[2024-11-07 13:24:08,672][func.train][INFO] - [DATASET] video_idx: 31
[2024-11-07 13:24:08,830][func.train][INFO] - [DATASET] Sampled video_idx: 31 at 25 fps to 3945 frames
[2024-11-07 13:24:08,831][func.train][INFO] - [DATASET] video 31 phase_labels: torch.Size([3945])
[2024-11-07 13:24:08,984][func.train][INFO] - [DATASET] gt_remaining_time h=5: torch.Size([3945, 8])
[2024-11-07 13:24:08,984][func.train][INFO] - 

[2024-11-07 13:24:09,018][func.train][INFO] - [DATASET] Saved gt_remaining_time for video 31
[2024-11-07 13:24:09,020][func.train][INFO] - [DATASET] video_idx: 32
[2024-11-07 13:24:09,162][func.train][INFO] - [DATASET] Sampled video_idx: 32 at 25 fps to 2116 frames
[2024-11-07 13:24:09,163][func.train][INFO] - [DATASET] video 32 phase_labels: torch.Size([2116])
[2024-11-07 13:24:09,265][func.train][INFO] - [DATASET] gt_remaining_time h=5: torch.Size([2116, 8])
[2024-11-07 13:24:09,265][func.train][INFO] - 

[2024-11-07 13:24:09,281][func.train][INFO] - [DATASET] Saved gt_remaining_time for video 32
[2024-11-07 13:24:09,295][func.train][INFO] - [DATASET] video_idx: 33
[2024-11-07 13:24:09,439][func.train][INFO] - [DATASET] Sampled video_idx: 33 at 25 fps to 1307 frames
[2024-11-07 13:24:09,440][func.train][INFO] - [DATASET] video 33 phase_labels: torch.Size([1307])
[2024-11-07 13:24:09,517][func.train][INFO] - [DATASET] gt_remaining_time h=5: torch.Size([1307, 8])
[2024-11-07 13:24:09,517][func.train][INFO] - 

[2024-11-07 13:24:09,529][func.train][INFO] - [DATASET] Saved gt_remaining_time for video 33
[2024-11-07 13:24:09,532][func.train][INFO] - [DATASET] video_idx: 34
[2024-11-07 13:24:09,668][func.train][INFO] - [DATASET] Sampled video_idx: 34 at 25 fps to 1323 frames
[2024-11-07 13:24:09,669][func.train][INFO] - [DATASET] video 34 phase_labels: torch.Size([1323])
[2024-11-07 13:24:09,745][func.train][INFO] - [DATASET] gt_remaining_time h=5: torch.Size([1323, 8])
[2024-11-07 13:24:09,745][func.train][INFO] - 

[2024-11-07 13:24:09,757][func.train][INFO] - [DATASET] Saved gt_remaining_time for video 34
[2024-11-07 13:24:09,763][func.train][INFO] - [DATASET] video_idx: 35
[2024-11-07 13:24:09,903][func.train][INFO] - [DATASET] Sampled video_idx: 35 at 25 fps to 2106 frames
[2024-11-07 13:24:09,904][func.train][INFO] - [DATASET] video 35 phase_labels: torch.Size([2106])
[2024-11-07 13:24:09,998][func.train][INFO] - [DATASET] gt_remaining_time h=5: torch.Size([2106, 8])
[2024-11-07 13:24:09,998][func.train][INFO] - 

[2024-11-07 13:24:10,015][func.train][INFO] - [DATASET] Saved gt_remaining_time for video 35
[2024-11-07 13:24:10,016][func.train][INFO] - [DATASET] video_idx: 36
[2024-11-07 13:24:10,175][func.train][INFO] - [DATASET] Sampled video_idx: 36 at 25 fps to 2387 frames
[2024-11-07 13:24:10,176][func.train][INFO] - [DATASET] video 36 phase_labels: torch.Size([2387])
[2024-11-07 13:24:10,282][func.train][INFO] - [DATASET] gt_remaining_time h=5: torch.Size([2387, 8])
[2024-11-07 13:24:10,282][func.train][INFO] - 

[2024-11-07 13:24:10,318][func.train][INFO] - [DATASET] Saved gt_remaining_time for video 36
[2024-11-07 13:24:10,320][func.train][INFO] - [DATASET] video_idx: 37
[2024-11-07 13:24:10,467][func.train][INFO] - [DATASET] Sampled video_idx: 37 at 25 fps to 1232 frames
[2024-11-07 13:24:10,468][func.train][INFO] - [DATASET] video 37 phase_labels: torch.Size([1232])
[2024-11-07 13:24:10,544][func.train][INFO] - [DATASET] gt_remaining_time h=5: torch.Size([1232, 8])
[2024-11-07 13:24:10,544][func.train][INFO] - 

[2024-11-07 13:24:10,557][func.train][INFO] - [DATASET] Saved gt_remaining_time for video 37
[2024-11-07 13:24:10,558][func.train][INFO] - [DATASET] video_idx: 38
[2024-11-07 13:24:10,712][func.train][INFO] - [DATASET] Sampled video_idx: 38 at 25 fps to 3080 frames
[2024-11-07 13:24:10,713][func.train][INFO] - [DATASET] video 38 phase_labels: torch.Size([3080])
[2024-11-07 13:24:10,835][func.train][INFO] - [DATASET] gt_remaining_time h=5: torch.Size([3080, 8])
[2024-11-07 13:24:10,835][func.train][INFO] - 

[2024-11-07 13:24:10,860][func.train][INFO] - [DATASET] Saved gt_remaining_time for video 38
[2024-11-07 13:24:10,861][func.train][INFO] - [DATASET] video_idx: 39
[2024-11-07 13:24:11,020][func.train][INFO] - [DATASET] Sampled video_idx: 39 at 25 fps to 1647 frames
[2024-11-07 13:24:11,021][func.train][INFO] - [DATASET] video 39 phase_labels: torch.Size([1647])
[2024-11-07 13:24:11,110][func.train][INFO] - [DATASET] gt_remaining_time h=5: torch.Size([1647, 8])
[2024-11-07 13:24:11,110][func.train][INFO] - 

[2024-11-07 13:24:11,125][func.train][INFO] - [DATASET] Saved gt_remaining_time for video 39
[2024-11-07 13:24:11,128][func.train][INFO] - [DATASET] video_idx: 40
[2024-11-07 13:24:11,267][func.train][INFO] - [DATASET] Sampled video_idx: 40 at 25 fps to 2222 frames
[2024-11-07 13:24:11,267][func.train][INFO] - [DATASET] video 40 phase_labels: torch.Size([2222])
[2024-11-07 13:24:11,374][func.train][INFO] - [DATASET] gt_remaining_time h=5: torch.Size([2222, 8])
[2024-11-07 13:24:11,374][func.train][INFO] - 

[2024-11-07 13:24:11,392][func.train][INFO] - [DATASET] Saved gt_remaining_time for video 40
[2024-11-07 13:24:11,393][func.train][INFO] - [DATASET] video_idx: 41
[2024-11-07 13:24:11,548][func.train][INFO] - [DATASET] Sampled video_idx: 41 at 25 fps to 3103 frames
[2024-11-07 13:24:11,549][func.train][INFO] - [DATASET] video 41 phase_labels: torch.Size([3103])
[2024-11-07 13:24:11,673][func.train][INFO] - [DATASET] gt_remaining_time h=5: torch.Size([3103, 8])
[2024-11-07 13:24:11,674][func.train][INFO] - 

[2024-11-07 13:24:11,694][func.train][INFO] - [DATASET] Saved gt_remaining_time for video 41
[2024-11-07 13:24:11,696][func.train][INFO] - [DATASET] video_idx: 42
[2024-11-07 13:24:11,841][func.train][INFO] - [DATASET] Sampled video_idx: 42 at 25 fps to 3712 frames
[2024-11-07 13:24:11,842][func.train][INFO] - [DATASET] video 42 phase_labels: torch.Size([3712])
[2024-11-07 13:24:11,974][func.train][INFO] - [DATASET] gt_remaining_time h=5: torch.Size([3712, 8])
[2024-11-07 13:24:11,974][func.train][INFO] - 

[2024-11-07 13:24:11,998][func.train][INFO] - [DATASET] Saved gt_remaining_time for video 42
[2024-11-07 13:24:12,001][func.train][INFO] - [DATASET] video_idx: 43
[2024-11-07 13:24:12,142][func.train][INFO] - [DATASET] Sampled video_idx: 43 at 25 fps to 2362 frames
[2024-11-07 13:24:12,143][func.train][INFO] - [DATASET] video 43 phase_labels: torch.Size([2362])
[2024-11-07 13:24:12,250][func.train][INFO] - [DATASET] gt_remaining_time h=5: torch.Size([2362, 8])
[2024-11-07 13:24:12,250][func.train][INFO] - 

[2024-11-07 13:24:12,271][func.train][INFO] - [DATASET] Saved gt_remaining_time for video 43
[2024-11-07 13:24:12,272][func.train][INFO] - [DATASET] video_idx: 44
[2024-11-07 13:24:12,426][func.train][INFO] - [DATASET] Sampled video_idx: 44 at 25 fps to 3127 frames
[2024-11-07 13:24:12,426][func.train][INFO] - [DATASET] video 44 phase_labels: torch.Size([3127])
[2024-11-07 13:24:12,541][func.train][INFO] - [DATASET] gt_remaining_time h=5: torch.Size([3127, 8])
[2024-11-07 13:24:12,542][func.train][INFO] - 

[2024-11-07 13:24:12,564][func.train][INFO] - [DATASET] Saved gt_remaining_time for video 44
[2024-11-07 13:24:12,566][func.train][INFO] - [DATASET] video_idx: 45
[2024-11-07 13:24:12,707][func.train][INFO] - [DATASET] Sampled video_idx: 45 at 25 fps to 3387 frames
[2024-11-07 13:24:12,708][func.train][INFO] - [DATASET] video 45 phase_labels: torch.Size([3387])
[2024-11-07 13:24:12,831][func.train][INFO] - [DATASET] gt_remaining_time h=5: torch.Size([3387, 8])
[2024-11-07 13:24:12,831][func.train][INFO] - 

[2024-11-07 13:24:12,857][func.train][INFO] - [DATASET] Saved gt_remaining_time for video 45
[2024-11-07 13:24:12,858][func.train][INFO] - [DATASET] video_idx: 46
[2024-11-07 13:24:12,991][func.train][INFO] - [DATASET] Sampled video_idx: 46 at 25 fps to 1653 frames
[2024-11-07 13:24:12,992][func.train][INFO] - [DATASET] video 46 phase_labels: torch.Size([1653])
[2024-11-07 13:24:13,079][func.train][INFO] - [DATASET] gt_remaining_time h=5: torch.Size([1653, 8])
[2024-11-07 13:24:13,079][func.train][INFO] - 

[2024-11-07 13:24:13,092][func.train][INFO] - [DATASET] Saved gt_remaining_time for video 46
[2024-11-07 13:24:13,094][func.train][INFO] - [DATASET] video_idx: 47
[2024-11-07 13:24:13,228][func.train][INFO] - [DATASET] Sampled video_idx: 47 at 25 fps to 2259 frames
[2024-11-07 13:24:13,229][func.train][INFO] - [DATASET] video 47 phase_labels: torch.Size([2259])
[2024-11-07 13:24:13,330][func.train][INFO] - [DATASET] gt_remaining_time h=5: torch.Size([2259, 8])
[2024-11-07 13:24:13,330][func.train][INFO] - 

[2024-11-07 13:24:13,347][func.train][INFO] - [DATASET] Saved gt_remaining_time for video 47
[2024-11-07 13:24:13,353][func.train][INFO] - [DATASET] video_idx: 48
[2024-11-07 13:24:13,498][func.train][INFO] - [DATASET] Sampled video_idx: 48 at 25 fps to 1834 frames
[2024-11-07 13:24:13,499][func.train][INFO] - [DATASET] video 48 phase_labels: torch.Size([1834])
[2024-11-07 13:24:13,594][func.train][INFO] - [DATASET] gt_remaining_time h=5: torch.Size([1834, 8])
[2024-11-07 13:24:13,594][func.train][INFO] - 

[2024-11-07 13:24:13,632][func.train][INFO] - [DATASET] Saved gt_remaining_time for video 48
[2024-11-07 13:24:13,633][func.train][INFO] - [DATASET] video_idx: 49
[2024-11-07 13:24:13,772][func.train][INFO] - [DATASET] Sampled video_idx: 49 at 25 fps to 1671 frames
[2024-11-07 13:24:13,772][func.train][INFO] - [DATASET] video 49 phase_labels: torch.Size([1671])
[2024-11-07 13:24:13,859][func.train][INFO] - [DATASET] gt_remaining_time h=5: torch.Size([1671, 8])
[2024-11-07 13:24:13,859][func.train][INFO] - 

[2024-11-07 13:24:13,874][func.train][INFO] - [DATASET] Saved gt_remaining_time for video 49
[2024-11-07 13:24:13,874][func.train][INFO] - [DATASET] video_idx: 50
[2024-11-07 13:24:14,016][func.train][INFO] - [DATASET] Sampled video_idx: 50 at 25 fps to 1094 frames
[2024-11-07 13:24:14,017][func.train][INFO] - [DATASET] video 50 phase_labels: torch.Size([1094])
[2024-11-07 13:24:14,083][func.train][INFO] - [DATASET] gt_remaining_time h=5: torch.Size([1094, 8])
[2024-11-07 13:24:14,083][func.train][INFO] - 

[2024-11-07 13:24:14,093][func.train][INFO] - [DATASET] Saved gt_remaining_time for video 50
[2024-11-07 13:24:14,093][func.train][INFO] - [DATASET] video_idx: 51
[2024-11-07 13:24:14,250][func.train][INFO] - [DATASET] Sampled video_idx: 51 at 25 fps to 2944 frames
[2024-11-07 13:24:14,251][func.train][INFO] - [DATASET] video 51 phase_labels: torch.Size([2944])
[2024-11-07 13:24:14,364][func.train][INFO] - [DATASET] gt_remaining_time h=5: torch.Size([2944, 8])
[2024-11-07 13:24:14,364][func.train][INFO] - 

[2024-11-07 13:24:14,385][func.train][INFO] - [DATASET] Saved gt_remaining_time for video 51
[2024-11-07 13:24:14,389][func.train][INFO] - [DATASET] video_idx: 52
[2024-11-07 13:24:14,520][func.train][INFO] - [DATASET] Sampled video_idx: 52 at 25 fps to 1966 frames
[2024-11-07 13:24:14,521][func.train][INFO] - [DATASET] video 52 phase_labels: torch.Size([1966])
[2024-11-07 13:24:14,613][func.train][INFO] - [DATASET] gt_remaining_time h=5: torch.Size([1966, 8])
[2024-11-07 13:24:14,613][func.train][INFO] - 

[2024-11-07 13:24:14,629][func.train][INFO] - [DATASET] Saved gt_remaining_time for video 52
[2024-11-07 13:24:14,630][func.train][INFO] - [DATASET] video_idx: 53
[2024-11-07 13:24:14,802][func.train][INFO] - [DATASET] Sampled video_idx: 53 at 25 fps to 3283 frames
[2024-11-07 13:24:14,804][func.train][INFO] - [DATASET] video 53 phase_labels: torch.Size([3283])
[2024-11-07 13:24:14,924][func.train][INFO] - [DATASET] gt_remaining_time h=5: torch.Size([3283, 8])
[2024-11-07 13:24:14,924][func.train][INFO] - 

[2024-11-07 13:24:14,948][func.train][INFO] - [DATASET] Saved gt_remaining_time for video 53
[2024-11-07 13:24:14,949][func.train][INFO] - [DATASET] video_idx: 54
[2024-11-07 13:24:15,086][func.train][INFO] - [DATASET] Sampled video_idx: 54 at 25 fps to 3100 frames
[2024-11-07 13:24:15,087][func.train][INFO] - [DATASET] video 54 phase_labels: torch.Size([3100])
[2024-11-07 13:24:15,206][func.train][INFO] - [DATASET] gt_remaining_time h=5: torch.Size([3100, 8])
[2024-11-07 13:24:15,206][func.train][INFO] - 

[2024-11-07 13:24:15,230][func.train][INFO] - [DATASET] Saved gt_remaining_time for video 54
[2024-11-07 13:24:15,234][func.train][INFO] - [DATASET] video_idx: 55
[2024-11-07 13:24:15,368][func.train][INFO] - [DATASET] Sampled video_idx: 55 at 25 fps to 1037 frames
[2024-11-07 13:24:15,368][func.train][INFO] - [DATASET] video 55 phase_labels: torch.Size([1037])
[2024-11-07 13:24:15,442][func.train][INFO] - [DATASET] gt_remaining_time h=5: torch.Size([1037, 8])
[2024-11-07 13:24:15,442][func.train][INFO] - 

[2024-11-07 13:24:15,456][func.train][INFO] - [DATASET] Saved gt_remaining_time for video 55
[2024-11-07 13:24:15,458][func.train][INFO] - [DATASET] video_idx: 56
[2024-11-07 13:24:15,601][func.train][INFO] - [DATASET] Sampled video_idx: 56 at 25 fps to 1834 frames
[2024-11-07 13:24:15,602][func.train][INFO] - [DATASET] video 56 phase_labels: torch.Size([1834])
[2024-11-07 13:24:15,692][func.train][INFO] - [DATASET] gt_remaining_time h=5: torch.Size([1834, 8])
[2024-11-07 13:24:15,692][func.train][INFO] - 

[2024-11-07 13:24:15,707][func.train][INFO] - [DATASET] Saved gt_remaining_time for video 56
[2024-11-07 13:24:15,710][func.train][INFO] - [DATASET] video_idx: 57
[2024-11-07 13:24:15,851][func.train][INFO] - [DATASET] Sampled video_idx: 57 at 25 fps to 2632 frames
[2024-11-07 13:24:15,852][func.train][INFO] - [DATASET] video 57 phase_labels: torch.Size([2632])
[2024-11-07 13:24:15,958][func.train][INFO] - [DATASET] gt_remaining_time h=5: torch.Size([2632, 8])
[2024-11-07 13:24:15,959][func.train][INFO] - 

[2024-11-07 13:24:15,977][func.train][INFO] - [DATASET] Saved gt_remaining_time for video 57
[2024-11-07 13:24:15,978][func.train][INFO] - [DATASET] video_idx: 58
[2024-11-07 13:24:16,137][func.train][INFO] - [DATASET] Sampled video_idx: 58 at 25 fps to 5993 frames
[2024-11-07 13:24:16,139][func.train][INFO] - [DATASET] video 58 phase_labels: torch.Size([5993])
[2024-11-07 13:24:16,460][func.train][INFO] - [DATASET] gt_remaining_time h=5: torch.Size([5993, 8])
[2024-11-07 13:24:16,461][func.train][INFO] - 

[2024-11-07 13:24:16,500][func.train][INFO] - [DATASET] Saved gt_remaining_time for video 58
[2024-11-07 13:24:16,516][func.train][INFO] - [DATASET] video_idx: 59
[2024-11-07 13:24:16,663][func.train][INFO] - [DATASET] Sampled video_idx: 59 at 25 fps to 1046 frames
[2024-11-07 13:24:16,663][func.train][INFO] - [DATASET] video 59 phase_labels: torch.Size([1046])
[2024-11-07 13:24:16,736][func.train][INFO] - [DATASET] gt_remaining_time h=5: torch.Size([1046, 8])
[2024-11-07 13:24:16,736][func.train][INFO] - 

[2024-11-07 13:24:16,746][func.train][INFO] - [DATASET] Saved gt_remaining_time for video 59
[2024-11-07 13:24:16,748][func.train][INFO] - [DATASET] video_idx: 60
[2024-11-07 13:24:16,886][func.train][INFO] - [DATASET] Sampled video_idx: 60 at 25 fps to 2532 frames
[2024-11-07 13:24:16,887][func.train][INFO] - [DATASET] video 60 phase_labels: torch.Size([2532])
[2024-11-07 13:24:17,001][func.train][INFO] - [DATASET] gt_remaining_time h=5: torch.Size([2532, 8])
[2024-11-07 13:24:17,002][func.train][INFO] - 

[2024-11-07 13:24:17,020][func.train][INFO] - [DATASET] Saved gt_remaining_time for video 60
[2024-11-07 13:24:17,023][func.train][INFO] - [DATASET] Saved video durations
[2024-11-07 13:24:17,025][func.train][INFO] - [DATASET] number of train videos: 60
[2024-11-07 13:24:17,025][func.train][INFO] - [DATASET] avg video length: 38.02 minutes
[2024-11-07 13:24:17,081][func.train][INFO] - [DATASET] num classes at 1fps in train: (136873,)
[2024-11-07 13:24:17,083][func.train][INFO] - [DATASET] classes_counts_dict: {0: 6410, 1: 57370, 2: 11129, 3: 39289, 4: 5529, 5: 12039, 6: 5107}
[2024-11-07 13:24:17,090][func.train][INFO] - [DATASET] curr_class_weights: tensor([3.0504, 0.3408, 1.7570, 0.4977, 3.5365, 1.6242, 3.8287])
[2024-11-07 13:24:17,090][func.train][INFO] - [DATASET] num_eos_vals: 19553.285714285714
[2024-11-07 13:24:17,090][func.train][INFO] - [DATASET] classes_counts_dict: {0: 6410, 1: 57370, 2: 11129, 3: 39289, 4: 5529, 5: 12039, 6: 5107, 7: 19553}
[2024-11-07 13:24:17,091][func.train][INFO] - [DATASET] next_class_weights: tensor([3.0504, 0.3408, 1.7570, 0.4977, 3.5365, 1.6242, 3.8287, 1.0000])
[2024-11-07 13:24:18,619][func.train][INFO] - [DATASET] df unique videos: [1 2 3 4 5 6 7 8 9 10 11 12 13 14 15 16 17 18 19 20 21 22 23 24 25 26 27
 28 29 30 31 32 33 34 35 36 37 38 39 40 41 42 43 44 45 46 47 48 49 50 51
 52 53 54 55 56 57 58 59 60 61 62 63 64 65 66 67 68 69 70 71 72 73 74 75
 76 77 78 79 80]
[2024-11-07 13:24:18,619][func.train][INFO] - [DATASET] split: test video_indices: [61]
[2024-11-07 13:24:18,709][func.train][INFO] - [DATASET] test size: 110226
[2024-11-07 13:24:18,709][func.train][INFO] - [DATASET] test video_indices: [61]
[2024-11-07 13:24:18,710][func.train][INFO] - [DATASET] video_idx: 61
[2024-11-07 13:24:18,730][func.train][INFO] - [DATASET] Sampled video_idx: 61 at 25 fps to 4409 frames
[2024-11-07 13:24:18,731][func.train][INFO] - [DATASET] video 61 phase_labels: torch.Size([4409])
[2024-11-07 13:24:18,889][func.train][INFO] - [DATASET] gt_remaining_time h=5: torch.Size([4409, 8])
[2024-11-07 13:24:18,890][func.train][INFO] - 

[2024-11-07 13:24:18,929][func.train][INFO] - [DATASET] Saved gt_remaining_time for video 61
[2024-11-07 13:24:18,935][func.train][INFO] - [DATASET] Saved video durations
[2024-11-07 13:24:18,936][func.train][INFO] - [DATASET] number of test videos: 1
[2024-11-07 13:24:18,936][func.train][INFO] - [DATASET] avg video length: 73.48 minutes
[2024-11-07 13:24:20,492][func.train][INFO] - [DATASET] df unique videos: [1 2 3 4 5 6 7 8 9 10 11 12 13 14 15 16 17 18 19 20 21 22 23 24 25 26 27
 28 29 30 31 32 33 34 35 36 37 38 39 40 41 42 43 44 45 46 47 48 49 50 51
 52 53 54 55 56 57 58 59 60 61 62 63 64 65 66 67 68 69 70 71 72 73 74 75
 76 77 78 79 80]
[2024-11-07 13:24:20,494][func.train][INFO] - [DATASET] split: test video_indices: [62]
[2024-11-07 13:24:20,556][func.train][INFO] - [DATASET] test size: 50801
[2024-11-07 13:24:20,557][func.train][INFO] - [DATASET] test video_indices: [62]
[2024-11-07 13:24:20,557][func.train][INFO] - [DATASET] video_idx: 62
[2024-11-07 13:24:20,565][func.train][INFO] - [DATASET] Sampled video_idx: 62 at 25 fps to 2032 frames
[2024-11-07 13:24:20,566][func.train][INFO] - [DATASET] video 62 phase_labels: torch.Size([2032])
[2024-11-07 13:24:20,654][func.train][INFO] - [DATASET] gt_remaining_time h=5: torch.Size([2032, 8])
[2024-11-07 13:24:20,654][func.train][INFO] - 

[2024-11-07 13:24:20,671][func.train][INFO] - [DATASET] Saved gt_remaining_time for video 62
[2024-11-07 13:24:20,676][func.train][INFO] - [DATASET] Saved video durations
[2024-11-07 13:24:20,676][func.train][INFO] - [DATASET] number of test videos: 1
[2024-11-07 13:24:20,676][func.train][INFO] - [DATASET] avg video length: 33.87 minutes
[2024-11-07 13:24:22,116][func.train][INFO] - [DATASET] df unique videos: [1 2 3 4 5 6 7 8 9 10 11 12 13 14 15 16 17 18 19 20 21 22 23 24 25 26 27
 28 29 30 31 32 33 34 35 36 37 38 39 40 41 42 43 44 45 46 47 48 49 50 51
 52 53 54 55 56 57 58 59 60 61 62 63 64 65 66 67 68 69 70 71 72 73 74 75
 76 77 78 79 80]
[2024-11-07 13:24:22,116][func.train][INFO] - [DATASET] split: test video_indices: [63]
[2024-11-07 13:24:22,190][func.train][INFO] - [DATASET] test size: 85826
[2024-11-07 13:24:22,190][func.train][INFO] - [DATASET] test video_indices: [63]
[2024-11-07 13:24:22,190][func.train][INFO] - [DATASET] video_idx: 63
[2024-11-07 13:24:22,205][func.train][INFO] - [DATASET] Sampled video_idx: 63 at 25 fps to 3433 frames
[2024-11-07 13:24:22,206][func.train][INFO] - [DATASET] video 63 phase_labels: torch.Size([3433])
[2024-11-07 13:24:22,324][func.train][INFO] - [DATASET] gt_remaining_time h=5: torch.Size([3433, 8])
[2024-11-07 13:24:22,325][func.train][INFO] - 

[2024-11-07 13:24:22,350][func.train][INFO] - [DATASET] Saved gt_remaining_time for video 63
[2024-11-07 13:24:22,360][func.train][INFO] - [DATASET] Saved video durations
[2024-11-07 13:24:22,360][func.train][INFO] - [DATASET] number of test videos: 1
[2024-11-07 13:24:22,360][func.train][INFO] - [DATASET] avg video length: 57.22 minutes
[2024-11-07 13:24:23,755][func.train][INFO] - [DATASET] df unique videos: [1 2 3 4 5 6 7 8 9 10 11 12 13 14 15 16 17 18 19 20 21 22 23 24 25 26 27
 28 29 30 31 32 33 34 35 36 37 38 39 40 41 42 43 44 45 46 47 48 49 50 51
 52 53 54 55 56 57 58 59 60 61 62 63 64 65 66 67 68 69 70 71 72 73 74 75
 76 77 78 79 80]
[2024-11-07 13:24:23,755][func.train][INFO] - [DATASET] split: test video_indices: [64]
[2024-11-07 13:24:23,818][func.train][INFO] - [DATASET] test size: 59951
[2024-11-07 13:24:23,818][func.train][INFO] - [DATASET] test video_indices: [64]
[2024-11-07 13:24:23,818][func.train][INFO] - [DATASET] video_idx: 64
[2024-11-07 13:24:23,828][func.train][INFO] - [DATASET] Sampled video_idx: 64 at 25 fps to 2398 frames
[2024-11-07 13:24:23,828][func.train][INFO] - [DATASET] video 64 phase_labels: torch.Size([2398])
[2024-11-07 13:24:23,925][func.train][INFO] - [DATASET] gt_remaining_time h=5: torch.Size([2398, 8])
[2024-11-07 13:24:23,925][func.train][INFO] - 

[2024-11-07 13:24:23,944][func.train][INFO] - [DATASET] Saved gt_remaining_time for video 64
[2024-11-07 13:24:23,949][func.train][INFO] - [DATASET] Saved video durations
[2024-11-07 13:24:23,950][func.train][INFO] - [DATASET] number of test videos: 1
[2024-11-07 13:24:23,950][func.train][INFO] - [DATASET] avg video length: 39.97 minutes
[2024-11-07 13:24:25,358][func.train][INFO] - [DATASET] df unique videos: [1 2 3 4 5 6 7 8 9 10 11 12 13 14 15 16 17 18 19 20 21 22 23 24 25 26 27
 28 29 30 31 32 33 34 35 36 37 38 39 40 41 42 43 44 45 46 47 48 49 50 51
 52 53 54 55 56 57 58 59 60 61 62 63 64 65 66 67 68 69 70 71 72 73 74 75
 76 77 78 79 80]
[2024-11-07 13:24:25,358][func.train][INFO] - [DATASET] split: test video_indices: [65]
[2024-11-07 13:24:25,419][func.train][INFO] - [DATASET] test size: 46826
[2024-11-07 13:24:25,419][func.train][INFO] - [DATASET] test video_indices: [65]
[2024-11-07 13:24:25,419][func.train][INFO] - [DATASET] video_idx: 65
[2024-11-07 13:24:25,426][func.train][INFO] - [DATASET] Sampled video_idx: 65 at 25 fps to 1873 frames
[2024-11-07 13:24:25,427][func.train][INFO] - [DATASET] video 65 phase_labels: torch.Size([1873])
[2024-11-07 13:24:25,519][func.train][INFO] - [DATASET] gt_remaining_time h=5: torch.Size([1873, 8])
[2024-11-07 13:24:25,519][func.train][INFO] - 

[2024-11-07 13:24:25,535][func.train][INFO] - [DATASET] Saved gt_remaining_time for video 65
[2024-11-07 13:24:25,538][func.train][INFO] - [DATASET] Saved video durations
[2024-11-07 13:24:25,539][func.train][INFO] - [DATASET] number of test videos: 1
[2024-11-07 13:24:25,539][func.train][INFO] - [DATASET] avg video length: 31.22 minutes
[2024-11-07 13:24:26,967][func.train][INFO] - [DATASET] df unique videos: [1 2 3 4 5 6 7 8 9 10 11 12 13 14 15 16 17 18 19 20 21 22 23 24 25 26 27
 28 29 30 31 32 33 34 35 36 37 38 39 40 41 42 43 44 45 46 47 48 49 50 51
 52 53 54 55 56 57 58 59 60 61 62 63 64 65 66 67 68 69 70 71 72 73 74 75
 76 77 78 79 80]
[2024-11-07 13:24:26,968][func.train][INFO] - [DATASET] split: test video_indices: [66]
[2024-11-07 13:24:27,030][func.train][INFO] - [DATASET] test size: 45601
[2024-11-07 13:24:27,030][func.train][INFO] - [DATASET] test video_indices: [66]
[2024-11-07 13:24:27,030][func.train][INFO] - [DATASET] video_idx: 66
[2024-11-07 13:24:27,038][func.train][INFO] - [DATASET] Sampled video_idx: 66 at 25 fps to 1824 frames
[2024-11-07 13:24:27,038][func.train][INFO] - [DATASET] video 66 phase_labels: torch.Size([1824])
[2024-11-07 13:24:27,122][func.train][INFO] - [DATASET] gt_remaining_time h=5: torch.Size([1824, 8])
[2024-11-07 13:24:27,122][func.train][INFO] - 

[2024-11-07 13:24:27,139][func.train][INFO] - [DATASET] Saved gt_remaining_time for video 66
[2024-11-07 13:24:27,142][func.train][INFO] - [DATASET] Saved video durations
[2024-11-07 13:24:27,144][func.train][INFO] - [DATASET] number of test videos: 1
[2024-11-07 13:24:27,144][func.train][INFO] - [DATASET] avg video length: 30.40 minutes
[2024-11-07 13:24:28,595][func.train][INFO] - [DATASET] df unique videos: [1 2 3 4 5 6 7 8 9 10 11 12 13 14 15 16 17 18 19 20 21 22 23 24 25 26 27
 28 29 30 31 32 33 34 35 36 37 38 39 40 41 42 43 44 45 46 47 48 49 50 51
 52 53 54 55 56 57 58 59 60 61 62 63 64 65 66 67 68 69 70 71 72 73 74 75
 76 77 78 79 80]
[2024-11-07 13:24:28,595][func.train][INFO] - [DATASET] split: test video_indices: [67]
[2024-11-07 13:24:28,662][func.train][INFO] - [DATASET] test size: 58826
[2024-11-07 13:24:28,662][func.train][INFO] - [DATASET] test video_indices: [67]
[2024-11-07 13:24:28,662][func.train][INFO] - [DATASET] video_idx: 67
[2024-11-07 13:24:28,672][func.train][INFO] - [DATASET] Sampled video_idx: 67 at 25 fps to 2353 frames
[2024-11-07 13:24:28,673][func.train][INFO] - [DATASET] video 67 phase_labels: torch.Size([2353])
[2024-11-07 13:24:28,779][func.train][INFO] - [DATASET] gt_remaining_time h=5: torch.Size([2353, 8])
[2024-11-07 13:24:28,780][func.train][INFO] - 

[2024-11-07 13:24:28,801][func.train][INFO] - [DATASET] Saved gt_remaining_time for video 67
[2024-11-07 13:24:28,804][func.train][INFO] - [DATASET] Saved video durations
[2024-11-07 13:24:28,806][func.train][INFO] - [DATASET] number of test videos: 1
[2024-11-07 13:24:28,807][func.train][INFO] - [DATASET] avg video length: 39.22 minutes
[2024-11-07 13:24:31,719][func.train][INFO] - [DATASET] df unique videos: [1 2 3 4 5 6 7 8 9 10 11 12 13 14 15 16 17 18 19 20 21 22 23 24 25 26 27
 28 29 30 31 32 33 34 35 36 37 38 39 40 41 42 43 44 45 46 47 48 49 50 51
 52 53 54 55 56 57 58 59 60 61 62 63 64 65 66 67 68 69 70 71 72 73 74 75
 76 77 78 79 80]
[2024-11-07 13:24:31,719][func.train][INFO] - [DATASET] split: test video_indices: [68]
[2024-11-07 13:24:31,783][func.train][INFO] - [DATASET] test size: 49301
[2024-11-07 13:24:31,783][func.train][INFO] - [DATASET] test video_indices: [68]
[2024-11-07 13:24:31,783][func.train][INFO] - [DATASET] video_idx: 68
[2024-11-07 13:24:31,792][func.train][INFO] - [DATASET] Sampled video_idx: 68 at 25 fps to 1972 frames
[2024-11-07 13:24:31,792][func.train][INFO] - [DATASET] video 68 phase_labels: torch.Size([1972])
[2024-11-07 13:24:31,883][func.train][INFO] - [DATASET] gt_remaining_time h=5: torch.Size([1972, 8])
[2024-11-07 13:24:31,883][func.train][INFO] - 

[2024-11-07 13:24:31,900][func.train][INFO] - [DATASET] Saved gt_remaining_time for video 68
[2024-11-07 13:24:31,910][func.train][INFO] - [DATASET] Saved video durations
[2024-11-07 13:24:31,910][func.train][INFO] - [DATASET] number of test videos: 1
[2024-11-07 13:24:31,910][func.train][INFO] - [DATASET] avg video length: 32.87 minutes
[2024-11-07 13:24:33,389][func.train][INFO] - [DATASET] df unique videos: [1 2 3 4 5 6 7 8 9 10 11 12 13 14 15 16 17 18 19 20 21 22 23 24 25 26 27
 28 29 30 31 32 33 34 35 36 37 38 39 40 41 42 43 44 45 46 47 48 49 50 51
 52 53 54 55 56 57 58 59 60 61 62 63 64 65 66 67 68 69 70 71 72 73 74 75
 76 77 78 79 80]
[2024-11-07 13:24:33,390][func.train][INFO] - [DATASET] split: test video_indices: [69]
[2024-11-07 13:24:33,472][func.train][INFO] - [DATASET] test size: 114376
[2024-11-07 13:24:33,473][func.train][INFO] - [DATASET] test video_indices: [69]
[2024-11-07 13:24:33,473][func.train][INFO] - [DATASET] video_idx: 69
[2024-11-07 13:24:33,493][func.train][INFO] - [DATASET] Sampled video_idx: 69 at 25 fps to 4575 frames
[2024-11-07 13:24:33,494][func.train][INFO] - [DATASET] video 69 phase_labels: torch.Size([4575])
[2024-11-07 13:24:33,656][func.train][INFO] - [DATASET] gt_remaining_time h=5: torch.Size([4575, 8])
[2024-11-07 13:24:33,656][func.train][INFO] - 

[2024-11-07 13:24:33,689][func.train][INFO] - [DATASET] Saved gt_remaining_time for video 69
[2024-11-07 13:24:33,696][func.train][INFO] - [DATASET] Saved video durations
[2024-11-07 13:24:33,697][func.train][INFO] - [DATASET] number of test videos: 1
[2024-11-07 13:24:33,697][func.train][INFO] - [DATASET] avg video length: 76.25 minutes
[2024-11-07 13:24:35,152][func.train][INFO] - [DATASET] df unique videos: [1 2 3 4 5 6 7 8 9 10 11 12 13 14 15 16 17 18 19 20 21 22 23 24 25 26 27
 28 29 30 31 32 33 34 35 36 37 38 39 40 41 42 43 44 45 46 47 48 49 50 51
 52 53 54 55 56 57 58 59 60 61 62 63 64 65 66 67 68 69 70 71 72 73 74 75
 76 77 78 79 80]
[2024-11-07 13:24:35,153][func.train][INFO] - [DATASET] split: test video_indices: [70]
[2024-11-07 13:24:35,209][func.train][INFO] - [DATASET] test size: 29851
[2024-11-07 13:24:35,209][func.train][INFO] - [DATASET] test video_indices: [70]
[2024-11-07 13:24:35,209][func.train][INFO] - [DATASET] video_idx: 70
[2024-11-07 13:24:35,214][func.train][INFO] - [DATASET] Sampled video_idx: 70 at 25 fps to 1194 frames
[2024-11-07 13:24:35,215][func.train][INFO] - [DATASET] video 70 phase_labels: torch.Size([1194])
[2024-11-07 13:24:35,286][func.train][INFO] - [DATASET] gt_remaining_time h=5: torch.Size([1194, 8])
[2024-11-07 13:24:35,287][func.train][INFO] - 

[2024-11-07 13:24:35,298][func.train][INFO] - [DATASET] Saved gt_remaining_time for video 70
[2024-11-07 13:24:35,303][func.train][INFO] - [DATASET] Saved video durations
[2024-11-07 13:24:35,303][func.train][INFO] - [DATASET] number of test videos: 1
[2024-11-07 13:24:35,303][func.train][INFO] - [DATASET] avg video length: 19.90 minutes
[2024-11-07 13:24:36,713][func.train][INFO] - [DATASET] df unique videos: [1 2 3 4 5 6 7 8 9 10 11 12 13 14 15 16 17 18 19 20 21 22 23 24 25 26 27
 28 29 30 31 32 33 34 35 36 37 38 39 40 41 42 43 44 45 46 47 48 49 50 51
 52 53 54 55 56 57 58 59 60 61 62 63 64 65 66 67 68 69 70 71 72 73 74 75
 76 77 78 79 80]
[2024-11-07 13:24:36,713][func.train][INFO] - [DATASET] split: test video_indices: [71]
[2024-11-07 13:24:36,781][func.train][INFO] - [DATASET] test size: 62876
[2024-11-07 13:24:36,781][func.train][INFO] - [DATASET] test video_indices: [71]
[2024-11-07 13:24:36,781][func.train][INFO] - [DATASET] video_idx: 71
[2024-11-07 13:24:36,792][func.train][INFO] - [DATASET] Sampled video_idx: 71 at 25 fps to 2515 frames
[2024-11-07 13:24:36,793][func.train][INFO] - [DATASET] video 71 phase_labels: torch.Size([2515])
[2024-11-07 13:24:36,885][func.train][INFO] - [DATASET] gt_remaining_time h=5: torch.Size([2515, 8])
[2024-11-07 13:24:36,885][func.train][INFO] - 

[2024-11-07 13:24:36,904][func.train][INFO] - [DATASET] Saved gt_remaining_time for video 71
[2024-11-07 13:24:36,909][func.train][INFO] - [DATASET] Saved video durations
[2024-11-07 13:24:36,910][func.train][INFO] - [DATASET] number of test videos: 1
[2024-11-07 13:24:36,910][func.train][INFO] - [DATASET] avg video length: 41.92 minutes
[2024-11-07 13:24:38,322][func.train][INFO] - [DATASET] df unique videos: [1 2 3 4 5 6 7 8 9 10 11 12 13 14 15 16 17 18 19 20 21 22 23 24 25 26 27
 28 29 30 31 32 33 34 35 36 37 38 39 40 41 42 43 44 45 46 47 48 49 50 51
 52 53 54 55 56 57 58 59 60 61 62 63 64 65 66 67 68 69 70 71 72 73 74 75
 76 77 78 79 80]
[2024-11-07 13:24:38,322][func.train][INFO] - [DATASET] split: test video_indices: [72]
[2024-11-07 13:24:38,391][func.train][INFO] - [DATASET] test size: 77651
[2024-11-07 13:24:38,391][func.train][INFO] - [DATASET] test video_indices: [72]
[2024-11-07 13:24:38,392][func.train][INFO] - [DATASET] video_idx: 72
[2024-11-07 13:24:38,405][func.train][INFO] - [DATASET] Sampled video_idx: 72 at 25 fps to 3106 frames
[2024-11-07 13:24:38,406][func.train][INFO] - [DATASET] video 72 phase_labels: torch.Size([3106])
[2024-11-07 13:24:38,519][func.train][INFO] - [DATASET] gt_remaining_time h=5: torch.Size([3106, 8])
[2024-11-07 13:24:38,519][func.train][INFO] - 

[2024-11-07 13:24:38,545][func.train][INFO] - [DATASET] Saved gt_remaining_time for video 72
[2024-11-07 13:24:38,549][func.train][INFO] - [DATASET] Saved video durations
[2024-11-07 13:24:38,550][func.train][INFO] - [DATASET] number of test videos: 1
[2024-11-07 13:24:38,550][func.train][INFO] - [DATASET] avg video length: 51.77 minutes
[2024-11-07 13:24:39,965][func.train][INFO] - [DATASET] df unique videos: [1 2 3 4 5 6 7 8 9 10 11 12 13 14 15 16 17 18 19 20 21 22 23 24 25 26 27
 28 29 30 31 32 33 34 35 36 37 38 39 40 41 42 43 44 45 46 47 48 49 50 51
 52 53 54 55 56 57 58 59 60 61 62 63 64 65 66 67 68 69 70 71 72 73 74 75
 76 77 78 79 80]
[2024-11-07 13:24:39,965][func.train][INFO] - [DATASET] split: test video_indices: [73]
[2024-11-07 13:24:40,022][func.train][INFO] - [DATASET] test size: 33901
[2024-11-07 13:24:40,022][func.train][INFO] - [DATASET] test video_indices: [73]
[2024-11-07 13:24:40,022][func.train][INFO] - [DATASET] video_idx: 73
[2024-11-07 13:24:40,028][func.train][INFO] - [DATASET] Sampled video_idx: 73 at 25 fps to 1356 frames
[2024-11-07 13:24:40,028][func.train][INFO] - [DATASET] video 73 phase_labels: torch.Size([1356])
[2024-11-07 13:24:40,113][func.train][INFO] - [DATASET] gt_remaining_time h=5: torch.Size([1356, 8])
[2024-11-07 13:24:40,113][func.train][INFO] - 

[2024-11-07 13:24:40,128][func.train][INFO] - [DATASET] Saved gt_remaining_time for video 73
[2024-11-07 13:24:40,133][func.train][INFO] - [DATASET] Saved video durations
[2024-11-07 13:24:40,135][func.train][INFO] - [DATASET] number of test videos: 1
[2024-11-07 13:24:40,135][func.train][INFO] - [DATASET] avg video length: 22.60 minutes
[2024-11-07 13:24:41,606][func.train][INFO] - [DATASET] df unique videos: [1 2 3 4 5 6 7 8 9 10 11 12 13 14 15 16 17 18 19 20 21 22 23 24 25 26 27
 28 29 30 31 32 33 34 35 36 37 38 39 40 41 42 43 44 45 46 47 48 49 50 51
 52 53 54 55 56 57 58 59 60 61 62 63 64 65 66 67 68 69 70 71 72 73 74 75
 76 77 78 79 80]
[2024-11-07 13:24:41,606][func.train][INFO] - [DATASET] split: test video_indices: [74]
[2024-11-07 13:24:41,672][func.train][INFO] - [DATASET] test size: 40851
[2024-11-07 13:24:41,672][func.train][INFO] - [DATASET] test video_indices: [74]
[2024-11-07 13:24:41,672][func.train][INFO] - [DATASET] video_idx: 74
[2024-11-07 13:24:41,679][func.train][INFO] - [DATASET] Sampled video_idx: 74 at 25 fps to 1634 frames
[2024-11-07 13:24:41,679][func.train][INFO] - [DATASET] video 74 phase_labels: torch.Size([1634])
[2024-11-07 13:24:41,762][func.train][INFO] - [DATASET] gt_remaining_time h=5: torch.Size([1634, 8])
[2024-11-07 13:24:41,762][func.train][INFO] - 

[2024-11-07 13:24:41,776][func.train][INFO] - [DATASET] Saved gt_remaining_time for video 74
[2024-11-07 13:24:41,778][func.train][INFO] - [DATASET] Saved video durations
[2024-11-07 13:24:41,781][func.train][INFO] - [DATASET] number of test videos: 1
[2024-11-07 13:24:41,781][func.train][INFO] - [DATASET] avg video length: 27.23 minutes
[2024-11-07 13:24:43,219][func.train][INFO] - [DATASET] df unique videos: [1 2 3 4 5 6 7 8 9 10 11 12 13 14 15 16 17 18 19 20 21 22 23 24 25 26 27
 28 29 30 31 32 33 34 35 36 37 38 39 40 41 42 43 44 45 46 47 48 49 50 51
 52 53 54 55 56 57 58 59 60 61 62 63 64 65 66 67 68 69 70 71 72 73 74 75
 76 77 78 79 80]
[2024-11-07 13:24:43,219][func.train][INFO] - [DATASET] split: test video_indices: [75]
[2024-11-07 13:24:43,283][func.train][INFO] - [DATASET] test size: 48076
[2024-11-07 13:24:43,283][func.train][INFO] - [DATASET] test video_indices: [75]
[2024-11-07 13:24:43,284][func.train][INFO] - [DATASET] video_idx: 75
[2024-11-07 13:24:43,297][func.train][INFO] - [DATASET] Sampled video_idx: 75 at 25 fps to 1923 frames
[2024-11-07 13:24:43,297][func.train][INFO] - [DATASET] video 75 phase_labels: torch.Size([1923])
[2024-11-07 13:24:43,381][func.train][INFO] - [DATASET] gt_remaining_time h=5: torch.Size([1923, 8])
[2024-11-07 13:24:43,381][func.train][INFO] - 

[2024-11-07 13:24:43,395][func.train][INFO] - [DATASET] Saved gt_remaining_time for video 75
[2024-11-07 13:24:43,397][func.train][INFO] - [DATASET] Saved video durations
[2024-11-07 13:24:43,398][func.train][INFO] - [DATASET] number of test videos: 1
[2024-11-07 13:24:43,398][func.train][INFO] - [DATASET] avg video length: 32.05 minutes
[2024-11-07 13:24:44,864][func.train][INFO] - [DATASET] df unique videos: [1 2 3 4 5 6 7 8 9 10 11 12 13 14 15 16 17 18 19 20 21 22 23 24 25 26 27
 28 29 30 31 32 33 34 35 36 37 38 39 40 41 42 43 44 45 46 47 48 49 50 51
 52 53 54 55 56 57 58 59 60 61 62 63 64 65 66 67 68 69 70 71 72 73 74 75
 76 77 78 79 80]
[2024-11-07 13:24:44,864][func.train][INFO] - [DATASET] split: test video_indices: [76]
[2024-11-07 13:24:44,930][func.train][INFO] - [DATASET] test size: 66226
[2024-11-07 13:24:44,930][func.train][INFO] - [DATASET] test video_indices: [76]
[2024-11-07 13:24:44,930][func.train][INFO] - [DATASET] video_idx: 76
[2024-11-07 13:24:44,941][func.train][INFO] - [DATASET] Sampled video_idx: 76 at 25 fps to 2649 frames
[2024-11-07 13:24:44,942][func.train][INFO] - [DATASET] video 76 phase_labels: torch.Size([2649])
[2024-11-07 13:24:45,044][func.train][INFO] - [DATASET] gt_remaining_time h=5: torch.Size([2649, 8])
[2024-11-07 13:24:45,045][func.train][INFO] - 

[2024-11-07 13:24:45,066][func.train][INFO] - [DATASET] Saved gt_remaining_time for video 76
[2024-11-07 13:24:45,068][func.train][INFO] - [DATASET] Saved video durations
[2024-11-07 13:24:45,068][func.train][INFO] - [DATASET] number of test videos: 1
[2024-11-07 13:24:45,068][func.train][INFO] - [DATASET] avg video length: 44.15 minutes
[2024-11-07 13:24:46,477][func.train][INFO] - [DATASET] df unique videos: [1 2 3 4 5 6 7 8 9 10 11 12 13 14 15 16 17 18 19 20 21 22 23 24 25 26 27
 28 29 30 31 32 33 34 35 36 37 38 39 40 41 42 43 44 45 46 47 48 49 50 51
 52 53 54 55 56 57 58 59 60 61 62 63 64 65 66 67 68 69 70 71 72 73 74 75
 76 77 78 79 80]
[2024-11-07 13:24:46,478][func.train][INFO] - [DATASET] split: test video_indices: [77]
[2024-11-07 13:24:46,543][func.train][INFO] - [DATASET] test size: 62551
[2024-11-07 13:24:46,543][func.train][INFO] - [DATASET] test video_indices: [77]
[2024-11-07 13:24:46,543][func.train][INFO] - [DATASET] video_idx: 77
[2024-11-07 13:24:46,553][func.train][INFO] - [DATASET] Sampled video_idx: 77 at 25 fps to 2502 frames
[2024-11-07 13:24:46,554][func.train][INFO] - [DATASET] video 77 phase_labels: torch.Size([2502])
[2024-11-07 13:24:46,670][func.train][INFO] - [DATASET] gt_remaining_time h=5: torch.Size([2502, 8])
[2024-11-07 13:24:46,670][func.train][INFO] - 

[2024-11-07 13:24:46,688][func.train][INFO] - [DATASET] Saved gt_remaining_time for video 77
[2024-11-07 13:24:46,692][func.train][INFO] - [DATASET] Saved video durations
[2024-11-07 13:24:46,697][func.train][INFO] - [DATASET] number of test videos: 1
[2024-11-07 13:24:46,697][func.train][INFO] - [DATASET] avg video length: 41.70 minutes
[2024-11-07 13:24:48,093][func.train][INFO] - [DATASET] df unique videos: [1 2 3 4 5 6 7 8 9 10 11 12 13 14 15 16 17 18 19 20 21 22 23 24 25 26 27
 28 29 30 31 32 33 34 35 36 37 38 39 40 41 42 43 44 45 46 47 48 49 50 51
 52 53 54 55 56 57 58 59 60 61 62 63 64 65 66 67 68 69 70 71 72 73 74 75
 76 77 78 79 80]
[2024-11-07 13:24:48,094][func.train][INFO] - [DATASET] split: test video_indices: [78]
[2024-11-07 13:24:48,147][func.train][INFO] - [DATASET] test size: 18476
[2024-11-07 13:24:48,147][func.train][INFO] - [DATASET] test video_indices: [78]
[2024-11-07 13:24:48,147][func.train][INFO] - [DATASET] video_idx: 78
[2024-11-07 13:24:48,151][func.train][INFO] - [DATASET] Sampled video_idx: 78 at 25 fps to 739 frames
[2024-11-07 13:24:48,151][func.train][INFO] - [DATASET] video 78 phase_labels: torch.Size([739])
[2024-11-07 13:24:48,212][func.train][INFO] - [DATASET] gt_remaining_time h=5: torch.Size([739, 8])
[2024-11-07 13:24:48,213][func.train][INFO] - 

[2024-11-07 13:24:48,223][func.train][INFO] - [DATASET] Saved gt_remaining_time for video 78
[2024-11-07 13:24:48,225][func.train][INFO] - [DATASET] Saved video durations
[2024-11-07 13:24:48,226][func.train][INFO] - [DATASET] number of test videos: 1
[2024-11-07 13:24:48,226][func.train][INFO] - [DATASET] avg video length: 12.32 minutes
[2024-11-07 13:24:49,725][func.train][INFO] - [DATASET] df unique videos: [1 2 3 4 5 6 7 8 9 10 11 12 13 14 15 16 17 18 19 20 21 22 23 24 25 26 27
 28 29 30 31 32 33 34 35 36 37 38 39 40 41 42 43 44 45 46 47 48 49 50 51
 52 53 54 55 56 57 58 59 60 61 62 63 64 65 66 67 68 69 70 71 72 73 74 75
 76 77 78 79 80]
[2024-11-07 13:24:49,725][func.train][INFO] - [DATASET] split: test video_indices: [79]
[2024-11-07 13:24:49,805][func.train][INFO] - [DATASET] test size: 85351
[2024-11-07 13:24:49,805][func.train][INFO] - [DATASET] test video_indices: [79]
[2024-11-07 13:24:49,805][func.train][INFO] - [DATASET] video_idx: 79
[2024-11-07 13:24:49,824][func.train][INFO] - [DATASET] Sampled video_idx: 79 at 25 fps to 3414 frames
[2024-11-07 13:24:49,825][func.train][INFO] - [DATASET] video 79 phase_labels: torch.Size([3414])
[2024-11-07 13:24:49,948][func.train][INFO] - [DATASET] gt_remaining_time h=5: torch.Size([3414, 8])
[2024-11-07 13:24:49,948][func.train][INFO] - 

[2024-11-07 13:24:49,975][func.train][INFO] - [DATASET] Saved gt_remaining_time for video 79
[2024-11-07 13:24:49,980][func.train][INFO] - [DATASET] Saved video durations
[2024-11-07 13:24:49,981][func.train][INFO] - [DATASET] number of test videos: 1
[2024-11-07 13:24:49,981][func.train][INFO] - [DATASET] avg video length: 56.90 minutes
[2024-11-07 13:24:51,479][func.train][INFO] - [DATASET] df unique videos: [1 2 3 4 5 6 7 8 9 10 11 12 13 14 15 16 17 18 19 20 21 22 23 24 25 26 27
 28 29 30 31 32 33 34 35 36 37 38 39 40 41 42 43 44 45 46 47 48 49 50 51
 52 53 54 55 56 57 58 59 60 61 62 63 64 65 66 67 68 69 70 71 72 73 74 75
 76 77 78 79 80]
[2024-11-07 13:24:51,480][func.train][INFO] - [DATASET] split: test video_indices: [80]
[2024-11-07 13:24:51,540][func.train][INFO] - [DATASET] test size: 43101
[2024-11-07 13:24:51,540][func.train][INFO] - [DATASET] test video_indices: [80]
[2024-11-07 13:24:51,540][func.train][INFO] - [DATASET] video_idx: 80
[2024-11-07 13:24:51,547][func.train][INFO] - [DATASET] Sampled video_idx: 80 at 25 fps to 1724 frames
[2024-11-07 13:24:51,548][func.train][INFO] - [DATASET] video 80 phase_labels: torch.Size([1724])
[2024-11-07 13:24:51,633][func.train][INFO] - [DATASET] gt_remaining_time h=5: torch.Size([1724, 8])
[2024-11-07 13:24:51,633][func.train][INFO] - 

[2024-11-07 13:24:51,646][func.train][INFO] - [DATASET] Saved gt_remaining_time for video 80
[2024-11-07 13:24:51,649][func.train][INFO] - [DATASET] Saved video durations
[2024-11-07 13:24:51,651][func.train][INFO] - [DATASET] number of test videos: 1
[2024-11-07 13:24:51,651][func.train][INFO] - [DATASET] avg video length: 28.73 minutes
[2024-11-07 13:24:51,682][func.train][INFO] - Time to load datasets: 0.98 min
[2024-11-07 13:24:51,683][func.train][INFO] - Creating data loaders
[2024-11-07 13:24:54,533][func.train][INFO] - Saved video durations to test_video_durations.json
[2024-11-07 13:24:54,534][func.train][INFO] - Creating model with {'one': 7} classes
[2024-11-07 13:24:56,344][func.train][INFO] - [MAIN] Number of tokens: 136873
[2024-11-07 13:24:56,344][func.train][INFO] - [MAIN] Number of parameters: 22766816
[2024-11-07 13:24:56,344][func.train][INFO] - [MAIN] Token-to-Parameter Ratio is ideally between [1:1 to 10:1]: 0.006012
[2024-11-07 13:24:56,345][func.train][WARNING] - [MAIN] Data-to-Parameter-Ratio is outside the interval [1:1 to 10:1]
[2024-11-07 13:24:56,346][func.train][INFO] - Using LR 0.000300 WD 0.000010 for parameters
[2024-11-07 13:24:56,346][func.train][INFO] - Using LR 0.000300 WD 0.000010 for parameters
[2024-11-07 13:24:56,354][func.train][WARNING] - No checkpoint found at checkpoint_best.pth
[2024-11-07 13:24:56,354][func.train][INFO] - Wrapping model into DP
[2024-11-07 13:24:56,531][func.train][INFO] - Start training
[2024-11-07 13:24:56,535][func.train][INFO] - Storing checkpoints every 60.00 mins
[2024-11-07 13:24:57,866][func.train][INFO] - [TRAINING] Step 0/2139 | Loss: 2.69 | Acc (curr_frames): 0.05 | time-left: 47.44 min
[2024-11-07 13:25:34,301][func.train][INFO] - [TRAINING] Step 100/2139 | Loss: 2.89 | Acc (curr_frames): 0.09 | time-left: 12.70 min
[2024-11-07 13:26:09,698][func.train][INFO] - [TRAINING] Step 200/2139 | Loss: 2.83 | Acc (curr_frames): 0.06 | time-left: 11.76 min
[2024-11-07 13:26:46,497][func.train][INFO] - [TRAINING] Step 300/2139 | Loss: 3.09 | Acc (curr_frames): 0.10 | time-left: 11.19 min
[2024-11-07 13:27:21,699][func.train][INFO] - [TRAINING] Step 400/2139 | Loss: 2.54 | Acc (curr_frames): 0.11 | time-left: 10.49 min
[2024-11-07 13:27:58,500][func.train][INFO] - [TRAINING] Step 500/2139 | Loss: 2.56 | Acc (curr_frames): 0.14 | time-left: 9.92 min
[2024-11-07 13:28:35,290][func.train][INFO] - [TRAINING] Step 600/2139 | Loss: 2.53 | Acc (curr_frames): 0.15 | time-left: 9.33 min
[2024-11-07 13:29:11,338][func.train][INFO] - [TRAINING] Step 700/2139 | Loss: 2.48 | Acc (curr_frames): 0.15 | time-left: 8.71 min
[2024-11-07 13:29:48,177][func.train][INFO] - [TRAINING] Step 800/2139 | Loss: 2.37 | Acc (curr_frames): 0.13 | time-left: 8.12 min
[2024-11-07 13:30:25,154][func.train][INFO] - [TRAINING] Step 900/2139 | Loss: 2.06 | Acc (curr_frames): 0.11 | time-left: 7.53 min
[2024-11-07 13:31:00,956][func.train][INFO] - [TRAINING] Step 1000/2139 | Loss: 1.81 | Acc (curr_frames): 0.19 | time-left: 6.90 min
[2024-11-07 13:31:36,966][func.train][INFO] - [TRAINING] Step 1100/2139 | Loss: 1.69 | Acc (curr_frames): 0.21 | time-left: 6.29 min
[2024-11-07 13:32:13,094][func.train][INFO] - [TRAINING] Step 1200/2139 | Loss: 1.53 | Acc (curr_frames): 0.17 | time-left: 5.68 min
[2024-11-07 13:32:50,477][func.train][INFO] - [TRAINING] Step 1300/2139 | Loss: 1.44 | Acc (curr_frames): 0.22 | time-left: 5.09 min
