[2024-04-30 21:43:55,940][func.train][INFO] - Dist info:
[2024-04-30 21:43:55,941][func.train][INFO] - torch version: 2.2.2+cu121
[2024-04-30 21:43:55,941][func.train][INFO] - torchvision version: 0.17.2+cu121
[2024-04-30 21:43:55,941][func.train][INFO] - hydra version: 1.3.2
[2024-04-30 21:43:55,947][func.train][INFO] - Loading data
[2024-04-30 21:43:55,947][func.train][INFO] - Loading datasets
[2024-04-30 21:43:58,647][func.train][INFO] - [DATASET] ALL loaded dataframe in 0m 3s
[2024-04-30 21:43:58,647][func.train][INFO] - [DATASET] ALL loaded dataframe: (4612530, 11)
[2024-04-30 21:43:59,304][func.train][INFO] - [DATASET] params: {'debug': False, 'dataset_name': 'cholec80', 'reduc_feats_folder': 'train_targets_x_mp/', 'num_classes': 7, 'num_next_labels': 6, 'last_seg_class': 7, 'predict_next_phase': True, 'get_target_feats': False, 'replace_current_with_next_class': False}
[2024-04-30 21:44:02,876][func.train][INFO] - [DATASET] train size: 2157640
[2024-04-30 21:44:02,877][func.train][INFO] - [DATASET] train video_indices: [1, 2, 3, 4, 5, 6, 7, 8, 9, 10, 11, 12, 13, 14, 15, 16, 17, 18, 19, 20, 21, 22, 23, 24, 25, 26, 27, 28, 29, 30, 31, 32, 33, 34, 35, 36, 37, 38, 39, 40]
[2024-04-30 21:44:02,989][func.train][INFO] - [DATASET] Sampling video_idx: 1 at 25 fps to 1733 frames
[2024-04-30 21:44:03,015][func.train][INFO] - [DATASET] video 1 label_list: torch.Size([1733])
[2024-04-30 21:44:03,352][func.train][INFO] - [DATASET] Sampling video_idx: 2 at 25 fps to 2839 frames
[2024-04-30 21:44:03,353][func.train][INFO] - [DATASET] video 2 label_list: torch.Size([2839])
[2024-04-30 21:44:03,495][func.train][INFO] - [DATASET] Sampling video_idx: 3 at 25 fps to 5828 frames
[2024-04-30 21:44:03,496][func.train][INFO] - [DATASET] video 3 label_list: torch.Size([5828])
[2024-04-30 21:44:03,629][func.train][INFO] - [DATASET] Sampling video_idx: 4 at 25 fps to 1522 frames
[2024-04-30 21:44:03,630][func.train][INFO] - [DATASET] video 4 label_list: torch.Size([1522])
[2024-04-30 21:44:03,747][func.train][INFO] - [DATASET] Sampling video_idx: 5 at 25 fps to 2344 frames
[2024-04-30 21:44:03,748][func.train][INFO] - [DATASET] video 5 label_list: torch.Size([2344])
[2024-04-30 21:44:03,869][func.train][INFO] - [DATASET] Sampling video_idx: 6 at 25 fps to 2153 frames
[2024-04-30 21:44:03,870][func.train][INFO] - [DATASET] video 6 label_list: torch.Size([2153])
[2024-04-30 21:44:03,999][func.train][INFO] - [DATASET] Sampling video_idx: 7 at 25 fps to 4557 frames
[2024-04-30 21:44:04,000][func.train][INFO] - [DATASET] video 7 label_list: torch.Size([4557])
[2024-04-30 21:44:04,129][func.train][INFO] - [DATASET] Sampling video_idx: 8 at 25 fps to 1519 frames
[2024-04-30 21:44:04,130][func.train][INFO] - [DATASET] video 8 label_list: torch.Size([1519])
[2024-04-30 21:44:04,249][func.train][INFO] - [DATASET] Sampling video_idx: 9 at 25 fps to 2702 frames
[2024-04-30 21:44:04,250][func.train][INFO] - [DATASET] video 9 label_list: torch.Size([2702])
[2024-04-30 21:44:04,368][func.train][INFO] - [DATASET] Sampling video_idx: 10 at 25 fps to 1749 frames
[2024-04-30 21:44:04,369][func.train][INFO] - [DATASET] video 10 label_list: torch.Size([1749])
[2024-04-30 21:44:04,491][func.train][INFO] - [DATASET] Sampling video_idx: 11 at 25 fps to 3220 frames
[2024-04-30 21:44:04,492][func.train][INFO] - [DATASET] video 11 label_list: torch.Size([3220])
[2024-04-30 21:44:04,608][func.train][INFO] - [DATASET] Sampling video_idx: 12 at 25 fps to 1090 frames
[2024-04-30 21:44:04,609][func.train][INFO] - [DATASET] video 12 label_list: torch.Size([1090])
[2024-04-30 21:44:04,719][func.train][INFO] - [DATASET] Sampling video_idx: 13 at 25 fps to 981 frames
[2024-04-30 21:44:04,720][func.train][INFO] - [DATASET] video 13 label_list: torch.Size([981])
[2024-04-30 21:44:04,842][func.train][INFO] - [DATASET] Sampling video_idx: 14 at 25 fps to 1708 frames
[2024-04-30 21:44:04,843][func.train][INFO] - [DATASET] video 14 label_list: torch.Size([1708])
[2024-04-30 21:44:04,961][func.train][INFO] - [DATASET] Sampling video_idx: 15 at 25 fps to 2058 frames
[2024-04-30 21:44:04,962][func.train][INFO] - [DATASET] video 15 label_list: torch.Size([2058])
[2024-04-30 21:44:05,090][func.train][INFO] - [DATASET] Sampling video_idx: 16 at 25 fps to 2957 frames
[2024-04-30 21:44:05,091][func.train][INFO] - [DATASET] video 16 label_list: torch.Size([2957])
[2024-04-30 21:44:05,207][func.train][INFO] - [DATASET] Sampling video_idx: 17 at 25 fps to 1304 frames
[2024-04-30 21:44:05,208][func.train][INFO] - [DATASET] video 17 label_list: torch.Size([1304])
[2024-04-30 21:44:05,324][func.train][INFO] - [DATASET] Sampling video_idx: 18 at 25 fps to 1942 frames
[2024-04-30 21:44:05,325][func.train][INFO] - [DATASET] video 18 label_list: torch.Size([1942])
[2024-04-30 21:44:05,454][func.train][INFO] - [DATASET] Sampling video_idx: 19 at 25 fps to 2424 frames
[2024-04-30 21:44:05,455][func.train][INFO] - [DATASET] video 19 label_list: torch.Size([2424])
[2024-04-30 21:44:05,571][func.train][INFO] - [DATASET] Sampling video_idx: 20 at 25 fps to 1449 frames
[2024-04-30 21:44:05,572][func.train][INFO] - [DATASET] video 20 label_list: torch.Size([1449])
[2024-04-30 21:44:05,688][func.train][INFO] - [DATASET] Sampling video_idx: 21 at 25 fps to 1258 frames
[2024-04-30 21:44:05,689][func.train][INFO] - [DATASET] video 21 label_list: torch.Size([1258])
[2024-04-30 21:44:05,803][func.train][INFO] - [DATASET] Sampling video_idx: 22 at 25 fps to 1532 frames
[2024-04-30 21:44:05,804][func.train][INFO] - [DATASET] video 22 label_list: torch.Size([1532])
[2024-04-30 21:44:05,919][func.train][INFO] - [DATASET] Sampling video_idx: 23 at 25 fps to 1635 frames
[2024-04-30 21:44:05,920][func.train][INFO] - [DATASET] video 23 label_list: torch.Size([1635])
[2024-04-30 21:44:06,038][func.train][INFO] - [DATASET] Sampling video_idx: 24 at 25 fps to 1975 frames
[2024-04-30 21:44:06,038][func.train][INFO] - [DATASET] video 24 label_list: torch.Size([1975])
[2024-04-30 21:44:06,157][func.train][INFO] - [DATASET] Sampling video_idx: 25 at 25 fps to 2129 frames
[2024-04-30 21:44:06,158][func.train][INFO] - [DATASET] video 25 label_list: torch.Size([2129])
[2024-04-30 21:44:06,275][func.train][INFO] - [DATASET] Sampling video_idx: 26 at 25 fps to 1773 frames
[2024-04-30 21:44:06,275][func.train][INFO] - [DATASET] video 26 label_list: torch.Size([1773])
[2024-04-30 21:44:06,401][func.train][INFO] - [DATASET] Sampling video_idx: 27 at 25 fps to 2084 frames
[2024-04-30 21:44:06,401][func.train][INFO] - [DATASET] video 27 label_list: torch.Size([2084])
[2024-04-30 21:44:06,516][func.train][INFO] - [DATASET] Sampling video_idx: 28 at 25 fps to 1199 frames
[2024-04-30 21:44:06,516][func.train][INFO] - [DATASET] video 28 label_list: torch.Size([1199])
[2024-04-30 21:44:06,635][func.train][INFO] - [DATASET] Sampling video_idx: 29 at 25 fps to 2350 frames
[2024-04-30 21:44:06,636][func.train][INFO] - [DATASET] video 29 label_list: torch.Size([2350])
[2024-04-30 21:44:06,761][func.train][INFO] - [DATASET] Sampling video_idx: 30 at 25 fps to 2925 frames
[2024-04-30 21:44:06,762][func.train][INFO] - [DATASET] video 30 label_list: torch.Size([2925])
[2024-04-30 21:44:06,894][func.train][INFO] - [DATASET] Sampling video_idx: 31 at 25 fps to 3945 frames
[2024-04-30 21:44:06,895][func.train][INFO] - [DATASET] video 31 label_list: torch.Size([3945])
[2024-04-30 21:44:07,055][func.train][INFO] - [DATASET] Sampling video_idx: 32 at 25 fps to 2116 frames
[2024-04-30 21:44:07,056][func.train][INFO] - [DATASET] video 32 label_list: torch.Size([2116])
[2024-04-30 21:44:07,201][func.train][INFO] - [DATASET] Sampling video_idx: 33 at 25 fps to 1307 frames
[2024-04-30 21:44:07,202][func.train][INFO] - [DATASET] video 33 label_list: torch.Size([1307])
[2024-04-30 21:44:07,314][func.train][INFO] - [DATASET] Sampling video_idx: 34 at 25 fps to 1323 frames
[2024-04-30 21:44:07,314][func.train][INFO] - [DATASET] video 34 label_list: torch.Size([1323])
[2024-04-30 21:44:07,431][func.train][INFO] - [DATASET] Sampling video_idx: 35 at 25 fps to 2106 frames
[2024-04-30 21:44:07,432][func.train][INFO] - [DATASET] video 35 label_list: torch.Size([2106])
[2024-04-30 21:44:07,552][func.train][INFO] - [DATASET] Sampling video_idx: 36 at 25 fps to 2387 frames
[2024-04-30 21:44:07,553][func.train][INFO] - [DATASET] video 36 label_list: torch.Size([2387])
[2024-04-30 21:44:07,667][func.train][INFO] - [DATASET] Sampling video_idx: 37 at 25 fps to 1232 frames
[2024-04-30 21:44:07,667][func.train][INFO] - [DATASET] video 37 label_list: torch.Size([1232])
[2024-04-30 21:44:07,789][func.train][INFO] - [DATASET] Sampling video_idx: 38 at 25 fps to 3080 frames
[2024-04-30 21:44:07,790][func.train][INFO] - [DATASET] video 38 label_list: torch.Size([3080])
[2024-04-30 21:44:07,933][func.train][INFO] - [DATASET] Sampling video_idx: 39 at 25 fps to 1647 frames
[2024-04-30 21:44:07,937][func.train][INFO] - [DATASET] video 39 label_list: torch.Size([1647])
[2024-04-30 21:44:08,123][func.train][INFO] - [DATASET] Sampling video_idx: 40 at 25 fps to 2222 frames
[2024-04-30 21:44:08,124][func.train][INFO] - [DATASET] video 40 label_list: torch.Size([2222])
[2024-04-30 21:44:08,131][func.train][INFO] - [DATASET] number of train videos: 40
[2024-04-30 21:44:08,132][func.train][INFO] - [DATASET] avg video length: 35.96 minutes
[2024-04-30 21:44:08,404][func.train][INFO] - [DATASET] curr_class_weights: tensor([3.2825, 0.3343, 1.6823, 0.5112, 3.3179, 1.7079, 3.7585])
[2024-04-30 21:44:08,404][func.train][INFO] - [DATASET] next_class_weights: tensor([6.3322, 0.6448, 3.2452, 0.9861, 6.4005, 3.2946, 7.2504, 0.2288])
[2024-04-30 21:44:10,152][func.train][INFO] - [DATASET] test size: 77576
[2024-04-30 21:44:10,153][func.train][INFO] - [DATASET] test video_indices: [41]
[2024-04-30 21:44:10,170][func.train][INFO] - [DATASET] Sampling video_idx: 41 at 25 fps to 3103 frames
[2024-04-30 21:44:10,171][func.train][INFO] - [DATASET] video 41 label_list: torch.Size([3103])
[2024-04-30 21:44:10,184][func.train][INFO] - [DATASET] number of test videos: 1
[2024-04-30 21:44:10,184][func.train][INFO] - [DATASET] avg video length: 51.72 minutes
[2024-04-30 21:44:11,910][func.train][INFO] - [DATASET] test size: 92801
[2024-04-30 21:44:11,911][func.train][INFO] - [DATASET] test video_indices: [42]
[2024-04-30 21:44:11,930][func.train][INFO] - [DATASET] Sampling video_idx: 42 at 25 fps to 3712 frames
[2024-04-30 21:44:11,931][func.train][INFO] - [DATASET] video 42 label_list: torch.Size([3712])
[2024-04-30 21:44:11,946][func.train][INFO] - [DATASET] number of test videos: 1
[2024-04-30 21:44:11,947][func.train][INFO] - [DATASET] avg video length: 61.87 minutes
[2024-04-30 21:44:13,533][func.train][INFO] - [DATASET] test size: 59051
[2024-04-30 21:44:13,534][func.train][INFO] - [DATASET] test video_indices: [43]
[2024-04-30 21:44:13,547][func.train][INFO] - [DATASET] Sampling video_idx: 43 at 25 fps to 2362 frames
[2024-04-30 21:44:13,547][func.train][INFO] - [DATASET] video 43 label_list: torch.Size([2362])
[2024-04-30 21:44:13,556][func.train][INFO] - [DATASET] number of test videos: 1
[2024-04-30 21:44:13,556][func.train][INFO] - [DATASET] avg video length: 39.37 minutes
[2024-04-30 21:44:15,150][func.train][INFO] - [DATASET] test size: 78176
[2024-04-30 21:44:15,150][func.train][INFO] - [DATASET] test video_indices: [44]
[2024-04-30 21:44:15,166][func.train][INFO] - [DATASET] Sampling video_idx: 44 at 25 fps to 3127 frames
[2024-04-30 21:44:15,167][func.train][INFO] - [DATASET] video 44 label_list: torch.Size([3127])
[2024-04-30 21:44:15,176][func.train][INFO] - [DATASET] number of test videos: 1
[2024-04-30 21:44:15,176][func.train][INFO] - [DATASET] avg video length: 52.12 minutes
[2024-04-30 21:44:16,766][func.train][INFO] - [DATASET] test size: 84676
[2024-04-30 21:44:16,767][func.train][INFO] - [DATASET] test video_indices: [45]
[2024-04-30 21:44:16,785][func.train][INFO] - [DATASET] Sampling video_idx: 45 at 25 fps to 3387 frames
[2024-04-30 21:44:16,786][func.train][INFO] - [DATASET] video 45 label_list: torch.Size([3387])
[2024-04-30 21:44:16,798][func.train][INFO] - [DATASET] number of test videos: 1
[2024-04-30 21:44:16,799][func.train][INFO] - [DATASET] avg video length: 56.45 minutes
[2024-04-30 21:44:18,434][func.train][INFO] - [DATASET] test size: 41326
[2024-04-30 21:44:18,434][func.train][INFO] - [DATASET] test video_indices: [46]
[2024-04-30 21:44:18,443][func.train][INFO] - [DATASET] Sampling video_idx: 46 at 25 fps to 1653 frames
[2024-04-30 21:44:18,444][func.train][INFO] - [DATASET] video 46 label_list: torch.Size([1653])
[2024-04-30 21:44:18,457][func.train][INFO] - [DATASET] number of test videos: 1
[2024-04-30 21:44:18,457][func.train][INFO] - [DATASET] avg video length: 27.55 minutes
[2024-04-30 21:44:20,125][func.train][INFO] - [DATASET] test size: 56476
[2024-04-30 21:44:20,126][func.train][INFO] - [DATASET] test video_indices: [47]
[2024-04-30 21:44:20,137][func.train][INFO] - [DATASET] Sampling video_idx: 47 at 25 fps to 2259 frames
[2024-04-30 21:44:20,138][func.train][INFO] - [DATASET] video 47 label_list: torch.Size([2259])
[2024-04-30 21:44:20,144][func.train][INFO] - [DATASET] number of test videos: 1
[2024-04-30 21:44:20,144][func.train][INFO] - [DATASET] avg video length: 37.65 minutes
[2024-04-30 21:44:21,744][func.train][INFO] - [DATASET] test size: 45851
[2024-04-30 21:44:21,745][func.train][INFO] - [DATASET] test video_indices: [48]
[2024-04-30 21:44:21,754][func.train][INFO] - [DATASET] Sampling video_idx: 48 at 25 fps to 1834 frames
[2024-04-30 21:44:21,754][func.train][INFO] - [DATASET] video 48 label_list: torch.Size([1834])
[2024-04-30 21:44:21,761][func.train][INFO] - [DATASET] number of test videos: 1
[2024-04-30 21:44:21,761][func.train][INFO] - [DATASET] avg video length: 30.57 minutes
[2024-04-30 21:44:23,404][func.train][INFO] - [DATASET] test size: 41776
[2024-04-30 21:44:23,405][func.train][INFO] - [DATASET] test video_indices: [49]
[2024-04-30 21:44:23,414][func.train][INFO] - [DATASET] Sampling video_idx: 49 at 25 fps to 1671 frames
[2024-04-30 21:44:23,415][func.train][INFO] - [DATASET] video 49 label_list: torch.Size([1671])
[2024-04-30 21:44:23,420][func.train][INFO] - [DATASET] number of test videos: 1
[2024-04-30 21:44:23,420][func.train][INFO] - [DATASET] avg video length: 27.85 minutes
[2024-04-30 21:44:25,042][func.train][INFO] - [DATASET] test size: 27351
[2024-04-30 21:44:25,042][func.train][INFO] - [DATASET] test video_indices: [50]
[2024-04-30 21:44:25,048][func.train][INFO] - [DATASET] Sampling video_idx: 50 at 25 fps to 1094 frames
[2024-04-30 21:44:25,049][func.train][INFO] - [DATASET] video 50 label_list: torch.Size([1094])
[2024-04-30 21:44:25,055][func.train][INFO] - [DATASET] number of test videos: 1
[2024-04-30 21:44:25,055][func.train][INFO] - [DATASET] avg video length: 18.23 minutes
[2024-04-30 21:44:26,644][func.train][INFO] - [DATASET] test size: 73601
[2024-04-30 21:44:26,644][func.train][INFO] - [DATASET] test video_indices: [51]
[2024-04-30 21:44:26,659][func.train][INFO] - [DATASET] Sampling video_idx: 51 at 25 fps to 2944 frames
[2024-04-30 21:44:26,660][func.train][INFO] - [DATASET] video 51 label_list: torch.Size([2944])
[2024-04-30 21:44:26,667][func.train][INFO] - [DATASET] number of test videos: 1
[2024-04-30 21:44:26,668][func.train][INFO] - [DATASET] avg video length: 49.07 minutes
[2024-04-30 21:44:28,233][func.train][INFO] - [DATASET] test size: 49151
[2024-04-30 21:44:28,234][func.train][INFO] - [DATASET] test video_indices: [52]
[2024-04-30 21:44:28,244][func.train][INFO] - [DATASET] Sampling video_idx: 52 at 25 fps to 1966 frames
[2024-04-30 21:44:28,245][func.train][INFO] - [DATASET] video 52 label_list: torch.Size([1966])
[2024-04-30 21:44:28,250][func.train][INFO] - [DATASET] number of test videos: 1
[2024-04-30 21:44:28,251][func.train][INFO] - [DATASET] avg video length: 32.77 minutes
[2024-04-30 21:44:29,843][func.train][INFO] - [DATASET] test size: 82076
[2024-04-30 21:44:29,843][func.train][INFO] - [DATASET] test video_indices: [53]
[2024-04-30 21:44:29,860][func.train][INFO] - [DATASET] Sampling video_idx: 53 at 25 fps to 3283 frames
[2024-04-30 21:44:29,861][func.train][INFO] - [DATASET] video 53 label_list: torch.Size([3283])
[2024-04-30 21:44:29,871][func.train][INFO] - [DATASET] number of test videos: 1
[2024-04-30 21:44:29,871][func.train][INFO] - [DATASET] avg video length: 54.72 minutes
[2024-04-30 21:44:31,462][func.train][INFO] - [DATASET] test size: 77501
[2024-04-30 21:44:31,462][func.train][INFO] - [DATASET] test video_indices: [54]
[2024-04-30 21:44:31,478][func.train][INFO] - [DATASET] Sampling video_idx: 54 at 25 fps to 3100 frames
[2024-04-30 21:44:31,479][func.train][INFO] - [DATASET] video 54 label_list: torch.Size([3100])
[2024-04-30 21:44:31,487][func.train][INFO] - [DATASET] number of test videos: 1
[2024-04-30 21:44:31,488][func.train][INFO] - [DATASET] avg video length: 51.67 minutes
[2024-04-30 21:44:33,051][func.train][INFO] - [DATASET] test size: 25926
[2024-04-30 21:44:33,051][func.train][INFO] - [DATASET] test video_indices: [55]
[2024-04-30 21:44:33,056][func.train][INFO] - [DATASET] Sampling video_idx: 55 at 25 fps to 1037 frames
[2024-04-30 21:44:33,057][func.train][INFO] - [DATASET] video 55 label_list: torch.Size([1037])
[2024-04-30 21:44:33,060][func.train][INFO] - [DATASET] number of test videos: 1
[2024-04-30 21:44:33,061][func.train][INFO] - [DATASET] avg video length: 17.28 minutes
[2024-04-30 21:44:34,655][func.train][INFO] - [DATASET] test size: 45851
[2024-04-30 21:44:34,655][func.train][INFO] - [DATASET] test video_indices: [56]
[2024-04-30 21:44:34,664][func.train][INFO] - [DATASET] Sampling video_idx: 56 at 25 fps to 1834 frames
[2024-04-30 21:44:34,665][func.train][INFO] - [DATASET] video 56 label_list: torch.Size([1834])
[2024-04-30 21:44:34,670][func.train][INFO] - [DATASET] number of test videos: 1
[2024-04-30 21:44:34,670][func.train][INFO] - [DATASET] avg video length: 30.57 minutes
[2024-04-30 21:44:36,312][func.train][INFO] - [DATASET] test size: 65801
[2024-04-30 21:44:36,313][func.train][INFO] - [DATASET] test video_indices: [57]
[2024-04-30 21:44:36,328][func.train][INFO] - [DATASET] Sampling video_idx: 57 at 25 fps to 2632 frames
[2024-04-30 21:44:36,329][func.train][INFO] - [DATASET] video 57 label_list: torch.Size([2632])
[2024-04-30 21:44:36,337][func.train][INFO] - [DATASET] number of test videos: 1
[2024-04-30 21:44:36,337][func.train][INFO] - [DATASET] avg video length: 43.87 minutes
[2024-04-30 21:44:38,000][func.train][INFO] - [DATASET] test size: 149826
[2024-04-30 21:44:38,000][func.train][INFO] - [DATASET] test video_indices: [58]
[2024-04-30 21:44:38,033][func.train][INFO] - [DATASET] Sampling video_idx: 58 at 25 fps to 5993 frames
[2024-04-30 21:44:38,034][func.train][INFO] - [DATASET] video 58 label_list: torch.Size([5993])
[2024-04-30 21:44:38,061][func.train][INFO] - [DATASET] number of test videos: 1
[2024-04-30 21:44:38,061][func.train][INFO] - [DATASET] avg video length: 99.88 minutes
[2024-04-30 21:44:39,727][func.train][INFO] - [DATASET] test size: 26151
[2024-04-30 21:44:39,727][func.train][INFO] - [DATASET] test video_indices: [59]
[2024-04-30 21:44:39,733][func.train][INFO] - [DATASET] Sampling video_idx: 59 at 25 fps to 1046 frames
[2024-04-30 21:44:39,733][func.train][INFO] - [DATASET] video 59 label_list: torch.Size([1046])
[2024-04-30 21:44:39,737][func.train][INFO] - [DATASET] number of test videos: 1
[2024-04-30 21:44:39,737][func.train][INFO] - [DATASET] avg video length: 17.43 minutes
[2024-04-30 21:44:41,584][func.train][INFO] - [DATASET] test size: 63301
[2024-04-30 21:44:41,585][func.train][INFO] - [DATASET] test video_indices: [60]
[2024-04-30 21:44:41,600][func.train][INFO] - [DATASET] Sampling video_idx: 60 at 25 fps to 2532 frames
[2024-04-30 21:44:41,601][func.train][INFO] - [DATASET] video 60 label_list: torch.Size([2532])
[2024-04-30 21:44:41,609][func.train][INFO] - [DATASET] number of test videos: 1
[2024-04-30 21:44:41,609][func.train][INFO] - [DATASET] avg video length: 42.20 minutes
[2024-04-30 21:44:43,328][func.train][INFO] - [DATASET] test size: 110226
[2024-04-30 21:44:43,328][func.train][INFO] - [DATASET] test video_indices: [61]
[2024-04-30 21:44:43,351][func.train][INFO] - [DATASET] Sampling video_idx: 61 at 25 fps to 4409 frames
[2024-04-30 21:44:43,352][func.train][INFO] - [DATASET] video 61 label_list: torch.Size([4409])
[2024-04-30 21:44:43,364][func.train][INFO] - [DATASET] number of test videos: 1
[2024-04-30 21:44:43,364][func.train][INFO] - [DATASET] avg video length: 73.48 minutes
[2024-04-30 21:44:44,938][func.train][INFO] - [DATASET] test size: 50801
[2024-04-30 21:44:44,938][func.train][INFO] - [DATASET] test video_indices: [62]
[2024-04-30 21:44:44,949][func.train][INFO] - [DATASET] Sampling video_idx: 62 at 25 fps to 2032 frames
[2024-04-30 21:44:44,950][func.train][INFO] - [DATASET] video 62 label_list: torch.Size([2032])
[2024-04-30 21:44:44,957][func.train][INFO] - [DATASET] number of test videos: 1
[2024-04-30 21:44:44,957][func.train][INFO] - [DATASET] avg video length: 33.87 minutes
[2024-04-30 21:44:46,559][func.train][INFO] - [DATASET] test size: 85826
[2024-04-30 21:44:46,559][func.train][INFO] - [DATASET] test video_indices: [63]
[2024-04-30 21:44:46,577][func.train][INFO] - [DATASET] Sampling video_idx: 63 at 25 fps to 3433 frames
[2024-04-30 21:44:46,578][func.train][INFO] - [DATASET] video 63 label_list: torch.Size([3433])
[2024-04-30 21:44:46,593][func.train][INFO] - [DATASET] number of test videos: 1
[2024-04-30 21:44:46,593][func.train][INFO] - [DATASET] avg video length: 57.22 minutes
[2024-04-30 21:44:48,267][func.train][INFO] - [DATASET] test size: 59951
[2024-04-30 21:44:48,267][func.train][INFO] - [DATASET] test video_indices: [64]
[2024-04-30 21:44:48,279][func.train][INFO] - [DATASET] Sampling video_idx: 64 at 25 fps to 2398 frames
[2024-04-30 21:44:48,280][func.train][INFO] - [DATASET] video 64 label_list: torch.Size([2398])
[2024-04-30 21:44:48,287][func.train][INFO] - [DATASET] number of test videos: 1
[2024-04-30 21:44:48,287][func.train][INFO] - [DATASET] avg video length: 39.97 minutes
[2024-04-30 21:44:50,094][func.train][INFO] - [DATASET] test size: 46826
[2024-04-30 21:44:50,094][func.train][INFO] - [DATASET] test video_indices: [65]
[2024-04-30 21:44:50,104][func.train][INFO] - [DATASET] Sampling video_idx: 65 at 25 fps to 1873 frames
[2024-04-30 21:44:50,105][func.train][INFO] - [DATASET] video 65 label_list: torch.Size([1873])
[2024-04-30 21:44:50,112][func.train][INFO] - [DATASET] number of test videos: 1
[2024-04-30 21:44:50,112][func.train][INFO] - [DATASET] avg video length: 31.22 minutes
[2024-04-30 21:44:51,974][func.train][INFO] - [DATASET] test size: 45601
[2024-04-30 21:44:51,974][func.train][INFO] - [DATASET] test video_indices: [66]
[2024-04-30 21:44:51,984][func.train][INFO] - [DATASET] Sampling video_idx: 66 at 25 fps to 1824 frames
[2024-04-30 21:44:51,985][func.train][INFO] - [DATASET] video 66 label_list: torch.Size([1824])
[2024-04-30 21:44:51,992][func.train][INFO] - [DATASET] number of test videos: 1
[2024-04-30 21:44:51,993][func.train][INFO] - [DATASET] avg video length: 30.40 minutes
[2024-04-30 21:44:53,710][func.train][INFO] - [DATASET] test size: 58826
[2024-04-30 21:44:53,711][func.train][INFO] - [DATASET] test video_indices: [67]
[2024-04-30 21:44:53,726][func.train][INFO] - [DATASET] Sampling video_idx: 67 at 25 fps to 2353 frames
[2024-04-30 21:44:53,727][func.train][INFO] - [DATASET] video 67 label_list: torch.Size([2353])
[2024-04-30 21:44:53,735][func.train][INFO] - [DATASET] number of test videos: 1
[2024-04-30 21:44:53,735][func.train][INFO] - [DATASET] avg video length: 39.22 minutes
[2024-04-30 21:44:55,493][func.train][INFO] - [DATASET] test size: 49301
[2024-04-30 21:44:55,494][func.train][INFO] - [DATASET] test video_indices: [68]
[2024-04-30 21:44:55,505][func.train][INFO] - [DATASET] Sampling video_idx: 68 at 25 fps to 1972 frames
[2024-04-30 21:44:55,505][func.train][INFO] - [DATASET] video 68 label_list: torch.Size([1972])
[2024-04-30 21:44:55,513][func.train][INFO] - [DATASET] number of test videos: 1
[2024-04-30 21:44:55,514][func.train][INFO] - [DATASET] avg video length: 32.87 minutes
[2024-04-30 21:44:57,182][func.train][INFO] - [DATASET] test size: 114376
[2024-04-30 21:44:57,182][func.train][INFO] - [DATASET] test video_indices: [69]
[2024-04-30 21:44:57,207][func.train][INFO] - [DATASET] Sampling video_idx: 69 at 25 fps to 4575 frames
[2024-04-30 21:44:57,208][func.train][INFO] - [DATASET] video 69 label_list: torch.Size([4575])
[2024-04-30 21:44:57,222][func.train][INFO] - [DATASET] number of test videos: 1
[2024-04-30 21:44:57,222][func.train][INFO] - [DATASET] avg video length: 76.25 minutes
[2024-04-30 21:44:58,936][func.train][INFO] - [DATASET] test size: 29851
[2024-04-30 21:44:58,936][func.train][INFO] - [DATASET] test video_indices: [70]
[2024-04-30 21:44:58,943][func.train][INFO] - [DATASET] Sampling video_idx: 70 at 25 fps to 1194 frames
[2024-04-30 21:44:58,944][func.train][INFO] - [DATASET] video 70 label_list: torch.Size([1194])
[2024-04-30 21:44:58,948][func.train][INFO] - [DATASET] number of test videos: 1
[2024-04-30 21:44:58,948][func.train][INFO] - [DATASET] avg video length: 19.90 minutes
[2024-04-30 21:45:00,630][func.train][INFO] - [DATASET] test size: 62876
[2024-04-30 21:45:00,631][func.train][INFO] - [DATASET] test video_indices: [71]
[2024-04-30 21:45:00,644][func.train][INFO] - [DATASET] Sampling video_idx: 71 at 25 fps to 2515 frames
[2024-04-30 21:45:00,645][func.train][INFO] - [DATASET] video 71 label_list: torch.Size([2515])
[2024-04-30 21:45:00,656][func.train][INFO] - [DATASET] number of test videos: 1
[2024-04-30 21:45:00,656][func.train][INFO] - [DATASET] avg video length: 41.92 minutes
[2024-04-30 21:45:02,406][func.train][INFO] - [DATASET] test size: 77651
[2024-04-30 21:45:02,407][func.train][INFO] - [DATASET] test video_indices: [72]
[2024-04-30 21:45:02,424][func.train][INFO] - [DATASET] Sampling video_idx: 72 at 25 fps to 3106 frames
[2024-04-30 21:45:02,425][func.train][INFO] - [DATASET] video 72 label_list: torch.Size([3106])
[2024-04-30 21:45:02,437][func.train][INFO] - [DATASET] number of test videos: 1
[2024-04-30 21:45:02,438][func.train][INFO] - [DATASET] avg video length: 51.77 minutes
[2024-04-30 21:45:04,075][func.train][INFO] - [DATASET] test size: 33901
[2024-04-30 21:45:04,075][func.train][INFO] - [DATASET] test video_indices: [73]
[2024-04-30 21:45:04,082][func.train][INFO] - [DATASET] Sampling video_idx: 73 at 25 fps to 1356 frames
[2024-04-30 21:45:04,083][func.train][INFO] - [DATASET] video 73 label_list: torch.Size([1356])
[2024-04-30 21:45:04,092][func.train][INFO] - [DATASET] number of test videos: 1
[2024-04-30 21:45:04,092][func.train][INFO] - [DATASET] avg video length: 22.60 minutes
[2024-04-30 21:45:05,844][func.train][INFO] - [DATASET] test size: 40851
[2024-04-30 21:45:05,844][func.train][INFO] - [DATASET] test video_indices: [74]
[2024-04-30 21:45:05,853][func.train][INFO] - [DATASET] Sampling video_idx: 74 at 25 fps to 1634 frames
[2024-04-30 21:45:05,854][func.train][INFO] - [DATASET] video 74 label_list: torch.Size([1634])
[2024-04-30 21:45:05,860][func.train][INFO] - [DATASET] number of test videos: 1
[2024-04-30 21:45:05,860][func.train][INFO] - [DATASET] avg video length: 27.23 minutes
[2024-04-30 21:45:07,494][func.train][INFO] - [DATASET] test size: 48076
[2024-04-30 21:45:07,495][func.train][INFO] - [DATASET] test video_indices: [75]
[2024-04-30 21:45:07,506][func.train][INFO] - [DATASET] Sampling video_idx: 75 at 25 fps to 1923 frames
[2024-04-30 21:45:07,506][func.train][INFO] - [DATASET] video 75 label_list: torch.Size([1923])
[2024-04-30 21:45:07,516][func.train][INFO] - [DATASET] number of test videos: 1
[2024-04-30 21:45:07,517][func.train][INFO] - [DATASET] avg video length: 32.05 minutes
[2024-04-30 21:45:09,214][func.train][INFO] - [DATASET] test size: 66226
[2024-04-30 21:45:09,215][func.train][INFO] - [DATASET] test video_indices: [76]
[2024-04-30 21:45:09,230][func.train][INFO] - [DATASET] Sampling video_idx: 76 at 25 fps to 2649 frames
[2024-04-30 21:45:09,231][func.train][INFO] - [DATASET] video 76 label_list: torch.Size([2649])
[2024-04-30 21:45:09,241][func.train][INFO] - [DATASET] number of test videos: 1
[2024-04-30 21:45:09,242][func.train][INFO] - [DATASET] avg video length: 44.15 minutes
[2024-04-30 21:45:10,912][func.train][INFO] - [DATASET] test size: 62551
[2024-04-30 21:45:10,912][func.train][INFO] - [DATASET] test video_indices: [77]
[2024-04-30 21:45:10,927][func.train][INFO] - [DATASET] Sampling video_idx: 77 at 25 fps to 2502 frames
[2024-04-30 21:45:10,928][func.train][INFO] - [DATASET] video 77 label_list: torch.Size([2502])
[2024-04-30 21:45:10,947][func.train][INFO] - [DATASET] number of test videos: 1
[2024-04-30 21:45:10,947][func.train][INFO] - [DATASET] avg video length: 41.70 minutes
[2024-04-30 21:45:12,613][func.train][INFO] - [DATASET] test size: 18476
[2024-04-30 21:45:12,614][func.train][INFO] - [DATASET] test video_indices: [78]
[2024-04-30 21:45:12,619][func.train][INFO] - [DATASET] Sampling video_idx: 78 at 25 fps to 739 frames
[2024-04-30 21:45:12,619][func.train][INFO] - [DATASET] video 78 label_list: torch.Size([739])
[2024-04-30 21:45:12,625][func.train][INFO] - [DATASET] number of test videos: 1
[2024-04-30 21:45:12,625][func.train][INFO] - [DATASET] avg video length: 12.32 minutes
