[2024-08-13 11:17:59,622][func.train][INFO] - Dist info:
[2024-08-13 11:17:59,622][func.train][INFO] - torch version: 2.2.2+cu121
[2024-08-13 11:17:59,623][func.train][INFO] - torchvision version: 0.17.2+cu121
[2024-08-13 11:17:59,623][func.train][INFO] - hydra version: 1.3.2
[2024-08-13 11:17:59,647][func.train][INFO] - [MAIN] eval horizons for regression: [18]
[2024-08-13 11:17:59,648][func.train][INFO] - Loading data
[2024-08-13 11:17:59,648][func.train][INFO] - Loading datasets
[2024-08-13 11:18:01,470][func.train][INFO] - [SELECT DATASET] ALL loaded dataframe in 0m 2s
[2024-08-13 11:18:01,471][func.train][INFO] - [SELECT DATASET] ALL loaded dataframe: (4612530, 11)
[2024-08-13 11:18:01,659][func.train][INFO] - [SELECT DATASET] labels are already starting from 0
[2024-08-13 11:18:01,983][func.train][INFO] - [SELECT DATASET] ALL unique classes: [0 1 2 3 4 5 6]
[2024-08-13 11:18:01,994][func.train][INFO] - [SELECT DATASET] aLL dataframe (head):                    image_path class  ... tool_Irrigator tool_SpecimenBag
0  video01/video01_000001.png     0  ...              0                0
1  video01/video01_000002.png     0  ...              0                0
2  video01/video01_000003.png     0  ...              0                0
3  video01/video01_000004.png     0  ...              0                0
4  video01/video01_000005.png     0  ...              0                0

[5 rows x 11 columns]
[2024-08-13 11:18:02,002][func.train][INFO] - [SELECT DATASET] ALL dataframe (tail):                          image_path class  ... tool_Irrigator tool_SpecimenBag
4612525  video80/video80_043097.png     6  ...              0                0
4612526  video80/video80_043098.png     6  ...              0                0
4612527  video80/video80_043099.png     6  ...              0                0
4612528  video80/video80_043100.png     6  ...              0                0
4612529  video80/video80_043101.png     6  ...              0                0

[5 rows x 11 columns]
[2024-08-13 11:18:02,002][func.train][INFO] - [DATASET] params: {'debug': False, 'dataset_name': 'cholec80', 'reduc_feats_folder': 'train_targets_x_mp/', 'num_classes': 7, 'num_next_labels': 6, 'last_seg_class': 7, 'predict_next_phase': True, 'get_target_feats': False, 'replace_current_with_next_class': False}
[2024-08-13 11:18:03,384][func.train][INFO] - [DATASET] df unique videos: [1 2 3 4 5 6 7 8 9 10 11 12 13 14 15 16 17 18 19 20 21 22 23 24 25 26 27
 28 29 30 31 32 33 34 35 36 37 38 39 40 41 42 43 44 45 46 47 48 49 50 51
 52 53 54 55 56 57 58 59 60 61 62 63 64 65 66 67 68 69 70 71 72 73 74 75
 76 77 78 79 80]
[2024-08-13 11:18:03,386][func.train][INFO] - [DATASET] split: train video_indices: [1, 2, 3, 4, 5, 6, 7, 8, 9, 10, 11, 12, 13, 14, 15, 16, 17, 18, 19, 20, 21, 22, 23, 24, 25, 26, 27, 28, 29, 30, 31, 32, 33, 34, 35, 36, 37, 38, 39, 40]
[2024-08-13 11:18:04,713][func.train][INFO] - [DATASET] train size: 2157640
[2024-08-13 11:18:04,713][func.train][INFO] - [DATASET] train video_indices: [1, 2, 3, 4, 5, 6, 7, 8, 9, 10, 11, 12, 13, 14, 15, 16, 17, 18, 19, 20, 21, 22, 23, 24, 25, 26, 27, 28, 29, 30, 31, 32, 33, 34, 35, 36, 37, 38, 39, 40]
[2024-08-13 11:18:04,713][func.train][INFO] - [DATASET] video_idx: 1
[2024-08-13 11:18:04,807][func.train][INFO] - [DATASET] Sampled video_idx: 1 at 25 fps to 1733 frames
[2024-08-13 11:18:04,833][func.train][INFO] - [DATASET] video 1 phase_labels: torch.Size([1733])
[2024-08-13 11:18:05,219][func.train][INFO] - [DATASET] gt_remaining_time h=18: torch.Size([1733, 8])
[2024-08-13 11:18:05,219][func.train][INFO] - 

[2024-08-13 11:18:05,219][func.train][INFO] - [DATASET] video_idx: 2
[2024-08-13 11:18:05,316][func.train][INFO] - [DATASET] Sampled video_idx: 2 at 25 fps to 2839 frames
[2024-08-13 11:18:05,317][func.train][INFO] - [DATASET] video 2 phase_labels: torch.Size([2839])
[2024-08-13 11:18:05,512][func.train][INFO] - [DATASET] gt_remaining_time h=18: torch.Size([2839, 8])
[2024-08-13 11:18:05,513][func.train][INFO] - 

[2024-08-13 11:18:05,513][func.train][INFO] - [DATASET] video_idx: 3
[2024-08-13 11:18:05,633][func.train][INFO] - [DATASET] Sampled video_idx: 3 at 25 fps to 5828 frames
[2024-08-13 11:18:05,639][func.train][INFO] - [DATASET] video 3 phase_labels: torch.Size([5828])
[2024-08-13 11:18:05,943][func.train][INFO] - [DATASET] gt_remaining_time h=18: torch.Size([5828, 8])
[2024-08-13 11:18:05,944][func.train][INFO] - 

[2024-08-13 11:18:05,944][func.train][INFO] - [DATASET] video_idx: 4
[2024-08-13 11:18:06,035][func.train][INFO] - [DATASET] Sampled video_idx: 4 at 25 fps to 1522 frames
[2024-08-13 11:18:06,036][func.train][INFO] - [DATASET] video 4 phase_labels: torch.Size([1522])
[2024-08-13 11:18:06,199][func.train][INFO] - [DATASET] gt_remaining_time h=18: torch.Size([1522, 8])
[2024-08-13 11:18:06,199][func.train][INFO] - 

[2024-08-13 11:18:06,199][func.train][INFO] - [DATASET] video_idx: 5
[2024-08-13 11:18:06,300][func.train][INFO] - [DATASET] Sampled video_idx: 5 at 25 fps to 2344 frames
[2024-08-13 11:18:06,301][func.train][INFO] - [DATASET] video 5 phase_labels: torch.Size([2344])
[2024-08-13 11:18:06,473][func.train][INFO] - [DATASET] gt_remaining_time h=18: torch.Size([2344, 8])
[2024-08-13 11:18:06,473][func.train][INFO] - 

[2024-08-13 11:18:06,473][func.train][INFO] - [DATASET] video_idx: 6
[2024-08-13 11:18:06,570][func.train][INFO] - [DATASET] Sampled video_idx: 6 at 25 fps to 2153 frames
[2024-08-13 11:18:06,571][func.train][INFO] - [DATASET] video 6 phase_labels: torch.Size([2153])
[2024-08-13 11:18:06,747][func.train][INFO] - [DATASET] gt_remaining_time h=18: torch.Size([2153, 8])
[2024-08-13 11:18:06,748][func.train][INFO] - 

[2024-08-13 11:18:06,748][func.train][INFO] - [DATASET] video_idx: 7
[2024-08-13 11:18:06,856][func.train][INFO] - [DATASET] Sampled video_idx: 7 at 25 fps to 4557 frames
[2024-08-13 11:18:06,857][func.train][INFO] - [DATASET] video 7 phase_labels: torch.Size([4557])
[2024-08-13 11:18:07,068][func.train][INFO] - [DATASET] gt_remaining_time h=18: torch.Size([4557, 8])
[2024-08-13 11:18:07,069][func.train][INFO] - 

[2024-08-13 11:18:07,069][func.train][INFO] - [DATASET] video_idx: 8
[2024-08-13 11:18:07,157][func.train][INFO] - [DATASET] Sampled video_idx: 8 at 25 fps to 1519 frames
[2024-08-13 11:18:07,157][func.train][INFO] - [DATASET] video 8 phase_labels: torch.Size([1519])
[2024-08-13 11:18:07,313][func.train][INFO] - [DATASET] gt_remaining_time h=18: torch.Size([1519, 8])
[2024-08-13 11:18:07,313][func.train][INFO] - 

[2024-08-13 11:18:07,313][func.train][INFO] - [DATASET] video_idx: 9
[2024-08-13 11:18:07,419][func.train][INFO] - [DATASET] Sampled video_idx: 9 at 25 fps to 2702 frames
[2024-08-13 11:18:07,419][func.train][INFO] - [DATASET] video 9 phase_labels: torch.Size([2702])
[2024-08-13 11:18:07,605][func.train][INFO] - [DATASET] gt_remaining_time h=18: torch.Size([2702, 8])
[2024-08-13 11:18:07,606][func.train][INFO] - 

[2024-08-13 11:18:07,606][func.train][INFO] - [DATASET] video_idx: 10
[2024-08-13 11:18:07,695][func.train][INFO] - [DATASET] Sampled video_idx: 10 at 25 fps to 1749 frames
[2024-08-13 11:18:07,696][func.train][INFO] - [DATASET] video 10 phase_labels: torch.Size([1749])
[2024-08-13 11:18:07,857][func.train][INFO] - [DATASET] gt_remaining_time h=18: torch.Size([1749, 8])
[2024-08-13 11:18:07,857][func.train][INFO] - 

[2024-08-13 11:18:07,858][func.train][INFO] - [DATASET] video_idx: 11
[2024-08-13 11:18:07,957][func.train][INFO] - [DATASET] Sampled video_idx: 11 at 25 fps to 3220 frames
[2024-08-13 11:18:07,958][func.train][INFO] - [DATASET] video 11 phase_labels: torch.Size([3220])
[2024-08-13 11:18:08,145][func.train][INFO] - [DATASET] gt_remaining_time h=18: torch.Size([3220, 8])
[2024-08-13 11:18:08,145][func.train][INFO] - 

[2024-08-13 11:18:08,145][func.train][INFO] - [DATASET] video_idx: 12
[2024-08-13 11:18:08,235][func.train][INFO] - [DATASET] Sampled video_idx: 12 at 25 fps to 1090 frames
[2024-08-13 11:18:08,235][func.train][INFO] - [DATASET] video 12 phase_labels: torch.Size([1090])
[2024-08-13 11:18:08,361][func.train][INFO] - [DATASET] gt_remaining_time h=18: torch.Size([1090, 8])
[2024-08-13 11:18:08,362][func.train][INFO] - 

[2024-08-13 11:18:08,362][func.train][INFO] - [DATASET] video_idx: 13
[2024-08-13 11:18:08,459][func.train][INFO] - [DATASET] Sampled video_idx: 13 at 25 fps to 981 frames
[2024-08-13 11:18:08,460][func.train][INFO] - [DATASET] video 13 phase_labels: torch.Size([981])
[2024-08-13 11:18:08,572][func.train][INFO] - [DATASET] gt_remaining_time h=18: torch.Size([981, 8])
[2024-08-13 11:18:08,572][func.train][INFO] - 

[2024-08-13 11:18:08,572][func.train][INFO] - [DATASET] video_idx: 14
[2024-08-13 11:18:08,667][func.train][INFO] - [DATASET] Sampled video_idx: 14 at 25 fps to 1708 frames
[2024-08-13 11:18:08,668][func.train][INFO] - [DATASET] video 14 phase_labels: torch.Size([1708])
[2024-08-13 11:18:08,810][func.train][INFO] - [DATASET] gt_remaining_time h=18: torch.Size([1708, 8])
[2024-08-13 11:18:08,810][func.train][INFO] - 

[2024-08-13 11:18:08,810][func.train][INFO] - [DATASET] video_idx: 15
[2024-08-13 11:18:08,912][func.train][INFO] - [DATASET] Sampled video_idx: 15 at 25 fps to 2058 frames
[2024-08-13 11:18:08,913][func.train][INFO] - [DATASET] video 15 phase_labels: torch.Size([2058])
[2024-08-13 11:18:09,061][func.train][INFO] - [DATASET] gt_remaining_time h=18: torch.Size([2058, 8])
[2024-08-13 11:18:09,062][func.train][INFO] - 

[2024-08-13 11:18:09,062][func.train][INFO] - [DATASET] video_idx: 16
[2024-08-13 11:18:09,157][func.train][INFO] - [DATASET] Sampled video_idx: 16 at 25 fps to 2957 frames
[2024-08-13 11:18:09,158][func.train][INFO] - [DATASET] video 16 phase_labels: torch.Size([2957])
[2024-08-13 11:18:09,344][func.train][INFO] - [DATASET] gt_remaining_time h=18: torch.Size([2957, 8])
[2024-08-13 11:18:09,345][func.train][INFO] - 

[2024-08-13 11:18:09,345][func.train][INFO] - [DATASET] video_idx: 17
[2024-08-13 11:18:09,445][func.train][INFO] - [DATASET] Sampled video_idx: 17 at 25 fps to 1304 frames
[2024-08-13 11:18:09,445][func.train][INFO] - [DATASET] video 17 phase_labels: torch.Size([1304])
[2024-08-13 11:18:09,584][func.train][INFO] - [DATASET] gt_remaining_time h=18: torch.Size([1304, 8])
[2024-08-13 11:18:09,584][func.train][INFO] - 

[2024-08-13 11:18:09,584][func.train][INFO] - [DATASET] video_idx: 18
[2024-08-13 11:18:09,685][func.train][INFO] - [DATASET] Sampled video_idx: 18 at 25 fps to 1942 frames
[2024-08-13 11:18:09,686][func.train][INFO] - [DATASET] video 18 phase_labels: torch.Size([1942])
[2024-08-13 11:18:09,851][func.train][INFO] - [DATASET] gt_remaining_time h=18: torch.Size([1942, 8])
[2024-08-13 11:18:09,852][func.train][INFO] - 

[2024-08-13 11:18:09,852][func.train][INFO] - [DATASET] video_idx: 19
[2024-08-13 11:18:09,953][func.train][INFO] - [DATASET] Sampled video_idx: 19 at 25 fps to 2424 frames
[2024-08-13 11:18:09,954][func.train][INFO] - [DATASET] video 19 phase_labels: torch.Size([2424])
[2024-08-13 11:18:10,125][func.train][INFO] - [DATASET] gt_remaining_time h=18: torch.Size([2424, 8])
[2024-08-13 11:18:10,126][func.train][INFO] - 

[2024-08-13 11:18:10,126][func.train][INFO] - [DATASET] video_idx: 20
[2024-08-13 11:18:10,224][func.train][INFO] - [DATASET] Sampled video_idx: 20 at 25 fps to 1449 frames
[2024-08-13 11:18:10,224][func.train][INFO] - [DATASET] video 20 phase_labels: torch.Size([1449])
[2024-08-13 11:18:10,371][func.train][INFO] - [DATASET] gt_remaining_time h=18: torch.Size([1449, 8])
[2024-08-13 11:18:10,372][func.train][INFO] - 

[2024-08-13 11:18:10,372][func.train][INFO] - [DATASET] video_idx: 21
[2024-08-13 11:18:10,472][func.train][INFO] - [DATASET] Sampled video_idx: 21 at 25 fps to 1258 frames
[2024-08-13 11:18:10,472][func.train][INFO] - [DATASET] video 21 phase_labels: torch.Size([1258])
[2024-08-13 11:18:10,595][func.train][INFO] - [DATASET] gt_remaining_time h=18: torch.Size([1258, 8])
[2024-08-13 11:18:10,596][func.train][INFO] - 

[2024-08-13 11:18:10,596][func.train][INFO] - [DATASET] video_idx: 22
[2024-08-13 11:18:10,694][func.train][INFO] - [DATASET] Sampled video_idx: 22 at 25 fps to 1532 frames
[2024-08-13 11:18:10,694][func.train][INFO] - [DATASET] video 22 phase_labels: torch.Size([1532])
[2024-08-13 11:18:10,829][func.train][INFO] - [DATASET] gt_remaining_time h=18: torch.Size([1532, 8])
[2024-08-13 11:18:10,830][func.train][INFO] - 

[2024-08-13 11:18:10,830][func.train][INFO] - [DATASET] video_idx: 23
[2024-08-13 11:18:10,933][func.train][INFO] - [DATASET] Sampled video_idx: 23 at 25 fps to 1635 frames
[2024-08-13 11:18:10,934][func.train][INFO] - [DATASET] video 23 phase_labels: torch.Size([1635])
[2024-08-13 11:18:11,083][func.train][INFO] - [DATASET] gt_remaining_time h=18: torch.Size([1635, 8])
[2024-08-13 11:18:11,083][func.train][INFO] - 

[2024-08-13 11:18:11,083][func.train][INFO] - [DATASET] video_idx: 24
[2024-08-13 11:18:11,184][func.train][INFO] - [DATASET] Sampled video_idx: 24 at 25 fps to 1975 frames
[2024-08-13 11:18:11,184][func.train][INFO] - [DATASET] video 24 phase_labels: torch.Size([1975])
[2024-08-13 11:18:11,347][func.train][INFO] - [DATASET] gt_remaining_time h=18: torch.Size([1975, 8])
[2024-08-13 11:18:11,348][func.train][INFO] - 

[2024-08-13 11:18:11,348][func.train][INFO] - [DATASET] video_idx: 25
[2024-08-13 11:18:11,449][func.train][INFO] - [DATASET] Sampled video_idx: 25 at 25 fps to 2129 frames
[2024-08-13 11:18:11,450][func.train][INFO] - [DATASET] video 25 phase_labels: torch.Size([2129])
[2024-08-13 11:18:11,616][func.train][INFO] - [DATASET] gt_remaining_time h=18: torch.Size([2129, 8])
[2024-08-13 11:18:11,617][func.train][INFO] - 

[2024-08-13 11:18:11,617][func.train][INFO] - [DATASET] video_idx: 26
[2024-08-13 11:18:11,718][func.train][INFO] - [DATASET] Sampled video_idx: 26 at 25 fps to 1773 frames
[2024-08-13 11:18:11,719][func.train][INFO] - [DATASET] video 26 phase_labels: torch.Size([1773])
[2024-08-13 11:18:11,874][func.train][INFO] - [DATASET] gt_remaining_time h=18: torch.Size([1773, 8])
[2024-08-13 11:18:11,874][func.train][INFO] - 

[2024-08-13 11:18:11,874][func.train][INFO] - [DATASET] video_idx: 27
[2024-08-13 11:18:11,974][func.train][INFO] - [DATASET] Sampled video_idx: 27 at 25 fps to 2084 frames
[2024-08-13 11:18:11,975][func.train][INFO] - [DATASET] video 27 phase_labels: torch.Size([2084])
[2024-08-13 11:18:12,142][func.train][INFO] - [DATASET] gt_remaining_time h=18: torch.Size([2084, 8])
[2024-08-13 11:18:12,143][func.train][INFO] - 

[2024-08-13 11:18:12,143][func.train][INFO] - [DATASET] video_idx: 28
[2024-08-13 11:18:12,242][func.train][INFO] - [DATASET] Sampled video_idx: 28 at 25 fps to 1199 frames
[2024-08-13 11:18:12,243][func.train][INFO] - [DATASET] video 28 phase_labels: torch.Size([1199])
[2024-08-13 11:18:12,387][func.train][INFO] - [DATASET] gt_remaining_time h=18: torch.Size([1199, 8])
[2024-08-13 11:18:12,387][func.train][INFO] - 

[2024-08-13 11:18:12,388][func.train][INFO] - [DATASET] video_idx: 29
[2024-08-13 11:18:12,489][func.train][INFO] - [DATASET] Sampled video_idx: 29 at 25 fps to 2350 frames
[2024-08-13 11:18:12,490][func.train][INFO] - [DATASET] video 29 phase_labels: torch.Size([2350])
[2024-08-13 11:18:12,639][func.train][INFO] - [DATASET] gt_remaining_time h=18: torch.Size([2350, 8])
[2024-08-13 11:18:12,640][func.train][INFO] - 

[2024-08-13 11:18:12,640][func.train][INFO] - [DATASET] video_idx: 30
[2024-08-13 11:18:12,735][func.train][INFO] - [DATASET] Sampled video_idx: 30 at 25 fps to 2925 frames
[2024-08-13 11:18:12,736][func.train][INFO] - [DATASET] video 30 phase_labels: torch.Size([2925])
[2024-08-13 11:18:12,918][func.train][INFO] - [DATASET] gt_remaining_time h=18: torch.Size([2925, 8])
[2024-08-13 11:18:12,919][func.train][INFO] - 

[2024-08-13 11:18:12,919][func.train][INFO] - [DATASET] video_idx: 31
[2024-08-13 11:18:13,024][func.train][INFO] - [DATASET] Sampled video_idx: 31 at 25 fps to 3945 frames
[2024-08-13 11:18:13,025][func.train][INFO] - [DATASET] video 31 phase_labels: torch.Size([3945])
[2024-08-13 11:18:13,222][func.train][INFO] - [DATASET] gt_remaining_time h=18: torch.Size([3945, 8])
[2024-08-13 11:18:13,222][func.train][INFO] - 

[2024-08-13 11:18:13,223][func.train][INFO] - [DATASET] video_idx: 32
[2024-08-13 11:18:13,322][func.train][INFO] - [DATASET] Sampled video_idx: 32 at 25 fps to 2116 frames
[2024-08-13 11:18:13,323][func.train][INFO] - [DATASET] video 32 phase_labels: torch.Size([2116])
[2024-08-13 11:18:13,496][func.train][INFO] - [DATASET] gt_remaining_time h=18: torch.Size([2116, 8])
[2024-08-13 11:18:13,497][func.train][INFO] - 

[2024-08-13 11:18:13,497][func.train][INFO] - [DATASET] video_idx: 33
[2024-08-13 11:18:13,593][func.train][INFO] - [DATASET] Sampled video_idx: 33 at 25 fps to 1307 frames
[2024-08-13 11:18:13,594][func.train][INFO] - [DATASET] video 33 phase_labels: torch.Size([1307])
[2024-08-13 11:18:13,716][func.train][INFO] - [DATASET] gt_remaining_time h=18: torch.Size([1307, 8])
[2024-08-13 11:18:13,717][func.train][INFO] - 

[2024-08-13 11:18:13,717][func.train][INFO] - [DATASET] video_idx: 34
[2024-08-13 11:18:13,813][func.train][INFO] - [DATASET] Sampled video_idx: 34 at 25 fps to 1323 frames
[2024-08-13 11:18:13,814][func.train][INFO] - [DATASET] video 34 phase_labels: torch.Size([1323])
[2024-08-13 11:18:13,941][func.train][INFO] - [DATASET] gt_remaining_time h=18: torch.Size([1323, 8])
[2024-08-13 11:18:13,942][func.train][INFO] - 

[2024-08-13 11:18:13,942][func.train][INFO] - [DATASET] video_idx: 35
[2024-08-13 11:18:14,043][func.train][INFO] - [DATASET] Sampled video_idx: 35 at 25 fps to 2106 frames
[2024-08-13 11:18:14,044][func.train][INFO] - [DATASET] video 35 phase_labels: torch.Size([2106])
[2024-08-13 11:18:14,217][func.train][INFO] - [DATASET] gt_remaining_time h=18: torch.Size([2106, 8])
[2024-08-13 11:18:14,218][func.train][INFO] - 

[2024-08-13 11:18:14,218][func.train][INFO] - [DATASET] video_idx: 36
[2024-08-13 11:18:14,318][func.train][INFO] - [DATASET] Sampled video_idx: 36 at 25 fps to 2387 frames
[2024-08-13 11:18:14,318][func.train][INFO] - [DATASET] video 36 phase_labels: torch.Size([2387])
[2024-08-13 11:18:14,497][func.train][INFO] - [DATASET] gt_remaining_time h=18: torch.Size([2387, 8])
[2024-08-13 11:18:14,497][func.train][INFO] - 

[2024-08-13 11:18:14,497][func.train][INFO] - [DATASET] video_idx: 37
[2024-08-13 11:18:14,595][func.train][INFO] - [DATASET] Sampled video_idx: 37 at 25 fps to 1232 frames
[2024-08-13 11:18:14,595][func.train][INFO] - [DATASET] video 37 phase_labels: torch.Size([1232])
[2024-08-13 11:18:14,741][func.train][INFO] - [DATASET] gt_remaining_time h=18: torch.Size([1232, 8])
[2024-08-13 11:18:14,742][func.train][INFO] - 

[2024-08-13 11:18:14,742][func.train][INFO] - [DATASET] video_idx: 38
[2024-08-13 11:18:14,835][func.train][INFO] - [DATASET] Sampled video_idx: 38 at 25 fps to 3080 frames
[2024-08-13 11:18:14,836][func.train][INFO] - [DATASET] video 38 phase_labels: torch.Size([3080])
[2024-08-13 11:18:15,019][func.train][INFO] - [DATASET] gt_remaining_time h=18: torch.Size([3080, 8])
[2024-08-13 11:18:15,020][func.train][INFO] - 

[2024-08-13 11:18:15,020][func.train][INFO] - [DATASET] video_idx: 39
[2024-08-13 11:18:15,105][func.train][INFO] - [DATASET] Sampled video_idx: 39 at 25 fps to 1647 frames
[2024-08-13 11:18:15,106][func.train][INFO] - [DATASET] video 39 phase_labels: torch.Size([1647])
[2024-08-13 11:18:15,264][func.train][INFO] - [DATASET] gt_remaining_time h=18: torch.Size([1647, 8])
[2024-08-13 11:18:15,264][func.train][INFO] - 

[2024-08-13 11:18:15,264][func.train][INFO] - [DATASET] video_idx: 40
[2024-08-13 11:18:15,355][func.train][INFO] - [DATASET] Sampled video_idx: 40 at 25 fps to 2222 frames
[2024-08-13 11:18:15,356][func.train][INFO] - [DATASET] video 40 phase_labels: torch.Size([2222])
[2024-08-13 11:18:15,535][func.train][INFO] - [DATASET] gt_remaining_time h=18: torch.Size([2222, 8])
[2024-08-13 11:18:15,535][func.train][INFO] - 

[2024-08-13 11:18:15,536][func.train][INFO] - [DATASET] number of train videos: 40
[2024-08-13 11:18:15,536][func.train][INFO] - [DATASET] avg video length: 35.96 minutes
[2024-08-13 11:18:15,585][func.train][INFO] - [DATASET] num classes at 1fps in train: (86304,)
[2024-08-13 11:18:15,586][func.train][INFO] - [DATASET] classes_counts_dict: {0: 3756, 1: 36886, 2: 7329, 3: 24119, 4: 3716, 5: 7219, 6: 3279}
[2024-08-13 11:18:15,588][func.train][INFO] - [DATASET] curr_class_weights: tensor([3.2825, 0.3342, 1.6822, 0.5112, 3.3179, 1.7079, 3.7600])
[2024-08-13 11:18:15,588][func.train][INFO] - [DATASET] num_eos_vals: 12329.142857142857
[2024-08-13 11:18:15,588][func.train][INFO] - [DATASET] classes_counts_dict: {0: 3756, 1: 36886, 2: 7329, 3: 24119, 4: 3716, 5: 7219, 6: 3279, 7: 12329}
[2024-08-13 11:18:15,589][func.train][INFO] - [DATASET] next_class_weights: tensor([3.2825, 0.3342, 1.6822, 0.5112, 3.3178, 1.7079, 3.7600, 1.0000])
[2024-08-13 11:18:17,016][func.train][INFO] - [DATASET] df unique videos: [1 2 3 4 5 6 7 8 9 10 11 12 13 14 15 16 17 18 19 20 21 22 23 24 25 26 27
 28 29 30 31 32 33 34 35 36 37 38 39 40 41 42 43 44 45 46 47 48 49 50 51
 52 53 54 55 56 57 58 59 60 61 62 63 64 65 66 67 68 69 70 71 72 73 74 75
 76 77 78 79 80]
[2024-08-13 11:18:17,017][func.train][INFO] - [DATASET] split: test video_indices: [41]
[2024-08-13 11:18:17,086][func.train][INFO] - [DATASET] test size: 77576
[2024-08-13 11:18:17,086][func.train][INFO] - [DATASET] test video_indices: [41]
[2024-08-13 11:18:17,086][func.train][INFO] - [DATASET] video_idx: 41
[2024-08-13 11:18:17,100][func.train][INFO] - [DATASET] Sampled video_idx: 41 at 25 fps to 3103 frames
[2024-08-13 11:18:17,101][func.train][INFO] - [DATASET] video 41 phase_labels: torch.Size([3103])
[2024-08-13 11:18:17,293][func.train][INFO] - [DATASET] gt_remaining_time h=18: torch.Size([3103, 8])
[2024-08-13 11:18:17,293][func.train][INFO] - 

[2024-08-13 11:18:17,293][func.train][INFO] - [DATASET] number of test videos: 1
[2024-08-13 11:18:17,294][func.train][INFO] - [DATASET] avg video length: 51.72 minutes
[2024-08-13 11:18:18,685][func.train][INFO] - [DATASET] df unique videos: [1 2 3 4 5 6 7 8 9 10 11 12 13 14 15 16 17 18 19 20 21 22 23 24 25 26 27
 28 29 30 31 32 33 34 35 36 37 38 39 40 41 42 43 44 45 46 47 48 49 50 51
 52 53 54 55 56 57 58 59 60 61 62 63 64 65 66 67 68 69 70 71 72 73 74 75
 76 77 78 79 80]
[2024-08-13 11:18:18,685][func.train][INFO] - [DATASET] split: test video_indices: [42]
[2024-08-13 11:18:18,757][func.train][INFO] - [DATASET] test size: 92801
[2024-08-13 11:18:18,757][func.train][INFO] - [DATASET] test video_indices: [42]
[2024-08-13 11:18:18,757][func.train][INFO] - [DATASET] video_idx: 42
[2024-08-13 11:18:18,774][func.train][INFO] - [DATASET] Sampled video_idx: 42 at 25 fps to 3712 frames
[2024-08-13 11:18:18,775][func.train][INFO] - [DATASET] video 42 phase_labels: torch.Size([3712])
[2024-08-13 11:18:18,975][func.train][INFO] - [DATASET] gt_remaining_time h=18: torch.Size([3712, 8])
[2024-08-13 11:18:18,975][func.train][INFO] - 

[2024-08-13 11:18:18,975][func.train][INFO] - [DATASET] number of test videos: 1
[2024-08-13 11:18:18,976][func.train][INFO] - [DATASET] avg video length: 61.87 minutes
[2024-08-13 11:18:20,361][func.train][INFO] - [DATASET] df unique videos: [1 2 3 4 5 6 7 8 9 10 11 12 13 14 15 16 17 18 19 20 21 22 23 24 25 26 27
 28 29 30 31 32 33 34 35 36 37 38 39 40 41 42 43 44 45 46 47 48 49 50 51
 52 53 54 55 56 57 58 59 60 61 62 63 64 65 66 67 68 69 70 71 72 73 74 75
 76 77 78 79 80]
[2024-08-13 11:18:20,361][func.train][INFO] - [DATASET] split: test video_indices: [43]
[2024-08-13 11:18:20,426][func.train][INFO] - [DATASET] test size: 59051
[2024-08-13 11:18:20,427][func.train][INFO] - [DATASET] test video_indices: [43]
[2024-08-13 11:18:20,427][func.train][INFO] - [DATASET] video_idx: 43
[2024-08-13 11:18:20,437][func.train][INFO] - [DATASET] Sampled video_idx: 43 at 25 fps to 2362 frames
[2024-08-13 11:18:20,437][func.train][INFO] - [DATASET] video 43 phase_labels: torch.Size([2362])
[2024-08-13 11:18:20,610][func.train][INFO] - [DATASET] gt_remaining_time h=18: torch.Size([2362, 8])
[2024-08-13 11:18:20,611][func.train][INFO] - 

[2024-08-13 11:18:20,611][func.train][INFO] - [DATASET] number of test videos: 1
[2024-08-13 11:18:20,611][func.train][INFO] - [DATASET] avg video length: 39.37 minutes
[2024-08-13 11:18:22,021][func.train][INFO] - [DATASET] df unique videos: [1 2 3 4 5 6 7 8 9 10 11 12 13 14 15 16 17 18 19 20 21 22 23 24 25 26 27
 28 29 30 31 32 33 34 35 36 37 38 39 40 41 42 43 44 45 46 47 48 49 50 51
 52 53 54 55 56 57 58 59 60 61 62 63 64 65 66 67 68 69 70 71 72 73 74 75
 76 77 78 79 80]
[2024-08-13 11:18:22,021][func.train][INFO] - [DATASET] split: test video_indices: [44]
[2024-08-13 11:18:22,094][func.train][INFO] - [DATASET] test size: 78176
[2024-08-13 11:18:22,094][func.train][INFO] - [DATASET] test video_indices: [44]
[2024-08-13 11:18:22,094][func.train][INFO] - [DATASET] video_idx: 44
[2024-08-13 11:18:22,107][func.train][INFO] - [DATASET] Sampled video_idx: 44 at 25 fps to 3127 frames
[2024-08-13 11:18:22,108][func.train][INFO] - [DATASET] video 44 phase_labels: torch.Size([3127])
[2024-08-13 11:18:22,297][func.train][INFO] - [DATASET] gt_remaining_time h=18: torch.Size([3127, 8])
[2024-08-13 11:18:22,297][func.train][INFO] - 

[2024-08-13 11:18:22,298][func.train][INFO] - [DATASET] number of test videos: 1
[2024-08-13 11:18:22,298][func.train][INFO] - [DATASET] avg video length: 52.12 minutes
[2024-08-13 11:18:23,716][func.train][INFO] - [DATASET] df unique videos: [1 2 3 4 5 6 7 8 9 10 11 12 13 14 15 16 17 18 19 20 21 22 23 24 25 26 27
 28 29 30 31 32 33 34 35 36 37 38 39 40 41 42 43 44 45 46 47 48 49 50 51
 52 53 54 55 56 57 58 59 60 61 62 63 64 65 66 67 68 69 70 71 72 73 74 75
 76 77 78 79 80]
[2024-08-13 11:18:23,716][func.train][INFO] - [DATASET] split: test video_indices: [45]
[2024-08-13 11:18:23,785][func.train][INFO] - [DATASET] test size: 84676
[2024-08-13 11:18:23,785][func.train][INFO] - [DATASET] test video_indices: [45]
[2024-08-13 11:18:23,785][func.train][INFO] - [DATASET] video_idx: 45
[2024-08-13 11:18:23,799][func.train][INFO] - [DATASET] Sampled video_idx: 45 at 25 fps to 3387 frames
[2024-08-13 11:18:23,800][func.train][INFO] - [DATASET] video 45 phase_labels: torch.Size([3387])
[2024-08-13 11:18:23,990][func.train][INFO] - [DATASET] gt_remaining_time h=18: torch.Size([3387, 8])
[2024-08-13 11:18:23,991][func.train][INFO] - 

[2024-08-13 11:18:23,991][func.train][INFO] - [DATASET] number of test videos: 1
[2024-08-13 11:18:23,991][func.train][INFO] - [DATASET] avg video length: 56.45 minutes
[2024-08-13 11:18:25,560][func.train][INFO] - [DATASET] df unique videos: [1 2 3 4 5 6 7 8 9 10 11 12 13 14 15 16 17 18 19 20 21 22 23 24 25 26 27
 28 29 30 31 32 33 34 35 36 37 38 39 40 41 42 43 44 45 46 47 48 49 50 51
 52 53 54 55 56 57 58 59 60 61 62 63 64 65 66 67 68 69 70 71 72 73 74 75
 76 77 78 79 80]
[2024-08-13 11:18:25,560][func.train][INFO] - [DATASET] split: test video_indices: [46]
[2024-08-13 11:18:25,624][func.train][INFO] - [DATASET] test size: 41326
[2024-08-13 11:18:25,624][func.train][INFO] - [DATASET] test video_indices: [46]
[2024-08-13 11:18:25,624][func.train][INFO] - [DATASET] video_idx: 46
[2024-08-13 11:18:25,631][func.train][INFO] - [DATASET] Sampled video_idx: 46 at 25 fps to 1653 frames
[2024-08-13 11:18:25,632][func.train][INFO] - [DATASET] video 46 phase_labels: torch.Size([1653])
[2024-08-13 11:18:25,808][func.train][INFO] - [DATASET] gt_remaining_time h=18: torch.Size([1653, 8])
[2024-08-13 11:18:25,808][func.train][INFO] - 

[2024-08-13 11:18:25,808][func.train][INFO] - [DATASET] number of test videos: 1
[2024-08-13 11:18:25,808][func.train][INFO] - [DATASET] avg video length: 27.55 minutes
[2024-08-13 11:18:27,381][func.train][INFO] - [DATASET] df unique videos: [1 2 3 4 5 6 7 8 9 10 11 12 13 14 15 16 17 18 19 20 21 22 23 24 25 26 27
 28 29 30 31 32 33 34 35 36 37 38 39 40 41 42 43 44 45 46 47 48 49 50 51
 52 53 54 55 56 57 58 59 60 61 62 63 64 65 66 67 68 69 70 71 72 73 74 75
 76 77 78 79 80]
[2024-08-13 11:18:27,381][func.train][INFO] - [DATASET] split: test video_indices: [47]
[2024-08-13 11:18:27,462][func.train][INFO] - [DATASET] test size: 56476
[2024-08-13 11:18:27,462][func.train][INFO] - [DATASET] test video_indices: [47]
[2024-08-13 11:18:27,462][func.train][INFO] - [DATASET] video_idx: 47
[2024-08-13 11:18:27,472][func.train][INFO] - [DATASET] Sampled video_idx: 47 at 25 fps to 2259 frames
[2024-08-13 11:18:27,473][func.train][INFO] - [DATASET] video 47 phase_labels: torch.Size([2259])
[2024-08-13 11:18:27,655][func.train][INFO] - [DATASET] gt_remaining_time h=18: torch.Size([2259, 8])
[2024-08-13 11:18:27,656][func.train][INFO] - 

[2024-08-13 11:18:27,656][func.train][INFO] - [DATASET] number of test videos: 1
[2024-08-13 11:18:27,656][func.train][INFO] - [DATASET] avg video length: 37.65 minutes
[2024-08-13 11:18:29,232][func.train][INFO] - [DATASET] df unique videos: [1 2 3 4 5 6 7 8 9 10 11 12 13 14 15 16 17 18 19 20 21 22 23 24 25 26 27
 28 29 30 31 32 33 34 35 36 37 38 39 40 41 42 43 44 45 46 47 48 49 50 51
 52 53 54 55 56 57 58 59 60 61 62 63 64 65 66 67 68 69 70 71 72 73 74 75
 76 77 78 79 80]
[2024-08-13 11:18:29,232][func.train][INFO] - [DATASET] split: test video_indices: [48]
[2024-08-13 11:18:29,299][func.train][INFO] - [DATASET] test size: 45851
[2024-08-13 11:18:29,300][func.train][INFO] - [DATASET] test video_indices: [48]
[2024-08-13 11:18:29,300][func.train][INFO] - [DATASET] video_idx: 48
[2024-08-13 11:18:29,309][func.train][INFO] - [DATASET] Sampled video_idx: 48 at 25 fps to 1834 frames
[2024-08-13 11:18:29,309][func.train][INFO] - [DATASET] video 48 phase_labels: torch.Size([1834])
[2024-08-13 11:18:29,497][func.train][INFO] - [DATASET] gt_remaining_time h=18: torch.Size([1834, 8])
[2024-08-13 11:18:29,498][func.train][INFO] - 

[2024-08-13 11:18:29,498][func.train][INFO] - [DATASET] number of test videos: 1
[2024-08-13 11:18:29,498][func.train][INFO] - [DATASET] avg video length: 30.57 minutes
[2024-08-13 11:18:31,066][func.train][INFO] - [DATASET] df unique videos: [1 2 3 4 5 6 7 8 9 10 11 12 13 14 15 16 17 18 19 20 21 22 23 24 25 26 27
 28 29 30 31 32 33 34 35 36 37 38 39 40 41 42 43 44 45 46 47 48 49 50 51
 52 53 54 55 56 57 58 59 60 61 62 63 64 65 66 67 68 69 70 71 72 73 74 75
 76 77 78 79 80]
[2024-08-13 11:18:31,066][func.train][INFO] - [DATASET] split: test video_indices: [49]
[2024-08-13 11:18:31,141][func.train][INFO] - [DATASET] test size: 41776
[2024-08-13 11:18:31,141][func.train][INFO] - [DATASET] test video_indices: [49]
[2024-08-13 11:18:31,141][func.train][INFO] - [DATASET] video_idx: 49
[2024-08-13 11:18:31,149][func.train][INFO] - [DATASET] Sampled video_idx: 49 at 25 fps to 1671 frames
[2024-08-13 11:18:31,149][func.train][INFO] - [DATASET] video 49 phase_labels: torch.Size([1671])
[2024-08-13 11:18:31,301][func.train][INFO] - [DATASET] gt_remaining_time h=18: torch.Size([1671, 8])
[2024-08-13 11:18:31,301][func.train][INFO] - 

[2024-08-13 11:18:31,301][func.train][INFO] - [DATASET] number of test videos: 1
[2024-08-13 11:18:31,301][func.train][INFO] - [DATASET] avg video length: 27.85 minutes
[2024-08-13 11:18:32,843][func.train][INFO] - [DATASET] df unique videos: [1 2 3 4 5 6 7 8 9 10 11 12 13 14 15 16 17 18 19 20 21 22 23 24 25 26 27
 28 29 30 31 32 33 34 35 36 37 38 39 40 41 42 43 44 45 46 47 48 49 50 51
 52 53 54 55 56 57 58 59 60 61 62 63 64 65 66 67 68 69 70 71 72 73 74 75
 76 77 78 79 80]
[2024-08-13 11:18:32,843][func.train][INFO] - [DATASET] split: test video_indices: [50]
[2024-08-13 11:18:32,909][func.train][INFO] - [DATASET] test size: 27351
[2024-08-13 11:18:32,909][func.train][INFO] - [DATASET] test video_indices: [50]
[2024-08-13 11:18:32,909][func.train][INFO] - [DATASET] video_idx: 50
[2024-08-13 11:18:32,914][func.train][INFO] - [DATASET] Sampled video_idx: 50 at 25 fps to 1094 frames
[2024-08-13 11:18:32,915][func.train][INFO] - [DATASET] video 50 phase_labels: torch.Size([1094])
[2024-08-13 11:18:33,036][func.train][INFO] - [DATASET] gt_remaining_time h=18: torch.Size([1094, 8])
[2024-08-13 11:18:33,036][func.train][INFO] - 

[2024-08-13 11:18:33,036][func.train][INFO] - [DATASET] number of test videos: 1
[2024-08-13 11:18:33,036][func.train][INFO] - [DATASET] avg video length: 18.23 minutes
[2024-08-13 11:18:34,594][func.train][INFO] - [DATASET] df unique videos: [1 2 3 4 5 6 7 8 9 10 11 12 13 14 15 16 17 18 19 20 21 22 23 24 25 26 27
 28 29 30 31 32 33 34 35 36 37 38 39 40 41 42 43 44 45 46 47 48 49 50 51
 52 53 54 55 56 57 58 59 60 61 62 63 64 65 66 67 68 69 70 71 72 73 74 75
 76 77 78 79 80]
[2024-08-13 11:18:34,594][func.train][INFO] - [DATASET] split: test video_indices: [51]
[2024-08-13 11:18:34,674][func.train][INFO] - [DATASET] test size: 73601
[2024-08-13 11:18:34,674][func.train][INFO] - [DATASET] test video_indices: [51]
[2024-08-13 11:18:34,674][func.train][INFO] - [DATASET] video_idx: 51
[2024-08-13 11:18:34,688][func.train][INFO] - [DATASET] Sampled video_idx: 51 at 25 fps to 2944 frames
[2024-08-13 11:18:34,689][func.train][INFO] - [DATASET] video 51 phase_labels: torch.Size([2944])
[2024-08-13 11:18:34,892][func.train][INFO] - [DATASET] gt_remaining_time h=18: torch.Size([2944, 8])
[2024-08-13 11:18:34,892][func.train][INFO] - 

[2024-08-13 11:18:34,893][func.train][INFO] - [DATASET] number of test videos: 1
[2024-08-13 11:18:34,893][func.train][INFO] - [DATASET] avg video length: 49.07 minutes
[2024-08-13 11:18:36,278][func.train][INFO] - [DATASET] df unique videos: [1 2 3 4 5 6 7 8 9 10 11 12 13 14 15 16 17 18 19 20 21 22 23 24 25 26 27
 28 29 30 31 32 33 34 35 36 37 38 39 40 41 42 43 44 45 46 47 48 49 50 51
 52 53 54 55 56 57 58 59 60 61 62 63 64 65 66 67 68 69 70 71 72 73 74 75
 76 77 78 79 80]
[2024-08-13 11:18:36,278][func.train][INFO] - [DATASET] split: test video_indices: [52]
[2024-08-13 11:18:36,338][func.train][INFO] - [DATASET] test size: 49151
[2024-08-13 11:18:36,338][func.train][INFO] - [DATASET] test video_indices: [52]
[2024-08-13 11:18:36,338][func.train][INFO] - [DATASET] video_idx: 52
[2024-08-13 11:18:36,346][func.train][INFO] - [DATASET] Sampled video_idx: 52 at 25 fps to 1966 frames
[2024-08-13 11:18:36,347][func.train][INFO] - [DATASET] video 52 phase_labels: torch.Size([1966])
[2024-08-13 11:18:36,501][func.train][INFO] - [DATASET] gt_remaining_time h=18: torch.Size([1966, 8])
[2024-08-13 11:18:36,501][func.train][INFO] - 

[2024-08-13 11:18:36,501][func.train][INFO] - [DATASET] number of test videos: 1
[2024-08-13 11:18:36,501][func.train][INFO] - [DATASET] avg video length: 32.77 minutes
[2024-08-13 11:18:38,110][func.train][INFO] - [DATASET] df unique videos: [1 2 3 4 5 6 7 8 9 10 11 12 13 14 15 16 17 18 19 20 21 22 23 24 25 26 27
 28 29 30 31 32 33 34 35 36 37 38 39 40 41 42 43 44 45 46 47 48 49 50 51
 52 53 54 55 56 57 58 59 60 61 62 63 64 65 66 67 68 69 70 71 72 73 74 75
 76 77 78 79 80]
[2024-08-13 11:18:38,110][func.train][INFO] - [DATASET] split: test video_indices: [53]
[2024-08-13 11:18:38,195][func.train][INFO] - [DATASET] test size: 82076
[2024-08-13 11:18:38,195][func.train][INFO] - [DATASET] test video_indices: [53]
[2024-08-13 11:18:38,195][func.train][INFO] - [DATASET] video_idx: 53
[2024-08-13 11:18:38,210][func.train][INFO] - [DATASET] Sampled video_idx: 53 at 25 fps to 3283 frames
[2024-08-13 11:18:38,211][func.train][INFO] - [DATASET] video 53 phase_labels: torch.Size([3283])
[2024-08-13 11:18:38,428][func.train][INFO] - [DATASET] gt_remaining_time h=18: torch.Size([3283, 8])
[2024-08-13 11:18:38,429][func.train][INFO] - 

[2024-08-13 11:18:38,429][func.train][INFO] - [DATASET] number of test videos: 1
[2024-08-13 11:18:38,429][func.train][INFO] - [DATASET] avg video length: 54.72 minutes
[2024-08-13 11:18:39,858][func.train][INFO] - [DATASET] df unique videos: [1 2 3 4 5 6 7 8 9 10 11 12 13 14 15 16 17 18 19 20 21 22 23 24 25 26 27
 28 29 30 31 32 33 34 35 36 37 38 39 40 41 42 43 44 45 46 47 48 49 50 51
 52 53 54 55 56 57 58 59 60 61 62 63 64 65 66 67 68 69 70 71 72 73 74 75
 76 77 78 79 80]
[2024-08-13 11:18:39,858][func.train][INFO] - [DATASET] split: test video_indices: [54]
[2024-08-13 11:18:39,928][func.train][INFO] - [DATASET] test size: 77501
[2024-08-13 11:18:39,928][func.train][INFO] - [DATASET] test video_indices: [54]
[2024-08-13 11:18:39,928][func.train][INFO] - [DATASET] video_idx: 54
[2024-08-13 11:18:39,940][func.train][INFO] - [DATASET] Sampled video_idx: 54 at 25 fps to 3100 frames
[2024-08-13 11:18:39,941][func.train][INFO] - [DATASET] video 54 phase_labels: torch.Size([3100])
[2024-08-13 11:18:40,139][func.train][INFO] - [DATASET] gt_remaining_time h=18: torch.Size([3100, 8])
[2024-08-13 11:18:40,140][func.train][INFO] - 

[2024-08-13 11:18:40,140][func.train][INFO] - [DATASET] number of test videos: 1
[2024-08-13 11:18:40,140][func.train][INFO] - [DATASET] avg video length: 51.67 minutes
