[2024-07-05 17:40:20,670][func.train][INFO] - Dist info:
[2024-07-05 17:40:20,670][func.train][INFO] - torch version: 2.2.2+cu121
[2024-07-05 17:40:20,671][func.train][INFO] - torchvision version: 0.17.2+cu121
[2024-07-05 17:40:20,671][func.train][INFO] - hydra version: 1.3.2
[2024-07-05 17:40:20,674][func.train][INFO] - Loading data
[2024-07-05 17:40:20,674][func.train][INFO] - Loading datasets
[2024-07-05 17:40:22,383][func.train][INFO] - [SELECT DATASET] ALL loaded dataframe in 0m 2s
[2024-07-05 17:40:22,384][func.train][INFO] - [SELECT DATASET] ALL loaded dataframe: (4612530, 11)
[2024-07-05 17:40:22,599][func.train][INFO] - [SELECT DATASET] labels are already starting from 0
[2024-07-05 17:40:22,965][func.train][INFO] - [SELECT DATASET] ALL unique classes: [0 1 2 3 4 5 6]
[2024-07-05 17:40:22,976][func.train][INFO] - [SELECT DATASET] aLL dataframe (head):                    image_path class  ... tool_Irrigator tool_SpecimenBag
0  video01/video01_000001.png     0  ...              0                0
1  video01/video01_000002.png     0  ...              0                0
2  video01/video01_000003.png     0  ...              0                0
3  video01/video01_000004.png     0  ...              0                0
4  video01/video01_000005.png     0  ...              0                0

[5 rows x 11 columns]
[2024-07-05 17:40:22,984][func.train][INFO] - [SELECT DATASET] ALL dataframe (tail):                          image_path class  ... tool_Irrigator tool_SpecimenBag
4612525  video80/video80_043097.png     6  ...              0                0
4612526  video80/video80_043098.png     6  ...              0                0
4612527  video80/video80_043099.png     6  ...              0                0
4612528  video80/video80_043100.png     6  ...              0                0
4612529  video80/video80_043101.png     6  ...              0                0

[5 rows x 11 columns]
[2024-07-05 17:40:22,984][func.train][INFO] - [DATASET] params: {'debug': False, 'dataset_name': 'cholec80', 'reduc_feats_folder': 'train_targets_x_mp/', 'num_classes': 7, 'num_next_labels': 6, 'last_seg_class': 7, 'predict_next_phase': True, 'get_target_feats': False, 'replace_current_with_next_class': False}
