[2024-05-13 18:48:23,126][func.train][INFO] - Dist info:
[2024-05-13 18:48:23,127][func.train][INFO] - torch version: 2.2.2+cu121
[2024-05-13 18:48:23,127][func.train][INFO] - torchvision version: 0.17.2+cu121
[2024-05-13 18:48:23,127][func.train][INFO] - hydra version: 1.3.2
[2024-05-13 18:48:23,132][func.train][INFO] - Loading data
[2024-05-13 18:48:23,132][func.train][INFO] - Loading datasets
[2024-05-13 18:48:23,651][func.train][INFO] - [SELECT DATASET] ALL loaded dataframe in 0m 1s
[2024-05-13 18:48:23,651][func.train][INFO] - [SELECT DATASET] ALL loaded dataframe: (83243, 4)
[2024-05-13 18:48:23,657][func.train][INFO] - [SELECT DATASET] labels are already starting from 0
[2024-05-13 18:48:23,663][func.train][INFO] - [SELECT DATASET] ALL unique classes: [0 1 2 3 4 5 6]
[2024-05-13 18:48:23,669][func.train][INFO] - [SELECT DATASET] aLL dataframe (head):                                           image_path  video_idx frame_idx class
0  /nfs/home/yangliu/dataset/AutoLaparo_Task1/Aut...          1         1     1
1  /nfs/home/yangliu/dataset/AutoLaparo_Task1/Aut...          1         2     1
2  /nfs/home/yangliu/dataset/AutoLaparo_Task1/Aut...          1         3     1
3  /nfs/home/yangliu/dataset/AutoLaparo_Task1/Aut...          1         4     1
4  /nfs/home/yangliu/dataset/AutoLaparo_Task1/Aut...          1         5     1
[2024-05-13 18:48:23,673][func.train][INFO] - [SELECT DATASET] ALL dataframe (tail):                                               image_path  ...  class
83238  /nfs/home/yangliu/dataset/AutoLaparo_Task1/Aut...  ...      6
83239  /nfs/home/yangliu/dataset/AutoLaparo_Task1/Aut...  ...      6
83240  /nfs/home/yangliu/dataset/AutoLaparo_Task1/Aut...  ...      6
83241  /nfs/home/yangliu/dataset/AutoLaparo_Task1/Aut...  ...      6
83242  /nfs/home/yangliu/dataset/AutoLaparo_Task1/Aut...  ...      6

[5 rows x 4 columns]
[2024-05-13 18:48:23,673][func.train][INFO] - [DATASET] params: {'debug': False, 'dataset_name': 'autolaparo21', 'reduc_feats_folder': 'train_targets_x_mp/', 'num_classes': 7, 'num_next_labels': 6, 'last_seg_class': 7, 'predict_next_phase': True, 'get_target_feats': False, 'replace_current_with_next_class': False}
[2024-05-13 18:48:23,698][func.train][INFO] - [DATASET] df unique videos: [ 1  2  3  4  5  6  7  8  9 10 11 12 13 14 15 16 17 18 19 20 21]
[2024-05-13 18:48:23,699][func.train][INFO] - [DATASET] split: train video_indices: [1, 2, 3, 4, 5, 6, 7, 8, 9, 10, 11, 12, 13, 14]
[2024-05-13 18:48:23,712][func.train][INFO] - [DATASET] train size: 55183
[2024-05-13 18:48:23,712][func.train][INFO] - [DATASET] train video_indices: [1, 2, 3, 4, 5, 6, 7, 8, 9, 10, 11, 12, 13, 14]
[2024-05-13 18:48:23,714][func.train][INFO] - [DATASET] Sampling video_idx: 1 at 1 fps to 6388 frames
[2024-05-13 18:48:23,726][func.train][INFO] - [DATASET] video 1 label_list: torch.Size([6388])
[2024-05-13 18:48:23,983][func.train][INFO] - [DATASET] Sampling video_idx: 2 at 1 fps to 3620 frames
[2024-05-13 18:48:23,984][func.train][INFO] - [DATASET] video 2 label_list: torch.Size([3620])
[2024-05-13 18:48:24,027][func.train][INFO] - [DATASET] Sampling video_idx: 3 at 1 fps to 3000 frames
[2024-05-13 18:48:24,028][func.train][INFO] - [DATASET] video 3 label_list: torch.Size([3000])
[2024-05-13 18:48:24,069][func.train][INFO] - [DATASET] Sampling video_idx: 4 at 1 fps to 2938 frames
[2024-05-13 18:48:24,069][func.train][INFO] - [DATASET] video 4 label_list: torch.Size([2938])
[2024-05-13 18:48:24,104][func.train][INFO] - [DATASET] Sampling video_idx: 5 at 1 fps to 3220 frames
[2024-05-13 18:48:24,104][func.train][INFO] - [DATASET] video 5 label_list: torch.Size([3220])
[2024-05-13 18:48:24,140][func.train][INFO] - [DATASET] Sampling video_idx: 6 at 1 fps to 3908 frames
[2024-05-13 18:48:24,141][func.train][INFO] - [DATASET] video 6 label_list: torch.Size([3908])
[2024-05-13 18:48:24,184][func.train][INFO] - [DATASET] Sampling video_idx: 7 at 1 fps to 1645 frames
[2024-05-13 18:48:24,184][func.train][INFO] - [DATASET] video 7 label_list: torch.Size([1645])
[2024-05-13 18:48:24,207][func.train][INFO] - [DATASET] Sampling video_idx: 8 at 1 fps to 4692 frames
[2024-05-13 18:48:24,207][func.train][INFO] - [DATASET] video 8 label_list: torch.Size([4692])
[2024-05-13 18:48:24,253][func.train][INFO] - [DATASET] Sampling video_idx: 9 at 1 fps to 5736 frames
[2024-05-13 18:48:24,254][func.train][INFO] - [DATASET] video 9 label_list: torch.Size([5736])
[2024-05-13 18:48:24,308][func.train][INFO] - [DATASET] Sampling video_idx: 10 at 1 fps to 5064 frames
[2024-05-13 18:48:24,309][func.train][INFO] - [DATASET] video 10 label_list: torch.Size([5064])
[2024-05-13 18:48:24,364][func.train][INFO] - [DATASET] Sampling video_idx: 11 at 1 fps to 4720 frames
[2024-05-13 18:48:24,364][func.train][INFO] - [DATASET] video 11 label_list: torch.Size([4720])
[2024-05-13 18:48:24,414][func.train][INFO] - [DATASET] Sampling video_idx: 12 at 1 fps to 2916 frames
[2024-05-13 18:48:24,415][func.train][INFO] - [DATASET] video 12 label_list: torch.Size([2916])
[2024-05-13 18:48:24,450][func.train][INFO] - [DATASET] Sampling video_idx: 13 at 1 fps to 2597 frames
[2024-05-13 18:48:24,451][func.train][INFO] - [DATASET] video 13 label_list: torch.Size([2597])
[2024-05-13 18:48:24,483][func.train][INFO] - [DATASET] Sampling video_idx: 14 at 1 fps to 4739 frames
[2024-05-13 18:48:24,484][func.train][INFO] - [DATASET] video 14 label_list: torch.Size([4739])
[2024-05-13 18:48:24,541][func.train][INFO] - [DATASET] number of train videos: 14
[2024-05-13 18:48:24,541][func.train][INFO] - [DATASET] avg video length: 65.69 minutes
[2024-05-13 18:48:24,655][func.train][INFO] - [DATASET] curr_class_weights: tensor([5.5989, 0.4087, 0.6284, 1.0496, 5.9139, 0.9633, 1.6039])
[2024-05-13 18:48:24,655][func.train][INFO] - [DATASET] next_class_weights: tensor([25.1459,  1.8357,  2.8223,  4.7138, 26.5607,  4.3262,  7.2035,  0.1552])
[2024-05-13 18:48:24,683][func.train][INFO] - [DATASET] df unique videos: [ 1  2  3  4  5  6  7  8  9 10 11 12 13 14 15 16 17 18 19 20 21]
[2024-05-13 18:48:24,683][func.train][INFO] - [DATASET] split: test video_indices: [15]
[2024-05-13 18:48:24,685][func.train][INFO] - [DATASET] test size: 3653
[2024-05-13 18:48:24,685][func.train][INFO] - [DATASET] test video_indices: [15]
[2024-05-13 18:48:24,686][func.train][INFO] - [DATASET] Sampling video_idx: 15 at 1 fps to 3653 frames
[2024-05-13 18:48:24,687][func.train][INFO] - [DATASET] video 15 label_list: torch.Size([3653])
[2024-05-13 18:48:24,728][func.train][INFO] - [DATASET] number of test videos: 1
[2024-05-13 18:48:24,729][func.train][INFO] - [DATASET] avg video length: 60.88 minutes
[2024-05-13 18:48:24,779][func.train][INFO] - [DATASET] df unique videos: [ 1  2  3  4  5  6  7  8  9 10 11 12 13 14 15 16 17 18 19 20 21]
[2024-05-13 18:48:24,779][func.train][INFO] - [DATASET] split: test video_indices: [16]
[2024-05-13 18:48:24,781][func.train][INFO] - [DATASET] test size: 3612
[2024-05-13 18:48:24,781][func.train][INFO] - [DATASET] test video_indices: [16]
[2024-05-13 18:48:24,782][func.train][INFO] - [DATASET] Sampling video_idx: 16 at 1 fps to 3612 frames
[2024-05-13 18:48:24,783][func.train][INFO] - [DATASET] video 16 label_list: torch.Size([3612])
[2024-05-13 18:48:24,827][func.train][INFO] - [DATASET] number of test videos: 1
[2024-05-13 18:48:24,827][func.train][INFO] - [DATASET] avg video length: 60.20 minutes
[2024-05-13 18:48:24,860][func.train][INFO] - [DATASET] df unique videos: [ 1  2  3  4  5  6  7  8  9 10 11 12 13 14 15 16 17 18 19 20 21]
[2024-05-13 18:48:24,861][func.train][INFO] - [DATASET] split: test video_indices: [17]
[2024-05-13 18:48:24,863][func.train][INFO] - [DATASET] test size: 4678
[2024-05-13 18:48:24,863][func.train][INFO] - [DATASET] test video_indices: [17]
[2024-05-13 18:48:24,865][func.train][INFO] - [DATASET] Sampling video_idx: 17 at 1 fps to 4678 frames
[2024-05-13 18:48:24,865][func.train][INFO] - [DATASET] video 17 label_list: torch.Size([4678])
[2024-05-13 18:48:24,912][func.train][INFO] - [DATASET] number of test videos: 1
[2024-05-13 18:48:24,912][func.train][INFO] - [DATASET] avg video length: 77.97 minutes
[2024-05-13 18:48:24,950][func.train][INFO] - [DATASET] df unique videos: [ 1  2  3  4  5  6  7  8  9 10 11 12 13 14 15 16 17 18 19 20 21]
[2024-05-13 18:48:24,950][func.train][INFO] - [DATASET] split: test video_indices: [18]
[2024-05-13 18:48:24,953][func.train][INFO] - [DATASET] test size: 3546
[2024-05-13 18:48:24,953][func.train][INFO] - [DATASET] test video_indices: [18]
[2024-05-13 18:48:24,955][func.train][INFO] - [DATASET] Sampling video_idx: 18 at 1 fps to 3546 frames
[2024-05-13 18:48:24,955][func.train][INFO] - [DATASET] video 18 label_list: torch.Size([3546])
[2024-05-13 18:48:24,996][func.train][INFO] - [DATASET] number of test videos: 1
[2024-05-13 18:48:24,997][func.train][INFO] - [DATASET] avg video length: 59.10 minutes
[2024-05-13 18:48:25,030][func.train][INFO] - [DATASET] df unique videos: [ 1  2  3  4  5  6  7  8  9 10 11 12 13 14 15 16 17 18 19 20 21]
[2024-05-13 18:48:25,030][func.train][INFO] - [DATASET] split: test video_indices: [19]
[2024-05-13 18:48:25,032][func.train][INFO] - [DATASET] test size: 3413
[2024-05-13 18:48:25,032][func.train][INFO] - [DATASET] test video_indices: [19]
[2024-05-13 18:48:25,033][func.train][INFO] - [DATASET] Sampling video_idx: 19 at 1 fps to 3413 frames
[2024-05-13 18:48:25,034][func.train][INFO] - [DATASET] video 19 label_list: torch.Size([3413])
[2024-05-13 18:48:25,087][func.train][INFO] - [DATASET] number of test videos: 1
[2024-05-13 18:48:25,088][func.train][INFO] - [DATASET] avg video length: 56.88 minutes
[2024-05-13 18:48:25,121][func.train][INFO] - [DATASET] df unique videos: [ 1  2  3  4  5  6  7  8  9 10 11 12 13 14 15 16 17 18 19 20 21]
[2024-05-13 18:48:25,121][func.train][INFO] - [DATASET] split: test video_indices: [20]
[2024-05-13 18:48:25,123][func.train][INFO] - [DATASET] test size: 4832
[2024-05-13 18:48:25,123][func.train][INFO] - [DATASET] test video_indices: [20]
[2024-05-13 18:48:25,125][func.train][INFO] - [DATASET] Sampling video_idx: 20 at 1 fps to 4832 frames
[2024-05-13 18:48:25,126][func.train][INFO] - [DATASET] video 20 label_list: torch.Size([4832])
[2024-05-13 18:48:25,175][func.train][INFO] - [DATASET] number of test videos: 1
[2024-05-13 18:48:25,175][func.train][INFO] - [DATASET] avg video length: 80.53 minutes
[2024-05-13 18:48:25,203][func.train][INFO] - [DATASET] df unique videos: [ 1  2  3  4  5  6  7  8  9 10 11 12 13 14 15 16 17 18 19 20 21]
[2024-05-13 18:48:25,204][func.train][INFO] - [DATASET] split: test video_indices: [21]
[2024-05-13 18:48:25,205][func.train][INFO] - [DATASET] test size: 4326
[2024-05-13 18:48:25,205][func.train][INFO] - [DATASET] test video_indices: [21]
[2024-05-13 18:48:25,207][func.train][INFO] - [DATASET] Sampling video_idx: 21 at 1 fps to 4326 frames
[2024-05-13 18:48:25,207][func.train][INFO] - [DATASET] video 21 label_list: torch.Size([4326])
[2024-05-13 18:48:25,253][func.train][INFO] - [DATASET] number of test videos: 1
[2024-05-13 18:48:25,254][func.train][INFO] - [DATASET] avg video length: 72.10 minutes
[2024-05-13 18:48:25,256][func.train][INFO] - Time to load datasets: 0.04 min
[2024-05-13 18:48:25,256][func.train][INFO] - Creating data loaders
[2024-05-13 18:48:25,257][func.train][INFO] - Creating model with {'one': 7} classes
[2024-05-13 18:48:25,886][func.train][INFO] - [MAIN] Number of tokens: 55183
[2024-05-13 18:48:25,886][func.train][INFO] - [MAIN] Number of parameters: 17789526
[2024-05-13 18:48:25,887][func.train][INFO] - [MAIN] Token-to-Parameter Ratio is ideally between [1:1 to 10:1]: 0.003102
[2024-05-13 18:48:25,887][func.train][WARNING] - [MAIN] Data-to-Parameter-Ratio is outside the interval [1:1 to 10:1]
[2024-05-13 18:48:25,888][func.train][INFO] - Using LR 0.000300 WD 0.000010 for parameters
[2024-05-13 18:48:25,888][func.train][INFO] - Using LR 0.000300 WD 0.000010 for parameters
[2024-05-13 18:48:25,893][func.train][INFO] - Wrapping model into DP
[2024-05-13 18:48:26,005][func.train][INFO] - Start training
[2024-05-13 18:48:26,009][func.train][INFO] - Storing checkpoints every 60.00 mins
[2024-05-13 18:48:28,114][func.train][INFO] - [TRAINING] Step 0/1725 | Loss: 3.68 | Acc (curr_frames): 0.06 | Acc (next_frames): 0.08 | time-left: 60.49 min
[2024-05-13 18:48:48,879][func.train][INFO] - [TRAINING] Step 100/1725 | Loss: 3.68 | Acc (curr_frames): 0.09 | Acc (next_frames): 0.19 | time-left: 6.13 min
[2024-05-13 18:49:05,468][func.train][INFO] - [TRAINING] Step 200/1725 | Loss: 3.64 | Acc (curr_frames): 0.09 | Acc (next_frames): 0.27 | time-left: 4.99 min
[2024-05-13 18:49:22,298][func.train][INFO] - [TRAINING] Step 300/1725 | Loss: 3.54 | Acc (curr_frames): 0.20 | Acc (next_frames): 0.29 | time-left: 4.44 min
[2024-05-13 18:49:38,819][func.train][INFO] - [TRAINING] Step 400/1725 | Loss: 3.29 | Acc (curr_frames): 0.20 | Acc (next_frames): 0.28 | time-left: 4.01 min
[2024-05-13 18:49:55,367][func.train][INFO] - [TRAINING] Step 500/1725 | Loss: 3.44 | Acc (curr_frames): 0.11 | Acc (next_frames): 0.15 | time-left: 3.64 min
[2024-05-13 18:50:11,858][func.train][INFO] - [TRAINING] Step 600/1725 | Loss: 4.53 | Acc (curr_frames): 0.15 | Acc (next_frames): 0.25 | time-left: 3.30 min
[2024-05-13 18:50:28,214][func.train][INFO] - [TRAINING] Step 700/1725 | Loss: 3.38 | Acc (curr_frames): 0.16 | Acc (next_frames): 0.35 | time-left: 2.98 min
[2024-05-13 18:50:44,601][func.train][INFO] - [TRAINING] Step 800/1725 | Loss: 4.10 | Acc (curr_frames): 0.04 | Acc (next_frames): 0.12 | time-left: 2.66 min
[2024-05-13 18:51:00,962][func.train][INFO] - [TRAINING] Step 900/1725 | Loss: 2.69 | Acc (curr_frames): 0.29 | Acc (next_frames): 0.46 | time-left: 2.36 min
[2024-05-13 18:51:17,419][func.train][INFO] - [TRAINING] Step 1000/1725 | Loss: 3.36 | Acc (curr_frames): 0.25 | Acc (next_frames): 0.25 | time-left: 2.07 min
[2024-05-13 18:51:34,165][func.train][INFO] - [TRAINING] Step 1100/1725 | Loss: 3.70 | Acc (curr_frames): 0.29 | Acc (next_frames): 0.35 | time-left: 1.78 min
[2024-05-13 18:51:50,873][func.train][INFO] - [TRAINING] Step 1200/1725 | Loss: 2.58 | Acc (curr_frames): 0.33 | Acc (next_frames): 0.36 | time-left: 1.49 min
[2024-05-13 18:52:07,528][func.train][INFO] - [TRAINING] Step 1300/1725 | Loss: 5.01 | Acc (curr_frames): 0.18 | Acc (next_frames): 0.25 | time-left: 1.20 min
[2024-05-13 18:52:24,035][func.train][INFO] - [TRAINING] Step 1400/1725 | Loss: 2.81 | Acc (curr_frames): 0.32 | Acc (next_frames): 0.29 | time-left: 0.92 min
[2024-05-13 18:52:40,630][func.train][INFO] - [TRAINING] Step 1500/1725 | Loss: 2.41 | Acc (curr_frames): 0.33 | Acc (next_frames): 0.34 | time-left: 0.63 min
[2024-05-13 18:52:57,240][func.train][INFO] - [TRAINING] Step 1600/1725 | Loss: 2.12 | Acc (curr_frames): 0.38 | Acc (next_frames): 0.50 | time-left: 0.35 min
[2024-05-13 18:53:13,691][func.train][INFO] - [TRAINING] Step 1700/1725 | Loss: 2.30 | Acc (curr_frames): 0.64 | Acc (next_frames): 0.58 | time-left: 0.07 min
[2024-05-13 18:53:20,525][root][INFO] - Storing ckpt at epoch 1.000000 to checkpoint.pth
[2024-05-13 18:53:20,808][func.train][INFO] - [EVAL] Epoch: 1 | Anticipation time (s): 180 | Max anticipation time (m): 18 | Step size (m): 3 | Max auto-reg. steps: 6
[2024-05-13 18:53:20,808][func.train][INFO] - [EVAL] X-axis values: [3, 6, 9, 12, 15, 18]
[2024-05-13 18:53:21,166][func.train][INFO] - [TESTING] video: 15 | frame: 63 / 3653
[2024-05-13 18:53:21,289][func.train][INFO] - [TESTING] video: 15 | frame: 127 / 3653
[2024-05-13 18:53:21,405][func.train][INFO] - [TESTING] video: 15 | frame: 191 / 3653
[2024-05-13 18:53:21,523][func.train][INFO] - [TESTING] video: 15 | frame: 255 / 3653
[2024-05-13 18:53:21,641][func.train][INFO] - [TESTING] video: 15 | frame: 319 / 3653
[2024-05-13 18:53:21,759][func.train][INFO] - [TESTING] video: 15 | frame: 383 / 3653
[2024-05-13 18:53:21,877][func.train][INFO] - [TESTING] video: 15 | frame: 447 / 3653
[2024-05-13 18:53:21,997][func.train][INFO] - [TESTING] video: 15 | frame: 511 / 3653
[2024-05-13 18:53:22,116][func.train][INFO] - [TESTING] video: 15 | frame: 575 / 3653
[2024-05-13 18:53:22,235][func.train][INFO] - [TESTING] video: 15 | frame: 639 / 3653
[2024-05-13 18:53:22,351][func.train][INFO] - [TESTING] video: 15 | frame: 703 / 3653
[2024-05-13 18:53:22,473][func.train][INFO] - [TESTING] video: 15 | frame: 767 / 3653
[2024-05-13 18:53:22,590][func.train][INFO] - [TESTING] video: 15 | frame: 831 / 3653
[2024-05-13 18:53:22,707][func.train][INFO] - [TESTING] video: 15 | frame: 895 / 3653
[2024-05-13 18:53:22,826][func.train][INFO] - [TESTING] video: 15 | frame: 959 / 3653
[2024-05-13 18:53:22,942][func.train][INFO] - [TESTING] video: 15 | frame: 1023 / 3653
[2024-05-13 18:53:23,058][func.train][INFO] - [TESTING] video: 15 | frame: 1087 / 3653
[2024-05-13 18:53:23,176][func.train][INFO] - [TESTING] video: 15 | frame: 1151 / 3653
[2024-05-13 18:53:23,293][func.train][INFO] - [TESTING] video: 15 | frame: 1215 / 3653
[2024-05-13 18:53:23,408][func.train][INFO] - [TESTING] video: 15 | frame: 1279 / 3653
[2024-05-13 18:53:23,525][func.train][INFO] - [TESTING] video: 15 | frame: 1343 / 3653
[2024-05-13 18:53:23,639][func.train][INFO] - [TESTING] video: 15 | frame: 1407 / 3653
[2024-05-13 18:53:23,749][func.train][INFO] - [TESTING] video: 15 | frame: 1471 / 3653
[2024-05-13 18:53:23,860][func.train][INFO] - [TESTING] video: 15 | frame: 1535 / 3653
[2024-05-13 18:53:23,970][func.train][INFO] - [TESTING] video: 15 | frame: 1599 / 3653
[2024-05-13 18:53:24,079][func.train][INFO] - [TESTING] video: 15 | frame: 1663 / 3653
[2024-05-13 18:53:24,188][func.train][INFO] - [TESTING] video: 15 | frame: 1727 / 3653
[2024-05-13 18:53:24,296][func.train][INFO] - [TESTING] video: 15 | frame: 1791 / 3653
[2024-05-13 18:53:24,405][func.train][INFO] - [TESTING] video: 15 | frame: 1855 / 3653
[2024-05-13 18:53:24,520][func.train][INFO] - [TESTING] video: 15 | frame: 1919 / 3653
[2024-05-13 18:53:24,633][func.train][INFO] - [TESTING] video: 15 | frame: 1983 / 3653
[2024-05-13 18:53:24,749][func.train][INFO] - [TESTING] video: 15 | frame: 2047 / 3653
[2024-05-13 18:53:24,864][func.train][INFO] - [TESTING] video: 15 | frame: 2111 / 3653
[2024-05-13 18:53:24,981][func.train][INFO] - [TESTING] video: 15 | frame: 2175 / 3653
[2024-05-13 18:53:25,099][func.train][INFO] - [TESTING] video: 15 | frame: 2239 / 3653
[2024-05-13 18:53:25,212][func.train][INFO] - [TESTING] video: 15 | frame: 2303 / 3653
[2024-05-13 18:53:25,321][func.train][INFO] - [TESTING] video: 15 | frame: 2367 / 3653
[2024-05-13 18:53:25,430][func.train][INFO] - [TESTING] video: 15 | frame: 2431 / 3653
[2024-05-13 18:53:25,542][func.train][INFO] - [TESTING] video: 15 | frame: 2495 / 3653
[2024-05-13 18:53:25,650][func.train][INFO] - [TESTING] video: 15 | frame: 2559 / 3653
[2024-05-13 18:53:25,761][func.train][INFO] - [TESTING] video: 15 | frame: 2623 / 3653
[2024-05-13 18:53:25,875][func.train][INFO] - [TESTING] video: 15 | frame: 2687 / 3653
[2024-05-13 18:53:25,986][func.train][INFO] - [TESTING] video: 15 | frame: 2751 / 3653
[2024-05-13 18:53:26,099][func.train][INFO] - [TESTING] video: 15 | frame: 2815 / 3653
[2024-05-13 18:53:26,213][func.train][INFO] - [TESTING] video: 15 | frame: 2879 / 3653
[2024-05-13 18:53:26,326][func.train][INFO] - [TESTING] video: 15 | frame: 2943 / 3653
[2024-05-13 18:53:26,438][func.train][INFO] - [TESTING] video: 15 | frame: 3007 / 3653
[2024-05-13 18:53:26,555][func.train][INFO] - [TESTING] video: 15 | frame: 3071 / 3653
[2024-05-13 18:53:26,667][func.train][INFO] - [TESTING] video: 15 | frame: 3135 / 3653
[2024-05-13 18:53:26,778][func.train][INFO] - [TESTING] video: 15 | frame: 3199 / 3653
[2024-05-13 18:53:26,889][func.train][INFO] - [TESTING] video: 15 | frame: 3263 / 3653
[2024-05-13 18:53:27,002][func.train][INFO] - [TESTING] video: 15 | frame: 3327 / 3653
[2024-05-13 18:53:27,113][func.train][INFO] - [TESTING] video: 15 | frame: 3391 / 3653
[2024-05-13 18:53:27,223][func.train][INFO] - [TESTING] video: 15 | frame: 3455 / 3653
[2024-05-13 18:53:27,328][func.train][INFO] - [TESTING] video: 15 | frame: 3519 / 3653
[2024-05-13 18:53:27,431][func.train][INFO] - [TESTING] video: 15 | frame: 3583 / 3653
[2024-05-13 18:53:27,534][func.train][INFO] - [TESTING] video: 15 | frame: 3647 / 3653
[2024-05-13 18:53:27,642][func.train][INFO] - [TESTING] video: 15 | frame: 3652 / 3653
[2024-05-13 18:53:27,643][func.train][INFO] - [TESTING] video: 15 | video test time: 0.11 min | total test time: 0.11 min
[2024-05-13 18:53:27,645][func.train][INFO] - [TESTING] video: 15 | mean_acc_curr_frames: 0.0109 | mean_acc_future_frames: 0.0889 | mean_cum_acc_future_frames: 0.1398
[2024-05-13 18:53:29,191][func.train][INFO] - [TESTING] video: 16 | frame: 63 / 3612
[2024-05-13 18:53:29,312][func.train][INFO] - [TESTING] video: 16 | frame: 127 / 3612
[2024-05-13 18:53:29,427][func.train][INFO] - [TESTING] video: 16 | frame: 191 / 3612
[2024-05-13 18:53:29,543][func.train][INFO] - [TESTING] video: 16 | frame: 255 / 3612
[2024-05-13 18:53:29,658][func.train][INFO] - [TESTING] video: 16 | frame: 319 / 3612
[2024-05-13 18:53:29,778][func.train][INFO] - [TESTING] video: 16 | frame: 383 / 3612
[2024-05-13 18:53:29,894][func.train][INFO] - [TESTING] video: 16 | frame: 447 / 3612
[2024-05-13 18:53:30,009][func.train][INFO] - [TESTING] video: 16 | frame: 511 / 3612
[2024-05-13 18:53:30,127][func.train][INFO] - [TESTING] video: 16 | frame: 575 / 3612
[2024-05-13 18:53:30,243][func.train][INFO] - [TESTING] video: 16 | frame: 639 / 3612
[2024-05-13 18:53:30,360][func.train][INFO] - [TESTING] video: 16 | frame: 703 / 3612
[2024-05-13 18:53:30,480][func.train][INFO] - [TESTING] video: 16 | frame: 767 / 3612
[2024-05-13 18:53:30,597][func.train][INFO] - [TESTING] video: 16 | frame: 831 / 3612
[2024-05-13 18:53:30,714][func.train][INFO] - [TESTING] video: 16 | frame: 895 / 3612
[2024-05-13 18:53:30,836][func.train][INFO] - [TESTING] video: 16 | frame: 959 / 3612
[2024-05-13 18:53:30,953][func.train][INFO] - [TESTING] video: 16 | frame: 1023 / 3612
[2024-05-13 18:53:31,070][func.train][INFO] - [TESTING] video: 16 | frame: 1087 / 3612
[2024-05-13 18:53:31,192][func.train][INFO] - [TESTING] video: 16 | frame: 1151 / 3612
[2024-05-13 18:53:31,311][func.train][INFO] - [TESTING] video: 16 | frame: 1215 / 3612
[2024-05-13 18:53:31,429][func.train][INFO] - [TESTING] video: 16 | frame: 1279 / 3612
[2024-05-13 18:53:31,541][func.train][INFO] - [TESTING] video: 16 | frame: 1343 / 3612
[2024-05-13 18:53:31,654][func.train][INFO] - [TESTING] video: 16 | frame: 1407 / 3612
[2024-05-13 18:53:31,769][func.train][INFO] - [TESTING] video: 16 | frame: 1471 / 3612
[2024-05-13 18:53:31,879][func.train][INFO] - [TESTING] video: 16 | frame: 1535 / 3612
[2024-05-13 18:53:31,988][func.train][INFO] - [TESTING] video: 16 | frame: 1599 / 3612
[2024-05-13 18:53:32,097][func.train][INFO] - [TESTING] video: 16 | frame: 1663 / 3612
[2024-05-13 18:53:32,206][func.train][INFO] - [TESTING] video: 16 | frame: 1727 / 3612
[2024-05-13 18:53:32,315][func.train][INFO] - [TESTING] video: 16 | frame: 1791 / 3612
[2024-05-13 18:53:32,425][func.train][INFO] - [TESTING] video: 16 | frame: 1855 / 3612
[2024-05-13 18:53:32,539][func.train][INFO] - [TESTING] video: 16 | frame: 1919 / 3612
[2024-05-13 18:53:32,650][func.train][INFO] - [TESTING] video: 16 | frame: 1983 / 3612
[2024-05-13 18:53:32,759][func.train][INFO] - [TESTING] video: 16 | frame: 2047 / 3612
[2024-05-13 18:53:32,869][func.train][INFO] - [TESTING] video: 16 | frame: 2111 / 3612
[2024-05-13 18:53:32,978][func.train][INFO] - [TESTING] video: 16 | frame: 2175 / 3612
[2024-05-13 18:53:33,086][func.train][INFO] - [TESTING] video: 16 | frame: 2239 / 3612
[2024-05-13 18:53:33,197][func.train][INFO] - [TESTING] video: 16 | frame: 2303 / 3612
[2024-05-13 18:53:33,306][func.train][INFO] - [TESTING] video: 16 | frame: 2367 / 3612
[2024-05-13 18:53:33,415][func.train][INFO] - [TESTING] video: 16 | frame: 2431 / 3612
[2024-05-13 18:53:33,524][func.train][INFO] - [TESTING] video: 16 | frame: 2495 / 3612
[2024-05-13 18:53:33,635][func.train][INFO] - [TESTING] video: 16 | frame: 2559 / 3612
[2024-05-13 18:53:33,747][func.train][INFO] - [TESTING] video: 16 | frame: 2623 / 3612
[2024-05-13 18:53:33,864][func.train][INFO] - [TESTING] video: 16 | frame: 2687 / 3612
[2024-05-13 18:53:33,977][func.train][INFO] - [TESTING] video: 16 | frame: 2751 / 3612
[2024-05-13 18:53:34,089][func.train][INFO] - [TESTING] video: 16 | frame: 2815 / 3612
[2024-05-13 18:53:34,203][func.train][INFO] - [TESTING] video: 16 | frame: 2879 / 3612
[2024-05-13 18:53:34,321][func.train][INFO] - [TESTING] video: 16 | frame: 2943 / 3612
[2024-05-13 18:53:34,436][func.train][INFO] - [TESTING] video: 16 | frame: 3007 / 3612
[2024-05-13 18:53:34,554][func.train][INFO] - [TESTING] video: 16 | frame: 3071 / 3612
[2024-05-13 18:53:34,668][func.train][INFO] - [TESTING] video: 16 | frame: 3135 / 3612
[2024-05-13 18:53:34,781][func.train][INFO] - [TESTING] video: 16 | frame: 3199 / 3612
[2024-05-13 18:53:34,892][func.train][INFO] - [TESTING] video: 16 | frame: 3263 / 3612
[2024-05-13 18:53:35,006][func.train][INFO] - [TESTING] video: 16 | frame: 3327 / 3612
[2024-05-13 18:53:35,118][func.train][INFO] - [TESTING] video: 16 | frame: 3391 / 3612
[2024-05-13 18:53:35,231][func.train][INFO] - [TESTING] video: 16 | frame: 3455 / 3612
[2024-05-13 18:53:35,337][func.train][INFO] - [TESTING] video: 16 | frame: 3519 / 3612
[2024-05-13 18:53:35,440][func.train][INFO] - [TESTING] video: 16 | frame: 3583 / 3612
[2024-05-13 18:53:36,624][func.train][INFO] - [TESTING] video: 16 | frame: 3611 / 3612
[2024-05-13 18:53:36,624][func.train][INFO] - [TESTING] video: 16 | video test time: 0.13 min | total test time: 0.26 min
[2024-05-13 18:53:36,627][func.train][INFO] - [TESTING] video: 16 | mean_acc_curr_frames: 0.0498 | mean_acc_future_frames: 0.0728 | mean_cum_acc_future_frames: 0.1194
[2024-05-13 18:53:38,284][func.train][INFO] - [TESTING] video: 17 | frame: 63 / 4678
[2024-05-13 18:53:38,400][func.train][INFO] - [TESTING] video: 17 | frame: 127 / 4678
[2024-05-13 18:53:38,516][func.train][INFO] - [TESTING] video: 17 | frame: 191 / 4678
[2024-05-13 18:53:38,636][func.train][INFO] - [TESTING] video: 17 | frame: 255 / 4678
[2024-05-13 18:53:38,751][func.train][INFO] - [TESTING] video: 17 | frame: 319 / 4678
[2024-05-13 18:53:38,866][func.train][INFO] - [TESTING] video: 17 | frame: 383 / 4678
[2024-05-13 18:53:38,981][func.train][INFO] - [TESTING] video: 17 | frame: 447 / 4678
[2024-05-13 18:53:39,097][func.train][INFO] - [TESTING] video: 17 | frame: 511 / 4678
[2024-05-13 18:53:39,212][func.train][INFO] - [TESTING] video: 17 | frame: 575 / 4678
[2024-05-13 18:53:39,328][func.train][INFO] - [TESTING] video: 17 | frame: 639 / 4678
[2024-05-13 18:53:39,446][func.train][INFO] - [TESTING] video: 17 | frame: 703 / 4678
[2024-05-13 18:53:39,563][func.train][INFO] - [TESTING] video: 17 | frame: 767 / 4678
[2024-05-13 18:53:39,680][func.train][INFO] - [TESTING] video: 17 | frame: 831 / 4678
[2024-05-13 18:53:39,799][func.train][INFO] - [TESTING] video: 17 | frame: 895 / 4678
[2024-05-13 18:53:39,918][func.train][INFO] - [TESTING] video: 17 | frame: 959 / 4678
[2024-05-13 18:53:40,037][func.train][INFO] - [TESTING] video: 17 | frame: 1023 / 4678
[2024-05-13 18:53:40,154][func.train][INFO] - [TESTING] video: 17 | frame: 1087 / 4678
[2024-05-13 18:53:40,272][func.train][INFO] - [TESTING] video: 17 | frame: 1151 / 4678
[2024-05-13 18:53:40,390][func.train][INFO] - [TESTING] video: 17 | frame: 1215 / 4678
[2024-05-13 18:53:40,506][func.train][INFO] - [TESTING] video: 17 | frame: 1279 / 4678
[2024-05-13 18:53:40,620][func.train][INFO] - [TESTING] video: 17 | frame: 1343 / 4678
[2024-05-13 18:53:40,738][func.train][INFO] - [TESTING] video: 17 | frame: 1407 / 4678
[2024-05-13 18:53:40,851][func.train][INFO] - [TESTING] video: 17 | frame: 1471 / 4678
[2024-05-13 18:53:40,961][func.train][INFO] - [TESTING] video: 17 | frame: 1535 / 4678
[2024-05-13 18:53:41,070][func.train][INFO] - [TESTING] video: 17 | frame: 1599 / 4678
[2024-05-13 18:53:41,179][func.train][INFO] - [TESTING] video: 17 | frame: 1663 / 4678
[2024-05-13 18:53:41,289][func.train][INFO] - [TESTING] video: 17 | frame: 1727 / 4678
[2024-05-13 18:53:41,398][func.train][INFO] - [TESTING] video: 17 | frame: 1791 / 4678
[2024-05-13 18:53:41,508][func.train][INFO] - [TESTING] video: 17 | frame: 1855 / 4678
[2024-05-13 18:53:41,618][func.train][INFO] - [TESTING] video: 17 | frame: 1919 / 4678
[2024-05-13 18:53:41,727][func.train][INFO] - [TESTING] video: 17 | frame: 1983 / 4678
[2024-05-13 18:53:41,836][func.train][INFO] - [TESTING] video: 17 | frame: 2047 / 4678
[2024-05-13 18:53:41,945][func.train][INFO] - [TESTING] video: 17 | frame: 2111 / 4678
[2024-05-13 18:53:42,056][func.train][INFO] - [TESTING] video: 17 | frame: 2175 / 4678
[2024-05-13 18:53:42,170][func.train][INFO] - [TESTING] video: 17 | frame: 2239 / 4678
[2024-05-13 18:53:42,279][func.train][INFO] - [TESTING] video: 17 | frame: 2303 / 4678
[2024-05-13 18:53:42,388][func.train][INFO] - [TESTING] video: 17 | frame: 2367 / 4678
[2024-05-13 18:53:42,497][func.train][INFO] - [TESTING] video: 17 | frame: 2431 / 4678
[2024-05-13 18:53:42,605][func.train][INFO] - [TESTING] video: 17 | frame: 2495 / 4678
[2024-05-13 18:53:42,714][func.train][INFO] - [TESTING] video: 17 | frame: 2559 / 4678
[2024-05-13 18:53:42,824][func.train][INFO] - [TESTING] video: 17 | frame: 2623 / 4678
[2024-05-13 18:53:42,938][func.train][INFO] - [TESTING] video: 17 | frame: 2687 / 4678
[2024-05-13 18:53:43,047][func.train][INFO] - [TESTING] video: 17 | frame: 2751 / 4678
[2024-05-13 18:53:43,156][func.train][INFO] - [TESTING] video: 17 | frame: 2815 / 4678
[2024-05-13 18:53:43,268][func.train][INFO] - [TESTING] video: 17 | frame: 2879 / 4678
[2024-05-13 18:53:43,378][func.train][INFO] - [TESTING] video: 17 | frame: 2943 / 4678
[2024-05-13 18:53:43,490][func.train][INFO] - [TESTING] video: 17 | frame: 3007 / 4678
[2024-05-13 18:53:43,600][func.train][INFO] - [TESTING] video: 17 | frame: 3071 / 4678
[2024-05-13 18:53:43,715][func.train][INFO] - [TESTING] video: 17 | frame: 3135 / 4678
[2024-05-13 18:53:43,828][func.train][INFO] - [TESTING] video: 17 | frame: 3199 / 4678
[2024-05-13 18:53:43,940][func.train][INFO] - [TESTING] video: 17 | frame: 3263 / 4678
[2024-05-13 18:53:44,050][func.train][INFO] - [TESTING] video: 17 | frame: 3327 / 4678
[2024-05-13 18:53:44,162][func.train][INFO] - [TESTING] video: 17 | frame: 3391 / 4678
[2024-05-13 18:53:44,273][func.train][INFO] - [TESTING] video: 17 | frame: 3455 / 4678
[2024-05-13 18:53:44,384][func.train][INFO] - [TESTING] video: 17 | frame: 3519 / 4678
[2024-05-13 18:53:44,493][func.train][INFO] - [TESTING] video: 17 | frame: 3583 / 4678
[2024-05-13 18:53:44,604][func.train][INFO] - [TESTING] video: 17 | frame: 3647 / 4678
[2024-05-13 18:53:44,716][func.train][INFO] - [TESTING] video: 17 | frame: 3711 / 4678
[2024-05-13 18:53:44,827][func.train][INFO] - [TESTING] video: 17 | frame: 3775 / 4678
[2024-05-13 18:53:44,938][func.train][INFO] - [TESTING] video: 17 | frame: 3839 / 4678
[2024-05-13 18:53:45,049][func.train][INFO] - [TESTING] video: 17 | frame: 3903 / 4678
[2024-05-13 18:53:45,166][func.train][INFO] - [TESTING] video: 17 | frame: 3967 / 4678
[2024-05-13 18:53:45,278][func.train][INFO] - [TESTING] video: 17 | frame: 4031 / 4678
[2024-05-13 18:53:45,397][func.train][INFO] - [TESTING] video: 17 | frame: 4095 / 4678
[2024-05-13 18:53:45,511][func.train][INFO] - [TESTING] video: 17 | frame: 4159 / 4678
[2024-05-13 18:53:45,626][func.train][INFO] - [TESTING] video: 17 | frame: 4223 / 4678
[2024-05-13 18:53:45,737][func.train][INFO] - [TESTING] video: 17 | frame: 4287 / 4678
[2024-05-13 18:53:45,852][func.train][INFO] - [TESTING] video: 17 | frame: 4351 / 4678
[2024-05-13 18:53:45,962][func.train][INFO] - [TESTING] video: 17 | frame: 4415 / 4678
[2024-05-13 18:53:46,075][func.train][INFO] - [TESTING] video: 17 | frame: 4479 / 4678
[2024-05-13 18:53:46,182][func.train][INFO] - [TESTING] video: 17 | frame: 4543 / 4678
[2024-05-13 18:53:46,286][func.train][INFO] - [TESTING] video: 17 | frame: 4607 / 4678
[2024-05-13 18:53:46,393][func.train][INFO] - [TESTING] video: 17 | frame: 4671 / 4678
[2024-05-13 18:53:46,510][func.train][INFO] - [TESTING] video: 17 | frame: 4677 / 4678
[2024-05-13 18:53:46,511][func.train][INFO] - [TESTING] video: 17 | video test time: 0.14 min | total test time: 0.43 min
[2024-05-13 18:53:46,513][func.train][INFO] - [TESTING] video: 17 | mean_acc_curr_frames: 0.0257 | mean_acc_future_frames: 0.2046 | mean_cum_acc_future_frames: 0.2503
[2024-05-13 18:53:48,027][func.train][INFO] - [TESTING] video: 18 | frame: 63 / 3546
[2024-05-13 18:53:48,143][func.train][INFO] - [TESTING] video: 18 | frame: 127 / 3546
[2024-05-13 18:53:48,262][func.train][INFO] - [TESTING] video: 18 | frame: 191 / 3546
[2024-05-13 18:53:48,381][func.train][INFO] - [TESTING] video: 18 | frame: 255 / 3546
[2024-05-13 18:53:48,498][func.train][INFO] - [TESTING] video: 18 | frame: 319 / 3546
[2024-05-13 18:53:48,615][func.train][INFO] - [TESTING] video: 18 | frame: 383 / 3546
[2024-05-13 18:53:48,735][func.train][INFO] - [TESTING] video: 18 | frame: 447 / 3546
[2024-05-13 18:53:48,854][func.train][INFO] - [TESTING] video: 18 | frame: 511 / 3546
[2024-05-13 18:53:48,972][func.train][INFO] - [TESTING] video: 18 | frame: 575 / 3546
[2024-05-13 18:53:49,090][func.train][INFO] - [TESTING] video: 18 | frame: 639 / 3546
[2024-05-13 18:53:49,206][func.train][INFO] - [TESTING] video: 18 | frame: 703 / 3546
[2024-05-13 18:53:49,322][func.train][INFO] - [TESTING] video: 18 | frame: 767 / 3546
[2024-05-13 18:53:49,440][func.train][INFO] - [TESTING] video: 18 | frame: 831 / 3546
[2024-05-13 18:53:49,562][func.train][INFO] - [TESTING] video: 18 | frame: 895 / 3546
[2024-05-13 18:53:49,679][func.train][INFO] - [TESTING] video: 18 | frame: 959 / 3546
[2024-05-13 18:53:49,795][func.train][INFO] - [TESTING] video: 18 | frame: 1023 / 3546
[2024-05-13 18:53:49,919][func.train][INFO] - [TESTING] video: 18 | frame: 1087 / 3546
[2024-05-13 18:53:50,036][func.train][INFO] - [TESTING] video: 18 | frame: 1151 / 3546
[2024-05-13 18:53:50,155][func.train][INFO] - [TESTING] video: 18 | frame: 1215 / 3546
[2024-05-13 18:53:50,271][func.train][INFO] - [TESTING] video: 18 | frame: 1279 / 3546
[2024-05-13 18:53:50,383][func.train][INFO] - [TESTING] video: 18 | frame: 1343 / 3546
[2024-05-13 18:53:50,498][func.train][INFO] - [TESTING] video: 18 | frame: 1407 / 3546
[2024-05-13 18:53:50,609][func.train][INFO] - [TESTING] video: 18 | frame: 1471 / 3546
[2024-05-13 18:53:50,719][func.train][INFO] - [TESTING] video: 18 | frame: 1535 / 3546
[2024-05-13 18:53:50,828][func.train][INFO] - [TESTING] video: 18 | frame: 1599 / 3546
[2024-05-13 18:53:50,936][func.train][INFO] - [TESTING] video: 18 | frame: 1663 / 3546
[2024-05-13 18:53:51,049][func.train][INFO] - [TESTING] video: 18 | frame: 1727 / 3546
[2024-05-13 18:53:51,158][func.train][INFO] - [TESTING] video: 18 | frame: 1791 / 3546
[2024-05-13 18:53:51,266][func.train][INFO] - [TESTING] video: 18 | frame: 1855 / 3546
[2024-05-13 18:53:51,379][func.train][INFO] - [TESTING] video: 18 | frame: 1919 / 3546
[2024-05-13 18:53:51,488][func.train][INFO] - [TESTING] video: 18 | frame: 1983 / 3546
[2024-05-13 18:53:51,597][func.train][INFO] - [TESTING] video: 18 | frame: 2047 / 3546
[2024-05-13 18:53:51,710][func.train][INFO] - [TESTING] video: 18 | frame: 2111 / 3546
[2024-05-13 18:53:51,825][func.train][INFO] - [TESTING] video: 18 | frame: 2175 / 3546
[2024-05-13 18:53:51,938][func.train][INFO] - [TESTING] video: 18 | frame: 2239 / 3546
[2024-05-13 18:53:52,052][func.train][INFO] - [TESTING] video: 18 | frame: 2303 / 3546
[2024-05-13 18:53:52,162][func.train][INFO] - [TESTING] video: 18 | frame: 2367 / 3546
[2024-05-13 18:53:52,271][func.train][INFO] - [TESTING] video: 18 | frame: 2431 / 3546
[2024-05-13 18:53:52,380][func.train][INFO] - [TESTING] video: 18 | frame: 2495 / 3546
[2024-05-13 18:53:52,495][func.train][INFO] - [TESTING] video: 18 | frame: 2559 / 3546
[2024-05-13 18:53:52,607][func.train][INFO] - [TESTING] video: 18 | frame: 2623 / 3546
[2024-05-13 18:53:52,718][func.train][INFO] - [TESTING] video: 18 | frame: 2687 / 3546
[2024-05-13 18:53:52,829][func.train][INFO] - [TESTING] video: 18 | frame: 2751 / 3546
[2024-05-13 18:53:52,942][func.train][INFO] - [TESTING] video: 18 | frame: 2815 / 3546
[2024-05-13 18:53:53,059][func.train][INFO] - [TESTING] video: 18 | frame: 2879 / 3546
[2024-05-13 18:53:53,172][func.train][INFO] - [TESTING] video: 18 | frame: 2943 / 3546
[2024-05-13 18:53:53,285][func.train][INFO] - [TESTING] video: 18 | frame: 3007 / 3546
[2024-05-13 18:53:53,399][func.train][INFO] - [TESTING] video: 18 | frame: 3071 / 3546
[2024-05-13 18:53:53,511][func.train][INFO] - [TESTING] video: 18 | frame: 3135 / 3546
[2024-05-13 18:53:53,629][func.train][INFO] - [TESTING] video: 18 | frame: 3199 / 3546
[2024-05-13 18:53:53,743][func.train][INFO] - [TESTING] video: 18 | frame: 3263 / 3546
[2024-05-13 18:53:53,853][func.train][INFO] - [TESTING] video: 18 | frame: 3327 / 3546
[2024-05-13 18:53:53,961][func.train][INFO] - [TESTING] video: 18 | frame: 3391 / 3546
[2024-05-13 18:53:54,064][func.train][INFO] - [TESTING] video: 18 | frame: 3455 / 3546
[2024-05-13 18:53:54,172][func.train][INFO] - [TESTING] video: 18 | frame: 3519 / 3546
[2024-05-13 18:53:54,871][func.train][INFO] - [TESTING] video: 18 | frame: 3545 / 3546
[2024-05-13 18:53:54,871][func.train][INFO] - [TESTING] video: 18 | video test time: 0.12 min | total test time: 0.57 min
[2024-05-13 18:53:54,873][func.train][INFO] - [TESTING] video: 18 | mean_acc_curr_frames: 0.051 | mean_acc_future_frames: 0.1802 | mean_cum_acc_future_frames: 0.2355
[2024-05-13 18:53:56,374][func.train][INFO] - [TESTING] video: 19 | frame: 63 / 3413
[2024-05-13 18:53:56,491][func.train][INFO] - [TESTING] video: 19 | frame: 127 / 3413
[2024-05-13 18:53:56,608][func.train][INFO] - [TESTING] video: 19 | frame: 191 / 3413
[2024-05-13 18:53:56,731][func.train][INFO] - [TESTING] video: 19 | frame: 255 / 3413
[2024-05-13 18:53:56,849][func.train][INFO] - [TESTING] video: 19 | frame: 319 / 3413
[2024-05-13 18:53:56,964][func.train][INFO] - [TESTING] video: 19 | frame: 383 / 3413
[2024-05-13 18:53:57,080][func.train][INFO] - [TESTING] video: 19 | frame: 447 / 3413
[2024-05-13 18:53:57,196][func.train][INFO] - [TESTING] video: 19 | frame: 511 / 3413
[2024-05-13 18:53:57,311][func.train][INFO] - [TESTING] video: 19 | frame: 575 / 3413
[2024-05-13 18:53:57,427][func.train][INFO] - [TESTING] video: 19 | frame: 639 / 3413
[2024-05-13 18:53:57,545][func.train][INFO] - [TESTING] video: 19 | frame: 703 / 3413
[2024-05-13 18:53:57,661][func.train][INFO] - [TESTING] video: 19 | frame: 767 / 3413
[2024-05-13 18:53:57,778][func.train][INFO] - [TESTING] video: 19 | frame: 831 / 3413
[2024-05-13 18:53:57,894][func.train][INFO] - [TESTING] video: 19 | frame: 895 / 3413
[2024-05-13 18:53:58,011][func.train][INFO] - [TESTING] video: 19 | frame: 959 / 3413
[2024-05-13 18:53:58,127][func.train][INFO] - [TESTING] video: 19 | frame: 1023 / 3413
[2024-05-13 18:53:58,243][func.train][INFO] - [TESTING] video: 19 | frame: 1087 / 3413
[2024-05-13 18:53:58,360][func.train][INFO] - [TESTING] video: 19 | frame: 1151 / 3413
[2024-05-13 18:53:58,476][func.train][INFO] - [TESTING] video: 19 | frame: 1215 / 3413
[2024-05-13 18:53:58,593][func.train][INFO] - [TESTING] video: 19 | frame: 1279 / 3413
[2024-05-13 18:53:58,713][func.train][INFO] - [TESTING] video: 19 | frame: 1343 / 3413
[2024-05-13 18:53:58,828][func.train][INFO] - [TESTING] video: 19 | frame: 1407 / 3413
[2024-05-13 18:53:58,945][func.train][INFO] - [TESTING] video: 19 | frame: 1471 / 3413
[2024-05-13 18:53:59,055][func.train][INFO] - [TESTING] video: 19 | frame: 1535 / 3413
[2024-05-13 18:53:59,165][func.train][INFO] - [TESTING] video: 19 | frame: 1599 / 3413
[2024-05-13 18:53:59,275][func.train][INFO] - [TESTING] video: 19 | frame: 1663 / 3413
[2024-05-13 18:53:59,386][func.train][INFO] - [TESTING] video: 19 | frame: 1727 / 3413
[2024-05-13 18:53:59,497][func.train][INFO] - [TESTING] video: 19 | frame: 1791 / 3413
[2024-05-13 18:53:59,609][func.train][INFO] - [TESTING] video: 19 | frame: 1855 / 3413
[2024-05-13 18:53:59,719][func.train][INFO] - [TESTING] video: 19 | frame: 1919 / 3413
[2024-05-13 18:53:59,834][func.train][INFO] - [TESTING] video: 19 | frame: 1983 / 3413
[2024-05-13 18:53:59,945][func.train][INFO] - [TESTING] video: 19 | frame: 2047 / 3413
[2024-05-13 18:54:00,055][func.train][INFO] - [TESTING] video: 19 | frame: 2111 / 3413
[2024-05-13 18:54:00,164][func.train][INFO] - [TESTING] video: 19 | frame: 2175 / 3413
[2024-05-13 18:54:00,273][func.train][INFO] - [TESTING] video: 19 | frame: 2239 / 3413
[2024-05-13 18:54:00,382][func.train][INFO] - [TESTING] video: 19 | frame: 2303 / 3413
[2024-05-13 18:54:00,493][func.train][INFO] - [TESTING] video: 19 | frame: 2367 / 3413
[2024-05-13 18:54:00,604][func.train][INFO] - [TESTING] video: 19 | frame: 2431 / 3413
[2024-05-13 18:54:00,715][func.train][INFO] - [TESTING] video: 19 | frame: 2495 / 3413
[2024-05-13 18:54:00,827][func.train][INFO] - [TESTING] video: 19 | frame: 2559 / 3413
[2024-05-13 18:54:00,942][func.train][INFO] - [TESTING] video: 19 | frame: 2623 / 3413
[2024-05-13 18:54:01,054][func.train][INFO] - [TESTING] video: 19 | frame: 2687 / 3413
[2024-05-13 18:54:01,165][func.train][INFO] - [TESTING] video: 19 | frame: 2751 / 3413
[2024-05-13 18:54:01,275][func.train][INFO] - [TESTING] video: 19 | frame: 2815 / 3413
[2024-05-13 18:54:01,386][func.train][INFO] - [TESTING] video: 19 | frame: 2879 / 3413
[2024-05-13 18:54:01,496][func.train][INFO] - [TESTING] video: 19 | frame: 2943 / 3413
[2024-05-13 18:54:01,607][func.train][INFO] - [TESTING] video: 19 | frame: 3007 / 3413
[2024-05-13 18:54:01,717][func.train][INFO] - [TESTING] video: 19 | frame: 3071 / 3413
[2024-05-13 18:54:01,830][func.train][INFO] - [TESTING] video: 19 | frame: 3135 / 3413
[2024-05-13 18:54:01,942][func.train][INFO] - [TESTING] video: 19 | frame: 3199 / 3413
[2024-05-13 18:54:02,051][func.train][INFO] - [TESTING] video: 19 | frame: 3263 / 3413
[2024-05-13 18:54:02,157][func.train][INFO] - [TESTING] video: 19 | frame: 3327 / 3413
[2024-05-13 18:54:02,262][func.train][INFO] - [TESTING] video: 19 | frame: 3391 / 3413
[2024-05-13 18:54:02,829][func.train][INFO] - [TESTING] video: 19 | frame: 3412 / 3413
[2024-05-13 18:54:02,830][func.train][INFO] - [TESTING] video: 19 | video test time: 0.11 min | total test time: 0.70 min
[2024-05-13 18:54:02,832][func.train][INFO] - [TESTING] video: 19 | mean_acc_curr_frames: 0.1617 | mean_acc_future_frames: 0.2288 | mean_cum_acc_future_frames: 0.2661
[2024-05-13 18:54:04,300][func.train][INFO] - [TESTING] video: 20 | frame: 63 / 4832
[2024-05-13 18:54:04,419][func.train][INFO] - [TESTING] video: 20 | frame: 127 / 4832
[2024-05-13 18:54:04,536][func.train][INFO] - [TESTING] video: 20 | frame: 191 / 4832
[2024-05-13 18:54:04,656][func.train][INFO] - [TESTING] video: 20 | frame: 255 / 4832
[2024-05-13 18:54:04,772][func.train][INFO] - [TESTING] video: 20 | frame: 319 / 4832
[2024-05-13 18:54:04,888][func.train][INFO] - [TESTING] video: 20 | frame: 383 / 4832
[2024-05-13 18:54:05,004][func.train][INFO] - [TESTING] video: 20 | frame: 447 / 4832
[2024-05-13 18:54:05,119][func.train][INFO] - [TESTING] video: 20 | frame: 511 / 4832
[2024-05-13 18:54:05,235][func.train][INFO] - [TESTING] video: 20 | frame: 575 / 4832
[2024-05-13 18:54:05,350][func.train][INFO] - [TESTING] video: 20 | frame: 639 / 4832
[2024-05-13 18:54:05,466][func.train][INFO] - [TESTING] video: 20 | frame: 703 / 4832
[2024-05-13 18:54:05,583][func.train][INFO] - [TESTING] video: 20 | frame: 767 / 4832
[2024-05-13 18:54:05,698][func.train][INFO] - [TESTING] video: 20 | frame: 831 / 4832
[2024-05-13 18:54:05,816][func.train][INFO] - [TESTING] video: 20 | frame: 895 / 4832
[2024-05-13 18:54:05,942][func.train][INFO] - [TESTING] video: 20 | frame: 959 / 4832
[2024-05-13 18:54:06,061][func.train][INFO] - [TESTING] video: 20 | frame: 1023 / 4832
[2024-05-13 18:54:06,177][func.train][INFO] - [TESTING] video: 20 | frame: 1087 / 4832
[2024-05-13 18:54:06,295][func.train][INFO] - [TESTING] video: 20 | frame: 1151 / 4832
[2024-05-13 18:54:06,412][func.train][INFO] - [TESTING] video: 20 | frame: 1215 / 4832
[2024-05-13 18:54:06,527][func.train][INFO] - [TESTING] video: 20 | frame: 1279 / 4832
[2024-05-13 18:54:06,639][func.train][INFO] - [TESTING] video: 20 | frame: 1343 / 4832
[2024-05-13 18:54:06,752][func.train][INFO] - [TESTING] video: 20 | frame: 1407 / 4832
[2024-05-13 18:54:06,862][func.train][INFO] - [TESTING] video: 20 | frame: 1471 / 4832
[2024-05-13 18:54:06,971][func.train][INFO] - [TESTING] video: 20 | frame: 1535 / 4832
[2024-05-13 18:54:07,082][func.train][INFO] - [TESTING] video: 20 | frame: 1599 / 4832
[2024-05-13 18:54:07,195][func.train][INFO] - [TESTING] video: 20 | frame: 1663 / 4832
[2024-05-13 18:54:07,306][func.train][INFO] - [TESTING] video: 20 | frame: 1727 / 4832
[2024-05-13 18:54:07,418][func.train][INFO] - [TESTING] video: 20 | frame: 1791 / 4832
[2024-05-13 18:54:07,534][func.train][INFO] - [TESTING] video: 20 | frame: 1855 / 4832
[2024-05-13 18:54:07,643][func.train][INFO] - [TESTING] video: 20 | frame: 1919 / 4832
[2024-05-13 18:54:07,756][func.train][INFO] - [TESTING] video: 20 | frame: 1983 / 4832
[2024-05-13 18:54:07,865][func.train][INFO] - [TESTING] video: 20 | frame: 2047 / 4832
[2024-05-13 18:54:07,974][func.train][INFO] - [TESTING] video: 20 | frame: 2111 / 4832
[2024-05-13 18:54:08,082][func.train][INFO] - [TESTING] video: 20 | frame: 2175 / 4832
[2024-05-13 18:54:08,193][func.train][INFO] - [TESTING] video: 20 | frame: 2239 / 4832
[2024-05-13 18:54:08,302][func.train][INFO] - [TESTING] video: 20 | frame: 2303 / 4832
[2024-05-13 18:54:08,416][func.train][INFO] - [TESTING] video: 20 | frame: 2367 / 4832
[2024-05-13 18:54:08,533][func.train][INFO] - [TESTING] video: 20 | frame: 2431 / 4832
[2024-05-13 18:54:08,651][func.train][INFO] - [TESTING] video: 20 | frame: 2495 / 4832
[2024-05-13 18:54:08,761][func.train][INFO] - [TESTING] video: 20 | frame: 2559 / 4832
[2024-05-13 18:54:08,871][func.train][INFO] - [TESTING] video: 20 | frame: 2623 / 4832
[2024-05-13 18:54:08,981][func.train][INFO] - [TESTING] video: 20 | frame: 2687 / 4832
[2024-05-13 18:54:09,090][func.train][INFO] - [TESTING] video: 20 | frame: 2751 / 4832
[2024-05-13 18:54:09,200][func.train][INFO] - [TESTING] video: 20 | frame: 2815 / 4832
[2024-05-13 18:54:09,315][func.train][INFO] - [TESTING] video: 20 | frame: 2879 / 4832
[2024-05-13 18:54:09,429][func.train][INFO] - [TESTING] video: 20 | frame: 2943 / 4832
[2024-05-13 18:54:09,542][func.train][INFO] - [TESTING] video: 20 | frame: 3007 / 4832
[2024-05-13 18:54:09,654][func.train][INFO] - [TESTING] video: 20 | frame: 3071 / 4832
[2024-05-13 18:54:09,762][func.train][INFO] - [TESTING] video: 20 | frame: 3135 / 4832
[2024-05-13 18:54:09,871][func.train][INFO] - [TESTING] video: 20 | frame: 3199 / 4832
[2024-05-13 18:54:09,979][func.train][INFO] - [TESTING] video: 20 | frame: 3263 / 4832
[2024-05-13 18:54:10,088][func.train][INFO] - [TESTING] video: 20 | frame: 3327 / 4832
[2024-05-13 18:54:10,196][func.train][INFO] - [TESTING] video: 20 | frame: 3391 / 4832
[2024-05-13 18:54:10,305][func.train][INFO] - [TESTING] video: 20 | frame: 3455 / 4832
[2024-05-13 18:54:10,414][func.train][INFO] - [TESTING] video: 20 | frame: 3519 / 4832
[2024-05-13 18:54:10,537][func.train][INFO] - [TESTING] video: 20 | frame: 3583 / 4832
[2024-05-13 18:54:10,648][func.train][INFO] - [TESTING] video: 20 | frame: 3647 / 4832
[2024-05-13 18:54:10,767][func.train][INFO] - [TESTING] video: 20 | frame: 3711 / 4832
[2024-05-13 18:54:10,882][func.train][INFO] - [TESTING] video: 20 | frame: 3775 / 4832
[2024-05-13 18:54:10,995][func.train][INFO] - [TESTING] video: 20 | frame: 3839 / 4832
[2024-05-13 18:54:11,109][func.train][INFO] - [TESTING] video: 20 | frame: 3903 / 4832
[2024-05-13 18:54:11,226][func.train][INFO] - [TESTING] video: 20 | frame: 3967 / 4832
[2024-05-13 18:54:11,341][func.train][INFO] - [TESTING] video: 20 | frame: 4031 / 4832
[2024-05-13 18:54:11,453][func.train][INFO] - [TESTING] video: 20 | frame: 4095 / 4832
[2024-05-13 18:54:11,565][func.train][INFO] - [TESTING] video: 20 | frame: 4159 / 4832
[2024-05-13 18:54:11,681][func.train][INFO] - [TESTING] video: 20 | frame: 4223 / 4832
[2024-05-13 18:54:11,792][func.train][INFO] - [TESTING] video: 20 | frame: 4287 / 4832
[2024-05-13 18:54:11,906][func.train][INFO] - [TESTING] video: 20 | frame: 4351 / 4832
[2024-05-13 18:54:12,017][func.train][INFO] - [TESTING] video: 20 | frame: 4415 / 4832
[2024-05-13 18:54:12,128][func.train][INFO] - [TESTING] video: 20 | frame: 4479 / 4832
[2024-05-13 18:54:12,249][func.train][INFO] - [TESTING] video: 20 | frame: 4543 / 4832
[2024-05-13 18:54:12,362][func.train][INFO] - [TESTING] video: 20 | frame: 4607 / 4832
[2024-05-13 18:54:12,475][func.train][INFO] - [TESTING] video: 20 | frame: 4671 / 4832
[2024-05-13 18:54:12,580][func.train][INFO] - [TESTING] video: 20 | frame: 4735 / 4832
[2024-05-13 18:54:12,691][func.train][INFO] - [TESTING] video: 20 | frame: 4799 / 4832
[2024-05-13 18:54:12,761][func.train][INFO] - [TESTING] video: 20 | frame: 4831 / 4832
[2024-05-13 18:54:12,762][func.train][INFO] - [TESTING] video: 20 | video test time: 0.14 min | total test time: 0.87 min
[2024-05-13 18:54:12,764][func.train][INFO] - [TESTING] video: 20 | mean_acc_curr_frames: 0.0362 | mean_acc_future_frames: 0.175 | mean_cum_acc_future_frames: 0.2204
[2024-05-13 18:54:14,516][func.train][INFO] - [TESTING] video: 21 | frame: 63 / 4326
[2024-05-13 18:54:14,632][func.train][INFO] - [TESTING] video: 21 | frame: 127 / 4326
[2024-05-13 18:54:14,746][func.train][INFO] - [TESTING] video: 21 | frame: 191 / 4326
[2024-05-13 18:54:14,862][func.train][INFO] - [TESTING] video: 21 | frame: 255 / 4326
[2024-05-13 18:54:14,978][func.train][INFO] - [TESTING] video: 21 | frame: 319 / 4326
[2024-05-13 18:54:15,098][func.train][INFO] - [TESTING] video: 21 | frame: 383 / 4326
[2024-05-13 18:54:15,215][func.train][INFO] - [TESTING] video: 21 | frame: 447 / 4326
[2024-05-13 18:54:15,336][func.train][INFO] - [TESTING] video: 21 | frame: 511 / 4326
[2024-05-13 18:54:15,454][func.train][INFO] - [TESTING] video: 21 | frame: 575 / 4326
[2024-05-13 18:54:15,572][func.train][INFO] - [TESTING] video: 21 | frame: 639 / 4326
[2024-05-13 18:54:15,693][func.train][INFO] - [TESTING] video: 21 | frame: 703 / 4326
[2024-05-13 18:54:15,814][func.train][INFO] - [TESTING] video: 21 | frame: 767 / 4326
[2024-05-13 18:54:15,935][func.train][INFO] - [TESTING] video: 21 | frame: 831 / 4326
[2024-05-13 18:54:16,052][func.train][INFO] - [TESTING] video: 21 | frame: 895 / 4326
[2024-05-13 18:54:16,168][func.train][INFO] - [TESTING] video: 21 | frame: 959 / 4326
[2024-05-13 18:54:16,287][func.train][INFO] - [TESTING] video: 21 | frame: 1023 / 4326
[2024-05-13 18:54:16,404][func.train][INFO] - [TESTING] video: 21 | frame: 1087 / 4326
[2024-05-13 18:54:16,520][func.train][INFO] - [TESTING] video: 21 | frame: 1151 / 4326
[2024-05-13 18:54:16,637][func.train][INFO] - [TESTING] video: 21 | frame: 1215 / 4326
[2024-05-13 18:54:16,754][func.train][INFO] - [TESTING] video: 21 | frame: 1279 / 4326
[2024-05-13 18:54:16,872][func.train][INFO] - [TESTING] video: 21 | frame: 1343 / 4326
[2024-05-13 18:54:16,989][func.train][INFO] - [TESTING] video: 21 | frame: 1407 / 4326
[2024-05-13 18:54:17,104][func.train][INFO] - [TESTING] video: 21 | frame: 1471 / 4326
[2024-05-13 18:54:17,217][func.train][INFO] - [TESTING] video: 21 | frame: 1535 / 4326
[2024-05-13 18:54:17,326][func.train][INFO] - [TESTING] video: 21 | frame: 1599 / 4326
[2024-05-13 18:54:17,440][func.train][INFO] - [TESTING] video: 21 | frame: 1663 / 4326
[2024-05-13 18:54:17,550][func.train][INFO] - [TESTING] video: 21 | frame: 1727 / 4326
[2024-05-13 18:54:17,659][func.train][INFO] - [TESTING] video: 21 | frame: 1791 / 4326
[2024-05-13 18:54:17,768][func.train][INFO] - [TESTING] video: 21 | frame: 1855 / 4326
[2024-05-13 18:54:17,877][func.train][INFO] - [TESTING] video: 21 | frame: 1919 / 4326
[2024-05-13 18:54:17,986][func.train][INFO] - [TESTING] video: 21 | frame: 1983 / 4326
[2024-05-13 18:54:18,095][func.train][INFO] - [TESTING] video: 21 | frame: 2047 / 4326
[2024-05-13 18:54:18,206][func.train][INFO] - [TESTING] video: 21 | frame: 2111 / 4326
[2024-05-13 18:54:18,327][func.train][INFO] - [TESTING] video: 21 | frame: 2175 / 4326
[2024-05-13 18:54:18,439][func.train][INFO] - [TESTING] video: 21 | frame: 2239 / 4326
[2024-05-13 18:54:18,549][func.train][INFO] - [TESTING] video: 21 | frame: 2303 / 4326
[2024-05-13 18:54:18,662][func.train][INFO] - [TESTING] video: 21 | frame: 2367 / 4326
[2024-05-13 18:54:18,775][func.train][INFO] - [TESTING] video: 21 | frame: 2431 / 4326
[2024-05-13 18:54:18,885][func.train][INFO] - [TESTING] video: 21 | frame: 2495 / 4326
[2024-05-13 18:54:18,994][func.train][INFO] - [TESTING] video: 21 | frame: 2559 / 4326
[2024-05-13 18:54:19,116][func.train][INFO] - [TESTING] video: 21 | frame: 2623 / 4326
[2024-05-13 18:54:19,227][func.train][INFO] - [TESTING] video: 21 | frame: 2687 / 4326
[2024-05-13 18:54:19,342][func.train][INFO] - [TESTING] video: 21 | frame: 2751 / 4326
[2024-05-13 18:54:19,452][func.train][INFO] - [TESTING] video: 21 | frame: 2815 / 4326
[2024-05-13 18:54:19,564][func.train][INFO] - [TESTING] video: 21 | frame: 2879 / 4326
[2024-05-13 18:54:19,677][func.train][INFO] - [TESTING] video: 21 | frame: 2943 / 4326
[2024-05-13 18:54:19,788][func.train][INFO] - [TESTING] video: 21 | frame: 3007 / 4326
[2024-05-13 18:54:19,897][func.train][INFO] - [TESTING] video: 21 | frame: 3071 / 4326
[2024-05-13 18:54:20,006][func.train][INFO] - [TESTING] video: 21 | frame: 3135 / 4326
[2024-05-13 18:54:20,115][func.train][INFO] - [TESTING] video: 21 | frame: 3199 / 4326
[2024-05-13 18:54:20,225][func.train][INFO] - [TESTING] video: 21 | frame: 3263 / 4326
[2024-05-13 18:54:20,340][func.train][INFO] - [TESTING] video: 21 | frame: 3327 / 4326
[2024-05-13 18:54:20,451][func.train][INFO] - [TESTING] video: 21 | frame: 3391 / 4326
[2024-05-13 18:54:20,563][func.train][INFO] - [TESTING] video: 21 | frame: 3455 / 4326
[2024-05-13 18:54:20,675][func.train][INFO] - [TESTING] video: 21 | frame: 3519 / 4326
[2024-05-13 18:54:20,786][func.train][INFO] - [TESTING] video: 21 | frame: 3583 / 4326
[2024-05-13 18:54:20,897][func.train][INFO] - [TESTING] video: 21 | frame: 3647 / 4326
[2024-05-13 18:54:21,009][func.train][INFO] - [TESTING] video: 21 | frame: 3711 / 4326
[2024-05-13 18:54:21,119][func.train][INFO] - [TESTING] video: 21 | frame: 3775 / 4326
[2024-05-13 18:54:21,234][func.train][INFO] - [TESTING] video: 21 | frame: 3839 / 4326
[2024-05-13 18:54:21,346][func.train][INFO] - [TESTING] video: 21 | frame: 3903 / 4326
[2024-05-13 18:54:21,462][func.train][INFO] - [TESTING] video: 21 | frame: 3967 / 4326
[2024-05-13 18:54:21,574][func.train][INFO] - [TESTING] video: 21 | frame: 4031 / 4326
[2024-05-13 18:54:21,685][func.train][INFO] - [TESTING] video: 21 | frame: 4095 / 4326
[2024-05-13 18:54:21,795][func.train][INFO] - [TESTING] video: 21 | frame: 4159 / 4326
[2024-05-13 18:54:21,903][func.train][INFO] - [TESTING] video: 21 | frame: 4223 / 4326
[2024-05-13 18:54:22,011][func.train][INFO] - [TESTING] video: 21 | frame: 4287 / 4326
[2024-05-13 18:54:23,011][func.train][INFO] - [TESTING] video: 21 | frame: 4325 / 4326
[2024-05-13 18:54:23,012][func.train][INFO] - [TESTING] video: 21 | video test time: 0.14 min | total test time: 1.04 min
[2024-05-13 18:54:23,014][func.train][INFO] - [TESTING] video: 21 | mean_acc_curr_frames: 0.2069 | mean_acc_future_frames: 0.1488 | mean_cum_acc_future_frames: 0.1566
[2024-05-13 18:54:24,393][func.train][INFO] - Logging: resseting all meters
[2024-05-13 18:54:24,393][func.train][INFO] - Logging: resseting all meters done, updating epoch to %d
[2024-05-13 18:54:24,393][func.train][INFO] - Logging: resseting all meters
[2024-05-13 18:54:24,393][func.train][INFO] - Logging: resseting all meters done, updating epoch to %d
[2024-05-13 18:54:24,396][func.train][INFO] - Storing checkpoints every 60.00 mins
[2024-05-13 18:54:24,501][func.train][INFO] - [TRAINING] Step 0/1725 | Loss: 2.25 | Acc (curr_frames): 0.52 | Acc (next_frames): 0.52 | time-left: 2.99 min
[2024-05-13 18:54:40,942][func.train][INFO] - [TRAINING] Step 100/1725 | Loss: 2.53 | Acc (curr_frames): 0.48 | Acc (next_frames): 0.55 | time-left: 4.43 min
[2024-05-13 18:54:57,567][func.train][INFO] - [TRAINING] Step 200/1725 | Loss: 1.90 | Acc (curr_frames): 0.66 | Acc (next_frames): 0.56 | time-left: 4.19 min
[2024-05-13 18:55:14,112][func.train][INFO] - [TRAINING] Step 300/1725 | Loss: 2.20 | Acc (curr_frames): 0.70 | Acc (next_frames): 0.56 | time-left: 3.92 min
[2024-05-13 18:55:30,699][func.train][INFO] - [TRAINING] Step 400/1725 | Loss: 2.25 | Acc (curr_frames): 0.62 | Acc (next_frames): 0.58 | time-left: 3.65 min
[2024-05-13 18:55:47,742][func.train][INFO] - [TRAINING] Step 500/1725 | Loss: 1.76 | Acc (curr_frames): 0.67 | Acc (next_frames): 0.62 | time-left: 3.39 min
[2024-05-13 18:56:03,862][func.train][INFO] - [TRAINING] Step 600/1725 | Loss: 1.47 | Acc (curr_frames): 0.72 | Acc (next_frames): 0.67 | time-left: 3.10 min
[2024-05-13 18:56:19,996][func.train][INFO] - [TRAINING] Step 700/1725 | Loss: 1.59 | Acc (curr_frames): 0.61 | Acc (next_frames): 0.56 | time-left: 2.81 min
[2024-05-13 18:56:36,236][func.train][INFO] - [TRAINING] Step 800/1725 | Loss: 1.84 | Acc (curr_frames): 0.72 | Acc (next_frames): 0.69 | time-left: 2.53 min
[2024-05-13 18:56:52,794][func.train][INFO] - [TRAINING] Step 900/1725 | Loss: 1.64 | Acc (curr_frames): 0.76 | Acc (next_frames): 0.66 | time-left: 2.26 min
[2024-05-13 18:57:08,873][func.train][INFO] - [TRAINING] Step 1000/1725 | Loss: 1.25 | Acc (curr_frames): 0.79 | Acc (next_frames): 0.74 | time-left: 1.98 min
[2024-05-13 18:57:25,105][func.train][INFO] - [TRAINING] Step 1100/1725 | Loss: 1.54 | Acc (curr_frames): 0.68 | Acc (next_frames): 0.59 | time-left: 1.71 min
[2024-05-13 18:57:41,763][func.train][INFO] - [TRAINING] Step 1200/1725 | Loss: 1.66 | Acc (curr_frames): 0.72 | Acc (next_frames): 0.66 | time-left: 1.44 min
[2024-05-13 18:57:58,091][func.train][INFO] - [TRAINING] Step 1300/1725 | Loss: 1.05 | Acc (curr_frames): 0.78 | Acc (next_frames): 0.64 | time-left: 1.16 min
[2024-05-13 18:58:14,990][func.train][INFO] - [TRAINING] Step 1400/1725 | Loss: 1.13 | Acc (curr_frames): 0.80 | Acc (next_frames): 0.70 | time-left: 0.89 min
[2024-05-13 18:58:51,020][func.train][INFO] - [TRAINING] Step 1500/1725 | Loss: 1.15 | Acc (curr_frames): 0.79 | Acc (next_frames): 0.67 | time-left: 0.66 min
