[2024-04-22 17:00:06,725][func.train][INFO] - Dist info:
[2024-04-22 17:00:06,726][func.train][INFO] - torch version: 2.2.2+cu121
[2024-04-22 17:00:06,726][func.train][INFO] - torchvision version: 0.17.2+cu121
[2024-04-22 17:00:06,726][func.train][INFO] - hydra version: 1.3.2
[2024-04-22 17:00:06,730][func.train][INFO] - Loading data
[2024-04-22 17:00:06,730][func.train][INFO] - Loading datasets
[2024-04-22 17:00:18,080][func.train][INFO] - [DATASET] ALL loaded dataframe in 0m 11s
[2024-04-22 17:00:18,081][func.train][INFO] - [DATASET] ALL loaded dataframe: (4612530, 11)
[2024-04-22 17:00:24,198][func.train][INFO] - [DATASET] params: {'debug': False, 'dataset_name': 'cholec80', 'reduc_feats_folder': 'train_targets_x_mp/', 'num_classes': 7, 'num_next_labels': 6, 'last_seg_class': 7, 'predict_next_phase': True, 'get_target_feats': False, 'replace_current_with_next_class': False}
[2024-04-22 17:00:49,535][func.train][INFO] - [DATASET] train size: 2157640
[2024-04-22 17:00:49,537][func.train][INFO] - [DATASET] train video_indices: [1, 2, 3, 4, 5, 6, 7, 8, 9, 10, 11, 12, 13, 14, 15, 16, 17, 18, 19, 20, 21, 22, 23, 24, 25, 26, 27, 28, 29, 30, 31, 32, 33, 34, 35, 36, 37, 38, 39, 40]
[2024-04-22 17:00:49,629][func.train][INFO] - [DATASET] Sampling video_idx: 1 at 25 fps to 1733 frames
[2024-04-22 17:00:49,960][func.train][INFO] - [DATASET] Sampling video_idx: 2 at 25 fps to 2839 frames
[2024-04-22 17:00:50,101][func.train][INFO] - [DATASET] Sampling video_idx: 3 at 25 fps to 5828 frames
[2024-04-22 17:00:50,292][func.train][INFO] - [DATASET] Sampling video_idx: 4 at 25 fps to 1522 frames
[2024-04-22 17:00:50,413][func.train][INFO] - [DATASET] Sampling video_idx: 5 at 25 fps to 2344 frames
[2024-04-22 17:00:50,560][func.train][INFO] - [DATASET] Sampling video_idx: 6 at 25 fps to 2153 frames
[2024-04-22 17:00:50,710][func.train][INFO] - [DATASET] Sampling video_idx: 7 at 25 fps to 4557 frames
[2024-04-22 17:00:50,918][func.train][INFO] - [DATASET] Sampling video_idx: 8 at 25 fps to 1519 frames
[2024-04-22 17:00:51,038][func.train][INFO] - [DATASET] Sampling video_idx: 9 at 25 fps to 2702 frames
[2024-04-22 17:00:51,174][func.train][INFO] - [DATASET] Sampling video_idx: 10 at 25 fps to 1749 frames
[2024-04-22 17:00:51,305][func.train][INFO] - [DATASET] Sampling video_idx: 11 at 25 fps to 3220 frames
[2024-04-22 17:00:51,487][func.train][INFO] - [DATASET] Sampling video_idx: 12 at 25 fps to 1090 frames
[2024-04-22 17:00:51,618][func.train][INFO] - [DATASET] Sampling video_idx: 13 at 25 fps to 981 frames
[2024-04-22 17:00:51,750][func.train][INFO] - [DATASET] Sampling video_idx: 14 at 25 fps to 1708 frames
[2024-04-22 17:00:51,886][func.train][INFO] - [DATASET] Sampling video_idx: 15 at 25 fps to 2058 frames
[2024-04-22 17:00:52,079][func.train][INFO] - [DATASET] Sampling video_idx: 16 at 25 fps to 2957 frames
[2024-04-22 17:00:52,258][func.train][INFO] - [DATASET] Sampling video_idx: 17 at 25 fps to 1304 frames
[2024-04-22 17:00:52,372][func.train][INFO] - [DATASET] Sampling video_idx: 18 at 25 fps to 1942 frames
[2024-04-22 17:00:52,521][func.train][INFO] - [DATASET] Sampling video_idx: 19 at 25 fps to 2424 frames
[2024-04-22 17:00:52,701][func.train][INFO] - [DATASET] Sampling video_idx: 20 at 25 fps to 1449 frames
[2024-04-22 17:00:52,831][func.train][INFO] - [DATASET] Sampling video_idx: 21 at 25 fps to 1258 frames
[2024-04-22 17:00:52,955][func.train][INFO] - [DATASET] Sampling video_idx: 22 at 25 fps to 1532 frames
[2024-04-22 17:00:53,101][func.train][INFO] - [DATASET] Sampling video_idx: 23 at 25 fps to 1635 frames
[2024-04-22 17:00:53,243][func.train][INFO] - [DATASET] Sampling video_idx: 24 at 25 fps to 1975 frames
[2024-04-22 17:00:53,412][func.train][INFO] - [DATASET] Sampling video_idx: 25 at 25 fps to 2129 frames
[2024-04-22 17:00:53,552][func.train][INFO] - [DATASET] Sampling video_idx: 26 at 25 fps to 1773 frames
[2024-04-22 17:00:53,712][func.train][INFO] - [DATASET] Sampling video_idx: 27 at 25 fps to 2084 frames
[2024-04-22 17:00:53,869][func.train][INFO] - [DATASET] Sampling video_idx: 28 at 25 fps to 1199 frames
[2024-04-22 17:00:53,999][func.train][INFO] - [DATASET] Sampling video_idx: 29 at 25 fps to 2350 frames
[2024-04-22 17:00:54,166][func.train][INFO] - [DATASET] Sampling video_idx: 30 at 25 fps to 2925 frames
[2024-04-22 17:00:54,330][func.train][INFO] - [DATASET] Sampling video_idx: 31 at 25 fps to 3945 frames
[2024-04-22 17:00:54,482][func.train][INFO] - [DATASET] Sampling video_idx: 32 at 25 fps to 2116 frames
[2024-04-22 17:00:54,614][func.train][INFO] - [DATASET] Sampling video_idx: 33 at 25 fps to 1307 frames
[2024-04-22 17:00:54,769][func.train][INFO] - [DATASET] Sampling video_idx: 34 at 25 fps to 1323 frames
[2024-04-22 17:00:54,904][func.train][INFO] - [DATASET] Sampling video_idx: 35 at 25 fps to 2106 frames
[2024-04-22 17:00:55,064][func.train][INFO] - [DATASET] Sampling video_idx: 36 at 25 fps to 2387 frames
[2024-04-22 17:00:55,199][func.train][INFO] - [DATASET] Sampling video_idx: 37 at 25 fps to 1232 frames
[2024-04-22 17:00:55,328][func.train][INFO] - [DATASET] Sampling video_idx: 38 at 25 fps to 3080 frames
[2024-04-22 17:00:55,502][func.train][INFO] - [DATASET] Sampling video_idx: 39 at 25 fps to 1647 frames
[2024-04-22 17:00:55,656][func.train][INFO] - [DATASET] Sampling video_idx: 40 at 25 fps to 2222 frames
[2024-04-22 17:00:59,345][func.train][INFO] - [DATASET] classes_counts: {0: 93902, 1: 922150, 2: 183225, 3: 602975, 4: 92900, 5: 180478, 6: 82010}
[2024-04-22 17:00:59,353][func.train][INFO] - [DATASET] class_weights: tensor([0.3342, 1.6821, 0.5112, 3.3171, 1.7077, 3.7575, 3.2818])
[2024-04-22 17:01:26,537][func.train][INFO] - [DATASET] test size: 77576
[2024-04-22 17:01:26,540][func.train][INFO] - [DATASET] test video_indices: [41]
[2024-04-22 17:01:26,658][func.train][INFO] - [DATASET] Sampling video_idx: 41 at 25 fps to 3103 frames
[2024-04-22 17:01:44,884][func.train][INFO] - [DATASET] test size: 92801
[2024-04-22 17:01:44,884][func.train][INFO] - [DATASET] test video_indices: [42]
[2024-04-22 17:01:44,900][func.train][INFO] - [DATASET] Sampling video_idx: 42 at 25 fps to 3712 frames
[2024-04-22 17:01:48,963][func.train][INFO] - [DATASET] test size: 59051
[2024-04-22 17:01:48,963][func.train][INFO] - [DATASET] test video_indices: [43]
[2024-04-22 17:01:48,973][func.train][INFO] - [DATASET] Sampling video_idx: 43 at 25 fps to 2362 frames
[2024-04-22 17:01:53,157][func.train][INFO] - [DATASET] test size: 78176
[2024-04-22 17:01:53,157][func.train][INFO] - [DATASET] test video_indices: [44]
[2024-04-22 17:01:53,179][func.train][INFO] - [DATASET] Sampling video_idx: 44 at 25 fps to 3127 frames
[2024-04-22 17:02:12,833][func.train][INFO] - [DATASET] test size: 84676
[2024-04-22 17:02:12,833][func.train][INFO] - [DATASET] test video_indices: [45]
[2024-04-22 17:02:12,851][func.train][INFO] - [DATASET] Sampling video_idx: 45 at 25 fps to 3387 frames
[2024-04-22 17:02:25,312][func.train][INFO] - [DATASET] test size: 41326
[2024-04-22 17:02:25,312][func.train][INFO] - [DATASET] test video_indices: [46]
[2024-04-22 17:02:25,320][func.train][INFO] - [DATASET] Sampling video_idx: 46 at 25 fps to 1653 frames
[2024-04-22 17:02:43,160][func.train][INFO] - [DATASET] test size: 56476
[2024-04-22 17:02:43,161][func.train][INFO] - [DATASET] test video_indices: [47]
[2024-04-22 17:02:43,170][func.train][INFO] - [DATASET] Sampling video_idx: 47 at 25 fps to 2259 frames
[2024-04-22 17:02:48,796][func.train][INFO] - [DATASET] test size: 45851
[2024-04-22 17:02:48,796][func.train][INFO] - [DATASET] test video_indices: [48]
[2024-04-22 17:02:48,804][func.train][INFO] - [DATASET] Sampling video_idx: 48 at 25 fps to 1834 frames
[2024-04-22 17:03:10,984][func.train][INFO] - [DATASET] test size: 41776
[2024-04-22 17:03:10,984][func.train][INFO] - [DATASET] test video_indices: [49]
[2024-04-22 17:03:10,994][func.train][INFO] - [DATASET] Sampling video_idx: 49 at 25 fps to 1671 frames
[2024-04-22 17:03:18,996][func.train][INFO] - [DATASET] test size: 27351
[2024-04-22 17:03:18,996][func.train][INFO] - [DATASET] test video_indices: [50]
[2024-04-22 17:03:19,001][func.train][INFO] - [DATASET] Sampling video_idx: 50 at 25 fps to 1094 frames
[2024-04-22 17:03:23,380][func.train][INFO] - [DATASET] test size: 73601
[2024-04-22 17:03:23,381][func.train][INFO] - [DATASET] test video_indices: [51]
[2024-04-22 17:03:23,400][func.train][INFO] - [DATASET] Sampling video_idx: 51 at 25 fps to 2944 frames
[2024-04-22 17:03:25,225][func.train][INFO] - [DATASET] test size: 49151
[2024-04-22 17:03:25,225][func.train][INFO] - [DATASET] test video_indices: [52]
[2024-04-22 17:03:25,234][func.train][INFO] - [DATASET] Sampling video_idx: 52 at 25 fps to 1966 frames
[2024-04-22 17:03:27,699][func.train][INFO] - [DATASET] test size: 82076
[2024-04-22 17:03:27,700][func.train][INFO] - [DATASET] test video_indices: [53]
[2024-04-22 17:03:27,715][func.train][INFO] - [DATASET] Sampling video_idx: 53 at 25 fps to 3283 frames
[2024-04-22 17:03:37,629][func.train][INFO] - [DATASET] test size: 77501
[2024-04-22 17:03:37,630][func.train][INFO] - [DATASET] test video_indices: [54]
[2024-04-22 17:03:37,659][func.train][INFO] - [DATASET] Sampling video_idx: 54 at 25 fps to 3100 frames
[2024-04-22 17:03:40,150][func.train][INFO] - [DATASET] test size: 25926
[2024-04-22 17:03:40,150][func.train][INFO] - [DATASET] test video_indices: [55]
[2024-04-22 17:03:40,155][func.train][INFO] - [DATASET] Sampling video_idx: 55 at 25 fps to 1037 frames
[2024-04-22 17:03:50,201][func.train][INFO] - [DATASET] test size: 45851
[2024-04-22 17:03:50,202][func.train][INFO] - [DATASET] test video_indices: [56]
[2024-04-22 17:03:50,210][func.train][INFO] - [DATASET] Sampling video_idx: 56 at 25 fps to 1834 frames
[2024-04-22 17:04:23,489][func.train][INFO] - [DATASET] test size: 65801
[2024-04-22 17:04:23,490][func.train][INFO] - [DATASET] test video_indices: [57]
[2024-04-22 17:04:23,502][func.train][INFO] - [DATASET] Sampling video_idx: 57 at 25 fps to 2632 frames
[2024-04-22 17:04:38,103][func.train][INFO] - [DATASET] test size: 149826
[2024-04-22 17:04:38,103][func.train][INFO] - [DATASET] test video_indices: [58]
[2024-04-22 17:04:38,132][func.train][INFO] - [DATASET] Sampling video_idx: 58 at 25 fps to 5993 frames
[2024-04-22 17:04:58,690][func.train][INFO] - [DATASET] test size: 26151
[2024-04-22 17:04:58,691][func.train][INFO] - [DATASET] test video_indices: [59]
[2024-04-22 17:04:58,695][func.train][INFO] - [DATASET] Sampling video_idx: 59 at 25 fps to 1046 frames
[2024-04-22 17:05:15,616][func.train][INFO] - [DATASET] test size: 63301
[2024-04-22 17:05:15,617][func.train][INFO] - [DATASET] test video_indices: [60]
[2024-04-22 17:05:15,629][func.train][INFO] - [DATASET] Sampling video_idx: 60 at 25 fps to 2532 frames
[2024-04-22 17:05:54,720][func.train][INFO] - [DATASET] test size: 110226
[2024-04-22 17:05:54,721][func.train][INFO] - [DATASET] test video_indices: [61]
[2024-04-22 17:05:54,740][func.train][INFO] - [DATASET] Sampling video_idx: 61 at 25 fps to 4409 frames
[2024-04-22 17:06:08,188][func.train][INFO] - [DATASET] test size: 50801
[2024-04-22 17:06:08,188][func.train][INFO] - [DATASET] test video_indices: [62]
[2024-04-22 17:06:08,197][func.train][INFO] - [DATASET] Sampling video_idx: 62 at 25 fps to 2032 frames
[2024-04-22 17:06:18,519][func.train][INFO] - [DATASET] test size: 85826
[2024-04-22 17:06:18,520][func.train][INFO] - [DATASET] test video_indices: [63]
[2024-04-22 17:06:18,542][func.train][INFO] - [DATASET] Sampling video_idx: 63 at 25 fps to 3433 frames
[2024-04-22 17:06:31,424][func.train][INFO] - [DATASET] test size: 59951
[2024-04-22 17:06:31,424][func.train][INFO] - [DATASET] test video_indices: [64]
[2024-04-22 17:06:31,436][func.train][INFO] - [DATASET] Sampling video_idx: 64 at 25 fps to 2398 frames
[2024-04-22 17:06:48,313][func.train][INFO] - [DATASET] test size: 46826
[2024-04-22 17:06:48,313][func.train][INFO] - [DATASET] test video_indices: [65]
[2024-04-22 17:06:48,324][func.train][INFO] - [DATASET] Sampling video_idx: 65 at 25 fps to 1873 frames
[2024-04-22 17:06:59,619][func.train][INFO] - [DATASET] test size: 45601
[2024-04-22 17:06:59,619][func.train][INFO] - [DATASET] test video_indices: [66]
[2024-04-22 17:06:59,628][func.train][INFO] - [DATASET] Sampling video_idx: 66 at 25 fps to 1824 frames
[2024-04-22 17:07:16,404][func.train][INFO] - [DATASET] test size: 58826
[2024-04-22 17:07:16,405][func.train][INFO] - [DATASET] test video_indices: [67]
[2024-04-22 17:07:16,416][func.train][INFO] - [DATASET] Sampling video_idx: 67 at 25 fps to 2353 frames
[2024-04-22 17:07:21,583][func.train][INFO] - [DATASET] test size: 49301
[2024-04-22 17:07:21,583][func.train][INFO] - [DATASET] test video_indices: [68]
[2024-04-22 17:07:21,593][func.train][INFO] - [DATASET] Sampling video_idx: 68 at 25 fps to 1972 frames
[2024-04-22 17:07:25,742][func.train][INFO] - [DATASET] test size: 114376
[2024-04-22 17:07:25,742][func.train][INFO] - [DATASET] test video_indices: [69]
[2024-04-22 17:07:25,770][func.train][INFO] - [DATASET] Sampling video_idx: 69 at 25 fps to 4575 frames
[2024-04-22 17:07:28,503][func.train][INFO] - [DATASET] test size: 29851
[2024-04-22 17:07:28,504][func.train][INFO] - [DATASET] test video_indices: [70]
[2024-04-22 17:07:28,509][func.train][INFO] - [DATASET] Sampling video_idx: 70 at 25 fps to 1194 frames
[2024-04-22 17:07:31,192][func.train][INFO] - [DATASET] test size: 62876
[2024-04-22 17:07:31,192][func.train][INFO] - [DATASET] test video_indices: [71]
[2024-04-22 17:07:31,205][func.train][INFO] - [DATASET] Sampling video_idx: 71 at 25 fps to 2515 frames
