[2025-03-26 15:21:53,052][func.train][INFO] - Dist info:
[2025-03-26 15:21:53,053][func.train][INFO] - torch version: 2.4.1+cu121
[2025-03-26 15:21:53,054][func.train][INFO] - torchvision version: 0.19.1+cu121
[2025-03-26 15:21:53,054][func.train][INFO] - hydra version: 1.3.2
[2025-03-26 15:21:53,074][func.train][INFO] - [MAIN] eval horizons for regression: [30]
[2025-03-26 15:21:53,074][func.train][INFO] - Loading data
[2025-03-26 15:21:53,074][func.train][INFO] - Loading datasets
[2025-03-26 15:21:53,076][func.train][INFO] - Train videos: [1, 2, 3, 4, 5, 6, 7, 8, 9, 10, 11, 12, 13, 14, 15, 16, 17, 18, 19, 20, 21, 22, 23, 24, 25, 26, 27, 28, 29, 30, 31, 32]
[2025-03-26 15:21:53,076][func.train][INFO] - Test videos: [41, 42, 43, 44, 45, 46, 47, 48, 49, 50, 51, 52, 53, 54, 55, 56, 57, 58, 59, 60, 61, 62, 63, 64, 65, 66, 67, 68, 69, 70, 71, 72, 73, 74, 75, 76, 77, 78, 79, 80]
[2025-03-26 15:21:56,498][func.train][INFO] - [SELECT DATASET] ALL loaded dataframe in 0m 3s
[2025-03-26 15:21:56,498][func.train][INFO] - [SELECT DATASET] ALL loaded dataframe: (4612530, 11)
[2025-03-26 15:21:56,696][func.train][INFO] - [SELECT DATASET] labels are already starting from 0
[2025-03-26 15:21:57,136][func.train][INFO] - [SELECT DATASET] ALL unique classes: [0 1 2 3 4 5 6]
[2025-03-26 15:21:57,153][func.train][INFO] - [SELECT DATASET] aLL dataframe (head):                    image_path class  ... tool_Irrigator tool_SpecimenBag
0  video01/video01_000001.png     0  ...              0                0
1  video01/video01_000002.png     0  ...              0                0
2  video01/video01_000003.png     0  ...              0                0
3  video01/video01_000004.png     0  ...              0                0
4  video01/video01_000005.png     0  ...              0                0

[5 rows x 11 columns]
[2025-03-26 15:21:57,164][func.train][INFO] - [SELECT DATASET] ALL dataframe (tail):                          image_path class  ... tool_Irrigator tool_SpecimenBag
4612525  video80/video80_043097.png     6  ...              0                0
4612526  video80/video80_043098.png     6  ...              0                0
4612527  video80/video80_043099.png     6  ...              0                0
4612528  video80/video80_043100.png     6  ...              0                0
4612529  video80/video80_043101.png     6  ...              0                0

[5 rows x 11 columns]
[2025-03-26 15:21:57,165][func.train][INFO] - [DATASET] params: {'debug': False, 'dataset_name': 'cholec80', 'reduc_feats_folder': 'train_targets_x_mp/', 'num_classes': 7, 'num_next_labels': 6, 'last_seg_class': 7, 'predict_next_phase': True, 'get_target_feats': False, 'replace_current_with_next_class': False}
[2025-03-26 15:21:59,106][func.train][INFO] - [DATASET] df unique videos: [1 2 3 4 5 6 7 8 9 10 11 12 13 14 15 16 17 18 19 20 21 22 23 24 25 26 27
 28 29 30 31 32 33 34 35 36 37 38 39 40 41 42 43 44 45 46 47 48 49 50 51
 52 53 54 55 56 57 58 59 60 61 62 63 64 65 66 67 68 69 70 71 72 73 74 75
 76 77 78 79 80]
[2025-03-26 15:21:59,107][func.train][INFO] - [DATASET] split: train video_indices: [1, 2, 3, 4, 5, 6, 7, 8, 9, 10, 11, 12, 13, 14, 15, 16, 17, 18, 19, 20, 21, 22, 23, 24, 25, 26, 27, 28, 29, 30, 31, 32]
[2025-03-26 15:22:02,160][func.train][INFO] - [DATASET] train size: 1775032
[2025-03-26 15:22:02,161][func.train][INFO] - [DATASET] train video_indices: [1, 2, 3, 4, 5, 6, 7, 8, 9, 10, 11, 12, 13, 14, 15, 16, 17, 18, 19, 20, 21, 22, 23, 24, 25, 26, 27, 28, 29, 30, 31, 32]
[2025-03-26 15:22:02,161][func.train][INFO] - [DATASET] video_idx: 1
[2025-03-26 15:22:02,425][func.train][INFO] - [DATASET] Sampled video_idx: 1 at 25 fps to 1733 frames
[2025-03-26 15:22:02,433][func.train][INFO] - [DATASET] video 1 phase_labels: torch.Size([1733])
[2025-03-26 15:22:03,047][func.train][INFO] - [DATASET] gt_remaining_time h=30: torch.Size([1733, 8])
[2025-03-26 15:22:03,050][func.train][INFO] - 

[2025-03-26 15:22:03,072][func.train][INFO] - [DATASET] Saved gt_remaining_time for video 1
[2025-03-26 15:22:03,076][func.train][INFO] - [DATASET] video_idx: 2
[2025-03-26 15:22:03,174][func.train][INFO] - [DATASET] Sampled video_idx: 2 at 25 fps to 2839 frames
[2025-03-26 15:22:03,176][func.train][INFO] - [DATASET] video 2 phase_labels: torch.Size([2839])
[2025-03-26 15:22:03,515][func.train][INFO] - [DATASET] gt_remaining_time h=30: torch.Size([2839, 8])
[2025-03-26 15:22:03,519][func.train][INFO] - 

[2025-03-26 15:22:03,549][func.train][INFO] - [DATASET] Saved gt_remaining_time for video 2
[2025-03-26 15:22:03,553][func.train][INFO] - [DATASET] video_idx: 3
[2025-03-26 15:22:03,676][func.train][INFO] - [DATASET] Sampled video_idx: 3 at 25 fps to 5828 frames
[2025-03-26 15:22:03,679][func.train][INFO] - [DATASET] video 3 phase_labels: torch.Size([5828])
[2025-03-26 15:22:04,139][func.train][INFO] - [DATASET] gt_remaining_time h=30: torch.Size([5828, 8])
[2025-03-26 15:22:04,142][func.train][INFO] - 

[2025-03-26 15:22:04,191][func.train][INFO] - [DATASET] Saved gt_remaining_time for video 3
[2025-03-26 15:22:04,195][func.train][INFO] - [DATASET] video_idx: 4
[2025-03-26 15:22:04,277][func.train][INFO] - [DATASET] Sampled video_idx: 4 at 25 fps to 1522 frames
[2025-03-26 15:22:04,279][func.train][INFO] - [DATASET] video 4 phase_labels: torch.Size([1522])
[2025-03-26 15:22:04,505][func.train][INFO] - [DATASET] gt_remaining_time h=30: torch.Size([1522, 8])
[2025-03-26 15:22:04,507][func.train][INFO] - 

[2025-03-26 15:22:04,522][func.train][INFO] - [DATASET] Saved gt_remaining_time for video 4
[2025-03-26 15:22:04,537][func.train][INFO] - [DATASET] video_idx: 5
[2025-03-26 15:22:04,631][func.train][INFO] - [DATASET] Sampled video_idx: 5 at 25 fps to 2344 frames
[2025-03-26 15:22:04,632][func.train][INFO] - [DATASET] video 5 phase_labels: torch.Size([2344])
[2025-03-26 15:22:04,902][func.train][INFO] - [DATASET] gt_remaining_time h=30: torch.Size([2344, 8])
[2025-03-26 15:22:04,905][func.train][INFO] - 

[2025-03-26 15:22:04,927][func.train][INFO] - [DATASET] Saved gt_remaining_time for video 5
[2025-03-26 15:22:04,934][func.train][INFO] - [DATASET] video_idx: 6
[2025-03-26 15:22:05,021][func.train][INFO] - [DATASET] Sampled video_idx: 6 at 25 fps to 2153 frames
[2025-03-26 15:22:05,022][func.train][INFO] - [DATASET] video 6 phase_labels: torch.Size([2153])
[2025-03-26 15:22:05,305][func.train][INFO] - [DATASET] gt_remaining_time h=30: torch.Size([2153, 8])
[2025-03-26 15:22:05,308][func.train][INFO] - 

[2025-03-26 15:22:05,357][func.train][INFO] - [DATASET] Saved gt_remaining_time for video 6
[2025-03-26 15:22:05,361][func.train][INFO] - [DATASET] video_idx: 7
[2025-03-26 15:22:05,477][func.train][INFO] - [DATASET] Sampled video_idx: 7 at 25 fps to 4557 frames
[2025-03-26 15:22:05,480][func.train][INFO] - [DATASET] video 7 phase_labels: torch.Size([4557])
[2025-03-26 15:22:05,829][func.train][INFO] - [DATASET] gt_remaining_time h=30: torch.Size([4557, 8])
[2025-03-26 15:22:05,833][func.train][INFO] - 

[2025-03-26 15:22:05,871][func.train][INFO] - [DATASET] Saved gt_remaining_time for video 7
[2025-03-26 15:22:05,874][func.train][INFO] - [DATASET] video_idx: 8
[2025-03-26 15:22:05,961][func.train][INFO] - [DATASET] Sampled video_idx: 8 at 25 fps to 1519 frames
[2025-03-26 15:22:05,963][func.train][INFO] - [DATASET] video 8 phase_labels: torch.Size([1519])
[2025-03-26 15:22:06,172][func.train][INFO] - [DATASET] gt_remaining_time h=30: torch.Size([1519, 8])
[2025-03-26 15:22:06,183][func.train][INFO] - 

[2025-03-26 15:22:06,200][func.train][INFO] - [DATASET] Saved gt_remaining_time for video 8
[2025-03-26 15:22:06,208][func.train][INFO] - [DATASET] video_idx: 9
[2025-03-26 15:22:06,299][func.train][INFO] - [DATASET] Sampled video_idx: 9 at 25 fps to 2702 frames
[2025-03-26 15:22:06,301][func.train][INFO] - [DATASET] video 9 phase_labels: torch.Size([2702])
[2025-03-26 15:22:06,593][func.train][INFO] - [DATASET] gt_remaining_time h=30: torch.Size([2702, 8])
[2025-03-26 15:22:06,596][func.train][INFO] - 

[2025-03-26 15:22:06,620][func.train][INFO] - [DATASET] Saved gt_remaining_time for video 9
[2025-03-26 15:22:06,627][func.train][INFO] - [DATASET] video_idx: 10
[2025-03-26 15:22:06,732][func.train][INFO] - [DATASET] Sampled video_idx: 10 at 25 fps to 1749 frames
[2025-03-26 15:22:06,734][func.train][INFO] - [DATASET] video 10 phase_labels: torch.Size([1749])
[2025-03-26 15:22:06,985][func.train][INFO] - [DATASET] gt_remaining_time h=30: torch.Size([1749, 8])
[2025-03-26 15:22:06,990][func.train][INFO] - 

[2025-03-26 15:22:07,010][func.train][INFO] - [DATASET] Saved gt_remaining_time for video 10
[2025-03-26 15:22:07,013][func.train][INFO] - [DATASET] video_idx: 11
[2025-03-26 15:22:07,120][func.train][INFO] - [DATASET] Sampled video_idx: 11 at 25 fps to 3220 frames
[2025-03-26 15:22:07,122][func.train][INFO] - [DATASET] video 11 phase_labels: torch.Size([3220])
[2025-03-26 15:22:07,484][func.train][INFO] - [DATASET] gt_remaining_time h=30: torch.Size([3220, 8])
[2025-03-26 15:22:07,487][func.train][INFO] - 

[2025-03-26 15:22:07,520][func.train][INFO] - [DATASET] Saved gt_remaining_time for video 11
[2025-03-26 15:22:07,521][func.train][INFO] - [DATASET] video_idx: 12
[2025-03-26 15:22:07,615][func.train][INFO] - [DATASET] Sampled video_idx: 12 at 25 fps to 1090 frames
[2025-03-26 15:22:07,616][func.train][INFO] - [DATASET] video 12 phase_labels: torch.Size([1090])
[2025-03-26 15:22:07,771][func.train][INFO] - [DATASET] gt_remaining_time h=30: torch.Size([1090, 8])
[2025-03-26 15:22:07,773][func.train][INFO] - 

[2025-03-26 15:22:07,790][func.train][INFO] - [DATASET] Saved gt_remaining_time for video 12
[2025-03-26 15:22:07,793][func.train][INFO] - [DATASET] video_idx: 13
[2025-03-26 15:22:07,888][func.train][INFO] - [DATASET] Sampled video_idx: 13 at 25 fps to 981 frames
[2025-03-26 15:22:07,889][func.train][INFO] - [DATASET] video 13 phase_labels: torch.Size([981])
[2025-03-26 15:22:08,021][func.train][INFO] - [DATASET] gt_remaining_time h=30: torch.Size([981, 8])
[2025-03-26 15:22:08,026][func.train][INFO] - 

[2025-03-26 15:22:08,038][func.train][INFO] - [DATASET] Saved gt_remaining_time for video 13
[2025-03-26 15:22:08,040][func.train][INFO] - [DATASET] video_idx: 14
[2025-03-26 15:22:08,136][func.train][INFO] - [DATASET] Sampled video_idx: 14 at 25 fps to 1708 frames
[2025-03-26 15:22:08,137][func.train][INFO] - [DATASET] video 14 phase_labels: torch.Size([1708])
[2025-03-26 15:22:08,350][func.train][INFO] - [DATASET] gt_remaining_time h=30: torch.Size([1708, 8])
[2025-03-26 15:22:08,353][func.train][INFO] - 

[2025-03-26 15:22:08,371][func.train][INFO] - [DATASET] Saved gt_remaining_time for video 14
[2025-03-26 15:22:08,380][func.train][INFO] - [DATASET] video_idx: 15
[2025-03-26 15:22:08,501][func.train][INFO] - [DATASET] Sampled video_idx: 15 at 25 fps to 2058 frames
[2025-03-26 15:22:08,503][func.train][INFO] - [DATASET] video 15 phase_labels: torch.Size([2058])
[2025-03-26 15:22:08,768][func.train][INFO] - [DATASET] gt_remaining_time h=30: torch.Size([2058, 8])
[2025-03-26 15:22:08,769][func.train][INFO] - 

[2025-03-26 15:22:08,788][func.train][INFO] - [DATASET] Saved gt_remaining_time for video 15
[2025-03-26 15:22:08,800][func.train][INFO] - [DATASET] video_idx: 16
[2025-03-26 15:22:08,913][func.train][INFO] - [DATASET] Sampled video_idx: 16 at 25 fps to 2957 frames
[2025-03-26 15:22:08,915][func.train][INFO] - [DATASET] video 16 phase_labels: torch.Size([2957])
[2025-03-26 15:22:09,250][func.train][INFO] - [DATASET] gt_remaining_time h=30: torch.Size([2957, 8])
[2025-03-26 15:22:09,252][func.train][INFO] - 

[2025-03-26 15:22:09,280][func.train][INFO] - [DATASET] Saved gt_remaining_time for video 16
[2025-03-26 15:22:09,285][func.train][INFO] - [DATASET] video_idx: 17
[2025-03-26 15:22:09,373][func.train][INFO] - [DATASET] Sampled video_idx: 17 at 25 fps to 1304 frames
[2025-03-26 15:22:09,374][func.train][INFO] - [DATASET] video 17 phase_labels: torch.Size([1304])
[2025-03-26 15:22:09,568][func.train][INFO] - [DATASET] gt_remaining_time h=30: torch.Size([1304, 8])
[2025-03-26 15:22:09,570][func.train][INFO] - 

[2025-03-26 15:22:09,589][func.train][INFO] - [DATASET] Saved gt_remaining_time for video 17
[2025-03-26 15:22:09,598][func.train][INFO] - [DATASET] video_idx: 18
[2025-03-26 15:22:09,696][func.train][INFO] - [DATASET] Sampled video_idx: 18 at 25 fps to 1942 frames
[2025-03-26 15:22:09,697][func.train][INFO] - [DATASET] video 18 phase_labels: torch.Size([1942])
[2025-03-26 15:22:09,959][func.train][INFO] - [DATASET] gt_remaining_time h=30: torch.Size([1942, 8])
[2025-03-26 15:22:09,962][func.train][INFO] - 

[2025-03-26 15:22:09,984][func.train][INFO] - [DATASET] Saved gt_remaining_time for video 18
[2025-03-26 15:22:09,987][func.train][INFO] - [DATASET] video_idx: 19
[2025-03-26 15:22:10,088][func.train][INFO] - [DATASET] Sampled video_idx: 19 at 25 fps to 2424 frames
[2025-03-26 15:22:10,090][func.train][INFO] - [DATASET] video 19 phase_labels: torch.Size([2424])
[2025-03-26 15:22:10,411][func.train][INFO] - [DATASET] gt_remaining_time h=30: torch.Size([2424, 8])
[2025-03-26 15:22:10,414][func.train][INFO] - 

[2025-03-26 15:22:10,448][func.train][INFO] - [DATASET] Saved gt_remaining_time for video 19
[2025-03-26 15:22:10,451][func.train][INFO] - [DATASET] video_idx: 20
[2025-03-26 15:22:10,534][func.train][INFO] - [DATASET] Sampled video_idx: 20 at 25 fps to 1449 frames
[2025-03-26 15:22:10,536][func.train][INFO] - [DATASET] video 20 phase_labels: torch.Size([1449])
[2025-03-26 15:22:10,729][func.train][INFO] - [DATASET] gt_remaining_time h=30: torch.Size([1449, 8])
[2025-03-26 15:22:10,731][func.train][INFO] - 

[2025-03-26 15:22:10,752][func.train][INFO] - [DATASET] Saved gt_remaining_time for video 20
[2025-03-26 15:22:10,753][func.train][INFO] - [DATASET] video_idx: 21
[2025-03-26 15:22:10,842][func.train][INFO] - [DATASET] Sampled video_idx: 21 at 25 fps to 1258 frames
[2025-03-26 15:22:10,843][func.train][INFO] - [DATASET] video 21 phase_labels: torch.Size([1258])
[2025-03-26 15:22:11,006][func.train][INFO] - [DATASET] gt_remaining_time h=30: torch.Size([1258, 8])
[2025-03-26 15:22:11,009][func.train][INFO] - 

[2025-03-26 15:22:11,023][func.train][INFO] - [DATASET] Saved gt_remaining_time for video 21
[2025-03-26 15:22:11,031][func.train][INFO] - [DATASET] video_idx: 22
[2025-03-26 15:22:11,132][func.train][INFO] - [DATASET] Sampled video_idx: 22 at 25 fps to 1532 frames
[2025-03-26 15:22:11,133][func.train][INFO] - [DATASET] video 22 phase_labels: torch.Size([1532])
[2025-03-26 15:22:11,323][func.train][INFO] - [DATASET] gt_remaining_time h=30: torch.Size([1532, 8])
[2025-03-26 15:22:11,326][func.train][INFO] - 

[2025-03-26 15:22:11,349][func.train][INFO] - [DATASET] Saved gt_remaining_time for video 22
[2025-03-26 15:22:11,357][func.train][INFO] - [DATASET] video_idx: 23
[2025-03-26 15:22:11,459][func.train][INFO] - [DATASET] Sampled video_idx: 23 at 25 fps to 1635 frames
[2025-03-26 15:22:11,460][func.train][INFO] - [DATASET] video 23 phase_labels: torch.Size([1635])
[2025-03-26 15:22:11,667][func.train][INFO] - [DATASET] gt_remaining_time h=30: torch.Size([1635, 8])
[2025-03-26 15:22:11,670][func.train][INFO] - 

[2025-03-26 15:22:11,685][func.train][INFO] - [DATASET] Saved gt_remaining_time for video 23
[2025-03-26 15:22:11,688][func.train][INFO] - [DATASET] video_idx: 24
[2025-03-26 15:22:11,789][func.train][INFO] - [DATASET] Sampled video_idx: 24 at 25 fps to 1975 frames
[2025-03-26 15:22:11,790][func.train][INFO] - [DATASET] video 24 phase_labels: torch.Size([1975])
[2025-03-26 15:22:12,032][func.train][INFO] - [DATASET] gt_remaining_time h=30: torch.Size([1975, 8])
[2025-03-26 15:22:12,034][func.train][INFO] - 

[2025-03-26 15:22:12,058][func.train][INFO] - [DATASET] Saved gt_remaining_time for video 24
[2025-03-26 15:22:12,071][func.train][INFO] - [DATASET] video_idx: 25
[2025-03-26 15:22:12,161][func.train][INFO] - [DATASET] Sampled video_idx: 25 at 25 fps to 2129 frames
[2025-03-26 15:22:12,162][func.train][INFO] - [DATASET] video 25 phase_labels: torch.Size([2129])
[2025-03-26 15:22:12,414][func.train][INFO] - [DATASET] gt_remaining_time h=30: torch.Size([2129, 8])
[2025-03-26 15:22:12,416][func.train][INFO] - 

[2025-03-26 15:22:12,446][func.train][INFO] - [DATASET] Saved gt_remaining_time for video 25
[2025-03-26 15:22:12,451][func.train][INFO] - [DATASET] video_idx: 26
[2025-03-26 15:22:12,545][func.train][INFO] - [DATASET] Sampled video_idx: 26 at 25 fps to 1773 frames
[2025-03-26 15:22:12,546][func.train][INFO] - [DATASET] video 26 phase_labels: torch.Size([1773])
[2025-03-26 15:22:12,761][func.train][INFO] - [DATASET] gt_remaining_time h=30: torch.Size([1773, 8])
[2025-03-26 15:22:12,762][func.train][INFO] - 

[2025-03-26 15:22:12,779][func.train][INFO] - [DATASET] Saved gt_remaining_time for video 26
[2025-03-26 15:22:12,791][func.train][INFO] - [DATASET] video_idx: 27
[2025-03-26 15:22:12,876][func.train][INFO] - [DATASET] Sampled video_idx: 27 at 25 fps to 2084 frames
[2025-03-26 15:22:12,877][func.train][INFO] - [DATASET] video 27 phase_labels: torch.Size([2084])
[2025-03-26 15:22:13,137][func.train][INFO] - [DATASET] gt_remaining_time h=30: torch.Size([2084, 8])
[2025-03-26 15:22:13,140][func.train][INFO] - 

[2025-03-26 15:22:13,161][func.train][INFO] - [DATASET] Saved gt_remaining_time for video 27
[2025-03-26 15:22:13,163][func.train][INFO] - [DATASET] video_idx: 28
[2025-03-26 15:22:13,247][func.train][INFO] - [DATASET] Sampled video_idx: 28 at 25 fps to 1199 frames
[2025-03-26 15:22:13,248][func.train][INFO] - [DATASET] video 28 phase_labels: torch.Size([1199])
[2025-03-26 15:22:13,413][func.train][INFO] - [DATASET] gt_remaining_time h=30: torch.Size([1199, 8])
[2025-03-26 15:22:13,415][func.train][INFO] - 

[2025-03-26 15:22:13,439][func.train][INFO] - [DATASET] Saved gt_remaining_time for video 28
[2025-03-26 15:22:13,445][func.train][INFO] - [DATASET] video_idx: 29
[2025-03-26 15:22:13,548][func.train][INFO] - [DATASET] Sampled video_idx: 29 at 25 fps to 2350 frames
[2025-03-26 15:22:13,550][func.train][INFO] - [DATASET] video 29 phase_labels: torch.Size([2350])
[2025-03-26 15:22:13,790][func.train][INFO] - [DATASET] gt_remaining_time h=30: torch.Size([2350, 8])
[2025-03-26 15:22:13,793][func.train][INFO] - 

[2025-03-26 15:22:13,814][func.train][INFO] - [DATASET] Saved gt_remaining_time for video 29
[2025-03-26 15:22:13,820][func.train][INFO] - [DATASET] video_idx: 30
[2025-03-26 15:22:13,917][func.train][INFO] - [DATASET] Sampled video_idx: 30 at 25 fps to 2925 frames
[2025-03-26 15:22:13,919][func.train][INFO] - [DATASET] video 30 phase_labels: torch.Size([2925])
[2025-03-26 15:22:14,211][func.train][INFO] - [DATASET] gt_remaining_time h=30: torch.Size([2925, 8])
[2025-03-26 15:22:14,213][func.train][INFO] - 

[2025-03-26 15:22:14,242][func.train][INFO] - [DATASET] Saved gt_remaining_time for video 30
[2025-03-26 15:22:14,253][func.train][INFO] - [DATASET] video_idx: 31
[2025-03-26 15:22:14,365][func.train][INFO] - [DATASET] Sampled video_idx: 31 at 25 fps to 3945 frames
[2025-03-26 15:22:14,367][func.train][INFO] - [DATASET] video 31 phase_labels: torch.Size([3945])
[2025-03-26 15:22:14,715][func.train][INFO] - [DATASET] gt_remaining_time h=30: torch.Size([3945, 8])
[2025-03-26 15:22:14,718][func.train][INFO] - 

[2025-03-26 15:22:14,754][func.train][INFO] - [DATASET] Saved gt_remaining_time for video 31
[2025-03-26 15:22:14,756][func.train][INFO] - [DATASET] video_idx: 32
[2025-03-26 15:22:14,843][func.train][INFO] - [DATASET] Sampled video_idx: 32 at 25 fps to 2116 frames
[2025-03-26 15:22:14,844][func.train][INFO] - [DATASET] video 32 phase_labels: torch.Size([2116])
[2025-03-26 15:22:15,107][func.train][INFO] - [DATASET] gt_remaining_time h=30: torch.Size([2116, 8])
[2025-03-26 15:22:15,109][func.train][INFO] - 

[2025-03-26 15:22:15,137][func.train][INFO] - [DATASET] Saved gt_remaining_time for video 32
[2025-03-26 15:22:15,144][func.train][INFO] - [DATASET] Saved video durations
[2025-03-26 15:22:15,145][func.train][INFO] - [DATASET] number of train videos: 32
[2025-03-26 15:22:15,146][func.train][INFO] - [DATASET] avg video length: 36.98 minutes
[2025-03-26 15:22:15,247][func.train][INFO] - [DATASET] num classes at 1fps in train: (71000,)
[2025-03-26 15:22:15,249][func.train][INFO] - [DATASET] classes_counts_dict: {0: 3103, 1: 29730, 2: 6139, 3: 20046, 4: 3084, 5: 5976, 6: 2922}
[2025-03-26 15:22:15,252][func.train][INFO] - [DATASET] curr_class_weights: tensor([3.2687, 0.3412, 1.6522, 0.5060, 3.2889, 1.6973, 3.4712])
[2025-03-26 15:22:15,252][func.train][INFO] - [DATASET] num_eos_vals: 10142.857142857143
[2025-03-26 15:22:15,252][func.train][INFO] - [DATASET] classes_counts_dict: {0: 3103, 1: 29730, 2: 6139, 3: 20046, 4: 3084, 5: 5976, 6: 2922, 7: 10142}
[2025-03-26 15:22:15,252][func.train][INFO] - [DATASET] next_class_weights: tensor([3.2687, 0.3412, 1.6522, 0.5060, 3.2888, 1.6972, 3.4712, 1.0001])
[2025-03-26 15:22:17,201][func.train][INFO] - [DATASET] df unique videos: [1 2 3 4 5 6 7 8 9 10 11 12 13 14 15 16 17 18 19 20 21 22 23 24 25 26 27
 28 29 30 31 32 33 34 35 36 37 38 39 40 41 42 43 44 45 46 47 48 49 50 51
 52 53 54 55 56 57 58 59 60 61 62 63 64 65 66 67 68 69 70 71 72 73 74 75
 76 77 78 79 80]
[2025-03-26 15:22:17,202][func.train][INFO] - [DATASET] split: test video_indices: [41]
[2025-03-26 15:22:17,303][func.train][INFO] - [DATASET] test size: 77576
[2025-03-26 15:22:17,304][func.train][INFO] - [DATASET] test video_indices: [41]
[2025-03-26 15:22:17,304][func.train][INFO] - [DATASET] video_idx: 41
[2025-03-26 15:22:17,339][func.train][INFO] - [DATASET] Sampled video_idx: 41 at 25 fps to 3103 frames
[2025-03-26 15:22:17,341][func.train][INFO] - [DATASET] video 41 phase_labels: torch.Size([3103])
[2025-03-26 15:22:17,687][func.train][INFO] - [DATASET] gt_remaining_time h=30: torch.Size([3103, 8])
[2025-03-26 15:22:17,690][func.train][INFO] - 

[2025-03-26 15:22:17,727][func.train][INFO] - [DATASET] Saved gt_remaining_time for video 41
[2025-03-26 15:22:17,738][func.train][INFO] - [DATASET] Saved video durations
[2025-03-26 15:22:17,740][func.train][INFO] - [DATASET] number of test videos: 1
[2025-03-26 15:22:17,740][func.train][INFO] - [DATASET] avg video length: 51.72 minutes
[2025-03-26 15:22:19,700][func.train][INFO] - [DATASET] df unique videos: [1 2 3 4 5 6 7 8 9 10 11 12 13 14 15 16 17 18 19 20 21 22 23 24 25 26 27
 28 29 30 31 32 33 34 35 36 37 38 39 40 41 42 43 44 45 46 47 48 49 50 51
 52 53 54 55 56 57 58 59 60 61 62 63 64 65 66 67 68 69 70 71 72 73 74 75
 76 77 78 79 80]
[2025-03-26 15:22:19,700][func.train][INFO] - [DATASET] split: test video_indices: [42]
[2025-03-26 15:22:19,809][func.train][INFO] - [DATASET] test size: 92801
[2025-03-26 15:22:19,810][func.train][INFO] - [DATASET] test video_indices: [42]
[2025-03-26 15:22:19,810][func.train][INFO] - [DATASET] video_idx: 42
[2025-03-26 15:22:19,843][func.train][INFO] - [DATASET] Sampled video_idx: 42 at 25 fps to 3712 frames
[2025-03-26 15:22:19,845][func.train][INFO] - [DATASET] video 42 phase_labels: torch.Size([3712])
[2025-03-26 15:22:20,190][func.train][INFO] - [DATASET] gt_remaining_time h=30: torch.Size([3712, 8])
[2025-03-26 15:22:20,193][func.train][INFO] - 

[2025-03-26 15:22:20,617][func.train][INFO] - [DATASET] Saved gt_remaining_time for video 42
[2025-03-26 15:22:20,622][func.train][INFO] - [DATASET] Saved video durations
[2025-03-26 15:22:20,623][func.train][INFO] - [DATASET] number of test videos: 1
[2025-03-26 15:22:20,623][func.train][INFO] - [DATASET] avg video length: 61.87 minutes
[2025-03-26 15:22:22,532][func.train][INFO] - [DATASET] df unique videos: [1 2 3 4 5 6 7 8 9 10 11 12 13 14 15 16 17 18 19 20 21 22 23 24 25 26 27
 28 29 30 31 32 33 34 35 36 37 38 39 40 41 42 43 44 45 46 47 48 49 50 51
 52 53 54 55 56 57 58 59 60 61 62 63 64 65 66 67 68 69 70 71 72 73 74 75
 76 77 78 79 80]
[2025-03-26 15:22:22,533][func.train][INFO] - [DATASET] split: test video_indices: [43]
[2025-03-26 15:22:22,616][func.train][INFO] - [DATASET] test size: 59051
[2025-03-26 15:22:22,617][func.train][INFO] - [DATASET] test video_indices: [43]
[2025-03-26 15:22:22,617][func.train][INFO] - [DATASET] video_idx: 43
[2025-03-26 15:22:22,633][func.train][INFO] - [DATASET] Sampled video_idx: 43 at 25 fps to 2362 frames
[2025-03-26 15:22:22,634][func.train][INFO] - [DATASET] video 43 phase_labels: torch.Size([2362])
[2025-03-26 15:22:22,921][func.train][INFO] - [DATASET] gt_remaining_time h=30: torch.Size([2362, 8])
[2025-03-26 15:22:22,923][func.train][INFO] - 

[2025-03-26 15:22:22,946][func.train][INFO] - [DATASET] Saved gt_remaining_time for video 43
[2025-03-26 15:22:22,949][func.train][INFO] - [DATASET] Saved video durations
[2025-03-26 15:22:22,950][func.train][INFO] - [DATASET] number of test videos: 1
[2025-03-26 15:22:22,950][func.train][INFO] - [DATASET] avg video length: 39.37 minutes
[2025-03-26 15:22:24,890][func.train][INFO] - [DATASET] df unique videos: [1 2 3 4 5 6 7 8 9 10 11 12 13 14 15 16 17 18 19 20 21 22 23 24 25 26 27
 28 29 30 31 32 33 34 35 36 37 38 39 40 41 42 43 44 45 46 47 48 49 50 51
 52 53 54 55 56 57 58 59 60 61 62 63 64 65 66 67 68 69 70 71 72 73 74 75
 76 77 78 79 80]
[2025-03-26 15:22:24,891][func.train][INFO] - [DATASET] split: test video_indices: [44]
[2025-03-26 15:22:24,987][func.train][INFO] - [DATASET] test size: 78176
[2025-03-26 15:22:24,988][func.train][INFO] - [DATASET] test video_indices: [44]
[2025-03-26 15:22:24,988][func.train][INFO] - [DATASET] video_idx: 44
[2025-03-26 15:22:25,022][func.train][INFO] - [DATASET] Sampled video_idx: 44 at 25 fps to 3127 frames
[2025-03-26 15:22:25,024][func.train][INFO] - [DATASET] video 44 phase_labels: torch.Size([3127])
[2025-03-26 15:22:25,338][func.train][INFO] - [DATASET] gt_remaining_time h=30: torch.Size([3127, 8])
[2025-03-26 15:22:25,341][func.train][INFO] - 

[2025-03-26 15:22:25,369][func.train][INFO] - [DATASET] Saved gt_remaining_time for video 44
[2025-03-26 15:22:25,374][func.train][INFO] - [DATASET] Saved video durations
[2025-03-26 15:22:25,375][func.train][INFO] - [DATASET] number of test videos: 1
[2025-03-26 15:22:25,375][func.train][INFO] - [DATASET] avg video length: 52.12 minutes
[2025-03-26 15:22:27,143][func.train][INFO] - [DATASET] df unique videos: [1 2 3 4 5 6 7 8 9 10 11 12 13 14 15 16 17 18 19 20 21 22 23 24 25 26 27
 28 29 30 31 32 33 34 35 36 37 38 39 40 41 42 43 44 45 46 47 48 49 50 51
 52 53 54 55 56 57 58 59 60 61 62 63 64 65 66 67 68 69 70 71 72 73 74 75
 76 77 78 79 80]
[2025-03-26 15:22:27,144][func.train][INFO] - [DATASET] split: test video_indices: [45]
[2025-03-26 15:22:27,232][func.train][INFO] - [DATASET] test size: 84676
[2025-03-26 15:22:27,233][func.train][INFO] - [DATASET] test video_indices: [45]
[2025-03-26 15:22:27,233][func.train][INFO] - [DATASET] video_idx: 45
[2025-03-26 15:22:27,254][func.train][INFO] - [DATASET] Sampled video_idx: 45 at 25 fps to 3387 frames
[2025-03-26 15:22:27,256][func.train][INFO] - [DATASET] video 45 phase_labels: torch.Size([3387])
[2025-03-26 15:22:27,549][func.train][INFO] - [DATASET] gt_remaining_time h=30: torch.Size([3387, 8])
[2025-03-26 15:22:27,552][func.train][INFO] - 

[2025-03-26 15:22:27,581][func.train][INFO] - [DATASET] Saved gt_remaining_time for video 45
[2025-03-26 15:22:27,585][func.train][INFO] - [DATASET] Saved video durations
[2025-03-26 15:22:27,586][func.train][INFO] - [DATASET] number of test videos: 1
[2025-03-26 15:22:27,586][func.train][INFO] - [DATASET] avg video length: 56.45 minutes
[2025-03-26 15:22:29,551][func.train][INFO] - [DATASET] df unique videos: [1 2 3 4 5 6 7 8 9 10 11 12 13 14 15 16 17 18 19 20 21 22 23 24 25 26 27
 28 29 30 31 32 33 34 35 36 37 38 39 40 41 42 43 44 45 46 47 48 49 50 51
 52 53 54 55 56 57 58 59 60 61 62 63 64 65 66 67 68 69 70 71 72 73 74 75
 76 77 78 79 80]
[2025-03-26 15:22:29,552][func.train][INFO] - [DATASET] split: test video_indices: [46]
[2025-03-26 15:22:29,624][func.train][INFO] - [DATASET] test size: 41326
[2025-03-26 15:22:29,625][func.train][INFO] - [DATASET] test video_indices: [46]
[2025-03-26 15:22:29,625][func.train][INFO] - [DATASET] video_idx: 46
[2025-03-26 15:22:29,642][func.train][INFO] - [DATASET] Sampled video_idx: 46 at 25 fps to 1653 frames
[2025-03-26 15:22:29,643][func.train][INFO] - [DATASET] video 46 phase_labels: torch.Size([1653])
[2025-03-26 15:22:29,858][func.train][INFO] - [DATASET] gt_remaining_time h=30: torch.Size([1653, 8])
[2025-03-26 15:22:29,861][func.train][INFO] - 

[2025-03-26 15:22:29,894][func.train][INFO] - [DATASET] Saved gt_remaining_time for video 46
[2025-03-26 15:22:29,899][func.train][INFO] - [DATASET] Saved video durations
[2025-03-26 15:22:29,900][func.train][INFO] - [DATASET] number of test videos: 1
[2025-03-26 15:22:29,900][func.train][INFO] - [DATASET] avg video length: 27.55 minutes
[2025-03-26 15:22:31,822][func.train][INFO] - [DATASET] df unique videos: [1 2 3 4 5 6 7 8 9 10 11 12 13 14 15 16 17 18 19 20 21 22 23 24 25 26 27
 28 29 30 31 32 33 34 35 36 37 38 39 40 41 42 43 44 45 46 47 48 49 50 51
 52 53 54 55 56 57 58 59 60 61 62 63 64 65 66 67 68 69 70 71 72 73 74 75
 76 77 78 79 80]
[2025-03-26 15:22:31,822][func.train][INFO] - [DATASET] split: test video_indices: [47]
[2025-03-26 15:22:31,906][func.train][INFO] - [DATASET] test size: 56476
[2025-03-26 15:22:31,906][func.train][INFO] - [DATASET] test video_indices: [47]
[2025-03-26 15:22:31,906][func.train][INFO] - [DATASET] video_idx: 47
[2025-03-26 15:22:31,923][func.train][INFO] - [DATASET] Sampled video_idx: 47 at 25 fps to 2259 frames
[2025-03-26 15:22:31,924][func.train][INFO] - [DATASET] video 47 phase_labels: torch.Size([2259])
[2025-03-26 15:22:32,180][func.train][INFO] - [DATASET] gt_remaining_time h=30: torch.Size([2259, 8])
[2025-03-26 15:22:32,183][func.train][INFO] - 

[2025-03-26 15:22:32,208][func.train][INFO] - [DATASET] Saved gt_remaining_time for video 47
[2025-03-26 15:22:32,223][func.train][INFO] - [DATASET] Saved video durations
[2025-03-26 15:22:32,224][func.train][INFO] - [DATASET] number of test videos: 1
[2025-03-26 15:22:32,224][func.train][INFO] - [DATASET] avg video length: 37.65 minutes
[2025-03-26 15:22:34,049][func.train][INFO] - [DATASET] df unique videos: [1 2 3 4 5 6 7 8 9 10 11 12 13 14 15 16 17 18 19 20 21 22 23 24 25 26 27
 28 29 30 31 32 33 34 35 36 37 38 39 40 41 42 43 44 45 46 47 48 49 50 51
 52 53 54 55 56 57 58 59 60 61 62 63 64 65 66 67 68 69 70 71 72 73 74 75
 76 77 78 79 80]
[2025-03-26 15:22:34,050][func.train][INFO] - [DATASET] split: test video_indices: [48]
[2025-03-26 15:22:34,124][func.train][INFO] - [DATASET] test size: 45851
[2025-03-26 15:22:34,125][func.train][INFO] - [DATASET] test video_indices: [48]
[2025-03-26 15:22:34,125][func.train][INFO] - [DATASET] video_idx: 48
[2025-03-26 15:22:34,142][func.train][INFO] - [DATASET] Sampled video_idx: 48 at 25 fps to 1834 frames
[2025-03-26 15:22:34,144][func.train][INFO] - [DATASET] video 48 phase_labels: torch.Size([1834])
[2025-03-26 15:22:34,414][func.train][INFO] - [DATASET] gt_remaining_time h=30: torch.Size([1834, 8])
[2025-03-26 15:22:34,416][func.train][INFO] - 

[2025-03-26 15:22:34,435][func.train][INFO] - [DATASET] Saved gt_remaining_time for video 48
[2025-03-26 15:22:34,951][func.train][INFO] - [DATASET] Saved video durations
[2025-03-26 15:22:34,952][func.train][INFO] - [DATASET] number of test videos: 1
[2025-03-26 15:22:34,952][func.train][INFO] - [DATASET] avg video length: 30.57 minutes
[2025-03-26 15:22:36,941][func.train][INFO] - [DATASET] df unique videos: [1 2 3 4 5 6 7 8 9 10 11 12 13 14 15 16 17 18 19 20 21 22 23 24 25 26 27
 28 29 30 31 32 33 34 35 36 37 38 39 40 41 42 43 44 45 46 47 48 49 50 51
 52 53 54 55 56 57 58 59 60 61 62 63 64 65 66 67 68 69 70 71 72 73 74 75
 76 77 78 79 80]
[2025-03-26 15:22:36,942][func.train][INFO] - [DATASET] split: test video_indices: [49]
[2025-03-26 15:22:37,018][func.train][INFO] - [DATASET] test size: 41776
[2025-03-26 15:22:37,019][func.train][INFO] - [DATASET] test video_indices: [49]
[2025-03-26 15:22:37,019][func.train][INFO] - [DATASET] video_idx: 49
[2025-03-26 15:22:37,036][func.train][INFO] - [DATASET] Sampled video_idx: 49 at 25 fps to 1671 frames
[2025-03-26 15:22:37,037][func.train][INFO] - [DATASET] video 49 phase_labels: torch.Size([1671])
[2025-03-26 15:22:37,237][func.train][INFO] - [DATASET] gt_remaining_time h=30: torch.Size([1671, 8])
[2025-03-26 15:22:37,239][func.train][INFO] - 

[2025-03-26 15:22:37,256][func.train][INFO] - [DATASET] Saved gt_remaining_time for video 49
[2025-03-26 15:22:37,259][func.train][INFO] - [DATASET] Saved video durations
[2025-03-26 15:22:37,259][func.train][INFO] - [DATASET] number of test videos: 1
[2025-03-26 15:22:37,259][func.train][INFO] - [DATASET] avg video length: 27.85 minutes
[2025-03-26 15:22:39,150][func.train][INFO] - [DATASET] df unique videos: [1 2 3 4 5 6 7 8 9 10 11 12 13 14 15 16 17 18 19 20 21 22 23 24 25 26 27
 28 29 30 31 32 33 34 35 36 37 38 39 40 41 42 43 44 45 46 47 48 49 50 51
 52 53 54 55 56 57 58 59 60 61 62 63 64 65 66 67 68 69 70 71 72 73 74 75
 76 77 78 79 80]
[2025-03-26 15:22:39,150][func.train][INFO] - [DATASET] split: test video_indices: [50]
[2025-03-26 15:22:39,236][func.train][INFO] - [DATASET] test size: 27351
[2025-03-26 15:22:39,237][func.train][INFO] - [DATASET] test video_indices: [50]
[2025-03-26 15:22:39,237][func.train][INFO] - [DATASET] video_idx: 50
[2025-03-26 15:22:39,245][func.train][INFO] - [DATASET] Sampled video_idx: 50 at 25 fps to 1094 frames
[2025-03-26 15:22:39,246][func.train][INFO] - [DATASET] video 50 phase_labels: torch.Size([1094])
[2025-03-26 15:22:39,382][func.train][INFO] - [DATASET] gt_remaining_time h=30: torch.Size([1094, 8])
[2025-03-26 15:22:39,384][func.train][INFO] - 

[2025-03-26 15:22:39,396][func.train][INFO] - [DATASET] Saved gt_remaining_time for video 50
[2025-03-26 15:22:39,399][func.train][INFO] - [DATASET] Saved video durations
[2025-03-26 15:22:39,399][func.train][INFO] - [DATASET] number of test videos: 1
[2025-03-26 15:22:39,400][func.train][INFO] - [DATASET] avg video length: 18.23 minutes
[2025-03-26 15:22:41,331][func.train][INFO] - [DATASET] df unique videos: [1 2 3 4 5 6 7 8 9 10 11 12 13 14 15 16 17 18 19 20 21 22 23 24 25 26 27
 28 29 30 31 32 33 34 35 36 37 38 39 40 41 42 43 44 45 46 47 48 49 50 51
 52 53 54 55 56 57 58 59 60 61 62 63 64 65 66 67 68 69 70 71 72 73 74 75
 76 77 78 79 80]
[2025-03-26 15:22:41,332][func.train][INFO] - [DATASET] split: test video_indices: [51]
[2025-03-26 15:22:41,424][func.train][INFO] - [DATASET] test size: 73601
[2025-03-26 15:22:41,424][func.train][INFO] - [DATASET] test video_indices: [51]
[2025-03-26 15:22:41,425][func.train][INFO] - [DATASET] video_idx: 51
[2025-03-26 15:22:41,447][func.train][INFO] - [DATASET] Sampled video_idx: 51 at 25 fps to 2944 frames
[2025-03-26 15:22:41,449][func.train][INFO] - [DATASET] video 51 phase_labels: torch.Size([2944])
[2025-03-26 15:22:41,774][func.train][INFO] - [DATASET] gt_remaining_time h=30: torch.Size([2944, 8])
[2025-03-26 15:22:41,777][func.train][INFO] - 

[2025-03-26 15:22:41,811][func.train][INFO] - [DATASET] Saved gt_remaining_time for video 51
[2025-03-26 15:22:41,815][func.train][INFO] - [DATASET] Saved video durations
[2025-03-26 15:22:41,816][func.train][INFO] - [DATASET] number of test videos: 1
[2025-03-26 15:22:41,816][func.train][INFO] - [DATASET] avg video length: 49.07 minutes
[2025-03-26 15:22:43,682][func.train][INFO] - [DATASET] df unique videos: [1 2 3 4 5 6 7 8 9 10 11 12 13 14 15 16 17 18 19 20 21 22 23 24 25 26 27
 28 29 30 31 32 33 34 35 36 37 38 39 40 41 42 43 44 45 46 47 48 49 50 51
 52 53 54 55 56 57 58 59 60 61 62 63 64 65 66 67 68 69 70 71 72 73 74 75
 76 77 78 79 80]
[2025-03-26 15:22:43,683][func.train][INFO] - [DATASET] split: test video_indices: [52]
[2025-03-26 15:22:43,760][func.train][INFO] - [DATASET] test size: 49151
[2025-03-26 15:22:43,761][func.train][INFO] - [DATASET] test video_indices: [52]
[2025-03-26 15:22:43,761][func.train][INFO] - [DATASET] video_idx: 52
[2025-03-26 15:22:43,774][func.train][INFO] - [DATASET] Sampled video_idx: 52 at 25 fps to 1966 frames
[2025-03-26 15:22:43,775][func.train][INFO] - [DATASET] video 52 phase_labels: torch.Size([1966])
[2025-03-26 15:22:43,999][func.train][INFO] - [DATASET] gt_remaining_time h=30: torch.Size([1966, 8])
[2025-03-26 15:22:44,001][func.train][INFO] - 

[2025-03-26 15:22:44,020][func.train][INFO] - [DATASET] Saved gt_remaining_time for video 52
[2025-03-26 15:22:44,025][func.train][INFO] - [DATASET] Saved video durations
[2025-03-26 15:22:44,027][func.train][INFO] - [DATASET] number of test videos: 1
[2025-03-26 15:22:44,027][func.train][INFO] - [DATASET] avg video length: 32.77 minutes
[2025-03-26 15:22:45,928][func.train][INFO] - [DATASET] df unique videos: [1 2 3 4 5 6 7 8 9 10 11 12 13 14 15 16 17 18 19 20 21 22 23 24 25 26 27
 28 29 30 31 32 33 34 35 36 37 38 39 40 41 42 43 44 45 46 47 48 49 50 51
 52 53 54 55 56 57 58 59 60 61 62 63 64 65 66 67 68 69 70 71 72 73 74 75
 76 77 78 79 80]
[2025-03-26 15:22:45,929][func.train][INFO] - [DATASET] split: test video_indices: [53]
[2025-03-26 15:22:46,027][func.train][INFO] - [DATASET] test size: 82076
[2025-03-26 15:22:46,027][func.train][INFO] - [DATASET] test video_indices: [53]
[2025-03-26 15:22:46,027][func.train][INFO] - [DATASET] video_idx: 53
[2025-03-26 15:22:46,057][func.train][INFO] - [DATASET] Sampled video_idx: 53 at 25 fps to 3283 frames
[2025-03-26 15:22:46,059][func.train][INFO] - [DATASET] video 53 phase_labels: torch.Size([3283])
[2025-03-26 15:22:46,363][func.train][INFO] - [DATASET] gt_remaining_time h=30: torch.Size([3283, 8])
[2025-03-26 15:22:46,366][func.train][INFO] - 

[2025-03-26 15:22:46,398][func.train][INFO] - [DATASET] Saved gt_remaining_time for video 53
[2025-03-26 15:22:46,413][func.train][INFO] - [DATASET] Saved video durations
[2025-03-26 15:22:46,415][func.train][INFO] - [DATASET] number of test videos: 1
[2025-03-26 15:22:46,415][func.train][INFO] - [DATASET] avg video length: 54.72 minutes
[2025-03-26 15:22:48,484][func.train][INFO] - [DATASET] df unique videos: [1 2 3 4 5 6 7 8 9 10 11 12 13 14 15 16 17 18 19 20 21 22 23 24 25 26 27
 28 29 30 31 32 33 34 35 36 37 38 39 40 41 42 43 44 45 46 47 48 49 50 51
 52 53 54 55 56 57 58 59 60 61 62 63 64 65 66 67 68 69 70 71 72 73 74 75
 76 77 78 79 80]
[2025-03-26 15:22:48,484][func.train][INFO] - [DATASET] split: test video_indices: [54]
[2025-03-26 15:22:48,575][func.train][INFO] - [DATASET] test size: 77501
[2025-03-26 15:22:48,576][func.train][INFO] - [DATASET] test video_indices: [54]
[2025-03-26 15:22:48,576][func.train][INFO] - [DATASET] video_idx: 54
[2025-03-26 15:22:48,595][func.train][INFO] - [DATASET] Sampled video_idx: 54 at 25 fps to 3100 frames
[2025-03-26 15:22:48,597][func.train][INFO] - [DATASET] video 54 phase_labels: torch.Size([3100])
[2025-03-26 15:22:48,907][func.train][INFO] - [DATASET] gt_remaining_time h=30: torch.Size([3100, 8])
[2025-03-26 15:22:48,911][func.train][INFO] - 

[2025-03-26 15:22:48,960][func.train][INFO] - [DATASET] Saved gt_remaining_time for video 54
[2025-03-26 15:22:48,969][func.train][INFO] - [DATASET] Saved video durations
[2025-03-26 15:22:48,970][func.train][INFO] - [DATASET] number of test videos: 1
[2025-03-26 15:22:48,970][func.train][INFO] - [DATASET] avg video length: 51.67 minutes
[2025-03-26 15:22:50,968][func.train][INFO] - [DATASET] df unique videos: [1 2 3 4 5 6 7 8 9 10 11 12 13 14 15 16 17 18 19 20 21 22 23 24 25 26 27
 28 29 30 31 32 33 34 35 36 37 38 39 40 41 42 43 44 45 46 47 48 49 50 51
 52 53 54 55 56 57 58 59 60 61 62 63 64 65 66 67 68 69 70 71 72 73 74 75
 76 77 78 79 80]
[2025-03-26 15:22:50,969][func.train][INFO] - [DATASET] split: test video_indices: [55]
[2025-03-26 15:22:51,046][func.train][INFO] - [DATASET] test size: 25926
[2025-03-26 15:22:51,047][func.train][INFO] - [DATASET] test video_indices: [55]
[2025-03-26 15:22:51,047][func.train][INFO] - [DATASET] video_idx: 55
[2025-03-26 15:22:51,060][func.train][INFO] - [DATASET] Sampled video_idx: 55 at 25 fps to 1037 frames
[2025-03-26 15:22:51,061][func.train][INFO] - [DATASET] video 55 phase_labels: torch.Size([1037])
[2025-03-26 15:22:51,198][func.train][INFO] - [DATASET] gt_remaining_time h=30: torch.Size([1037, 8])
[2025-03-26 15:22:51,200][func.train][INFO] - 

[2025-03-26 15:22:51,219][func.train][INFO] - [DATASET] Saved gt_remaining_time for video 55
[2025-03-26 15:22:51,224][func.train][INFO] - [DATASET] Saved video durations
[2025-03-26 15:22:51,226][func.train][INFO] - [DATASET] number of test videos: 1
[2025-03-26 15:22:51,226][func.train][INFO] - [DATASET] avg video length: 17.28 minutes
[2025-03-26 15:22:53,219][func.train][INFO] - [DATASET] df unique videos: [1 2 3 4 5 6 7 8 9 10 11 12 13 14 15 16 17 18 19 20 21 22 23 24 25 26 27
 28 29 30 31 32 33 34 35 36 37 38 39 40 41 42 43 44 45 46 47 48 49 50 51
 52 53 54 55 56 57 58 59 60 61 62 63 64 65 66 67 68 69 70 71 72 73 74 75
 76 77 78 79 80]
[2025-03-26 15:22:53,220][func.train][INFO] - [DATASET] split: test video_indices: [56]
[2025-03-26 15:22:53,292][func.train][INFO] - [DATASET] test size: 45851
[2025-03-26 15:22:53,292][func.train][INFO] - [DATASET] test video_indices: [56]
[2025-03-26 15:22:53,292][func.train][INFO] - [DATASET] video_idx: 56
[2025-03-26 15:22:53,309][func.train][INFO] - [DATASET] Sampled video_idx: 56 at 25 fps to 1834 frames
[2025-03-26 15:22:53,311][func.train][INFO] - [DATASET] video 56 phase_labels: torch.Size([1834])
[2025-03-26 15:22:53,566][func.train][INFO] - [DATASET] gt_remaining_time h=30: torch.Size([1834, 8])
[2025-03-26 15:22:53,569][func.train][INFO] - 

[2025-03-26 15:22:53,593][func.train][INFO] - [DATASET] Saved gt_remaining_time for video 56
[2025-03-26 15:22:53,604][func.train][INFO] - [DATASET] Saved video durations
[2025-03-26 15:22:53,606][func.train][INFO] - [DATASET] number of test videos: 1
[2025-03-26 15:22:53,606][func.train][INFO] - [DATASET] avg video length: 30.57 minutes
[2025-03-26 15:22:55,619][func.train][INFO] - [DATASET] df unique videos: [1 2 3 4 5 6 7 8 9 10 11 12 13 14 15 16 17 18 19 20 21 22 23 24 25 26 27
 28 29 30 31 32 33 34 35 36 37 38 39 40 41 42 43 44 45 46 47 48 49 50 51
 52 53 54 55 56 57 58 59 60 61 62 63 64 65 66 67 68 69 70 71 72 73 74 75
 76 77 78 79 80]
[2025-03-26 15:22:55,619][func.train][INFO] - [DATASET] split: test video_indices: [57]
[2025-03-26 15:22:55,699][func.train][INFO] - [DATASET] test size: 65801
[2025-03-26 15:22:55,700][func.train][INFO] - [DATASET] test video_indices: [57]
[2025-03-26 15:22:55,700][func.train][INFO] - [DATASET] video_idx: 57
[2025-03-26 15:22:55,714][func.train][INFO] - [DATASET] Sampled video_idx: 57 at 25 fps to 2632 frames
[2025-03-26 15:22:55,716][func.train][INFO] - [DATASET] video 57 phase_labels: torch.Size([2632])
[2025-03-26 15:22:56,010][func.train][INFO] - [DATASET] gt_remaining_time h=30: torch.Size([2632, 8])
[2025-03-26 15:22:56,015][func.train][INFO] - 

[2025-03-26 15:22:56,041][func.train][INFO] - [DATASET] Saved gt_remaining_time for video 57
[2025-03-26 15:22:56,135][func.train][INFO] - [DATASET] Saved video durations
[2025-03-26 15:22:56,136][func.train][INFO] - [DATASET] number of test videos: 1
[2025-03-26 15:22:56,137][func.train][INFO] - [DATASET] avg video length: 43.87 minutes
[2025-03-26 15:22:58,205][func.train][INFO] - [DATASET] df unique videos: [1 2 3 4 5 6 7 8 9 10 11 12 13 14 15 16 17 18 19 20 21 22 23 24 25 26 27
 28 29 30 31 32 33 34 35 36 37 38 39 40 41 42 43 44 45 46 47 48 49 50 51
 52 53 54 55 56 57 58 59 60 61 62 63 64 65 66 67 68 69 70 71 72 73 74 75
 76 77 78 79 80]
[2025-03-26 15:22:58,206][func.train][INFO] - [DATASET] split: test video_indices: [58]
[2025-03-26 15:22:58,337][func.train][INFO] - [DATASET] test size: 149826
[2025-03-26 15:22:58,338][func.train][INFO] - [DATASET] test video_indices: [58]
[2025-03-26 15:22:58,338][func.train][INFO] - [DATASET] video_idx: 58
[2025-03-26 15:22:58,391][func.train][INFO] - [DATASET] Sampled video_idx: 58 at 25 fps to 5993 frames
[2025-03-26 15:22:58,393][func.train][INFO] - [DATASET] video 58 phase_labels: torch.Size([5993])
[2025-03-26 15:22:58,839][func.train][INFO] - [DATASET] gt_remaining_time h=30: torch.Size([5993, 8])
[2025-03-26 15:22:58,842][func.train][INFO] - 

[2025-03-26 15:22:58,891][func.train][INFO] - [DATASET] Saved gt_remaining_time for video 58
[2025-03-26 15:22:58,896][func.train][INFO] - [DATASET] Saved video durations
[2025-03-26 15:22:58,897][func.train][INFO] - [DATASET] number of test videos: 1
[2025-03-26 15:22:58,897][func.train][INFO] - [DATASET] avg video length: 99.88 minutes
[2025-03-26 15:23:00,888][func.train][INFO] - [DATASET] df unique videos: [1 2 3 4 5 6 7 8 9 10 11 12 13 14 15 16 17 18 19 20 21 22 23 24 25 26 27
 28 29 30 31 32 33 34 35 36 37 38 39 40 41 42 43 44 45 46 47 48 49 50 51
 52 53 54 55 56 57 58 59 60 61 62 63 64 65 66 67 68 69 70 71 72 73 74 75
 76 77 78 79 80]
[2025-03-26 15:23:00,889][func.train][INFO] - [DATASET] split: test video_indices: [59]
[2025-03-26 15:23:00,958][func.train][INFO] - [DATASET] test size: 26151
[2025-03-26 15:23:00,959][func.train][INFO] - [DATASET] test video_indices: [59]
[2025-03-26 15:23:00,959][func.train][INFO] - [DATASET] video_idx: 59
[2025-03-26 15:23:00,969][func.train][INFO] - [DATASET] Sampled video_idx: 59 at 25 fps to 1046 frames
[2025-03-26 15:23:00,970][func.train][INFO] - [DATASET] video 59 phase_labels: torch.Size([1046])
[2025-03-26 15:23:01,112][func.train][INFO] - [DATASET] gt_remaining_time h=30: torch.Size([1046, 8])
[2025-03-26 15:23:01,114][func.train][INFO] - 

[2025-03-26 15:23:01,127][func.train][INFO] - [DATASET] Saved gt_remaining_time for video 59
[2025-03-26 15:23:01,134][func.train][INFO] - [DATASET] Saved video durations
[2025-03-26 15:23:01,135][func.train][INFO] - [DATASET] number of test videos: 1
[2025-03-26 15:23:01,135][func.train][INFO] - [DATASET] avg video length: 17.43 minutes
[2025-03-26 15:23:03,090][func.train][INFO] - [DATASET] df unique videos: [1 2 3 4 5 6 7 8 9 10 11 12 13 14 15 16 17 18 19 20 21 22 23 24 25 26 27
 28 29 30 31 32 33 34 35 36 37 38 39 40 41 42 43 44 45 46 47 48 49 50 51
 52 53 54 55 56 57 58 59 60 61 62 63 64 65 66 67 68 69 70 71 72 73 74 75
 76 77 78 79 80]
[2025-03-26 15:23:03,090][func.train][INFO] - [DATASET] split: test video_indices: [60]
[2025-03-26 15:23:03,172][func.train][INFO] - [DATASET] test size: 63301
[2025-03-26 15:23:03,173][func.train][INFO] - [DATASET] test video_indices: [60]
[2025-03-26 15:23:03,173][func.train][INFO] - [DATASET] video_idx: 60
[2025-03-26 15:23:03,193][func.train][INFO] - [DATASET] Sampled video_idx: 60 at 25 fps to 2532 frames
[2025-03-26 15:23:03,194][func.train][INFO] - [DATASET] video 60 phase_labels: torch.Size([2532])
[2025-03-26 15:23:03,533][func.train][INFO] - [DATASET] gt_remaining_time h=30: torch.Size([2532, 8])
[2025-03-26 15:23:03,535][func.train][INFO] - 

[2025-03-26 15:23:03,567][func.train][INFO] - [DATASET] Saved gt_remaining_time for video 60
[2025-03-26 15:23:03,572][func.train][INFO] - [DATASET] Saved video durations
[2025-03-26 15:23:03,572][func.train][INFO] - [DATASET] number of test videos: 1
[2025-03-26 15:23:03,573][func.train][INFO] - [DATASET] avg video length: 42.20 minutes
[2025-03-26 15:23:05,482][func.train][INFO] - [DATASET] df unique videos: [1 2 3 4 5 6 7 8 9 10 11 12 13 14 15 16 17 18 19 20 21 22 23 24 25 26 27
 28 29 30 31 32 33 34 35 36 37 38 39 40 41 42 43 44 45 46 47 48 49 50 51
 52 53 54 55 56 57 58 59 60 61 62 63 64 65 66 67 68 69 70 71 72 73 74 75
 76 77 78 79 80]
[2025-03-26 15:23:05,483][func.train][INFO] - [DATASET] split: test video_indices: [61]
[2025-03-26 15:23:05,601][func.train][INFO] - [DATASET] test size: 110226
[2025-03-26 15:23:05,601][func.train][INFO] - [DATASET] test video_indices: [61]
[2025-03-26 15:23:05,601][func.train][INFO] - [DATASET] video_idx: 61
[2025-03-26 15:23:05,650][func.train][INFO] - [DATASET] Sampled video_idx: 61 at 25 fps to 4409 frames
[2025-03-26 15:23:05,652][func.train][INFO] - [DATASET] video 61 phase_labels: torch.Size([4409])
[2025-03-26 15:23:06,075][func.train][INFO] - [DATASET] gt_remaining_time h=30: torch.Size([4409, 8])
[2025-03-26 15:23:06,078][func.train][INFO] - 

[2025-03-26 15:23:06,126][func.train][INFO] - [DATASET] Saved gt_remaining_time for video 61
[2025-03-26 15:23:06,133][func.train][INFO] - [DATASET] Saved video durations
[2025-03-26 15:23:06,135][func.train][INFO] - [DATASET] number of test videos: 1
[2025-03-26 15:23:06,135][func.train][INFO] - [DATASET] avg video length: 73.48 minutes
[2025-03-26 15:23:08,079][func.train][INFO] - [DATASET] df unique videos: [1 2 3 4 5 6 7 8 9 10 11 12 13 14 15 16 17 18 19 20 21 22 23 24 25 26 27
 28 29 30 31 32 33 34 35 36 37 38 39 40 41 42 43 44 45 46 47 48 49 50 51
 52 53 54 55 56 57 58 59 60 61 62 63 64 65 66 67 68 69 70 71 72 73 74 75
 76 77 78 79 80]
[2025-03-26 15:23:08,080][func.train][INFO] - [DATASET] split: test video_indices: [62]
[2025-03-26 15:23:08,149][func.train][INFO] - [DATASET] test size: 50801
[2025-03-26 15:23:08,150][func.train][INFO] - [DATASET] test video_indices: [62]
[2025-03-26 15:23:08,150][func.train][INFO] - [DATASET] video_idx: 62
[2025-03-26 15:23:08,165][func.train][INFO] - [DATASET] Sampled video_idx: 62 at 25 fps to 2032 frames
[2025-03-26 15:23:08,167][func.train][INFO] - [DATASET] video 62 phase_labels: torch.Size([2032])
[2025-03-26 15:23:08,433][func.train][INFO] - [DATASET] gt_remaining_time h=30: torch.Size([2032, 8])
[2025-03-26 15:23:08,435][func.train][INFO] - 

[2025-03-26 15:23:08,455][func.train][INFO] - [DATASET] Saved gt_remaining_time for video 62
[2025-03-26 15:23:08,458][func.train][INFO] - [DATASET] Saved video durations
[2025-03-26 15:23:08,459][func.train][INFO] - [DATASET] number of test videos: 1
[2025-03-26 15:23:08,459][func.train][INFO] - [DATASET] avg video length: 33.87 minutes
[2025-03-26 15:23:10,411][func.train][INFO] - [DATASET] df unique videos: [1 2 3 4 5 6 7 8 9 10 11 12 13 14 15 16 17 18 19 20 21 22 23 24 25 26 27
 28 29 30 31 32 33 34 35 36 37 38 39 40 41 42 43 44 45 46 47 48 49 50 51
 52 53 54 55 56 57 58 59 60 61 62 63 64 65 66 67 68 69 70 71 72 73 74 75
 76 77 78 79 80]
[2025-03-26 15:23:10,412][func.train][INFO] - [DATASET] split: test video_indices: [63]
[2025-03-26 15:23:10,516][func.train][INFO] - [DATASET] test size: 85826
[2025-03-26 15:23:10,516][func.train][INFO] - [DATASET] test video_indices: [63]
[2025-03-26 15:23:10,516][func.train][INFO] - [DATASET] video_idx: 63
[2025-03-26 15:23:10,552][func.train][INFO] - [DATASET] Sampled video_idx: 63 at 25 fps to 3433 frames
[2025-03-26 15:23:10,554][func.train][INFO] - [DATASET] video 63 phase_labels: torch.Size([3433])
[2025-03-26 15:23:10,864][func.train][INFO] - [DATASET] gt_remaining_time h=30: torch.Size([3433, 8])
[2025-03-26 15:23:10,868][func.train][INFO] - 

[2025-03-26 15:23:10,901][func.train][INFO] - [DATASET] Saved gt_remaining_time for video 63
[2025-03-26 15:23:10,907][func.train][INFO] - [DATASET] Saved video durations
[2025-03-26 15:23:10,908][func.train][INFO] - [DATASET] number of test videos: 1
[2025-03-26 15:23:10,908][func.train][INFO] - [DATASET] avg video length: 57.22 minutes
[2025-03-26 15:23:12,966][func.train][INFO] - [DATASET] df unique videos: [1 2 3 4 5 6 7 8 9 10 11 12 13 14 15 16 17 18 19 20 21 22 23 24 25 26 27
 28 29 30 31 32 33 34 35 36 37 38 39 40 41 42 43 44 45 46 47 48 49 50 51
 52 53 54 55 56 57 58 59 60 61 62 63 64 65 66 67 68 69 70 71 72 73 74 75
 76 77 78 79 80]
[2025-03-26 15:23:12,966][func.train][INFO] - [DATASET] split: test video_indices: [64]
[2025-03-26 15:23:13,045][func.train][INFO] - [DATASET] test size: 59951
[2025-03-26 15:23:13,045][func.train][INFO] - [DATASET] test video_indices: [64]
[2025-03-26 15:23:13,045][func.train][INFO] - [DATASET] video_idx: 64
[2025-03-26 15:23:13,064][func.train][INFO] - [DATASET] Sampled video_idx: 64 at 25 fps to 2398 frames
[2025-03-26 15:23:13,065][func.train][INFO] - [DATASET] video 64 phase_labels: torch.Size([2398])
[2025-03-26 15:23:13,360][func.train][INFO] - [DATASET] gt_remaining_time h=30: torch.Size([2398, 8])
[2025-03-26 15:23:13,364][func.train][INFO] - 

[2025-03-26 15:23:13,395][func.train][INFO] - [DATASET] Saved gt_remaining_time for video 64
[2025-03-26 15:23:13,404][func.train][INFO] - [DATASET] Saved video durations
[2025-03-26 15:23:13,405][func.train][INFO] - [DATASET] number of test videos: 1
[2025-03-26 15:23:13,405][func.train][INFO] - [DATASET] avg video length: 39.97 minutes
[2025-03-26 15:23:15,433][func.train][INFO] - [DATASET] df unique videos: [1 2 3 4 5 6 7 8 9 10 11 12 13 14 15 16 17 18 19 20 21 22 23 24 25 26 27
 28 29 30 31 32 33 34 35 36 37 38 39 40 41 42 43 44 45 46 47 48 49 50 51
 52 53 54 55 56 57 58 59 60 61 62 63 64 65 66 67 68 69 70 71 72 73 74 75
 76 77 78 79 80]
[2025-03-26 15:23:15,433][func.train][INFO] - [DATASET] split: test video_indices: [65]
[2025-03-26 15:23:15,508][func.train][INFO] - [DATASET] test size: 46826
[2025-03-26 15:23:15,508][func.train][INFO] - [DATASET] test video_indices: [65]
[2025-03-26 15:23:15,508][func.train][INFO] - [DATASET] video_idx: 65
[2025-03-26 15:23:15,524][func.train][INFO] - [DATASET] Sampled video_idx: 65 at 25 fps to 1873 frames
[2025-03-26 15:23:15,525][func.train][INFO] - [DATASET] video 65 phase_labels: torch.Size([1873])
[2025-03-26 15:23:15,757][func.train][INFO] - [DATASET] gt_remaining_time h=30: torch.Size([1873, 8])
[2025-03-26 15:23:15,760][func.train][INFO] - 

[2025-03-26 15:23:15,779][func.train][INFO] - [DATASET] Saved gt_remaining_time for video 65
[2025-03-26 15:23:15,781][func.train][INFO] - [DATASET] Saved video durations
[2025-03-26 15:23:15,782][func.train][INFO] - [DATASET] number of test videos: 1
[2025-03-26 15:23:15,782][func.train][INFO] - [DATASET] avg video length: 31.22 minutes
[2025-03-26 15:23:17,906][func.train][INFO] - [DATASET] df unique videos: [1 2 3 4 5 6 7 8 9 10 11 12 13 14 15 16 17 18 19 20 21 22 23 24 25 26 27
 28 29 30 31 32 33 34 35 36 37 38 39 40 41 42 43 44 45 46 47 48 49 50 51
 52 53 54 55 56 57 58 59 60 61 62 63 64 65 66 67 68 69 70 71 72 73 74 75
 76 77 78 79 80]
[2025-03-26 15:23:17,907][func.train][INFO] - [DATASET] split: test video_indices: [66]
[2025-03-26 15:23:18,009][func.train][INFO] - [DATASET] test size: 45601
[2025-03-26 15:23:18,010][func.train][INFO] - [DATASET] test video_indices: [66]
[2025-03-26 15:23:18,010][func.train][INFO] - [DATASET] video_idx: 66
[2025-03-26 15:23:18,032][func.train][INFO] - [DATASET] Sampled video_idx: 66 at 25 fps to 1824 frames
[2025-03-26 15:23:18,034][func.train][INFO] - [DATASET] video 66 phase_labels: torch.Size([1824])
[2025-03-26 15:23:18,336][func.train][INFO] - [DATASET] gt_remaining_time h=30: torch.Size([1824, 8])
[2025-03-26 15:23:18,341][func.train][INFO] - 

[2025-03-26 15:23:18,370][func.train][INFO] - [DATASET] Saved gt_remaining_time for video 66
[2025-03-26 15:23:18,374][func.train][INFO] - [DATASET] Saved video durations
[2025-03-26 15:23:18,375][func.train][INFO] - [DATASET] number of test videos: 1
[2025-03-26 15:23:18,375][func.train][INFO] - [DATASET] avg video length: 30.40 minutes
[2025-03-26 15:23:20,310][func.train][INFO] - [DATASET] df unique videos: [1 2 3 4 5 6 7 8 9 10 11 12 13 14 15 16 17 18 19 20 21 22 23 24 25 26 27
 28 29 30 31 32 33 34 35 36 37 38 39 40 41 42 43 44 45 46 47 48 49 50 51
 52 53 54 55 56 57 58 59 60 61 62 63 64 65 66 67 68 69 70 71 72 73 74 75
 76 77 78 79 80]
[2025-03-26 15:23:20,310][func.train][INFO] - [DATASET] split: test video_indices: [67]
[2025-03-26 15:23:20,387][func.train][INFO] - [DATASET] test size: 58826
[2025-03-26 15:23:20,387][func.train][INFO] - [DATASET] test video_indices: [67]
[2025-03-26 15:23:20,387][func.train][INFO] - [DATASET] video_idx: 67
[2025-03-26 15:23:20,404][func.train][INFO] - [DATASET] Sampled video_idx: 67 at 25 fps to 2353 frames
[2025-03-26 15:23:20,405][func.train][INFO] - [DATASET] video 67 phase_labels: torch.Size([2353])
[2025-03-26 15:23:20,675][func.train][INFO] - [DATASET] gt_remaining_time h=30: torch.Size([2353, 8])
[2025-03-26 15:23:20,678][func.train][INFO] - 

[2025-03-26 15:23:20,700][func.train][INFO] - [DATASET] Saved gt_remaining_time for video 67
[2025-03-26 15:23:20,702][func.train][INFO] - [DATASET] Saved video durations
[2025-03-26 15:23:20,704][func.train][INFO] - [DATASET] number of test videos: 1
[2025-03-26 15:23:20,704][func.train][INFO] - [DATASET] avg video length: 39.22 minutes
[2025-03-26 15:23:22,680][func.train][INFO] - [DATASET] df unique videos: [1 2 3 4 5 6 7 8 9 10 11 12 13 14 15 16 17 18 19 20 21 22 23 24 25 26 27
 28 29 30 31 32 33 34 35 36 37 38 39 40 41 42 43 44 45 46 47 48 49 50 51
 52 53 54 55 56 57 58 59 60 61 62 63 64 65 66 67 68 69 70 71 72 73 74 75
 76 77 78 79 80]
[2025-03-26 15:23:22,681][func.train][INFO] - [DATASET] split: test video_indices: [68]
[2025-03-26 15:23:22,754][func.train][INFO] - [DATASET] test size: 49301
[2025-03-26 15:23:22,755][func.train][INFO] - [DATASET] test video_indices: [68]
[2025-03-26 15:23:22,755][func.train][INFO] - [DATASET] video_idx: 68
[2025-03-26 15:23:22,769][func.train][INFO] - [DATASET] Sampled video_idx: 68 at 25 fps to 1972 frames
[2025-03-26 15:23:22,771][func.train][INFO] - [DATASET] video 68 phase_labels: torch.Size([1972])
[2025-03-26 15:23:23,031][func.train][INFO] - [DATASET] gt_remaining_time h=30: torch.Size([1972, 8])
[2025-03-26 15:23:23,034][func.train][INFO] - 

[2025-03-26 15:23:23,059][func.train][INFO] - [DATASET] Saved gt_remaining_time for video 68
[2025-03-26 15:23:23,075][func.train][INFO] - [DATASET] Saved video durations
[2025-03-26 15:23:23,076][func.train][INFO] - [DATASET] number of test videos: 1
[2025-03-26 15:23:23,076][func.train][INFO] - [DATASET] avg video length: 32.87 minutes
[2025-03-26 15:23:24,986][func.train][INFO] - [DATASET] df unique videos: [1 2 3 4 5 6 7 8 9 10 11 12 13 14 15 16 17 18 19 20 21 22 23 24 25 26 27
 28 29 30 31 32 33 34 35 36 37 38 39 40 41 42 43 44 45 46 47 48 49 50 51
 52 53 54 55 56 57 58 59 60 61 62 63 64 65 66 67 68 69 70 71 72 73 74 75
 76 77 78 79 80]
[2025-03-26 15:23:24,987][func.train][INFO] - [DATASET] split: test video_indices: [69]
[2025-03-26 15:23:25,088][func.train][INFO] - [DATASET] test size: 114376
[2025-03-26 15:23:25,089][func.train][INFO] - [DATASET] test video_indices: [69]
[2025-03-26 15:23:25,089][func.train][INFO] - [DATASET] video_idx: 69
[2025-03-26 15:23:25,131][func.train][INFO] - [DATASET] Sampled video_idx: 69 at 25 fps to 4575 frames
[2025-03-26 15:23:25,133][func.train][INFO] - [DATASET] video 69 phase_labels: torch.Size([4575])
[2025-03-26 15:23:25,683][func.train][INFO] - [DATASET] gt_remaining_time h=30: torch.Size([4575, 8])
[2025-03-26 15:23:25,686][func.train][INFO] - 

[2025-03-26 15:23:25,726][func.train][INFO] - [DATASET] Saved gt_remaining_time for video 69
[2025-03-26 15:23:25,729][func.train][INFO] - [DATASET] Saved video durations
[2025-03-26 15:23:25,729][func.train][INFO] - [DATASET] number of test videos: 1
[2025-03-26 15:23:25,729][func.train][INFO] - [DATASET] avg video length: 76.25 minutes
[2025-03-26 15:23:27,646][func.train][INFO] - [DATASET] df unique videos: [1 2 3 4 5 6 7 8 9 10 11 12 13 14 15 16 17 18 19 20 21 22 23 24 25 26 27
 28 29 30 31 32 33 34 35 36 37 38 39 40 41 42 43 44 45 46 47 48 49 50 51
 52 53 54 55 56 57 58 59 60 61 62 63 64 65 66 67 68 69 70 71 72 73 74 75
 76 77 78 79 80]
[2025-03-26 15:23:27,647][func.train][INFO] - [DATASET] split: test video_indices: [70]
[2025-03-26 15:23:27,711][func.train][INFO] - [DATASET] test size: 29851
[2025-03-26 15:23:27,711][func.train][INFO] - [DATASET] test video_indices: [70]
[2025-03-26 15:23:27,711][func.train][INFO] - [DATASET] video_idx: 70
[2025-03-26 15:23:27,723][func.train][INFO] - [DATASET] Sampled video_idx: 70 at 25 fps to 1194 frames
[2025-03-26 15:23:27,724][func.train][INFO] - [DATASET] video 70 phase_labels: torch.Size([1194])
[2025-03-26 15:23:27,887][func.train][INFO] - [DATASET] gt_remaining_time h=30: torch.Size([1194, 8])
[2025-03-26 15:23:27,889][func.train][INFO] - 

[2025-03-26 15:23:27,918][func.train][INFO] - [DATASET] Saved gt_remaining_time for video 70
[2025-03-26 15:23:27,923][func.train][INFO] - [DATASET] Saved video durations
[2025-03-26 15:23:27,924][func.train][INFO] - [DATASET] number of test videos: 1
[2025-03-26 15:23:27,924][func.train][INFO] - [DATASET] avg video length: 19.90 minutes
[2025-03-26 15:23:29,765][func.train][INFO] - [DATASET] df unique videos: [1 2 3 4 5 6 7 8 9 10 11 12 13 14 15 16 17 18 19 20 21 22 23 24 25 26 27
 28 29 30 31 32 33 34 35 36 37 38 39 40 41 42 43 44 45 46 47 48 49 50 51
 52 53 54 55 56 57 58 59 60 61 62 63 64 65 66 67 68 69 70 71 72 73 74 75
 76 77 78 79 80]
[2025-03-26 15:23:29,766][func.train][INFO] - [DATASET] split: test video_indices: [71]
[2025-03-26 15:23:29,858][func.train][INFO] - [DATASET] test size: 62876
[2025-03-26 15:23:29,859][func.train][INFO] - [DATASET] test video_indices: [71]
[2025-03-26 15:23:29,859][func.train][INFO] - [DATASET] video_idx: 71
[2025-03-26 15:23:29,883][func.train][INFO] - [DATASET] Sampled video_idx: 71 at 25 fps to 2515 frames
[2025-03-26 15:23:29,885][func.train][INFO] - [DATASET] video 71 phase_labels: torch.Size([2515])
[2025-03-26 15:23:30,135][func.train][INFO] - [DATASET] gt_remaining_time h=30: torch.Size([2515, 8])
[2025-03-26 15:23:30,138][func.train][INFO] - 

[2025-03-26 15:23:30,165][func.train][INFO] - [DATASET] Saved gt_remaining_time for video 71
[2025-03-26 15:23:30,175][func.train][INFO] - [DATASET] Saved video durations
[2025-03-26 15:23:30,176][func.train][INFO] - [DATASET] number of test videos: 1
[2025-03-26 15:23:30,176][func.train][INFO] - [DATASET] avg video length: 41.92 minutes
[2025-03-26 15:23:32,116][func.train][INFO] - [DATASET] df unique videos: [1 2 3 4 5 6 7 8 9 10 11 12 13 14 15 16 17 18 19 20 21 22 23 24 25 26 27
 28 29 30 31 32 33 34 35 36 37 38 39 40 41 42 43 44 45 46 47 48 49 50 51
 52 53 54 55 56 57 58 59 60 61 62 63 64 65 66 67 68 69 70 71 72 73 74 75
 76 77 78 79 80]
[2025-03-26 15:23:32,116][func.train][INFO] - [DATASET] split: test video_indices: [72]
[2025-03-26 15:23:32,202][func.train][INFO] - [DATASET] test size: 77651
[2025-03-26 15:23:32,202][func.train][INFO] - [DATASET] test video_indices: [72]
[2025-03-26 15:23:32,202][func.train][INFO] - [DATASET] video_idx: 72
[2025-03-26 15:23:32,219][func.train][INFO] - [DATASET] Sampled video_idx: 72 at 25 fps to 3106 frames
[2025-03-26 15:23:32,221][func.train][INFO] - [DATASET] video 72 phase_labels: torch.Size([3106])
[2025-03-26 15:23:32,524][func.train][INFO] - [DATASET] gt_remaining_time h=30: torch.Size([3106, 8])
[2025-03-26 15:23:32,526][func.train][INFO] - 

[2025-03-26 15:23:32,560][func.train][INFO] - [DATASET] Saved gt_remaining_time for video 72
[2025-03-26 15:23:32,563][func.train][INFO] - [DATASET] Saved video durations
[2025-03-26 15:23:32,564][func.train][INFO] - [DATASET] number of test videos: 1
[2025-03-26 15:23:32,564][func.train][INFO] - [DATASET] avg video length: 51.77 minutes
[2025-03-26 15:23:34,479][func.train][INFO] - [DATASET] df unique videos: [1 2 3 4 5 6 7 8 9 10 11 12 13 14 15 16 17 18 19 20 21 22 23 24 25 26 27
 28 29 30 31 32 33 34 35 36 37 38 39 40 41 42 43 44 45 46 47 48 49 50 51
 52 53 54 55 56 57 58 59 60 61 62 63 64 65 66 67 68 69 70 71 72 73 74 75
 76 77 78 79 80]
[2025-03-26 15:23:34,480][func.train][INFO] - [DATASET] split: test video_indices: [73]
[2025-03-26 15:23:34,550][func.train][INFO] - [DATASET] test size: 33901
[2025-03-26 15:23:34,550][func.train][INFO] - [DATASET] test video_indices: [73]
[2025-03-26 15:23:34,550][func.train][INFO] - [DATASET] video_idx: 73
[2025-03-26 15:23:34,563][func.train][INFO] - [DATASET] Sampled video_idx: 73 at 25 fps to 1356 frames
[2025-03-26 15:23:34,564][func.train][INFO] - [DATASET] video 73 phase_labels: torch.Size([1356])
[2025-03-26 15:23:34,766][func.train][INFO] - [DATASET] gt_remaining_time h=30: torch.Size([1356, 8])
[2025-03-26 15:23:34,768][func.train][INFO] - 

[2025-03-26 15:23:34,784][func.train][INFO] - [DATASET] Saved gt_remaining_time for video 73
[2025-03-26 15:23:34,792][func.train][INFO] - [DATASET] Saved video durations
[2025-03-26 15:23:34,793][func.train][INFO] - [DATASET] number of test videos: 1
[2025-03-26 15:23:34,793][func.train][INFO] - [DATASET] avg video length: 22.60 minutes
[2025-03-26 15:23:36,772][func.train][INFO] - [DATASET] df unique videos: [1 2 3 4 5 6 7 8 9 10 11 12 13 14 15 16 17 18 19 20 21 22 23 24 25 26 27
 28 29 30 31 32 33 34 35 36 37 38 39 40 41 42 43 44 45 46 47 48 49 50 51
 52 53 54 55 56 57 58 59 60 61 62 63 64 65 66 67 68 69 70 71 72 73 74 75
 76 77 78 79 80]
[2025-03-26 15:23:36,773][func.train][INFO] - [DATASET] split: test video_indices: [74]
[2025-03-26 15:23:36,846][func.train][INFO] - [DATASET] test size: 40851
[2025-03-26 15:23:36,847][func.train][INFO] - [DATASET] test video_indices: [74]
[2025-03-26 15:23:36,847][func.train][INFO] - [DATASET] video_idx: 74
[2025-03-26 15:23:36,863][func.train][INFO] - [DATASET] Sampled video_idx: 74 at 25 fps to 1634 frames
[2025-03-26 15:23:36,864][func.train][INFO] - [DATASET] video 74 phase_labels: torch.Size([1634])
[2025-03-26 15:23:37,087][func.train][INFO] - [DATASET] gt_remaining_time h=30: torch.Size([1634, 8])
[2025-03-26 15:23:37,090][func.train][INFO] - 

[2025-03-26 15:23:37,113][func.train][INFO] - [DATASET] Saved gt_remaining_time for video 74
[2025-03-26 15:23:37,117][func.train][INFO] - [DATASET] Saved video durations
[2025-03-26 15:23:37,118][func.train][INFO] - [DATASET] number of test videos: 1
[2025-03-26 15:23:37,118][func.train][INFO] - [DATASET] avg video length: 27.23 minutes
[2025-03-26 15:23:39,094][func.train][INFO] - [DATASET] df unique videos: [1 2 3 4 5 6 7 8 9 10 11 12 13 14 15 16 17 18 19 20 21 22 23 24 25 26 27
 28 29 30 31 32 33 34 35 36 37 38 39 40 41 42 43 44 45 46 47 48 49 50 51
 52 53 54 55 56 57 58 59 60 61 62 63 64 65 66 67 68 69 70 71 72 73 74 75
 76 77 78 79 80]
[2025-03-26 15:23:39,094][func.train][INFO] - [DATASET] split: test video_indices: [75]
[2025-03-26 15:23:39,178][func.train][INFO] - [DATASET] test size: 48076
[2025-03-26 15:23:39,179][func.train][INFO] - [DATASET] test video_indices: [75]
[2025-03-26 15:23:39,179][func.train][INFO] - [DATASET] video_idx: 75
[2025-03-26 15:23:39,205][func.train][INFO] - [DATASET] Sampled video_idx: 75 at 25 fps to 1923 frames
[2025-03-26 15:23:39,207][func.train][INFO] - [DATASET] video 75 phase_labels: torch.Size([1923])
[2025-03-26 15:23:39,439][func.train][INFO] - [DATASET] gt_remaining_time h=30: torch.Size([1923, 8])
[2025-03-26 15:23:39,443][func.train][INFO] - 

[2025-03-26 15:23:39,465][func.train][INFO] - [DATASET] Saved gt_remaining_time for video 75
[2025-03-26 15:23:39,474][func.train][INFO] - [DATASET] Saved video durations
[2025-03-26 15:23:39,475][func.train][INFO] - [DATASET] number of test videos: 1
[2025-03-26 15:23:39,475][func.train][INFO] - [DATASET] avg video length: 32.05 minutes
[2025-03-26 15:23:41,665][func.train][INFO] - [DATASET] df unique videos: [1 2 3 4 5 6 7 8 9 10 11 12 13 14 15 16 17 18 19 20 21 22 23 24 25 26 27
 28 29 30 31 32 33 34 35 36 37 38 39 40 41 42 43 44 45 46 47 48 49 50 51
 52 53 54 55 56 57 58 59 60 61 62 63 64 65 66 67 68 69 70 71 72 73 74 75
 76 77 78 79 80]
[2025-03-26 15:23:41,666][func.train][INFO] - [DATASET] split: test video_indices: [76]
[2025-03-26 15:23:41,767][func.train][INFO] - [DATASET] test size: 66226
[2025-03-26 15:23:41,768][func.train][INFO] - [DATASET] test video_indices: [76]
[2025-03-26 15:23:41,768][func.train][INFO] - [DATASET] video_idx: 76
[2025-03-26 15:23:41,800][func.train][INFO] - [DATASET] Sampled video_idx: 76 at 25 fps to 2649 frames
[2025-03-26 15:23:41,802][func.train][INFO] - [DATASET] video 76 phase_labels: torch.Size([2649])
[2025-03-26 15:23:42,102][func.train][INFO] - [DATASET] gt_remaining_time h=30: torch.Size([2649, 8])
[2025-03-26 15:23:42,106][func.train][INFO] - 

[2025-03-26 15:23:42,133][func.train][INFO] - [DATASET] Saved gt_remaining_time for video 76
[2025-03-26 15:23:42,142][func.train][INFO] - [DATASET] Saved video durations
[2025-03-26 15:23:42,143][func.train][INFO] - [DATASET] number of test videos: 1
[2025-03-26 15:23:42,143][func.train][INFO] - [DATASET] avg video length: 44.15 minutes
[2025-03-26 15:23:44,021][func.train][INFO] - [DATASET] df unique videos: [1 2 3 4 5 6 7 8 9 10 11 12 13 14 15 16 17 18 19 20 21 22 23 24 25 26 27
 28 29 30 31 32 33 34 35 36 37 38 39 40 41 42 43 44 45 46 47 48 49 50 51
 52 53 54 55 56 57 58 59 60 61 62 63 64 65 66 67 68 69 70 71 72 73 74 75
 76 77 78 79 80]
[2025-03-26 15:23:44,021][func.train][INFO] - [DATASET] split: test video_indices: [77]
[2025-03-26 15:23:44,103][func.train][INFO] - [DATASET] test size: 62551
[2025-03-26 15:23:44,104][func.train][INFO] - [DATASET] test video_indices: [77]
[2025-03-26 15:23:44,104][func.train][INFO] - [DATASET] video_idx: 77
[2025-03-26 15:23:44,123][func.train][INFO] - [DATASET] Sampled video_idx: 77 at 25 fps to 2502 frames
[2025-03-26 15:23:44,124][func.train][INFO] - [DATASET] video 77 phase_labels: torch.Size([2502])
[2025-03-26 15:23:44,404][func.train][INFO] - [DATASET] gt_remaining_time h=30: torch.Size([2502, 8])
[2025-03-26 15:23:44,407][func.train][INFO] - 

[2025-03-26 15:23:44,437][func.train][INFO] - [DATASET] Saved gt_remaining_time for video 77
[2025-03-26 15:23:44,440][func.train][INFO] - [DATASET] Saved video durations
[2025-03-26 15:23:44,441][func.train][INFO] - [DATASET] number of test videos: 1
[2025-03-26 15:23:44,441][func.train][INFO] - [DATASET] avg video length: 41.70 minutes
[2025-03-26 15:23:46,422][func.train][INFO] - [DATASET] df unique videos: [1 2 3 4 5 6 7 8 9 10 11 12 13 14 15 16 17 18 19 20 21 22 23 24 25 26 27
 28 29 30 31 32 33 34 35 36 37 38 39 40 41 42 43 44 45 46 47 48 49 50 51
 52 53 54 55 56 57 58 59 60 61 62 63 64 65 66 67 68 69 70 71 72 73 74 75
 76 77 78 79 80]
[2025-03-26 15:23:46,423][func.train][INFO] - [DATASET] split: test video_indices: [78]
[2025-03-26 15:23:46,485][func.train][INFO] - [DATASET] test size: 18476
[2025-03-26 15:23:46,485][func.train][INFO] - [DATASET] test video_indices: [78]
[2025-03-26 15:23:46,485][func.train][INFO] - [DATASET] video_idx: 78
[2025-03-26 15:23:46,499][func.train][INFO] - [DATASET] Sampled video_idx: 78 at 25 fps to 739 frames
[2025-03-26 15:23:46,501][func.train][INFO] - [DATASET] video 78 phase_labels: torch.Size([739])
[2025-03-26 15:23:46,600][func.train][INFO] - [DATASET] gt_remaining_time h=30: torch.Size([739, 8])
[2025-03-26 15:23:46,604][func.train][INFO] - 

[2025-03-26 15:23:46,633][func.train][INFO] - [DATASET] Saved gt_remaining_time for video 78
[2025-03-26 15:23:46,635][func.train][INFO] - [DATASET] Saved video durations
[2025-03-26 15:23:46,636][func.train][INFO] - [DATASET] number of test videos: 1
[2025-03-26 15:23:46,636][func.train][INFO] - [DATASET] avg video length: 12.32 minutes
[2025-03-26 15:23:48,594][func.train][INFO] - [DATASET] df unique videos: [1 2 3 4 5 6 7 8 9 10 11 12 13 14 15 16 17 18 19 20 21 22 23 24 25 26 27
 28 29 30 31 32 33 34 35 36 37 38 39 40 41 42 43 44 45 46 47 48 49 50 51
 52 53 54 55 56 57 58 59 60 61 62 63 64 65 66 67 68 69 70 71 72 73 74 75
 76 77 78 79 80]
[2025-03-26 15:23:48,594][func.train][INFO] - [DATASET] split: test video_indices: [79]
[2025-03-26 15:23:48,716][func.train][INFO] - [DATASET] test size: 85351
[2025-03-26 15:23:48,716][func.train][INFO] - [DATASET] test video_indices: [79]
[2025-03-26 15:23:48,716][func.train][INFO] - [DATASET] video_idx: 79
[2025-03-26 15:23:48,756][func.train][INFO] - [DATASET] Sampled video_idx: 79 at 25 fps to 3414 frames
[2025-03-26 15:23:48,759][func.train][INFO] - [DATASET] video 79 phase_labels: torch.Size([3414])
[2025-03-26 15:23:49,178][func.train][INFO] - [DATASET] gt_remaining_time h=30: torch.Size([3414, 8])
[2025-03-26 15:23:49,187][func.train][INFO] - 

[2025-03-26 15:23:49,227][func.train][INFO] - [DATASET] Saved gt_remaining_time for video 79
[2025-03-26 15:23:49,235][func.train][INFO] - [DATASET] Saved video durations
[2025-03-26 15:23:49,236][func.train][INFO] - [DATASET] number of test videos: 1
[2025-03-26 15:23:49,237][func.train][INFO] - [DATASET] avg video length: 56.90 minutes
[2025-03-26 15:23:51,304][func.train][INFO] - [DATASET] df unique videos: [1 2 3 4 5 6 7 8 9 10 11 12 13 14 15 16 17 18 19 20 21 22 23 24 25 26 27
 28 29 30 31 32 33 34 35 36 37 38 39 40 41 42 43 44 45 46 47 48 49 50 51
 52 53 54 55 56 57 58 59 60 61 62 63 64 65 66 67 68 69 70 71 72 73 74 75
 76 77 78 79 80]
[2025-03-26 15:23:51,305][func.train][INFO] - [DATASET] split: test video_indices: [80]
[2025-03-26 15:23:51,375][func.train][INFO] - [DATASET] test size: 43101
[2025-03-26 15:23:51,376][func.train][INFO] - [DATASET] test video_indices: [80]
[2025-03-26 15:23:51,376][func.train][INFO] - [DATASET] video_idx: 80
[2025-03-26 15:23:51,390][func.train][INFO] - [DATASET] Sampled video_idx: 80 at 25 fps to 1724 frames
[2025-03-26 15:23:51,391][func.train][INFO] - [DATASET] video 80 phase_labels: torch.Size([1724])
[2025-03-26 15:23:51,640][func.train][INFO] - [DATASET] gt_remaining_time h=30: torch.Size([1724, 8])
[2025-03-26 15:23:51,643][func.train][INFO] - 

[2025-03-26 15:23:51,835][func.train][INFO] - [DATASET] Saved gt_remaining_time for video 80
[2025-03-26 15:23:51,870][func.train][INFO] - [DATASET] Saved video durations
[2025-03-26 15:23:51,871][func.train][INFO] - [DATASET] number of test videos: 1
[2025-03-26 15:23:51,872][func.train][INFO] - [DATASET] avg video length: 28.73 minutes
[2025-03-26 15:23:51,899][func.train][INFO] - Time to load datasets: 1.98 min
[2025-03-26 15:23:51,900][func.train][INFO] - Creating data loaders
[2025-03-26 15:23:51,917][func.train][INFO] - Creating model with {'one': 7} classes
[2025-03-26 15:23:53,745][func.train][INFO] - [MAIN] Number of tokens: 71000
[2025-03-26 15:23:53,745][func.train][INFO] - [MAIN] Number of parameters: 22781693
[2025-03-26 15:23:53,746][func.train][INFO] - [MAIN] Token-to-Parameter Ratio is ideally between [1:1 to 10:1]: 0.003117
[2025-03-26 15:23:53,746][func.train][WARNING] - [MAIN] Data-to-Parameter-Ratio is outside the interval [1:1 to 10:1]
[2025-03-26 15:23:53,748][func.train][INFO] - Using LR 0.000300 WD 0.000010 for parameters
[2025-03-26 15:23:53,748][func.train][INFO] - Using LR 0.000300 WD 0.000010 for parameters
[2025-03-26 15:23:53,757][func.train][WARNING] - No checkpoint found at checkpoint_best.pth
[2025-03-26 15:23:53,758][func.train][INFO] - Wrapping model into DP
[2025-03-26 15:23:53,912][func.train][INFO] - Main metric: acc_curr_future
[2025-03-26 15:23:53,913][func.train][INFO] - Start training
[2025-03-26 15:23:53,916][func.train][INFO] - Storing checkpoints every 60.00 mins
[2025-03-26 15:23:56,478][func.train][INFO] - [TRAINING] Step 0/1110 | Loss: 1.59 | Acc (curr_frames): 0.25 | time-left: 47.34 min
[2025-03-26 15:25:10,853][func.train][INFO] - [TRAINING] Step 100/1110 | Loss: 1.57 | Acc (curr_frames): 0.23 | time-left: 12.81 min
[2025-03-26 15:26:24,384][func.train][INFO] - [TRAINING] Step 200/1110 | Loss: 1.56 | Acc (curr_frames): 0.20 | time-left: 11.34 min
