[2024-08-13 11:05:50,690][func.train][INFO] - Dist info:
[2024-08-13 11:05:50,690][func.train][INFO] - torch version: 2.2.2+cu121
[2024-08-13 11:05:50,690][func.train][INFO] - torchvision version: 0.17.2+cu121
[2024-08-13 11:05:50,691][func.train][INFO] - hydra version: 1.3.2
[2024-08-13 11:05:50,697][func.train][INFO] - [MAIN] eval horizons for regression: [2, 3, 5, 18]
[2024-08-13 11:05:50,697][func.train][INFO] - Loading data
[2024-08-13 11:05:50,698][func.train][INFO] - Loading datasets
[2024-08-13 11:05:52,451][func.train][INFO] - [SELECT DATASET] ALL loaded dataframe in 0m 2s
[2024-08-13 11:05:52,452][func.train][INFO] - [SELECT DATASET] ALL loaded dataframe: (4612530, 11)
[2024-08-13 11:05:52,637][func.train][INFO] - [SELECT DATASET] labels are already starting from 0
[2024-08-13 11:05:52,958][func.train][INFO] - [SELECT DATASET] ALL unique classes: [0 1 2 3 4 5 6]
[2024-08-13 11:05:52,984][func.train][INFO] - [SELECT DATASET] aLL dataframe (head):                    image_path class  ... tool_Irrigator tool_SpecimenBag
0  video01/video01_000001.png     0  ...              0                0
1  video01/video01_000002.png     0  ...              0                0
2  video01/video01_000003.png     0  ...              0                0
3  video01/video01_000004.png     0  ...              0                0
4  video01/video01_000005.png     0  ...              0                0

[5 rows x 11 columns]
[2024-08-13 11:05:52,993][func.train][INFO] - [SELECT DATASET] ALL dataframe (tail):                          image_path class  ... tool_Irrigator tool_SpecimenBag
4612525  video80/video80_043097.png     6  ...              0                0
4612526  video80/video80_043098.png     6  ...              0                0
4612527  video80/video80_043099.png     6  ...              0                0
4612528  video80/video80_043100.png     6  ...              0                0
4612529  video80/video80_043101.png     6  ...              0                0

[5 rows x 11 columns]
[2024-08-13 11:05:52,993][func.train][INFO] - [DATASET] params: {'debug': False, 'dataset_name': 'cholec80', 'reduc_feats_folder': 'train_targets_x_mp/', 'num_classes': 7, 'num_next_labels': 6, 'last_seg_class': 7, 'predict_next_phase': True, 'get_target_feats': False, 'replace_current_with_next_class': False}
[2024-08-13 11:05:54,434][func.train][INFO] - [DATASET] df unique videos: [1 2 3 4 5 6 7 8 9 10 11 12 13 14 15 16 17 18 19 20 21 22 23 24 25 26 27
 28 29 30 31 32 33 34 35 36 37 38 39 40 41 42 43 44 45 46 47 48 49 50 51
 52 53 54 55 56 57 58 59 60 61 62 63 64 65 66 67 68 69 70 71 72 73 74 75
 76 77 78 79 80]
[2024-08-13 11:05:54,434][func.train][INFO] - [DATASET] split: train video_indices: [1, 2, 3, 4, 5, 6, 7, 8, 9, 10, 11, 12, 13, 14, 15, 16, 17, 18, 19, 20, 21, 22, 23, 24, 25, 26, 27, 28, 29, 30, 31, 32, 33, 34, 35, 36, 37, 38, 39, 40, 41, 42, 43, 44, 45, 46, 47, 48, 49, 50, 51, 52, 53, 54, 55, 56, 57, 58, 59, 60]
[2024-08-13 11:05:56,118][func.train][INFO] - [DATASET] train size: 3421885
[2024-08-13 11:05:56,118][func.train][INFO] - [DATASET] train video_indices: [1, 2, 3, 4, 5, 6, 7, 8, 9, 10, 11, 12, 13, 14, 15, 16, 17, 18, 19, 20, 21, 22, 23, 24, 25, 26, 27, 28, 29, 30, 31, 32, 33, 34, 35, 36, 37, 38, 39, 40, 41, 42, 43, 44, 45, 46, 47, 48, 49, 50, 51, 52, 53, 54, 55, 56, 57, 58, 59, 60]
[2024-08-13 11:05:56,118][func.train][INFO] - [DATASET] video_idx: 1
[2024-08-13 11:05:56,259][func.train][INFO] - [DATASET] Sampled video_idx: 1 at 25 fps to 1733 frames
[2024-08-13 11:05:56,289][func.train][INFO] - [DATASET] video 1 phase_labels: torch.Size([1733])
[2024-08-13 11:05:56,571][func.train][INFO] - [DATASET] gt_remaining_time h=2: torch.Size([1733, 8])
[2024-08-13 11:05:56,616][func.train][INFO] - [DATASET] gt_remaining_time h=3: torch.Size([1733, 8])
[2024-08-13 11:05:56,676][func.train][INFO] - [DATASET] gt_remaining_time h=5: torch.Size([1733, 8])
[2024-08-13 11:05:56,826][func.train][INFO] - [DATASET] gt_remaining_time h=18: torch.Size([1733, 8])
[2024-08-13 11:05:56,826][func.train][INFO] - 

[2024-08-13 11:05:56,826][func.train][INFO] - [DATASET] video_idx: 2
[2024-08-13 11:05:56,965][func.train][INFO] - [DATASET] Sampled video_idx: 2 at 25 fps to 2839 frames
[2024-08-13 11:05:56,966][func.train][INFO] - [DATASET] video 2 phase_labels: torch.Size([2839])
[2024-08-13 11:05:57,024][func.train][INFO] - [DATASET] gt_remaining_time h=2: torch.Size([2839, 8])
[2024-08-13 11:05:57,090][func.train][INFO] - [DATASET] gt_remaining_time h=3: torch.Size([2839, 8])
[2024-08-13 11:05:57,170][func.train][INFO] - [DATASET] gt_remaining_time h=5: torch.Size([2839, 8])
[2024-08-13 11:05:57,359][func.train][INFO] - [DATASET] gt_remaining_time h=18: torch.Size([2839, 8])
[2024-08-13 11:05:57,359][func.train][INFO] - 

[2024-08-13 11:05:57,359][func.train][INFO] - [DATASET] video_idx: 3
[2024-08-13 11:05:57,526][func.train][INFO] - [DATASET] Sampled video_idx: 3 at 25 fps to 5828 frames
[2024-08-13 11:05:57,528][func.train][INFO] - [DATASET] video 3 phase_labels: torch.Size([5828])
[2024-08-13 11:05:57,678][func.train][INFO] - [DATASET] gt_remaining_time h=2: torch.Size([5828, 8])
[2024-08-13 11:05:57,799][func.train][INFO] - [DATASET] gt_remaining_time h=3: torch.Size([5828, 8])
[2024-08-13 11:05:57,961][func.train][INFO] - [DATASET] gt_remaining_time h=5: torch.Size([5828, 8])
[2024-08-13 11:05:58,198][func.train][INFO] - [DATASET] gt_remaining_time h=18: torch.Size([5828, 8])
[2024-08-13 11:05:58,198][func.train][INFO] - 

[2024-08-13 11:05:58,198][func.train][INFO] - [DATASET] video_idx: 4
[2024-08-13 11:05:58,339][func.train][INFO] - [DATASET] Sampled video_idx: 4 at 25 fps to 1522 frames
[2024-08-13 11:05:58,339][func.train][INFO] - [DATASET] video 4 phase_labels: torch.Size([1522])
[2024-08-13 11:05:58,381][func.train][INFO] - [DATASET] gt_remaining_time h=2: torch.Size([1522, 8])
[2024-08-13 11:05:58,427][func.train][INFO] - [DATASET] gt_remaining_time h=3: torch.Size([1522, 8])
[2024-08-13 11:05:58,492][func.train][INFO] - [DATASET] gt_remaining_time h=5: torch.Size([1522, 8])
[2024-08-13 11:05:58,653][func.train][INFO] - [DATASET] gt_remaining_time h=18: torch.Size([1522, 8])
[2024-08-13 11:05:58,654][func.train][INFO] - 

[2024-08-13 11:05:58,654][func.train][INFO] - [DATASET] video_idx: 5
[2024-08-13 11:05:58,796][func.train][INFO] - [DATASET] Sampled video_idx: 5 at 25 fps to 2344 frames
[2024-08-13 11:05:58,797][func.train][INFO] - [DATASET] video 5 phase_labels: torch.Size([2344])
[2024-08-13 11:05:58,847][func.train][INFO] - [DATASET] gt_remaining_time h=2: torch.Size([2344, 8])
[2024-08-13 11:05:58,899][func.train][INFO] - [DATASET] gt_remaining_time h=3: torch.Size([2344, 8])
[2024-08-13 11:05:58,971][func.train][INFO] - [DATASET] gt_remaining_time h=5: torch.Size([2344, 8])
[2024-08-13 11:05:59,146][func.train][INFO] - [DATASET] gt_remaining_time h=18: torch.Size([2344, 8])
[2024-08-13 11:05:59,146][func.train][INFO] - 

[2024-08-13 11:05:59,146][func.train][INFO] - [DATASET] video_idx: 6
[2024-08-13 11:05:59,282][func.train][INFO] - [DATASET] Sampled video_idx: 6 at 25 fps to 2153 frames
[2024-08-13 11:05:59,283][func.train][INFO] - [DATASET] video 6 phase_labels: torch.Size([2153])
[2024-08-13 11:05:59,330][func.train][INFO] - [DATASET] gt_remaining_time h=2: torch.Size([2153, 8])
[2024-08-13 11:05:59,380][func.train][INFO] - [DATASET] gt_remaining_time h=3: torch.Size([2153, 8])
[2024-08-13 11:05:59,449][func.train][INFO] - [DATASET] gt_remaining_time h=5: torch.Size([2153, 8])
[2024-08-13 11:05:59,620][func.train][INFO] - [DATASET] gt_remaining_time h=18: torch.Size([2153, 8])
[2024-08-13 11:05:59,621][func.train][INFO] - 

[2024-08-13 11:05:59,621][func.train][INFO] - [DATASET] video_idx: 7
[2024-08-13 11:05:59,767][func.train][INFO] - [DATASET] Sampled video_idx: 7 at 25 fps to 4557 frames
[2024-08-13 11:05:59,768][func.train][INFO] - [DATASET] video 7 phase_labels: torch.Size([4557])
[2024-08-13 11:05:59,868][func.train][INFO] - [DATASET] gt_remaining_time h=2: torch.Size([4557, 8])
[2024-08-13 11:05:59,967][func.train][INFO] - [DATASET] gt_remaining_time h=3: torch.Size([4557, 8])
[2024-08-13 11:06:00,078][func.train][INFO] - [DATASET] gt_remaining_time h=5: torch.Size([4557, 8])
[2024-08-13 11:06:00,290][func.train][INFO] - [DATASET] gt_remaining_time h=18: torch.Size([4557, 8])
[2024-08-13 11:06:00,291][func.train][INFO] - 

[2024-08-13 11:06:00,291][func.train][INFO] - [DATASET] video_idx: 8
[2024-08-13 11:06:00,445][func.train][INFO] - [DATASET] Sampled video_idx: 8 at 25 fps to 1519 frames
[2024-08-13 11:06:00,446][func.train][INFO] - [DATASET] video 8 phase_labels: torch.Size([1519])
[2024-08-13 11:06:00,486][func.train][INFO] - [DATASET] gt_remaining_time h=2: torch.Size([1519, 8])
[2024-08-13 11:06:00,554][func.train][INFO] - [DATASET] gt_remaining_time h=3: torch.Size([1519, 8])
[2024-08-13 11:06:00,617][func.train][INFO] - [DATASET] gt_remaining_time h=5: torch.Size([1519, 8])
[2024-08-13 11:06:00,814][func.train][INFO] - [DATASET] gt_remaining_time h=18: torch.Size([1519, 8])
[2024-08-13 11:06:00,814][func.train][INFO] - 

[2024-08-13 11:06:00,814][func.train][INFO] - [DATASET] video_idx: 9
[2024-08-13 11:06:00,973][func.train][INFO] - [DATASET] Sampled video_idx: 9 at 25 fps to 2702 frames
[2024-08-13 11:06:00,974][func.train][INFO] - [DATASET] video 9 phase_labels: torch.Size([2702])
[2024-08-13 11:06:01,054][func.train][INFO] - [DATASET] gt_remaining_time h=2: torch.Size([2702, 8])
[2024-08-13 11:06:01,111][func.train][INFO] - [DATASET] gt_remaining_time h=3: torch.Size([2702, 8])
[2024-08-13 11:06:01,202][func.train][INFO] - [DATASET] gt_remaining_time h=5: torch.Size([2702, 8])
[2024-08-13 11:06:01,439][func.train][INFO] - [DATASET] gt_remaining_time h=18: torch.Size([2702, 8])
[2024-08-13 11:06:01,441][func.train][INFO] - 

[2024-08-13 11:06:01,441][func.train][INFO] - [DATASET] video_idx: 10
[2024-08-13 11:06:01,583][func.train][INFO] - [DATASET] Sampled video_idx: 10 at 25 fps to 1749 frames
[2024-08-13 11:06:01,584][func.train][INFO] - [DATASET] video 10 phase_labels: torch.Size([1749])
[2024-08-13 11:06:01,634][func.train][INFO] - [DATASET] gt_remaining_time h=2: torch.Size([1749, 8])
[2024-08-13 11:06:01,684][func.train][INFO] - [DATASET] gt_remaining_time h=3: torch.Size([1749, 8])
[2024-08-13 11:06:01,760][func.train][INFO] - [DATASET] gt_remaining_time h=5: torch.Size([1749, 8])
[2024-08-13 11:06:01,954][func.train][INFO] - [DATASET] gt_remaining_time h=18: torch.Size([1749, 8])
[2024-08-13 11:06:01,954][func.train][INFO] - 

[2024-08-13 11:06:01,954][func.train][INFO] - [DATASET] video_idx: 11
[2024-08-13 11:06:02,129][func.train][INFO] - [DATASET] Sampled video_idx: 11 at 25 fps to 3220 frames
[2024-08-13 11:06:02,131][func.train][INFO] - [DATASET] video 11 phase_labels: torch.Size([3220])
[2024-08-13 11:06:02,198][func.train][INFO] - [DATASET] gt_remaining_time h=2: torch.Size([3220, 8])
[2024-08-13 11:06:02,270][func.train][INFO] - [DATASET] gt_remaining_time h=3: torch.Size([3220, 8])
[2024-08-13 11:06:02,362][func.train][INFO] - [DATASET] gt_remaining_time h=5: torch.Size([3220, 8])
[2024-08-13 11:06:02,590][func.train][INFO] - [DATASET] gt_remaining_time h=18: torch.Size([3220, 8])
[2024-08-13 11:06:02,590][func.train][INFO] - 

[2024-08-13 11:06:02,591][func.train][INFO] - [DATASET] video_idx: 12
[2024-08-13 11:06:02,744][func.train][INFO] - [DATASET] Sampled video_idx: 12 at 25 fps to 1090 frames
[2024-08-13 11:06:02,745][func.train][INFO] - [DATASET] video 12 phase_labels: torch.Size([1090])
[2024-08-13 11:06:02,779][func.train][INFO] - [DATASET] gt_remaining_time h=2: torch.Size([1090, 8])
[2024-08-13 11:06:02,826][func.train][INFO] - [DATASET] gt_remaining_time h=3: torch.Size([1090, 8])
[2024-08-13 11:06:02,894][func.train][INFO] - [DATASET] gt_remaining_time h=5: torch.Size([1090, 8])
[2024-08-13 11:06:03,056][func.train][INFO] - [DATASET] gt_remaining_time h=18: torch.Size([1090, 8])
[2024-08-13 11:06:03,057][func.train][INFO] - 

[2024-08-13 11:06:03,057][func.train][INFO] - [DATASET] video_idx: 13
[2024-08-13 11:06:03,196][func.train][INFO] - [DATASET] Sampled video_idx: 13 at 25 fps to 981 frames
[2024-08-13 11:06:03,196][func.train][INFO] - [DATASET] video 13 phase_labels: torch.Size([981])
[2024-08-13 11:06:03,241][func.train][INFO] - [DATASET] gt_remaining_time h=2: torch.Size([981, 8])
[2024-08-13 11:06:03,278][func.train][INFO] - [DATASET] gt_remaining_time h=3: torch.Size([981, 8])
[2024-08-13 11:06:03,352][func.train][INFO] - [DATASET] gt_remaining_time h=5: torch.Size([981, 8])
[2024-08-13 11:06:03,474][func.train][INFO] - [DATASET] gt_remaining_time h=18: torch.Size([981, 8])
[2024-08-13 11:06:03,474][func.train][INFO] - 

[2024-08-13 11:06:03,474][func.train][INFO] - [DATASET] video_idx: 14
[2024-08-13 11:06:03,646][func.train][INFO] - [DATASET] Sampled video_idx: 14 at 25 fps to 1708 frames
[2024-08-13 11:06:03,647][func.train][INFO] - [DATASET] video 14 phase_labels: torch.Size([1708])
[2024-08-13 11:06:03,686][func.train][INFO] - [DATASET] gt_remaining_time h=2: torch.Size([1708, 8])
[2024-08-13 11:06:03,743][func.train][INFO] - [DATASET] gt_remaining_time h=3: torch.Size([1708, 8])
[2024-08-13 11:06:03,804][func.train][INFO] - [DATASET] gt_remaining_time h=5: torch.Size([1708, 8])
[2024-08-13 11:06:03,969][func.train][INFO] - [DATASET] gt_remaining_time h=18: torch.Size([1708, 8])
[2024-08-13 11:06:03,969][func.train][INFO] - 

[2024-08-13 11:06:03,969][func.train][INFO] - [DATASET] video_idx: 15
[2024-08-13 11:06:04,131][func.train][INFO] - [DATASET] Sampled video_idx: 15 at 25 fps to 2058 frames
[2024-08-13 11:06:04,132][func.train][INFO] - [DATASET] video 15 phase_labels: torch.Size([2058])
[2024-08-13 11:06:04,180][func.train][INFO] - [DATASET] gt_remaining_time h=2: torch.Size([2058, 8])
[2024-08-13 11:06:04,238][func.train][INFO] - [DATASET] gt_remaining_time h=3: torch.Size([2058, 8])
[2024-08-13 11:06:04,305][func.train][INFO] - [DATASET] gt_remaining_time h=5: torch.Size([2058, 8])
[2024-08-13 11:06:04,496][func.train][INFO] - [DATASET] gt_remaining_time h=18: torch.Size([2058, 8])
[2024-08-13 11:06:04,496][func.train][INFO] - 

[2024-08-13 11:06:04,496][func.train][INFO] - [DATASET] video_idx: 16
[2024-08-13 11:06:04,656][func.train][INFO] - [DATASET] Sampled video_idx: 16 at 25 fps to 2957 frames
[2024-08-13 11:06:04,657][func.train][INFO] - [DATASET] video 16 phase_labels: torch.Size([2957])
[2024-08-13 11:06:04,714][func.train][INFO] - [DATASET] gt_remaining_time h=2: torch.Size([2957, 8])
[2024-08-13 11:06:04,786][func.train][INFO] - [DATASET] gt_remaining_time h=3: torch.Size([2957, 8])
[2024-08-13 11:06:04,872][func.train][INFO] - [DATASET] gt_remaining_time h=5: torch.Size([2957, 8])
[2024-08-13 11:06:05,080][func.train][INFO] - [DATASET] gt_remaining_time h=18: torch.Size([2957, 8])
[2024-08-13 11:06:05,081][func.train][INFO] - 

[2024-08-13 11:06:05,081][func.train][INFO] - [DATASET] video_idx: 17
[2024-08-13 11:06:05,246][func.train][INFO] - [DATASET] Sampled video_idx: 17 at 25 fps to 1304 frames
[2024-08-13 11:06:05,246][func.train][INFO] - [DATASET] video 17 phase_labels: torch.Size([1304])
[2024-08-13 11:06:05,284][func.train][INFO] - [DATASET] gt_remaining_time h=2: torch.Size([1304, 8])
[2024-08-13 11:06:05,336][func.train][INFO] - [DATASET] gt_remaining_time h=3: torch.Size([1304, 8])
[2024-08-13 11:06:05,399][func.train][INFO] - [DATASET] gt_remaining_time h=5: torch.Size([1304, 8])
[2024-08-13 11:06:05,568][func.train][INFO] - [DATASET] gt_remaining_time h=18: torch.Size([1304, 8])
[2024-08-13 11:06:05,569][func.train][INFO] - 

[2024-08-13 11:06:05,569][func.train][INFO] - [DATASET] video_idx: 18
[2024-08-13 11:06:05,737][func.train][INFO] - [DATASET] Sampled video_idx: 18 at 25 fps to 1942 frames
[2024-08-13 11:06:05,739][func.train][INFO] - [DATASET] video 18 phase_labels: torch.Size([1942])
[2024-08-13 11:06:05,785][func.train][INFO] - [DATASET] gt_remaining_time h=2: torch.Size([1942, 8])
[2024-08-13 11:06:05,851][func.train][INFO] - [DATASET] gt_remaining_time h=3: torch.Size([1942, 8])
[2024-08-13 11:06:05,932][func.train][INFO] - [DATASET] gt_remaining_time h=5: torch.Size([1942, 8])
[2024-08-13 11:06:06,114][func.train][INFO] - [DATASET] gt_remaining_time h=18: torch.Size([1942, 8])
[2024-08-13 11:06:06,115][func.train][INFO] - 

[2024-08-13 11:06:06,115][func.train][INFO] - [DATASET] video_idx: 19
[2024-08-13 11:06:06,264][func.train][INFO] - [DATASET] Sampled video_idx: 19 at 25 fps to 2424 frames
[2024-08-13 11:06:06,265][func.train][INFO] - [DATASET] video 19 phase_labels: torch.Size([2424])
[2024-08-13 11:06:06,313][func.train][INFO] - [DATASET] gt_remaining_time h=2: torch.Size([2424, 8])
[2024-08-13 11:06:06,379][func.train][INFO] - [DATASET] gt_remaining_time h=3: torch.Size([2424, 8])
[2024-08-13 11:06:06,465][func.train][INFO] - [DATASET] gt_remaining_time h=5: torch.Size([2424, 8])
[2024-08-13 11:06:06,678][func.train][INFO] - [DATASET] gt_remaining_time h=18: torch.Size([2424, 8])
[2024-08-13 11:06:06,678][func.train][INFO] - 

[2024-08-13 11:06:06,678][func.train][INFO] - [DATASET] video_idx: 20
[2024-08-13 11:06:06,844][func.train][INFO] - [DATASET] Sampled video_idx: 20 at 25 fps to 1449 frames
[2024-08-13 11:06:06,845][func.train][INFO] - [DATASET] video 20 phase_labels: torch.Size([1449])
[2024-08-13 11:06:06,888][func.train][INFO] - [DATASET] gt_remaining_time h=2: torch.Size([1449, 8])
[2024-08-13 11:06:06,941][func.train][INFO] - [DATASET] gt_remaining_time h=3: torch.Size([1449, 8])
[2024-08-13 11:06:07,003][func.train][INFO] - [DATASET] gt_remaining_time h=5: torch.Size([1449, 8])
[2024-08-13 11:06:07,174][func.train][INFO] - [DATASET] gt_remaining_time h=18: torch.Size([1449, 8])
[2024-08-13 11:06:07,175][func.train][INFO] - 

[2024-08-13 11:06:07,175][func.train][INFO] - [DATASET] video_idx: 21
[2024-08-13 11:06:07,325][func.train][INFO] - [DATASET] Sampled video_idx: 21 at 25 fps to 1258 frames
[2024-08-13 11:06:07,327][func.train][INFO] - [DATASET] video 21 phase_labels: torch.Size([1258])
[2024-08-13 11:06:07,368][func.train][INFO] - [DATASET] gt_remaining_time h=2: torch.Size([1258, 8])
[2024-08-13 11:06:07,407][func.train][INFO] - [DATASET] gt_remaining_time h=3: torch.Size([1258, 8])
[2024-08-13 11:06:07,469][func.train][INFO] - [DATASET] gt_remaining_time h=5: torch.Size([1258, 8])
[2024-08-13 11:06:07,605][func.train][INFO] - [DATASET] gt_remaining_time h=18: torch.Size([1258, 8])
[2024-08-13 11:06:07,606][func.train][INFO] - 

[2024-08-13 11:06:07,606][func.train][INFO] - [DATASET] video_idx: 22
[2024-08-13 11:06:07,811][func.train][INFO] - [DATASET] Sampled video_idx: 22 at 25 fps to 1532 frames
[2024-08-13 11:06:07,811][func.train][INFO] - [DATASET] video 22 phase_labels: torch.Size([1532])
[2024-08-13 11:06:07,862][func.train][INFO] - [DATASET] gt_remaining_time h=2: torch.Size([1532, 8])
[2024-08-13 11:06:07,924][func.train][INFO] - [DATASET] gt_remaining_time h=3: torch.Size([1532, 8])
[2024-08-13 11:06:07,993][func.train][INFO] - [DATASET] gt_remaining_time h=5: torch.Size([1532, 8])
[2024-08-13 11:06:08,206][func.train][INFO] - [DATASET] gt_remaining_time h=18: torch.Size([1532, 8])
[2024-08-13 11:06:08,206][func.train][INFO] - 

[2024-08-13 11:06:08,207][func.train][INFO] - [DATASET] video_idx: 23
[2024-08-13 11:06:08,371][func.train][INFO] - [DATASET] Sampled video_idx: 23 at 25 fps to 1635 frames
[2024-08-13 11:06:08,371][func.train][INFO] - [DATASET] video 23 phase_labels: torch.Size([1635])
[2024-08-13 11:06:08,410][func.train][INFO] - [DATASET] gt_remaining_time h=2: torch.Size([1635, 8])
[2024-08-13 11:06:08,477][func.train][INFO] - [DATASET] gt_remaining_time h=3: torch.Size([1635, 8])
[2024-08-13 11:06:08,547][func.train][INFO] - [DATASET] gt_remaining_time h=5: torch.Size([1635, 8])
[2024-08-13 11:06:08,710][func.train][INFO] - [DATASET] gt_remaining_time h=18: torch.Size([1635, 8])
[2024-08-13 11:06:08,710][func.train][INFO] - 

[2024-08-13 11:06:08,710][func.train][INFO] - [DATASET] video_idx: 24
[2024-08-13 11:06:08,858][func.train][INFO] - [DATASET] Sampled video_idx: 24 at 25 fps to 1975 frames
[2024-08-13 11:06:08,859][func.train][INFO] - [DATASET] video 24 phase_labels: torch.Size([1975])
[2024-08-13 11:06:08,905][func.train][INFO] - [DATASET] gt_remaining_time h=2: torch.Size([1975, 8])
[2024-08-13 11:06:08,969][func.train][INFO] - [DATASET] gt_remaining_time h=3: torch.Size([1975, 8])
[2024-08-13 11:06:09,051][func.train][INFO] - [DATASET] gt_remaining_time h=5: torch.Size([1975, 8])
[2024-08-13 11:06:09,239][func.train][INFO] - [DATASET] gt_remaining_time h=18: torch.Size([1975, 8])
[2024-08-13 11:06:09,241][func.train][INFO] - 

[2024-08-13 11:06:09,241][func.train][INFO] - [DATASET] video_idx: 25
[2024-08-13 11:06:09,381][func.train][INFO] - [DATASET] Sampled video_idx: 25 at 25 fps to 2129 frames
[2024-08-13 11:06:09,381][func.train][INFO] - [DATASET] video 25 phase_labels: torch.Size([2129])
[2024-08-13 11:06:09,438][func.train][INFO] - [DATASET] gt_remaining_time h=2: torch.Size([2129, 8])
[2024-08-13 11:06:09,487][func.train][INFO] - [DATASET] gt_remaining_time h=3: torch.Size([2129, 8])
[2024-08-13 11:06:09,565][func.train][INFO] - [DATASET] gt_remaining_time h=5: torch.Size([2129, 8])
[2024-08-13 11:06:09,746][func.train][INFO] - [DATASET] gt_remaining_time h=18: torch.Size([2129, 8])
[2024-08-13 11:06:09,747][func.train][INFO] - 

[2024-08-13 11:06:09,747][func.train][INFO] - [DATASET] video_idx: 26
[2024-08-13 11:06:09,891][func.train][INFO] - [DATASET] Sampled video_idx: 26 at 25 fps to 1773 frames
[2024-08-13 11:06:09,892][func.train][INFO] - [DATASET] video 26 phase_labels: torch.Size([1773])
[2024-08-13 11:06:09,941][func.train][INFO] - [DATASET] gt_remaining_time h=2: torch.Size([1773, 8])
[2024-08-13 11:06:09,989][func.train][INFO] - [DATASET] gt_remaining_time h=3: torch.Size([1773, 8])
[2024-08-13 11:06:10,054][func.train][INFO] - [DATASET] gt_remaining_time h=5: torch.Size([1773, 8])
[2024-08-13 11:06:10,211][func.train][INFO] - [DATASET] gt_remaining_time h=18: torch.Size([1773, 8])
[2024-08-13 11:06:10,211][func.train][INFO] - 

[2024-08-13 11:06:10,211][func.train][INFO] - [DATASET] video_idx: 27
[2024-08-13 11:06:10,352][func.train][INFO] - [DATASET] Sampled video_idx: 27 at 25 fps to 2084 frames
[2024-08-13 11:06:10,353][func.train][INFO] - [DATASET] video 27 phase_labels: torch.Size([2084])
[2024-08-13 11:06:10,401][func.train][INFO] - [DATASET] gt_remaining_time h=2: torch.Size([2084, 8])
[2024-08-13 11:06:10,453][func.train][INFO] - [DATASET] gt_remaining_time h=3: torch.Size([2084, 8])
[2024-08-13 11:06:10,519][func.train][INFO] - [DATASET] gt_remaining_time h=5: torch.Size([2084, 8])
[2024-08-13 11:06:10,689][func.train][INFO] - [DATASET] gt_remaining_time h=18: torch.Size([2084, 8])
[2024-08-13 11:06:10,689][func.train][INFO] - 

[2024-08-13 11:06:10,689][func.train][INFO] - [DATASET] video_idx: 28
[2024-08-13 11:06:10,850][func.train][INFO] - [DATASET] Sampled video_idx: 28 at 25 fps to 1199 frames
[2024-08-13 11:06:10,851][func.train][INFO] - [DATASET] video 28 phase_labels: torch.Size([1199])
[2024-08-13 11:06:10,885][func.train][INFO] - [DATASET] gt_remaining_time h=2: torch.Size([1199, 8])
[2024-08-13 11:06:10,925][func.train][INFO] - [DATASET] gt_remaining_time h=3: torch.Size([1199, 8])
[2024-08-13 11:06:10,981][func.train][INFO] - [DATASET] gt_remaining_time h=5: torch.Size([1199, 8])
[2024-08-13 11:06:11,126][func.train][INFO] - [DATASET] gt_remaining_time h=18: torch.Size([1199, 8])
[2024-08-13 11:06:11,127][func.train][INFO] - 

[2024-08-13 11:06:11,127][func.train][INFO] - [DATASET] video_idx: 29
[2024-08-13 11:06:11,283][func.train][INFO] - [DATASET] Sampled video_idx: 29 at 25 fps to 2350 frames
[2024-08-13 11:06:11,284][func.train][INFO] - [DATASET] video 29 phase_labels: torch.Size([2350])
[2024-08-13 11:06:11,333][func.train][INFO] - [DATASET] gt_remaining_time h=2: torch.Size([2350, 8])
[2024-08-13 11:06:11,384][func.train][INFO] - [DATASET] gt_remaining_time h=3: torch.Size([2350, 8])
[2024-08-13 11:06:11,453][func.train][INFO] - [DATASET] gt_remaining_time h=5: torch.Size([2350, 8])
[2024-08-13 11:06:11,603][func.train][INFO] - [DATASET] gt_remaining_time h=18: torch.Size([2350, 8])
[2024-08-13 11:06:11,603][func.train][INFO] - 

[2024-08-13 11:06:11,603][func.train][INFO] - [DATASET] video_idx: 30
[2024-08-13 11:06:11,761][func.train][INFO] - [DATASET] Sampled video_idx: 30 at 25 fps to 2925 frames
[2024-08-13 11:06:11,762][func.train][INFO] - [DATASET] video 30 phase_labels: torch.Size([2925])
[2024-08-13 11:06:11,821][func.train][INFO] - [DATASET] gt_remaining_time h=2: torch.Size([2925, 8])
[2024-08-13 11:06:11,885][func.train][INFO] - [DATASET] gt_remaining_time h=3: torch.Size([2925, 8])
[2024-08-13 11:06:11,965][func.train][INFO] - [DATASET] gt_remaining_time h=5: torch.Size([2925, 8])
[2024-08-13 11:06:12,146][func.train][INFO] - [DATASET] gt_remaining_time h=18: torch.Size([2925, 8])
[2024-08-13 11:06:12,147][func.train][INFO] - 

[2024-08-13 11:06:12,147][func.train][INFO] - [DATASET] video_idx: 31
[2024-08-13 11:06:12,302][func.train][INFO] - [DATASET] Sampled video_idx: 31 at 25 fps to 3945 frames
[2024-08-13 11:06:12,303][func.train][INFO] - [DATASET] video 31 phase_labels: torch.Size([3945])
[2024-08-13 11:06:12,377][func.train][INFO] - [DATASET] gt_remaining_time h=2: torch.Size([3945, 8])
[2024-08-13 11:06:12,454][func.train][INFO] - [DATASET] gt_remaining_time h=3: torch.Size([3945, 8])
[2024-08-13 11:06:12,548][func.train][INFO] - [DATASET] gt_remaining_time h=5: torch.Size([3945, 8])
[2024-08-13 11:06:12,747][func.train][INFO] - [DATASET] gt_remaining_time h=18: torch.Size([3945, 8])
[2024-08-13 11:06:12,748][func.train][INFO] - 

[2024-08-13 11:06:12,748][func.train][INFO] - [DATASET] video_idx: 32
[2024-08-13 11:06:12,907][func.train][INFO] - [DATASET] Sampled video_idx: 32 at 25 fps to 2116 frames
[2024-08-13 11:06:12,908][func.train][INFO] - [DATASET] video 32 phase_labels: torch.Size([2116])
[2024-08-13 11:06:12,957][func.train][INFO] - [DATASET] gt_remaining_time h=2: torch.Size([2116, 8])
[2024-08-13 11:06:13,005][func.train][INFO] - [DATASET] gt_remaining_time h=3: torch.Size([2116, 8])
[2024-08-13 11:06:13,072][func.train][INFO] - [DATASET] gt_remaining_time h=5: torch.Size([2116, 8])
[2024-08-13 11:06:13,245][func.train][INFO] - [DATASET] gt_remaining_time h=18: torch.Size([2116, 8])
[2024-08-13 11:06:13,246][func.train][INFO] - 

[2024-08-13 11:06:13,246][func.train][INFO] - [DATASET] video_idx: 33
[2024-08-13 11:06:13,382][func.train][INFO] - [DATASET] Sampled video_idx: 33 at 25 fps to 1307 frames
[2024-08-13 11:06:13,382][func.train][INFO] - [DATASET] video 33 phase_labels: torch.Size([1307])
[2024-08-13 11:06:13,417][func.train][INFO] - [DATASET] gt_remaining_time h=2: torch.Size([1307, 8])
[2024-08-13 11:06:13,461][func.train][INFO] - [DATASET] gt_remaining_time h=3: torch.Size([1307, 8])
[2024-08-13 11:06:13,517][func.train][INFO] - [DATASET] gt_remaining_time h=5: torch.Size([1307, 8])
[2024-08-13 11:06:13,647][func.train][INFO] - [DATASET] gt_remaining_time h=18: torch.Size([1307, 8])
[2024-08-13 11:06:13,648][func.train][INFO] - 

[2024-08-13 11:06:13,648][func.train][INFO] - [DATASET] video_idx: 34
[2024-08-13 11:06:13,784][func.train][INFO] - [DATASET] Sampled video_idx: 34 at 25 fps to 1323 frames
[2024-08-13 11:06:13,784][func.train][INFO] - [DATASET] video 34 phase_labels: torch.Size([1323])
[2024-08-13 11:06:13,821][func.train][INFO] - [DATASET] gt_remaining_time h=2: torch.Size([1323, 8])
[2024-08-13 11:06:13,868][func.train][INFO] - [DATASET] gt_remaining_time h=3: torch.Size([1323, 8])
[2024-08-13 11:06:13,928][func.train][INFO] - [DATASET] gt_remaining_time h=5: torch.Size([1323, 8])
[2024-08-13 11:06:14,073][func.train][INFO] - [DATASET] gt_remaining_time h=18: torch.Size([1323, 8])
[2024-08-13 11:06:14,073][func.train][INFO] - 

[2024-08-13 11:06:14,073][func.train][INFO] - [DATASET] video_idx: 35
[2024-08-13 11:06:14,214][func.train][INFO] - [DATASET] Sampled video_idx: 35 at 25 fps to 2106 frames
[2024-08-13 11:06:14,215][func.train][INFO] - [DATASET] video 35 phase_labels: torch.Size([2106])
[2024-08-13 11:06:14,270][func.train][INFO] - [DATASET] gt_remaining_time h=2: torch.Size([2106, 8])
[2024-08-13 11:06:14,321][func.train][INFO] - [DATASET] gt_remaining_time h=3: torch.Size([2106, 8])
[2024-08-13 11:06:14,392][func.train][INFO] - [DATASET] gt_remaining_time h=5: torch.Size([2106, 8])
[2024-08-13 11:06:14,588][func.train][INFO] - [DATASET] gt_remaining_time h=18: torch.Size([2106, 8])
[2024-08-13 11:06:14,588][func.train][INFO] - 

[2024-08-13 11:06:14,589][func.train][INFO] - [DATASET] video_idx: 36
[2024-08-13 11:06:14,744][func.train][INFO] - [DATASET] Sampled video_idx: 36 at 25 fps to 2387 frames
[2024-08-13 11:06:14,745][func.train][INFO] - [DATASET] video 36 phase_labels: torch.Size([2387])
[2024-08-13 11:06:14,796][func.train][INFO] - [DATASET] gt_remaining_time h=2: torch.Size([2387, 8])
[2024-08-13 11:06:14,859][func.train][INFO] - [DATASET] gt_remaining_time h=3: torch.Size([2387, 8])
[2024-08-13 11:06:14,938][func.train][INFO] - [DATASET] gt_remaining_time h=5: torch.Size([2387, 8])
[2024-08-13 11:06:15,126][func.train][INFO] - [DATASET] gt_remaining_time h=18: torch.Size([2387, 8])
[2024-08-13 11:06:15,127][func.train][INFO] - 

[2024-08-13 11:06:15,127][func.train][INFO] - [DATASET] video_idx: 37
[2024-08-13 11:06:15,279][func.train][INFO] - [DATASET] Sampled video_idx: 37 at 25 fps to 1232 frames
[2024-08-13 11:06:15,279][func.train][INFO] - [DATASET] video 37 phase_labels: torch.Size([1232])
[2024-08-13 11:06:15,315][func.train][INFO] - [DATASET] gt_remaining_time h=2: torch.Size([1232, 8])
[2024-08-13 11:06:15,362][func.train][INFO] - [DATASET] gt_remaining_time h=3: torch.Size([1232, 8])
[2024-08-13 11:06:15,418][func.train][INFO] - [DATASET] gt_remaining_time h=5: torch.Size([1232, 8])
[2024-08-13 11:06:15,574][func.train][INFO] - [DATASET] gt_remaining_time h=18: torch.Size([1232, 8])
[2024-08-13 11:06:15,575][func.train][INFO] - 

[2024-08-13 11:06:15,575][func.train][INFO] - [DATASET] video_idx: 38
[2024-08-13 11:06:15,730][func.train][INFO] - [DATASET] Sampled video_idx: 38 at 25 fps to 3080 frames
[2024-08-13 11:06:15,732][func.train][INFO] - [DATASET] video 38 phase_labels: torch.Size([3080])
[2024-08-13 11:06:15,794][func.train][INFO] - [DATASET] gt_remaining_time h=2: torch.Size([3080, 8])
[2024-08-13 11:06:15,860][func.train][INFO] - [DATASET] gt_remaining_time h=3: torch.Size([3080, 8])
[2024-08-13 11:06:15,942][func.train][INFO] - [DATASET] gt_remaining_time h=5: torch.Size([3080, 8])
[2024-08-13 11:06:16,136][func.train][INFO] - [DATASET] gt_remaining_time h=18: torch.Size([3080, 8])
[2024-08-13 11:06:16,138][func.train][INFO] - 

[2024-08-13 11:06:16,138][func.train][INFO] - [DATASET] video_idx: 39
[2024-08-13 11:06:16,285][func.train][INFO] - [DATASET] Sampled video_idx: 39 at 25 fps to 1647 frames
[2024-08-13 11:06:16,286][func.train][INFO] - [DATASET] video 39 phase_labels: torch.Size([1647])
[2024-08-13 11:06:16,329][func.train][INFO] - [DATASET] gt_remaining_time h=2: torch.Size([1647, 8])
[2024-08-13 11:06:16,377][func.train][INFO] - [DATASET] gt_remaining_time h=3: torch.Size([1647, 8])
[2024-08-13 11:06:16,443][func.train][INFO] - [DATASET] gt_remaining_time h=5: torch.Size([1647, 8])
[2024-08-13 11:06:16,610][func.train][INFO] - [DATASET] gt_remaining_time h=18: torch.Size([1647, 8])
[2024-08-13 11:06:16,611][func.train][INFO] - 

[2024-08-13 11:06:16,611][func.train][INFO] - [DATASET] video_idx: 40
[2024-08-13 11:06:16,767][func.train][INFO] - [DATASET] Sampled video_idx: 40 at 25 fps to 2222 frames
[2024-08-13 11:06:16,768][func.train][INFO] - [DATASET] video 40 phase_labels: torch.Size([2222])
[2024-08-13 11:06:16,819][func.train][INFO] - [DATASET] gt_remaining_time h=2: torch.Size([2222, 8])
[2024-08-13 11:06:16,880][func.train][INFO] - [DATASET] gt_remaining_time h=3: torch.Size([2222, 8])
[2024-08-13 11:06:16,960][func.train][INFO] - [DATASET] gt_remaining_time h=5: torch.Size([2222, 8])
[2024-08-13 11:06:17,152][func.train][INFO] - [DATASET] gt_remaining_time h=18: torch.Size([2222, 8])
[2024-08-13 11:06:17,153][func.train][INFO] - 

[2024-08-13 11:06:17,153][func.train][INFO] - [DATASET] video_idx: 41
[2024-08-13 11:06:17,302][func.train][INFO] - [DATASET] Sampled video_idx: 41 at 25 fps to 3103 frames
[2024-08-13 11:06:17,303][func.train][INFO] - [DATASET] video 41 phase_labels: torch.Size([3103])
[2024-08-13 11:06:17,371][func.train][INFO] - [DATASET] gt_remaining_time h=2: torch.Size([3103, 8])
[2024-08-13 11:06:17,441][func.train][INFO] - [DATASET] gt_remaining_time h=3: torch.Size([3103, 8])
[2024-08-13 11:06:17,529][func.train][INFO] - [DATASET] gt_remaining_time h=5: torch.Size([3103, 8])
[2024-08-13 11:06:17,735][func.train][INFO] - [DATASET] gt_remaining_time h=18: torch.Size([3103, 8])
[2024-08-13 11:06:17,737][func.train][INFO] - 

[2024-08-13 11:06:17,737][func.train][INFO] - [DATASET] video_idx: 42
[2024-08-13 11:06:17,892][func.train][INFO] - [DATASET] Sampled video_idx: 42 at 25 fps to 3712 frames
[2024-08-13 11:06:17,893][func.train][INFO] - [DATASET] video 42 phase_labels: torch.Size([3712])
[2024-08-13 11:06:17,971][func.train][INFO] - [DATASET] gt_remaining_time h=2: torch.Size([3712, 8])
[2024-08-13 11:06:18,050][func.train][INFO] - [DATASET] gt_remaining_time h=3: torch.Size([3712, 8])
[2024-08-13 11:06:18,146][func.train][INFO] - [DATASET] gt_remaining_time h=5: torch.Size([3712, 8])
[2024-08-13 11:06:18,353][func.train][INFO] - [DATASET] gt_remaining_time h=18: torch.Size([3712, 8])
[2024-08-13 11:06:18,354][func.train][INFO] - 

[2024-08-13 11:06:18,354][func.train][INFO] - [DATASET] video_idx: 43
[2024-08-13 11:06:18,500][func.train][INFO] - [DATASET] Sampled video_idx: 43 at 25 fps to 2362 frames
[2024-08-13 11:06:18,501][func.train][INFO] - [DATASET] video 43 phase_labels: torch.Size([2362])
[2024-08-13 11:06:18,559][func.train][INFO] - [DATASET] gt_remaining_time h=2: torch.Size([2362, 8])
[2024-08-13 11:06:18,612][func.train][INFO] - [DATASET] gt_remaining_time h=3: torch.Size([2362, 8])
[2024-08-13 11:06:18,690][func.train][INFO] - [DATASET] gt_remaining_time h=5: torch.Size([2362, 8])
[2024-08-13 11:06:18,896][func.train][INFO] - [DATASET] gt_remaining_time h=18: torch.Size([2362, 8])
[2024-08-13 11:06:18,897][func.train][INFO] - 

[2024-08-13 11:06:18,897][func.train][INFO] - [DATASET] video_idx: 44
[2024-08-13 11:06:19,062][func.train][INFO] - [DATASET] Sampled video_idx: 44 at 25 fps to 3127 frames
[2024-08-13 11:06:19,063][func.train][INFO] - [DATASET] video 44 phase_labels: torch.Size([3127])
[2024-08-13 11:06:19,129][func.train][INFO] - [DATASET] gt_remaining_time h=2: torch.Size([3127, 8])
[2024-08-13 11:06:19,200][func.train][INFO] - [DATASET] gt_remaining_time h=3: torch.Size([3127, 8])
[2024-08-13 11:06:19,288][func.train][INFO] - [DATASET] gt_remaining_time h=5: torch.Size([3127, 8])
[2024-08-13 11:06:19,493][func.train][INFO] - [DATASET] gt_remaining_time h=18: torch.Size([3127, 8])
[2024-08-13 11:06:19,493][func.train][INFO] - 

[2024-08-13 11:06:19,493][func.train][INFO] - [DATASET] video_idx: 45
[2024-08-13 11:06:19,668][func.train][INFO] - [DATASET] Sampled video_idx: 45 at 25 fps to 3387 frames
[2024-08-13 11:06:19,670][func.train][INFO] - [DATASET] video 45 phase_labels: torch.Size([3387])
[2024-08-13 11:06:19,758][func.train][INFO] - [DATASET] gt_remaining_time h=2: torch.Size([3387, 8])
[2024-08-13 11:06:19,831][func.train][INFO] - [DATASET] gt_remaining_time h=3: torch.Size([3387, 8])
[2024-08-13 11:06:19,915][func.train][INFO] - [DATASET] gt_remaining_time h=5: torch.Size([3387, 8])
[2024-08-13 11:06:20,154][func.train][INFO] - [DATASET] gt_remaining_time h=18: torch.Size([3387, 8])
[2024-08-13 11:06:20,155][func.train][INFO] - 

[2024-08-13 11:06:20,155][func.train][INFO] - [DATASET] video_idx: 46
[2024-08-13 11:06:20,302][func.train][INFO] - [DATASET] Sampled video_idx: 46 at 25 fps to 1653 frames
[2024-08-13 11:06:20,302][func.train][INFO] - [DATASET] video 46 phase_labels: torch.Size([1653])
[2024-08-13 11:06:20,367][func.train][INFO] - [DATASET] gt_remaining_time h=2: torch.Size([1653, 8])
[2024-08-13 11:06:20,416][func.train][INFO] - [DATASET] gt_remaining_time h=3: torch.Size([1653, 8])
[2024-08-13 11:06:20,494][func.train][INFO] - [DATASET] gt_remaining_time h=5: torch.Size([1653, 8])
[2024-08-13 11:06:20,684][func.train][INFO] - [DATASET] gt_remaining_time h=18: torch.Size([1653, 8])
[2024-08-13 11:06:20,685][func.train][INFO] - 

[2024-08-13 11:06:20,685][func.train][INFO] - [DATASET] video_idx: 47
[2024-08-13 11:06:20,852][func.train][INFO] - [DATASET] Sampled video_idx: 47 at 25 fps to 2259 frames
[2024-08-13 11:06:20,853][func.train][INFO] - [DATASET] video 47 phase_labels: torch.Size([2259])
[2024-08-13 11:06:20,907][func.train][INFO] - [DATASET] gt_remaining_time h=2: torch.Size([2259, 8])
[2024-08-13 11:06:20,985][func.train][INFO] - [DATASET] gt_remaining_time h=3: torch.Size([2259, 8])
[2024-08-13 11:06:21,079][func.train][INFO] - [DATASET] gt_remaining_time h=5: torch.Size([2259, 8])
[2024-08-13 11:06:21,271][func.train][INFO] - [DATASET] gt_remaining_time h=18: torch.Size([2259, 8])
[2024-08-13 11:06:21,271][func.train][INFO] - 

[2024-08-13 11:06:21,272][func.train][INFO] - [DATASET] video_idx: 48
[2024-08-13 11:06:21,427][func.train][INFO] - [DATASET] Sampled video_idx: 48 at 25 fps to 1834 frames
[2024-08-13 11:06:21,428][func.train][INFO] - [DATASET] video 48 phase_labels: torch.Size([1834])
[2024-08-13 11:06:21,475][func.train][INFO] - [DATASET] gt_remaining_time h=2: torch.Size([1834, 8])
[2024-08-13 11:06:21,523][func.train][INFO] - [DATASET] gt_remaining_time h=3: torch.Size([1834, 8])
[2024-08-13 11:06:21,590][func.train][INFO] - [DATASET] gt_remaining_time h=5: torch.Size([1834, 8])
[2024-08-13 11:06:21,764][func.train][INFO] - [DATASET] gt_remaining_time h=18: torch.Size([1834, 8])
[2024-08-13 11:06:21,765][func.train][INFO] - 

[2024-08-13 11:06:21,765][func.train][INFO] - [DATASET] video_idx: 49
[2024-08-13 11:06:21,911][func.train][INFO] - [DATASET] Sampled video_idx: 49 at 25 fps to 1671 frames
[2024-08-13 11:06:21,911][func.train][INFO] - [DATASET] video 49 phase_labels: torch.Size([1671])
[2024-08-13 11:06:21,954][func.train][INFO] - [DATASET] gt_remaining_time h=2: torch.Size([1671, 8])
[2024-08-13 11:06:22,000][func.train][INFO] - [DATASET] gt_remaining_time h=3: torch.Size([1671, 8])
[2024-08-13 11:06:22,064][func.train][INFO] - [DATASET] gt_remaining_time h=5: torch.Size([1671, 8])
[2024-08-13 11:06:22,208][func.train][INFO] - [DATASET] gt_remaining_time h=18: torch.Size([1671, 8])
[2024-08-13 11:06:22,209][func.train][INFO] - 

[2024-08-13 11:06:22,209][func.train][INFO] - [DATASET] video_idx: 50
[2024-08-13 11:06:22,361][func.train][INFO] - [DATASET] Sampled video_idx: 50 at 25 fps to 1094 frames
[2024-08-13 11:06:22,362][func.train][INFO] - [DATASET] video 50 phase_labels: torch.Size([1094])
[2024-08-13 11:06:22,392][func.train][INFO] - [DATASET] gt_remaining_time h=2: torch.Size([1094, 8])
[2024-08-13 11:06:22,427][func.train][INFO] - [DATASET] gt_remaining_time h=3: torch.Size([1094, 8])
[2024-08-13 11:06:22,485][func.train][INFO] - [DATASET] gt_remaining_time h=5: torch.Size([1094, 8])
[2024-08-13 11:06:22,596][func.train][INFO] - [DATASET] gt_remaining_time h=18: torch.Size([1094, 8])
[2024-08-13 11:06:22,597][func.train][INFO] - 

[2024-08-13 11:06:22,597][func.train][INFO] - [DATASET] video_idx: 51
[2024-08-13 11:06:22,752][func.train][INFO] - [DATASET] Sampled video_idx: 51 at 25 fps to 2944 frames
[2024-08-13 11:06:22,753][func.train][INFO] - [DATASET] video 51 phase_labels: torch.Size([2944])
[2024-08-13 11:06:22,812][func.train][INFO] - [DATASET] gt_remaining_time h=2: torch.Size([2944, 8])
[2024-08-13 11:06:22,878][func.train][INFO] - [DATASET] gt_remaining_time h=3: torch.Size([2944, 8])
[2024-08-13 11:06:22,959][func.train][INFO] - [DATASET] gt_remaining_time h=5: torch.Size([2944, 8])
[2024-08-13 11:06:23,144][func.train][INFO] - [DATASET] gt_remaining_time h=18: torch.Size([2944, 8])
[2024-08-13 11:06:23,144][func.train][INFO] - 

[2024-08-13 11:06:23,144][func.train][INFO] - [DATASET] video_idx: 52
[2024-08-13 11:06:23,300][func.train][INFO] - [DATASET] Sampled video_idx: 52 at 25 fps to 1966 frames
[2024-08-13 11:06:23,301][func.train][INFO] - [DATASET] video 52 phase_labels: torch.Size([1966])
[2024-08-13 11:06:23,347][func.train][INFO] - [DATASET] gt_remaining_time h=2: torch.Size([1966, 8])
[2024-08-13 11:06:23,396][func.train][INFO] - [DATASET] gt_remaining_time h=3: torch.Size([1966, 8])
[2024-08-13 11:06:23,461][func.train][INFO] - [DATASET] gt_remaining_time h=5: torch.Size([1966, 8])
[2024-08-13 11:06:23,615][func.train][INFO] - [DATASET] gt_remaining_time h=18: torch.Size([1966, 8])
[2024-08-13 11:06:23,615][func.train][INFO] - 

[2024-08-13 11:06:23,615][func.train][INFO] - [DATASET] video_idx: 53
[2024-08-13 11:06:23,759][func.train][INFO] - [DATASET] Sampled video_idx: 53 at 25 fps to 3283 frames
[2024-08-13 11:06:23,760][func.train][INFO] - [DATASET] video 53 phase_labels: torch.Size([3283])
[2024-08-13 11:06:23,824][func.train][INFO] - [DATASET] gt_remaining_time h=2: torch.Size([3283, 8])
[2024-08-13 11:06:23,887][func.train][INFO] - [DATASET] gt_remaining_time h=3: torch.Size([3283, 8])
[2024-08-13 11:06:23,966][func.train][INFO] - [DATASET] gt_remaining_time h=5: torch.Size([3283, 8])
[2024-08-13 11:06:24,150][func.train][INFO] - [DATASET] gt_remaining_time h=18: torch.Size([3283, 8])
[2024-08-13 11:06:24,150][func.train][INFO] - 

[2024-08-13 11:06:24,150][func.train][INFO] - [DATASET] video_idx: 54
[2024-08-13 11:06:24,328][func.train][INFO] - [DATASET] Sampled video_idx: 54 at 25 fps to 3100 frames
[2024-08-13 11:06:24,330][func.train][INFO] - [DATASET] video 54 phase_labels: torch.Size([3100])
[2024-08-13 11:06:24,394][func.train][INFO] - [DATASET] gt_remaining_time h=2: torch.Size([3100, 8])
[2024-08-13 11:06:24,456][func.train][INFO] - [DATASET] gt_remaining_time h=3: torch.Size([3100, 8])
[2024-08-13 11:06:24,534][func.train][INFO] - [DATASET] gt_remaining_time h=5: torch.Size([3100, 8])
[2024-08-13 11:06:24,718][func.train][INFO] - [DATASET] gt_remaining_time h=18: torch.Size([3100, 8])
[2024-08-13 11:06:24,718][func.train][INFO] - 

[2024-08-13 11:06:24,718][func.train][INFO] - [DATASET] video_idx: 55
[2024-08-13 11:06:24,862][func.train][INFO] - [DATASET] Sampled video_idx: 55 at 25 fps to 1037 frames
[2024-08-13 11:06:24,863][func.train][INFO] - [DATASET] video 55 phase_labels: torch.Size([1037])
[2024-08-13 11:06:24,895][func.train][INFO] - [DATASET] gt_remaining_time h=2: torch.Size([1037, 8])
[2024-08-13 11:06:24,931][func.train][INFO] - [DATASET] gt_remaining_time h=3: torch.Size([1037, 8])
[2024-08-13 11:06:24,984][func.train][INFO] - [DATASET] gt_remaining_time h=5: torch.Size([1037, 8])
[2024-08-13 11:06:25,102][func.train][INFO] - [DATASET] gt_remaining_time h=18: torch.Size([1037, 8])
[2024-08-13 11:06:25,103][func.train][INFO] - 

[2024-08-13 11:06:25,103][func.train][INFO] - [DATASET] video_idx: 56
[2024-08-13 11:06:25,249][func.train][INFO] - [DATASET] Sampled video_idx: 56 at 25 fps to 1834 frames
[2024-08-13 11:06:25,250][func.train][INFO] - [DATASET] video 56 phase_labels: torch.Size([1834])
[2024-08-13 11:06:25,294][func.train][INFO] - [DATASET] gt_remaining_time h=2: torch.Size([1834, 8])
[2024-08-13 11:06:25,342][func.train][INFO] - [DATASET] gt_remaining_time h=3: torch.Size([1834, 8])
[2024-08-13 11:06:25,405][func.train][INFO] - [DATASET] gt_remaining_time h=5: torch.Size([1834, 8])
[2024-08-13 11:06:25,579][func.train][INFO] - [DATASET] gt_remaining_time h=18: torch.Size([1834, 8])
[2024-08-13 11:06:25,579][func.train][INFO] - 

[2024-08-13 11:06:25,579][func.train][INFO] - [DATASET] video_idx: 57
[2024-08-13 11:06:25,741][func.train][INFO] - [DATASET] Sampled video_idx: 57 at 25 fps to 2632 frames
[2024-08-13 11:06:25,742][func.train][INFO] - [DATASET] video 57 phase_labels: torch.Size([2632])
[2024-08-13 11:06:25,797][func.train][INFO] - [DATASET] gt_remaining_time h=2: torch.Size([2632, 8])
[2024-08-13 11:06:25,855][func.train][INFO] - [DATASET] gt_remaining_time h=3: torch.Size([2632, 8])
[2024-08-13 11:06:25,928][func.train][INFO] - [DATASET] gt_remaining_time h=5: torch.Size([2632, 8])
[2024-08-13 11:06:26,106][func.train][INFO] - [DATASET] gt_remaining_time h=18: torch.Size([2632, 8])
[2024-08-13 11:06:26,107][func.train][INFO] - 

[2024-08-13 11:06:26,107][func.train][INFO] - [DATASET] video_idx: 58
[2024-08-13 11:06:26,261][func.train][INFO] - [DATASET] Sampled video_idx: 58 at 25 fps to 5993 frames
[2024-08-13 11:06:26,262][func.train][INFO] - [DATASET] video 58 phase_labels: torch.Size([5993])
[2024-08-13 11:06:26,385][func.train][INFO] - [DATASET] gt_remaining_time h=2: torch.Size([5993, 8])
[2024-08-13 11:06:26,498][func.train][INFO] - [DATASET] gt_remaining_time h=3: torch.Size([5993, 8])
[2024-08-13 11:06:26,615][func.train][INFO] - [DATASET] gt_remaining_time h=5: torch.Size([5993, 8])
[2024-08-13 11:06:26,836][func.train][INFO] - [DATASET] gt_remaining_time h=18: torch.Size([5993, 8])
[2024-08-13 11:06:26,836][func.train][INFO] - 

[2024-08-13 11:06:26,836][func.train][INFO] - [DATASET] video_idx: 59
[2024-08-13 11:06:26,973][func.train][INFO] - [DATASET] Sampled video_idx: 59 at 25 fps to 1046 frames
[2024-08-13 11:06:26,974][func.train][INFO] - [DATASET] video 59 phase_labels: torch.Size([1046])
[2024-08-13 11:06:27,006][func.train][INFO] - [DATASET] gt_remaining_time h=2: torch.Size([1046, 8])
[2024-08-13 11:06:27,043][func.train][INFO] - [DATASET] gt_remaining_time h=3: torch.Size([1046, 8])
[2024-08-13 11:06:27,096][func.train][INFO] - [DATASET] gt_remaining_time h=5: torch.Size([1046, 8])
[2024-08-13 11:06:27,214][func.train][INFO] - [DATASET] gt_remaining_time h=18: torch.Size([1046, 8])
[2024-08-13 11:06:27,214][func.train][INFO] - 

[2024-08-13 11:06:27,214][func.train][INFO] - [DATASET] video_idx: 60
[2024-08-13 11:06:27,367][func.train][INFO] - [DATASET] Sampled video_idx: 60 at 25 fps to 2532 frames
[2024-08-13 11:06:27,368][func.train][INFO] - [DATASET] video 60 phase_labels: torch.Size([2532])
[2024-08-13 11:06:27,421][func.train][INFO] - [DATASET] gt_remaining_time h=2: torch.Size([2532, 8])
[2024-08-13 11:06:27,478][func.train][INFO] - [DATASET] gt_remaining_time h=3: torch.Size([2532, 8])
[2024-08-13 11:06:27,554][func.train][INFO] - [DATASET] gt_remaining_time h=5: torch.Size([2532, 8])
[2024-08-13 11:06:27,736][func.train][INFO] - [DATASET] gt_remaining_time h=18: torch.Size([2532, 8])
[2024-08-13 11:06:27,737][func.train][INFO] - 

[2024-08-13 11:06:27,737][func.train][INFO] - [DATASET] number of train videos: 60
[2024-08-13 11:06:27,737][func.train][INFO] - [DATASET] avg video length: 38.02 minutes
[2024-08-13 11:06:27,774][func.train][INFO] - [DATASET] num classes at 1fps in train: (136873,)
[2024-08-13 11:06:27,776][func.train][INFO] - [DATASET] classes_counts_dict: {0: 6410, 1: 57370, 2: 11129, 3: 39289, 4: 5529, 5: 12039, 6: 5107}
[2024-08-13 11:06:27,777][func.train][INFO] - [DATASET] curr_class_weights: tensor([3.0504, 0.3408, 1.7570, 0.4977, 3.5365, 1.6242, 3.8287])
[2024-08-13 11:06:27,777][func.train][INFO] - [DATASET] num_eos_vals: 19553.285714285714
[2024-08-13 11:06:27,777][func.train][INFO] - [DATASET] classes_counts_dict: {0: 6410, 1: 57370, 2: 11129, 3: 39289, 4: 5529, 5: 12039, 6: 5107, 7: 19553}
[2024-08-13 11:06:27,778][func.train][INFO] - [DATASET] next_class_weights: tensor([3.0504, 0.3408, 1.7570, 0.4977, 3.5365, 1.6242, 3.8287, 1.0000])
[2024-08-13 11:06:29,298][func.train][INFO] - [DATASET] df unique videos: [1 2 3 4 5 6 7 8 9 10 11 12 13 14 15 16 17 18 19 20 21 22 23 24 25 26 27
 28 29 30 31 32 33 34 35 36 37 38 39 40 41 42 43 44 45 46 47 48 49 50 51
 52 53 54 55 56 57 58 59 60 61 62 63 64 65 66 67 68 69 70 71 72 73 74 75
 76 77 78 79 80]
[2024-08-13 11:06:29,299][func.train][INFO] - [DATASET] split: test video_indices: [61]
[2024-08-13 11:06:29,377][func.train][INFO] - [DATASET] test size: 110226
[2024-08-13 11:06:29,377][func.train][INFO] - [DATASET] test video_indices: [61]
[2024-08-13 11:06:29,378][func.train][INFO] - [DATASET] video_idx: 61
[2024-08-13 11:06:29,398][func.train][INFO] - [DATASET] Sampled video_idx: 61 at 25 fps to 4409 frames
[2024-08-13 11:06:29,399][func.train][INFO] - [DATASET] video 61 phase_labels: torch.Size([4409])
[2024-08-13 11:06:29,498][func.train][INFO] - [DATASET] gt_remaining_time h=2: torch.Size([4409, 8])
[2024-08-13 11:06:29,624][func.train][INFO] - [DATASET] gt_remaining_time h=3: torch.Size([4409, 8])
[2024-08-13 11:06:29,763][func.train][INFO] - [DATASET] gt_remaining_time h=5: torch.Size([4409, 8])
[2024-08-13 11:06:30,057][func.train][INFO] - [DATASET] gt_remaining_time h=18: torch.Size([4409, 8])
[2024-08-13 11:06:30,058][func.train][INFO] - 

[2024-08-13 11:06:30,058][func.train][INFO] - [DATASET] number of test videos: 1
[2024-08-13 11:06:30,058][func.train][INFO] - [DATASET] avg video length: 73.48 minutes
[2024-08-13 11:06:31,502][func.train][INFO] - [DATASET] df unique videos: [1 2 3 4 5 6 7 8 9 10 11 12 13 14 15 16 17 18 19 20 21 22 23 24 25 26 27
 28 29 30 31 32 33 34 35 36 37 38 39 40 41 42 43 44 45 46 47 48 49 50 51
 52 53 54 55 56 57 58 59 60 61 62 63 64 65 66 67 68 69 70 71 72 73 74 75
 76 77 78 79 80]
[2024-08-13 11:06:31,502][func.train][INFO] - [DATASET] split: test video_indices: [62]
[2024-08-13 11:06:31,563][func.train][INFO] - [DATASET] test size: 50801
[2024-08-13 11:06:31,563][func.train][INFO] - [DATASET] test video_indices: [62]
[2024-08-13 11:06:31,564][func.train][INFO] - [DATASET] video_idx: 62
[2024-08-13 11:06:31,572][func.train][INFO] - [DATASET] Sampled video_idx: 62 at 25 fps to 2032 frames
[2024-08-13 11:06:31,573][func.train][INFO] - [DATASET] video 62 phase_labels: torch.Size([2032])
[2024-08-13 11:06:31,617][func.train][INFO] - [DATASET] gt_remaining_time h=2: torch.Size([2032, 8])
[2024-08-13 11:06:31,668][func.train][INFO] - [DATASET] gt_remaining_time h=3: torch.Size([2032, 8])
[2024-08-13 11:06:31,734][func.train][INFO] - [DATASET] gt_remaining_time h=5: torch.Size([2032, 8])
[2024-08-13 11:06:31,908][func.train][INFO] - [DATASET] gt_remaining_time h=18: torch.Size([2032, 8])
[2024-08-13 11:06:31,908][func.train][INFO] - 

[2024-08-13 11:06:31,908][func.train][INFO] - [DATASET] number of test videos: 1
[2024-08-13 11:06:31,909][func.train][INFO] - [DATASET] avg video length: 33.87 minutes
[2024-08-13 11:06:33,372][func.train][INFO] - [DATASET] df unique videos: [1 2 3 4 5 6 7 8 9 10 11 12 13 14 15 16 17 18 19 20 21 22 23 24 25 26 27
 28 29 30 31 32 33 34 35 36 37 38 39 40 41 42 43 44 45 46 47 48 49 50 51
 52 53 54 55 56 57 58 59 60 61 62 63 64 65 66 67 68 69 70 71 72 73 74 75
 76 77 78 79 80]
[2024-08-13 11:06:33,373][func.train][INFO] - [DATASET] split: test video_indices: [63]
[2024-08-13 11:06:33,460][func.train][INFO] - [DATASET] test size: 85826
[2024-08-13 11:06:33,460][func.train][INFO] - [DATASET] test video_indices: [63]
[2024-08-13 11:06:33,461][func.train][INFO] - [DATASET] video_idx: 63
[2024-08-13 11:06:33,478][func.train][INFO] - [DATASET] Sampled video_idx: 63 at 25 fps to 3433 frames
[2024-08-13 11:06:33,479][func.train][INFO] - [DATASET] video 63 phase_labels: torch.Size([3433])
[2024-08-13 11:06:33,548][func.train][INFO] - [DATASET] gt_remaining_time h=2: torch.Size([3433, 8])
[2024-08-13 11:06:33,614][func.train][INFO] - [DATASET] gt_remaining_time h=3: torch.Size([3433, 8])
[2024-08-13 11:06:33,700][func.train][INFO] - [DATASET] gt_remaining_time h=5: torch.Size([3433, 8])
[2024-08-13 11:06:33,878][func.train][INFO] - [DATASET] gt_remaining_time h=18: torch.Size([3433, 8])
[2024-08-13 11:06:33,879][func.train][INFO] - 

[2024-08-13 11:06:33,879][func.train][INFO] - [DATASET] number of test videos: 1
[2024-08-13 11:06:33,879][func.train][INFO] - [DATASET] avg video length: 57.22 minutes
[2024-08-13 11:06:35,328][func.train][INFO] - [DATASET] df unique videos: [1 2 3 4 5 6 7 8 9 10 11 12 13 14 15 16 17 18 19 20 21 22 23 24 25 26 27
 28 29 30 31 32 33 34 35 36 37 38 39 40 41 42 43 44 45 46 47 48 49 50 51
 52 53 54 55 56 57 58 59 60 61 62 63 64 65 66 67 68 69 70 71 72 73 74 75
 76 77 78 79 80]
[2024-08-13 11:06:35,329][func.train][INFO] - [DATASET] split: test video_indices: [64]
[2024-08-13 11:06:35,392][func.train][INFO] - [DATASET] test size: 59951
[2024-08-13 11:06:35,392][func.train][INFO] - [DATASET] test video_indices: [64]
[2024-08-13 11:06:35,392][func.train][INFO] - [DATASET] video_idx: 64
[2024-08-13 11:06:35,403][func.train][INFO] - [DATASET] Sampled video_idx: 64 at 25 fps to 2398 frames
[2024-08-13 11:06:35,404][func.train][INFO] - [DATASET] video 64 phase_labels: torch.Size([2398])
[2024-08-13 11:06:35,454][func.train][INFO] - [DATASET] gt_remaining_time h=2: torch.Size([2398, 8])
[2024-08-13 11:06:35,506][func.train][INFO] - [DATASET] gt_remaining_time h=3: torch.Size([2398, 8])
[2024-08-13 11:06:35,575][func.train][INFO] - [DATASET] gt_remaining_time h=5: torch.Size([2398, 8])
[2024-08-13 11:06:35,748][func.train][INFO] - [DATASET] gt_remaining_time h=18: torch.Size([2398, 8])
[2024-08-13 11:06:35,749][func.train][INFO] - 

[2024-08-13 11:06:35,749][func.train][INFO] - [DATASET] number of test videos: 1
[2024-08-13 11:06:35,749][func.train][INFO] - [DATASET] avg video length: 39.97 minutes
[2024-08-13 11:06:37,369][func.train][INFO] - [DATASET] df unique videos: [1 2 3 4 5 6 7 8 9 10 11 12 13 14 15 16 17 18 19 20 21 22 23 24 25 26 27
 28 29 30 31 32 33 34 35 36 37 38 39 40 41 42 43 44 45 46 47 48 49 50 51
 52 53 54 55 56 57 58 59 60 61 62 63 64 65 66 67 68 69 70 71 72 73 74 75
 76 77 78 79 80]
[2024-08-13 11:06:37,369][func.train][INFO] - [DATASET] split: test video_indices: [65]
[2024-08-13 11:06:37,450][func.train][INFO] - [DATASET] test size: 46826
[2024-08-13 11:06:37,450][func.train][INFO] - [DATASET] test video_indices: [65]
[2024-08-13 11:06:37,450][func.train][INFO] - [DATASET] video_idx: 65
[2024-08-13 11:06:37,458][func.train][INFO] - [DATASET] Sampled video_idx: 65 at 25 fps to 1873 frames
[2024-08-13 11:06:37,459][func.train][INFO] - [DATASET] video 65 phase_labels: torch.Size([1873])
[2024-08-13 11:06:37,501][func.train][INFO] - [DATASET] gt_remaining_time h=2: torch.Size([1873, 8])
[2024-08-13 11:06:37,564][func.train][INFO] - [DATASET] gt_remaining_time h=3: torch.Size([1873, 8])
[2024-08-13 11:06:37,642][func.train][INFO] - [DATASET] gt_remaining_time h=5: torch.Size([1873, 8])
[2024-08-13 11:06:37,812][func.train][INFO] - [DATASET] gt_remaining_time h=18: torch.Size([1873, 8])
[2024-08-13 11:06:37,813][func.train][INFO] - 

[2024-08-13 11:06:37,813][func.train][INFO] - [DATASET] number of test videos: 1
[2024-08-13 11:06:37,813][func.train][INFO] - [DATASET] avg video length: 31.22 minutes
[2024-08-13 11:06:39,251][func.train][INFO] - [DATASET] df unique videos: [1 2 3 4 5 6 7 8 9 10 11 12 13 14 15 16 17 18 19 20 21 22 23 24 25 26 27
 28 29 30 31 32 33 34 35 36 37 38 39 40 41 42 43 44 45 46 47 48 49 50 51
 52 53 54 55 56 57 58 59 60 61 62 63 64 65 66 67 68 69 70 71 72 73 74 75
 76 77 78 79 80]
[2024-08-13 11:06:39,251][func.train][INFO] - [DATASET] split: test video_indices: [66]
[2024-08-13 11:06:39,312][func.train][INFO] - [DATASET] test size: 45601
[2024-08-13 11:06:39,312][func.train][INFO] - [DATASET] test video_indices: [66]
[2024-08-13 11:06:39,312][func.train][INFO] - [DATASET] video_idx: 66
[2024-08-13 11:06:39,323][func.train][INFO] - [DATASET] Sampled video_idx: 66 at 25 fps to 1824 frames
[2024-08-13 11:06:39,324][func.train][INFO] - [DATASET] video 66 phase_labels: torch.Size([1824])
[2024-08-13 11:06:39,369][func.train][INFO] - [DATASET] gt_remaining_time h=2: torch.Size([1824, 8])
[2024-08-13 11:06:39,415][func.train][INFO] - [DATASET] gt_remaining_time h=3: torch.Size([1824, 8])
[2024-08-13 11:06:39,478][func.train][INFO] - [DATASET] gt_remaining_time h=5: torch.Size([1824, 8])
[2024-08-13 11:06:39,631][func.train][INFO] - [DATASET] gt_remaining_time h=18: torch.Size([1824, 8])
[2024-08-13 11:06:39,633][func.train][INFO] - 

[2024-08-13 11:06:39,633][func.train][INFO] - [DATASET] number of test videos: 1
[2024-08-13 11:06:39,633][func.train][INFO] - [DATASET] avg video length: 30.40 minutes
[2024-08-13 11:06:41,033][func.train][INFO] - [DATASET] df unique videos: [1 2 3 4 5 6 7 8 9 10 11 12 13 14 15 16 17 18 19 20 21 22 23 24 25 26 27
 28 29 30 31 32 33 34 35 36 37 38 39 40 41 42 43 44 45 46 47 48 49 50 51
 52 53 54 55 56 57 58 59 60 61 62 63 64 65 66 67 68 69 70 71 72 73 74 75
 76 77 78 79 80]
[2024-08-13 11:06:41,033][func.train][INFO] - [DATASET] split: test video_indices: [67]
[2024-08-13 11:06:41,098][func.train][INFO] - [DATASET] test size: 58826
[2024-08-13 11:06:41,098][func.train][INFO] - [DATASET] test video_indices: [67]
[2024-08-13 11:06:41,099][func.train][INFO] - [DATASET] video_idx: 67
[2024-08-13 11:06:41,108][func.train][INFO] - [DATASET] Sampled video_idx: 67 at 25 fps to 2353 frames
[2024-08-13 11:06:41,109][func.train][INFO] - [DATASET] video 67 phase_labels: torch.Size([2353])
[2024-08-13 11:06:41,161][func.train][INFO] - [DATASET] gt_remaining_time h=2: torch.Size([2353, 8])
[2024-08-13 11:06:41,217][func.train][INFO] - [DATASET] gt_remaining_time h=3: torch.Size([2353, 8])
[2024-08-13 11:06:41,290][func.train][INFO] - [DATASET] gt_remaining_time h=5: torch.Size([2353, 8])
[2024-08-13 11:06:41,471][func.train][INFO] - [DATASET] gt_remaining_time h=18: torch.Size([2353, 8])
[2024-08-13 11:06:41,471][func.train][INFO] - 

[2024-08-13 11:06:41,472][func.train][INFO] - [DATASET] number of test videos: 1
[2024-08-13 11:06:41,472][func.train][INFO] - [DATASET] avg video length: 39.22 minutes
[2024-08-13 11:06:42,917][func.train][INFO] - [DATASET] df unique videos: [1 2 3 4 5 6 7 8 9 10 11 12 13 14 15 16 17 18 19 20 21 22 23 24 25 26 27
 28 29 30 31 32 33 34 35 36 37 38 39 40 41 42 43 44 45 46 47 48 49 50 51
 52 53 54 55 56 57 58 59 60 61 62 63 64 65 66 67 68 69 70 71 72 73 74 75
 76 77 78 79 80]
[2024-08-13 11:06:42,918][func.train][INFO] - [DATASET] split: test video_indices: [68]
[2024-08-13 11:06:42,979][func.train][INFO] - [DATASET] test size: 49301
[2024-08-13 11:06:42,979][func.train][INFO] - [DATASET] test video_indices: [68]
[2024-08-13 11:06:42,979][func.train][INFO] - [DATASET] video_idx: 68
[2024-08-13 11:06:42,987][func.train][INFO] - [DATASET] Sampled video_idx: 68 at 25 fps to 1972 frames
[2024-08-13 11:06:42,988][func.train][INFO] - [DATASET] video 68 phase_labels: torch.Size([1972])
[2024-08-13 11:06:43,035][func.train][INFO] - [DATASET] gt_remaining_time h=2: torch.Size([1972, 8])
[2024-08-13 11:06:43,085][func.train][INFO] - [DATASET] gt_remaining_time h=3: torch.Size([1972, 8])
[2024-08-13 11:06:43,153][func.train][INFO] - [DATASET] gt_remaining_time h=5: torch.Size([1972, 8])
[2024-08-13 11:06:43,323][func.train][INFO] - [DATASET] gt_remaining_time h=18: torch.Size([1972, 8])
[2024-08-13 11:06:43,324][func.train][INFO] - 

[2024-08-13 11:06:43,325][func.train][INFO] - [DATASET] number of test videos: 1
[2024-08-13 11:06:43,325][func.train][INFO] - [DATASET] avg video length: 32.87 minutes
[2024-08-13 11:06:44,884][func.train][INFO] - [DATASET] df unique videos: [1 2 3 4 5 6 7 8 9 10 11 12 13 14 15 16 17 18 19 20 21 22 23 24 25 26 27
 28 29 30 31 32 33 34 35 36 37 38 39 40 41 42 43 44 45 46 47 48 49 50 51
 52 53 54 55 56 57 58 59 60 61 62 63 64 65 66 67 68 69 70 71 72 73 74 75
 76 77 78 79 80]
[2024-08-13 11:06:44,884][func.train][INFO] - [DATASET] split: test video_indices: [69]
[2024-08-13 11:06:44,971][func.train][INFO] - [DATASET] test size: 114376
[2024-08-13 11:06:44,971][func.train][INFO] - [DATASET] test video_indices: [69]
[2024-08-13 11:06:44,971][func.train][INFO] - [DATASET] video_idx: 69
[2024-08-13 11:06:44,991][func.train][INFO] - [DATASET] Sampled video_idx: 69 at 25 fps to 4575 frames
[2024-08-13 11:06:44,992][func.train][INFO] - [DATASET] video 69 phase_labels: torch.Size([4575])
[2024-08-13 11:06:45,085][func.train][INFO] - [DATASET] gt_remaining_time h=2: torch.Size([4575, 8])
[2024-08-13 11:06:45,174][func.train][INFO] - [DATASET] gt_remaining_time h=3: torch.Size([4575, 8])
[2024-08-13 11:06:45,281][func.train][INFO] - [DATASET] gt_remaining_time h=5: torch.Size([4575, 8])
[2024-08-13 11:06:45,472][func.train][INFO] - [DATASET] gt_remaining_time h=18: torch.Size([4575, 8])
[2024-08-13 11:06:45,472][func.train][INFO] - 

[2024-08-13 11:06:45,472][func.train][INFO] - [DATASET] number of test videos: 1
[2024-08-13 11:06:45,473][func.train][INFO] - [DATASET] avg video length: 76.25 minutes
[2024-08-13 11:06:46,936][func.train][INFO] - [DATASET] df unique videos: [1 2 3 4 5 6 7 8 9 10 11 12 13 14 15 16 17 18 19 20 21 22 23 24 25 26 27
 28 29 30 31 32 33 34 35 36 37 38 39 40 41 42 43 44 45 46 47 48 49 50 51
 52 53 54 55 56 57 58 59 60 61 62 63 64 65 66 67 68 69 70 71 72 73 74 75
 76 77 78 79 80]
[2024-08-13 11:06:46,936][func.train][INFO] - [DATASET] split: test video_indices: [70]
[2024-08-13 11:06:46,992][func.train][INFO] - [DATASET] test size: 29851
[2024-08-13 11:06:46,992][func.train][INFO] - [DATASET] test video_indices: [70]
[2024-08-13 11:06:46,992][func.train][INFO] - [DATASET] video_idx: 70
[2024-08-13 11:06:46,997][func.train][INFO] - [DATASET] Sampled video_idx: 70 at 25 fps to 1194 frames
[2024-08-13 11:06:46,997][func.train][INFO] - [DATASET] video 70 phase_labels: torch.Size([1194])
[2024-08-13 11:06:47,031][func.train][INFO] - [DATASET] gt_remaining_time h=2: torch.Size([1194, 8])
[2024-08-13 11:06:47,070][func.train][INFO] - [DATASET] gt_remaining_time h=3: torch.Size([1194, 8])
[2024-08-13 11:06:47,125][func.train][INFO] - [DATASET] gt_remaining_time h=5: torch.Size([1194, 8])
[2024-08-13 11:06:47,257][func.train][INFO] - [DATASET] gt_remaining_time h=18: torch.Size([1194, 8])
[2024-08-13 11:06:47,257][func.train][INFO] - 

[2024-08-13 11:06:47,257][func.train][INFO] - [DATASET] number of test videos: 1
[2024-08-13 11:06:47,258][func.train][INFO] - [DATASET] avg video length: 19.90 minutes
[2024-08-13 11:06:48,661][func.train][INFO] - [DATASET] df unique videos: [1 2 3 4 5 6 7 8 9 10 11 12 13 14 15 16 17 18 19 20 21 22 23 24 25 26 27
 28 29 30 31 32 33 34 35 36 37 38 39 40 41 42 43 44 45 46 47 48 49 50 51
 52 53 54 55 56 57 58 59 60 61 62 63 64 65 66 67 68 69 70 71 72 73 74 75
 76 77 78 79 80]
[2024-08-13 11:06:48,661][func.train][INFO] - [DATASET] split: test video_indices: [71]
[2024-08-13 11:06:48,731][func.train][INFO] - [DATASET] test size: 62876
[2024-08-13 11:06:48,731][func.train][INFO] - [DATASET] test video_indices: [71]
[2024-08-13 11:06:48,731][func.train][INFO] - [DATASET] video_idx: 71
[2024-08-13 11:06:48,746][func.train][INFO] - [DATASET] Sampled video_idx: 71 at 25 fps to 2515 frames
[2024-08-13 11:06:48,746][func.train][INFO] - [DATASET] video 71 phase_labels: torch.Size([2515])
[2024-08-13 11:06:48,795][func.train][INFO] - [DATASET] gt_remaining_time h=2: torch.Size([2515, 8])
[2024-08-13 11:06:48,844][func.train][INFO] - [DATASET] gt_remaining_time h=3: torch.Size([2515, 8])
[2024-08-13 11:06:48,906][func.train][INFO] - [DATASET] gt_remaining_time h=5: torch.Size([2515, 8])
[2024-08-13 11:06:49,053][func.train][INFO] - [DATASET] gt_remaining_time h=18: torch.Size([2515, 8])
[2024-08-13 11:06:49,053][func.train][INFO] - 

[2024-08-13 11:06:49,054][func.train][INFO] - [DATASET] number of test videos: 1
[2024-08-13 11:06:49,054][func.train][INFO] - [DATASET] avg video length: 41.92 minutes
[2024-08-13 11:06:50,481][func.train][INFO] - [DATASET] df unique videos: [1 2 3 4 5 6 7 8 9 10 11 12 13 14 15 16 17 18 19 20 21 22 23 24 25 26 27
 28 29 30 31 32 33 34 35 36 37 38 39 40 41 42 43 44 45 46 47 48 49 50 51
 52 53 54 55 56 57 58 59 60 61 62 63 64 65 66 67 68 69 70 71 72 73 74 75
 76 77 78 79 80]
[2024-08-13 11:06:50,481][func.train][INFO] - [DATASET] split: test video_indices: [72]
[2024-08-13 11:06:50,554][func.train][INFO] - [DATASET] test size: 77651
[2024-08-13 11:06:50,554][func.train][INFO] - [DATASET] test video_indices: [72]
[2024-08-13 11:06:50,554][func.train][INFO] - [DATASET] video_idx: 72
[2024-08-13 11:06:50,567][func.train][INFO] - [DATASET] Sampled video_idx: 72 at 25 fps to 3106 frames
[2024-08-13 11:06:50,568][func.train][INFO] - [DATASET] video 72 phase_labels: torch.Size([3106])
[2024-08-13 11:06:50,632][func.train][INFO] - [DATASET] gt_remaining_time h=2: torch.Size([3106, 8])
[2024-08-13 11:06:50,695][func.train][INFO] - [DATASET] gt_remaining_time h=3: torch.Size([3106, 8])
[2024-08-13 11:06:50,773][func.train][INFO] - [DATASET] gt_remaining_time h=5: torch.Size([3106, 8])
[2024-08-13 11:06:50,956][func.train][INFO] - [DATASET] gt_remaining_time h=18: torch.Size([3106, 8])
[2024-08-13 11:06:50,957][func.train][INFO] - 

[2024-08-13 11:06:50,957][func.train][INFO] - [DATASET] number of test videos: 1
[2024-08-13 11:06:50,957][func.train][INFO] - [DATASET] avg video length: 51.77 minutes
[2024-08-13 11:06:52,381][func.train][INFO] - [DATASET] df unique videos: [1 2 3 4 5 6 7 8 9 10 11 12 13 14 15 16 17 18 19 20 21 22 23 24 25 26 27
 28 29 30 31 32 33 34 35 36 37 38 39 40 41 42 43 44 45 46 47 48 49 50 51
 52 53 54 55 56 57 58 59 60 61 62 63 64 65 66 67 68 69 70 71 72 73 74 75
 76 77 78 79 80]
[2024-08-13 11:06:52,381][func.train][INFO] - [DATASET] split: test video_indices: [73]
[2024-08-13 11:06:52,441][func.train][INFO] - [DATASET] test size: 33901
[2024-08-13 11:06:52,441][func.train][INFO] - [DATASET] test video_indices: [73]
[2024-08-13 11:06:52,442][func.train][INFO] - [DATASET] video_idx: 73
[2024-08-13 11:06:52,447][func.train][INFO] - [DATASET] Sampled video_idx: 73 at 25 fps to 1356 frames
[2024-08-13 11:06:52,448][func.train][INFO] - [DATASET] video 73 phase_labels: torch.Size([1356])
[2024-08-13 11:06:52,486][func.train][INFO] - [DATASET] gt_remaining_time h=2: torch.Size([1356, 8])
[2024-08-13 11:06:52,528][func.train][INFO] - [DATASET] gt_remaining_time h=3: torch.Size([1356, 8])
[2024-08-13 11:06:52,586][func.train][INFO] - [DATASET] gt_remaining_time h=5: torch.Size([1356, 8])
[2024-08-13 11:06:52,734][func.train][INFO] - [DATASET] gt_remaining_time h=18: torch.Size([1356, 8])
[2024-08-13 11:06:52,734][func.train][INFO] - 

[2024-08-13 11:06:52,734][func.train][INFO] - [DATASET] number of test videos: 1
[2024-08-13 11:06:52,734][func.train][INFO] - [DATASET] avg video length: 22.60 minutes
[2024-08-13 11:06:54,141][func.train][INFO] - [DATASET] df unique videos: [1 2 3 4 5 6 7 8 9 10 11 12 13 14 15 16 17 18 19 20 21 22 23 24 25 26 27
 28 29 30 31 32 33 34 35 36 37 38 39 40 41 42 43 44 45 46 47 48 49 50 51
 52 53 54 55 56 57 58 59 60 61 62 63 64 65 66 67 68 69 70 71 72 73 74 75
 76 77 78 79 80]
[2024-08-13 11:06:54,141][func.train][INFO] - [DATASET] split: test video_indices: [74]
[2024-08-13 11:06:54,199][func.train][INFO] - [DATASET] test size: 40851
[2024-08-13 11:06:54,200][func.train][INFO] - [DATASET] test video_indices: [74]
[2024-08-13 11:06:54,200][func.train][INFO] - [DATASET] video_idx: 74
[2024-08-13 11:06:54,206][func.train][INFO] - [DATASET] Sampled video_idx: 74 at 25 fps to 1634 frames
[2024-08-13 11:06:54,207][func.train][INFO] - [DATASET] video 74 phase_labels: torch.Size([1634])
[2024-08-13 11:06:54,248][func.train][INFO] - [DATASET] gt_remaining_time h=2: torch.Size([1634, 8])
[2024-08-13 11:06:54,293][func.train][INFO] - [DATASET] gt_remaining_time h=3: torch.Size([1634, 8])
[2024-08-13 11:06:54,355][func.train][INFO] - [DATASET] gt_remaining_time h=5: torch.Size([1634, 8])
[2024-08-13 11:06:54,494][func.train][INFO] - [DATASET] gt_remaining_time h=18: torch.Size([1634, 8])
[2024-08-13 11:06:54,494][func.train][INFO] - 

[2024-08-13 11:06:54,495][func.train][INFO] - [DATASET] number of test videos: 1
[2024-08-13 11:06:54,495][func.train][INFO] - [DATASET] avg video length: 27.23 minutes
[2024-08-13 11:06:55,948][func.train][INFO] - [DATASET] df unique videos: [1 2 3 4 5 6 7 8 9 10 11 12 13 14 15 16 17 18 19 20 21 22 23 24 25 26 27
 28 29 30 31 32 33 34 35 36 37 38 39 40 41 42 43 44 45 46 47 48 49 50 51
 52 53 54 55 56 57 58 59 60 61 62 63 64 65 66 67 68 69 70 71 72 73 74 75
 76 77 78 79 80]
[2024-08-13 11:06:55,948][func.train][INFO] - [DATASET] split: test video_indices: [75]
[2024-08-13 11:06:56,011][func.train][INFO] - [DATASET] test size: 48076
[2024-08-13 11:06:56,011][func.train][INFO] - [DATASET] test video_indices: [75]
[2024-08-13 11:06:56,011][func.train][INFO] - [DATASET] video_idx: 75
[2024-08-13 11:06:56,022][func.train][INFO] - [DATASET] Sampled video_idx: 75 at 25 fps to 1923 frames
[2024-08-13 11:06:56,023][func.train][INFO] - [DATASET] video 75 phase_labels: torch.Size([1923])
[2024-08-13 11:06:56,069][func.train][INFO] - [DATASET] gt_remaining_time h=2: torch.Size([1923, 8])
[2024-08-13 11:06:56,114][func.train][INFO] - [DATASET] gt_remaining_time h=3: torch.Size([1923, 8])
[2024-08-13 11:06:56,173][func.train][INFO] - [DATASET] gt_remaining_time h=5: torch.Size([1923, 8])
[2024-08-13 11:06:56,289][func.train][INFO] - [DATASET] gt_remaining_time h=18: torch.Size([1923, 8])
[2024-08-13 11:06:56,289][func.train][INFO] - 

[2024-08-13 11:06:56,289][func.train][INFO] - [DATASET] number of test videos: 1
[2024-08-13 11:06:56,289][func.train][INFO] - [DATASET] avg video length: 32.05 minutes
[2024-08-13 11:06:57,745][func.train][INFO] - [DATASET] df unique videos: [1 2 3 4 5 6 7 8 9 10 11 12 13 14 15 16 17 18 19 20 21 22 23 24 25 26 27
 28 29 30 31 32 33 34 35 36 37 38 39 40 41 42 43 44 45 46 47 48 49 50 51
 52 53 54 55 56 57 58 59 60 61 62 63 64 65 66 67 68 69 70 71 72 73 74 75
 76 77 78 79 80]
[2024-08-13 11:06:57,745][func.train][INFO] - [DATASET] split: test video_indices: [76]
[2024-08-13 11:06:57,810][func.train][INFO] - [DATASET] test size: 66226
[2024-08-13 11:06:57,810][func.train][INFO] - [DATASET] test video_indices: [76]
[2024-08-13 11:06:57,810][func.train][INFO] - [DATASET] video_idx: 76
[2024-08-13 11:06:57,827][func.train][INFO] - [DATASET] Sampled video_idx: 76 at 25 fps to 2649 frames
[2024-08-13 11:06:57,829][func.train][INFO] - [DATASET] video 76 phase_labels: torch.Size([2649])
[2024-08-13 11:06:57,888][func.train][INFO] - [DATASET] gt_remaining_time h=2: torch.Size([2649, 8])
[2024-08-13 11:06:57,946][func.train][INFO] - [DATASET] gt_remaining_time h=3: torch.Size([2649, 8])
[2024-08-13 11:06:58,018][func.train][INFO] - [DATASET] gt_remaining_time h=5: torch.Size([2649, 8])
[2024-08-13 11:06:58,197][func.train][INFO] - [DATASET] gt_remaining_time h=18: torch.Size([2649, 8])
[2024-08-13 11:06:58,197][func.train][INFO] - 

[2024-08-13 11:06:58,197][func.train][INFO] - [DATASET] number of test videos: 1
[2024-08-13 11:06:58,197][func.train][INFO] - [DATASET] avg video length: 44.15 minutes
[2024-08-13 11:06:59,640][func.train][INFO] - [DATASET] df unique videos: [1 2 3 4 5 6 7 8 9 10 11 12 13 14 15 16 17 18 19 20 21 22 23 24 25 26 27
 28 29 30 31 32 33 34 35 36 37 38 39 40 41 42 43 44 45 46 47 48 49 50 51
 52 53 54 55 56 57 58 59 60 61 62 63 64 65 66 67 68 69 70 71 72 73 74 75
 76 77 78 79 80]
[2024-08-13 11:06:59,641][func.train][INFO] - [DATASET] split: test video_indices: [77]
[2024-08-13 11:06:59,706][func.train][INFO] - [DATASET] test size: 62551
[2024-08-13 11:06:59,706][func.train][INFO] - [DATASET] test video_indices: [77]
[2024-08-13 11:06:59,706][func.train][INFO] - [DATASET] video_idx: 77
[2024-08-13 11:06:59,716][func.train][INFO] - [DATASET] Sampled video_idx: 77 at 25 fps to 2502 frames
[2024-08-13 11:06:59,717][func.train][INFO] - [DATASET] video 77 phase_labels: torch.Size([2502])
[2024-08-13 11:06:59,773][func.train][INFO] - [DATASET] gt_remaining_time h=2: torch.Size([2502, 8])
[2024-08-13 11:06:59,833][func.train][INFO] - [DATASET] gt_remaining_time h=3: torch.Size([2502, 8])
[2024-08-13 11:06:59,909][func.train][INFO] - [DATASET] gt_remaining_time h=5: torch.Size([2502, 8])
[2024-08-13 11:07:00,087][func.train][INFO] - [DATASET] gt_remaining_time h=18: torch.Size([2502, 8])
[2024-08-13 11:07:00,088][func.train][INFO] - 

[2024-08-13 11:07:00,088][func.train][INFO] - [DATASET] number of test videos: 1
[2024-08-13 11:07:00,088][func.train][INFO] - [DATASET] avg video length: 41.70 minutes
[2024-08-13 11:07:01,527][func.train][INFO] - [DATASET] df unique videos: [1 2 3 4 5 6 7 8 9 10 11 12 13 14 15 16 17 18 19 20 21 22 23 24 25 26 27
 28 29 30 31 32 33 34 35 36 37 38 39 40 41 42 43 44 45 46 47 48 49 50 51
 52 53 54 55 56 57 58 59 60 61 62 63 64 65 66 67 68 69 70 71 72 73 74 75
 76 77 78 79 80]
[2024-08-13 11:07:01,528][func.train][INFO] - [DATASET] split: test video_indices: [78]
[2024-08-13 11:07:01,582][func.train][INFO] - [DATASET] test size: 18476
[2024-08-13 11:07:01,582][func.train][INFO] - [DATASET] test video_indices: [78]
[2024-08-13 11:07:01,582][func.train][INFO] - [DATASET] video_idx: 78
[2024-08-13 11:07:01,585][func.train][INFO] - [DATASET] Sampled video_idx: 78 at 25 fps to 739 frames
[2024-08-13 11:07:01,586][func.train][INFO] - [DATASET] video 78 phase_labels: torch.Size([739])
[2024-08-13 11:07:01,614][func.train][INFO] - [DATASET] gt_remaining_time h=2: torch.Size([739, 8])
[2024-08-13 11:07:01,648][func.train][INFO] - [DATASET] gt_remaining_time h=3: torch.Size([739, 8])
[2024-08-13 11:07:01,698][func.train][INFO] - [DATASET] gt_remaining_time h=5: torch.Size([739, 8])
[2024-08-13 11:07:01,781][func.train][INFO] - [DATASET] gt_remaining_time h=18: torch.Size([739, 8])
[2024-08-13 11:07:01,781][func.train][INFO] - 

[2024-08-13 11:07:01,782][func.train][INFO] - [DATASET] number of test videos: 1
[2024-08-13 11:07:01,782][func.train][INFO] - [DATASET] avg video length: 12.32 minutes
[2024-08-13 11:07:03,232][func.train][INFO] - [DATASET] df unique videos: [1 2 3 4 5 6 7 8 9 10 11 12 13 14 15 16 17 18 19 20 21 22 23 24 25 26 27
 28 29 30 31 32 33 34 35 36 37 38 39 40 41 42 43 44 45 46 47 48 49 50 51
 52 53 54 55 56 57 58 59 60 61 62 63 64 65 66 67 68 69 70 71 72 73 74 75
 76 77 78 79 80]
[2024-08-13 11:07:03,233][func.train][INFO] - [DATASET] split: test video_indices: [79]
[2024-08-13 11:07:03,306][func.train][INFO] - [DATASET] test size: 85351
[2024-08-13 11:07:03,306][func.train][INFO] - [DATASET] test video_indices: [79]
[2024-08-13 11:07:03,306][func.train][INFO] - [DATASET] video_idx: 79
[2024-08-13 11:07:03,323][func.train][INFO] - [DATASET] Sampled video_idx: 79 at 25 fps to 3414 frames
[2024-08-13 11:07:03,324][func.train][INFO] - [DATASET] video 79 phase_labels: torch.Size([3414])
[2024-08-13 11:07:03,390][func.train][INFO] - [DATASET] gt_remaining_time h=2: torch.Size([3414, 8])
[2024-08-13 11:07:03,454][func.train][INFO] - [DATASET] gt_remaining_time h=3: torch.Size([3414, 8])
[2024-08-13 11:07:03,534][func.train][INFO] - [DATASET] gt_remaining_time h=5: torch.Size([3414, 8])
[2024-08-13 11:07:03,718][func.train][INFO] - [DATASET] gt_remaining_time h=18: torch.Size([3414, 8])
[2024-08-13 11:07:03,719][func.train][INFO] - 

[2024-08-13 11:07:03,719][func.train][INFO] - [DATASET] number of test videos: 1
[2024-08-13 11:07:03,719][func.train][INFO] - [DATASET] avg video length: 56.90 minutes
[2024-08-13 11:07:05,157][func.train][INFO] - [DATASET] df unique videos: [1 2 3 4 5 6 7 8 9 10 11 12 13 14 15 16 17 18 19 20 21 22 23 24 25 26 27
 28 29 30 31 32 33 34 35 36 37 38 39 40 41 42 43 44 45 46 47 48 49 50 51
 52 53 54 55 56 57 58 59 60 61 62 63 64 65 66 67 68 69 70 71 72 73 74 75
 76 77 78 79 80]
[2024-08-13 11:07:05,157][func.train][INFO] - [DATASET] split: test video_indices: [80]
[2024-08-13 11:07:05,216][func.train][INFO] - [DATASET] test size: 43101
[2024-08-13 11:07:05,217][func.train][INFO] - [DATASET] test video_indices: [80]
[2024-08-13 11:07:05,217][func.train][INFO] - [DATASET] video_idx: 80
[2024-08-13 11:07:05,225][func.train][INFO] - [DATASET] Sampled video_idx: 80 at 25 fps to 1724 frames
[2024-08-13 11:07:05,226][func.train][INFO] - [DATASET] video 80 phase_labels: torch.Size([1724])
[2024-08-13 11:07:05,268][func.train][INFO] - [DATASET] gt_remaining_time h=2: torch.Size([1724, 8])
[2024-08-13 11:07:05,313][func.train][INFO] - [DATASET] gt_remaining_time h=3: torch.Size([1724, 8])
[2024-08-13 11:07:05,374][func.train][INFO] - [DATASET] gt_remaining_time h=5: torch.Size([1724, 8])
[2024-08-13 11:07:05,540][func.train][INFO] - [DATASET] gt_remaining_time h=18: torch.Size([1724, 8])
[2024-08-13 11:07:05,540][func.train][INFO] - 

[2024-08-13 11:07:05,540][func.train][INFO] - [DATASET] number of test videos: 1
[2024-08-13 11:07:05,540][func.train][INFO] - [DATASET] avg video length: 28.73 minutes
[2024-08-13 11:07:05,558][func.train][INFO] - Time to load datasets: 1.25 min
[2024-08-13 11:07:05,558][func.train][INFO] - Creating data loaders
[2024-08-13 11:07:05,562][func.train][INFO] - Creating model with {'one': 7} classes
[2024-08-13 11:07:06,640][func.train][INFO] - [MAIN] Number of tokens: 136873
[2024-08-13 11:07:06,641][func.train][INFO] - [MAIN] Number of parameters: 22775537
[2024-08-13 11:07:06,641][func.train][INFO] - [MAIN] Token-to-Parameter Ratio is ideally between [1:1 to 10:1]: 0.006010
[2024-08-13 11:07:06,641][func.train][WARNING] - [MAIN] Data-to-Parameter-Ratio is outside the interval [1:1 to 10:1]
[2024-08-13 11:07:06,642][func.train][INFO] - Using LR 0.000300 WD 0.000010 for parameters
[2024-08-13 11:07:06,643][func.train][INFO] - Using LR 0.000300 WD 0.000010 for parameters
[2024-08-13 11:07:06,649][func.train][WARNING] - No checkpoint found at checkpoint_best.pth
[2024-08-13 11:07:06,650][func.train][INFO] - Wrapping model into DP
[2024-08-13 11:07:06,756][func.train][INFO] - Start training
[2024-08-13 11:07:06,759][func.train][INFO] - Storing checkpoints every 60.00 mins
[2024-08-13 11:07:08,051][func.train][INFO] - [TRAINING] Step 0/2139 | Loss: 1.59 | Acc (curr_frames): 0.06 | time-left: 46.05 min
[2024-08-13 11:08:09,144][func.train][INFO] - [TRAINING] Step 100/2139 | Loss: 1.66 | Acc (curr_frames): 0.06 | time-left: 20.98 min
[2024-08-13 11:09:09,018][func.train][INFO] - [TRAINING] Step 200/2139 | Loss: 1.56 | Acc (curr_frames): 0.04 | time-left: 19.65 min
[2024-08-13 11:10:11,567][func.train][INFO] - [TRAINING] Step 300/2139 | Loss: 1.50 | Acc (curr_frames): 0.09 | time-left: 18.81 min
[2024-08-13 11:11:15,165][func.train][INFO] - [TRAINING] Step 400/2139 | Loss: 1.61 | Acc (curr_frames): 0.09 | time-left: 17.94 min
[2024-08-13 11:12:18,507][func.train][INFO] - [TRAINING] Step 500/2139 | Loss: 1.56 | Acc (curr_frames): 0.12 | time-left: 16.99 min
[2024-08-13 11:13:19,748][func.train][INFO] - [TRAINING] Step 600/2139 | Loss: 1.69 | Acc (curr_frames): 0.12 | time-left: 15.91 min
[2024-08-13 11:14:21,699][func.train][INFO] - [TRAINING] Step 700/2139 | Loss: 1.52 | Acc (curr_frames): 0.09 | time-left: 14.87 min
[2024-08-13 11:15:24,619][func.train][INFO] - [TRAINING] Step 800/2139 | Loss: 1.71 | Acc (curr_frames): 0.20 | time-left: 13.86 min
[2024-08-13 11:16:27,005][func.train][INFO] - [TRAINING] Step 900/2139 | Loss: 1.66 | Acc (curr_frames): 0.18 | time-left: 12.83 min
[2024-08-13 11:17:28,532][func.train][INFO] - [TRAINING] Step 1000/2139 | Loss: 1.75 | Acc (curr_frames): 0.24 | time-left: 11.78 min
[2024-08-13 11:18:29,741][func.train][INFO] - [TRAINING] Step 1100/2139 | Loss: 1.68 | Acc (curr_frames): 0.15 | time-left: 10.73 min
