[2024-04-25 21:56:49,403][func.train][INFO] - Dist info:
[2024-04-25 21:56:49,404][func.train][INFO] - torch version: 2.2.2+cu121
[2024-04-25 21:56:49,405][func.train][INFO] - torchvision version: 0.17.2+cu121
[2024-04-25 21:56:49,405][func.train][INFO] - hydra version: 1.3.2
[2024-04-25 21:56:49,409][func.train][INFO] - Loading data
[2024-04-25 21:56:49,409][func.train][INFO] - Loading datasets
[2024-04-25 22:00:00,377][func.train][INFO] - [DATASET] ALL loaded dataframe in 3m 11s
[2024-04-25 22:00:00,379][func.train][INFO] - [DATASET] ALL loaded dataframe: (4612530, 11)
[2024-04-25 22:00:01,947][func.train][INFO] - [DATASET] eos_time_reg_at_inference: 1800, should be 1800
[2024-04-25 22:00:01,947][func.train][INFO] - [DATASET] params: {'debug': False, 'dataset_name': 'cholec80', 'reduc_feats_folder': 'train_targets_x_mp/', 'num_classes': 7, 'num_next_labels': 6, 'last_seg_class': 7, 'predict_next_phase': True, 'get_target_feats': False, 'replace_current_with_next_class': False}
[2024-04-25 22:00:13,994][func.train][INFO] - [DATASET] train size: 2157640
[2024-04-25 22:00:13,996][func.train][INFO] - [DATASET] train video_indices: [1, 2, 3, 4, 5, 6, 7, 8, 9, 10, 11, 12, 13, 14, 15, 16, 17, 18, 19, 20, 21, 22, 23, 24, 25, 26, 27, 28, 29, 30, 31, 32, 33, 34, 35, 36, 37, 38, 39, 40]
[2024-04-25 22:00:14,223][func.train][INFO] - [DATASET] Sampling video_idx: 1 at 25 fps to 1733 frames
[2024-04-26 11:28:07,855][func.train][INFO] - Dist info:
[2024-04-26 11:28:07,856][func.train][INFO] - torch version: 2.2.2+cu121
[2024-04-26 11:28:07,857][func.train][INFO] - torchvision version: 0.17.2+cu121
[2024-04-26 11:28:07,857][func.train][INFO] - hydra version: 1.3.2
[2024-04-26 11:28:07,884][func.train][INFO] - Loading data
[2024-04-26 11:28:07,885][func.train][INFO] - Loading datasets
[2024-04-26 11:30:33,094][func.train][INFO] - [DATASET] ALL loaded dataframe in 2m 25s
[2024-04-26 11:30:33,096][func.train][INFO] - [DATASET] ALL loaded dataframe: (4612530, 11)
[2024-04-26 11:30:40,972][func.train][INFO] - [DATASET] eos_time_reg_at_inference: 1800, should be 1800
[2024-04-26 11:30:40,972][func.train][INFO] - [DATASET] params: {'debug': False, 'dataset_name': 'cholec80', 'reduc_feats_folder': 'train_targets_x_mp/', 'num_classes': 7, 'num_next_labels': 6, 'last_seg_class': 7, 'predict_next_phase': True, 'get_target_feats': False, 'replace_current_with_next_class': False}
[2024-04-26 11:32:48,611][func.train][INFO] - [DATASET] train size: 2157640
[2024-04-26 11:32:48,612][func.train][INFO] - [DATASET] train video_indices: [1, 2, 3, 4, 5, 6, 7, 8, 9, 10, 11, 12, 13, 14, 15, 16, 17, 18, 19, 20, 21, 22, 23, 24, 25, 26, 27, 28, 29, 30, 31, 32, 33, 34, 35, 36, 37, 38, 39, 40]
[2024-04-26 11:32:48,727][func.train][INFO] - [DATASET] Sampling video_idx: 1 at 25 fps to 1733 frames
[2024-04-26 11:45:16,471][func.train][INFO] - Dist info:
[2024-04-26 11:45:16,472][func.train][INFO] - torch version: 2.2.2+cu121
[2024-04-26 11:45:16,472][func.train][INFO] - torchvision version: 0.17.2+cu121
[2024-04-26 11:45:16,473][func.train][INFO] - hydra version: 1.3.2
[2024-04-26 11:45:16,501][func.train][INFO] - Loading data
[2024-04-26 11:45:16,501][func.train][INFO] - Loading datasets
[2024-04-26 11:45:45,348][func.train][INFO] - [DATASET] ALL loaded dataframe in 0m 29s
[2024-04-26 11:45:45,350][func.train][INFO] - [DATASET] ALL loaded dataframe: (4612530, 11)
[2024-04-26 11:46:18,202][func.train][INFO] - [DATASET] eos_time_reg_at_inference: 1800, should be 1800
[2024-04-26 11:46:18,203][func.train][INFO] - [DATASET] params: {'debug': False, 'dataset_name': 'cholec80', 'reduc_feats_folder': 'train_targets_x_mp/', 'num_classes': 7, 'num_next_labels': 6, 'last_seg_class': 7, 'predict_next_phase': True, 'get_target_feats': False, 'replace_current_with_next_class': False}
[2024-04-26 11:48:01,199][func.train][INFO] - [DATASET] train size: 2157640
[2024-04-26 11:48:01,200][func.train][INFO] - [DATASET] train video_indices: [1, 2, 3, 4, 5, 6, 7, 8, 9, 10, 11, 12, 13, 14, 15, 16, 17, 18, 19, 20, 21, 22, 23, 24, 25, 26, 27, 28, 29, 30, 31, 32, 33, 34, 35, 36, 37, 38, 39, 40]
[2024-04-26 11:48:01,419][func.train][INFO] - [DATASET] Sampling video_idx: 1 at 25 fps to 1733 frames
[2024-04-26 11:48:02,151][func.train][INFO] - [DATASET] video 1 label_list: torch.Size([1733])
[2024-04-26 11:48:02,651][func.train][INFO] - [DATASET] Sampling video_idx: 2 at 25 fps to 2839 frames
[2024-04-26 11:48:02,656][func.train][INFO] - [DATASET] video 2 label_list: torch.Size([2839])
[2024-04-26 11:48:02,980][func.train][INFO] - [DATASET] Sampling video_idx: 3 at 25 fps to 5828 frames
[2024-04-26 11:48:02,988][func.train][INFO] - [DATASET] video 3 label_list: torch.Size([5828])
[2024-04-26 11:48:03,412][func.train][INFO] - [DATASET] Sampling video_idx: 4 at 25 fps to 1522 frames
[2024-04-26 11:48:03,416][func.train][INFO] - [DATASET] video 4 label_list: torch.Size([1522])
[2024-04-26 11:48:03,665][func.train][INFO] - [DATASET] Sampling video_idx: 5 at 25 fps to 2344 frames
[2024-04-26 11:48:03,670][func.train][INFO] - [DATASET] video 5 label_list: torch.Size([2344])
[2024-04-26 11:48:03,956][func.train][INFO] - [DATASET] Sampling video_idx: 6 at 25 fps to 2153 frames
[2024-04-26 11:48:03,963][func.train][INFO] - [DATASET] video 6 label_list: torch.Size([2153])
[2024-04-26 11:48:04,258][func.train][INFO] - [DATASET] Sampling video_idx: 7 at 25 fps to 4557 frames
[2024-04-26 11:48:04,266][func.train][INFO] - [DATASET] video 7 label_list: torch.Size([4557])
[2024-04-26 11:48:04,553][func.train][INFO] - [DATASET] Sampling video_idx: 8 at 25 fps to 1519 frames
[2024-04-26 11:48:04,558][func.train][INFO] - [DATASET] video 8 label_list: torch.Size([1519])
[2024-04-26 11:48:04,758][func.train][INFO] - [DATASET] Sampling video_idx: 9 at 25 fps to 2702 frames
[2024-04-26 11:48:04,764][func.train][INFO] - [DATASET] video 9 label_list: torch.Size([2702])
[2024-04-26 11:48:05,064][func.train][INFO] - [DATASET] Sampling video_idx: 10 at 25 fps to 1749 frames
[2024-04-26 11:48:05,069][func.train][INFO] - [DATASET] video 10 label_list: torch.Size([1749])
[2024-04-26 11:48:05,349][func.train][INFO] - [DATASET] Sampling video_idx: 11 at 25 fps to 3220 frames
[2024-04-26 11:48:05,362][func.train][INFO] - [DATASET] video 11 label_list: torch.Size([3220])
[2024-04-26 11:48:05,660][func.train][INFO] - [DATASET] Sampling video_idx: 12 at 25 fps to 1090 frames
[2024-04-26 11:48:05,667][func.train][INFO] - [DATASET] video 12 label_list: torch.Size([1090])
[2024-04-26 11:48:05,897][func.train][INFO] - [DATASET] Sampling video_idx: 13 at 25 fps to 981 frames
[2024-04-26 11:48:05,905][func.train][INFO] - [DATASET] video 13 label_list: torch.Size([981])
[2024-04-26 11:48:06,154][func.train][INFO] - [DATASET] Sampling video_idx: 14 at 25 fps to 1708 frames
[2024-04-26 11:48:06,162][func.train][INFO] - [DATASET] video 14 label_list: torch.Size([1708])
[2024-04-26 11:48:06,419][func.train][INFO] - [DATASET] Sampling video_idx: 15 at 25 fps to 2058 frames
[2024-04-26 11:48:06,426][func.train][INFO] - [DATASET] video 15 label_list: torch.Size([2058])
[2024-04-26 11:48:06,722][func.train][INFO] - [DATASET] Sampling video_idx: 16 at 25 fps to 2957 frames
[2024-04-26 11:48:06,727][func.train][INFO] - [DATASET] video 16 label_list: torch.Size([2957])
[2024-04-26 11:48:07,030][func.train][INFO] - [DATASET] Sampling video_idx: 17 at 25 fps to 1304 frames
[2024-04-26 11:48:07,035][func.train][INFO] - [DATASET] video 17 label_list: torch.Size([1304])
[2024-04-26 11:48:07,317][func.train][INFO] - [DATASET] Sampling video_idx: 18 at 25 fps to 1942 frames
[2024-04-26 11:48:07,323][func.train][INFO] - [DATASET] video 18 label_list: torch.Size([1942])
[2024-04-26 11:48:07,779][func.train][INFO] - [DATASET] Sampling video_idx: 19 at 25 fps to 2424 frames
[2024-04-26 11:48:07,786][func.train][INFO] - [DATASET] video 19 label_list: torch.Size([2424])
[2024-04-26 11:48:08,261][func.train][INFO] - [DATASET] Sampling video_idx: 20 at 25 fps to 1449 frames
[2024-04-26 11:48:08,265][func.train][INFO] - [DATASET] video 20 label_list: torch.Size([1449])
[2024-04-26 11:48:08,565][func.train][INFO] - [DATASET] Sampling video_idx: 21 at 25 fps to 1258 frames
[2024-04-26 11:48:08,569][func.train][INFO] - [DATASET] video 21 label_list: torch.Size([1258])
[2024-04-26 11:48:08,879][func.train][INFO] - [DATASET] Sampling video_idx: 22 at 25 fps to 1532 frames
[2024-04-26 11:48:08,883][func.train][INFO] - [DATASET] video 22 label_list: torch.Size([1532])
[2024-04-26 11:48:09,244][func.train][INFO] - [DATASET] Sampling video_idx: 23 at 25 fps to 1635 frames
[2024-04-26 11:48:09,251][func.train][INFO] - [DATASET] video 23 label_list: torch.Size([1635])
[2024-04-26 11:48:09,708][func.train][INFO] - [DATASET] Sampling video_idx: 24 at 25 fps to 1975 frames
[2024-04-26 11:48:09,713][func.train][INFO] - [DATASET] video 24 label_list: torch.Size([1975])
[2024-04-26 11:48:10,158][func.train][INFO] - [DATASET] Sampling video_idx: 25 at 25 fps to 2129 frames
[2024-04-26 11:48:10,167][func.train][INFO] - [DATASET] video 25 label_list: torch.Size([2129])
[2024-04-26 11:48:10,691][func.train][INFO] - [DATASET] Sampling video_idx: 26 at 25 fps to 1773 frames
[2024-04-26 11:48:10,697][func.train][INFO] - [DATASET] video 26 label_list: torch.Size([1773])
[2024-04-26 11:48:11,128][func.train][INFO] - [DATASET] Sampling video_idx: 27 at 25 fps to 2084 frames
[2024-04-26 11:48:11,131][func.train][INFO] - [DATASET] video 27 label_list: torch.Size([2084])
[2024-04-26 11:48:11,677][func.train][INFO] - [DATASET] Sampling video_idx: 28 at 25 fps to 1199 frames
[2024-04-26 11:48:11,681][func.train][INFO] - [DATASET] video 28 label_list: torch.Size([1199])
[2024-04-26 11:48:12,029][func.train][INFO] - [DATASET] Sampling video_idx: 29 at 25 fps to 2350 frames
[2024-04-26 11:48:12,037][func.train][INFO] - [DATASET] video 29 label_list: torch.Size([2350])
[2024-04-26 11:48:12,472][func.train][INFO] - [DATASET] Sampling video_idx: 30 at 25 fps to 2925 frames
[2024-04-26 11:48:12,479][func.train][INFO] - [DATASET] video 30 label_list: torch.Size([2925])
[2024-04-26 11:48:13,346][func.train][INFO] - [DATASET] Sampling video_idx: 31 at 25 fps to 3945 frames
[2024-04-26 11:48:13,354][func.train][INFO] - [DATASET] video 31 label_list: torch.Size([3945])
[2024-04-26 11:48:13,977][func.train][INFO] - [DATASET] Sampling video_idx: 32 at 25 fps to 2116 frames
[2024-04-26 11:48:13,980][func.train][INFO] - [DATASET] video 32 label_list: torch.Size([2116])
[2024-04-26 11:48:14,385][func.train][INFO] - [DATASET] Sampling video_idx: 33 at 25 fps to 1307 frames
[2024-04-26 11:48:14,389][func.train][INFO] - [DATASET] video 33 label_list: torch.Size([1307])
[2024-04-26 11:48:14,701][func.train][INFO] - [DATASET] Sampling video_idx: 34 at 25 fps to 1323 frames
[2024-04-26 11:48:14,707][func.train][INFO] - [DATASET] video 34 label_list: torch.Size([1323])
[2024-04-26 11:48:14,994][func.train][INFO] - [DATASET] Sampling video_idx: 35 at 25 fps to 2106 frames
[2024-04-26 11:48:15,000][func.train][INFO] - [DATASET] video 35 label_list: torch.Size([2106])
[2024-04-26 11:48:15,244][func.train][INFO] - [DATASET] Sampling video_idx: 36 at 25 fps to 2387 frames
[2024-04-26 11:48:15,248][func.train][INFO] - [DATASET] video 36 label_list: torch.Size([2387])
[2024-04-26 11:48:15,573][func.train][INFO] - [DATASET] Sampling video_idx: 37 at 25 fps to 1232 frames
[2024-04-26 11:48:15,578][func.train][INFO] - [DATASET] video 37 label_list: torch.Size([1232])
[2024-04-26 11:48:15,810][func.train][INFO] - [DATASET] Sampling video_idx: 38 at 25 fps to 3080 frames
[2024-04-26 11:48:15,817][func.train][INFO] - [DATASET] video 38 label_list: torch.Size([3080])
[2024-04-26 11:48:16,074][func.train][INFO] - [DATASET] Sampling video_idx: 39 at 25 fps to 1647 frames
[2024-04-26 11:48:16,081][func.train][INFO] - [DATASET] video 39 label_list: torch.Size([1647])
[2024-04-26 11:48:16,568][func.train][INFO] - [DATASET] Sampling video_idx: 40 at 25 fps to 2222 frames
[2024-04-26 11:48:17,080][func.train][INFO] - [DATASET] video 40 label_list: torch.Size([2222])
[2024-04-26 11:48:17,183][func.train][INFO] - [DATASET] number of train videos: 40
[2024-04-26 11:50:05,476][func.train][INFO] - Dist info:
[2024-04-26 11:50:05,477][func.train][INFO] - torch version: 2.2.2+cu121
[2024-04-26 11:50:05,478][func.train][INFO] - torchvision version: 0.17.2+cu121
[2024-04-26 11:50:05,478][func.train][INFO] - hydra version: 1.3.2
[2024-04-26 11:50:05,504][func.train][INFO] - Loading data
[2024-04-26 11:50:05,504][func.train][INFO] - Loading datasets
[2024-04-26 11:53:38,820][func.train][INFO] - [DATASET] ALL loaded dataframe in 3m 33s
[2024-04-26 11:53:38,859][func.train][INFO] - [DATASET] ALL loaded dataframe: (4612530, 11)
[2024-04-26 11:54:33,270][func.train][INFO] - [DATASET] eos_time_reg_at_inference: 1800, should be 1800
[2024-04-26 11:54:33,270][func.train][INFO] - [DATASET] params: {'debug': False, 'dataset_name': 'cholec80', 'reduc_feats_folder': 'train_targets_x_mp/', 'num_classes': 7, 'num_next_labels': 6, 'last_seg_class': 7, 'predict_next_phase': True, 'get_target_feats': False, 'replace_current_with_next_class': False}
[2024-04-26 11:57:27,710][func.train][INFO] - [DATASET] train size: 2157640
[2024-04-26 11:57:27,711][func.train][INFO] - [DATASET] train video_indices: [1, 2, 3, 4, 5, 6, 7, 8, 9, 10, 11, 12, 13, 14, 15, 16, 17, 18, 19, 20, 21, 22, 23, 24, 25, 26, 27, 28, 29, 30, 31, 32, 33, 34, 35, 36, 37, 38, 39, 40]
[2024-04-26 11:57:27,825][func.train][INFO] - [DATASET] Sampling video_idx: 1 at 25 fps to 1733 frames
[2024-04-26 11:57:28,327][func.train][INFO] - [DATASET] video 1 label_list: torch.Size([1733])
[2024-04-26 11:57:28,473][func.train][INFO] - [DATASET] Sampling video_idx: 2 at 25 fps to 2839 frames
[2024-04-26 11:57:28,476][func.train][INFO] - [DATASET] video 2 label_list: torch.Size([2839])
[2024-04-26 11:57:28,614][func.train][INFO] - [DATASET] Sampling video_idx: 3 at 25 fps to 5828 frames
[2024-04-26 11:57:28,618][func.train][INFO] - [DATASET] video 3 label_list: torch.Size([5828])
[2024-04-26 11:57:28,744][func.train][INFO] - [DATASET] Sampling video_idx: 4 at 25 fps to 1522 frames
[2024-04-26 11:57:28,747][func.train][INFO] - [DATASET] video 4 label_list: torch.Size([1522])
[2024-04-26 11:57:28,862][func.train][INFO] - [DATASET] Sampling video_idx: 5 at 25 fps to 2344 frames
[2024-04-26 11:57:28,865][func.train][INFO] - [DATASET] video 5 label_list: torch.Size([2344])
[2024-04-26 11:57:28,979][func.train][INFO] - [DATASET] Sampling video_idx: 6 at 25 fps to 2153 frames
[2024-04-26 11:57:28,981][func.train][INFO] - [DATASET] video 6 label_list: torch.Size([2153])
[2024-04-26 11:57:29,108][func.train][INFO] - [DATASET] Sampling video_idx: 7 at 25 fps to 4557 frames
[2024-04-26 11:57:29,112][func.train][INFO] - [DATASET] video 7 label_list: torch.Size([4557])
[2024-04-26 11:57:29,228][func.train][INFO] - [DATASET] Sampling video_idx: 8 at 25 fps to 1519 frames
[2024-04-26 11:57:29,231][func.train][INFO] - [DATASET] video 8 label_list: torch.Size([1519])
[2024-04-26 11:57:29,486][func.train][INFO] - [DATASET] Sampling video_idx: 9 at 25 fps to 2702 frames
[2024-04-26 11:57:29,488][func.train][INFO] - [DATASET] video 9 label_list: torch.Size([2702])
[2024-04-26 11:57:29,607][func.train][INFO] - [DATASET] Sampling video_idx: 10 at 25 fps to 1749 frames
[2024-04-26 11:57:29,610][func.train][INFO] - [DATASET] video 10 label_list: torch.Size([1749])
[2024-04-26 11:57:29,744][func.train][INFO] - [DATASET] Sampling video_idx: 11 at 25 fps to 3220 frames
[2024-04-26 11:57:29,747][func.train][INFO] - [DATASET] video 11 label_list: torch.Size([3220])
[2024-04-26 11:57:29,865][func.train][INFO] - [DATASET] Sampling video_idx: 12 at 25 fps to 1090 frames
[2024-04-26 11:57:29,867][func.train][INFO] - [DATASET] video 12 label_list: torch.Size([1090])
[2024-04-26 11:57:29,972][func.train][INFO] - [DATASET] Sampling video_idx: 13 at 25 fps to 981 frames
[2024-04-26 11:57:29,974][func.train][INFO] - [DATASET] video 13 label_list: torch.Size([981])
[2024-04-26 11:57:30,090][func.train][INFO] - [DATASET] Sampling video_idx: 14 at 25 fps to 1708 frames
[2024-04-26 11:57:30,093][func.train][INFO] - [DATASET] video 14 label_list: torch.Size([1708])
[2024-04-26 11:57:30,208][func.train][INFO] - [DATASET] Sampling video_idx: 15 at 25 fps to 2058 frames
[2024-04-26 11:57:30,211][func.train][INFO] - [DATASET] video 15 label_list: torch.Size([2058])
[2024-04-26 11:57:30,338][func.train][INFO] - [DATASET] Sampling video_idx: 16 at 25 fps to 2957 frames
[2024-04-26 11:57:30,341][func.train][INFO] - [DATASET] video 16 label_list: torch.Size([2957])
[2024-04-26 11:57:30,458][func.train][INFO] - [DATASET] Sampling video_idx: 17 at 25 fps to 1304 frames
[2024-04-26 11:57:30,460][func.train][INFO] - [DATASET] video 17 label_list: torch.Size([1304])
[2024-04-26 11:57:30,576][func.train][INFO] - [DATASET] Sampling video_idx: 18 at 25 fps to 1942 frames
[2024-04-26 11:57:30,578][func.train][INFO] - [DATASET] video 18 label_list: torch.Size([1942])
[2024-04-26 11:57:30,700][func.train][INFO] - [DATASET] Sampling video_idx: 19 at 25 fps to 2424 frames
[2024-04-26 11:57:30,703][func.train][INFO] - [DATASET] video 19 label_list: torch.Size([2424])
[2024-04-26 11:57:30,813][func.train][INFO] - [DATASET] Sampling video_idx: 20 at 25 fps to 1449 frames
[2024-04-26 11:57:30,816][func.train][INFO] - [DATASET] video 20 label_list: torch.Size([1449])
[2024-04-26 11:57:30,928][func.train][INFO] - [DATASET] Sampling video_idx: 21 at 25 fps to 1258 frames
[2024-04-26 11:57:30,932][func.train][INFO] - [DATASET] video 21 label_list: torch.Size([1258])
[2024-04-26 11:57:31,070][func.train][INFO] - [DATASET] Sampling video_idx: 22 at 25 fps to 1532 frames
[2024-04-26 11:57:31,072][func.train][INFO] - [DATASET] video 22 label_list: torch.Size([1532])
[2024-04-26 11:57:31,195][func.train][INFO] - [DATASET] Sampling video_idx: 23 at 25 fps to 1635 frames
[2024-04-26 11:57:31,198][func.train][INFO] - [DATASET] video 23 label_list: torch.Size([1635])
[2024-04-26 11:57:31,317][func.train][INFO] - [DATASET] Sampling video_idx: 24 at 25 fps to 1975 frames
[2024-04-26 11:57:31,319][func.train][INFO] - [DATASET] video 24 label_list: torch.Size([1975])
[2024-04-26 11:57:31,436][func.train][INFO] - [DATASET] Sampling video_idx: 25 at 25 fps to 2129 frames
[2024-04-26 11:57:31,438][func.train][INFO] - [DATASET] video 25 label_list: torch.Size([2129])
[2024-04-26 11:57:31,630][func.train][INFO] - [DATASET] Sampling video_idx: 26 at 25 fps to 1773 frames
[2024-04-26 11:57:31,633][func.train][INFO] - [DATASET] video 26 label_list: torch.Size([1773])
[2024-04-26 11:57:31,825][func.train][INFO] - [DATASET] Sampling video_idx: 27 at 25 fps to 2084 frames
[2024-04-26 11:57:31,827][func.train][INFO] - [DATASET] video 27 label_list: torch.Size([2084])
[2024-04-26 11:57:32,015][func.train][INFO] - [DATASET] Sampling video_idx: 28 at 25 fps to 1199 frames
[2024-04-26 11:57:32,017][func.train][INFO] - [DATASET] video 28 label_list: torch.Size([1199])
[2024-04-26 11:57:32,186][func.train][INFO] - [DATASET] Sampling video_idx: 29 at 25 fps to 2350 frames
[2024-04-26 11:57:32,190][func.train][INFO] - [DATASET] video 29 label_list: torch.Size([2350])
[2024-04-26 11:57:32,385][func.train][INFO] - [DATASET] Sampling video_idx: 30 at 25 fps to 2925 frames
[2024-04-26 11:57:32,388][func.train][INFO] - [DATASET] video 30 label_list: torch.Size([2925])
[2024-04-26 11:57:32,604][func.train][INFO] - [DATASET] Sampling video_idx: 31 at 25 fps to 3945 frames
[2024-04-26 11:57:32,607][func.train][INFO] - [DATASET] video 31 label_list: torch.Size([3945])
[2024-04-26 11:57:32,861][func.train][INFO] - [DATASET] Sampling video_idx: 32 at 25 fps to 2116 frames
[2024-04-26 11:57:32,863][func.train][INFO] - [DATASET] video 32 label_list: torch.Size([2116])
[2024-04-26 11:57:32,985][func.train][INFO] - [DATASET] Sampling video_idx: 33 at 25 fps to 1307 frames
[2024-04-26 11:57:32,988][func.train][INFO] - [DATASET] video 33 label_list: torch.Size([1307])
[2024-04-26 11:57:33,098][func.train][INFO] - [DATASET] Sampling video_idx: 34 at 25 fps to 1323 frames
[2024-04-26 11:57:33,100][func.train][INFO] - [DATASET] video 34 label_list: torch.Size([1323])
[2024-04-26 11:57:33,213][func.train][INFO] - [DATASET] Sampling video_idx: 35 at 25 fps to 2106 frames
[2024-04-26 11:57:33,216][func.train][INFO] - [DATASET] video 35 label_list: torch.Size([2106])
[2024-04-26 11:57:33,339][func.train][INFO] - [DATASET] Sampling video_idx: 36 at 25 fps to 2387 frames
[2024-04-26 11:57:33,342][func.train][INFO] - [DATASET] video 36 label_list: torch.Size([2387])
[2024-04-26 11:57:33,545][func.train][INFO] - [DATASET] Sampling video_idx: 37 at 25 fps to 1232 frames
[2024-04-26 11:57:33,547][func.train][INFO] - [DATASET] video 37 label_list: torch.Size([1232])
[2024-04-26 11:57:33,684][func.train][INFO] - [DATASET] Sampling video_idx: 38 at 25 fps to 3080 frames
[2024-04-26 11:57:33,687][func.train][INFO] - [DATASET] video 38 label_list: torch.Size([3080])
[2024-04-26 11:57:33,816][func.train][INFO] - [DATASET] Sampling video_idx: 39 at 25 fps to 1647 frames
[2024-04-26 11:57:33,820][func.train][INFO] - [DATASET] video 39 label_list: torch.Size([1647])
[2024-04-26 11:57:33,935][func.train][INFO] - [DATASET] Sampling video_idx: 40 at 25 fps to 2222 frames
[2024-04-26 11:57:34,303][func.train][INFO] - [DATASET] video 40 label_list: torch.Size([2222])
[2024-04-26 11:57:34,326][func.train][INFO] - [DATASET] number of train videos: 40
[2024-04-26 11:57:34,326][func.train][INFO] - [DATASET] avg video length: 2157.6
[2024-04-26 11:57:54,237][func.train][INFO] - [DATASET] classes_counts: {0: 93902, 1: 922150, 2: 183225, 3: 602975, 4: 92900, 5: 180478, 6: 82010}
[2024-04-26 11:57:54,253][func.train][INFO] - [DATASET] curr_class_weights: tensor([0.3342, 1.6821, 0.5112, 3.3171, 1.7077, 3.7575, 3.2818])
[2024-04-26 11:57:54,253][func.train][INFO] - [DATASET] eos_time_reg_at_inference: 1800, should be 1800
[2024-04-26 11:57:59,290][func.train][INFO] - [DATASET] test size: 77576
[2024-04-26 11:57:59,291][func.train][INFO] - [DATASET] test video_indices: [41]
[2024-04-26 11:58:03,945][func.train][INFO] - [DATASET] Sampling video_idx: 41 at 25 fps to 3103 frames
[2024-04-26 11:58:04,181][func.train][INFO] - [DATASET] video 41 label_list: torch.Size([3103])
[2024-04-26 11:58:04,617][func.train][INFO] - [DATASET] number of test videos: 1
[2024-04-26 11:58:04,625][func.train][INFO] - [DATASET] avg video length: 3103.0
[2024-04-26 11:58:04,768][func.train][INFO] - [DATASET] eos_time_reg_at_inference: 1800, should be 1800
[2024-04-26 11:59:07,599][func.train][INFO] - [DATASET] test size: 92801
[2024-04-26 11:59:07,600][func.train][INFO] - [DATASET] test video_indices: [42]
[2024-04-26 11:59:07,635][func.train][INFO] - [DATASET] Sampling video_idx: 42 at 25 fps to 3712 frames
[2024-04-26 11:59:07,877][func.train][INFO] - [DATASET] video 42 label_list: torch.Size([3712])
[2024-04-26 11:59:08,100][func.train][INFO] - [DATASET] number of test videos: 1
[2024-04-26 11:59:08,101][func.train][INFO] - [DATASET] avg video length: 3712.0
[2024-04-26 11:59:08,171][func.train][INFO] - [DATASET] eos_time_reg_at_inference: 1800, should be 1800
[2024-04-26 11:59:36,704][func.train][INFO] - [DATASET] test size: 59051
[2024-04-26 11:59:36,705][func.train][INFO] - [DATASET] test video_indices: [43]
[2024-04-26 11:59:36,724][func.train][INFO] - [DATASET] Sampling video_idx: 43 at 25 fps to 2362 frames
[2024-04-26 11:59:36,882][func.train][INFO] - [DATASET] video 43 label_list: torch.Size([2362])
[2024-04-26 11:59:36,974][func.train][INFO] - [DATASET] number of test videos: 1
[2024-04-26 11:59:36,975][func.train][INFO] - [DATASET] avg video length: 2362.0
[2024-04-26 11:59:37,003][func.train][INFO] - [DATASET] eos_time_reg_at_inference: 1800, should be 1800
[2024-04-26 11:59:39,395][func.train][INFO] - [DATASET] test size: 78176
[2024-04-26 11:59:39,396][func.train][INFO] - [DATASET] test video_indices: [44]
[2024-04-26 11:59:39,427][func.train][INFO] - [DATASET] Sampling video_idx: 44 at 25 fps to 3127 frames
[2024-04-26 11:59:39,582][func.train][INFO] - [DATASET] video 44 label_list: torch.Size([3127])
[2024-04-26 11:59:39,731][func.train][INFO] - [DATASET] number of test videos: 1
[2024-04-26 11:59:39,732][func.train][INFO] - [DATASET] avg video length: 3127.0
[2024-04-26 11:59:39,763][func.train][INFO] - [DATASET] eos_time_reg_at_inference: 1800, should be 1800
[2024-04-26 11:59:43,605][func.train][INFO] - [DATASET] test size: 84676
[2024-04-26 11:59:43,606][func.train][INFO] - [DATASET] test video_indices: [45]
[2024-04-26 11:59:43,635][func.train][INFO] - [DATASET] Sampling video_idx: 45 at 25 fps to 3387 frames
[2024-04-26 11:59:43,842][func.train][INFO] - [DATASET] video 45 label_list: torch.Size([3387])
[2024-04-26 11:59:43,977][func.train][INFO] - [DATASET] number of test videos: 1
[2024-04-26 11:59:43,978][func.train][INFO] - [DATASET] avg video length: 3387.0
[2024-04-26 11:59:44,011][func.train][INFO] - [DATASET] eos_time_reg_at_inference: 1800, should be 1800
[2024-04-26 11:59:48,157][func.train][INFO] - [DATASET] test size: 41326
[2024-04-26 11:59:48,158][func.train][INFO] - [DATASET] test video_indices: [46]
[2024-04-26 11:59:48,175][func.train][INFO] - [DATASET] Sampling video_idx: 46 at 25 fps to 1653 frames
[2024-04-26 11:59:48,400][func.train][INFO] - [DATASET] video 46 label_list: torch.Size([1653])
[2024-04-26 11:59:48,776][func.train][INFO] - [DATASET] number of test videos: 1
[2024-04-26 11:59:48,777][func.train][INFO] - [DATASET] avg video length: 1653.0
[2024-04-26 11:59:48,829][func.train][INFO] - [DATASET] eos_time_reg_at_inference: 1800, should be 1800
[2024-04-26 11:59:53,361][func.train][INFO] - [DATASET] test size: 56476
[2024-04-26 11:59:53,363][func.train][INFO] - [DATASET] test video_indices: [47]
[2024-04-26 11:59:53,393][func.train][INFO] - [DATASET] Sampling video_idx: 47 at 25 fps to 2259 frames
[2024-04-26 11:59:53,685][func.train][INFO] - [DATASET] video 47 label_list: torch.Size([2259])
[2024-04-26 11:59:54,189][func.train][INFO] - [DATASET] number of test videos: 1
[2024-04-26 11:59:54,190][func.train][INFO] - [DATASET] avg video length: 2259.0
[2024-04-26 11:59:54,224][func.train][INFO] - [DATASET] eos_time_reg_at_inference: 1800, should be 1800
[2024-04-26 12:00:57,599][func.train][INFO] - [DATASET] test size: 45851
[2024-04-26 12:00:57,601][func.train][INFO] - [DATASET] test video_indices: [48]
[2024-04-26 12:00:57,632][func.train][INFO] - [DATASET] Sampling video_idx: 48 at 25 fps to 1834 frames
[2024-04-26 12:00:57,954][func.train][INFO] - [DATASET] video 48 label_list: torch.Size([1834])
[2024-04-26 12:00:58,172][func.train][INFO] - [DATASET] number of test videos: 1
[2024-04-26 12:00:58,173][func.train][INFO] - [DATASET] avg video length: 1834.0
[2024-04-26 12:00:58,228][func.train][INFO] - [DATASET] eos_time_reg_at_inference: 1800, should be 1800
[2024-04-26 12:01:37,922][func.train][INFO] - [DATASET] test size: 41776
[2024-04-26 12:01:37,923][func.train][INFO] - [DATASET] test video_indices: [49]
[2024-04-26 12:01:37,943][func.train][INFO] - [DATASET] Sampling video_idx: 49 at 25 fps to 1671 frames
[2024-04-26 12:01:38,209][func.train][INFO] - [DATASET] video 49 label_list: torch.Size([1671])
[2024-04-26 12:01:38,601][func.train][INFO] - [DATASET] number of test videos: 1
[2024-04-26 12:01:38,602][func.train][INFO] - [DATASET] avg video length: 1671.0
[2024-04-26 12:01:38,639][func.train][INFO] - [DATASET] eos_time_reg_at_inference: 1800, should be 1800
[2024-04-26 12:01:42,208][func.train][INFO] - [DATASET] test size: 27351
[2024-04-26 12:01:42,209][func.train][INFO] - [DATASET] test video_indices: [50]
[2024-04-26 12:01:42,223][func.train][INFO] - [DATASET] Sampling video_idx: 50 at 25 fps to 1094 frames
[2024-04-26 12:01:42,525][func.train][INFO] - [DATASET] video 50 label_list: torch.Size([1094])
[2024-04-26 12:01:42,731][func.train][INFO] - [DATASET] number of test videos: 1
[2024-04-26 12:01:42,732][func.train][INFO] - [DATASET] avg video length: 1094.0
[2024-04-26 12:01:42,786][func.train][INFO] - [DATASET] eos_time_reg_at_inference: 1800, should be 1800
[2024-04-26 12:01:45,456][func.train][INFO] - [DATASET] test size: 73601
[2024-04-26 12:01:45,457][func.train][INFO] - [DATASET] test video_indices: [51]
[2024-04-26 12:01:45,478][func.train][INFO] - [DATASET] Sampling video_idx: 51 at 25 fps to 2944 frames
[2024-04-26 12:01:45,657][func.train][INFO] - [DATASET] video 51 label_list: torch.Size([2944])
[2024-04-26 12:01:46,576][func.train][INFO] - [DATASET] number of test videos: 1
[2024-04-26 12:01:46,576][func.train][INFO] - [DATASET] avg video length: 2944.0
[2024-04-26 12:01:46,589][func.train][INFO] - [DATASET] eos_time_reg_at_inference: 1800, should be 1800
[2024-04-26 12:01:48,698][func.train][INFO] - [DATASET] test size: 49151
[2024-04-26 12:01:48,699][func.train][INFO] - [DATASET] test video_indices: [52]
[2024-04-26 12:01:48,714][func.train][INFO] - [DATASET] Sampling video_idx: 52 at 25 fps to 1966 frames
[2024-04-26 12:01:48,923][func.train][INFO] - [DATASET] video 52 label_list: torch.Size([1966])
[2024-04-26 12:01:49,106][func.train][INFO] - [DATASET] number of test videos: 1
[2024-04-26 12:01:49,107][func.train][INFO] - [DATASET] avg video length: 1966.0
[2024-04-26 12:01:49,126][func.train][INFO] - [DATASET] eos_time_reg_at_inference: 1800, should be 1800
[2024-04-26 12:01:51,388][func.train][INFO] - [DATASET] test size: 82076
[2024-04-26 12:01:51,389][func.train][INFO] - [DATASET] test video_indices: [53]
[2024-04-26 12:01:51,419][func.train][INFO] - [DATASET] Sampling video_idx: 53 at 25 fps to 3283 frames
[2024-04-26 12:01:51,588][func.train][INFO] - [DATASET] video 53 label_list: torch.Size([3283])
[2024-04-26 12:01:51,755][func.train][INFO] - [DATASET] number of test videos: 1
[2024-04-26 12:01:51,755][func.train][INFO] - [DATASET] avg video length: 3283.0
[2024-04-26 12:01:51,781][func.train][INFO] - [DATASET] eos_time_reg_at_inference: 1800, should be 1800
[2024-04-26 12:01:54,756][func.train][INFO] - [DATASET] test size: 77501
[2024-04-26 12:01:54,756][func.train][INFO] - [DATASET] test video_indices: [54]
[2024-04-26 12:01:54,788][func.train][INFO] - [DATASET] Sampling video_idx: 54 at 25 fps to 3100 frames
[2024-04-26 12:01:55,014][func.train][INFO] - [DATASET] video 54 label_list: torch.Size([3100])
[2024-04-26 12:01:55,136][func.train][INFO] - [DATASET] number of test videos: 1
[2024-04-26 12:01:55,137][func.train][INFO] - [DATASET] avg video length: 3100.0
[2024-04-26 12:01:55,189][func.train][INFO] - [DATASET] eos_time_reg_at_inference: 1800, should be 1800
[2024-04-26 12:02:25,568][func.train][INFO] - [DATASET] test size: 25926
[2024-04-26 12:02:25,569][func.train][INFO] - [DATASET] test video_indices: [55]
[2024-04-26 12:02:25,583][func.train][INFO] - [DATASET] Sampling video_idx: 55 at 25 fps to 1037 frames
[2024-04-26 12:02:25,882][func.train][INFO] - [DATASET] video 55 label_list: torch.Size([1037])
[2024-04-26 12:02:25,941][func.train][INFO] - [DATASET] number of test videos: 1
[2024-04-26 12:02:25,942][func.train][INFO] - [DATASET] avg video length: 1037.0
[2024-04-26 12:02:26,004][func.train][INFO] - [DATASET] eos_time_reg_at_inference: 1800, should be 1800
[2024-04-26 12:03:02,141][func.train][INFO] - [DATASET] test size: 45851
[2024-04-26 12:03:02,142][func.train][INFO] - [DATASET] test video_indices: [56]
[2024-04-26 12:03:02,168][func.train][INFO] - [DATASET] Sampling video_idx: 56 at 25 fps to 1834 frames
[2024-04-26 12:03:02,421][func.train][INFO] - [DATASET] video 56 label_list: torch.Size([1834])
[2024-04-26 12:03:02,527][func.train][INFO] - [DATASET] number of test videos: 1
[2024-04-26 12:03:02,527][func.train][INFO] - [DATASET] avg video length: 1834.0
[2024-04-26 12:03:02,575][func.train][INFO] - [DATASET] eos_time_reg_at_inference: 1800, should be 1800
[2024-04-26 12:04:05,597][func.train][INFO] - [DATASET] test size: 65801
[2024-04-26 12:04:05,598][func.train][INFO] - [DATASET] test video_indices: [57]
[2024-04-26 12:04:05,625][func.train][INFO] - [DATASET] Sampling video_idx: 57 at 25 fps to 2632 frames
[2024-04-26 12:04:05,885][func.train][INFO] - [DATASET] video 57 label_list: torch.Size([2632])
[2024-04-26 12:04:05,937][func.train][INFO] - [DATASET] number of test videos: 1
[2024-04-26 12:04:05,937][func.train][INFO] - [DATASET] avg video length: 2632.0
[2024-04-26 12:04:05,985][func.train][INFO] - [DATASET] eos_time_reg_at_inference: 1800, should be 1800
[2024-04-26 12:04:43,666][func.train][INFO] - [DATASET] test size: 149826
[2024-04-26 12:04:43,667][func.train][INFO] - [DATASET] test video_indices: [58]
[2024-04-26 12:04:43,724][func.train][INFO] - [DATASET] Sampling video_idx: 58 at 25 fps to 5993 frames
[2024-04-26 12:04:44,020][func.train][INFO] - [DATASET] video 58 label_list: torch.Size([5993])
[2024-04-26 12:04:44,269][func.train][INFO] - [DATASET] number of test videos: 1
[2024-04-26 12:04:44,270][func.train][INFO] - [DATASET] avg video length: 5993.0
[2024-04-26 12:04:44,307][func.train][INFO] - [DATASET] eos_time_reg_at_inference: 1800, should be 1800
[2024-04-26 12:05:46,803][func.train][INFO] - [DATASET] test size: 26151
[2024-04-26 12:05:46,803][func.train][INFO] - [DATASET] test video_indices: [59]
[2024-04-26 12:05:46,813][func.train][INFO] - [DATASET] Sampling video_idx: 59 at 25 fps to 1046 frames
[2024-04-26 12:05:46,981][func.train][INFO] - [DATASET] video 59 label_list: torch.Size([1046])
[2024-04-26 12:05:47,031][func.train][INFO] - [DATASET] number of test videos: 1
[2024-04-26 12:05:47,032][func.train][INFO] - [DATASET] avg video length: 1046.0
[2024-04-26 12:05:47,043][func.train][INFO] - [DATASET] eos_time_reg_at_inference: 1800, should be 1800
[2024-04-26 12:06:28,790][func.train][INFO] - [DATASET] test size: 63301
[2024-04-26 12:06:28,791][func.train][INFO] - [DATASET] test video_indices: [60]
[2024-04-26 12:06:28,819][func.train][INFO] - [DATASET] Sampling video_idx: 60 at 25 fps to 2532 frames
[2024-04-26 12:06:29,026][func.train][INFO] - [DATASET] video 60 label_list: torch.Size([2532])
[2024-04-26 12:06:29,151][func.train][INFO] - [DATASET] number of test videos: 1
[2024-04-26 12:06:29,152][func.train][INFO] - [DATASET] avg video length: 2532.0
[2024-04-26 12:06:29,234][func.train][INFO] - [DATASET] eos_time_reg_at_inference: 1800, should be 1800
[2024-04-26 12:07:15,269][func.train][INFO] - [DATASET] test size: 110226
[2024-04-26 12:07:15,269][func.train][INFO] - [DATASET] test video_indices: [61]
[2024-04-26 12:07:15,299][func.train][INFO] - [DATASET] Sampling video_idx: 61 at 25 fps to 4409 frames
[2024-04-26 12:07:15,492][func.train][INFO] - [DATASET] video 61 label_list: torch.Size([4409])
[2024-04-26 12:07:15,703][func.train][INFO] - [DATASET] number of test videos: 1
[2024-04-26 12:07:15,703][func.train][INFO] - [DATASET] avg video length: 4409.0
[2024-04-26 12:07:15,789][func.train][INFO] - [DATASET] eos_time_reg_at_inference: 1800, should be 1800
[2024-04-26 12:08:01,386][func.train][INFO] - [DATASET] test size: 50801
[2024-04-26 12:08:01,387][func.train][INFO] - [DATASET] test video_indices: [62]
[2024-04-26 12:08:01,408][func.train][INFO] - [DATASET] Sampling video_idx: 62 at 25 fps to 2032 frames
[2024-04-26 12:08:01,702][func.train][INFO] - [DATASET] video 62 label_list: torch.Size([2032])
[2024-04-26 12:08:01,775][func.train][INFO] - [DATASET] number of test videos: 1
[2024-04-26 12:08:01,775][func.train][INFO] - [DATASET] avg video length: 2032.0
[2024-04-26 12:08:01,829][func.train][INFO] - [DATASET] eos_time_reg_at_inference: 1800, should be 1800
[2024-04-26 12:08:36,052][func.train][INFO] - [DATASET] test size: 85826
[2024-04-26 12:08:36,054][func.train][INFO] - [DATASET] test video_indices: [63]
[2024-04-26 12:08:36,091][func.train][INFO] - [DATASET] Sampling video_idx: 63 at 25 fps to 3433 frames
[2024-04-26 12:08:36,465][func.train][INFO] - [DATASET] video 63 label_list: torch.Size([3433])
[2024-04-26 12:08:36,603][func.train][INFO] - [DATASET] number of test videos: 1
[2024-04-26 12:08:36,604][func.train][INFO] - [DATASET] avg video length: 3433.0
[2024-04-26 12:08:36,779][func.train][INFO] - [DATASET] eos_time_reg_at_inference: 1800, should be 1800
[2024-04-26 12:09:41,373][func.train][INFO] - [DATASET] test size: 59951
[2024-04-26 12:09:41,374][func.train][INFO] - [DATASET] test video_indices: [64]
[2024-04-26 12:09:41,396][func.train][INFO] - [DATASET] Sampling video_idx: 64 at 25 fps to 2398 frames
[2024-04-26 12:09:41,651][func.train][INFO] - [DATASET] video 64 label_list: torch.Size([2398])
[2024-04-26 12:09:41,720][func.train][INFO] - [DATASET] number of test videos: 1
[2024-04-26 12:09:41,721][func.train][INFO] - [DATASET] avg video length: 2398.0
[2024-04-26 12:09:41,868][func.train][INFO] - [DATASET] eos_time_reg_at_inference: 1800, should be 1800
[2024-04-26 12:10:09,256][func.train][INFO] - [DATASET] test size: 46826
[2024-04-26 12:10:09,258][func.train][INFO] - [DATASET] test video_indices: [65]
[2024-04-26 12:10:09,272][func.train][INFO] - [DATASET] Sampling video_idx: 65 at 25 fps to 1873 frames
[2024-04-26 12:10:09,452][func.train][INFO] - [DATASET] video 65 label_list: torch.Size([1873])
[2024-04-26 12:10:09,542][func.train][INFO] - [DATASET] number of test videos: 1
[2024-04-26 12:10:09,543][func.train][INFO] - [DATASET] avg video length: 1873.0
[2024-04-26 12:10:09,618][func.train][INFO] - [DATASET] eos_time_reg_at_inference: 1800, should be 1800
[2024-04-26 12:10:45,337][func.train][INFO] - [DATASET] test size: 45601
[2024-04-26 12:10:45,338][func.train][INFO] - [DATASET] test video_indices: [66]
[2024-04-26 12:10:45,367][func.train][INFO] - [DATASET] Sampling video_idx: 66 at 25 fps to 1824 frames
[2024-04-26 12:10:45,717][func.train][INFO] - [DATASET] video 66 label_list: torch.Size([1824])
[2024-04-26 12:10:45,782][func.train][INFO] - [DATASET] number of test videos: 1
[2024-04-26 12:10:45,782][func.train][INFO] - [DATASET] avg video length: 1824.0
[2024-04-26 12:10:45,829][func.train][INFO] - [DATASET] eos_time_reg_at_inference: 1800, should be 1800
[2024-04-26 12:11:52,853][func.train][INFO] - [DATASET] test size: 58826
[2024-04-26 12:11:52,857][func.train][INFO] - [DATASET] test video_indices: [67]
[2024-04-26 12:11:52,876][func.train][INFO] - [DATASET] Sampling video_idx: 67 at 25 fps to 2353 frames
[2024-04-26 12:11:53,079][func.train][INFO] - [DATASET] video 67 label_list: torch.Size([2353])
[2024-04-26 12:11:53,412][func.train][INFO] - [DATASET] number of test videos: 1
[2024-04-26 12:11:53,412][func.train][INFO] - [DATASET] avg video length: 2353.0
[2024-04-26 12:11:53,449][func.train][INFO] - [DATASET] eos_time_reg_at_inference: 1800, should be 1800
[2024-04-26 12:13:32,334][func.train][INFO] - [DATASET] test size: 49301
[2024-04-26 12:13:32,336][func.train][INFO] - [DATASET] test video_indices: [68]
[2024-04-26 12:13:32,363][func.train][INFO] - [DATASET] Sampling video_idx: 68 at 25 fps to 1972 frames
[2024-04-26 12:13:32,653][func.train][INFO] - [DATASET] video 68 label_list: torch.Size([1972])
[2024-04-26 12:13:32,737][func.train][INFO] - [DATASET] number of test videos: 1
[2024-04-26 12:13:32,737][func.train][INFO] - [DATASET] avg video length: 1972.0
[2024-04-26 12:13:32,794][func.train][INFO] - [DATASET] eos_time_reg_at_inference: 1800, should be 1800
[2024-04-26 12:13:57,878][func.train][INFO] - [DATASET] test size: 114376
[2024-04-26 12:13:57,878][func.train][INFO] - [DATASET] test video_indices: [69]
[2024-04-26 12:13:57,911][func.train][INFO] - [DATASET] Sampling video_idx: 69 at 25 fps to 4575 frames
[2024-04-26 12:13:58,076][func.train][INFO] - [DATASET] video 69 label_list: torch.Size([4575])
[2024-04-26 12:13:58,194][func.train][INFO] - [DATASET] number of test videos: 1
[2024-04-26 12:13:58,195][func.train][INFO] - [DATASET] avg video length: 4575.0
[2024-04-26 12:13:58,213][func.train][INFO] - [DATASET] eos_time_reg_at_inference: 1800, should be 1800
[2024-04-26 12:14:00,783][func.train][INFO] - [DATASET] test size: 29851
[2024-04-26 12:14:00,784][func.train][INFO] - [DATASET] test video_indices: [70]
[2024-04-26 12:14:00,799][func.train][INFO] - [DATASET] Sampling video_idx: 70 at 25 fps to 1194 frames
[2024-04-26 12:14:01,076][func.train][INFO] - [DATASET] video 70 label_list: torch.Size([1194])
[2024-04-26 12:14:01,108][func.train][INFO] - [DATASET] number of test videos: 1
[2024-04-26 12:14:01,109][func.train][INFO] - [DATASET] avg video length: 1194.0
[2024-04-26 12:14:01,138][func.train][INFO] - [DATASET] eos_time_reg_at_inference: 1800, should be 1800
[2024-04-26 12:14:05,114][func.train][INFO] - [DATASET] test size: 62876
[2024-04-26 12:14:05,115][func.train][INFO] - [DATASET] test video_indices: [71]
[2024-04-26 12:14:05,139][func.train][INFO] - [DATASET] Sampling video_idx: 71 at 25 fps to 2515 frames
[2024-04-26 12:14:05,339][func.train][INFO] - [DATASET] video 71 label_list: torch.Size([2515])
[2024-04-26 12:14:05,475][func.train][INFO] - [DATASET] number of test videos: 1
[2024-04-26 12:14:05,475][func.train][INFO] - [DATASET] avg video length: 2515.0
[2024-04-26 12:14:05,528][func.train][INFO] - [DATASET] eos_time_reg_at_inference: 1800, should be 1800
[2024-04-26 12:14:07,655][func.train][INFO] - [DATASET] test size: 77651
[2024-04-26 12:14:07,655][func.train][INFO] - [DATASET] test video_indices: [72]
[2024-04-26 12:14:07,685][func.train][INFO] - [DATASET] Sampling video_idx: 72 at 25 fps to 3106 frames
[2024-04-26 12:14:07,876][func.train][INFO] - [DATASET] video 72 label_list: torch.Size([3106])
[2024-04-26 12:14:08,021][func.train][INFO] - [DATASET] number of test videos: 1
[2024-04-26 12:14:08,022][func.train][INFO] - [DATASET] avg video length: 3106.0
[2024-04-26 12:14:08,083][func.train][INFO] - [DATASET] eos_time_reg_at_inference: 1800, should be 1800
[2024-04-26 12:14:10,627][func.train][INFO] - [DATASET] test size: 33901
[2024-04-26 12:14:10,628][func.train][INFO] - [DATASET] test video_indices: [73]
[2024-04-26 12:14:10,643][func.train][INFO] - [DATASET] Sampling video_idx: 73 at 25 fps to 1356 frames
[2024-04-26 12:14:10,861][func.train][INFO] - [DATASET] video 73 label_list: torch.Size([1356])
[2024-04-26 12:14:10,905][func.train][INFO] - [DATASET] number of test videos: 1
[2024-04-26 12:14:10,906][func.train][INFO] - [DATASET] avg video length: 1356.0
[2024-04-26 12:14:10,945][func.train][INFO] - [DATASET] eos_time_reg_at_inference: 1800, should be 1800
[2024-04-26 12:16:00,221][func.train][INFO] - [DATASET] test size: 40851
[2024-04-26 12:16:00,222][func.train][INFO] - [DATASET] test video_indices: [74]
[2024-04-26 12:16:00,234][func.train][INFO] - [DATASET] Sampling video_idx: 74 at 25 fps to 1634 frames
[2024-04-26 12:16:00,405][func.train][INFO] - [DATASET] video 74 label_list: torch.Size([1634])
[2024-04-26 12:16:00,448][func.train][INFO] - [DATASET] number of test videos: 1
[2024-04-26 12:16:00,448][func.train][INFO] - [DATASET] avg video length: 1634.0
[2024-04-26 12:16:00,458][func.train][INFO] - [DATASET] eos_time_reg_at_inference: 1800, should be 1800
[2024-04-26 12:16:18,635][func.train][INFO] - [DATASET] test size: 48076
[2024-04-26 12:16:18,636][func.train][INFO] - [DATASET] test video_indices: [75]
[2024-04-26 12:16:18,652][func.train][INFO] - [DATASET] Sampling video_idx: 75 at 25 fps to 1923 frames
[2024-04-26 12:16:18,897][func.train][INFO] - [DATASET] video 75 label_list: torch.Size([1923])
[2024-04-26 12:16:19,016][func.train][INFO] - [DATASET] number of test videos: 1
[2024-04-26 12:16:19,017][func.train][INFO] - [DATASET] avg video length: 1923.0
[2024-04-26 12:16:19,072][func.train][INFO] - [DATASET] eos_time_reg_at_inference: 1800, should be 1800
[2024-04-26 12:17:56,335][func.train][INFO] - [DATASET] test size: 66226
[2024-04-26 12:17:56,337][func.train][INFO] - [DATASET] test video_indices: [76]
[2024-04-26 12:17:56,371][func.train][INFO] - [DATASET] Sampling video_idx: 76 at 25 fps to 2649 frames
[2024-04-26 12:17:56,545][func.train][INFO] - [DATASET] video 76 label_list: torch.Size([2649])
[2024-04-26 12:17:56,601][func.train][INFO] - [DATASET] number of test videos: 1
[2024-04-26 12:17:56,601][func.train][INFO] - [DATASET] avg video length: 2649.0
[2024-04-26 12:17:56,648][func.train][INFO] - [DATASET] eos_time_reg_at_inference: 1800, should be 1800
[2024-04-26 12:18:11,103][func.train][INFO] - [DATASET] test size: 62551
[2024-04-26 12:18:11,104][func.train][INFO] - [DATASET] test video_indices: [77]
[2024-04-26 12:18:11,121][func.train][INFO] - [DATASET] Sampling video_idx: 77 at 25 fps to 2502 frames
[2024-04-26 12:18:11,293][func.train][INFO] - [DATASET] video 77 label_list: torch.Size([2502])
[2024-04-26 12:18:11,354][func.train][INFO] - [DATASET] number of test videos: 1
[2024-04-26 12:18:11,355][func.train][INFO] - [DATASET] avg video length: 2502.0
[2024-04-26 12:18:11,368][func.train][INFO] - [DATASET] eos_time_reg_at_inference: 1800, should be 1800
[2024-04-26 12:18:14,409][func.train][INFO] - [DATASET] test size: 18476
[2024-04-26 12:18:14,409][func.train][INFO] - [DATASET] test video_indices: [78]
[2024-04-26 12:18:14,424][func.train][INFO] - [DATASET] Sampling video_idx: 78 at 25 fps to 739 frames
[2024-04-26 12:18:14,598][func.train][INFO] - [DATASET] video 78 label_list: torch.Size([739])
[2024-04-26 12:18:14,647][func.train][INFO] - [DATASET] number of test videos: 1
[2024-04-26 12:18:14,647][func.train][INFO] - [DATASET] avg video length: 739.0
[2024-04-26 12:18:14,666][func.train][INFO] - [DATASET] eos_time_reg_at_inference: 1800, should be 1800
[2024-04-26 12:18:17,947][func.train][INFO] - [DATASET] test size: 85351
[2024-04-26 12:18:17,947][func.train][INFO] - [DATASET] test video_indices: [79]
[2024-04-26 12:18:17,968][func.train][INFO] - [DATASET] Sampling video_idx: 79 at 25 fps to 3414 frames
[2024-04-26 12:18:18,140][func.train][INFO] - [DATASET] video 79 label_list: torch.Size([3414])
[2024-04-26 12:18:18,386][func.train][INFO] - [DATASET] number of test videos: 1
[2024-04-26 12:18:18,387][func.train][INFO] - [DATASET] avg video length: 3414.0
[2024-04-26 12:18:18,398][func.train][INFO] - [DATASET] eos_time_reg_at_inference: 1800, should be 1800
[2024-04-26 12:18:20,221][func.train][INFO] - [DATASET] test size: 43101
[2024-04-26 12:18:20,222][func.train][INFO] - [DATASET] test video_indices: [80]
[2024-04-26 12:18:20,234][func.train][INFO] - [DATASET] Sampling video_idx: 80 at 25 fps to 1724 frames
[2024-04-26 12:18:20,400][func.train][INFO] - [DATASET] video 80 label_list: torch.Size([1724])
[2024-04-26 12:18:20,653][func.train][INFO] - [DATASET] number of test videos: 1
[2024-04-26 12:18:20,653][func.train][INFO] - [DATASET] avg video length: 1724.0
[2024-04-26 12:18:20,660][func.train][INFO] - Time to load datasets: 28.25 min
[2024-04-26 12:18:20,660][func.train][INFO] - Creating data loaders
[2024-04-26 12:18:20,664][func.train][INFO] - Creating model with {'one': 7} classes
[2024-04-26 12:18:21,607][func.train][INFO] - [MAIN] Number of tokens: 86304
[2024-04-26 12:18:21,607][func.train][INFO] - [MAIN] Number of parameters: 13124310
[2024-04-26 12:18:21,607][func.train][INFO] - [MAIN] Token-to-Parameter Ratio is ideally between [1:1 to 10:1]: 0.006576
[2024-04-26 12:18:21,608][func.train][WARNING] - [MAIN] Data-to-Parameter-Ratio is outside the interval [1:1 to 10:1]
[2024-04-26 12:18:21,609][func.train][INFO] - Using LR 0.000300 WD 0.000010 for parameters
[2024-04-26 12:18:21,609][func.train][INFO] - Using LR 0.000300 WD 0.000010 for parameters
[2024-04-26 12:18:21,617][func.train][INFO] - Wrapping model into DP
[2024-04-26 12:18:21,893][func.train][INFO] - Start training
[2024-04-26 12:18:21,898][func.train][INFO] - Storing checkpoints every 60.00 mins
