[2024-05-14 19:23:39,738][func.train][INFO] - Dist info:
[2024-05-14 19:23:39,739][func.train][INFO] - torch version: 2.2.2+cu121
[2024-05-14 19:23:39,739][func.train][INFO] - torchvision version: 0.17.2+cu121
[2024-05-14 19:23:39,739][func.train][INFO] - hydra version: 1.3.2
[2024-05-14 19:23:39,744][func.train][INFO] - Loading data
[2024-05-14 19:23:39,745][func.train][INFO] - Loading datasets
[2024-05-14 19:23:42,563][func.train][INFO] - [SELECT DATASET] ALL loaded dataframe in 0m 3s
[2024-05-14 19:23:42,565][func.train][INFO] - [SELECT DATASET] ALL loaded dataframe: (4612530, 11)
[2024-05-14 19:23:42,768][func.train][INFO] - [SELECT DATASET] labels are already starting from 0
[2024-05-14 19:23:43,161][func.train][INFO] - [SELECT DATASET] ALL unique classes: [0 1 2 3 4 5 6]
[2024-05-14 19:23:43,179][func.train][INFO] - [SELECT DATASET] aLL dataframe (head):                    image_path class  ... tool_Irrigator tool_SpecimenBag
0  video01/video01_000001.png     0  ...              0                0
1  video01/video01_000002.png     0  ...              0                0
2  video01/video01_000003.png     0  ...              0                0
3  video01/video01_000004.png     0  ...              0                0
4  video01/video01_000005.png     0  ...              0                0

[5 rows x 11 columns]
[2024-05-14 19:23:43,188][func.train][INFO] - [SELECT DATASET] ALL dataframe (tail):                          image_path class  ... tool_Irrigator tool_SpecimenBag
4612525  video80/video80_043097.png     6  ...              0                0
4612526  video80/video80_043098.png     6  ...              0                0
4612527  video80/video80_043099.png     6  ...              0                0
4612528  video80/video80_043100.png     6  ...              0                0
4612529  video80/video80_043101.png     6  ...              0                0

[5 rows x 11 columns]
[2024-05-14 19:23:43,188][func.train][INFO] - [DATASET] params: {'debug': False, 'dataset_name': 'cholec80', 'reduc_feats_folder': 'train_targets_x_mp/', 'num_classes': 7, 'num_next_labels': 6, 'last_seg_class': 7, 'predict_next_phase': True, 'get_target_feats': False, 'replace_current_with_next_class': False}
[2024-05-14 19:23:44,871][func.train][INFO] - [DATASET] df unique videos: [1 2 3 4 5 6 7 8 9 10 11 12 13 14 15 16 17 18 19 20 21 22 23 24 25 26 27
 28 29 30 31 32 33 34 35 36 37 38 39 40 41 42 43 44 45 46 47 48 49 50 51
 52 53 54 55 56 57 58 59 60 61 62 63 64 65 66 67 68 69 70 71 72 73 74 75
 76 77 78 79 80]
[2024-05-14 19:23:44,871][func.train][INFO] - [DATASET] split: train video_indices: [1, 2, 3, 4, 5, 6, 7, 8, 9, 10, 11, 12, 13, 14, 15, 16, 17, 18, 19, 20, 21, 22, 23, 24, 25, 26, 27, 28, 29, 30, 31, 32, 33, 34, 35, 36, 37, 38, 39, 40]
[2024-05-14 19:23:46,961][func.train][INFO] - [DATASET] train size: 2157640
[2024-05-14 19:23:46,961][func.train][INFO] - [DATASET] train video_indices: [1, 2, 3, 4, 5, 6, 7, 8, 9, 10, 11, 12, 13, 14, 15, 16, 17, 18, 19, 20, 21, 22, 23, 24, 25, 26, 27, 28, 29, 30, 31, 32, 33, 34, 35, 36, 37, 38, 39, 40]
[2024-05-14 19:23:47,077][func.train][INFO] - [DATASET] Sampling video_idx: 1 at 25 fps to 1733 frames
[2024-05-14 19:23:47,116][func.train][INFO] - [DATASET] video 1 label_list: torch.Size([1733])
[2024-05-14 19:23:47,522][func.train][INFO] - [DATASET] Sampling video_idx: 2 at 25 fps to 2839 frames
[2024-05-14 19:23:47,523][func.train][INFO] - [DATASET] video 2 label_list: torch.Size([2839])
[2024-05-14 19:23:47,691][func.train][INFO] - [DATASET] Sampling video_idx: 3 at 25 fps to 5828 frames
[2024-05-14 19:23:47,692][func.train][INFO] - [DATASET] video 3 label_list: torch.Size([5828])
[2024-05-14 19:23:47,853][func.train][INFO] - [DATASET] Sampling video_idx: 4 at 25 fps to 1522 frames
[2024-05-14 19:23:47,853][func.train][INFO] - [DATASET] video 4 label_list: torch.Size([1522])
[2024-05-14 19:23:47,989][func.train][INFO] - [DATASET] Sampling video_idx: 5 at 25 fps to 2344 frames
[2024-05-14 19:23:47,989][func.train][INFO] - [DATASET] video 5 label_list: torch.Size([2344])
[2024-05-14 19:23:48,128][func.train][INFO] - [DATASET] Sampling video_idx: 6 at 25 fps to 2153 frames
[2024-05-14 19:23:48,129][func.train][INFO] - [DATASET] video 6 label_list: torch.Size([2153])
[2024-05-14 19:23:48,268][func.train][INFO] - [DATASET] Sampling video_idx: 7 at 25 fps to 4557 frames
[2024-05-14 19:23:48,269][func.train][INFO] - [DATASET] video 7 label_list: torch.Size([4557])
[2024-05-14 19:23:48,426][func.train][INFO] - [DATASET] Sampling video_idx: 8 at 25 fps to 1519 frames
[2024-05-14 19:23:48,427][func.train][INFO] - [DATASET] video 8 label_list: torch.Size([1519])
[2024-05-14 19:23:48,566][func.train][INFO] - [DATASET] Sampling video_idx: 9 at 25 fps to 2702 frames
[2024-05-14 19:23:48,567][func.train][INFO] - [DATASET] video 9 label_list: torch.Size([2702])
[2024-05-14 19:23:48,697][func.train][INFO] - [DATASET] Sampling video_idx: 10 at 25 fps to 1749 frames
[2024-05-14 19:23:48,698][func.train][INFO] - [DATASET] video 10 label_list: torch.Size([1749])
[2024-05-14 19:23:48,830][func.train][INFO] - [DATASET] Sampling video_idx: 11 at 25 fps to 3220 frames
[2024-05-14 19:23:48,831][func.train][INFO] - [DATASET] video 11 label_list: torch.Size([3220])
[2024-05-14 19:23:48,972][func.train][INFO] - [DATASET] Sampling video_idx: 12 at 25 fps to 1090 frames
[2024-05-14 19:23:48,973][func.train][INFO] - [DATASET] video 12 label_list: torch.Size([1090])
[2024-05-14 19:23:49,098][func.train][INFO] - [DATASET] Sampling video_idx: 13 at 25 fps to 981 frames
[2024-05-14 19:23:49,099][func.train][INFO] - [DATASET] video 13 label_list: torch.Size([981])
[2024-05-14 19:23:49,227][func.train][INFO] - [DATASET] Sampling video_idx: 14 at 25 fps to 1708 frames
[2024-05-14 19:23:49,228][func.train][INFO] - [DATASET] video 14 label_list: torch.Size([1708])
[2024-05-14 19:23:49,353][func.train][INFO] - [DATASET] Sampling video_idx: 15 at 25 fps to 2058 frames
[2024-05-14 19:23:49,354][func.train][INFO] - [DATASET] video 15 label_list: torch.Size([2058])
[2024-05-14 19:23:49,508][func.train][INFO] - [DATASET] Sampling video_idx: 16 at 25 fps to 2957 frames
[2024-05-14 19:23:49,509][func.train][INFO] - [DATASET] video 16 label_list: torch.Size([2957])
[2024-05-14 19:23:49,667][func.train][INFO] - [DATASET] Sampling video_idx: 17 at 25 fps to 1304 frames
[2024-05-14 19:23:49,668][func.train][INFO] - [DATASET] video 17 label_list: torch.Size([1304])
[2024-05-14 19:23:49,788][func.train][INFO] - [DATASET] Sampling video_idx: 18 at 25 fps to 1942 frames
[2024-05-14 19:23:49,789][func.train][INFO] - [DATASET] video 18 label_list: torch.Size([1942])
[2024-05-14 19:23:49,920][func.train][INFO] - [DATASET] Sampling video_idx: 19 at 25 fps to 2424 frames
[2024-05-14 19:23:49,921][func.train][INFO] - [DATASET] video 19 label_list: torch.Size([2424])
[2024-05-14 19:23:50,059][func.train][INFO] - [DATASET] Sampling video_idx: 20 at 25 fps to 1449 frames
[2024-05-14 19:23:50,060][func.train][INFO] - [DATASET] video 20 label_list: torch.Size([1449])
[2024-05-14 19:23:50,192][func.train][INFO] - [DATASET] Sampling video_idx: 21 at 25 fps to 1258 frames
[2024-05-14 19:23:50,193][func.train][INFO] - [DATASET] video 21 label_list: torch.Size([1258])
[2024-05-14 19:23:50,308][func.train][INFO] - [DATASET] Sampling video_idx: 22 at 25 fps to 1532 frames
[2024-05-14 19:23:50,308][func.train][INFO] - [DATASET] video 22 label_list: torch.Size([1532])
[2024-05-14 19:23:50,436][func.train][INFO] - [DATASET] Sampling video_idx: 23 at 25 fps to 1635 frames
[2024-05-14 19:23:50,436][func.train][INFO] - [DATASET] video 23 label_list: torch.Size([1635])
[2024-05-14 19:23:50,567][func.train][INFO] - [DATASET] Sampling video_idx: 24 at 25 fps to 1975 frames
[2024-05-14 19:23:50,568][func.train][INFO] - [DATASET] video 24 label_list: torch.Size([1975])
[2024-05-14 19:23:50,694][func.train][INFO] - [DATASET] Sampling video_idx: 25 at 25 fps to 2129 frames
[2024-05-14 19:23:50,695][func.train][INFO] - [DATASET] video 25 label_list: torch.Size([2129])
[2024-05-14 19:23:50,834][func.train][INFO] - [DATASET] Sampling video_idx: 26 at 25 fps to 1773 frames
[2024-05-14 19:23:50,835][func.train][INFO] - [DATASET] video 26 label_list: torch.Size([1773])
[2024-05-14 19:23:50,994][func.train][INFO] - [DATASET] Sampling video_idx: 27 at 25 fps to 2084 frames
[2024-05-14 19:23:50,995][func.train][INFO] - [DATASET] video 27 label_list: torch.Size([2084])
[2024-05-14 19:23:51,133][func.train][INFO] - [DATASET] Sampling video_idx: 28 at 25 fps to 1199 frames
[2024-05-14 19:23:51,134][func.train][INFO] - [DATASET] video 28 label_list: torch.Size([1199])
[2024-05-14 19:23:51,270][func.train][INFO] - [DATASET] Sampling video_idx: 29 at 25 fps to 2350 frames
[2024-05-14 19:23:51,271][func.train][INFO] - [DATASET] video 29 label_list: torch.Size([2350])
[2024-05-14 19:23:51,423][func.train][INFO] - [DATASET] Sampling video_idx: 30 at 25 fps to 2925 frames
[2024-05-14 19:23:51,424][func.train][INFO] - [DATASET] video 30 label_list: torch.Size([2925])
[2024-05-14 19:23:51,580][func.train][INFO] - [DATASET] Sampling video_idx: 31 at 25 fps to 3945 frames
[2024-05-14 19:23:51,582][func.train][INFO] - [DATASET] video 31 label_list: torch.Size([3945])
[2024-05-14 19:23:51,728][func.train][INFO] - [DATASET] Sampling video_idx: 32 at 25 fps to 2116 frames
[2024-05-14 19:23:51,729][func.train][INFO] - [DATASET] video 32 label_list: torch.Size([2116])
[2024-05-14 19:23:51,852][func.train][INFO] - [DATASET] Sampling video_idx: 33 at 25 fps to 1307 frames
[2024-05-14 19:23:51,853][func.train][INFO] - [DATASET] video 33 label_list: torch.Size([1307])
[2024-05-14 19:23:51,966][func.train][INFO] - [DATASET] Sampling video_idx: 34 at 25 fps to 1323 frames
[2024-05-14 19:23:51,967][func.train][INFO] - [DATASET] video 34 label_list: torch.Size([1323])
[2024-05-14 19:23:52,101][func.train][INFO] - [DATASET] Sampling video_idx: 35 at 25 fps to 2106 frames
[2024-05-14 19:23:52,102][func.train][INFO] - [DATASET] video 35 label_list: torch.Size([2106])
[2024-05-14 19:23:52,224][func.train][INFO] - [DATASET] Sampling video_idx: 36 at 25 fps to 2387 frames
[2024-05-14 19:23:52,225][func.train][INFO] - [DATASET] video 36 label_list: torch.Size([2387])
[2024-05-14 19:23:52,366][func.train][INFO] - [DATASET] Sampling video_idx: 37 at 25 fps to 1232 frames
[2024-05-14 19:23:52,367][func.train][INFO] - [DATASET] video 37 label_list: torch.Size([1232])
[2024-05-14 19:23:52,493][func.train][INFO] - [DATASET] Sampling video_idx: 38 at 25 fps to 3080 frames
[2024-05-14 19:23:52,494][func.train][INFO] - [DATASET] video 38 label_list: torch.Size([3080])
[2024-05-14 19:23:52,670][func.train][INFO] - [DATASET] Sampling video_idx: 39 at 25 fps to 1647 frames
[2024-05-14 19:23:52,671][func.train][INFO] - [DATASET] video 39 label_list: torch.Size([1647])
[2024-05-14 19:23:52,788][func.train][INFO] - [DATASET] Sampling video_idx: 40 at 25 fps to 2222 frames
[2024-05-14 19:23:52,788][func.train][INFO] - [DATASET] video 40 label_list: torch.Size([2222])
[2024-05-14 19:23:52,831][func.train][INFO] - [DATASET] number of train videos: 40
[2024-05-14 19:23:52,831][func.train][INFO] - [DATASET] avg video length: 35.96 minutes
[2024-05-14 19:23:53,106][func.train][INFO] - [DATASET] curr_class_weights: tensor([3.2825, 0.3343, 1.6823, 0.5112, 3.3179, 1.7079, 3.7585])
[2024-05-14 19:23:53,107][func.train][INFO] - [DATASET] next_class_weights: tensor([2.9696, 0.3024, 1.5219, 0.4625, 3.0017, 1.5451, 3.4003, 3.8095])
[2024-05-14 19:23:54,732][func.train][INFO] - [DATASET] df unique videos: [1 2 3 4 5 6 7 8 9 10 11 12 13 14 15 16 17 18 19 20 21 22 23 24 25 26 27
 28 29 30 31 32 33 34 35 36 37 38 39 40 41 42 43 44 45 46 47 48 49 50 51
 52 53 54 55 56 57 58 59 60 61 62 63 64 65 66 67 68 69 70 71 72 73 74 75
 76 77 78 79 80]
[2024-05-14 19:23:54,733][func.train][INFO] - [DATASET] split: test video_indices: [41]
[2024-05-14 19:23:54,826][func.train][INFO] - [DATASET] test size: 77576
[2024-05-14 19:23:54,827][func.train][INFO] - [DATASET] test video_indices: [41]
[2024-05-14 19:23:54,845][func.train][INFO] - [DATASET] Sampling video_idx: 41 at 25 fps to 3103 frames
[2024-05-14 19:23:54,847][func.train][INFO] - [DATASET] video 41 label_list: torch.Size([3103])
[2024-05-14 19:23:54,884][func.train][INFO] - [DATASET] number of test videos: 1
[2024-05-14 19:23:54,885][func.train][INFO] - [DATASET] avg video length: 51.72 minutes
[2024-05-14 19:23:56,531][func.train][INFO] - [DATASET] df unique videos: [1 2 3 4 5 6 7 8 9 10 11 12 13 14 15 16 17 18 19 20 21 22 23 24 25 26 27
 28 29 30 31 32 33 34 35 36 37 38 39 40 41 42 43 44 45 46 47 48 49 50 51
 52 53 54 55 56 57 58 59 60 61 62 63 64 65 66 67 68 69 70 71 72 73 74 75
 76 77 78 79 80]
[2024-05-14 19:23:56,532][func.train][INFO] - [DATASET] split: test video_indices: [42]
[2024-05-14 19:23:56,613][func.train][INFO] - [DATASET] test size: 92801
[2024-05-14 19:23:56,613][func.train][INFO] - [DATASET] test video_indices: [42]
[2024-05-14 19:23:56,638][func.train][INFO] - [DATASET] Sampling video_idx: 42 at 25 fps to 3712 frames
[2024-05-14 19:23:56,639][func.train][INFO] - [DATASET] video 42 label_list: torch.Size([3712])
[2024-05-14 19:23:56,677][func.train][INFO] - [DATASET] number of test videos: 1
[2024-05-14 19:23:56,677][func.train][INFO] - [DATASET] avg video length: 61.87 minutes
[2024-05-14 19:23:58,392][func.train][INFO] - [DATASET] df unique videos: [1 2 3 4 5 6 7 8 9 10 11 12 13 14 15 16 17 18 19 20 21 22 23 24 25 26 27
 28 29 30 31 32 33 34 35 36 37 38 39 40 41 42 43 44 45 46 47 48 49 50 51
 52 53 54 55 56 57 58 59 60 61 62 63 64 65 66 67 68 69 70 71 72 73 74 75
 76 77 78 79 80]
[2024-05-14 19:23:58,392][func.train][INFO] - [DATASET] split: test video_indices: [43]
[2024-05-14 19:23:58,466][func.train][INFO] - [DATASET] test size: 59051
[2024-05-14 19:23:58,466][func.train][INFO] - [DATASET] test video_indices: [43]
[2024-05-14 19:23:58,515][func.train][INFO] - [DATASET] Sampling video_idx: 43 at 25 fps to 2362 frames
[2024-05-14 19:23:58,516][func.train][INFO] - [DATASET] video 43 label_list: torch.Size([2362])
[2024-05-14 19:23:58,546][func.train][INFO] - [DATASET] number of test videos: 1
[2024-05-14 19:23:58,547][func.train][INFO] - [DATASET] avg video length: 39.37 minutes
[2024-05-14 19:24:00,239][func.train][INFO] - [DATASET] df unique videos: [1 2 3 4 5 6 7 8 9 10 11 12 13 14 15 16 17 18 19 20 21 22 23 24 25 26 27
 28 29 30 31 32 33 34 35 36 37 38 39 40 41 42 43 44 45 46 47 48 49 50 51
 52 53 54 55 56 57 58 59 60 61 62 63 64 65 66 67 68 69 70 71 72 73 74 75
 76 77 78 79 80]
[2024-05-14 19:24:00,239][func.train][INFO] - [DATASET] split: test video_indices: [44]
[2024-05-14 19:24:00,313][func.train][INFO] - [DATASET] test size: 78176
[2024-05-14 19:24:00,313][func.train][INFO] - [DATASET] test video_indices: [44]
[2024-05-14 19:24:00,327][func.train][INFO] - [DATASET] Sampling video_idx: 44 at 25 fps to 3127 frames
[2024-05-14 19:24:00,328][func.train][INFO] - [DATASET] video 44 label_list: torch.Size([3127])
[2024-05-14 19:24:00,476][func.train][INFO] - [DATASET] number of test videos: 1
[2024-05-14 19:24:00,477][func.train][INFO] - [DATASET] avg video length: 52.12 minutes
[2024-05-14 19:24:02,149][func.train][INFO] - [DATASET] df unique videos: [1 2 3 4 5 6 7 8 9 10 11 12 13 14 15 16 17 18 19 20 21 22 23 24 25 26 27
 28 29 30 31 32 33 34 35 36 37 38 39 40 41 42 43 44 45 46 47 48 49 50 51
 52 53 54 55 56 57 58 59 60 61 62 63 64 65 66 67 68 69 70 71 72 73 74 75
 76 77 78 79 80]
[2024-05-14 19:24:02,149][func.train][INFO] - [DATASET] split: test video_indices: [45]
[2024-05-14 19:24:02,226][func.train][INFO] - [DATASET] test size: 84676
[2024-05-14 19:24:02,226][func.train][INFO] - [DATASET] test video_indices: [45]
[2024-05-14 19:24:02,245][func.train][INFO] - [DATASET] Sampling video_idx: 45 at 25 fps to 3387 frames
[2024-05-14 19:24:02,246][func.train][INFO] - [DATASET] video 45 label_list: torch.Size([3387])
[2024-05-14 19:24:02,284][func.train][INFO] - [DATASET] number of test videos: 1
[2024-05-14 19:24:02,284][func.train][INFO] - [DATASET] avg video length: 56.45 minutes
[2024-05-14 19:24:04,001][func.train][INFO] - [DATASET] df unique videos: [1 2 3 4 5 6 7 8 9 10 11 12 13 14 15 16 17 18 19 20 21 22 23 24 25 26 27
 28 29 30 31 32 33 34 35 36 37 38 39 40 41 42 43 44 45 46 47 48 49 50 51
 52 53 54 55 56 57 58 59 60 61 62 63 64 65 66 67 68 69 70 71 72 73 74 75
 76 77 78 79 80]
[2024-05-14 19:24:04,002][func.train][INFO] - [DATASET] split: test video_indices: [46]
[2024-05-14 19:24:04,067][func.train][INFO] - [DATASET] test size: 41326
[2024-05-14 19:24:04,067][func.train][INFO] - [DATASET] test video_indices: [46]
[2024-05-14 19:24:04,076][func.train][INFO] - [DATASET] Sampling video_idx: 46 at 25 fps to 1653 frames
[2024-05-14 19:24:04,077][func.train][INFO] - [DATASET] video 46 label_list: torch.Size([1653])
[2024-05-14 19:24:04,102][func.train][INFO] - [DATASET] number of test videos: 1
[2024-05-14 19:24:04,102][func.train][INFO] - [DATASET] avg video length: 27.55 minutes
[2024-05-14 19:24:05,791][func.train][INFO] - [DATASET] df unique videos: [1 2 3 4 5 6 7 8 9 10 11 12 13 14 15 16 17 18 19 20 21 22 23 24 25 26 27
 28 29 30 31 32 33 34 35 36 37 38 39 40 41 42 43 44 45 46 47 48 49 50 51
 52 53 54 55 56 57 58 59 60 61 62 63 64 65 66 67 68 69 70 71 72 73 74 75
 76 77 78 79 80]
[2024-05-14 19:24:05,792][func.train][INFO] - [DATASET] split: test video_indices: [47]
[2024-05-14 19:24:05,869][func.train][INFO] - [DATASET] test size: 56476
[2024-05-14 19:24:05,869][func.train][INFO] - [DATASET] test video_indices: [47]
[2024-05-14 19:24:05,880][func.train][INFO] - [DATASET] Sampling video_idx: 47 at 25 fps to 2259 frames
[2024-05-14 19:24:05,880][func.train][INFO] - [DATASET] video 47 label_list: torch.Size([2259])
[2024-05-14 19:24:05,908][func.train][INFO] - [DATASET] number of test videos: 1
[2024-05-14 19:24:05,909][func.train][INFO] - [DATASET] avg video length: 37.65 minutes
[2024-05-14 19:24:07,656][func.train][INFO] - [DATASET] df unique videos: [1 2 3 4 5 6 7 8 9 10 11 12 13 14 15 16 17 18 19 20 21 22 23 24 25 26 27
 28 29 30 31 32 33 34 35 36 37 38 39 40 41 42 43 44 45 46 47 48 49 50 51
 52 53 54 55 56 57 58 59 60 61 62 63 64 65 66 67 68 69 70 71 72 73 74 75
 76 77 78 79 80]
[2024-05-14 19:24:07,657][func.train][INFO] - [DATASET] split: test video_indices: [48]
[2024-05-14 19:24:07,725][func.train][INFO] - [DATASET] test size: 45851
[2024-05-14 19:24:07,725][func.train][INFO] - [DATASET] test video_indices: [48]
[2024-05-14 19:24:07,736][func.train][INFO] - [DATASET] Sampling video_idx: 48 at 25 fps to 1834 frames
[2024-05-14 19:24:07,736][func.train][INFO] - [DATASET] video 48 label_list: torch.Size([1834])
[2024-05-14 19:24:07,769][func.train][INFO] - [DATASET] number of test videos: 1
[2024-05-14 19:24:07,769][func.train][INFO] - [DATASET] avg video length: 30.57 minutes
[2024-05-14 19:24:09,402][func.train][INFO] - [DATASET] df unique videos: [1 2 3 4 5 6 7 8 9 10 11 12 13 14 15 16 17 18 19 20 21 22 23 24 25 26 27
 28 29 30 31 32 33 34 35 36 37 38 39 40 41 42 43 44 45 46 47 48 49 50 51
 52 53 54 55 56 57 58 59 60 61 62 63 64 65 66 67 68 69 70 71 72 73 74 75
 76 77 78 79 80]
[2024-05-14 19:24:09,403][func.train][INFO] - [DATASET] split: test video_indices: [49]
[2024-05-14 19:24:09,466][func.train][INFO] - [DATASET] test size: 41776
[2024-05-14 19:24:09,466][func.train][INFO] - [DATASET] test video_indices: [49]
[2024-05-14 19:24:09,479][func.train][INFO] - [DATASET] Sampling video_idx: 49 at 25 fps to 1671 frames
[2024-05-14 19:24:09,480][func.train][INFO] - [DATASET] video 49 label_list: torch.Size([1671])
[2024-05-14 19:24:09,505][func.train][INFO] - [DATASET] number of test videos: 1
[2024-05-14 19:24:09,505][func.train][INFO] - [DATASET] avg video length: 27.85 minutes
[2024-05-14 19:24:11,128][func.train][INFO] - [DATASET] df unique videos: [1 2 3 4 5 6 7 8 9 10 11 12 13 14 15 16 17 18 19 20 21 22 23 24 25 26 27
 28 29 30 31 32 33 34 35 36 37 38 39 40 41 42 43 44 45 46 47 48 49 50 51
 52 53 54 55 56 57 58 59 60 61 62 63 64 65 66 67 68 69 70 71 72 73 74 75
 76 77 78 79 80]
[2024-05-14 19:24:11,128][func.train][INFO] - [DATASET] split: test video_indices: [50]
[2024-05-14 19:24:11,197][func.train][INFO] - [DATASET] test size: 27351
[2024-05-14 19:24:11,197][func.train][INFO] - [DATASET] test video_indices: [50]
[2024-05-14 19:24:11,202][func.train][INFO] - [DATASET] Sampling video_idx: 50 at 25 fps to 1094 frames
[2024-05-14 19:24:11,203][func.train][INFO] - [DATASET] video 50 label_list: torch.Size([1094])
[2024-05-14 19:24:11,226][func.train][INFO] - [DATASET] number of test videos: 1
[2024-05-14 19:24:11,226][func.train][INFO] - [DATASET] avg video length: 18.23 minutes
[2024-05-14 19:24:12,861][func.train][INFO] - [DATASET] df unique videos: [1 2 3 4 5 6 7 8 9 10 11 12 13 14 15 16 17 18 19 20 21 22 23 24 25 26 27
 28 29 30 31 32 33 34 35 36 37 38 39 40 41 42 43 44 45 46 47 48 49 50 51
 52 53 54 55 56 57 58 59 60 61 62 63 64 65 66 67 68 69 70 71 72 73 74 75
 76 77 78 79 80]
[2024-05-14 19:24:12,861][func.train][INFO] - [DATASET] split: test video_indices: [51]
[2024-05-14 19:24:12,937][func.train][INFO] - [DATASET] test size: 73601
[2024-05-14 19:24:12,938][func.train][INFO] - [DATASET] test video_indices: [51]
[2024-05-14 19:24:12,952][func.train][INFO] - [DATASET] Sampling video_idx: 51 at 25 fps to 2944 frames
[2024-05-14 19:24:12,953][func.train][INFO] - [DATASET] video 51 label_list: torch.Size([2944])
[2024-05-14 19:24:12,993][func.train][INFO] - [DATASET] number of test videos: 1
[2024-05-14 19:24:12,994][func.train][INFO] - [DATASET] avg video length: 49.07 minutes
[2024-05-14 19:24:14,638][func.train][INFO] - [DATASET] df unique videos: [1 2 3 4 5 6 7 8 9 10 11 12 13 14 15 16 17 18 19 20 21 22 23 24 25 26 27
 28 29 30 31 32 33 34 35 36 37 38 39 40 41 42 43 44 45 46 47 48 49 50 51
 52 53 54 55 56 57 58 59 60 61 62 63 64 65 66 67 68 69 70 71 72 73 74 75
 76 77 78 79 80]
[2024-05-14 19:24:14,639][func.train][INFO] - [DATASET] split: test video_indices: [52]
[2024-05-14 19:24:14,721][func.train][INFO] - [DATASET] test size: 49151
[2024-05-14 19:24:14,721][func.train][INFO] - [DATASET] test video_indices: [52]
[2024-05-14 19:24:14,732][func.train][INFO] - [DATASET] Sampling video_idx: 52 at 25 fps to 1966 frames
[2024-05-14 19:24:14,734][func.train][INFO] - [DATASET] video 52 label_list: torch.Size([1966])
[2024-05-14 19:24:14,760][func.train][INFO] - [DATASET] number of test videos: 1
[2024-05-14 19:24:14,761][func.train][INFO] - [DATASET] avg video length: 32.77 minutes
[2024-05-14 19:24:16,398][func.train][INFO] - [DATASET] df unique videos: [1 2 3 4 5 6 7 8 9 10 11 12 13 14 15 16 17 18 19 20 21 22 23 24 25 26 27
 28 29 30 31 32 33 34 35 36 37 38 39 40 41 42 43 44 45 46 47 48 49 50 51
 52 53 54 55 56 57 58 59 60 61 62 63 64 65 66 67 68 69 70 71 72 73 74 75
 76 77 78 79 80]
[2024-05-14 19:24:16,399][func.train][INFO] - [DATASET] split: test video_indices: [53]
[2024-05-14 19:24:16,477][func.train][INFO] - [DATASET] test size: 82076
[2024-05-14 19:24:16,478][func.train][INFO] - [DATASET] test video_indices: [53]
[2024-05-14 19:24:16,494][func.train][INFO] - [DATASET] Sampling video_idx: 53 at 25 fps to 3283 frames
[2024-05-14 19:24:16,495][func.train][INFO] - [DATASET] video 53 label_list: torch.Size([3283])
[2024-05-14 19:24:16,538][func.train][INFO] - [DATASET] number of test videos: 1
[2024-05-14 19:24:16,539][func.train][INFO] - [DATASET] avg video length: 54.72 minutes
[2024-05-14 19:24:18,148][func.train][INFO] - [DATASET] df unique videos: [1 2 3 4 5 6 7 8 9 10 11 12 13 14 15 16 17 18 19 20 21 22 23 24 25 26 27
 28 29 30 31 32 33 34 35 36 37 38 39 40 41 42 43 44 45 46 47 48 49 50 51
 52 53 54 55 56 57 58 59 60 61 62 63 64 65 66 67 68 69 70 71 72 73 74 75
 76 77 78 79 80]
[2024-05-14 19:24:18,148][func.train][INFO] - [DATASET] split: test video_indices: [54]
[2024-05-14 19:24:18,235][func.train][INFO] - [DATASET] test size: 77501
[2024-05-14 19:24:18,235][func.train][INFO] - [DATASET] test video_indices: [54]
[2024-05-14 19:24:18,250][func.train][INFO] - [DATASET] Sampling video_idx: 54 at 25 fps to 3100 frames
[2024-05-14 19:24:18,251][func.train][INFO] - [DATASET] video 54 label_list: torch.Size([3100])
[2024-05-14 19:24:18,315][func.train][INFO] - [DATASET] number of test videos: 1
[2024-05-14 19:24:18,315][func.train][INFO] - [DATASET] avg video length: 51.67 minutes
[2024-05-14 19:24:20,133][func.train][INFO] - [DATASET] df unique videos: [1 2 3 4 5 6 7 8 9 10 11 12 13 14 15 16 17 18 19 20 21 22 23 24 25 26 27
 28 29 30 31 32 33 34 35 36 37 38 39 40 41 42 43 44 45 46 47 48 49 50 51
 52 53 54 55 56 57 58 59 60 61 62 63 64 65 66 67 68 69 70 71 72 73 74 75
 76 77 78 79 80]
[2024-05-14 19:24:20,134][func.train][INFO] - [DATASET] split: test video_indices: [55]
[2024-05-14 19:24:20,205][func.train][INFO] - [DATASET] test size: 25926
[2024-05-14 19:24:20,205][func.train][INFO] - [DATASET] test video_indices: [55]
[2024-05-14 19:24:20,221][func.train][INFO] - [DATASET] Sampling video_idx: 55 at 25 fps to 1037 frames
[2024-05-14 19:24:20,222][func.train][INFO] - [DATASET] video 55 label_list: torch.Size([1037])
[2024-05-14 19:24:20,240][func.train][INFO] - [DATASET] number of test videos: 1
[2024-05-14 19:24:20,240][func.train][INFO] - [DATASET] avg video length: 17.28 minutes
[2024-05-14 19:24:22,038][func.train][INFO] - [DATASET] df unique videos: [1 2 3 4 5 6 7 8 9 10 11 12 13 14 15 16 17 18 19 20 21 22 23 24 25 26 27
 28 29 30 31 32 33 34 35 36 37 38 39 40 41 42 43 44 45 46 47 48 49 50 51
 52 53 54 55 56 57 58 59 60 61 62 63 64 65 66 67 68 69 70 71 72 73 74 75
 76 77 78 79 80]
[2024-05-14 19:24:22,038][func.train][INFO] - [DATASET] split: test video_indices: [56]
[2024-05-14 19:24:22,108][func.train][INFO] - [DATASET] test size: 45851
[2024-05-14 19:24:22,108][func.train][INFO] - [DATASET] test video_indices: [56]
[2024-05-14 19:24:22,126][func.train][INFO] - [DATASET] Sampling video_idx: 56 at 25 fps to 1834 frames
[2024-05-14 19:24:22,128][func.train][INFO] - [DATASET] video 56 label_list: torch.Size([1834])
[2024-05-14 19:24:22,161][func.train][INFO] - [DATASET] number of test videos: 1
[2024-05-14 19:24:22,161][func.train][INFO] - [DATASET] avg video length: 30.57 minutes
[2024-05-14 19:24:24,035][func.train][INFO] - [DATASET] df unique videos: [1 2 3 4 5 6 7 8 9 10 11 12 13 14 15 16 17 18 19 20 21 22 23 24 25 26 27
 28 29 30 31 32 33 34 35 36 37 38 39 40 41 42 43 44 45 46 47 48 49 50 51
 52 53 54 55 56 57 58 59 60 61 62 63 64 65 66 67 68 69 70 71 72 73 74 75
 76 77 78 79 80]
[2024-05-14 19:24:24,036][func.train][INFO] - [DATASET] split: test video_indices: [57]
[2024-05-14 19:24:24,143][func.train][INFO] - [DATASET] test size: 65801
[2024-05-14 19:24:24,143][func.train][INFO] - [DATASET] test video_indices: [57]
[2024-05-14 19:24:24,156][func.train][INFO] - [DATASET] Sampling video_idx: 57 at 25 fps to 2632 frames
[2024-05-14 19:24:24,157][func.train][INFO] - [DATASET] video 57 label_list: torch.Size([2632])
[2024-05-14 19:24:24,191][func.train][INFO] - [DATASET] number of test videos: 1
[2024-05-14 19:24:24,191][func.train][INFO] - [DATASET] avg video length: 43.87 minutes
[2024-05-14 19:24:26,190][func.train][INFO] - [DATASET] df unique videos: [1 2 3 4 5 6 7 8 9 10 11 12 13 14 15 16 17 18 19 20 21 22 23 24 25 26 27
 28 29 30 31 32 33 34 35 36 37 38 39 40 41 42 43 44 45 46 47 48 49 50 51
 52 53 54 55 56 57 58 59 60 61 62 63 64 65 66 67 68 69 70 71 72 73 74 75
 76 77 78 79 80]
[2024-05-14 19:24:26,191][func.train][INFO] - [DATASET] split: test video_indices: [58]
[2024-05-14 19:24:26,318][func.train][INFO] - [DATASET] test size: 149826
[2024-05-14 19:24:26,319][func.train][INFO] - [DATASET] test video_indices: [58]
[2024-05-14 19:24:26,356][func.train][INFO] - [DATASET] Sampling video_idx: 58 at 25 fps to 5993 frames
[2024-05-14 19:24:26,358][func.train][INFO] - [DATASET] video 58 label_list: torch.Size([5993])
[2024-05-14 19:24:26,420][func.train][INFO] - [DATASET] number of test videos: 1
[2024-05-14 19:24:26,420][func.train][INFO] - [DATASET] avg video length: 99.88 minutes
[2024-05-14 19:24:28,171][func.train][INFO] - [DATASET] df unique videos: [1 2 3 4 5 6 7 8 9 10 11 12 13 14 15 16 17 18 19 20 21 22 23 24 25 26 27
 28 29 30 31 32 33 34 35 36 37 38 39 40 41 42 43 44 45 46 47 48 49 50 51
 52 53 54 55 56 57 58 59 60 61 62 63 64 65 66 67 68 69 70 71 72 73 74 75
 76 77 78 79 80]
[2024-05-14 19:24:28,172][func.train][INFO] - [DATASET] split: test video_indices: [59]
[2024-05-14 19:24:28,239][func.train][INFO] - [DATASET] test size: 26151
[2024-05-14 19:24:28,239][func.train][INFO] - [DATASET] test video_indices: [59]
[2024-05-14 19:24:28,244][func.train][INFO] - [DATASET] Sampling video_idx: 59 at 25 fps to 1046 frames
[2024-05-14 19:24:28,245][func.train][INFO] - [DATASET] video 59 label_list: torch.Size([1046])
[2024-05-14 19:24:28,261][func.train][INFO] - [DATASET] number of test videos: 1
[2024-05-14 19:24:28,262][func.train][INFO] - [DATASET] avg video length: 17.43 minutes
[2024-05-14 19:24:29,936][func.train][INFO] - [DATASET] df unique videos: [1 2 3 4 5 6 7 8 9 10 11 12 13 14 15 16 17 18 19 20 21 22 23 24 25 26 27
 28 29 30 31 32 33 34 35 36 37 38 39 40 41 42 43 44 45 46 47 48 49 50 51
 52 53 54 55 56 57 58 59 60 61 62 63 64 65 66 67 68 69 70 71 72 73 74 75
 76 77 78 79 80]
[2024-05-14 19:24:29,937][func.train][INFO] - [DATASET] split: test video_indices: [60]
[2024-05-14 19:24:30,020][func.train][INFO] - [DATASET] test size: 63301
[2024-05-14 19:24:30,020][func.train][INFO] - [DATASET] test video_indices: [60]
[2024-05-14 19:24:30,034][func.train][INFO] - [DATASET] Sampling video_idx: 60 at 25 fps to 2532 frames
[2024-05-14 19:24:30,035][func.train][INFO] - [DATASET] video 60 label_list: torch.Size([2532])
[2024-05-14 19:24:30,071][func.train][INFO] - [DATASET] number of test videos: 1
[2024-05-14 19:24:30,072][func.train][INFO] - [DATASET] avg video length: 42.20 minutes
[2024-05-14 19:24:31,757][func.train][INFO] - [DATASET] df unique videos: [1 2 3 4 5 6 7 8 9 10 11 12 13 14 15 16 17 18 19 20 21 22 23 24 25 26 27
 28 29 30 31 32 33 34 35 36 37 38 39 40 41 42 43 44 45 46 47 48 49 50 51
 52 53 54 55 56 57 58 59 60 61 62 63 64 65 66 67 68 69 70 71 72 73 74 75
 76 77 78 79 80]
[2024-05-14 19:24:31,758][func.train][INFO] - [DATASET] split: test video_indices: [61]
[2024-05-14 19:24:31,857][func.train][INFO] - [DATASET] test size: 110226
[2024-05-14 19:24:31,858][func.train][INFO] - [DATASET] test video_indices: [61]
[2024-05-14 19:24:31,883][func.train][INFO] - [DATASET] Sampling video_idx: 61 at 25 fps to 4409 frames
[2024-05-14 19:24:31,884][func.train][INFO] - [DATASET] video 61 label_list: torch.Size([4409])
[2024-05-14 19:24:31,936][func.train][INFO] - [DATASET] number of test videos: 1
[2024-05-14 19:24:31,937][func.train][INFO] - [DATASET] avg video length: 73.48 minutes
[2024-05-14 19:24:33,565][func.train][INFO] - [DATASET] df unique videos: [1 2 3 4 5 6 7 8 9 10 11 12 13 14 15 16 17 18 19 20 21 22 23 24 25 26 27
 28 29 30 31 32 33 34 35 36 37 38 39 40 41 42 43 44 45 46 47 48 49 50 51
 52 53 54 55 56 57 58 59 60 61 62 63 64 65 66 67 68 69 70 71 72 73 74 75
 76 77 78 79 80]
[2024-05-14 19:24:33,566][func.train][INFO] - [DATASET] split: test video_indices: [62]
[2024-05-14 19:24:33,638][func.train][INFO] - [DATASET] test size: 50801
[2024-05-14 19:24:33,639][func.train][INFO] - [DATASET] test video_indices: [62]
[2024-05-14 19:24:33,647][func.train][INFO] - [DATASET] Sampling video_idx: 62 at 25 fps to 2032 frames
[2024-05-14 19:24:33,647][func.train][INFO] - [DATASET] video 62 label_list: torch.Size([2032])
[2024-05-14 19:24:33,687][func.train][INFO] - [DATASET] number of test videos: 1
[2024-05-14 19:24:33,687][func.train][INFO] - [DATASET] avg video length: 33.87 minutes
[2024-05-14 19:24:35,351][func.train][INFO] - [DATASET] df unique videos: [1 2 3 4 5 6 7 8 9 10 11 12 13 14 15 16 17 18 19 20 21 22 23 24 25 26 27
 28 29 30 31 32 33 34 35 36 37 38 39 40 41 42 43 44 45 46 47 48 49 50 51
 52 53 54 55 56 57 58 59 60 61 62 63 64 65 66 67 68 69 70 71 72 73 74 75
 76 77 78 79 80]
[2024-05-14 19:24:35,351][func.train][INFO] - [DATASET] split: test video_indices: [63]
[2024-05-14 19:24:35,443][func.train][INFO] - [DATASET] test size: 85826
[2024-05-14 19:24:35,443][func.train][INFO] - [DATASET] test video_indices: [63]
[2024-05-14 19:24:35,467][func.train][INFO] - [DATASET] Sampling video_idx: 63 at 25 fps to 3433 frames
[2024-05-14 19:24:35,469][func.train][INFO] - [DATASET] video 63 label_list: torch.Size([3433])
[2024-05-14 19:24:35,512][func.train][INFO] - [DATASET] number of test videos: 1
[2024-05-14 19:24:35,513][func.train][INFO] - [DATASET] avg video length: 57.22 minutes
[2024-05-14 19:24:37,249][func.train][INFO] - [DATASET] df unique videos: [1 2 3 4 5 6 7 8 9 10 11 12 13 14 15 16 17 18 19 20 21 22 23 24 25 26 27
 28 29 30 31 32 33 34 35 36 37 38 39 40 41 42 43 44 45 46 47 48 49 50 51
 52 53 54 55 56 57 58 59 60 61 62 63 64 65 66 67 68 69 70 71 72 73 74 75
 76 77 78 79 80]
[2024-05-14 19:24:37,250][func.train][INFO] - [DATASET] split: test video_indices: [64]
[2024-05-14 19:24:37,329][func.train][INFO] - [DATASET] test size: 59951
[2024-05-14 19:24:37,329][func.train][INFO] - [DATASET] test video_indices: [64]
[2024-05-14 19:24:37,339][func.train][INFO] - [DATASET] Sampling video_idx: 64 at 25 fps to 2398 frames
[2024-05-14 19:24:37,340][func.train][INFO] - [DATASET] video 64 label_list: torch.Size([2398])
[2024-05-14 19:24:37,369][func.train][INFO] - [DATASET] number of test videos: 1
[2024-05-14 19:24:37,369][func.train][INFO] - [DATASET] avg video length: 39.97 minutes
[2024-05-14 19:24:38,903][func.train][INFO] - [DATASET] df unique videos: [1 2 3 4 5 6 7 8 9 10 11 12 13 14 15 16 17 18 19 20 21 22 23 24 25 26 27
 28 29 30 31 32 33 34 35 36 37 38 39 40 41 42 43 44 45 46 47 48 49 50 51
 52 53 54 55 56 57 58 59 60 61 62 63 64 65 66 67 68 69 70 71 72 73 74 75
 76 77 78 79 80]
[2024-05-14 19:24:38,904][func.train][INFO] - [DATASET] split: test video_indices: [65]
[2024-05-14 19:24:38,974][func.train][INFO] - [DATASET] test size: 46826
[2024-05-14 19:24:38,974][func.train][INFO] - [DATASET] test video_indices: [65]
[2024-05-14 19:24:38,982][func.train][INFO] - [DATASET] Sampling video_idx: 65 at 25 fps to 1873 frames
[2024-05-14 19:24:38,982][func.train][INFO] - [DATASET] video 65 label_list: torch.Size([1873])
[2024-05-14 19:24:39,010][func.train][INFO] - [DATASET] number of test videos: 1
[2024-05-14 19:24:39,011][func.train][INFO] - [DATASET] avg video length: 31.22 minutes
[2024-05-14 19:24:47,427][func.train][INFO] - [DATASET] df unique videos: [1 2 3 4 5 6 7 8 9 10 11 12 13 14 15 16 17 18 19 20 21 22 23 24 25 26 27
 28 29 30 31 32 33 34 35 36 37 38 39 40 41 42 43 44 45 46 47 48 49 50 51
 52 53 54 55 56 57 58 59 60 61 62 63 64 65 66 67 68 69 70 71 72 73 74 75
 76 77 78 79 80]
[2024-05-14 19:24:47,428][func.train][INFO] - [DATASET] split: test video_indices: [66]
[2024-05-14 19:24:47,504][func.train][INFO] - [DATASET] test size: 45601
[2024-05-14 19:24:47,505][func.train][INFO] - [DATASET] test video_indices: [66]
[2024-05-14 19:24:47,515][func.train][INFO] - [DATASET] Sampling video_idx: 66 at 25 fps to 1824 frames
[2024-05-14 19:24:47,516][func.train][INFO] - [DATASET] video 66 label_list: torch.Size([1824])
[2024-05-14 19:24:47,548][func.train][INFO] - [DATASET] number of test videos: 1
[2024-05-14 19:24:47,549][func.train][INFO] - [DATASET] avg video length: 30.40 minutes
[2024-05-14 19:24:52,315][func.train][INFO] - [DATASET] df unique videos: [1 2 3 4 5 6 7 8 9 10 11 12 13 14 15 16 17 18 19 20 21 22 23 24 25 26 27
 28 29 30 31 32 33 34 35 36 37 38 39 40 41 42 43 44 45 46 47 48 49 50 51
 52 53 54 55 56 57 58 59 60 61 62 63 64 65 66 67 68 69 70 71 72 73 74 75
 76 77 78 79 80]
[2024-05-14 19:24:52,315][func.train][INFO] - [DATASET] split: test video_indices: [67]
[2024-05-14 19:24:52,413][func.train][INFO] - [DATASET] test size: 58826
[2024-05-14 19:24:52,413][func.train][INFO] - [DATASET] test video_indices: [67]
[2024-05-14 19:24:52,429][func.train][INFO] - [DATASET] Sampling video_idx: 67 at 25 fps to 2353 frames
[2024-05-14 19:24:52,431][func.train][INFO] - [DATASET] video 67 label_list: torch.Size([2353])
[2024-05-14 19:24:52,472][func.train][INFO] - [DATASET] number of test videos: 1
[2024-05-14 19:24:52,472][func.train][INFO] - [DATASET] avg video length: 39.22 minutes
[2024-05-14 19:24:58,474][func.train][INFO] - [DATASET] df unique videos: [1 2 3 4 5 6 7 8 9 10 11 12 13 14 15 16 17 18 19 20 21 22 23 24 25 26 27
 28 29 30 31 32 33 34 35 36 37 38 39 40 41 42 43 44 45 46 47 48 49 50 51
 52 53 54 55 56 57 58 59 60 61 62 63 64 65 66 67 68 69 70 71 72 73 74 75
 76 77 78 79 80]
[2024-05-14 19:24:58,475][func.train][INFO] - [DATASET] split: test video_indices: [68]
[2024-05-14 19:24:58,554][func.train][INFO] - [DATASET] test size: 49301
[2024-05-14 19:24:58,554][func.train][INFO] - [DATASET] test video_indices: [68]
[2024-05-14 19:24:58,565][func.train][INFO] - [DATASET] Sampling video_idx: 68 at 25 fps to 1972 frames
[2024-05-14 19:24:58,566][func.train][INFO] - [DATASET] video 68 label_list: torch.Size([1972])
[2024-05-14 19:24:58,592][func.train][INFO] - [DATASET] number of test videos: 1
[2024-05-14 19:24:58,593][func.train][INFO] - [DATASET] avg video length: 32.87 minutes
[2024-05-14 19:25:02,632][func.train][INFO] - [DATASET] df unique videos: [1 2 3 4 5 6 7 8 9 10 11 12 13 14 15 16 17 18 19 20 21 22 23 24 25 26 27
 28 29 30 31 32 33 34 35 36 37 38 39 40 41 42 43 44 45 46 47 48 49 50 51
 52 53 54 55 56 57 58 59 60 61 62 63 64 65 66 67 68 69 70 71 72 73 74 75
 76 77 78 79 80]
[2024-05-14 19:25:02,633][func.train][INFO] - [DATASET] split: test video_indices: [69]
[2024-05-14 19:25:02,762][func.train][INFO] - [DATASET] test size: 114376
[2024-05-14 19:25:02,762][func.train][INFO] - [DATASET] test video_indices: [69]
[2024-05-14 19:25:02,790][func.train][INFO] - [DATASET] Sampling video_idx: 69 at 25 fps to 4575 frames
[2024-05-14 19:25:02,792][func.train][INFO] - [DATASET] video 69 label_list: torch.Size([4575])
[2024-05-14 19:25:02,837][func.train][INFO] - [DATASET] number of test videos: 1
[2024-05-14 19:25:02,837][func.train][INFO] - [DATASET] avg video length: 76.25 minutes
[2024-05-14 19:25:11,550][func.train][INFO] - [DATASET] df unique videos: [1 2 3 4 5 6 7 8 9 10 11 12 13 14 15 16 17 18 19 20 21 22 23 24 25 26 27
 28 29 30 31 32 33 34 35 36 37 38 39 40 41 42 43 44 45 46 47 48 49 50 51
 52 53 54 55 56 57 58 59 60 61 62 63 64 65 66 67 68 69 70 71 72 73 74 75
 76 77 78 79 80]
[2024-05-14 19:25:11,551][func.train][INFO] - [DATASET] split: test video_indices: [70]
[2024-05-14 19:25:11,617][func.train][INFO] - [DATASET] test size: 29851
[2024-05-14 19:25:11,617][func.train][INFO] - [DATASET] test video_indices: [70]
[2024-05-14 19:25:11,624][func.train][INFO] - [DATASET] Sampling video_idx: 70 at 25 fps to 1194 frames
[2024-05-14 19:25:11,625][func.train][INFO] - [DATASET] video 70 label_list: torch.Size([1194])
[2024-05-14 19:25:11,645][func.train][INFO] - [DATASET] number of test videos: 1
[2024-05-14 19:25:11,646][func.train][INFO] - [DATASET] avg video length: 19.90 minutes
[2024-05-14 19:25:16,860][func.train][INFO] - [DATASET] df unique videos: [1 2 3 4 5 6 7 8 9 10 11 12 13 14 15 16 17 18 19 20 21 22 23 24 25 26 27
 28 29 30 31 32 33 34 35 36 37 38 39 40 41 42 43 44 45 46 47 48 49 50 51
 52 53 54 55 56 57 58 59 60 61 62 63 64 65 66 67 68 69 70 71 72 73 74 75
 76 77 78 79 80]
[2024-05-14 19:25:16,860][func.train][INFO] - [DATASET] split: test video_indices: [71]
[2024-05-14 19:25:16,954][func.train][INFO] - [DATASET] test size: 62876
[2024-05-14 19:25:16,955][func.train][INFO] - [DATASET] test video_indices: [71]
[2024-05-14 19:25:16,976][func.train][INFO] - [DATASET] Sampling video_idx: 71 at 25 fps to 2515 frames
[2024-05-14 19:25:16,978][func.train][INFO] - [DATASET] video 71 label_list: torch.Size([2515])
[2024-05-14 19:25:17,023][func.train][INFO] - [DATASET] number of test videos: 1
[2024-05-14 19:25:17,024][func.train][INFO] - [DATASET] avg video length: 41.92 minutes
[2024-05-14 19:25:18,723][func.train][INFO] - [DATASET] df unique videos: [1 2 3 4 5 6 7 8 9 10 11 12 13 14 15 16 17 18 19 20 21 22 23 24 25 26 27
 28 29 30 31 32 33 34 35 36 37 38 39 40 41 42 43 44 45 46 47 48 49 50 51
 52 53 54 55 56 57 58 59 60 61 62 63 64 65 66 67 68 69 70 71 72 73 74 75
 76 77 78 79 80]
[2024-05-14 19:25:18,724][func.train][INFO] - [DATASET] split: test video_indices: [72]
[2024-05-14 19:25:18,803][func.train][INFO] - [DATASET] test size: 77651
[2024-05-14 19:25:18,803][func.train][INFO] - [DATASET] test video_indices: [72]
[2024-05-14 19:25:18,822][func.train][INFO] - [DATASET] Sampling video_idx: 72 at 25 fps to 3106 frames
[2024-05-14 19:25:18,824][func.train][INFO] - [DATASET] video 72 label_list: torch.Size([3106])
[2024-05-14 19:25:18,874][func.train][INFO] - [DATASET] number of test videos: 1
[2024-05-14 19:25:18,875][func.train][INFO] - [DATASET] avg video length: 51.77 minutes
[2024-05-14 19:25:31,587][func.train][INFO] - [DATASET] df unique videos: [1 2 3 4 5 6 7 8 9 10 11 12 13 14 15 16 17 18 19 20 21 22 23 24 25 26 27
 28 29 30 31 32 33 34 35 36 37 38 39 40 41 42 43 44 45 46 47 48 49 50 51
 52 53 54 55 56 57 58 59 60 61 62 63 64 65 66 67 68 69 70 71 72 73 74 75
 76 77 78 79 80]
[2024-05-14 19:25:31,588][func.train][INFO] - [DATASET] split: test video_indices: [73]
[2024-05-14 19:25:31,667][func.train][INFO] - [DATASET] test size: 33901
[2024-05-14 19:25:31,667][func.train][INFO] - [DATASET] test video_indices: [73]
[2024-05-14 19:25:31,678][func.train][INFO] - [DATASET] Sampling video_idx: 73 at 25 fps to 1356 frames
[2024-05-14 19:25:31,679][func.train][INFO] - [DATASET] video 73 label_list: torch.Size([1356])
[2024-05-14 19:25:31,703][func.train][INFO] - [DATASET] number of test videos: 1
[2024-05-14 19:25:31,704][func.train][INFO] - [DATASET] avg video length: 22.60 minutes
[2024-05-14 19:25:35,634][func.train][INFO] - [DATASET] df unique videos: [1 2 3 4 5 6 7 8 9 10 11 12 13 14 15 16 17 18 19 20 21 22 23 24 25 26 27
 28 29 30 31 32 33 34 35 36 37 38 39 40 41 42 43 44 45 46 47 48 49 50 51
 52 53 54 55 56 57 58 59 60 61 62 63 64 65 66 67 68 69 70 71 72 73 74 75
 76 77 78 79 80]
[2024-05-14 19:25:35,634][func.train][INFO] - [DATASET] split: test video_indices: [74]
[2024-05-14 19:25:35,702][func.train][INFO] - [DATASET] test size: 40851
[2024-05-14 19:25:35,702][func.train][INFO] - [DATASET] test video_indices: [74]
[2024-05-14 19:25:35,710][func.train][INFO] - [DATASET] Sampling video_idx: 74 at 25 fps to 1634 frames
[2024-05-14 19:25:35,711][func.train][INFO] - [DATASET] video 74 label_list: torch.Size([1634])
[2024-05-14 19:25:35,734][func.train][INFO] - [DATASET] number of test videos: 1
[2024-05-14 19:25:35,734][func.train][INFO] - [DATASET] avg video length: 27.23 minutes
[2024-05-14 19:25:39,697][func.train][INFO] - [DATASET] df unique videos: [1 2 3 4 5 6 7 8 9 10 11 12 13 14 15 16 17 18 19 20 21 22 23 24 25 26 27
 28 29 30 31 32 33 34 35 36 37 38 39 40 41 42 43 44 45 46 47 48 49 50 51
 52 53 54 55 56 57 58 59 60 61 62 63 64 65 66 67 68 69 70 71 72 73 74 75
 76 77 78 79 80]
[2024-05-14 19:25:39,697][func.train][INFO] - [DATASET] split: test video_indices: [75]
[2024-05-14 19:25:39,784][func.train][INFO] - [DATASET] test size: 48076
[2024-05-14 19:25:39,785][func.train][INFO] - [DATASET] test video_indices: [75]
[2024-05-14 19:25:39,796][func.train][INFO] - [DATASET] Sampling video_idx: 75 at 25 fps to 1923 frames
[2024-05-14 19:25:39,797][func.train][INFO] - [DATASET] video 75 label_list: torch.Size([1923])
[2024-05-14 19:25:39,832][func.train][INFO] - [DATASET] number of test videos: 1
[2024-05-14 19:25:39,833][func.train][INFO] - [DATASET] avg video length: 32.05 minutes
[2024-05-14 19:25:42,270][func.train][INFO] - [DATASET] df unique videos: [1 2 3 4 5 6 7 8 9 10 11 12 13 14 15 16 17 18 19 20 21 22 23 24 25 26 27
 28 29 30 31 32 33 34 35 36 37 38 39 40 41 42 43 44 45 46 47 48 49 50 51
 52 53 54 55 56 57 58 59 60 61 62 63 64 65 66 67 68 69 70 71 72 73 74 75
 76 77 78 79 80]
[2024-05-14 19:25:42,270][func.train][INFO] - [DATASET] split: test video_indices: [76]
[2024-05-14 19:25:42,350][func.train][INFO] - [DATASET] test size: 66226
[2024-05-14 19:25:42,350][func.train][INFO] - [DATASET] test video_indices: [76]
[2024-05-14 19:25:42,361][func.train][INFO] - [DATASET] Sampling video_idx: 76 at 25 fps to 2649 frames
[2024-05-14 19:25:42,362][func.train][INFO] - [DATASET] video 76 label_list: torch.Size([2649])
[2024-05-14 19:25:42,394][func.train][INFO] - [DATASET] number of test videos: 1
[2024-05-14 19:25:42,395][func.train][INFO] - [DATASET] avg video length: 44.15 minutes
[2024-05-14 19:25:50,555][func.train][INFO] - [DATASET] df unique videos: [1 2 3 4 5 6 7 8 9 10 11 12 13 14 15 16 17 18 19 20 21 22 23 24 25 26 27
 28 29 30 31 32 33 34 35 36 37 38 39 40 41 42 43 44 45 46 47 48 49 50 51
 52 53 54 55 56 57 58 59 60 61 62 63 64 65 66 67 68 69 70 71 72 73 74 75
 76 77 78 79 80]
[2024-05-14 19:25:50,556][func.train][INFO] - [DATASET] split: test video_indices: [77]
[2024-05-14 19:25:50,657][func.train][INFO] - [DATASET] test size: 62551
[2024-05-14 19:25:50,658][func.train][INFO] - [DATASET] test video_indices: [77]
[2024-05-14 19:25:50,675][func.train][INFO] - [DATASET] Sampling video_idx: 77 at 25 fps to 2502 frames
[2024-05-14 19:25:50,677][func.train][INFO] - [DATASET] video 77 label_list: torch.Size([2502])
[2024-05-14 19:25:50,711][func.train][INFO] - [DATASET] number of test videos: 1
[2024-05-14 19:25:50,712][func.train][INFO] - [DATASET] avg video length: 41.70 minutes
[2024-05-14 19:25:54,547][func.train][INFO] - [DATASET] df unique videos: [1 2 3 4 5 6 7 8 9 10 11 12 13 14 15 16 17 18 19 20 21 22 23 24 25 26 27
 28 29 30 31 32 33 34 35 36 37 38 39 40 41 42 43 44 45 46 47 48 49 50 51
 52 53 54 55 56 57 58 59 60 61 62 63 64 65 66 67 68 69 70 71 72 73 74 75
 76 77 78 79 80]
[2024-05-14 19:25:54,547][func.train][INFO] - [DATASET] split: test video_indices: [78]
[2024-05-14 19:25:54,618][func.train][INFO] - [DATASET] test size: 18476
[2024-05-14 19:25:54,618][func.train][INFO] - [DATASET] test video_indices: [78]
[2024-05-14 19:25:54,623][func.train][INFO] - [DATASET] Sampling video_idx: 78 at 25 fps to 739 frames
[2024-05-14 19:25:54,623][func.train][INFO] - [DATASET] video 78 label_list: torch.Size([739])
[2024-05-14 19:25:54,643][func.train][INFO] - [DATASET] number of test videos: 1
[2024-05-14 19:25:54,643][func.train][INFO] - [DATASET] avg video length: 12.32 minutes
[2024-05-14 19:25:57,043][func.train][INFO] - [DATASET] df unique videos: [1 2 3 4 5 6 7 8 9 10 11 12 13 14 15 16 17 18 19 20 21 22 23 24 25 26 27
 28 29 30 31 32 33 34 35 36 37 38 39 40 41 42 43 44 45 46 47 48 49 50 51
 52 53 54 55 56 57 58 59 60 61 62 63 64 65 66 67 68 69 70 71 72 73 74 75
 76 77 78 79 80]
[2024-05-14 19:25:57,044][func.train][INFO] - [DATASET] split: test video_indices: [79]
[2024-05-14 19:25:57,139][func.train][INFO] - [DATASET] test size: 85351
[2024-05-14 19:25:57,139][func.train][INFO] - [DATASET] test video_indices: [79]
[2024-05-14 19:25:57,158][func.train][INFO] - [DATASET] Sampling video_idx: 79 at 25 fps to 3414 frames
[2024-05-14 19:25:57,160][func.train][INFO] - [DATASET] video 79 label_list: torch.Size([3414])
[2024-05-14 19:25:57,206][func.train][INFO] - [DATASET] number of test videos: 1
[2024-05-14 19:25:57,206][func.train][INFO] - [DATASET] avg video length: 56.90 minutes
[2024-05-14 19:26:00,755][func.train][INFO] - [DATASET] df unique videos: [1 2 3 4 5 6 7 8 9 10 11 12 13 14 15 16 17 18 19 20 21 22 23 24 25 26 27
 28 29 30 31 32 33 34 35 36 37 38 39 40 41 42 43 44 45 46 47 48 49 50 51
 52 53 54 55 56 57 58 59 60 61 62 63 64 65 66 67 68 69 70 71 72 73 74 75
 76 77 78 79 80]
[2024-05-14 19:26:00,755][func.train][INFO] - [DATASET] split: test video_indices: [80]
[2024-05-14 19:26:00,825][func.train][INFO] - [DATASET] test size: 43101
[2024-05-14 19:26:00,825][func.train][INFO] - [DATASET] test video_indices: [80]
[2024-05-14 19:26:00,836][func.train][INFO] - [DATASET] Sampling video_idx: 80 at 25 fps to 1724 frames
[2024-05-14 19:26:00,837][func.train][INFO] - [DATASET] video 80 label_list: torch.Size([1724])
[2024-05-14 19:26:00,865][func.train][INFO] - [DATASET] number of test videos: 1
[2024-05-14 19:26:00,866][func.train][INFO] - [DATASET] avg video length: 28.73 minutes
[2024-05-14 19:26:00,896][func.train][INFO] - Time to load datasets: 2.35 min
[2024-05-14 19:26:00,896][func.train][INFO] - Creating data loaders
[2024-05-14 19:26:00,902][func.train][INFO] - Creating model with {'one': 7} classes
[2024-05-14 19:30:55,259][func.train][INFO] - Dist info:
[2024-05-14 19:30:55,260][func.train][INFO] - torch version: 2.2.2+cu121
[2024-05-14 19:30:55,260][func.train][INFO] - torchvision version: 0.17.2+cu121
[2024-05-14 19:30:55,260][func.train][INFO] - hydra version: 1.3.2
[2024-05-14 19:30:55,262][func.train][INFO] - Loading data
[2024-05-14 19:30:55,263][func.train][INFO] - Loading datasets
[2024-05-14 19:30:57,191][func.train][INFO] - [SELECT DATASET] ALL loaded dataframe in 0m 2s
[2024-05-14 19:30:57,192][func.train][INFO] - [SELECT DATASET] ALL loaded dataframe: (4612530, 11)
[2024-05-14 19:30:57,396][func.train][INFO] - [SELECT DATASET] labels are already starting from 0
[2024-05-14 19:30:57,728][func.train][INFO] - [SELECT DATASET] ALL unique classes: [0 1 2 3 4 5 6]
[2024-05-14 19:30:57,739][func.train][INFO] - [SELECT DATASET] aLL dataframe (head):                    image_path class  ... tool_Irrigator tool_SpecimenBag
0  video01/video01_000001.png     0  ...              0                0
1  video01/video01_000002.png     0  ...              0                0
2  video01/video01_000003.png     0  ...              0                0
3  video01/video01_000004.png     0  ...              0                0
4  video01/video01_000005.png     0  ...              0                0

[5 rows x 11 columns]
[2024-05-14 19:30:57,746][func.train][INFO] - [SELECT DATASET] ALL dataframe (tail):                          image_path class  ... tool_Irrigator tool_SpecimenBag
4612525  video80/video80_043097.png     6  ...              0                0
4612526  video80/video80_043098.png     6  ...              0                0
4612527  video80/video80_043099.png     6  ...              0                0
4612528  video80/video80_043100.png     6  ...              0                0
4612529  video80/video80_043101.png     6  ...              0                0

[5 rows x 11 columns]
[2024-05-14 19:30:57,747][func.train][INFO] - [DATASET] params: {'debug': False, 'dataset_name': 'cholec80', 'reduc_feats_folder': 'train_targets_x_mp/', 'num_classes': 7, 'num_next_labels': 6, 'last_seg_class': 7, 'predict_next_phase': True, 'get_target_feats': False, 'replace_current_with_next_class': False}
[2024-05-14 19:30:59,130][func.train][INFO] - [DATASET] df unique videos: [1 2 3 4 5 6 7 8 9 10 11 12 13 14 15 16 17 18 19 20 21 22 23 24 25 26 27
 28 29 30 31 32 33 34 35 36 37 38 39 40 41 42 43 44 45 46 47 48 49 50 51
 52 53 54 55 56 57 58 59 60 61 62 63 64 65 66 67 68 69 70 71 72 73 74 75
 76 77 78 79 80]
[2024-05-14 19:30:59,131][func.train][INFO] - [DATASET] split: train video_indices: [1, 2, 3, 4, 5, 6, 7, 8, 9, 10, 11, 12, 13, 14, 15, 16, 17, 18, 19, 20, 21, 22, 23, 24, 25, 26, 27, 28, 29, 30, 31, 32, 33, 34, 35, 36, 37, 38, 39, 40]
[2024-05-14 19:31:00,517][func.train][INFO] - [DATASET] train size: 2157640
[2024-05-14 19:31:00,517][func.train][INFO] - [DATASET] train video_indices: [1, 2, 3, 4, 5, 6, 7, 8, 9, 10, 11, 12, 13, 14, 15, 16, 17, 18, 19, 20, 21, 22, 23, 24, 25, 26, 27, 28, 29, 30, 31, 32, 33, 34, 35, 36, 37, 38, 39, 40]
[2024-05-14 19:31:00,612][func.train][INFO] - [DATASET] Sampling video_idx: 1 at 25 fps to 1733 frames
[2024-05-14 19:31:00,618][func.train][INFO] - [DATASET] video 1 label_list: torch.Size([1733])
[2024-05-14 19:31:01,003][func.train][INFO] - [DATASET] Sampling video_idx: 2 at 25 fps to 2839 frames
[2024-05-14 19:31:01,004][func.train][INFO] - [DATASET] video 2 label_list: torch.Size([2839])
[2024-05-14 19:31:01,125][func.train][INFO] - [DATASET] Sampling video_idx: 3 at 25 fps to 5828 frames
[2024-05-14 19:31:01,126][func.train][INFO] - [DATASET] video 3 label_list: torch.Size([5828])
[2024-05-14 19:31:01,241][func.train][INFO] - [DATASET] Sampling video_idx: 4 at 25 fps to 1522 frames
[2024-05-14 19:31:01,241][func.train][INFO] - [DATASET] video 4 label_list: torch.Size([1522])
[2024-05-14 19:31:01,347][func.train][INFO] - [DATASET] Sampling video_idx: 5 at 25 fps to 2344 frames
[2024-05-14 19:31:01,347][func.train][INFO] - [DATASET] video 5 label_list: torch.Size([2344])
[2024-05-14 19:31:01,453][func.train][INFO] - [DATASET] Sampling video_idx: 6 at 25 fps to 2153 frames
[2024-05-14 19:31:01,454][func.train][INFO] - [DATASET] video 6 label_list: torch.Size([2153])
[2024-05-14 19:31:01,567][func.train][INFO] - [DATASET] Sampling video_idx: 7 at 25 fps to 4557 frames
[2024-05-14 19:31:01,568][func.train][INFO] - [DATASET] video 7 label_list: torch.Size([4557])
[2024-05-14 19:31:01,675][func.train][INFO] - [DATASET] Sampling video_idx: 8 at 25 fps to 1519 frames
[2024-05-14 19:31:01,675][func.train][INFO] - [DATASET] video 8 label_list: torch.Size([1519])
[2024-05-14 19:31:01,791][func.train][INFO] - [DATASET] Sampling video_idx: 9 at 25 fps to 2702 frames
[2024-05-14 19:31:01,792][func.train][INFO] - [DATASET] video 9 label_list: torch.Size([2702])
[2024-05-14 19:31:01,899][func.train][INFO] - [DATASET] Sampling video_idx: 10 at 25 fps to 1749 frames
[2024-05-14 19:31:01,900][func.train][INFO] - [DATASET] video 10 label_list: torch.Size([1749])
[2024-05-14 19:31:02,009][func.train][INFO] - [DATASET] Sampling video_idx: 11 at 25 fps to 3220 frames
[2024-05-14 19:31:02,010][func.train][INFO] - [DATASET] video 11 label_list: torch.Size([3220])
[2024-05-14 19:31:02,115][func.train][INFO] - [DATASET] Sampling video_idx: 12 at 25 fps to 1090 frames
[2024-05-14 19:31:02,115][func.train][INFO] - [DATASET] video 12 label_list: torch.Size([1090])
[2024-05-14 19:31:02,215][func.train][INFO] - [DATASET] Sampling video_idx: 13 at 25 fps to 981 frames
[2024-05-14 19:31:02,216][func.train][INFO] - [DATASET] video 13 label_list: torch.Size([981])
[2024-05-14 19:31:02,318][func.train][INFO] - [DATASET] Sampling video_idx: 14 at 25 fps to 1708 frames
[2024-05-14 19:31:02,318][func.train][INFO] - [DATASET] video 14 label_list: torch.Size([1708])
[2024-05-14 19:31:02,422][func.train][INFO] - [DATASET] Sampling video_idx: 15 at 25 fps to 2058 frames
[2024-05-14 19:31:02,423][func.train][INFO] - [DATASET] video 15 label_list: torch.Size([2058])
[2024-05-14 19:31:02,530][func.train][INFO] - [DATASET] Sampling video_idx: 16 at 25 fps to 2957 frames
[2024-05-14 19:31:02,531][func.train][INFO] - [DATASET] video 16 label_list: torch.Size([2957])
[2024-05-14 19:31:02,635][func.train][INFO] - [DATASET] Sampling video_idx: 17 at 25 fps to 1304 frames
[2024-05-14 19:31:02,636][func.train][INFO] - [DATASET] video 17 label_list: torch.Size([1304])
[2024-05-14 19:31:02,740][func.train][INFO] - [DATASET] Sampling video_idx: 18 at 25 fps to 1942 frames
[2024-05-14 19:31:02,740][func.train][INFO] - [DATASET] video 18 label_list: torch.Size([1942])
[2024-05-14 19:31:02,846][func.train][INFO] - [DATASET] Sampling video_idx: 19 at 25 fps to 2424 frames
[2024-05-14 19:31:02,846][func.train][INFO] - [DATASET] video 19 label_list: torch.Size([2424])
[2024-05-14 19:31:02,949][func.train][INFO] - [DATASET] Sampling video_idx: 20 at 25 fps to 1449 frames
[2024-05-14 19:31:02,950][func.train][INFO] - [DATASET] video 20 label_list: torch.Size([1449])
[2024-05-14 19:31:03,050][func.train][INFO] - [DATASET] Sampling video_idx: 21 at 25 fps to 1258 frames
[2024-05-14 19:31:03,050][func.train][INFO] - [DATASET] video 21 label_list: torch.Size([1258])
[2024-05-14 19:31:03,151][func.train][INFO] - [DATASET] Sampling video_idx: 22 at 25 fps to 1532 frames
[2024-05-14 19:31:03,151][func.train][INFO] - [DATASET] video 22 label_list: torch.Size([1532])
[2024-05-14 19:31:03,254][func.train][INFO] - [DATASET] Sampling video_idx: 23 at 25 fps to 1635 frames
[2024-05-14 19:31:03,255][func.train][INFO] - [DATASET] video 23 label_list: torch.Size([1635])
[2024-05-14 19:31:03,357][func.train][INFO] - [DATASET] Sampling video_idx: 24 at 25 fps to 1975 frames
[2024-05-14 19:31:03,358][func.train][INFO] - [DATASET] video 24 label_list: torch.Size([1975])
[2024-05-14 19:31:03,463][func.train][INFO] - [DATASET] Sampling video_idx: 25 at 25 fps to 2129 frames
[2024-05-14 19:31:03,464][func.train][INFO] - [DATASET] video 25 label_list: torch.Size([2129])
[2024-05-14 19:31:03,565][func.train][INFO] - [DATASET] Sampling video_idx: 26 at 25 fps to 1773 frames
[2024-05-14 19:31:03,566][func.train][INFO] - [DATASET] video 26 label_list: torch.Size([1773])
[2024-05-14 19:31:03,668][func.train][INFO] - [DATASET] Sampling video_idx: 27 at 25 fps to 2084 frames
[2024-05-14 19:31:03,669][func.train][INFO] - [DATASET] video 27 label_list: torch.Size([2084])
[2024-05-14 19:31:03,776][func.train][INFO] - [DATASET] Sampling video_idx: 28 at 25 fps to 1199 frames
[2024-05-14 19:31:03,776][func.train][INFO] - [DATASET] video 28 label_list: torch.Size([1199])
[2024-05-14 19:31:03,881][func.train][INFO] - [DATASET] Sampling video_idx: 29 at 25 fps to 2350 frames
[2024-05-14 19:31:03,881][func.train][INFO] - [DATASET] video 29 label_list: torch.Size([2350])
[2024-05-14 19:31:03,988][func.train][INFO] - [DATASET] Sampling video_idx: 30 at 25 fps to 2925 frames
[2024-05-14 19:31:03,989][func.train][INFO] - [DATASET] video 30 label_list: torch.Size([2925])
[2024-05-14 19:31:04,099][func.train][INFO] - [DATASET] Sampling video_idx: 31 at 25 fps to 3945 frames
[2024-05-14 19:31:04,100][func.train][INFO] - [DATASET] video 31 label_list: torch.Size([3945])
[2024-05-14 19:31:04,208][func.train][INFO] - [DATASET] Sampling video_idx: 32 at 25 fps to 2116 frames
[2024-05-14 19:31:04,209][func.train][INFO] - [DATASET] video 32 label_list: torch.Size([2116])
[2024-05-14 19:31:04,311][func.train][INFO] - [DATASET] Sampling video_idx: 33 at 25 fps to 1307 frames
[2024-05-14 19:31:04,311][func.train][INFO] - [DATASET] video 33 label_list: torch.Size([1307])
[2024-05-14 19:31:04,412][func.train][INFO] - [DATASET] Sampling video_idx: 34 at 25 fps to 1323 frames
[2024-05-14 19:31:04,413][func.train][INFO] - [DATASET] video 34 label_list: torch.Size([1323])
[2024-05-14 19:31:04,515][func.train][INFO] - [DATASET] Sampling video_idx: 35 at 25 fps to 2106 frames
[2024-05-14 19:31:04,516][func.train][INFO] - [DATASET] video 35 label_list: torch.Size([2106])
[2024-05-14 19:31:04,621][func.train][INFO] - [DATASET] Sampling video_idx: 36 at 25 fps to 2387 frames
[2024-05-14 19:31:04,622][func.train][INFO] - [DATASET] video 36 label_list: torch.Size([2387])
[2024-05-14 19:31:04,723][func.train][INFO] - [DATASET] Sampling video_idx: 37 at 25 fps to 1232 frames
[2024-05-14 19:31:04,723][func.train][INFO] - [DATASET] video 37 label_list: torch.Size([1232])
[2024-05-14 19:31:04,830][func.train][INFO] - [DATASET] Sampling video_idx: 38 at 25 fps to 3080 frames
[2024-05-14 19:31:04,831][func.train][INFO] - [DATASET] video 38 label_list: torch.Size([3080])
[2024-05-14 19:31:04,935][func.train][INFO] - [DATASET] Sampling video_idx: 39 at 25 fps to 1647 frames
[2024-05-14 19:31:04,935][func.train][INFO] - [DATASET] video 39 label_list: torch.Size([1647])
[2024-05-14 19:31:05,038][func.train][INFO] - [DATASET] Sampling video_idx: 40 at 25 fps to 2222 frames
[2024-05-14 19:31:05,039][func.train][INFO] - [DATASET] video 40 label_list: torch.Size([2222])
[2024-05-14 19:31:05,043][func.train][INFO] - [DATASET] number of train videos: 40
[2024-05-14 19:31:05,043][func.train][INFO] - [DATASET] avg video length: 35.96 minutes
[2024-05-14 19:31:05,279][func.train][INFO] - [DATASET] curr_class_weights: tensor([3.2825, 0.3343, 1.6823, 0.5112, 3.3179, 1.7079, 3.7585])
[2024-05-14 19:31:05,279][func.train][INFO] - [DATASET] next_class_weights: tensor([2.9696, 0.3024, 1.5219, 0.4625, 3.0017, 1.5451, 3.4003, 3.8095])
[2024-05-14 19:31:06,941][func.train][INFO] - [DATASET] df unique videos: [1 2 3 4 5 6 7 8 9 10 11 12 13 14 15 16 17 18 19 20 21 22 23 24 25 26 27
 28 29 30 31 32 33 34 35 36 37 38 39 40 41 42 43 44 45 46 47 48 49 50 51
 52 53 54 55 56 57 58 59 60 61 62 63 64 65 66 67 68 69 70 71 72 73 74 75
 76 77 78 79 80]
[2024-05-14 19:31:06,941][func.train][INFO] - [DATASET] split: test video_indices: [41]
[2024-05-14 19:31:07,019][func.train][INFO] - [DATASET] test size: 77576
[2024-05-14 19:31:07,019][func.train][INFO] - [DATASET] test video_indices: [41]
[2024-05-14 19:31:07,031][func.train][INFO] - [DATASET] Sampling video_idx: 41 at 25 fps to 3103 frames
[2024-05-14 19:31:07,032][func.train][INFO] - [DATASET] video 41 label_list: torch.Size([3103])
[2024-05-14 19:31:07,041][func.train][INFO] - [DATASET] number of test videos: 1
[2024-05-14 19:31:07,041][func.train][INFO] - [DATASET] avg video length: 51.72 minutes
[2024-05-14 19:31:08,450][func.train][INFO] - [DATASET] df unique videos: [1 2 3 4 5 6 7 8 9 10 11 12 13 14 15 16 17 18 19 20 21 22 23 24 25 26 27
 28 29 30 31 32 33 34 35 36 37 38 39 40 41 42 43 44 45 46 47 48 49 50 51
 52 53 54 55 56 57 58 59 60 61 62 63 64 65 66 67 68 69 70 71 72 73 74 75
 76 77 78 79 80]
[2024-05-14 19:31:08,450][func.train][INFO] - [DATASET] split: test video_indices: [42]
[2024-05-14 19:31:08,522][func.train][INFO] - [DATASET] test size: 92801
[2024-05-14 19:31:08,522][func.train][INFO] - [DATASET] test video_indices: [42]
[2024-05-14 19:31:08,539][func.train][INFO] - [DATASET] Sampling video_idx: 42 at 25 fps to 3712 frames
[2024-05-14 19:31:08,540][func.train][INFO] - [DATASET] video 42 label_list: torch.Size([3712])
[2024-05-14 19:31:08,549][func.train][INFO] - [DATASET] number of test videos: 1
[2024-05-14 19:31:08,549][func.train][INFO] - [DATASET] avg video length: 61.87 minutes
[2024-05-14 19:31:10,083][func.train][INFO] - [DATASET] df unique videos: [1 2 3 4 5 6 7 8 9 10 11 12 13 14 15 16 17 18 19 20 21 22 23 24 25 26 27
 28 29 30 31 32 33 34 35 36 37 38 39 40 41 42 43 44 45 46 47 48 49 50 51
 52 53 54 55 56 57 58 59 60 61 62 63 64 65 66 67 68 69 70 71 72 73 74 75
 76 77 78 79 80]
[2024-05-14 19:31:10,084][func.train][INFO] - [DATASET] split: test video_indices: [43]
[2024-05-14 19:31:10,152][func.train][INFO] - [DATASET] test size: 59051
[2024-05-14 19:31:10,153][func.train][INFO] - [DATASET] test video_indices: [43]
[2024-05-14 19:31:10,163][func.train][INFO] - [DATASET] Sampling video_idx: 43 at 25 fps to 2362 frames
[2024-05-14 19:31:10,164][func.train][INFO] - [DATASET] video 43 label_list: torch.Size([2362])
[2024-05-14 19:31:10,169][func.train][INFO] - [DATASET] number of test videos: 1
[2024-05-14 19:31:10,169][func.train][INFO] - [DATASET] avg video length: 39.37 minutes
[2024-05-14 19:31:11,684][func.train][INFO] - [DATASET] df unique videos: [1 2 3 4 5 6 7 8 9 10 11 12 13 14 15 16 17 18 19 20 21 22 23 24 25 26 27
 28 29 30 31 32 33 34 35 36 37 38 39 40 41 42 43 44 45 46 47 48 49 50 51
 52 53 54 55 56 57 58 59 60 61 62 63 64 65 66 67 68 69 70 71 72 73 74 75
 76 77 78 79 80]
[2024-05-14 19:31:11,684][func.train][INFO] - [DATASET] split: test video_indices: [44]
[2024-05-14 19:31:11,754][func.train][INFO] - [DATASET] test size: 78176
[2024-05-14 19:31:11,754][func.train][INFO] - [DATASET] test video_indices: [44]
[2024-05-14 19:31:11,768][func.train][INFO] - [DATASET] Sampling video_idx: 44 at 25 fps to 3127 frames
[2024-05-14 19:31:11,769][func.train][INFO] - [DATASET] video 44 label_list: torch.Size([3127])
[2024-05-14 19:31:11,776][func.train][INFO] - [DATASET] number of test videos: 1
[2024-05-14 19:31:11,776][func.train][INFO] - [DATASET] avg video length: 52.12 minutes
[2024-05-14 19:31:13,190][func.train][INFO] - [DATASET] df unique videos: [1 2 3 4 5 6 7 8 9 10 11 12 13 14 15 16 17 18 19 20 21 22 23 24 25 26 27
 28 29 30 31 32 33 34 35 36 37 38 39 40 41 42 43 44 45 46 47 48 49 50 51
 52 53 54 55 56 57 58 59 60 61 62 63 64 65 66 67 68 69 70 71 72 73 74 75
 76 77 78 79 80]
[2024-05-14 19:31:13,190][func.train][INFO] - [DATASET] split: test video_indices: [45]
[2024-05-14 19:31:13,262][func.train][INFO] - [DATASET] test size: 84676
[2024-05-14 19:31:13,262][func.train][INFO] - [DATASET] test video_indices: [45]
[2024-05-14 19:31:13,277][func.train][INFO] - [DATASET] Sampling video_idx: 45 at 25 fps to 3387 frames
[2024-05-14 19:31:13,278][func.train][INFO] - [DATASET] video 45 label_list: torch.Size([3387])
[2024-05-14 19:31:13,284][func.train][INFO] - [DATASET] number of test videos: 1
[2024-05-14 19:31:13,284][func.train][INFO] - [DATASET] avg video length: 56.45 minutes
[2024-05-14 19:31:14,688][func.train][INFO] - [DATASET] df unique videos: [1 2 3 4 5 6 7 8 9 10 11 12 13 14 15 16 17 18 19 20 21 22 23 24 25 26 27
 28 29 30 31 32 33 34 35 36 37 38 39 40 41 42 43 44 45 46 47 48 49 50 51
 52 53 54 55 56 57 58 59 60 61 62 63 64 65 66 67 68 69 70 71 72 73 74 75
 76 77 78 79 80]
[2024-05-14 19:31:14,688][func.train][INFO] - [DATASET] split: test video_indices: [46]
[2024-05-14 19:31:14,747][func.train][INFO] - [DATASET] test size: 41326
[2024-05-14 19:31:14,747][func.train][INFO] - [DATASET] test video_indices: [46]
[2024-05-14 19:31:14,754][func.train][INFO] - [DATASET] Sampling video_idx: 46 at 25 fps to 1653 frames
[2024-05-14 19:31:14,754][func.train][INFO] - [DATASET] video 46 label_list: torch.Size([1653])
[2024-05-14 19:31:14,758][func.train][INFO] - [DATASET] number of test videos: 1
[2024-05-14 19:31:14,758][func.train][INFO] - [DATASET] avg video length: 27.55 minutes
[2024-05-14 19:31:16,150][func.train][INFO] - [DATASET] df unique videos: [1 2 3 4 5 6 7 8 9 10 11 12 13 14 15 16 17 18 19 20 21 22 23 24 25 26 27
 28 29 30 31 32 33 34 35 36 37 38 39 40 41 42 43 44 45 46 47 48 49 50 51
 52 53 54 55 56 57 58 59 60 61 62 63 64 65 66 67 68 69 70 71 72 73 74 75
 76 77 78 79 80]
[2024-05-14 19:31:16,151][func.train][INFO] - [DATASET] split: test video_indices: [47]
[2024-05-14 19:31:16,217][func.train][INFO] - [DATASET] test size: 56476
[2024-05-14 19:31:16,217][func.train][INFO] - [DATASET] test video_indices: [47]
[2024-05-14 19:31:16,227][func.train][INFO] - [DATASET] Sampling video_idx: 47 at 25 fps to 2259 frames
[2024-05-14 19:31:16,228][func.train][INFO] - [DATASET] video 47 label_list: torch.Size([2259])
[2024-05-14 19:31:16,232][func.train][INFO] - [DATASET] number of test videos: 1
[2024-05-14 19:31:16,232][func.train][INFO] - [DATASET] avg video length: 37.65 minutes
[2024-05-14 19:31:17,726][func.train][INFO] - [DATASET] df unique videos: [1 2 3 4 5 6 7 8 9 10 11 12 13 14 15 16 17 18 19 20 21 22 23 24 25 26 27
 28 29 30 31 32 33 34 35 36 37 38 39 40 41 42 43 44 45 46 47 48 49 50 51
 52 53 54 55 56 57 58 59 60 61 62 63 64 65 66 67 68 69 70 71 72 73 74 75
 76 77 78 79 80]
[2024-05-14 19:31:17,727][func.train][INFO] - [DATASET] split: test video_indices: [48]
[2024-05-14 19:31:17,790][func.train][INFO] - [DATASET] test size: 45851
[2024-05-14 19:31:17,791][func.train][INFO] - [DATASET] test video_indices: [48]
[2024-05-14 19:31:17,799][func.train][INFO] - [DATASET] Sampling video_idx: 48 at 25 fps to 1834 frames
[2024-05-14 19:31:17,800][func.train][INFO] - [DATASET] video 48 label_list: torch.Size([1834])
[2024-05-14 19:31:17,811][func.train][INFO] - [DATASET] number of test videos: 1
[2024-05-14 19:31:17,811][func.train][INFO] - [DATASET] avg video length: 30.57 minutes
[2024-05-14 19:31:19,236][func.train][INFO] - [DATASET] df unique videos: [1 2 3 4 5 6 7 8 9 10 11 12 13 14 15 16 17 18 19 20 21 22 23 24 25 26 27
 28 29 30 31 32 33 34 35 36 37 38 39 40 41 42 43 44 45 46 47 48 49 50 51
 52 53 54 55 56 57 58 59 60 61 62 63 64 65 66 67 68 69 70 71 72 73 74 75
 76 77 78 79 80]
[2024-05-14 19:31:19,236][func.train][INFO] - [DATASET] split: test video_indices: [49]
[2024-05-14 19:31:19,297][func.train][INFO] - [DATASET] test size: 41776
[2024-05-14 19:31:19,297][func.train][INFO] - [DATASET] test video_indices: [49]
[2024-05-14 19:31:19,305][func.train][INFO] - [DATASET] Sampling video_idx: 49 at 25 fps to 1671 frames
[2024-05-14 19:31:19,305][func.train][INFO] - [DATASET] video 49 label_list: torch.Size([1671])
[2024-05-14 19:31:19,309][func.train][INFO] - [DATASET] number of test videos: 1
[2024-05-14 19:31:19,310][func.train][INFO] - [DATASET] avg video length: 27.85 minutes
[2024-05-14 19:31:20,746][func.train][INFO] - [DATASET] df unique videos: [1 2 3 4 5 6 7 8 9 10 11 12 13 14 15 16 17 18 19 20 21 22 23 24 25 26 27
 28 29 30 31 32 33 34 35 36 37 38 39 40 41 42 43 44 45 46 47 48 49 50 51
 52 53 54 55 56 57 58 59 60 61 62 63 64 65 66 67 68 69 70 71 72 73 74 75
 76 77 78 79 80]
[2024-05-14 19:31:20,746][func.train][INFO] - [DATASET] split: test video_indices: [50]
[2024-05-14 19:31:20,802][func.train][INFO] - [DATASET] test size: 27351
[2024-05-14 19:31:20,802][func.train][INFO] - [DATASET] test video_indices: [50]
[2024-05-14 19:31:20,806][func.train][INFO] - [DATASET] Sampling video_idx: 50 at 25 fps to 1094 frames
[2024-05-14 19:31:20,807][func.train][INFO] - [DATASET] video 50 label_list: torch.Size([1094])
[2024-05-14 19:31:20,818][func.train][INFO] - [DATASET] number of test videos: 1
[2024-05-14 19:31:20,819][func.train][INFO] - [DATASET] avg video length: 18.23 minutes
[2024-05-14 19:31:22,240][func.train][INFO] - [DATASET] df unique videos: [1 2 3 4 5 6 7 8 9 10 11 12 13 14 15 16 17 18 19 20 21 22 23 24 25 26 27
 28 29 30 31 32 33 34 35 36 37 38 39 40 41 42 43 44 45 46 47 48 49 50 51
 52 53 54 55 56 57 58 59 60 61 62 63 64 65 66 67 68 69 70 71 72 73 74 75
 76 77 78 79 80]
[2024-05-14 19:31:22,240][func.train][INFO] - [DATASET] split: test video_indices: [51]
[2024-05-14 19:31:22,310][func.train][INFO] - [DATASET] test size: 73601
[2024-05-14 19:31:22,310][func.train][INFO] - [DATASET] test video_indices: [51]
[2024-05-14 19:31:22,321][func.train][INFO] - [DATASET] Sampling video_idx: 51 at 25 fps to 2944 frames
[2024-05-14 19:31:22,322][func.train][INFO] - [DATASET] video 51 label_list: torch.Size([2944])
[2024-05-14 19:31:22,327][func.train][INFO] - [DATASET] number of test videos: 1
[2024-05-14 19:31:22,327][func.train][INFO] - [DATASET] avg video length: 49.07 minutes
[2024-05-14 19:31:23,752][func.train][INFO] - [DATASET] df unique videos: [1 2 3 4 5 6 7 8 9 10 11 12 13 14 15 16 17 18 19 20 21 22 23 24 25 26 27
 28 29 30 31 32 33 34 35 36 37 38 39 40 41 42 43 44 45 46 47 48 49 50 51
 52 53 54 55 56 57 58 59 60 61 62 63 64 65 66 67 68 69 70 71 72 73 74 75
 76 77 78 79 80]
[2024-05-14 19:31:23,752][func.train][INFO] - [DATASET] split: test video_indices: [52]
[2024-05-14 19:31:23,812][func.train][INFO] - [DATASET] test size: 49151
[2024-05-14 19:31:23,812][func.train][INFO] - [DATASET] test video_indices: [52]
[2024-05-14 19:31:23,821][func.train][INFO] - [DATASET] Sampling video_idx: 52 at 25 fps to 1966 frames
[2024-05-14 19:31:23,821][func.train][INFO] - [DATASET] video 52 label_list: torch.Size([1966])
[2024-05-14 19:31:23,826][func.train][INFO] - [DATASET] number of test videos: 1
[2024-05-14 19:31:23,826][func.train][INFO] - [DATASET] avg video length: 32.77 minutes
[2024-05-14 19:31:25,317][func.train][INFO] - [DATASET] df unique videos: [1 2 3 4 5 6 7 8 9 10 11 12 13 14 15 16 17 18 19 20 21 22 23 24 25 26 27
 28 29 30 31 32 33 34 35 36 37 38 39 40 41 42 43 44 45 46 47 48 49 50 51
 52 53 54 55 56 57 58 59 60 61 62 63 64 65 66 67 68 69 70 71 72 73 74 75
 76 77 78 79 80]
[2024-05-14 19:31:25,318][func.train][INFO] - [DATASET] split: test video_indices: [53]
[2024-05-14 19:31:25,390][func.train][INFO] - [DATASET] test size: 82076
[2024-05-14 19:31:25,390][func.train][INFO] - [DATASET] test video_indices: [53]
[2024-05-14 19:31:25,404][func.train][INFO] - [DATASET] Sampling video_idx: 53 at 25 fps to 3283 frames
[2024-05-14 19:31:25,405][func.train][INFO] - [DATASET] video 53 label_list: torch.Size([3283])
[2024-05-14 19:31:25,411][func.train][INFO] - [DATASET] number of test videos: 1
[2024-05-14 19:31:25,411][func.train][INFO] - [DATASET] avg video length: 54.72 minutes
[2024-05-14 19:31:26,992][func.train][INFO] - [DATASET] df unique videos: [1 2 3 4 5 6 7 8 9 10 11 12 13 14 15 16 17 18 19 20 21 22 23 24 25 26 27
 28 29 30 31 32 33 34 35 36 37 38 39 40 41 42 43 44 45 46 47 48 49 50 51
 52 53 54 55 56 57 58 59 60 61 62 63 64 65 66 67 68 69 70 71 72 73 74 75
 76 77 78 79 80]
[2024-05-14 19:31:26,992][func.train][INFO] - [DATASET] split: test video_indices: [54]
[2024-05-14 19:31:27,063][func.train][INFO] - [DATASET] test size: 77501
[2024-05-14 19:31:27,063][func.train][INFO] - [DATASET] test video_indices: [54]
[2024-05-14 19:31:27,077][func.train][INFO] - [DATASET] Sampling video_idx: 54 at 25 fps to 3100 frames
[2024-05-14 19:31:27,078][func.train][INFO] - [DATASET] video 54 label_list: torch.Size([3100])
[2024-05-14 19:31:27,084][func.train][INFO] - [DATASET] number of test videos: 1
[2024-05-14 19:31:27,084][func.train][INFO] - [DATASET] avg video length: 51.67 minutes
[2024-05-14 19:31:28,503][func.train][INFO] - [DATASET] df unique videos: [1 2 3 4 5 6 7 8 9 10 11 12 13 14 15 16 17 18 19 20 21 22 23 24 25 26 27
 28 29 30 31 32 33 34 35 36 37 38 39 40 41 42 43 44 45 46 47 48 49 50 51
 52 53 54 55 56 57 58 59 60 61 62 63 64 65 66 67 68 69 70 71 72 73 74 75
 76 77 78 79 80]
[2024-05-14 19:31:28,504][func.train][INFO] - [DATASET] split: test video_indices: [55]
[2024-05-14 19:31:28,568][func.train][INFO] - [DATASET] test size: 25926
[2024-05-14 19:31:28,568][func.train][INFO] - [DATASET] test video_indices: [55]
[2024-05-14 19:31:28,572][func.train][INFO] - [DATASET] Sampling video_idx: 55 at 25 fps to 1037 frames
[2024-05-14 19:31:28,573][func.train][INFO] - [DATASET] video 55 label_list: torch.Size([1037])
[2024-05-14 19:31:28,575][func.train][INFO] - [DATASET] number of test videos: 1
[2024-05-14 19:31:28,575][func.train][INFO] - [DATASET] avg video length: 17.28 minutes
[2024-05-14 19:31:30,021][func.train][INFO] - [DATASET] df unique videos: [1 2 3 4 5 6 7 8 9 10 11 12 13 14 15 16 17 18 19 20 21 22 23 24 25 26 27
 28 29 30 31 32 33 34 35 36 37 38 39 40 41 42 43 44 45 46 47 48 49 50 51
 52 53 54 55 56 57 58 59 60 61 62 63 64 65 66 67 68 69 70 71 72 73 74 75
 76 77 78 79 80]
[2024-05-14 19:31:30,021][func.train][INFO] - [DATASET] split: test video_indices: [56]
[2024-05-14 19:31:30,081][func.train][INFO] - [DATASET] test size: 45851
[2024-05-14 19:31:30,081][func.train][INFO] - [DATASET] test video_indices: [56]
[2024-05-14 19:31:30,089][func.train][INFO] - [DATASET] Sampling video_idx: 56 at 25 fps to 1834 frames
[2024-05-14 19:31:30,089][func.train][INFO] - [DATASET] video 56 label_list: torch.Size([1834])
[2024-05-14 19:31:30,093][func.train][INFO] - [DATASET] number of test videos: 1
[2024-05-14 19:31:30,093][func.train][INFO] - [DATASET] avg video length: 30.57 minutes
[2024-05-14 19:31:31,493][func.train][INFO] - [DATASET] df unique videos: [1 2 3 4 5 6 7 8 9 10 11 12 13 14 15 16 17 18 19 20 21 22 23 24 25 26 27
 28 29 30 31 32 33 34 35 36 37 38 39 40 41 42 43 44 45 46 47 48 49 50 51
 52 53 54 55 56 57 58 59 60 61 62 63 64 65 66 67 68 69 70 71 72 73 74 75
 76 77 78 79 80]
[2024-05-14 19:31:31,494][func.train][INFO] - [DATASET] split: test video_indices: [57]
[2024-05-14 19:31:31,566][func.train][INFO] - [DATASET] test size: 65801
[2024-05-14 19:31:31,566][func.train][INFO] - [DATASET] test video_indices: [57]
[2024-05-14 19:31:31,577][func.train][INFO] - [DATASET] Sampling video_idx: 57 at 25 fps to 2632 frames
[2024-05-14 19:31:31,578][func.train][INFO] - [DATASET] video 57 label_list: torch.Size([2632])
[2024-05-14 19:31:31,583][func.train][INFO] - [DATASET] number of test videos: 1
[2024-05-14 19:31:31,583][func.train][INFO] - [DATASET] avg video length: 43.87 minutes
[2024-05-14 19:31:33,033][func.train][INFO] - [DATASET] df unique videos: [1 2 3 4 5 6 7 8 9 10 11 12 13 14 15 16 17 18 19 20 21 22 23 24 25 26 27
 28 29 30 31 32 33 34 35 36 37 38 39 40 41 42 43 44 45 46 47 48 49 50 51
 52 53 54 55 56 57 58 59 60 61 62 63 64 65 66 67 68 69 70 71 72 73 74 75
 76 77 78 79 80]
[2024-05-14 19:31:33,033][func.train][INFO] - [DATASET] split: test video_indices: [58]
[2024-05-14 19:31:33,133][func.train][INFO] - [DATASET] test size: 149826
[2024-05-14 19:31:33,133][func.train][INFO] - [DATASET] test video_indices: [58]
[2024-05-14 19:31:33,161][func.train][INFO] - [DATASET] Sampling video_idx: 58 at 25 fps to 5993 frames
[2024-05-14 19:31:33,163][func.train][INFO] - [DATASET] video 58 label_list: torch.Size([5993])
[2024-05-14 19:31:33,182][func.train][INFO] - [DATASET] number of test videos: 1
[2024-05-14 19:31:33,182][func.train][INFO] - [DATASET] avg video length: 99.88 minutes
[2024-05-14 19:31:34,653][func.train][INFO] - [DATASET] df unique videos: [1 2 3 4 5 6 7 8 9 10 11 12 13 14 15 16 17 18 19 20 21 22 23 24 25 26 27
 28 29 30 31 32 33 34 35 36 37 38 39 40 41 42 43 44 45 46 47 48 49 50 51
 52 53 54 55 56 57 58 59 60 61 62 63 64 65 66 67 68 69 70 71 72 73 74 75
 76 77 78 79 80]
[2024-05-14 19:31:34,654][func.train][INFO] - [DATASET] split: test video_indices: [59]
[2024-05-14 19:31:34,711][func.train][INFO] - [DATASET] test size: 26151
[2024-05-14 19:31:34,712][func.train][INFO] - [DATASET] test video_indices: [59]
[2024-05-14 19:31:34,717][func.train][INFO] - [DATASET] Sampling video_idx: 59 at 25 fps to 1046 frames
[2024-05-14 19:31:34,718][func.train][INFO] - [DATASET] video 59 label_list: torch.Size([1046])
[2024-05-14 19:31:34,720][func.train][INFO] - [DATASET] number of test videos: 1
[2024-05-14 19:31:34,720][func.train][INFO] - [DATASET] avg video length: 17.43 minutes
[2024-05-14 19:31:36,225][func.train][INFO] - [DATASET] df unique videos: [1 2 3 4 5 6 7 8 9 10 11 12 13 14 15 16 17 18 19 20 21 22 23 24 25 26 27
 28 29 30 31 32 33 34 35 36 37 38 39 40 41 42 43 44 45 46 47 48 49 50 51
 52 53 54 55 56 57 58 59 60 61 62 63 64 65 66 67 68 69 70 71 72 73 74 75
 76 77 78 79 80]
[2024-05-14 19:31:36,225][func.train][INFO] - [DATASET] split: test video_indices: [60]
[2024-05-14 19:31:36,290][func.train][INFO] - [DATASET] test size: 63301
[2024-05-14 19:31:36,290][func.train][INFO] - [DATASET] test video_indices: [60]
[2024-05-14 19:31:36,302][func.train][INFO] - [DATASET] Sampling video_idx: 60 at 25 fps to 2532 frames
[2024-05-14 19:31:36,303][func.train][INFO] - [DATASET] video 60 label_list: torch.Size([2532])
[2024-05-14 19:31:36,308][func.train][INFO] - [DATASET] number of test videos: 1
[2024-05-14 19:31:36,308][func.train][INFO] - [DATASET] avg video length: 42.20 minutes
[2024-05-14 19:31:37,724][func.train][INFO] - [DATASET] df unique videos: [1 2 3 4 5 6 7 8 9 10 11 12 13 14 15 16 17 18 19 20 21 22 23 24 25 26 27
 28 29 30 31 32 33 34 35 36 37 38 39 40 41 42 43 44 45 46 47 48 49 50 51
 52 53 54 55 56 57 58 59 60 61 62 63 64 65 66 67 68 69 70 71 72 73 74 75
 76 77 78 79 80]
[2024-05-14 19:31:37,725][func.train][INFO] - [DATASET] split: test video_indices: [61]
[2024-05-14 19:31:37,804][func.train][INFO] - [DATASET] test size: 110226
[2024-05-14 19:31:37,804][func.train][INFO] - [DATASET] test video_indices: [61]
[2024-05-14 19:31:37,823][func.train][INFO] - [DATASET] Sampling video_idx: 61 at 25 fps to 4409 frames
[2024-05-14 19:31:37,824][func.train][INFO] - [DATASET] video 61 label_list: torch.Size([4409])
[2024-05-14 19:31:37,831][func.train][INFO] - [DATASET] number of test videos: 1
[2024-05-14 19:31:37,832][func.train][INFO] - [DATASET] avg video length: 73.48 minutes
[2024-05-14 19:31:39,259][func.train][INFO] - [DATASET] df unique videos: [1 2 3 4 5 6 7 8 9 10 11 12 13 14 15 16 17 18 19 20 21 22 23 24 25 26 27
 28 29 30 31 32 33 34 35 36 37 38 39 40 41 42 43 44 45 46 47 48 49 50 51
 52 53 54 55 56 57 58 59 60 61 62 63 64 65 66 67 68 69 70 71 72 73 74 75
 76 77 78 79 80]
[2024-05-14 19:31:39,259][func.train][INFO] - [DATASET] split: test video_indices: [62]
[2024-05-14 19:31:39,321][func.train][INFO] - [DATASET] test size: 50801
[2024-05-14 19:31:39,321][func.train][INFO] - [DATASET] test video_indices: [62]
[2024-05-14 19:31:39,330][func.train][INFO] - [DATASET] Sampling video_idx: 62 at 25 fps to 2032 frames
[2024-05-14 19:31:39,330][func.train][INFO] - [DATASET] video 62 label_list: torch.Size([2032])
[2024-05-14 19:31:39,335][func.train][INFO] - [DATASET] number of test videos: 1
[2024-05-14 19:31:39,335][func.train][INFO] - [DATASET] avg video length: 33.87 minutes
[2024-05-14 19:31:41,012][func.train][INFO] - [DATASET] df unique videos: [1 2 3 4 5 6 7 8 9 10 11 12 13 14 15 16 17 18 19 20 21 22 23 24 25 26 27
 28 29 30 31 32 33 34 35 36 37 38 39 40 41 42 43 44 45 46 47 48 49 50 51
 52 53 54 55 56 57 58 59 60 61 62 63 64 65 66 67 68 69 70 71 72 73 74 75
 76 77 78 79 80]
[2024-05-14 19:31:41,012][func.train][INFO] - [DATASET] split: test video_indices: [63]
[2024-05-14 19:31:41,087][func.train][INFO] - [DATASET] test size: 85826
[2024-05-14 19:31:41,088][func.train][INFO] - [DATASET] test video_indices: [63]
[2024-05-14 19:31:41,103][func.train][INFO] - [DATASET] Sampling video_idx: 63 at 25 fps to 3433 frames
[2024-05-14 19:31:41,104][func.train][INFO] - [DATASET] video 63 label_list: torch.Size([3433])
[2024-05-14 19:31:41,114][func.train][INFO] - [DATASET] number of test videos: 1
[2024-05-14 19:31:41,114][func.train][INFO] - [DATASET] avg video length: 57.22 minutes
[2024-05-14 19:31:42,514][func.train][INFO] - [DATASET] df unique videos: [1 2 3 4 5 6 7 8 9 10 11 12 13 14 15 16 17 18 19 20 21 22 23 24 25 26 27
 28 29 30 31 32 33 34 35 36 37 38 39 40 41 42 43 44 45 46 47 48 49 50 51
 52 53 54 55 56 57 58 59 60 61 62 63 64 65 66 67 68 69 70 71 72 73 74 75
 76 77 78 79 80]
[2024-05-14 19:31:42,514][func.train][INFO] - [DATASET] split: test video_indices: [64]
[2024-05-14 19:31:42,577][func.train][INFO] - [DATASET] test size: 59951
[2024-05-14 19:31:42,577][func.train][INFO] - [DATASET] test video_indices: [64]
[2024-05-14 19:31:42,587][func.train][INFO] - [DATASET] Sampling video_idx: 64 at 25 fps to 2398 frames
[2024-05-14 19:31:42,588][func.train][INFO] - [DATASET] video 64 label_list: torch.Size([2398])
[2024-05-14 19:31:42,593][func.train][INFO] - [DATASET] number of test videos: 1
[2024-05-14 19:31:42,593][func.train][INFO] - [DATASET] avg video length: 39.97 minutes
[2024-05-14 19:31:44,000][func.train][INFO] - [DATASET] df unique videos: [1 2 3 4 5 6 7 8 9 10 11 12 13 14 15 16 17 18 19 20 21 22 23 24 25 26 27
 28 29 30 31 32 33 34 35 36 37 38 39 40 41 42 43 44 45 46 47 48 49 50 51
 52 53 54 55 56 57 58 59 60 61 62 63 64 65 66 67 68 69 70 71 72 73 74 75
 76 77 78 79 80]
[2024-05-14 19:31:44,000][func.train][INFO] - [DATASET] split: test video_indices: [65]
[2024-05-14 19:31:44,061][func.train][INFO] - [DATASET] test size: 46826
[2024-05-14 19:31:44,061][func.train][INFO] - [DATASET] test video_indices: [65]
[2024-05-14 19:31:44,070][func.train][INFO] - [DATASET] Sampling video_idx: 65 at 25 fps to 1873 frames
[2024-05-14 19:31:44,070][func.train][INFO] - [DATASET] video 65 label_list: torch.Size([1873])
[2024-05-14 19:31:44,074][func.train][INFO] - [DATASET] number of test videos: 1
[2024-05-14 19:31:44,074][func.train][INFO] - [DATASET] avg video length: 31.22 minutes
[2024-05-14 19:31:45,472][func.train][INFO] - [DATASET] df unique videos: [1 2 3 4 5 6 7 8 9 10 11 12 13 14 15 16 17 18 19 20 21 22 23 24 25 26 27
 28 29 30 31 32 33 34 35 36 37 38 39 40 41 42 43 44 45 46 47 48 49 50 51
 52 53 54 55 56 57 58 59 60 61 62 63 64 65 66 67 68 69 70 71 72 73 74 75
 76 77 78 79 80]
[2024-05-14 19:31:45,472][func.train][INFO] - [DATASET] split: test video_indices: [66]
[2024-05-14 19:31:45,533][func.train][INFO] - [DATASET] test size: 45601
[2024-05-14 19:31:45,534][func.train][INFO] - [DATASET] test video_indices: [66]
[2024-05-14 19:31:45,542][func.train][INFO] - [DATASET] Sampling video_idx: 66 at 25 fps to 1824 frames
[2024-05-14 19:31:45,543][func.train][INFO] - [DATASET] video 66 label_list: torch.Size([1824])
[2024-05-14 19:31:45,547][func.train][INFO] - [DATASET] number of test videos: 1
[2024-05-14 19:31:45,547][func.train][INFO] - [DATASET] avg video length: 30.40 minutes
[2024-05-14 19:31:46,956][func.train][INFO] - [DATASET] df unique videos: [1 2 3 4 5 6 7 8 9 10 11 12 13 14 15 16 17 18 19 20 21 22 23 24 25 26 27
 28 29 30 31 32 33 34 35 36 37 38 39 40 41 42 43 44 45 46 47 48 49 50 51
 52 53 54 55 56 57 58 59 60 61 62 63 64 65 66 67 68 69 70 71 72 73 74 75
 76 77 78 79 80]
[2024-05-14 19:31:46,956][func.train][INFO] - [DATASET] split: test video_indices: [67]
[2024-05-14 19:31:47,024][func.train][INFO] - [DATASET] test size: 58826
[2024-05-14 19:31:47,024][func.train][INFO] - [DATASET] test video_indices: [67]
[2024-05-14 19:31:47,034][func.train][INFO] - [DATASET] Sampling video_idx: 67 at 25 fps to 2353 frames
[2024-05-14 19:31:47,035][func.train][INFO] - [DATASET] video 67 label_list: torch.Size([2353])
[2024-05-14 19:31:47,039][func.train][INFO] - [DATASET] number of test videos: 1
[2024-05-14 19:31:47,039][func.train][INFO] - [DATASET] avg video length: 39.22 minutes
[2024-05-14 19:31:48,481][func.train][INFO] - [DATASET] df unique videos: [1 2 3 4 5 6 7 8 9 10 11 12 13 14 15 16 17 18 19 20 21 22 23 24 25 26 27
 28 29 30 31 32 33 34 35 36 37 38 39 40 41 42 43 44 45 46 47 48 49 50 51
 52 53 54 55 56 57 58 59 60 61 62 63 64 65 66 67 68 69 70 71 72 73 74 75
 76 77 78 79 80]
[2024-05-14 19:31:48,481][func.train][INFO] - [DATASET] split: test video_indices: [68]
[2024-05-14 19:31:48,542][func.train][INFO] - [DATASET] test size: 49301
[2024-05-14 19:31:48,542][func.train][INFO] - [DATASET] test video_indices: [68]
[2024-05-14 19:31:48,550][func.train][INFO] - [DATASET] Sampling video_idx: 68 at 25 fps to 1972 frames
[2024-05-14 19:31:48,551][func.train][INFO] - [DATASET] video 68 label_list: torch.Size([1972])
[2024-05-14 19:31:48,556][func.train][INFO] - [DATASET] number of test videos: 1
[2024-05-14 19:31:48,556][func.train][INFO] - [DATASET] avg video length: 32.87 minutes
[2024-05-14 19:31:50,025][func.train][INFO] - [DATASET] df unique videos: [1 2 3 4 5 6 7 8 9 10 11 12 13 14 15 16 17 18 19 20 21 22 23 24 25 26 27
 28 29 30 31 32 33 34 35 36 37 38 39 40 41 42 43 44 45 46 47 48 49 50 51
 52 53 54 55 56 57 58 59 60 61 62 63 64 65 66 67 68 69 70 71 72 73 74 75
 76 77 78 79 80]
[2024-05-14 19:31:50,026][func.train][INFO] - [DATASET] split: test video_indices: [69]
[2024-05-14 19:31:50,109][func.train][INFO] - [DATASET] test size: 114376
[2024-05-14 19:31:50,109][func.train][INFO] - [DATASET] test video_indices: [69]
[2024-05-14 19:31:50,139][func.train][INFO] - [DATASET] Sampling video_idx: 69 at 25 fps to 4575 frames
[2024-05-14 19:31:50,140][func.train][INFO] - [DATASET] video 69 label_list: torch.Size([4575])
[2024-05-14 19:31:50,149][func.train][INFO] - [DATASET] number of test videos: 1
[2024-05-14 19:31:50,149][func.train][INFO] - [DATASET] avg video length: 76.25 minutes
[2024-05-14 19:31:51,606][func.train][INFO] - [DATASET] df unique videos: [1 2 3 4 5 6 7 8 9 10 11 12 13 14 15 16 17 18 19 20 21 22 23 24 25 26 27
 28 29 30 31 32 33 34 35 36 37 38 39 40 41 42 43 44 45 46 47 48 49 50 51
 52 53 54 55 56 57 58 59 60 61 62 63 64 65 66 67 68 69 70 71 72 73 74 75
 76 77 78 79 80]
[2024-05-14 19:31:51,606][func.train][INFO] - [DATASET] split: test video_indices: [70]
[2024-05-14 19:31:51,663][func.train][INFO] - [DATASET] test size: 29851
[2024-05-14 19:31:51,663][func.train][INFO] - [DATASET] test video_indices: [70]
[2024-05-14 19:31:51,668][func.train][INFO] - [DATASET] Sampling video_idx: 70 at 25 fps to 1194 frames
[2024-05-14 19:31:51,668][func.train][INFO] - [DATASET] video 70 label_list: torch.Size([1194])
[2024-05-14 19:31:51,672][func.train][INFO] - [DATASET] number of test videos: 1
[2024-05-14 19:31:51,672][func.train][INFO] - [DATASET] avg video length: 19.90 minutes
[2024-05-14 19:31:53,108][func.train][INFO] - [DATASET] df unique videos: [1 2 3 4 5 6 7 8 9 10 11 12 13 14 15 16 17 18 19 20 21 22 23 24 25 26 27
 28 29 30 31 32 33 34 35 36 37 38 39 40 41 42 43 44 45 46 47 48 49 50 51
 52 53 54 55 56 57 58 59 60 61 62 63 64 65 66 67 68 69 70 71 72 73 74 75
 76 77 78 79 80]
[2024-05-14 19:31:53,108][func.train][INFO] - [DATASET] split: test video_indices: [71]
[2024-05-14 19:31:53,175][func.train][INFO] - [DATASET] test size: 62876
[2024-05-14 19:31:53,175][func.train][INFO] - [DATASET] test video_indices: [71]
[2024-05-14 19:31:53,186][func.train][INFO] - [DATASET] Sampling video_idx: 71 at 25 fps to 2515 frames
[2024-05-14 19:31:53,186][func.train][INFO] - [DATASET] video 71 label_list: torch.Size([2515])
[2024-05-14 19:31:53,191][func.train][INFO] - [DATASET] number of test videos: 1
[2024-05-14 19:31:53,191][func.train][INFO] - [DATASET] avg video length: 41.92 minutes
[2024-05-14 19:31:54,582][func.train][INFO] - [DATASET] df unique videos: [1 2 3 4 5 6 7 8 9 10 11 12 13 14 15 16 17 18 19 20 21 22 23 24 25 26 27
 28 29 30 31 32 33 34 35 36 37 38 39 40 41 42 43 44 45 46 47 48 49 50 51
 52 53 54 55 56 57 58 59 60 61 62 63 64 65 66 67 68 69 70 71 72 73 74 75
 76 77 78 79 80]
[2024-05-14 19:31:54,582][func.train][INFO] - [DATASET] split: test video_indices: [72]
[2024-05-14 19:31:54,651][func.train][INFO] - [DATASET] test size: 77651
[2024-05-14 19:31:54,651][func.train][INFO] - [DATASET] test video_indices: [72]
[2024-05-14 19:31:54,664][func.train][INFO] - [DATASET] Sampling video_idx: 72 at 25 fps to 3106 frames
[2024-05-14 19:31:54,664][func.train][INFO] - [DATASET] video 72 label_list: torch.Size([3106])
[2024-05-14 19:31:54,697][func.train][INFO] - [DATASET] number of test videos: 1
[2024-05-14 19:31:54,697][func.train][INFO] - [DATASET] avg video length: 51.77 minutes
[2024-05-14 19:31:56,152][func.train][INFO] - [DATASET] df unique videos: [1 2 3 4 5 6 7 8 9 10 11 12 13 14 15 16 17 18 19 20 21 22 23 24 25 26 27
 28 29 30 31 32 33 34 35 36 37 38 39 40 41 42 43 44 45 46 47 48 49 50 51
 52 53 54 55 56 57 58 59 60 61 62 63 64 65 66 67 68 69 70 71 72 73 74 75
 76 77 78 79 80]
[2024-05-14 19:31:56,153][func.train][INFO] - [DATASET] split: test video_indices: [73]
[2024-05-14 19:31:56,210][func.train][INFO] - [DATASET] test size: 33901
[2024-05-14 19:31:56,210][func.train][INFO] - [DATASET] test video_indices: [73]
[2024-05-14 19:31:56,216][func.train][INFO] - [DATASET] Sampling video_idx: 73 at 25 fps to 1356 frames
[2024-05-14 19:31:56,216][func.train][INFO] - [DATASET] video 73 label_list: torch.Size([1356])
[2024-05-14 19:31:56,219][func.train][INFO] - [DATASET] number of test videos: 1
[2024-05-14 19:31:56,219][func.train][INFO] - [DATASET] avg video length: 22.60 minutes
[2024-05-14 19:31:57,615][func.train][INFO] - [DATASET] df unique videos: [1 2 3 4 5 6 7 8 9 10 11 12 13 14 15 16 17 18 19 20 21 22 23 24 25 26 27
 28 29 30 31 32 33 34 35 36 37 38 39 40 41 42 43 44 45 46 47 48 49 50 51
 52 53 54 55 56 57 58 59 60 61 62 63 64 65 66 67 68 69 70 71 72 73 74 75
 76 77 78 79 80]
[2024-05-14 19:31:57,615][func.train][INFO] - [DATASET] split: test video_indices: [74]
[2024-05-14 19:31:57,674][func.train][INFO] - [DATASET] test size: 40851
[2024-05-14 19:31:57,675][func.train][INFO] - [DATASET] test video_indices: [74]
[2024-05-14 19:31:57,681][func.train][INFO] - [DATASET] Sampling video_idx: 74 at 25 fps to 1634 frames
[2024-05-14 19:31:57,682][func.train][INFO] - [DATASET] video 74 label_list: torch.Size([1634])
[2024-05-14 19:31:57,685][func.train][INFO] - [DATASET] number of test videos: 1
[2024-05-14 19:31:57,685][func.train][INFO] - [DATASET] avg video length: 27.23 minutes
[2024-05-14 19:31:59,086][func.train][INFO] - [DATASET] df unique videos: [1 2 3 4 5 6 7 8 9 10 11 12 13 14 15 16 17 18 19 20 21 22 23 24 25 26 27
 28 29 30 31 32 33 34 35 36 37 38 39 40 41 42 43 44 45 46 47 48 49 50 51
 52 53 54 55 56 57 58 59 60 61 62 63 64 65 66 67 68 69 70 71 72 73 74 75
 76 77 78 79 80]
[2024-05-14 19:31:59,087][func.train][INFO] - [DATASET] split: test video_indices: [75]
[2024-05-14 19:31:59,150][func.train][INFO] - [DATASET] test size: 48076
[2024-05-14 19:31:59,150][func.train][INFO] - [DATASET] test video_indices: [75]
[2024-05-14 19:31:59,158][func.train][INFO] - [DATASET] Sampling video_idx: 75 at 25 fps to 1923 frames
[2024-05-14 19:31:59,158][func.train][INFO] - [DATASET] video 75 label_list: torch.Size([1923])
[2024-05-14 19:31:59,162][func.train][INFO] - [DATASET] number of test videos: 1
[2024-05-14 19:31:59,162][func.train][INFO] - [DATASET] avg video length: 32.05 minutes
[2024-05-14 19:32:00,555][func.train][INFO] - [DATASET] df unique videos: [1 2 3 4 5 6 7 8 9 10 11 12 13 14 15 16 17 18 19 20 21 22 23 24 25 26 27
 28 29 30 31 32 33 34 35 36 37 38 39 40 41 42 43 44 45 46 47 48 49 50 51
 52 53 54 55 56 57 58 59 60 61 62 63 64 65 66 67 68 69 70 71 72 73 74 75
 76 77 78 79 80]
[2024-05-14 19:32:00,555][func.train][INFO] - [DATASET] split: test video_indices: [76]
[2024-05-14 19:32:00,620][func.train][INFO] - [DATASET] test size: 66226
[2024-05-14 19:32:00,620][func.train][INFO] - [DATASET] test video_indices: [76]
[2024-05-14 19:32:00,631][func.train][INFO] - [DATASET] Sampling video_idx: 76 at 25 fps to 2649 frames
[2024-05-14 19:32:00,632][func.train][INFO] - [DATASET] video 76 label_list: torch.Size([2649])
[2024-05-14 19:32:00,637][func.train][INFO] - [DATASET] number of test videos: 1
[2024-05-14 19:32:00,637][func.train][INFO] - [DATASET] avg video length: 44.15 minutes
[2024-05-14 19:32:02,079][func.train][INFO] - [DATASET] df unique videos: [1 2 3 4 5 6 7 8 9 10 11 12 13 14 15 16 17 18 19 20 21 22 23 24 25 26 27
 28 29 30 31 32 33 34 35 36 37 38 39 40 41 42 43 44 45 46 47 48 49 50 51
 52 53 54 55 56 57 58 59 60 61 62 63 64 65 66 67 68 69 70 71 72 73 74 75
 76 77 78 79 80]
[2024-05-14 19:32:02,080][func.train][INFO] - [DATASET] split: test video_indices: [77]
[2024-05-14 19:32:02,153][func.train][INFO] - [DATASET] test size: 62551
[2024-05-14 19:32:02,154][func.train][INFO] - [DATASET] test video_indices: [77]
[2024-05-14 19:32:02,165][func.train][INFO] - [DATASET] Sampling video_idx: 77 at 25 fps to 2502 frames
[2024-05-14 19:32:02,166][func.train][INFO] - [DATASET] video 77 label_list: torch.Size([2502])
[2024-05-14 19:32:02,173][func.train][INFO] - [DATASET] number of test videos: 1
[2024-05-14 19:32:02,173][func.train][INFO] - [DATASET] avg video length: 41.70 minutes
[2024-05-14 19:32:03,646][func.train][INFO] - [DATASET] df unique videos: [1 2 3 4 5 6 7 8 9 10 11 12 13 14 15 16 17 18 19 20 21 22 23 24 25 26 27
 28 29 30 31 32 33 34 35 36 37 38 39 40 41 42 43 44 45 46 47 48 49 50 51
 52 53 54 55 56 57 58 59 60 61 62 63 64 65 66 67 68 69 70 71 72 73 74 75
 76 77 78 79 80]
[2024-05-14 19:32:03,647][func.train][INFO] - [DATASET] split: test video_indices: [78]
[2024-05-14 19:32:03,700][func.train][INFO] - [DATASET] test size: 18476
[2024-05-14 19:32:03,700][func.train][INFO] - [DATASET] test video_indices: [78]
[2024-05-14 19:32:03,704][func.train][INFO] - [DATASET] Sampling video_idx: 78 at 25 fps to 739 frames
[2024-05-14 19:32:03,704][func.train][INFO] - [DATASET] video 78 label_list: torch.Size([739])
[2024-05-14 19:32:03,709][func.train][INFO] - [DATASET] number of test videos: 1
[2024-05-14 19:32:03,709][func.train][INFO] - [DATASET] avg video length: 12.32 minutes
[2024-05-14 19:32:05,141][func.train][INFO] - [DATASET] df unique videos: [1 2 3 4 5 6 7 8 9 10 11 12 13 14 15 16 17 18 19 20 21 22 23 24 25 26 27
 28 29 30 31 32 33 34 35 36 37 38 39 40 41 42 43 44 45 46 47 48 49 50 51
 52 53 54 55 56 57 58 59 60 61 62 63 64 65 66 67 68 69 70 71 72 73 74 75
 76 77 78 79 80]
[2024-05-14 19:32:05,142][func.train][INFO] - [DATASET] split: test video_indices: [79]
[2024-05-14 19:32:05,217][func.train][INFO] - [DATASET] test size: 85351
[2024-05-14 19:32:05,217][func.train][INFO] - [DATASET] test video_indices: [79]
[2024-05-14 19:32:05,232][func.train][INFO] - [DATASET] Sampling video_idx: 79 at 25 fps to 3414 frames
[2024-05-14 19:32:05,233][func.train][INFO] - [DATASET] video 79 label_list: torch.Size([3414])
[2024-05-14 19:32:05,239][func.train][INFO] - [DATASET] number of test videos: 1
[2024-05-14 19:32:05,239][func.train][INFO] - [DATASET] avg video length: 56.90 minutes
[2024-05-14 19:32:06,649][func.train][INFO] - [DATASET] df unique videos: [1 2 3 4 5 6 7 8 9 10 11 12 13 14 15 16 17 18 19 20 21 22 23 24 25 26 27
 28 29 30 31 32 33 34 35 36 37 38 39 40 41 42 43 44 45 46 47 48 49 50 51
 52 53 54 55 56 57 58 59 60 61 62 63 64 65 66 67 68 69 70 71 72 73 74 75
 76 77 78 79 80]
[2024-05-14 19:32:06,649][func.train][INFO] - [DATASET] split: test video_indices: [80]
[2024-05-14 19:32:06,714][func.train][INFO] - [DATASET] test size: 43101
[2024-05-14 19:32:06,714][func.train][INFO] - [DATASET] test video_indices: [80]
[2024-05-14 19:32:06,722][func.train][INFO] - [DATASET] Sampling video_idx: 80 at 25 fps to 1724 frames
[2024-05-14 19:32:06,722][func.train][INFO] - [DATASET] video 80 label_list: torch.Size([1724])
[2024-05-14 19:32:06,727][func.train][INFO] - [DATASET] number of test videos: 1
[2024-05-14 19:32:06,727][func.train][INFO] - [DATASET] avg video length: 28.73 minutes
[2024-05-14 19:32:06,742][func.train][INFO] - Time to load datasets: 1.19 min
[2024-05-14 19:32:06,742][func.train][INFO] - Creating data loaders
[2024-05-14 19:32:06,746][func.train][INFO] - Creating model with {'one': 7} classes
[2024-05-14 20:25:38,719][func.train][INFO] - Dist info:
[2024-05-14 20:25:38,720][func.train][INFO] - torch version: 2.2.2+cu121
[2024-05-14 20:25:38,720][func.train][INFO] - torchvision version: 0.17.2+cu121
[2024-05-14 20:25:38,720][func.train][INFO] - hydra version: 1.3.2
[2024-05-14 20:25:38,723][func.train][INFO] - Loading data
[2024-05-14 20:25:38,723][func.train][INFO] - Loading datasets
[2024-05-14 21:11:36,589][func.train][INFO] - Dist info:
[2024-05-14 21:11:36,590][func.train][INFO] - torch version: 2.2.2+cu121
[2024-05-14 21:11:36,590][func.train][INFO] - torchvision version: 0.17.2+cu121
[2024-05-14 21:11:36,590][func.train][INFO] - hydra version: 1.3.2
[2024-05-14 21:11:36,593][func.train][INFO] - Loading data
[2024-05-14 21:11:36,593][func.train][INFO] - Loading datasets
