[2024-04-30 18:00:57,223][func.train][INFO] - Dist info:
[2024-04-30 18:00:57,224][func.train][INFO] - torch version: 2.2.2+cu121
[2024-04-30 18:00:57,224][func.train][INFO] - torchvision version: 0.17.2+cu121
[2024-04-30 18:00:57,224][func.train][INFO] - hydra version: 1.3.2
[2024-04-30 18:00:57,229][func.train][INFO] - Loading data
[2024-04-30 18:00:57,229][func.train][INFO] - Loading datasets
[2024-04-30 18:01:09,524][func.train][INFO] - [DATASET] ALL loaded dataframe in 0m 12s
[2024-04-30 18:01:09,525][func.train][INFO] - [DATASET] ALL loaded dataframe: (4612530, 11)
[2024-04-30 18:01:15,706][func.train][INFO] - [DATASET] params: {'debug': False, 'dataset_name': 'cholec80', 'reduc_feats_folder': 'train_targets_x_mp/', 'num_classes': 7, 'num_next_labels': 6, 'last_seg_class': 7, 'predict_next_phase': True, 'get_target_feats': False, 'replace_current_with_next_class': False}
[2024-04-30 18:01:18,892][func.train][INFO] - [DATASET] train size: 2157640
[2024-04-30 18:01:18,892][func.train][INFO] - [DATASET] train video_indices: [1, 2, 3, 4, 5, 6, 7, 8, 9, 10, 11, 12, 13, 14, 15, 16, 17, 18, 19, 20, 21, 22, 23, 24, 25, 26, 27, 28, 29, 30, 31, 32, 33, 34, 35, 36, 37, 38, 39, 40]
[2024-04-30 18:01:18,986][func.train][INFO] - [DATASET] Sampling video_idx: 1 at 25 fps to 1733 frames
[2024-04-30 18:01:18,992][func.train][INFO] - [DATASET] video 1 label_list: torch.Size([1733])
[2024-04-30 18:01:19,293][func.train][INFO] - [DATASET] Sampling video_idx: 2 at 25 fps to 2839 frames
[2024-04-30 18:01:19,294][func.train][INFO] - [DATASET] video 2 label_list: torch.Size([2839])
[2024-04-30 18:01:19,412][func.train][INFO] - [DATASET] Sampling video_idx: 3 at 25 fps to 5828 frames
[2024-04-30 18:01:19,413][func.train][INFO] - [DATASET] video 3 label_list: torch.Size([5828])
[2024-04-30 18:01:19,523][func.train][INFO] - [DATASET] Sampling video_idx: 4 at 25 fps to 1522 frames
[2024-04-30 18:01:19,524][func.train][INFO] - [DATASET] video 4 label_list: torch.Size([1522])
[2024-04-30 18:01:19,629][func.train][INFO] - [DATASET] Sampling video_idx: 5 at 25 fps to 2344 frames
[2024-04-30 18:01:19,629][func.train][INFO] - [DATASET] video 5 label_list: torch.Size([2344])
[2024-04-30 18:01:19,731][func.train][INFO] - [DATASET] Sampling video_idx: 6 at 25 fps to 2153 frames
[2024-04-30 18:01:19,731][func.train][INFO] - [DATASET] video 6 label_list: torch.Size([2153])
[2024-04-30 18:01:19,844][func.train][INFO] - [DATASET] Sampling video_idx: 7 at 25 fps to 4557 frames
[2024-04-30 18:01:19,845][func.train][INFO] - [DATASET] video 7 label_list: torch.Size([4557])
[2024-04-30 18:01:19,950][func.train][INFO] - [DATASET] Sampling video_idx: 8 at 25 fps to 1519 frames
[2024-04-30 18:01:19,950][func.train][INFO] - [DATASET] video 8 label_list: torch.Size([1519])
[2024-04-30 18:01:20,053][func.train][INFO] - [DATASET] Sampling video_idx: 9 at 25 fps to 2702 frames
[2024-04-30 18:01:20,054][func.train][INFO] - [DATASET] video 9 label_list: torch.Size([2702])
[2024-04-30 18:01:20,147][func.train][INFO] - [DATASET] Sampling video_idx: 10 at 25 fps to 1749 frames
[2024-04-30 18:01:20,148][func.train][INFO] - [DATASET] video 10 label_list: torch.Size([1749])
[2024-04-30 18:01:20,251][func.train][INFO] - [DATASET] Sampling video_idx: 11 at 25 fps to 3220 frames
[2024-04-30 18:01:20,252][func.train][INFO] - [DATASET] video 11 label_list: torch.Size([3220])
[2024-04-30 18:01:20,348][func.train][INFO] - [DATASET] Sampling video_idx: 12 at 25 fps to 1090 frames
[2024-04-30 18:01:20,349][func.train][INFO] - [DATASET] video 12 label_list: torch.Size([1090])
[2024-04-30 18:01:20,445][func.train][INFO] - [DATASET] Sampling video_idx: 13 at 25 fps to 981 frames
[2024-04-30 18:01:20,445][func.train][INFO] - [DATASET] video 13 label_list: torch.Size([981])
[2024-04-30 18:01:20,543][func.train][INFO] - [DATASET] Sampling video_idx: 14 at 25 fps to 1708 frames
[2024-04-30 18:01:20,543][func.train][INFO] - [DATASET] video 14 label_list: torch.Size([1708])
[2024-04-30 18:01:20,648][func.train][INFO] - [DATASET] Sampling video_idx: 15 at 25 fps to 2058 frames
[2024-04-30 18:01:20,648][func.train][INFO] - [DATASET] video 15 label_list: torch.Size([2058])
[2024-04-30 18:01:20,756][func.train][INFO] - [DATASET] Sampling video_idx: 16 at 25 fps to 2957 frames
[2024-04-30 18:01:20,757][func.train][INFO] - [DATASET] video 16 label_list: torch.Size([2957])
[2024-04-30 18:01:20,858][func.train][INFO] - [DATASET] Sampling video_idx: 17 at 25 fps to 1304 frames
[2024-04-30 18:01:20,859][func.train][INFO] - [DATASET] video 17 label_list: torch.Size([1304])
[2024-04-30 18:01:20,958][func.train][INFO] - [DATASET] Sampling video_idx: 18 at 25 fps to 1942 frames
[2024-04-30 18:01:20,959][func.train][INFO] - [DATASET] video 18 label_list: torch.Size([1942])
[2024-04-30 18:01:21,061][func.train][INFO] - [DATASET] Sampling video_idx: 19 at 25 fps to 2424 frames
[2024-04-30 18:01:21,062][func.train][INFO] - [DATASET] video 19 label_list: torch.Size([2424])
[2024-04-30 18:01:21,160][func.train][INFO] - [DATASET] Sampling video_idx: 20 at 25 fps to 1449 frames
[2024-04-30 18:01:21,161][func.train][INFO] - [DATASET] video 20 label_list: torch.Size([1449])
[2024-04-30 18:01:21,259][func.train][INFO] - [DATASET] Sampling video_idx: 21 at 25 fps to 1258 frames
[2024-04-30 18:01:21,259][func.train][INFO] - [DATASET] video 21 label_list: torch.Size([1258])
[2024-04-30 18:01:21,358][func.train][INFO] - [DATASET] Sampling video_idx: 22 at 25 fps to 1532 frames
[2024-04-30 18:01:21,359][func.train][INFO] - [DATASET] video 22 label_list: torch.Size([1532])
[2024-04-30 18:01:21,447][func.train][INFO] - [DATASET] Sampling video_idx: 23 at 25 fps to 1635 frames
[2024-04-30 18:01:21,448][func.train][INFO] - [DATASET] video 23 label_list: torch.Size([1635])
[2024-04-30 18:01:21,548][func.train][INFO] - [DATASET] Sampling video_idx: 24 at 25 fps to 1975 frames
[2024-04-30 18:01:21,548][func.train][INFO] - [DATASET] video 24 label_list: torch.Size([1975])
[2024-04-30 18:01:21,650][func.train][INFO] - [DATASET] Sampling video_idx: 25 at 25 fps to 2129 frames
[2024-04-30 18:01:21,651][func.train][INFO] - [DATASET] video 25 label_list: torch.Size([2129])
[2024-04-30 18:01:21,744][func.train][INFO] - [DATASET] Sampling video_idx: 26 at 25 fps to 1773 frames
[2024-04-30 18:01:21,745][func.train][INFO] - [DATASET] video 26 label_list: torch.Size([1773])
[2024-04-30 18:01:21,848][func.train][INFO] - [DATASET] Sampling video_idx: 27 at 25 fps to 2084 frames
[2024-04-30 18:01:21,849][func.train][INFO] - [DATASET] video 27 label_list: torch.Size([2084])
[2024-04-30 18:01:21,950][func.train][INFO] - [DATASET] Sampling video_idx: 28 at 25 fps to 1199 frames
[2024-04-30 18:01:21,951][func.train][INFO] - [DATASET] video 28 label_list: torch.Size([1199])
[2024-04-30 18:01:22,052][func.train][INFO] - [DATASET] Sampling video_idx: 29 at 25 fps to 2350 frames
[2024-04-30 18:01:22,053][func.train][INFO] - [DATASET] video 29 label_list: torch.Size([2350])
[2024-04-30 18:01:22,157][func.train][INFO] - [DATASET] Sampling video_idx: 30 at 25 fps to 2925 frames
[2024-04-30 18:01:22,158][func.train][INFO] - [DATASET] video 30 label_list: torch.Size([2925])
[2024-04-30 18:01:22,266][func.train][INFO] - [DATASET] Sampling video_idx: 31 at 25 fps to 3945 frames
[2024-04-30 18:01:22,267][func.train][INFO] - [DATASET] video 31 label_list: torch.Size([3945])
[2024-04-30 18:01:22,371][func.train][INFO] - [DATASET] Sampling video_idx: 32 at 25 fps to 2116 frames
[2024-04-30 18:01:22,372][func.train][INFO] - [DATASET] video 32 label_list: torch.Size([2116])
[2024-04-30 18:01:22,472][func.train][INFO] - [DATASET] Sampling video_idx: 33 at 25 fps to 1307 frames
[2024-04-30 18:01:22,472][func.train][INFO] - [DATASET] video 33 label_list: torch.Size([1307])
[2024-04-30 18:01:22,567][func.train][INFO] - [DATASET] Sampling video_idx: 34 at 25 fps to 1323 frames
[2024-04-30 18:01:22,568][func.train][INFO] - [DATASET] video 34 label_list: torch.Size([1323])
[2024-04-30 18:01:22,669][func.train][INFO] - [DATASET] Sampling video_idx: 35 at 25 fps to 2106 frames
[2024-04-30 18:01:22,669][func.train][INFO] - [DATASET] video 35 label_list: torch.Size([2106])
[2024-04-30 18:01:22,769][func.train][INFO] - [DATASET] Sampling video_idx: 36 at 25 fps to 2387 frames
[2024-04-30 18:01:22,770][func.train][INFO] - [DATASET] video 36 label_list: torch.Size([2387])
[2024-04-30 18:01:22,870][func.train][INFO] - [DATASET] Sampling video_idx: 37 at 25 fps to 1232 frames
[2024-04-30 18:01:22,871][func.train][INFO] - [DATASET] video 37 label_list: torch.Size([1232])
[2024-04-30 18:01:22,973][func.train][INFO] - [DATASET] Sampling video_idx: 38 at 25 fps to 3080 frames
[2024-04-30 18:01:22,974][func.train][INFO] - [DATASET] video 38 label_list: torch.Size([3080])
[2024-04-30 18:01:23,073][func.train][INFO] - [DATASET] Sampling video_idx: 39 at 25 fps to 1647 frames
[2024-04-30 18:01:23,073][func.train][INFO] - [DATASET] video 39 label_list: torch.Size([1647])
[2024-04-30 18:01:23,171][func.train][INFO] - [DATASET] Sampling video_idx: 40 at 25 fps to 2222 frames
[2024-04-30 18:01:23,172][func.train][INFO] - [DATASET] video 40 label_list: torch.Size([2222])
[2024-04-30 18:01:23,177][func.train][INFO] - [DATASET] number of train videos: 40
[2024-04-30 18:01:23,177][func.train][INFO] - [DATASET] avg video length: 35.96 minutes
[2024-04-30 18:01:24,301][func.train][INFO] - [DATASET] classes_counts: {0: 93902, 1: 922150, 2: 183225, 3: 602975, 4: 92900, 5: 180478, 6: 82010}
[2024-04-30 18:01:24,302][func.train][INFO] - [DATASET] num_eos_values: 651600.0 in 40 videos
[2024-04-30 18:01:24,303][func.train][INFO] - [DATASET] curr_class_weights: tensor([2.8722e+00, 2.9248e-01, 1.4720e+00, 4.4729e-01, 2.9032e+00, 1.4944e+00,
        3.2887e+00, 3.8529e+04])
[2024-04-30 18:01:25,724][func.train][INFO] - [DATASET] test size: 77576
[2024-04-30 18:01:25,724][func.train][INFO] - [DATASET] test video_indices: [41]
[2024-04-30 18:01:25,739][func.train][INFO] - [DATASET] Sampling video_idx: 41 at 25 fps to 3103 frames
[2024-04-30 18:01:25,740][func.train][INFO] - [DATASET] video 41 label_list: torch.Size([3103])
[2024-04-30 18:01:25,747][func.train][INFO] - [DATASET] number of test videos: 1
[2024-04-30 18:01:25,748][func.train][INFO] - [DATASET] avg video length: 51.72 minutes
[2024-04-30 18:01:27,173][func.train][INFO] - [DATASET] test size: 92801
[2024-04-30 18:01:27,173][func.train][INFO] - [DATASET] test video_indices: [42]
[2024-04-30 18:01:27,189][func.train][INFO] - [DATASET] Sampling video_idx: 42 at 25 fps to 3712 frames
[2024-04-30 18:01:27,190][func.train][INFO] - [DATASET] video 42 label_list: torch.Size([3712])
[2024-04-30 18:01:27,199][func.train][INFO] - [DATASET] number of test videos: 1
[2024-04-30 18:01:27,199][func.train][INFO] - [DATASET] avg video length: 61.87 minutes
[2024-04-30 18:01:29,778][func.train][INFO] - [DATASET] test size: 59051
[2024-04-30 18:01:29,779][func.train][INFO] - [DATASET] test video_indices: [43]
[2024-04-30 18:01:29,793][func.train][INFO] - [DATASET] Sampling video_idx: 43 at 25 fps to 2362 frames
[2024-04-30 18:01:29,795][func.train][INFO] - [DATASET] video 43 label_list: torch.Size([2362])
[2024-04-30 18:01:29,800][func.train][INFO] - [DATASET] number of test videos: 1
[2024-04-30 18:01:29,800][func.train][INFO] - [DATASET] avg video length: 39.37 minutes
[2024-04-30 18:03:25,225][func.train][INFO] - [DATASET] test size: 78176
[2024-04-30 18:03:25,226][func.train][INFO] - [DATASET] test video_indices: [44]
[2024-04-30 18:03:25,240][func.train][INFO] - [DATASET] Sampling video_idx: 44 at 25 fps to 3127 frames
[2024-04-30 18:03:25,241][func.train][INFO] - [DATASET] video 44 label_list: torch.Size([3127])
[2024-04-30 18:03:25,252][func.train][INFO] - [DATASET] number of test videos: 1
[2024-04-30 18:03:25,252][func.train][INFO] - [DATASET] avg video length: 52.12 minutes
[2024-04-30 18:03:26,980][func.train][INFO] - [DATASET] test size: 84676
[2024-04-30 18:03:26,980][func.train][INFO] - [DATASET] test video_indices: [45]
[2024-04-30 18:03:26,994][func.train][INFO] - [DATASET] Sampling video_idx: 45 at 25 fps to 3387 frames
[2024-04-30 18:03:26,995][func.train][INFO] - [DATASET] video 45 label_list: torch.Size([3387])
[2024-04-30 18:03:27,008][func.train][INFO] - [DATASET] number of test videos: 1
[2024-04-30 18:03:27,009][func.train][INFO] - [DATASET] avg video length: 56.45 minutes
[2024-04-30 18:03:28,430][func.train][INFO] - [DATASET] test size: 41326
[2024-04-30 18:03:28,431][func.train][INFO] - [DATASET] test video_indices: [46]
[2024-04-30 18:03:28,438][func.train][INFO] - [DATASET] Sampling video_idx: 46 at 25 fps to 1653 frames
[2024-04-30 18:03:28,438][func.train][INFO] - [DATASET] video 46 label_list: torch.Size([1653])
[2024-04-30 18:03:28,445][func.train][INFO] - [DATASET] number of test videos: 1
[2024-04-30 18:03:28,445][func.train][INFO] - [DATASET] avg video length: 27.55 minutes
[2024-04-30 18:03:29,867][func.train][INFO] - [DATASET] test size: 56476
[2024-04-30 18:03:29,867][func.train][INFO] - [DATASET] test video_indices: [47]
[2024-04-30 18:03:29,879][func.train][INFO] - [DATASET] Sampling video_idx: 47 at 25 fps to 2259 frames
[2024-04-30 18:03:29,880][func.train][INFO] - [DATASET] video 47 label_list: torch.Size([2259])
[2024-04-30 18:03:29,888][func.train][INFO] - [DATASET] number of test videos: 1
[2024-04-30 18:03:29,888][func.train][INFO] - [DATASET] avg video length: 37.65 minutes
[2024-04-30 18:03:31,493][func.train][INFO] - [DATASET] test size: 45851
[2024-04-30 18:03:31,493][func.train][INFO] - [DATASET] test video_indices: [48]
[2024-04-30 18:03:31,503][func.train][INFO] - [DATASET] Sampling video_idx: 48 at 25 fps to 1834 frames
[2024-04-30 18:03:31,504][func.train][INFO] - [DATASET] video 48 label_list: torch.Size([1834])
[2024-04-30 18:03:31,508][func.train][INFO] - [DATASET] number of test videos: 1
[2024-04-30 18:03:31,508][func.train][INFO] - [DATASET] avg video length: 30.57 minutes
[2024-04-30 18:03:33,461][func.train][INFO] - [DATASET] test size: 41776
[2024-04-30 18:03:33,461][func.train][INFO] - [DATASET] test video_indices: [49]
[2024-04-30 18:03:33,468][func.train][INFO] - [DATASET] Sampling video_idx: 49 at 25 fps to 1671 frames
[2024-04-30 18:03:33,469][func.train][INFO] - [DATASET] video 49 label_list: torch.Size([1671])
[2024-04-30 18:03:33,474][func.train][INFO] - [DATASET] number of test videos: 1
[2024-04-30 18:03:33,474][func.train][INFO] - [DATASET] avg video length: 27.85 minutes
[2024-04-30 18:03:34,923][func.train][INFO] - [DATASET] test size: 27351
[2024-04-30 18:03:34,924][func.train][INFO] - [DATASET] test video_indices: [50]
[2024-04-30 18:03:34,929][func.train][INFO] - [DATASET] Sampling video_idx: 50 at 25 fps to 1094 frames
[2024-04-30 18:03:34,930][func.train][INFO] - [DATASET] video 50 label_list: torch.Size([1094])
[2024-04-30 18:03:34,933][func.train][INFO] - [DATASET] number of test videos: 1
[2024-04-30 18:03:34,933][func.train][INFO] - [DATASET] avg video length: 18.23 minutes
[2024-04-30 18:03:36,515][func.train][INFO] - [DATASET] test size: 73601
[2024-04-30 18:03:36,515][func.train][INFO] - [DATASET] test video_indices: [51]
[2024-04-30 18:03:36,528][func.train][INFO] - [DATASET] Sampling video_idx: 51 at 25 fps to 2944 frames
[2024-04-30 18:03:36,528][func.train][INFO] - [DATASET] video 51 label_list: torch.Size([2944])
[2024-04-30 18:03:36,536][func.train][INFO] - [DATASET] number of test videos: 1
[2024-04-30 18:03:36,536][func.train][INFO] - [DATASET] avg video length: 49.07 minutes
[2024-04-30 18:03:38,052][func.train][INFO] - [DATASET] test size: 49151
[2024-04-30 18:03:38,052][func.train][INFO] - [DATASET] test video_indices: [52]
[2024-04-30 18:03:38,060][func.train][INFO] - [DATASET] Sampling video_idx: 52 at 25 fps to 1966 frames
[2024-04-30 18:03:38,061][func.train][INFO] - [DATASET] video 52 label_list: torch.Size([1966])
[2024-04-30 18:03:38,066][func.train][INFO] - [DATASET] number of test videos: 1
[2024-04-30 18:03:38,066][func.train][INFO] - [DATASET] avg video length: 32.77 minutes
[2024-04-30 18:03:39,512][func.train][INFO] - [DATASET] test size: 82076
[2024-04-30 18:03:39,513][func.train][INFO] - [DATASET] test video_indices: [53]
[2024-04-30 18:03:39,527][func.train][INFO] - [DATASET] Sampling video_idx: 53 at 25 fps to 3283 frames
[2024-04-30 18:03:39,528][func.train][INFO] - [DATASET] video 53 label_list: torch.Size([3283])
[2024-04-30 18:03:39,535][func.train][INFO] - [DATASET] number of test videos: 1
[2024-04-30 18:03:39,535][func.train][INFO] - [DATASET] avg video length: 54.72 minutes
[2024-04-30 18:03:40,920][func.train][INFO] - [DATASET] test size: 77501
[2024-04-30 18:03:40,920][func.train][INFO] - [DATASET] test video_indices: [54]
[2024-04-30 18:03:40,934][func.train][INFO] - [DATASET] Sampling video_idx: 54 at 25 fps to 3100 frames
[2024-04-30 18:03:40,935][func.train][INFO] - [DATASET] video 54 label_list: torch.Size([3100])
[2024-04-30 18:03:40,941][func.train][INFO] - [DATASET] number of test videos: 1
[2024-04-30 18:03:40,941][func.train][INFO] - [DATASET] avg video length: 51.67 minutes
[2024-04-30 18:03:42,556][func.train][INFO] - [DATASET] test size: 25926
[2024-04-30 18:03:42,556][func.train][INFO] - [DATASET] test video_indices: [55]
[2024-04-30 18:03:42,561][func.train][INFO] - [DATASET] Sampling video_idx: 55 at 25 fps to 1037 frames
[2024-04-30 18:03:42,562][func.train][INFO] - [DATASET] video 55 label_list: torch.Size([1037])
[2024-04-30 18:03:42,565][func.train][INFO] - [DATASET] number of test videos: 1
[2024-04-30 18:03:42,565][func.train][INFO] - [DATASET] avg video length: 17.28 minutes
[2024-04-30 18:03:44,057][func.train][INFO] - [DATASET] test size: 45851
[2024-04-30 18:03:44,058][func.train][INFO] - [DATASET] test video_indices: [56]
[2024-04-30 18:03:44,067][func.train][INFO] - [DATASET] Sampling video_idx: 56 at 25 fps to 1834 frames
[2024-04-30 18:03:44,068][func.train][INFO] - [DATASET] video 56 label_list: torch.Size([1834])
[2024-04-30 18:03:44,072][func.train][INFO] - [DATASET] number of test videos: 1
[2024-04-30 18:03:44,072][func.train][INFO] - [DATASET] avg video length: 30.57 minutes
[2024-04-30 18:03:45,532][func.train][INFO] - [DATASET] test size: 65801
[2024-04-30 18:03:45,532][func.train][INFO] - [DATASET] test video_indices: [57]
[2024-04-30 18:03:45,544][func.train][INFO] - [DATASET] Sampling video_idx: 57 at 25 fps to 2632 frames
[2024-04-30 18:03:45,545][func.train][INFO] - [DATASET] video 57 label_list: torch.Size([2632])
[2024-04-30 18:03:45,551][func.train][INFO] - [DATASET] number of test videos: 1
[2024-04-30 18:03:45,552][func.train][INFO] - [DATASET] avg video length: 43.87 minutes
[2024-04-30 18:03:46,969][func.train][INFO] - [DATASET] test size: 149826
[2024-04-30 18:03:46,969][func.train][INFO] - [DATASET] test video_indices: [58]
[2024-04-30 18:03:46,994][func.train][INFO] - [DATASET] Sampling video_idx: 58 at 25 fps to 5993 frames
[2024-04-30 18:03:46,995][func.train][INFO] - [DATASET] video 58 label_list: torch.Size([5993])
[2024-04-30 18:03:47,025][func.train][INFO] - [DATASET] number of test videos: 1
[2024-04-30 18:03:47,025][func.train][INFO] - [DATASET] avg video length: 99.88 minutes
[2024-04-30 18:03:48,401][func.train][INFO] - [DATASET] test size: 26151
[2024-04-30 18:03:48,401][func.train][INFO] - [DATASET] test video_indices: [59]
[2024-04-30 18:03:48,405][func.train][INFO] - [DATASET] Sampling video_idx: 59 at 25 fps to 1046 frames
[2024-04-30 18:03:48,406][func.train][INFO] - [DATASET] video 59 label_list: torch.Size([1046])
[2024-04-30 18:03:48,411][func.train][INFO] - [DATASET] number of test videos: 1
[2024-04-30 18:03:48,412][func.train][INFO] - [DATASET] avg video length: 17.43 minutes
[2024-04-30 18:03:49,846][func.train][INFO] - [DATASET] test size: 63301
[2024-04-30 18:03:49,846][func.train][INFO] - [DATASET] test video_indices: [60]
[2024-04-30 18:03:49,858][func.train][INFO] - [DATASET] Sampling video_idx: 60 at 25 fps to 2532 frames
[2024-04-30 18:03:49,859][func.train][INFO] - [DATASET] video 60 label_list: torch.Size([2532])
[2024-04-30 18:03:49,863][func.train][INFO] - [DATASET] number of test videos: 1
[2024-04-30 18:03:49,863][func.train][INFO] - [DATASET] avg video length: 42.20 minutes
[2024-04-30 18:03:51,363][func.train][INFO] - [DATASET] test size: 110226
[2024-04-30 18:03:51,363][func.train][INFO] - [DATASET] test video_indices: [61]
[2024-04-30 18:03:51,384][func.train][INFO] - [DATASET] Sampling video_idx: 61 at 25 fps to 4409 frames
[2024-04-30 18:03:51,385][func.train][INFO] - [DATASET] video 61 label_list: torch.Size([4409])
[2024-04-30 18:03:51,394][func.train][INFO] - [DATASET] number of test videos: 1
[2024-04-30 18:03:51,394][func.train][INFO] - [DATASET] avg video length: 73.48 minutes
[2024-04-30 18:03:52,784][func.train][INFO] - [DATASET] test size: 50801
[2024-04-30 18:03:52,785][func.train][INFO] - [DATASET] test video_indices: [62]
[2024-04-30 18:03:52,793][func.train][INFO] - [DATASET] Sampling video_idx: 62 at 25 fps to 2032 frames
[2024-04-30 18:03:52,794][func.train][INFO] - [DATASET] video 62 label_list: torch.Size([2032])
[2024-04-30 18:03:52,800][func.train][INFO] - [DATASET] number of test videos: 1
[2024-04-30 18:03:52,800][func.train][INFO] - [DATASET] avg video length: 33.87 minutes
[2024-04-30 18:03:54,407][func.train][INFO] - [DATASET] test size: 85826
[2024-04-30 18:03:54,407][func.train][INFO] - [DATASET] test video_indices: [63]
[2024-04-30 18:03:54,423][func.train][INFO] - [DATASET] Sampling video_idx: 63 at 25 fps to 3433 frames
[2024-04-30 18:03:54,424][func.train][INFO] - [DATASET] video 63 label_list: torch.Size([3433])
[2024-04-30 18:03:54,439][func.train][INFO] - [DATASET] number of test videos: 1
[2024-04-30 18:03:54,439][func.train][INFO] - [DATASET] avg video length: 57.22 minutes
[2024-04-30 18:03:55,825][func.train][INFO] - [DATASET] test size: 59951
[2024-04-30 18:03:55,826][func.train][INFO] - [DATASET] test video_indices: [64]
[2024-04-30 18:03:55,837][func.train][INFO] - [DATASET] Sampling video_idx: 64 at 25 fps to 2398 frames
[2024-04-30 18:03:55,838][func.train][INFO] - [DATASET] video 64 label_list: torch.Size([2398])
[2024-04-30 18:03:55,843][func.train][INFO] - [DATASET] number of test videos: 1
[2024-04-30 18:03:55,843][func.train][INFO] - [DATASET] avg video length: 39.97 minutes
[2024-04-30 18:03:57,477][func.train][INFO] - [DATASET] test size: 46826
[2024-04-30 18:03:57,478][func.train][INFO] - [DATASET] test video_indices: [65]
[2024-04-30 18:03:57,486][func.train][INFO] - [DATASET] Sampling video_idx: 65 at 25 fps to 1873 frames
[2024-04-30 18:03:57,487][func.train][INFO] - [DATASET] video 65 label_list: torch.Size([1873])
[2024-04-30 18:03:57,491][func.train][INFO] - [DATASET] number of test videos: 1
[2024-04-30 18:03:57,491][func.train][INFO] - [DATASET] avg video length: 31.22 minutes
[2024-04-30 18:03:59,026][func.train][INFO] - [DATASET] test size: 45601
[2024-04-30 18:03:59,026][func.train][INFO] - [DATASET] test video_indices: [66]
[2024-04-30 18:03:59,035][func.train][INFO] - [DATASET] Sampling video_idx: 66 at 25 fps to 1824 frames
[2024-04-30 18:03:59,036][func.train][INFO] - [DATASET] video 66 label_list: torch.Size([1824])
[2024-04-30 18:03:59,040][func.train][INFO] - [DATASET] number of test videos: 1
[2024-04-30 18:03:59,040][func.train][INFO] - [DATASET] avg video length: 30.40 minutes
[2024-04-30 18:04:00,790][func.train][INFO] - [DATASET] test size: 58826
[2024-04-30 18:04:00,790][func.train][INFO] - [DATASET] test video_indices: [67]
[2024-04-30 18:04:00,800][func.train][INFO] - [DATASET] Sampling video_idx: 67 at 25 fps to 2353 frames
[2024-04-30 18:04:00,801][func.train][INFO] - [DATASET] video 67 label_list: torch.Size([2353])
[2024-04-30 18:04:00,805][func.train][INFO] - [DATASET] number of test videos: 1
[2024-04-30 18:04:00,805][func.train][INFO] - [DATASET] avg video length: 39.22 minutes
[2024-04-30 18:04:02,174][func.train][INFO] - [DATASET] test size: 49301
[2024-04-30 18:04:02,174][func.train][INFO] - [DATASET] test video_indices: [68]
[2024-04-30 18:04:02,182][func.train][INFO] - [DATASET] Sampling video_idx: 68 at 25 fps to 1972 frames
[2024-04-30 18:04:02,183][func.train][INFO] - [DATASET] video 68 label_list: torch.Size([1972])
[2024-04-30 18:04:02,187][func.train][INFO] - [DATASET] number of test videos: 1
[2024-04-30 18:04:02,188][func.train][INFO] - [DATASET] avg video length: 32.87 minutes
[2024-04-30 18:04:03,822][func.train][INFO] - [DATASET] test size: 114376
[2024-04-30 18:04:03,822][func.train][INFO] - [DATASET] test video_indices: [69]
[2024-04-30 18:04:03,842][func.train][INFO] - [DATASET] Sampling video_idx: 69 at 25 fps to 4575 frames
[2024-04-30 18:04:03,843][func.train][INFO] - [DATASET] video 69 label_list: torch.Size([4575])
[2024-04-30 18:04:03,854][func.train][INFO] - [DATASET] number of test videos: 1
[2024-04-30 18:04:03,855][func.train][INFO] - [DATASET] avg video length: 76.25 minutes
[2024-04-30 18:04:05,668][func.train][INFO] - [DATASET] test size: 29851
[2024-04-30 18:04:05,668][func.train][INFO] - [DATASET] test video_indices: [70]
[2024-04-30 18:04:05,673][func.train][INFO] - [DATASET] Sampling video_idx: 70 at 25 fps to 1194 frames
[2024-04-30 18:04:05,674][func.train][INFO] - [DATASET] video 70 label_list: torch.Size([1194])
[2024-04-30 18:04:05,678][func.train][INFO] - [DATASET] number of test videos: 1
[2024-04-30 18:04:05,678][func.train][INFO] - [DATASET] avg video length: 19.90 minutes
[2024-04-30 18:04:37,395][func.train][INFO] - [DATASET] test size: 62876
[2024-04-30 18:04:37,395][func.train][INFO] - [DATASET] test video_indices: [71]
[2024-04-30 18:04:37,407][func.train][INFO] - [DATASET] Sampling video_idx: 71 at 25 fps to 2515 frames
[2024-04-30 18:04:37,408][func.train][INFO] - [DATASET] video 71 label_list: torch.Size([2515])
[2024-04-30 18:04:37,421][func.train][INFO] - [DATASET] number of test videos: 1
[2024-04-30 18:04:37,422][func.train][INFO] - [DATASET] avg video length: 41.92 minutes
[2024-04-30 18:04:38,863][func.train][INFO] - [DATASET] test size: 77651
[2024-04-30 18:04:38,863][func.train][INFO] - [DATASET] test video_indices: [72]
[2024-04-30 18:04:38,877][func.train][INFO] - [DATASET] Sampling video_idx: 72 at 25 fps to 3106 frames
[2024-04-30 18:04:38,878][func.train][INFO] - [DATASET] video 72 label_list: torch.Size([3106])
[2024-04-30 18:04:38,884][func.train][INFO] - [DATASET] number of test videos: 1
[2024-04-30 18:04:38,884][func.train][INFO] - [DATASET] avg video length: 51.77 minutes
[2024-04-30 18:04:40,429][func.train][INFO] - [DATASET] test size: 33901
[2024-04-30 18:04:40,429][func.train][INFO] - [DATASET] test video_indices: [73]
[2024-04-30 18:04:40,436][func.train][INFO] - [DATASET] Sampling video_idx: 73 at 25 fps to 1356 frames
[2024-04-30 18:04:40,437][func.train][INFO] - [DATASET] video 73 label_list: torch.Size([1356])
[2024-04-30 18:04:40,440][func.train][INFO] - [DATASET] number of test videos: 1
[2024-04-30 18:04:40,440][func.train][INFO] - [DATASET] avg video length: 22.60 minutes
[2024-04-30 18:04:42,111][func.train][INFO] - [DATASET] test size: 40851
[2024-04-30 18:04:42,111][func.train][INFO] - [DATASET] test video_indices: [74]
[2024-04-30 18:04:42,118][func.train][INFO] - [DATASET] Sampling video_idx: 74 at 25 fps to 1634 frames
[2024-04-30 18:04:42,118][func.train][INFO] - [DATASET] video 74 label_list: torch.Size([1634])
[2024-04-30 18:04:42,146][func.train][INFO] - [DATASET] number of test videos: 1
[2024-04-30 18:04:42,147][func.train][INFO] - [DATASET] avg video length: 27.23 minutes
[2024-04-30 18:04:43,625][func.train][INFO] - [DATASET] test size: 48076
[2024-04-30 18:04:43,625][func.train][INFO] - [DATASET] test video_indices: [75]
[2024-04-30 18:04:43,633][func.train][INFO] - [DATASET] Sampling video_idx: 75 at 25 fps to 1923 frames
[2024-04-30 18:04:43,634][func.train][INFO] - [DATASET] video 75 label_list: torch.Size([1923])
[2024-04-30 18:04:43,638][func.train][INFO] - [DATASET] number of test videos: 1
[2024-04-30 18:04:43,638][func.train][INFO] - [DATASET] avg video length: 32.05 minutes
[2024-04-30 18:04:45,533][func.train][INFO] - [DATASET] test size: 66226
[2024-04-30 18:04:45,534][func.train][INFO] - [DATASET] test video_indices: [76]
[2024-04-30 18:04:45,547][func.train][INFO] - [DATASET] Sampling video_idx: 76 at 25 fps to 2649 frames
[2024-04-30 18:04:45,548][func.train][INFO] - [DATASET] video 76 label_list: torch.Size([2649])
[2024-04-30 18:04:45,553][func.train][INFO] - [DATASET] number of test videos: 1
[2024-04-30 18:04:45,553][func.train][INFO] - [DATASET] avg video length: 44.15 minutes
[2024-04-30 18:04:46,955][func.train][INFO] - [DATASET] test size: 62551
[2024-04-30 18:04:46,956][func.train][INFO] - [DATASET] test video_indices: [77]
[2024-04-30 18:04:46,967][func.train][INFO] - [DATASET] Sampling video_idx: 77 at 25 fps to 2502 frames
[2024-04-30 18:04:46,968][func.train][INFO] - [DATASET] video 77 label_list: torch.Size([2502])
[2024-04-30 18:04:46,975][func.train][INFO] - [DATASET] number of test videos: 1
[2024-04-30 18:04:46,975][func.train][INFO] - [DATASET] avg video length: 41.70 minutes
[2024-04-30 18:04:48,524][func.train][INFO] - [DATASET] test size: 18476
[2024-04-30 18:04:48,525][func.train][INFO] - [DATASET] test video_indices: [78]
[2024-04-30 18:04:48,528][func.train][INFO] - [DATASET] Sampling video_idx: 78 at 25 fps to 739 frames
[2024-04-30 18:04:48,528][func.train][INFO] - [DATASET] video 78 label_list: torch.Size([739])
[2024-04-30 18:04:48,533][func.train][INFO] - [DATASET] number of test videos: 1
[2024-04-30 18:04:48,533][func.train][INFO] - [DATASET] avg video length: 12.32 minutes
[2024-04-30 18:04:50,037][func.train][INFO] - [DATASET] test size: 85351
[2024-04-30 18:04:50,037][func.train][INFO] - [DATASET] test video_indices: [79]
[2024-04-30 18:04:50,051][func.train][INFO] - [DATASET] Sampling video_idx: 79 at 25 fps to 3414 frames
[2024-04-30 18:04:50,052][func.train][INFO] - [DATASET] video 79 label_list: torch.Size([3414])
[2024-04-30 18:04:50,059][func.train][INFO] - [DATASET] number of test videos: 1
[2024-04-30 18:04:50,059][func.train][INFO] - [DATASET] avg video length: 56.90 minutes
[2024-04-30 18:04:52,270][func.train][INFO] - [DATASET] test size: 43101
[2024-04-30 18:04:52,270][func.train][INFO] - [DATASET] test video_indices: [80]
[2024-04-30 18:04:52,278][func.train][INFO] - [DATASET] Sampling video_idx: 80 at 25 fps to 1724 frames
[2024-04-30 18:04:52,278][func.train][INFO] - [DATASET] video 80 label_list: torch.Size([1724])
[2024-04-30 18:04:52,282][func.train][INFO] - [DATASET] number of test videos: 1
[2024-04-30 18:04:52,283][func.train][INFO] - [DATASET] avg video length: 28.73 minutes
[2024-04-30 18:04:52,297][func.train][INFO] - Time to load datasets: 3.92 min
[2024-04-30 18:04:52,298][func.train][INFO] - Creating data loaders
[2024-04-30 18:04:52,301][func.train][INFO] - Creating model with {'one': 7} classes
[2024-04-30 18:04:53,109][func.train][INFO] - [MAIN] Number of tokens: 86304
[2024-04-30 18:04:53,110][func.train][INFO] - [MAIN] Number of parameters: 17790039
[2024-04-30 18:04:53,110][func.train][INFO] - [MAIN] Token-to-Parameter Ratio is ideally between [1:1 to 10:1]: 0.004851
[2024-04-30 18:04:53,110][func.train][WARNING] - [MAIN] Data-to-Parameter-Ratio is outside the interval [1:1 to 10:1]
[2024-04-30 18:04:53,111][func.train][INFO] - Using LR 0.000300 WD 0.000010 for parameters
[2024-04-30 18:04:53,111][func.train][INFO] - Using LR 0.000300 WD 0.000010 for parameters
[2024-04-30 18:04:53,116][func.train][INFO] - Wrapping model into DP
[2024-04-30 18:04:53,197][func.train][INFO] - Start training
[2024-04-30 18:04:53,200][func.train][INFO] - Storing checkpoints every 60.00 mins
[2024-04-30 18:04:53,238][func.train][INFO] - [DATASET] EOS padding on next frames: 34
